<?xml version="1.0" encoding="UTF-8"?>
<robot generator="Robot 6.1.1 (Python 3.13.9 on win32)" generated="20260122 17:50:09.746" rpa="false" schemaversion="4">
<suite id="s1" name="Treks Tours" source="C:\Users\Swarup Dahal\PycharmProjects\trail-quest\tests\treks_tours.robot">
<test id="s1-t1" name="Treks and Tours Test" line="9">
<kw name="Open Homepage" library="home_page">
<kw name="Open Browser To Application" library="browser">
<kw name="Evaluate" library="BuiltIn">
<var>${chrome_options}</var>
<arg>selenium.webdriver.ChromeOptions()</arg>
<arg>modules=selenium.webdriver</arg>
<doc>Evaluates the given expression in Python and returns the result.</doc>
<msg timestamp="20260122 17:50:10.250" level="INFO">${chrome_options} = &lt;selenium.webdriver.chrome.options.Options object at 0x0000026C52C9B620&gt;</msg>
<status status="PASS" starttime="20260122 17:50:10.250" endtime="20260122 17:50:10.250"/>
</kw>
<kw name="Create List" library="BuiltIn">
<var>${args}</var>
<arg>--window-size=1920,1080</arg>
<arg>--start-maximized</arg>
<arg>--no-sandbox</arg>
<arg>--disable-dev-shm-usage</arg>
<arg>--disable-gpu</arg>
<arg>--disable-software-rasterizer</arg>
<arg>--remote-debugging-port=9222</arg>
<arg>--disable-extensions</arg>
<arg>--disable-setuid-sandbox</arg>
<doc>Returns a list containing given items.</doc>
<msg timestamp="20260122 17:50:10.251" level="INFO">${args} = ['--window-size=1920,1080', '--start-maximized', '--no-sandbox', '--disable-dev-shm-usage', '--disable-gpu', '--disable-software-rasterizer', '--remote-debugging-port=9222', '--disable-extensions', '-...</msg>
<status status="PASS" starttime="20260122 17:50:10.250" endtime="20260122 17:50:10.251"/>
</kw>
<for flavor="IN">
<var>${arg}</var>
<value>@{args}</value>
<iter>
<var name="${arg}">--window-size=1920,1080</var>
<kw name="Call Method" library="BuiltIn">
<arg>${chrome_options}</arg>
<arg>add_argument</arg>
<arg>${arg}</arg>
<doc>Calls the named method of the given object with the provided arguments.</doc>
<status status="PASS" starttime="20260122 17:50:10.251" endtime="20260122 17:50:10.251"/>
</kw>
<status status="PASS" starttime="20260122 17:50:10.251" endtime="20260122 17:50:10.251"/>
</iter>
<iter>
<var name="${arg}">--start-maximized</var>
<kw name="Call Method" library="BuiltIn">
<arg>${chrome_options}</arg>
<arg>add_argument</arg>
<arg>${arg}</arg>
<doc>Calls the named method of the given object with the provided arguments.</doc>
<status status="PASS" starttime="20260122 17:50:10.251" endtime="20260122 17:50:10.252"/>
</kw>
<status status="PASS" starttime="20260122 17:50:10.251" endtime="20260122 17:50:10.252"/>
</iter>
<iter>
<var name="${arg}">--no-sandbox</var>
<kw name="Call Method" library="BuiltIn">
<arg>${chrome_options}</arg>
<arg>add_argument</arg>
<arg>${arg}</arg>
<doc>Calls the named method of the given object with the provided arguments.</doc>
<status status="PASS" starttime="20260122 17:50:10.252" endtime="20260122 17:50:10.252"/>
</kw>
<status status="PASS" starttime="20260122 17:50:10.252" endtime="20260122 17:50:10.252"/>
</iter>
<iter>
<var name="${arg}">--disable-dev-shm-usage</var>
<kw name="Call Method" library="BuiltIn">
<arg>${chrome_options}</arg>
<arg>add_argument</arg>
<arg>${arg}</arg>
<doc>Calls the named method of the given object with the provided arguments.</doc>
<status status="PASS" starttime="20260122 17:50:10.252" endtime="20260122 17:50:10.252"/>
</kw>
<status status="PASS" starttime="20260122 17:50:10.252" endtime="20260122 17:50:10.253"/>
</iter>
<iter>
<var name="${arg}">--disable-gpu</var>
<kw name="Call Method" library="BuiltIn">
<arg>${chrome_options}</arg>
<arg>add_argument</arg>
<arg>${arg}</arg>
<doc>Calls the named method of the given object with the provided arguments.</doc>
<status status="PASS" starttime="20260122 17:50:10.253" endtime="20260122 17:50:10.253"/>
</kw>
<status status="PASS" starttime="20260122 17:50:10.253" endtime="20260122 17:50:10.253"/>
</iter>
<iter>
<var name="${arg}">--disable-software-rasterizer</var>
<kw name="Call Method" library="BuiltIn">
<arg>${chrome_options}</arg>
<arg>add_argument</arg>
<arg>${arg}</arg>
<doc>Calls the named method of the given object with the provided arguments.</doc>
<status status="PASS" starttime="20260122 17:50:10.253" endtime="20260122 17:50:10.253"/>
</kw>
<status status="PASS" starttime="20260122 17:50:10.253" endtime="20260122 17:50:10.253"/>
</iter>
<iter>
<var name="${arg}">--remote-debugging-port=9222</var>
<kw name="Call Method" library="BuiltIn">
<arg>${chrome_options}</arg>
<arg>add_argument</arg>
<arg>${arg}</arg>
<doc>Calls the named method of the given object with the provided arguments.</doc>
<status status="PASS" starttime="20260122 17:50:10.254" endtime="20260122 17:50:10.254"/>
</kw>
<status status="PASS" starttime="20260122 17:50:10.253" endtime="20260122 17:50:10.254"/>
</iter>
<iter>
<var name="${arg}">--disable-extensions</var>
<kw name="Call Method" library="BuiltIn">
<arg>${chrome_options}</arg>
<arg>add_argument</arg>
<arg>${arg}</arg>
<doc>Calls the named method of the given object with the provided arguments.</doc>
<status status="PASS" starttime="20260122 17:50:10.254" endtime="20260122 17:50:10.254"/>
</kw>
<status status="PASS" starttime="20260122 17:50:10.254" endtime="20260122 17:50:10.254"/>
</iter>
<iter>
<var name="${arg}">--disable-setuid-sandbox</var>
<kw name="Call Method" library="BuiltIn">
<arg>${chrome_options}</arg>
<arg>add_argument</arg>
<arg>${arg}</arg>
<doc>Calls the named method of the given object with the provided arguments.</doc>
<status status="PASS" starttime="20260122 17:50:10.255" endtime="20260122 17:50:10.255"/>
</kw>
<status status="PASS" starttime="20260122 17:50:10.255" endtime="20260122 17:50:10.255"/>
</iter>
<status status="PASS" starttime="20260122 17:50:10.251" endtime="20260122 17:50:10.255"/>
</for>
<kw name="Open Browser" library="SeleniumLibrary">
<arg>${BASE_URL}</arg>
<arg>${BROWSER}</arg>
<arg>options=${chrome_options}</arg>
<doc>Opens a new browser instance to the optional ``url``.</doc>
<msg timestamp="20260122 17:50:10.256" level="INFO">Opening browser 'Chrome' to base url 'https://trailquest.global/'.</msg>
<status status="PASS" starttime="20260122 17:50:10.255" endtime="20260122 17:50:24.179"/>
</kw>
<status status="PASS" starttime="20260122 17:50:10.249" endtime="20260122 17:50:24.179"/>
</kw>
<kw name="Sleep" library="BuiltIn">
<arg>2s</arg>
<doc>Pauses the test executed for the given time.</doc>
<msg timestamp="20260122 17:50:26.181" level="INFO">Slept 2 seconds</msg>
<status status="PASS" starttime="20260122 17:50:24.180" endtime="20260122 17:50:26.182"/>
</kw>
<status status="PASS" starttime="20260122 17:50:10.249" endtime="20260122 17:50:26.182"/>
</kw>
<kw name="Test The Push Your Limit" library="treks_tours">
<kw name="Verify Logo Is Visible" library="home_page">
<kw name="Wait Until Element Is Visible" library="SeleniumLibrary">
<arg>${logo}</arg>
<doc>Waits until the element ``locator`` is visible.</doc>
<status status="PASS" starttime="20260122 17:50:26.183" endtime="20260122 17:50:26.211"/>
</kw>
<kw name="Sleep" library="BuiltIn">
<arg>2s</arg>
<doc>Pauses the test executed for the given time.</doc>
<msg timestamp="20260122 17:50:28.213" level="INFO">Slept 2 seconds</msg>
<status status="PASS" starttime="20260122 17:50:26.212" endtime="20260122 17:50:28.213"/>
</kw>
<status status="PASS" starttime="20260122 17:50:26.183" endtime="20260122 17:50:28.213"/>
</kw>
<kw name="Open Trek And Tours Menu" library="home_page">
<kw name="Wait And Click" library="keywords">
<arg>${trek_and_tours}</arg>
<doc>Waits until element is visible &amp; enabled, scrolls into view, clicks, fallback to JS if normal click fails</doc>
<kw name="Wait Until Element Is Visible" library="SeleniumLibrary">
<arg>${locator}</arg>
<arg>${timeout}</arg>
<doc>Waits until the element ``locator`` is visible.</doc>
<status status="PASS" starttime="20260122 17:50:28.215" endtime="20260122 17:50:28.241"/>
</kw>
<kw name="Wait Until Element Is Enabled" library="SeleniumLibrary">
<arg>${locator}</arg>
<arg>${timeout}</arg>
<doc>Waits until the element ``locator`` is enabled.</doc>
<status status="PASS" starttime="20260122 17:50:28.241" endtime="20260122 17:50:28.273"/>
</kw>
<kw name="Scroll Element Into View" library="SeleniumLibrary">
<arg>${locator}</arg>
<doc>Scrolls the element identified by ``locator`` into view.</doc>
<status status="PASS" starttime="20260122 17:50:28.273" endtime="20260122 17:50:28.566"/>
</kw>
<kw name="Run Keyword And Return Status" library="BuiltIn">
<var>${clicked}</var>
<arg>Click Element</arg>
<arg>${locator}</arg>
<doc>Runs the given keyword with given arguments and returns the status as a Boolean value.</doc>
<kw name="Click Element" library="SeleniumLibrary">
<arg>${locator}</arg>
<doc>Click the element identified by ``locator``.</doc>
<msg timestamp="20260122 17:50:28.567" level="INFO">Clicking element 'xpath=/html/body/div[1]/header/div[1]/div/div/div/div/div[2]/div[2]/ul/li[2]/a/i'.</msg>
<status status="PASS" starttime="20260122 17:50:28.567" endtime="20260122 17:50:28.634"/>
</kw>
<msg timestamp="20260122 17:50:28.634" level="INFO">${clicked} = True</msg>
<status status="PASS" starttime="20260122 17:50:28.567" endtime="20260122 17:50:28.634"/>
</kw>
<if>
<branch type="IF" condition="not ${clicked}">
<kw name="Log" library="BuiltIn">
<arg>Using JS click fallback for ${locator}</arg>
<doc>Logs the given message with the given level.</doc>
<status status="NOT RUN" starttime="20260122 17:50:28.634" endtime="20260122 17:50:28.635"/>
</kw>
<kw name="Execute Javascript" library="SeleniumLibrary">
<arg>arguments[0].click();</arg>
<arg>document.evaluate("${locator.replace('xpath=','')}", document, null, XPathResult.FIRST_ORDERED_NODE_TYPE, null).singleNodeValue</arg>
<doc>Executes the given JavaScript code with possible arguments.</doc>
<status status="NOT RUN" starttime="20260122 17:50:28.635" endtime="20260122 17:50:28.635"/>
</kw>
<status status="NOT RUN" starttime="20260122 17:50:28.634" endtime="20260122 17:50:28.635"/>
</branch>
<status status="PASS" starttime="20260122 17:50:28.634" endtime="20260122 17:50:28.635"/>
</if>
<status status="PASS" starttime="20260122 17:50:28.214" endtime="20260122 17:50:28.635"/>
</kw>
<kw name="Sleep" library="BuiltIn">
<arg>2s</arg>
<doc>Pauses the test executed for the given time.</doc>
<msg timestamp="20260122 17:50:30.636" level="INFO">Slept 2 seconds</msg>
<status status="PASS" starttime="20260122 17:50:28.635" endtime="20260122 17:50:30.636"/>
</kw>
<status status="PASS" starttime="20260122 17:50:28.214" endtime="20260122 17:50:30.636"/>
</kw>
<kw name="Click Push Your Limit" library="home_page">
<kw name="Wait And Click" library="keywords">
<arg>${push_your_limit}</arg>
<doc>Waits until element is visible &amp; enabled, scrolls into view, clicks, fallback to JS if normal click fails</doc>
<kw name="Wait Until Element Is Visible" library="SeleniumLibrary">
<arg>${locator}</arg>
<arg>${timeout}</arg>
<doc>Waits until the element ``locator`` is visible.</doc>
<status status="PASS" starttime="20260122 17:50:30.637" endtime="20260122 17:50:30.666"/>
</kw>
<kw name="Wait Until Element Is Enabled" library="SeleniumLibrary">
<arg>${locator}</arg>
<arg>${timeout}</arg>
<doc>Waits until the element ``locator`` is enabled.</doc>
<status status="PASS" starttime="20260122 17:50:30.666" endtime="20260122 17:50:30.685"/>
</kw>
<kw name="Scroll Element Into View" library="SeleniumLibrary">
<arg>${locator}</arg>
<doc>Scrolls the element identified by ``locator`` into view.</doc>
<status status="PASS" starttime="20260122 17:50:30.685" endtime="20260122 17:50:30.985"/>
</kw>
<kw name="Run Keyword And Return Status" library="BuiltIn">
<var>${clicked}</var>
<arg>Click Element</arg>
<arg>${locator}</arg>
<doc>Runs the given keyword with given arguments and returns the status as a Boolean value.</doc>
<kw name="Click Element" library="SeleniumLibrary">
<arg>${locator}</arg>
<doc>Click the element identified by ``locator``.</doc>
<msg timestamp="20260122 17:50:30.986" level="INFO">Clicking element 'xpath=/html/body/div[1]/header/div[1]/div/div/div/div/div[2]/div[2]/ul/li[2]/ul/li[2]/a'.</msg>
<status status="PASS" starttime="20260122 17:50:30.985" endtime="20260122 17:50:35.486"/>
</kw>
<msg timestamp="20260122 17:50:35.486" level="INFO">${clicked} = True</msg>
<status status="PASS" starttime="20260122 17:50:30.985" endtime="20260122 17:50:35.486"/>
</kw>
<if>
<branch type="IF" condition="not ${clicked}">
<kw name="Log" library="BuiltIn">
<arg>Using JS click fallback for ${locator}</arg>
<doc>Logs the given message with the given level.</doc>
<status status="NOT RUN" starttime="20260122 17:50:35.487" endtime="20260122 17:50:35.487"/>
</kw>
<kw name="Execute Javascript" library="SeleniumLibrary">
<arg>arguments[0].click();</arg>
<arg>document.evaluate("${locator.replace('xpath=','')}", document, null, XPathResult.FIRST_ORDERED_NODE_TYPE, null).singleNodeValue</arg>
<doc>Executes the given JavaScript code with possible arguments.</doc>
<status status="NOT RUN" starttime="20260122 17:50:35.487" endtime="20260122 17:50:35.487"/>
</kw>
<status status="NOT RUN" starttime="20260122 17:50:35.486" endtime="20260122 17:50:35.487"/>
</branch>
<status status="PASS" starttime="20260122 17:50:35.486" endtime="20260122 17:50:35.487"/>
</if>
<status status="PASS" starttime="20260122 17:50:30.637" endtime="20260122 17:50:35.487"/>
</kw>
<kw name="Sleep" library="BuiltIn">
<arg>2s</arg>
<doc>Pauses the test executed for the given time.</doc>
<msg timestamp="20260122 17:50:37.488" level="INFO">Slept 2 seconds</msg>
<status status="PASS" starttime="20260122 17:50:35.487" endtime="20260122 17:50:37.488"/>
</kw>
<status status="PASS" starttime="20260122 17:50:30.636" endtime="20260122 17:50:37.488"/>
</kw>
<kw name="Go Down to" library="treks_tours">
<kw name="Scroll Element Into View" library="SeleniumLibrary">
<arg>${header}</arg>
<doc>Scrolls the element identified by ``locator`` into view.</doc>
<status status="PASS" starttime="20260122 17:50:37.488" endtime="20260122 17:50:37.766"/>
</kw>
<kw name="Sleep" library="BuiltIn">
<arg>2s</arg>
<doc>Pauses the test executed for the given time.</doc>
<msg timestamp="20260122 17:50:39.767" level="INFO">Slept 2 seconds</msg>
<status status="PASS" starttime="20260122 17:50:37.766" endtime="20260122 17:50:39.767"/>
</kw>
<status status="PASS" starttime="20260122 17:50:37.488" endtime="20260122 17:50:39.767"/>
</kw>
<kw name="Click Easy" library="treks_tours">
<kw name="Wait And Click" library="keywords">
<arg>${easy}</arg>
<doc>Waits until element is visible &amp; enabled, scrolls into view, clicks, fallback to JS if normal click fails</doc>
<kw name="Wait Until Element Is Visible" library="SeleniumLibrary">
<arg>${locator}</arg>
<arg>${timeout}</arg>
<doc>Waits until the element ``locator`` is visible.</doc>
<status status="PASS" starttime="20260122 17:50:39.768" endtime="20260122 17:50:39.787"/>
</kw>
<kw name="Wait Until Element Is Enabled" library="SeleniumLibrary">
<arg>${locator}</arg>
<arg>${timeout}</arg>
<doc>Waits until the element ``locator`` is enabled.</doc>
<status status="PASS" starttime="20260122 17:50:39.787" endtime="20260122 17:50:39.806"/>
</kw>
<kw name="Scroll Element Into View" library="SeleniumLibrary">
<arg>${locator}</arg>
<doc>Scrolls the element identified by ``locator`` into view.</doc>
<status status="PASS" starttime="20260122 17:50:39.806" endtime="20260122 17:50:40.089"/>
</kw>
<kw name="Run Keyword And Return Status" library="BuiltIn">
<var>${clicked}</var>
<arg>Click Element</arg>
<arg>${locator}</arg>
<doc>Runs the given keyword with given arguments and returns the status as a Boolean value.</doc>
<kw name="Click Element" library="SeleniumLibrary">
<arg>${locator}</arg>
<doc>Click the element identified by ``locator``.</doc>
<msg timestamp="20260122 17:50:40.090" level="INFO">Clicking element 'xpath=/html/body/div[3]/section/div/div/ul/li[1]/h3'.</msg>
<status status="PASS" starttime="20260122 17:50:40.089" endtime="20260122 17:50:40.145"/>
</kw>
<msg timestamp="20260122 17:50:40.145" level="INFO">${clicked} = True</msg>
<status status="PASS" starttime="20260122 17:50:40.089" endtime="20260122 17:50:40.145"/>
</kw>
<if>
<branch type="IF" condition="not ${clicked}">
<kw name="Log" library="BuiltIn">
<arg>Using JS click fallback for ${locator}</arg>
<doc>Logs the given message with the given level.</doc>
<status status="NOT RUN" starttime="20260122 17:50:40.146" endtime="20260122 17:50:40.146"/>
</kw>
<kw name="Execute Javascript" library="SeleniumLibrary">
<arg>arguments[0].click();</arg>
<arg>document.evaluate("${locator.replace('xpath=','')}", document, null, XPathResult.FIRST_ORDERED_NODE_TYPE, null).singleNodeValue</arg>
<doc>Executes the given JavaScript code with possible arguments.</doc>
<status status="NOT RUN" starttime="20260122 17:50:40.146" endtime="20260122 17:50:40.146"/>
</kw>
<status status="NOT RUN" starttime="20260122 17:50:40.145" endtime="20260122 17:50:40.146"/>
</branch>
<status status="PASS" starttime="20260122 17:50:40.145" endtime="20260122 17:50:40.146"/>
</if>
<status status="PASS" starttime="20260122 17:50:39.767" endtime="20260122 17:50:40.146"/>
</kw>
<status status="PASS" starttime="20260122 17:50:39.767" endtime="20260122 17:50:40.146"/>
</kw>
<kw name="Click Everest Picture" library="treks_tours">
<kw name="Wait And Click" library="keywords">
<arg>${everest_picture}</arg>
<doc>Waits until element is visible &amp; enabled, scrolls into view, clicks, fallback to JS if normal click fails</doc>
<kw name="Wait Until Element Is Visible" library="SeleniumLibrary">
<arg>${locator}</arg>
<arg>${timeout}</arg>
<doc>Waits until the element ``locator`` is visible.</doc>
<status status="PASS" starttime="20260122 17:50:40.147" endtime="20260122 17:50:40.166"/>
</kw>
<kw name="Wait Until Element Is Enabled" library="SeleniumLibrary">
<arg>${locator}</arg>
<arg>${timeout}</arg>
<doc>Waits until the element ``locator`` is enabled.</doc>
<status status="PASS" starttime="20260122 17:50:40.166" endtime="20260122 17:50:40.185"/>
</kw>
<kw name="Scroll Element Into View" library="SeleniumLibrary">
<arg>${locator}</arg>
<doc>Scrolls the element identified by ``locator`` into view.</doc>
<status status="PASS" starttime="20260122 17:50:40.185" endtime="20260122 17:50:40.463"/>
</kw>
<kw name="Run Keyword And Return Status" library="BuiltIn">
<var>${clicked}</var>
<arg>Click Element</arg>
<arg>${locator}</arg>
<doc>Runs the given keyword with given arguments and returns the status as a Boolean value.</doc>
<kw name="Click Element" library="SeleniumLibrary">
<arg>${locator}</arg>
<doc>Click the element identified by ``locator``.</doc>
<msg timestamp="20260122 17:50:40.464" level="INFO">Clicking element 'xpath=/html/body/div[3]/section/div/div/div[3]/section/div/div/div/div[2]/div[1]'.</msg>
<status status="PASS" starttime="20260122 17:50:40.464" endtime="20260122 17:50:44.337"/>
</kw>
<msg timestamp="20260122 17:50:44.337" level="INFO">${clicked} = True</msg>
<status status="PASS" starttime="20260122 17:50:40.463" endtime="20260122 17:50:44.337"/>
</kw>
<if>
<branch type="IF" condition="not ${clicked}">
<kw name="Log" library="BuiltIn">
<arg>Using JS click fallback for ${locator}</arg>
<doc>Logs the given message with the given level.</doc>
<status status="NOT RUN" starttime="20260122 17:50:44.338" endtime="20260122 17:50:44.338"/>
</kw>
<kw name="Execute Javascript" library="SeleniumLibrary">
<arg>arguments[0].click();</arg>
<arg>document.evaluate("${locator.replace('xpath=','')}", document, null, XPathResult.FIRST_ORDERED_NODE_TYPE, null).singleNodeValue</arg>
<doc>Executes the given JavaScript code with possible arguments.</doc>
<status status="NOT RUN" starttime="20260122 17:50:44.338" endtime="20260122 17:50:44.338"/>
</kw>
<status status="NOT RUN" starttime="20260122 17:50:44.338" endtime="20260122 17:50:44.338"/>
</branch>
<status status="PASS" starttime="20260122 17:50:44.337" endtime="20260122 17:50:44.338"/>
</if>
<status status="PASS" starttime="20260122 17:50:40.146" endtime="20260122 17:50:44.338"/>
</kw>
<kw name="Wait Until Element Is Visible" library="SeleniumLibrary">
<arg>${everest_header}</arg>
<doc>Waits until the element ``locator`` is visible.</doc>
<status status="PASS" starttime="20260122 17:50:44.338" endtime="20260122 17:50:44.372"/>
</kw>
<status status="PASS" starttime="20260122 17:50:40.146" endtime="20260122 17:50:44.372"/>
</kw>
<kw name="Click All Everest Sticky Navbar Links" library="treks_tours">
<kw name="Scroll Element Into View" library="SeleniumLibrary">
<arg>${nav_bar}</arg>
<doc>Scrolls the element identified by ``locator`` into view.</doc>
<status status="PASS" starttime="20260122 17:50:44.372" endtime="20260122 17:50:44.672"/>
</kw>
<kw name="Get WebElement" library="SeleniumLibrary">
<var>${section}</var>
<arg>xpath=//*[@data-section='nav-intro']</arg>
<doc>Returns the first WebElement matching the given ``locator``.</doc>
<msg timestamp="20260122 17:50:44.685" level="INFO">${section} = &lt;selenium.webdriver.remote.webelement.WebElement (session="015d07151c0dee49df43fd071f4390d2", element="f.BF260F6DC3FB8BDDF491B93D6BFA9197.d.6D68733453EDB80E4E7C9306A5E7B960.e.72")&gt;</msg>
<status status="PASS" starttime="20260122 17:50:44.672" endtime="20260122 17:50:44.685"/>
</kw>
<kw name="Get WebElements" library="SeleniumLibrary">
<var>${nav_links}</var>
<arg>xpath=//nav[contains(@class,'sticky-navbar')][1]//ul/li/a[contains(@class,'nav-link')]</arg>
<doc>Returns a list of WebElement objects matching the ``locator``.</doc>
<msg timestamp="20260122 17:50:44.699" level="INFO">${nav_links} = [&lt;selenium.webdriver.remote.webelement.WebElement (session="015d07151c0dee49df43fd071f4390d2", element="f.BF260F6DC3FB8BDDF491B93D6BFA9197.d.6D68733453EDB80E4E7C9306A5E7B960.e.72")&gt;, &lt;selenium.webdriv...</msg>
<status status="PASS" starttime="20260122 17:50:44.685" endtime="20260122 17:50:44.699"/>
</kw>
<for flavor="IN">
<var>${link}</var>
<value>@{nav_links}</value>
<iter>
<var name="${link}">&lt;selenium.webdriver.remote.webelement.WebElement (session="015d07151c0dee49df43fd071f4390d2", element="f.BF260F6DC3FB8BDDF491B93D6BFA9197.d.6D68733453EDB80E4E7C9306A5E7B960.e.72")&gt;</var>
<kw name="Get Text" library="SeleniumLibrary">
<var>${link_text}</var>
<arg>${link}</arg>
<doc>Returns the text value of the element identified by ``locator``.</doc>
<msg timestamp="20260122 17:50:44.714" level="INFO">${link_text} = Intro</msg>
<status status="PASS" starttime="20260122 17:50:44.699" endtime="20260122 17:50:44.714"/>
</kw>
<kw name="Log" library="BuiltIn">
<arg>Clicking navbar link: ${link_text}</arg>
<doc>Logs the given message with the given level.</doc>
<msg timestamp="20260122 17:50:44.715" level="INFO">Clicking navbar link: Intro</msg>
<status status="PASS" starttime="20260122 17:50:44.714" endtime="20260122 17:50:44.715"/>
</kw>
<kw name="Scroll Element Into View" library="SeleniumLibrary">
<arg>${link}</arg>
<doc>Scrolls the element identified by ``locator`` into view.</doc>
<status status="PASS" starttime="20260122 17:50:44.715" endtime="20260122 17:50:44.998"/>
</kw>
<kw name="Sleep" library="BuiltIn">
<arg>0.5s</arg>
<doc>Pauses the test executed for the given time.</doc>
<msg timestamp="20260122 17:50:45.499" level="INFO">Slept 500 milliseconds</msg>
<status status="PASS" starttime="20260122 17:50:44.998" endtime="20260122 17:50:45.500"/>
</kw>
<kw name="Click Element" library="SeleniumLibrary">
<arg>${link}</arg>
<doc>Click the element identified by ``locator``.</doc>
<msg timestamp="20260122 17:50:45.500" level="INFO">Clicking element '&lt;selenium.webdriver.remote.webelement.WebElement (session="015d07151c0dee49df43fd071f4390d2", element="f.BF260F6DC3FB8BDDF491B93D6BFA9197.d.6D68733453EDB80E4E7C9306A5E7B960.e.72")&gt;'.</msg>
<status status="PASS" starttime="20260122 17:50:45.500" endtime="20260122 17:50:45.571"/>
</kw>
<kw name="Sleep" library="BuiltIn">
<arg>1s</arg>
<doc>Pauses the test executed for the given time.</doc>
<msg timestamp="20260122 17:50:46.573" level="INFO">Slept 1 second</msg>
<status status="PASS" starttime="20260122 17:50:45.572" endtime="20260122 17:50:46.573"/>
</kw>
<kw name="Capture Page Screenshot" library="SeleniumLibrary">
<doc>Takes a screenshot of the current page and embeds it into a log file.</doc>
<msg timestamp="20260122 17:50:46.749" level="INFO" html="true">&lt;/td&gt;&lt;/tr&gt;&lt;tr&gt;&lt;td colspan="3"&gt;&lt;a href="selenium-screenshot-1268.png"&gt;&lt;img src="selenium-screenshot-1268.png" width="800px"&gt;&lt;/a&gt;</msg>
<status status="PASS" starttime="20260122 17:50:46.573" endtime="20260122 17:50:46.749"/>
</kw>
<status status="PASS" starttime="20260122 17:50:44.699" endtime="20260122 17:50:46.749"/>
</iter>
<iter>
<var name="${link}">&lt;selenium.webdriver.remote.webelement.WebElement (session="015d07151c0dee49df43fd071f4390d2", element="f.BF260F6DC3FB8BDDF491B93D6BFA9197.d.6D68733453EDB80E4E7C9306A5E7B960.e.73")&gt;</var>
<kw name="Get Text" library="SeleniumLibrary">
<var>${link_text}</var>
<arg>${link}</arg>
<doc>Returns the text value of the element identified by ``locator``.</doc>
<msg timestamp="20260122 17:50:46.758" level="INFO">${link_text} = KBYG</msg>
<status status="PASS" starttime="20260122 17:50:46.749" endtime="20260122 17:50:46.758"/>
</kw>
<kw name="Log" library="BuiltIn">
<arg>Clicking navbar link: ${link_text}</arg>
<doc>Logs the given message with the given level.</doc>
<msg timestamp="20260122 17:50:46.758" level="INFO">Clicking navbar link: KBYG</msg>
<status status="PASS" starttime="20260122 17:50:46.758" endtime="20260122 17:50:46.758"/>
</kw>
<kw name="Scroll Element Into View" library="SeleniumLibrary">
<arg>${link}</arg>
<doc>Scrolls the element identified by ``locator`` into view.</doc>
<status status="PASS" starttime="20260122 17:50:46.758" endtime="20260122 17:50:47.042"/>
</kw>
<kw name="Sleep" library="BuiltIn">
<arg>0.5s</arg>
<doc>Pauses the test executed for the given time.</doc>
<msg timestamp="20260122 17:50:47.542" level="INFO">Slept 500 milliseconds</msg>
<status status="PASS" starttime="20260122 17:50:47.042" endtime="20260122 17:50:47.543"/>
</kw>
<kw name="Click Element" library="SeleniumLibrary">
<arg>${link}</arg>
<doc>Click the element identified by ``locator``.</doc>
<msg timestamp="20260122 17:50:47.543" level="INFO">Clicking element '&lt;selenium.webdriver.remote.webelement.WebElement (session="015d07151c0dee49df43fd071f4390d2", element="f.BF260F6DC3FB8BDDF491B93D6BFA9197.d.6D68733453EDB80E4E7C9306A5E7B960.e.73")&gt;'.</msg>
<status status="PASS" starttime="20260122 17:50:47.543" endtime="20260122 17:50:47.590"/>
</kw>
<kw name="Sleep" library="BuiltIn">
<arg>1s</arg>
<doc>Pauses the test executed for the given time.</doc>
<msg timestamp="20260122 17:50:48.590" level="INFO">Slept 1 second</msg>
<status status="PASS" starttime="20260122 17:50:47.590" endtime="20260122 17:50:48.590"/>
</kw>
<kw name="Capture Page Screenshot" library="SeleniumLibrary">
<doc>Takes a screenshot of the current page and embeds it into a log file.</doc>
<msg timestamp="20260122 17:50:48.767" level="INFO" html="true">&lt;/td&gt;&lt;/tr&gt;&lt;tr&gt;&lt;td colspan="3"&gt;&lt;a href="selenium-screenshot-1269.png"&gt;&lt;img src="selenium-screenshot-1269.png" width="800px"&gt;&lt;/a&gt;</msg>
<status status="PASS" starttime="20260122 17:50:48.590" endtime="20260122 17:50:48.767"/>
</kw>
<status status="PASS" starttime="20260122 17:50:46.749" endtime="20260122 17:50:48.767"/>
</iter>
<iter>
<var name="${link}">&lt;selenium.webdriver.remote.webelement.WebElement (session="015d07151c0dee49df43fd071f4390d2", element="f.BF260F6DC3FB8BDDF491B93D6BFA9197.d.6D68733453EDB80E4E7C9306A5E7B960.e.74")&gt;</var>
<kw name="Get Text" library="SeleniumLibrary">
<var>${link_text}</var>
<arg>${link}</arg>
<doc>Returns the text value of the element identified by ``locator``.</doc>
<msg timestamp="20260122 17:50:48.776" level="INFO">${link_text} = Hightlights</msg>
<status status="PASS" starttime="20260122 17:50:48.768" endtime="20260122 17:50:48.776"/>
</kw>
<kw name="Log" library="BuiltIn">
<arg>Clicking navbar link: ${link_text}</arg>
<doc>Logs the given message with the given level.</doc>
<msg timestamp="20260122 17:50:48.777" level="INFO">Clicking navbar link: Hightlights</msg>
<status status="PASS" starttime="20260122 17:50:48.776" endtime="20260122 17:50:48.777"/>
</kw>
<kw name="Scroll Element Into View" library="SeleniumLibrary">
<arg>${link}</arg>
<doc>Scrolls the element identified by ``locator`` into view.</doc>
<status status="PASS" starttime="20260122 17:50:48.777" endtime="20260122 17:50:49.064"/>
</kw>
<kw name="Sleep" library="BuiltIn">
<arg>0.5s</arg>
<doc>Pauses the test executed for the given time.</doc>
<msg timestamp="20260122 17:50:49.565" level="INFO">Slept 500 milliseconds</msg>
<status status="PASS" starttime="20260122 17:50:49.064" endtime="20260122 17:50:49.565"/>
</kw>
<kw name="Click Element" library="SeleniumLibrary">
<arg>${link}</arg>
<doc>Click the element identified by ``locator``.</doc>
<msg timestamp="20260122 17:50:49.566" level="INFO">Clicking element '&lt;selenium.webdriver.remote.webelement.WebElement (session="015d07151c0dee49df43fd071f4390d2", element="f.BF260F6DC3FB8BDDF491B93D6BFA9197.d.6D68733453EDB80E4E7C9306A5E7B960.e.74")&gt;'.</msg>
<status status="PASS" starttime="20260122 17:50:49.565" endtime="20260122 17:50:49.613"/>
</kw>
<kw name="Sleep" library="BuiltIn">
<arg>1s</arg>
<doc>Pauses the test executed for the given time.</doc>
<msg timestamp="20260122 17:50:50.613" level="INFO">Slept 1 second</msg>
<status status="PASS" starttime="20260122 17:50:49.613" endtime="20260122 17:50:50.613"/>
</kw>
<kw name="Capture Page Screenshot" library="SeleniumLibrary">
<doc>Takes a screenshot of the current page and embeds it into a log file.</doc>
<msg timestamp="20260122 17:50:50.789" level="INFO" html="true">&lt;/td&gt;&lt;/tr&gt;&lt;tr&gt;&lt;td colspan="3"&gt;&lt;a href="selenium-screenshot-1270.png"&gt;&lt;img src="selenium-screenshot-1270.png" width="800px"&gt;&lt;/a&gt;</msg>
<status status="PASS" starttime="20260122 17:50:50.614" endtime="20260122 17:50:50.790"/>
</kw>
<status status="PASS" starttime="20260122 17:50:48.768" endtime="20260122 17:50:50.790"/>
</iter>
<iter>
<var name="${link}">&lt;selenium.webdriver.remote.webelement.WebElement (session="015d07151c0dee49df43fd071f4390d2", element="f.BF260F6DC3FB8BDDF491B93D6BFA9197.d.6D68733453EDB80E4E7C9306A5E7B960.e.75")&gt;</var>
<kw name="Get Text" library="SeleniumLibrary">
<var>${link_text}</var>
<arg>${link}</arg>
<doc>Returns the text value of the element identified by ``locator``.</doc>
<msg timestamp="20260122 17:50:50.799" level="INFO">${link_text} = Who For</msg>
<status status="PASS" starttime="20260122 17:50:50.790" endtime="20260122 17:50:50.799"/>
</kw>
<kw name="Log" library="BuiltIn">
<arg>Clicking navbar link: ${link_text}</arg>
<doc>Logs the given message with the given level.</doc>
<msg timestamp="20260122 17:50:50.799" level="INFO">Clicking navbar link: Who For</msg>
<status status="PASS" starttime="20260122 17:50:50.799" endtime="20260122 17:50:50.799"/>
</kw>
<kw name="Scroll Element Into View" library="SeleniumLibrary">
<arg>${link}</arg>
<doc>Scrolls the element identified by ``locator`` into view.</doc>
<status status="PASS" starttime="20260122 17:50:50.799" endtime="20260122 17:50:51.074"/>
</kw>
<kw name="Sleep" library="BuiltIn">
<arg>0.5s</arg>
<doc>Pauses the test executed for the given time.</doc>
<msg timestamp="20260122 17:50:51.574" level="INFO">Slept 500 milliseconds</msg>
<status status="PASS" starttime="20260122 17:50:51.074" endtime="20260122 17:50:51.574"/>
</kw>
<kw name="Click Element" library="SeleniumLibrary">
<arg>${link}</arg>
<doc>Click the element identified by ``locator``.</doc>
<msg timestamp="20260122 17:50:51.575" level="INFO">Clicking element '&lt;selenium.webdriver.remote.webelement.WebElement (session="015d07151c0dee49df43fd071f4390d2", element="f.BF260F6DC3FB8BDDF491B93D6BFA9197.d.6D68733453EDB80E4E7C9306A5E7B960.e.75")&gt;'.</msg>
<status status="PASS" starttime="20260122 17:50:51.575" endtime="20260122 17:50:51.623"/>
</kw>
<kw name="Sleep" library="BuiltIn">
<arg>1s</arg>
<doc>Pauses the test executed for the given time.</doc>
<msg timestamp="20260122 17:50:52.623" level="INFO">Slept 1 second</msg>
<status status="PASS" starttime="20260122 17:50:51.623" endtime="20260122 17:50:52.624"/>
</kw>
<kw name="Capture Page Screenshot" library="SeleniumLibrary">
<doc>Takes a screenshot of the current page and embeds it into a log file.</doc>
<msg timestamp="20260122 17:50:52.800" level="INFO" html="true">&lt;/td&gt;&lt;/tr&gt;&lt;tr&gt;&lt;td colspan="3"&gt;&lt;a href="selenium-screenshot-1271.png"&gt;&lt;img src="selenium-screenshot-1271.png" width="800px"&gt;&lt;/a&gt;</msg>
<status status="PASS" starttime="20260122 17:50:52.624" endtime="20260122 17:50:52.800"/>
</kw>
<status status="PASS" starttime="20260122 17:50:50.790" endtime="20260122 17:50:52.800"/>
</iter>
<iter>
<var name="${link}">&lt;selenium.webdriver.remote.webelement.WebElement (session="015d07151c0dee49df43fd071f4390d2", element="f.BF260F6DC3FB8BDDF491B93D6BFA9197.d.6D68733453EDB80E4E7C9306A5E7B960.e.76")&gt;</var>
<kw name="Get Text" library="SeleniumLibrary">
<var>${link_text}</var>
<arg>${link}</arg>
<doc>Returns the text value of the element identified by ``locator``.</doc>
<msg timestamp="20260122 17:50:52.809" level="INFO">${link_text} = Who Not For</msg>
<status status="PASS" starttime="20260122 17:50:52.801" endtime="20260122 17:50:52.809"/>
</kw>
<kw name="Log" library="BuiltIn">
<arg>Clicking navbar link: ${link_text}</arg>
<doc>Logs the given message with the given level.</doc>
<msg timestamp="20260122 17:50:52.810" level="INFO">Clicking navbar link: Who Not For</msg>
<status status="PASS" starttime="20260122 17:50:52.810" endtime="20260122 17:50:52.810"/>
</kw>
<kw name="Scroll Element Into View" library="SeleniumLibrary">
<arg>${link}</arg>
<doc>Scrolls the element identified by ``locator`` into view.</doc>
<status status="PASS" starttime="20260122 17:50:52.810" endtime="20260122 17:50:53.082"/>
</kw>
<kw name="Sleep" library="BuiltIn">
<arg>0.5s</arg>
<doc>Pauses the test executed for the given time.</doc>
<msg timestamp="20260122 17:50:53.582" level="INFO">Slept 500 milliseconds</msg>
<status status="PASS" starttime="20260122 17:50:53.082" endtime="20260122 17:50:53.582"/>
</kw>
<kw name="Click Element" library="SeleniumLibrary">
<arg>${link}</arg>
<doc>Click the element identified by ``locator``.</doc>
<msg timestamp="20260122 17:50:53.583" level="INFO">Clicking element '&lt;selenium.webdriver.remote.webelement.WebElement (session="015d07151c0dee49df43fd071f4390d2", element="f.BF260F6DC3FB8BDDF491B93D6BFA9197.d.6D68733453EDB80E4E7C9306A5E7B960.e.76")&gt;'.</msg>
<status status="PASS" starttime="20260122 17:50:53.583" endtime="20260122 17:50:53.629"/>
</kw>
<kw name="Sleep" library="BuiltIn">
<arg>1s</arg>
<doc>Pauses the test executed for the given time.</doc>
<msg timestamp="20260122 17:50:54.630" level="INFO">Slept 1 second</msg>
<status status="PASS" starttime="20260122 17:50:53.629" endtime="20260122 17:50:54.631"/>
</kw>
<kw name="Capture Page Screenshot" library="SeleniumLibrary">
<doc>Takes a screenshot of the current page and embeds it into a log file.</doc>
<msg timestamp="20260122 17:50:54.796" level="INFO" html="true">&lt;/td&gt;&lt;/tr&gt;&lt;tr&gt;&lt;td colspan="3"&gt;&lt;a href="selenium-screenshot-1272.png"&gt;&lt;img src="selenium-screenshot-1272.png" width="800px"&gt;&lt;/a&gt;</msg>
<status status="PASS" starttime="20260122 17:50:54.631" endtime="20260122 17:50:54.796"/>
</kw>
<status status="PASS" starttime="20260122 17:50:52.801" endtime="20260122 17:50:54.796"/>
</iter>
<iter>
<var name="${link}">&lt;selenium.webdriver.remote.webelement.WebElement (session="015d07151c0dee49df43fd071f4390d2", element="f.BF260F6DC3FB8BDDF491B93D6BFA9197.d.6D68733453EDB80E4E7C9306A5E7B960.e.77")&gt;</var>
<kw name="Get Text" library="SeleniumLibrary">
<var>${link_text}</var>
<arg>${link}</arg>
<doc>Returns the text value of the element identified by ``locator``.</doc>
<msg timestamp="20260122 17:50:54.805" level="INFO">${link_text} = Itinerary</msg>
<status status="PASS" starttime="20260122 17:50:54.796" endtime="20260122 17:50:54.805"/>
</kw>
<kw name="Log" library="BuiltIn">
<arg>Clicking navbar link: ${link_text}</arg>
<doc>Logs the given message with the given level.</doc>
<msg timestamp="20260122 17:50:54.806" level="INFO">Clicking navbar link: Itinerary</msg>
<status status="PASS" starttime="20260122 17:50:54.805" endtime="20260122 17:50:54.806"/>
</kw>
<kw name="Scroll Element Into View" library="SeleniumLibrary">
<arg>${link}</arg>
<doc>Scrolls the element identified by ``locator`` into view.</doc>
<status status="PASS" starttime="20260122 17:50:54.806" endtime="20260122 17:50:55.085"/>
</kw>
<kw name="Sleep" library="BuiltIn">
<arg>0.5s</arg>
<doc>Pauses the test executed for the given time.</doc>
<msg timestamp="20260122 17:50:55.585" level="INFO">Slept 500 milliseconds</msg>
<status status="PASS" starttime="20260122 17:50:55.085" endtime="20260122 17:50:55.586"/>
</kw>
<kw name="Click Element" library="SeleniumLibrary">
<arg>${link}</arg>
<doc>Click the element identified by ``locator``.</doc>
<msg timestamp="20260122 17:50:55.586" level="INFO">Clicking element '&lt;selenium.webdriver.remote.webelement.WebElement (session="015d07151c0dee49df43fd071f4390d2", element="f.BF260F6DC3FB8BDDF491B93D6BFA9197.d.6D68733453EDB80E4E7C9306A5E7B960.e.77")&gt;'.</msg>
<status status="PASS" starttime="20260122 17:50:55.586" endtime="20260122 17:50:55.633"/>
</kw>
<kw name="Sleep" library="BuiltIn">
<arg>1s</arg>
<doc>Pauses the test executed for the given time.</doc>
<msg timestamp="20260122 17:50:56.634" level="INFO">Slept 1 second</msg>
<status status="PASS" starttime="20260122 17:50:55.633" endtime="20260122 17:50:56.634"/>
</kw>
<kw name="Capture Page Screenshot" library="SeleniumLibrary">
<doc>Takes a screenshot of the current page and embeds it into a log file.</doc>
<msg timestamp="20260122 17:50:56.966" level="INFO" html="true">&lt;/td&gt;&lt;/tr&gt;&lt;tr&gt;&lt;td colspan="3"&gt;&lt;a href="selenium-screenshot-1273.png"&gt;&lt;img src="selenium-screenshot-1273.png" width="800px"&gt;&lt;/a&gt;</msg>
<status status="PASS" starttime="20260122 17:50:56.634" endtime="20260122 17:50:56.966"/>
</kw>
<status status="PASS" starttime="20260122 17:50:54.796" endtime="20260122 17:50:56.966"/>
</iter>
<iter>
<var name="${link}">&lt;selenium.webdriver.remote.webelement.WebElement (session="015d07151c0dee49df43fd071f4390d2", element="f.BF260F6DC3FB8BDDF491B93D6BFA9197.d.6D68733453EDB80E4E7C9306A5E7B960.e.78")&gt;</var>
<kw name="Get Text" library="SeleniumLibrary">
<var>${link_text}</var>
<arg>${link}</arg>
<doc>Returns the text value of the element identified by ``locator``.</doc>
<msg timestamp="20260122 17:50:56.975" level="INFO">${link_text} = Includes/Excludes</msg>
<status status="PASS" starttime="20260122 17:50:56.967" endtime="20260122 17:50:56.975"/>
</kw>
<kw name="Log" library="BuiltIn">
<arg>Clicking navbar link: ${link_text}</arg>
<doc>Logs the given message with the given level.</doc>
<msg timestamp="20260122 17:50:56.976" level="INFO">Clicking navbar link: Includes/Excludes</msg>
<status status="PASS" starttime="20260122 17:50:56.975" endtime="20260122 17:50:56.976"/>
</kw>
<kw name="Scroll Element Into View" library="SeleniumLibrary">
<arg>${link}</arg>
<doc>Scrolls the element identified by ``locator`` into view.</doc>
<status status="PASS" starttime="20260122 17:50:56.976" endtime="20260122 17:50:57.258"/>
</kw>
<kw name="Sleep" library="BuiltIn">
<arg>0.5s</arg>
<doc>Pauses the test executed for the given time.</doc>
<msg timestamp="20260122 17:50:57.759" level="INFO">Slept 500 milliseconds</msg>
<status status="PASS" starttime="20260122 17:50:57.258" endtime="20260122 17:50:57.759"/>
</kw>
<kw name="Click Element" library="SeleniumLibrary">
<arg>${link}</arg>
<doc>Click the element identified by ``locator``.</doc>
<msg timestamp="20260122 17:50:57.759" level="INFO">Clicking element '&lt;selenium.webdriver.remote.webelement.WebElement (session="015d07151c0dee49df43fd071f4390d2", element="f.BF260F6DC3FB8BDDF491B93D6BFA9197.d.6D68733453EDB80E4E7C9306A5E7B960.e.78")&gt;'.</msg>
<status status="PASS" starttime="20260122 17:50:57.759" endtime="20260122 17:50:57.806"/>
</kw>
<kw name="Sleep" library="BuiltIn">
<arg>1s</arg>
<doc>Pauses the test executed for the given time.</doc>
<msg timestamp="20260122 17:50:58.807" level="INFO">Slept 1 second</msg>
<status status="PASS" starttime="20260122 17:50:57.807" endtime="20260122 17:50:58.807"/>
</kw>
<kw name="Capture Page Screenshot" library="SeleniumLibrary">
<doc>Takes a screenshot of the current page and embeds it into a log file.</doc>
<msg timestamp="20260122 17:50:58.982" level="INFO" html="true">&lt;/td&gt;&lt;/tr&gt;&lt;tr&gt;&lt;td colspan="3"&gt;&lt;a href="selenium-screenshot-1274.png"&gt;&lt;img src="selenium-screenshot-1274.png" width="800px"&gt;&lt;/a&gt;</msg>
<status status="PASS" starttime="20260122 17:50:58.807" endtime="20260122 17:50:58.982"/>
</kw>
<status status="PASS" starttime="20260122 17:50:56.966" endtime="20260122 17:50:58.982"/>
</iter>
<iter>
<var name="${link}">&lt;selenium.webdriver.remote.webelement.WebElement (session="015d07151c0dee49df43fd071f4390d2", element="f.BF260F6DC3FB8BDDF491B93D6BFA9197.d.6D68733453EDB80E4E7C9306A5E7B960.e.79")&gt;</var>
<kw name="Get Text" library="SeleniumLibrary">
<var>${link_text}</var>
<arg>${link}</arg>
<doc>Returns the text value of the element identified by ``locator``.</doc>
<msg timestamp="20260122 17:50:58.991" level="INFO">${link_text} = Imp Info</msg>
<status status="PASS" starttime="20260122 17:50:58.982" endtime="20260122 17:50:58.991"/>
</kw>
<kw name="Log" library="BuiltIn">
<arg>Clicking navbar link: ${link_text}</arg>
<doc>Logs the given message with the given level.</doc>
<msg timestamp="20260122 17:50:58.991" level="INFO">Clicking navbar link: Imp Info</msg>
<status status="PASS" starttime="20260122 17:50:58.991" endtime="20260122 17:50:58.991"/>
</kw>
<kw name="Scroll Element Into View" library="SeleniumLibrary">
<arg>${link}</arg>
<doc>Scrolls the element identified by ``locator`` into view.</doc>
<status status="PASS" starttime="20260122 17:50:58.991" endtime="20260122 17:50:59.264"/>
</kw>
<kw name="Sleep" library="BuiltIn">
<arg>0.5s</arg>
<doc>Pauses the test executed for the given time.</doc>
<msg timestamp="20260122 17:50:59.765" level="INFO">Slept 500 milliseconds</msg>
<status status="PASS" starttime="20260122 17:50:59.264" endtime="20260122 17:50:59.765"/>
</kw>
<kw name="Click Element" library="SeleniumLibrary">
<arg>${link}</arg>
<doc>Click the element identified by ``locator``.</doc>
<msg timestamp="20260122 17:50:59.766" level="INFO">Clicking element '&lt;selenium.webdriver.remote.webelement.WebElement (session="015d07151c0dee49df43fd071f4390d2", element="f.BF260F6DC3FB8BDDF491B93D6BFA9197.d.6D68733453EDB80E4E7C9306A5E7B960.e.79")&gt;'.</msg>
<status status="PASS" starttime="20260122 17:50:59.765" endtime="20260122 17:50:59.808"/>
</kw>
<kw name="Sleep" library="BuiltIn">
<arg>1s</arg>
<doc>Pauses the test executed for the given time.</doc>
<msg timestamp="20260122 17:51:00.808" level="INFO">Slept 1 second</msg>
<status status="PASS" starttime="20260122 17:50:59.808" endtime="20260122 17:51:00.808"/>
</kw>
<kw name="Capture Page Screenshot" library="SeleniumLibrary">
<doc>Takes a screenshot of the current page and embeds it into a log file.</doc>
<msg timestamp="20260122 17:51:00.980" level="INFO" html="true">&lt;/td&gt;&lt;/tr&gt;&lt;tr&gt;&lt;td colspan="3"&gt;&lt;a href="selenium-screenshot-1275.png"&gt;&lt;img src="selenium-screenshot-1275.png" width="800px"&gt;&lt;/a&gt;</msg>
<status status="PASS" starttime="20260122 17:51:00.809" endtime="20260122 17:51:00.980"/>
</kw>
<status status="PASS" starttime="20260122 17:50:58.982" endtime="20260122 17:51:00.980"/>
</iter>
<iter>
<var name="${link}">&lt;selenium.webdriver.remote.webelement.WebElement (session="015d07151c0dee49df43fd071f4390d2", element="f.BF260F6DC3FB8BDDF491B93D6BFA9197.d.6D68733453EDB80E4E7C9306A5E7B960.e.80")&gt;</var>
<kw name="Get Text" library="SeleniumLibrary">
<var>${link_text}</var>
<arg>${link}</arg>
<doc>Returns the text value of the element identified by ``locator``.</doc>
<msg timestamp="20260122 17:51:00.989" level="INFO">${link_text} = FAQS</msg>
<status status="PASS" starttime="20260122 17:51:00.981" endtime="20260122 17:51:00.989"/>
</kw>
<kw name="Log" library="BuiltIn">
<arg>Clicking navbar link: ${link_text}</arg>
<doc>Logs the given message with the given level.</doc>
<msg timestamp="20260122 17:51:00.990" level="INFO">Clicking navbar link: FAQS</msg>
<status status="PASS" starttime="20260122 17:51:00.989" endtime="20260122 17:51:00.990"/>
</kw>
<kw name="Scroll Element Into View" library="SeleniumLibrary">
<arg>${link}</arg>
<doc>Scrolls the element identified by ``locator`` into view.</doc>
<status status="PASS" starttime="20260122 17:51:00.990" endtime="20260122 17:51:01.267"/>
</kw>
<kw name="Sleep" library="BuiltIn">
<arg>0.5s</arg>
<doc>Pauses the test executed for the given time.</doc>
<msg timestamp="20260122 17:51:01.768" level="INFO">Slept 500 milliseconds</msg>
<status status="PASS" starttime="20260122 17:51:01.268" endtime="20260122 17:51:01.768"/>
</kw>
<kw name="Click Element" library="SeleniumLibrary">
<arg>${link}</arg>
<doc>Click the element identified by ``locator``.</doc>
<msg timestamp="20260122 17:51:01.769" level="INFO">Clicking element '&lt;selenium.webdriver.remote.webelement.WebElement (session="015d07151c0dee49df43fd071f4390d2", element="f.BF260F6DC3FB8BDDF491B93D6BFA9197.d.6D68733453EDB80E4E7C9306A5E7B960.e.80")&gt;'.</msg>
<status status="PASS" starttime="20260122 17:51:01.768" endtime="20260122 17:51:01.816"/>
</kw>
<kw name="Sleep" library="BuiltIn">
<arg>1s</arg>
<doc>Pauses the test executed for the given time.</doc>
<msg timestamp="20260122 17:51:02.817" level="INFO">Slept 1 second</msg>
<status status="PASS" starttime="20260122 17:51:01.816" endtime="20260122 17:51:02.817"/>
</kw>
<kw name="Capture Page Screenshot" library="SeleniumLibrary">
<doc>Takes a screenshot of the current page and embeds it into a log file.</doc>
<msg timestamp="20260122 17:51:03.002" level="INFO" html="true">&lt;/td&gt;&lt;/tr&gt;&lt;tr&gt;&lt;td colspan="3"&gt;&lt;a href="selenium-screenshot-1276.png"&gt;&lt;img src="selenium-screenshot-1276.png" width="800px"&gt;&lt;/a&gt;</msg>
<status status="PASS" starttime="20260122 17:51:02.817" endtime="20260122 17:51:03.002"/>
</kw>
<status status="PASS" starttime="20260122 17:51:00.980" endtime="20260122 17:51:03.002"/>
</iter>
<status status="PASS" starttime="20260122 17:50:44.699" endtime="20260122 17:51:03.002"/>
</for>
<status status="PASS" starttime="20260122 17:50:44.372" endtime="20260122 17:51:03.002"/>
</kw>
<kw name="Scroll Element Into View" library="SeleniumLibrary">
<arg>${share}</arg>
<doc>Scrolls the element identified by ``locator`` into view.</doc>
<status status="PASS" starttime="20260122 17:51:03.002" endtime="20260122 17:51:03.293"/>
</kw>
<kw name="Sleep" library="BuiltIn">
<arg>1s</arg>
<doc>Pauses the test executed for the given time.</doc>
<msg timestamp="20260122 17:51:04.294" level="INFO">Slept 1 second</msg>
<status status="PASS" starttime="20260122 17:51:03.293" endtime="20260122 17:51:04.294"/>
</kw>
<kw name="Wait And Click" library="keywords">
<arg>${share}</arg>
<doc>Waits until element is visible &amp; enabled, scrolls into view, clicks, fallback to JS if normal click fails</doc>
<kw name="Wait Until Element Is Visible" library="SeleniumLibrary">
<arg>${locator}</arg>
<arg>${timeout}</arg>
<doc>Waits until the element ``locator`` is visible.</doc>
<status status="PASS" starttime="20260122 17:51:04.294" endtime="20260122 17:51:04.312"/>
</kw>
<kw name="Wait Until Element Is Enabled" library="SeleniumLibrary">
<arg>${locator}</arg>
<arg>${timeout}</arg>
<doc>Waits until the element ``locator`` is enabled.</doc>
<status status="PASS" starttime="20260122 17:51:04.312" endtime="20260122 17:51:04.332"/>
</kw>
<kw name="Scroll Element Into View" library="SeleniumLibrary">
<arg>${locator}</arg>
<doc>Scrolls the element identified by ``locator`` into view.</doc>
<status status="PASS" starttime="20260122 17:51:04.332" endtime="20260122 17:51:04.604"/>
</kw>
<kw name="Run Keyword And Return Status" library="BuiltIn">
<var>${clicked}</var>
<arg>Click Element</arg>
<arg>${locator}</arg>
<doc>Runs the given keyword with given arguments and returns the status as a Boolean value.</doc>
<kw name="Click Element" library="SeleniumLibrary">
<arg>${locator}</arg>
<doc>Click the element identified by ``locator``.</doc>
<msg timestamp="20260122 17:51:04.605" level="INFO">Clicking element 'xpath=//*[@id="dropdownMenuShare"]'.</msg>
<status status="PASS" starttime="20260122 17:51:04.604" endtime="20260122 17:51:04.685"/>
</kw>
<msg timestamp="20260122 17:51:04.685" level="INFO">${clicked} = True</msg>
<status status="PASS" starttime="20260122 17:51:04.604" endtime="20260122 17:51:04.685"/>
</kw>
<if>
<branch type="IF" condition="not ${clicked}">
<kw name="Log" library="BuiltIn">
<arg>Using JS click fallback for ${locator}</arg>
<doc>Logs the given message with the given level.</doc>
<status status="NOT RUN" starttime="20260122 17:51:04.685" endtime="20260122 17:51:04.686"/>
</kw>
<kw name="Execute Javascript" library="SeleniumLibrary">
<arg>arguments[0].click();</arg>
<arg>document.evaluate("${locator.replace('xpath=','')}", document, null, XPathResult.FIRST_ORDERED_NODE_TYPE, null).singleNodeValue</arg>
<doc>Executes the given JavaScript code with possible arguments.</doc>
<status status="NOT RUN" starttime="20260122 17:51:04.686" endtime="20260122 17:51:04.686"/>
</kw>
<status status="NOT RUN" starttime="20260122 17:51:04.685" endtime="20260122 17:51:04.686"/>
</branch>
<status status="PASS" starttime="20260122 17:51:04.685" endtime="20260122 17:51:04.686"/>
</if>
<status status="PASS" starttime="20260122 17:51:04.294" endtime="20260122 17:51:04.686"/>
</kw>
<kw name="Sleep" library="BuiltIn">
<arg>2s</arg>
<doc>Pauses the test executed for the given time.</doc>
<msg timestamp="20260122 17:51:06.686" level="INFO">Slept 2 seconds</msg>
<status status="PASS" starttime="20260122 17:51:04.686" endtime="20260122 17:51:06.686"/>
</kw>
<kw name="Wait Until Element Is Visible" library="SeleniumLibrary">
<arg>${facebook}</arg>
<doc>Waits until the element ``locator`` is visible.</doc>
<status status="PASS" starttime="20260122 17:51:06.687" endtime="20260122 17:51:06.706"/>
</kw>
<kw name="Sleep" library="BuiltIn">
<arg>1s</arg>
<doc>Pauses the test executed for the given time.</doc>
<msg timestamp="20260122 17:51:07.706" level="INFO">Slept 1 second</msg>
<status status="PASS" starttime="20260122 17:51:06.706" endtime="20260122 17:51:07.706"/>
</kw>
<kw name="Handle Share Button Click" library="treks_tours">
<var>${main}</var>
<arg>${facebook}</arg>
<doc>Clicks share button and switches to new window/tab</doc>
<kw name="Get Window Handles" library="SeleniumLibrary">
<var>${main_window}</var>
<doc>Returns all child window handles of the selected browser as a list.</doc>
<msg timestamp="20260122 17:51:07.709" level="INFO">${main_window} = ['BF260F6DC3FB8BDDF491B93D6BFA9197']</msg>
<status status="PASS" starttime="20260122 17:51:07.707" endtime="20260122 17:51:07.709"/>
</kw>
<kw name="Get From List" library="Collections">
<var>${main_window}</var>
<arg>${main_window}</arg>
<arg>0</arg>
<doc>Returns the value specified with an ``index`` from ``list``.</doc>
<msg timestamp="20260122 17:51:07.709" level="INFO">${main_window} = BF260F6DC3FB8BDDF491B93D6BFA9197</msg>
<status status="PASS" starttime="20260122 17:51:07.709" endtime="20260122 17:51:07.709"/>
</kw>
<kw name="Scroll Element Into View" library="SeleniumLibrary">
<arg>${share_button_locator}</arg>
<doc>Scrolls the element identified by ``locator`` into view.</doc>
<status status="PASS" starttime="20260122 17:51:07.709" endtime="20260122 17:51:07.989"/>
</kw>
<kw name="Sleep" library="BuiltIn">
<arg>1s</arg>
<doc>Pauses the test executed for the given time.</doc>
<msg timestamp="20260122 17:51:08.990" level="INFO">Slept 1 second</msg>
<status status="PASS" starttime="20260122 17:51:07.989" endtime="20260122 17:51:08.990"/>
</kw>
<kw name="Wait Until Element Is Visible" library="SeleniumLibrary">
<arg>${share_button_locator}</arg>
<arg>timeout=10s</arg>
<doc>Waits until the element ``locator`` is visible.</doc>
<status status="PASS" starttime="20260122 17:51:08.990" endtime="20260122 17:51:09.006"/>
</kw>
<kw name="Run Keyword And Return Status" library="BuiltIn">
<var>${status}</var>
<arg>Click Element</arg>
<arg>${share_button_locator}</arg>
<doc>Runs the given keyword with given arguments and returns the status as a Boolean value.</doc>
<kw name="Click Element" library="SeleniumLibrary">
<arg>${share_button_locator}</arg>
<doc>Click the element identified by ``locator``.</doc>
<msg timestamp="20260122 17:51:09.008" level="INFO">Clicking element 'xpath=/html/body/div[3]/div[1]/section[1]/div/div[1]/div[2]/div/div[1]/div/div/a[1]'.</msg>
<status status="PASS" starttime="20260122 17:51:09.007" endtime="20260122 17:51:09.109"/>
</kw>
<msg timestamp="20260122 17:51:09.109" level="INFO">${status} = True</msg>
<status status="PASS" starttime="20260122 17:51:09.007" endtime="20260122 17:51:09.109"/>
</kw>
<kw name="Run Keyword Unless" library="BuiltIn">
<arg>${status}</arg>
<arg>Click Element Using JavaScript</arg>
<arg>${share_button_locator}</arg>
<doc>*DEPRECATED since RF 5.0. Use Native IF/ELSE or `Run Keyword If` instead.*</doc>
<msg timestamp="20260122 17:51:09.110" level="WARN">Keyword 'BuiltIn.Run Keyword Unless' is deprecated. </msg>
<status status="PASS" starttime="20260122 17:51:09.109" endtime="20260122 17:51:09.111"/>
</kw>
<kw name="Sleep" library="BuiltIn">
<arg>3s</arg>
<doc>Pauses the test executed for the given time.</doc>
<msg timestamp="20260122 17:51:12.111" level="INFO">Slept 3 seconds</msg>
<status status="PASS" starttime="20260122 17:51:09.111" endtime="20260122 17:51:12.112"/>
</kw>
<kw name="Get Window Handles" library="SeleniumLibrary">
<var>${all_windows}</var>
<doc>Returns all child window handles of the selected browser as a list.</doc>
<msg timestamp="20260122 17:51:12.117" level="INFO">${all_windows} = ['BF260F6DC3FB8BDDF491B93D6BFA9197', 'EDFF4B3C15AF372BD2B6C6CC2D9213A6']</msg>
<status status="PASS" starttime="20260122 17:51:12.112" endtime="20260122 17:51:12.117"/>
</kw>
<kw name="Get Length" library="BuiltIn">
<var>${window_count}</var>
<arg>${all_windows}</arg>
<doc>Returns and logs the length of the given item as an integer.</doc>
<msg timestamp="20260122 17:51:12.117" level="INFO">Length is 2</msg>
<msg timestamp="20260122 17:51:12.117" level="INFO">${window_count} = 2</msg>
<status status="PASS" starttime="20260122 17:51:12.117" endtime="20260122 17:51:12.117"/>
</kw>
<kw name="Run Keyword If" library="BuiltIn">
<arg>${window_count} &gt; 1</arg>
<arg>Switch To New Window</arg>
<arg>${all_windows}</arg>
<doc>Runs the given keyword with the given arguments, if ``condition`` is true.</doc>
<kw name="Switch To New Window" library="treks_tours">
<arg>${all_windows}</arg>
<doc>Switches to the newest window</doc>
<kw name="Get From List" library="Collections">
<var>${new_window}</var>
<arg>${all_windows}</arg>
<arg>-1</arg>
<doc>Returns the value specified with an ``index`` from ``list``.</doc>
<msg timestamp="20260122 17:51:12.119" level="INFO">${new_window} = EDFF4B3C15AF372BD2B6C6CC2D9213A6</msg>
<status status="PASS" starttime="20260122 17:51:12.118" endtime="20260122 17:51:12.119"/>
</kw>
<kw name="Switch Window" library="SeleniumLibrary">
<arg>${new_window}</arg>
<doc>Switches to browser window matching ``locator``.</doc>
<status status="PASS" starttime="20260122 17:51:12.119" endtime="20260122 17:51:12.209"/>
</kw>
<kw name="Log" library="BuiltIn">
<arg>Switched to new window</arg>
<doc>Logs the given message with the given level.</doc>
<msg timestamp="20260122 17:51:12.209" level="INFO">Switched to new window</msg>
<status status="PASS" starttime="20260122 17:51:12.209" endtime="20260122 17:51:12.209"/>
</kw>
<status status="PASS" starttime="20260122 17:51:12.118" endtime="20260122 17:51:12.209"/>
</kw>
<status status="PASS" starttime="20260122 17:51:12.118" endtime="20260122 17:51:12.209"/>
</kw>
<msg timestamp="20260122 17:51:12.210" level="INFO">${main} = BF260F6DC3FB8BDDF491B93D6BFA9197</msg>
<status status="PASS" starttime="20260122 17:51:07.706" endtime="20260122 17:51:12.210"/>
</kw>
<kw name="Sleep" library="BuiltIn">
<arg>3s</arg>
<doc>Pauses the test executed for the given time.</doc>
<msg timestamp="20260122 17:51:15.210" level="INFO">Slept 3 seconds</msg>
<status status="PASS" starttime="20260122 17:51:12.210" endtime="20260122 17:51:15.210"/>
</kw>
<kw name="Capture Page Screenshot" library="SeleniumLibrary">
<arg>facebook_popup.png</arg>
<doc>Takes a screenshot of the current page and embeds it into a log file.</doc>
<msg timestamp="20260122 17:51:15.296" level="INFO" html="true">&lt;/td&gt;&lt;/tr&gt;&lt;tr&gt;&lt;td colspan="3"&gt;&lt;a href="facebook_popup.png"&gt;&lt;img src="facebook_popup.png" width="800px"&gt;&lt;/a&gt;</msg>
<status status="PASS" starttime="20260122 17:51:15.210" endtime="20260122 17:51:15.297"/>
</kw>
<kw name="Close Share Window And Return" library="treks_tours">
<arg>${main}</arg>
<doc>Closes current window and returns to main</doc>
<kw name="Get Window Handles" library="SeleniumLibrary">
<var>${all_windows}</var>
<doc>Returns all child window handles of the selected browser as a list.</doc>
<msg timestamp="20260122 17:51:15.299" level="INFO">${all_windows} = ['BF260F6DC3FB8BDDF491B93D6BFA9197', 'EDFF4B3C15AF372BD2B6C6CC2D9213A6']</msg>
<status status="PASS" starttime="20260122 17:51:15.297" endtime="20260122 17:51:15.299"/>
</kw>
<kw name="Get Length" library="BuiltIn">
<var>${window_count}</var>
<arg>${all_windows}</arg>
<doc>Returns and logs the length of the given item as an integer.</doc>
<msg timestamp="20260122 17:51:15.299" level="INFO">Length is 2</msg>
<msg timestamp="20260122 17:51:15.299" level="INFO">${window_count} = 2</msg>
<status status="PASS" starttime="20260122 17:51:15.299" endtime="20260122 17:51:15.299"/>
</kw>
<kw name="Run Keyword If" library="BuiltIn">
<arg>${window_count} &gt; 1</arg>
<arg>Close Window</arg>
<doc>Runs the given keyword with the given arguments, if ``condition`` is true.</doc>
<kw name="Close Window" library="SeleniumLibrary">
<doc>Closes currently opened and selected browser window/tab.</doc>
<status status="PASS" starttime="20260122 17:51:15.300" endtime="20260122 17:51:15.364"/>
</kw>
<status status="PASS" starttime="20260122 17:51:15.300" endtime="20260122 17:51:15.364"/>
</kw>
<kw name="Switch Window" library="SeleniumLibrary">
<arg>${main_window}</arg>
<doc>Switches to browser window matching ``locator``.</doc>
<status status="PASS" starttime="20260122 17:51:15.365" endtime="20260122 17:51:15.370"/>
</kw>
<kw name="Log" library="BuiltIn">
<arg>Returned to main window</arg>
<doc>Logs the given message with the given level.</doc>
<msg timestamp="20260122 17:51:15.370" level="INFO">Returned to main window</msg>
<status status="PASS" starttime="20260122 17:51:15.370" endtime="20260122 17:51:15.370"/>
</kw>
<status status="PASS" starttime="20260122 17:51:15.297" endtime="20260122 17:51:15.370"/>
</kw>
<kw name="Log" library="BuiltIn">
<arg>Facebook share tested successfully</arg>
<doc>Logs the given message with the given level.</doc>
<msg timestamp="20260122 17:51:15.371" level="INFO">Facebook share tested successfully</msg>
<status status="PASS" starttime="20260122 17:51:15.370" endtime="20260122 17:51:15.371"/>
</kw>
<kw name="Scroll Element Into View" library="SeleniumLibrary">
<arg>${share}</arg>
<doc>Scrolls the element identified by ``locator`` into view.</doc>
<status status="PASS" starttime="20260122 17:51:15.371" endtime="20260122 17:51:15.656"/>
</kw>
<kw name="Sleep" library="BuiltIn">
<arg>1s</arg>
<doc>Pauses the test executed for the given time.</doc>
<msg timestamp="20260122 17:51:16.657" level="INFO">Slept 1 second</msg>
<status status="PASS" starttime="20260122 17:51:15.657" endtime="20260122 17:51:16.657"/>
</kw>
<kw name="Wait And Click" library="keywords">
<arg>${share}</arg>
<doc>Waits until element is visible &amp; enabled, scrolls into view, clicks, fallback to JS if normal click fails</doc>
<kw name="Wait Until Element Is Visible" library="SeleniumLibrary">
<arg>${locator}</arg>
<arg>${timeout}</arg>
<doc>Waits until the element ``locator`` is visible.</doc>
<status status="PASS" starttime="20260122 17:51:16.658" endtime="20260122 17:51:16.675"/>
</kw>
<kw name="Wait Until Element Is Enabled" library="SeleniumLibrary">
<arg>${locator}</arg>
<arg>${timeout}</arg>
<doc>Waits until the element ``locator`` is enabled.</doc>
<status status="PASS" starttime="20260122 17:51:16.675" endtime="20260122 17:51:16.694"/>
</kw>
<kw name="Scroll Element Into View" library="SeleniumLibrary">
<arg>${locator}</arg>
<doc>Scrolls the element identified by ``locator`` into view.</doc>
<status status="PASS" starttime="20260122 17:51:16.694" endtime="20260122 17:51:16.967"/>
</kw>
<kw name="Run Keyword And Return Status" library="BuiltIn">
<var>${clicked}</var>
<arg>Click Element</arg>
<arg>${locator}</arg>
<doc>Runs the given keyword with given arguments and returns the status as a Boolean value.</doc>
<kw name="Click Element" library="SeleniumLibrary">
<arg>${locator}</arg>
<doc>Click the element identified by ``locator``.</doc>
<msg timestamp="20260122 17:51:16.968" level="INFO">Clicking element 'xpath=//*[@id="dropdownMenuShare"]'.</msg>
<status status="PASS" starttime="20260122 17:51:16.967" endtime="20260122 17:51:17.020"/>
</kw>
<msg timestamp="20260122 17:51:17.020" level="INFO">${clicked} = True</msg>
<status status="PASS" starttime="20260122 17:51:16.967" endtime="20260122 17:51:17.020"/>
</kw>
<if>
<branch type="IF" condition="not ${clicked}">
<kw name="Log" library="BuiltIn">
<arg>Using JS click fallback for ${locator}</arg>
<doc>Logs the given message with the given level.</doc>
<status status="NOT RUN" starttime="20260122 17:51:17.021" endtime="20260122 17:51:17.021"/>
</kw>
<kw name="Execute Javascript" library="SeleniumLibrary">
<arg>arguments[0].click();</arg>
<arg>document.evaluate("${locator.replace('xpath=','')}", document, null, XPathResult.FIRST_ORDERED_NODE_TYPE, null).singleNodeValue</arg>
<doc>Executes the given JavaScript code with possible arguments.</doc>
<status status="NOT RUN" starttime="20260122 17:51:17.021" endtime="20260122 17:51:17.021"/>
</kw>
<status status="NOT RUN" starttime="20260122 17:51:17.021" endtime="20260122 17:51:17.021"/>
</branch>
<status status="PASS" starttime="20260122 17:51:17.020" endtime="20260122 17:51:17.021"/>
</if>
<status status="PASS" starttime="20260122 17:51:16.658" endtime="20260122 17:51:17.021"/>
</kw>
<kw name="Sleep" library="BuiltIn">
<arg>2s</arg>
<doc>Pauses the test executed for the given time.</doc>
<msg timestamp="20260122 17:51:19.022" level="INFO">Slept 2 seconds</msg>
<status status="PASS" starttime="20260122 17:51:17.021" endtime="20260122 17:51:19.022"/>
</kw>
<kw name="Wait Until Element Is Visible" library="SeleniumLibrary">
<arg>${twitter}</arg>
<doc>Waits until the element ``locator`` is visible.</doc>
<status status="PASS" starttime="20260122 17:51:19.022" endtime="20260122 17:51:19.043"/>
</kw>
<kw name="Sleep" library="BuiltIn">
<arg>1s</arg>
<doc>Pauses the test executed for the given time.</doc>
<msg timestamp="20260122 17:51:20.044" level="INFO">Slept 1 second</msg>
<status status="PASS" starttime="20260122 17:51:19.044" endtime="20260122 17:51:20.044"/>
</kw>
<kw name="Handle Share Button Click" library="treks_tours">
<var>${main}</var>
<arg>${twitter}</arg>
<doc>Clicks share button and switches to new window/tab</doc>
<kw name="Get Window Handles" library="SeleniumLibrary">
<var>${main_window}</var>
<doc>Returns all child window handles of the selected browser as a list.</doc>
<msg timestamp="20260122 17:51:20.046" level="INFO">${main_window} = ['BF260F6DC3FB8BDDF491B93D6BFA9197']</msg>
<status status="PASS" starttime="20260122 17:51:20.045" endtime="20260122 17:51:20.047"/>
</kw>
<kw name="Get From List" library="Collections">
<var>${main_window}</var>
<arg>${main_window}</arg>
<arg>0</arg>
<doc>Returns the value specified with an ``index`` from ``list``.</doc>
<msg timestamp="20260122 17:51:20.047" level="INFO">${main_window} = BF260F6DC3FB8BDDF491B93D6BFA9197</msg>
<status status="PASS" starttime="20260122 17:51:20.047" endtime="20260122 17:51:20.047"/>
</kw>
<kw name="Scroll Element Into View" library="SeleniumLibrary">
<arg>${share_button_locator}</arg>
<doc>Scrolls the element identified by ``locator`` into view.</doc>
<status status="PASS" starttime="20260122 17:51:20.047" endtime="20260122 17:51:20.325"/>
</kw>
<kw name="Sleep" library="BuiltIn">
<arg>1s</arg>
<doc>Pauses the test executed for the given time.</doc>
<msg timestamp="20260122 17:51:21.326" level="INFO">Slept 1 second</msg>
<status status="PASS" starttime="20260122 17:51:20.326" endtime="20260122 17:51:21.326"/>
</kw>
<kw name="Wait Until Element Is Visible" library="SeleniumLibrary">
<arg>${share_button_locator}</arg>
<arg>timeout=10s</arg>
<doc>Waits until the element ``locator`` is visible.</doc>
<status status="PASS" starttime="20260122 17:51:21.326" endtime="20260122 17:51:21.342"/>
</kw>
<kw name="Run Keyword And Return Status" library="BuiltIn">
<var>${status}</var>
<arg>Click Element</arg>
<arg>${share_button_locator}</arg>
<doc>Runs the given keyword with given arguments and returns the status as a Boolean value.</doc>
<kw name="Click Element" library="SeleniumLibrary">
<arg>${share_button_locator}</arg>
<doc>Click the element identified by ``locator``.</doc>
<msg timestamp="20260122 17:51:21.343" level="INFO">Clicking element 'xpath=/html/body/div[3]/div[1]/section[1]/div/div[1]/div[2]/div/div[1]/div/div/a[2]'.</msg>
<status status="PASS" starttime="20260122 17:51:21.343" endtime="20260122 17:51:21.441"/>
</kw>
<msg timestamp="20260122 17:51:21.441" level="INFO">${status} = True</msg>
<status status="PASS" starttime="20260122 17:51:21.342" endtime="20260122 17:51:21.441"/>
</kw>
<kw name="Run Keyword Unless" library="BuiltIn">
<arg>${status}</arg>
<arg>Click Element Using JavaScript</arg>
<arg>${share_button_locator}</arg>
<doc>*DEPRECATED since RF 5.0. Use Native IF/ELSE or `Run Keyword If` instead.*</doc>
<msg timestamp="20260122 17:51:21.442" level="WARN">Keyword 'BuiltIn.Run Keyword Unless' is deprecated. </msg>
<status status="PASS" starttime="20260122 17:51:21.442" endtime="20260122 17:51:21.443"/>
</kw>
<kw name="Sleep" library="BuiltIn">
<arg>3s</arg>
<doc>Pauses the test executed for the given time.</doc>
<msg timestamp="20260122 17:51:24.444" level="INFO">Slept 3 seconds</msg>
<status status="PASS" starttime="20260122 17:51:21.443" endtime="20260122 17:51:24.444"/>
</kw>
<kw name="Get Window Handles" library="SeleniumLibrary">
<var>${all_windows}</var>
<doc>Returns all child window handles of the selected browser as a list.</doc>
<msg timestamp="20260122 17:51:24.531" level="INFO">${all_windows} = ['BF260F6DC3FB8BDDF491B93D6BFA9197', 'C25AADDBF6B0A93D79748D945FE86A85']</msg>
<status status="PASS" starttime="20260122 17:51:24.444" endtime="20260122 17:51:24.531"/>
</kw>
<kw name="Get Length" library="BuiltIn">
<var>${window_count}</var>
<arg>${all_windows}</arg>
<doc>Returns and logs the length of the given item as an integer.</doc>
<msg timestamp="20260122 17:51:24.532" level="INFO">Length is 2</msg>
<msg timestamp="20260122 17:51:24.532" level="INFO">${window_count} = 2</msg>
<status status="PASS" starttime="20260122 17:51:24.531" endtime="20260122 17:51:24.532"/>
</kw>
<kw name="Run Keyword If" library="BuiltIn">
<arg>${window_count} &gt; 1</arg>
<arg>Switch To New Window</arg>
<arg>${all_windows}</arg>
<doc>Runs the given keyword with the given arguments, if ``condition`` is true.</doc>
<kw name="Switch To New Window" library="treks_tours">
<arg>${all_windows}</arg>
<doc>Switches to the newest window</doc>
<kw name="Get From List" library="Collections">
<var>${new_window}</var>
<arg>${all_windows}</arg>
<arg>-1</arg>
<doc>Returns the value specified with an ``index`` from ``list``.</doc>
<msg timestamp="20260122 17:51:24.533" level="INFO">${new_window} = C25AADDBF6B0A93D79748D945FE86A85</msg>
<status status="PASS" starttime="20260122 17:51:24.533" endtime="20260122 17:51:24.533"/>
</kw>
<kw name="Switch Window" library="SeleniumLibrary">
<arg>${new_window}</arg>
<doc>Switches to browser window matching ``locator``.</doc>
<status status="PASS" starttime="20260122 17:51:24.533" endtime="20260122 17:51:24.604"/>
</kw>
<kw name="Log" library="BuiltIn">
<arg>Switched to new window</arg>
<doc>Logs the given message with the given level.</doc>
<msg timestamp="20260122 17:51:24.605" level="INFO">Switched to new window</msg>
<status status="PASS" starttime="20260122 17:51:24.605" endtime="20260122 17:51:24.605"/>
</kw>
<status status="PASS" starttime="20260122 17:51:24.532" endtime="20260122 17:51:24.605"/>
</kw>
<status status="PASS" starttime="20260122 17:51:24.532" endtime="20260122 17:51:24.605"/>
</kw>
<msg timestamp="20260122 17:51:24.605" level="INFO">${main} = BF260F6DC3FB8BDDF491B93D6BFA9197</msg>
<status status="PASS" starttime="20260122 17:51:20.044" endtime="20260122 17:51:24.606"/>
</kw>
<kw name="Sleep" library="BuiltIn">
<arg>3s</arg>
<doc>Pauses the test executed for the given time.</doc>
<msg timestamp="20260122 17:51:27.607" level="INFO">Slept 3 seconds</msg>
<status status="PASS" starttime="20260122 17:51:24.606" endtime="20260122 17:51:27.607"/>
</kw>
<kw name="Capture Page Screenshot" library="SeleniumLibrary">
<arg>twitter_popup.png</arg>
<doc>Takes a screenshot of the current page and embeds it into a log file.</doc>
<msg timestamp="20260122 17:51:27.686" level="INFO" html="true">&lt;/td&gt;&lt;/tr&gt;&lt;tr&gt;&lt;td colspan="3"&gt;&lt;a href="twitter_popup.png"&gt;&lt;img src="twitter_popup.png" width="800px"&gt;&lt;/a&gt;</msg>
<status status="PASS" starttime="20260122 17:51:27.607" endtime="20260122 17:51:27.687"/>
</kw>
<kw name="Close Share Window And Return" library="treks_tours">
<arg>${main}</arg>
<doc>Closes current window and returns to main</doc>
<kw name="Get Window Handles" library="SeleniumLibrary">
<var>${all_windows}</var>
<doc>Returns all child window handles of the selected browser as a list.</doc>
<msg timestamp="20260122 17:51:27.689" level="INFO">${all_windows} = ['BF260F6DC3FB8BDDF491B93D6BFA9197', 'C25AADDBF6B0A93D79748D945FE86A85']</msg>
<status status="PASS" starttime="20260122 17:51:27.687" endtime="20260122 17:51:27.689"/>
</kw>
<kw name="Get Length" library="BuiltIn">
<var>${window_count}</var>
<arg>${all_windows}</arg>
<doc>Returns and logs the length of the given item as an integer.</doc>
<msg timestamp="20260122 17:51:27.689" level="INFO">Length is 2</msg>
<msg timestamp="20260122 17:51:27.689" level="INFO">${window_count} = 2</msg>
<status status="PASS" starttime="20260122 17:51:27.689" endtime="20260122 17:51:27.689"/>
</kw>
<kw name="Run Keyword If" library="BuiltIn">
<arg>${window_count} &gt; 1</arg>
<arg>Close Window</arg>
<doc>Runs the given keyword with the given arguments, if ``condition`` is true.</doc>
<kw name="Close Window" library="SeleniumLibrary">
<doc>Closes currently opened and selected browser window/tab.</doc>
<status status="PASS" starttime="20260122 17:51:27.690" endtime="20260122 17:51:27.756"/>
</kw>
<status status="PASS" starttime="20260122 17:51:27.689" endtime="20260122 17:51:27.757"/>
</kw>
<kw name="Switch Window" library="SeleniumLibrary">
<arg>${main_window}</arg>
<doc>Switches to browser window matching ``locator``.</doc>
<status status="PASS" starttime="20260122 17:51:27.757" endtime="20260122 17:51:27.761"/>
</kw>
<kw name="Log" library="BuiltIn">
<arg>Returned to main window</arg>
<doc>Logs the given message with the given level.</doc>
<msg timestamp="20260122 17:51:27.761" level="INFO">Returned to main window</msg>
<status status="PASS" starttime="20260122 17:51:27.761" endtime="20260122 17:51:27.762"/>
</kw>
<status status="PASS" starttime="20260122 17:51:27.687" endtime="20260122 17:51:27.762"/>
</kw>
<kw name="Log" library="BuiltIn">
<arg>Twitter share tested successfully</arg>
<doc>Logs the given message with the given level.</doc>
<msg timestamp="20260122 17:51:27.762" level="INFO">Twitter share tested successfully</msg>
<status status="PASS" starttime="20260122 17:51:27.762" endtime="20260122 17:51:27.763"/>
</kw>
<status status="PASS" starttime="20260122 17:50:26.182" endtime="20260122 17:51:27.763"/>
</kw>
<kw name="Test KanchenjungaTrek" library="treks_tours">
<kw name="Wait And Click" library="keywords">
<arg>xpath=/html/body/div[1]/header/div[1]/div/div/div/a/img[1]</arg>
<doc>Waits until element is visible &amp; enabled, scrolls into view, clicks, fallback to JS if normal click fails</doc>
<kw name="Wait Until Element Is Visible" library="SeleniumLibrary">
<arg>${locator}</arg>
<arg>${timeout}</arg>
<doc>Waits until the element ``locator`` is visible.</doc>
<status status="PASS" starttime="20260122 17:51:27.764" endtime="20260122 17:51:27.787"/>
</kw>
<kw name="Wait Until Element Is Enabled" library="SeleniumLibrary">
<arg>${locator}</arg>
<arg>${timeout}</arg>
<doc>Waits until the element ``locator`` is enabled.</doc>
<status status="PASS" starttime="20260122 17:51:27.787" endtime="20260122 17:51:27.808"/>
</kw>
<kw name="Scroll Element Into View" library="SeleniumLibrary">
<arg>${locator}</arg>
<doc>Scrolls the element identified by ``locator`` into view.</doc>
<status status="PASS" starttime="20260122 17:51:27.809" endtime="20260122 17:51:28.083"/>
</kw>
<kw name="Run Keyword And Return Status" library="BuiltIn">
<var>${clicked}</var>
<arg>Click Element</arg>
<arg>${locator}</arg>
<doc>Runs the given keyword with given arguments and returns the status as a Boolean value.</doc>
<kw name="Click Element" library="SeleniumLibrary">
<arg>${locator}</arg>
<doc>Click the element identified by ``locator``.</doc>
<msg timestamp="20260122 17:51:28.084" level="INFO">Clicking element 'xpath=/html/body/div[1]/header/div[1]/div/div/div/a/img[1]'.</msg>
<status status="PASS" starttime="20260122 17:51:28.083" endtime="20260122 17:51:30.457"/>
</kw>
<msg timestamp="20260122 17:51:30.457" level="INFO">${clicked} = True</msg>
<status status="PASS" starttime="20260122 17:51:28.083" endtime="20260122 17:51:30.457"/>
</kw>
<if>
<branch type="IF" condition="not ${clicked}">
<kw name="Log" library="BuiltIn">
<arg>Using JS click fallback for ${locator}</arg>
<doc>Logs the given message with the given level.</doc>
<status status="NOT RUN" starttime="20260122 17:51:30.458" endtime="20260122 17:51:30.458"/>
</kw>
<kw name="Execute Javascript" library="SeleniumLibrary">
<arg>arguments[0].click();</arg>
<arg>document.evaluate("${locator.replace('xpath=','')}", document, null, XPathResult.FIRST_ORDERED_NODE_TYPE, null).singleNodeValue</arg>
<doc>Executes the given JavaScript code with possible arguments.</doc>
<status status="NOT RUN" starttime="20260122 17:51:30.458" endtime="20260122 17:51:30.458"/>
</kw>
<status status="NOT RUN" starttime="20260122 17:51:30.457" endtime="20260122 17:51:30.458"/>
</branch>
<status status="PASS" starttime="20260122 17:51:30.457" endtime="20260122 17:51:30.458"/>
</if>
<status status="PASS" starttime="20260122 17:51:27.763" endtime="20260122 17:51:30.458"/>
</kw>
<kw name="Open Trek And Tours Menu" library="home_page">
<kw name="Wait And Click" library="keywords">
<arg>${trek_and_tours}</arg>
<doc>Waits until element is visible &amp; enabled, scrolls into view, clicks, fallback to JS if normal click fails</doc>
<kw name="Wait Until Element Is Visible" library="SeleniumLibrary">
<arg>${locator}</arg>
<arg>${timeout}</arg>
<doc>Waits until the element ``locator`` is visible.</doc>
<status status="PASS" starttime="20260122 17:51:30.459" endtime="20260122 17:51:30.486"/>
</kw>
<kw name="Wait Until Element Is Enabled" library="SeleniumLibrary">
<arg>${locator}</arg>
<arg>${timeout}</arg>
<doc>Waits until the element ``locator`` is enabled.</doc>
<status status="PASS" starttime="20260122 17:51:30.486" endtime="20260122 17:51:30.511"/>
</kw>
<kw name="Scroll Element Into View" library="SeleniumLibrary">
<arg>${locator}</arg>
<doc>Scrolls the element identified by ``locator`` into view.</doc>
<status status="PASS" starttime="20260122 17:51:30.512" endtime="20260122 17:51:30.811"/>
</kw>
<kw name="Run Keyword And Return Status" library="BuiltIn">
<var>${clicked}</var>
<arg>Click Element</arg>
<arg>${locator}</arg>
<doc>Runs the given keyword with given arguments and returns the status as a Boolean value.</doc>
<kw name="Click Element" library="SeleniumLibrary">
<arg>${locator}</arg>
<doc>Click the element identified by ``locator``.</doc>
<msg timestamp="20260122 17:51:30.813" level="INFO">Clicking element 'xpath=/html/body/div[1]/header/div[1]/div/div/div/div/div[2]/div[2]/ul/li[2]/a/i'.</msg>
<status status="PASS" starttime="20260122 17:51:30.812" endtime="20260122 17:51:31.211"/>
</kw>
<msg timestamp="20260122 17:51:31.211" level="INFO">${clicked} = True</msg>
<status status="PASS" starttime="20260122 17:51:30.811" endtime="20260122 17:51:31.212"/>
</kw>
<if>
<branch type="IF" condition="not ${clicked}">
<kw name="Log" library="BuiltIn">
<arg>Using JS click fallback for ${locator}</arg>
<doc>Logs the given message with the given level.</doc>
<status status="NOT RUN" starttime="20260122 17:51:31.212" endtime="20260122 17:51:31.212"/>
</kw>
<kw name="Execute Javascript" library="SeleniumLibrary">
<arg>arguments[0].click();</arg>
<arg>document.evaluate("${locator.replace('xpath=','')}", document, null, XPathResult.FIRST_ORDERED_NODE_TYPE, null).singleNodeValue</arg>
<doc>Executes the given JavaScript code with possible arguments.</doc>
<status status="NOT RUN" starttime="20260122 17:51:31.212" endtime="20260122 17:51:31.212"/>
</kw>
<status status="NOT RUN" starttime="20260122 17:51:31.212" endtime="20260122 17:51:31.212"/>
</branch>
<status status="PASS" starttime="20260122 17:51:31.212" endtime="20260122 17:51:31.213"/>
</if>
<status status="PASS" starttime="20260122 17:51:30.458" endtime="20260122 17:51:31.213"/>
</kw>
<kw name="Sleep" library="BuiltIn">
<arg>2s</arg>
<doc>Pauses the test executed for the given time.</doc>
<msg timestamp="20260122 17:51:33.214" level="INFO">Slept 2 seconds</msg>
<status status="PASS" starttime="20260122 17:51:31.213" endtime="20260122 17:51:33.214"/>
</kw>
<status status="PASS" starttime="20260122 17:51:30.458" endtime="20260122 17:51:33.214"/>
</kw>
<kw name="Wait And Click" library="keywords">
<arg>${push_your_limit}</arg>
<doc>Waits until element is visible &amp; enabled, scrolls into view, clicks, fallback to JS if normal click fails</doc>
<kw name="Wait Until Element Is Visible" library="SeleniumLibrary">
<arg>${locator}</arg>
<arg>${timeout}</arg>
<doc>Waits until the element ``locator`` is visible.</doc>
<status status="PASS" starttime="20260122 17:51:33.215" endtime="20260122 17:51:33.237"/>
</kw>
<kw name="Wait Until Element Is Enabled" library="SeleniumLibrary">
<arg>${locator}</arg>
<arg>${timeout}</arg>
<doc>Waits until the element ``locator`` is enabled.</doc>
<status status="PASS" starttime="20260122 17:51:33.237" endtime="20260122 17:51:33.257"/>
</kw>
<kw name="Scroll Element Into View" library="SeleniumLibrary">
<arg>${locator}</arg>
<doc>Scrolls the element identified by ``locator`` into view.</doc>
<status status="PASS" starttime="20260122 17:51:33.257" endtime="20260122 17:51:33.540"/>
</kw>
[...]
</kw>
<kw name="Wait Until Element Is Visible" library="SeleniumLibrary">
<arg>${link}</arg>
<arg>10s</arg>
<doc>Waits until the element ``locator`` is visible.</doc>
<status status="PASS" starttime="20260122 17:54:54.152" endtime="20260122 17:54:54.160"/>
</kw>
<kw name="Wait Until Element Is Enabled" library="SeleniumLibrary">
<arg>${link}</arg>
<arg>10s</arg>
<doc>Waits until the element ``locator`` is enabled.</doc>
<status status="PASS" starttime="20260122 17:54:54.160" endtime="20260122 17:54:54.171"/>
</kw>
<kw name="Run Keyword And Return Status" library="BuiltIn">
<var>${clicked}</var>
<arg>Click Element</arg>
<arg>${link}</arg>
<doc>Runs the given keyword with given arguments and returns the status as a Boolean value.</doc>
<kw name="Click Element" library="SeleniumLibrary">
<arg>${link}</arg>
<doc>Click the element identified by ``locator``.</doc>
<msg timestamp="20260122 17:54:54.172" level="INFO">Clicking element '&lt;selenium.webdriver.remote.webelement.WebElement (session="015d07151c0dee49df43fd071f4390d2", element="f.BF260F6DC3FB8BDDF491B93D6BFA9197.d.165586DAF5E9AE34F010C5401B08E110.e.523")&gt;'.</msg>
<status status="PASS" starttime="20260122 17:54:54.172" endtime="20260122 17:54:54.243"/>
</kw>
<msg timestamp="20260122 17:54:54.243" level="INFO">${clicked} = True</msg>
<status status="PASS" starttime="20260122 17:54:54.171" endtime="20260122 17:54:54.243"/>
</kw>
<if>
<branch type="IF" condition="not ${clicked}">
<kw name="Log" library="BuiltIn">
<arg>JS click fallback for: ${text}</arg>
<doc>Logs the given message with the given level.</doc>
<status status="NOT RUN" starttime="20260122 17:54:54.244" endtime="20260122 17:54:54.244"/>
</kw>
<kw name="Execute Javascript" library="SeleniumLibrary">
<arg>arguments[0].click();</arg>
<arg>${link}</arg>
<doc>Executes the given JavaScript code with possible arguments.</doc>
<status status="NOT RUN" starttime="20260122 17:54:54.244" endtime="20260122 17:54:54.244"/>
</kw>
<status status="NOT RUN" starttime="20260122 17:54:54.244" endtime="20260122 17:54:54.244"/>
</branch>
<status status="PASS" starttime="20260122 17:54:54.243" endtime="20260122 17:54:54.244"/>
</if>
<kw name="Sleep" library="BuiltIn">
<arg>0.8s</arg>
<doc>Pauses the test executed for the given time.</doc>
<msg timestamp="20260122 17:54:55.045" level="INFO">Slept 800 milliseconds</msg>
<status status="PASS" starttime="20260122 17:54:54.244" endtime="20260122 17:54:55.045"/>
</kw>
<kw name="Run Keyword And Ignore Error" library="BuiltIn">
<arg>Capture Page Screenshot</arg>
<doc>Runs the given keyword with the given arguments and ignores possible error.</doc>
<kw name="Capture Page Screenshot" library="SeleniumLibrary">
<doc>Takes a screenshot of the current page and embeds it into a log file.</doc>
<msg timestamp="20260122 17:54:55.253" level="INFO" html="true">&lt;/td&gt;&lt;/tr&gt;&lt;tr&gt;&lt;td colspan="3"&gt;&lt;a href="selenium-screenshot-1321.png"&gt;&lt;img src="selenium-screenshot-1321.png" width="800px"&gt;&lt;/a&gt;</msg>
<status status="PASS" starttime="20260122 17:54:55.045" endtime="20260122 17:54:55.253"/>
</kw>
<status status="PASS" starttime="20260122 17:54:55.045" endtime="20260122 17:54:55.253"/>
</kw>
<status status="PASS" starttime="20260122 17:54:53.463" endtime="20260122 17:54:55.253"/>
</iter>
<status status="PASS" starttime="20260122 17:54:39.613" endtime="20260122 17:54:55.253"/>
</for>
<status status="PASS" starttime="20260122 17:54:38.762" endtime="20260122 17:54:55.253"/>
</kw>
<kw name="Scroll Element Into View" library="SeleniumLibrary">
<arg>xpath=/html/body/div[1]/header/div[1]/div/div/div</arg>
<doc>Scrolls the element identified by ``locator`` into view.</doc>
<status status="PASS" starttime="20260122 17:54:55.253" endtime="20260122 17:54:55.540"/>
</kw>
<status status="PASS" starttime="20260122 17:54:16.589" endtime="20260122 17:54:55.540"/>
</kw>
<kw name="Test Everest Base Camp" library="treks_tours">
<kw name="Click Moderate" library="treks_tours">
<kw name="Open Trek And Tours Menu" library="home_page">
<kw name="Wait And Click" library="keywords">
<arg>${trek_and_tours}</arg>
<doc>Waits until element is visible &amp; enabled, scrolls into view, clicks, fallback to JS if normal click fails</doc>
<kw name="Wait Until Element Is Visible" library="SeleniumLibrary">
<arg>${locator}</arg>
<arg>${timeout}</arg>
<doc>Waits until the element ``locator`` is visible.</doc>
<status status="PASS" starttime="20260122 17:54:55.542" endtime="20260122 17:54:55.559"/>
</kw>
<kw name="Wait Until Element Is Enabled" library="SeleniumLibrary">
<arg>${locator}</arg>
<arg>${timeout}</arg>
<doc>Waits until the element ``locator`` is enabled.</doc>
<status status="PASS" starttime="20260122 17:54:55.559" endtime="20260122 17:54:55.577"/>
</kw>
<kw name="Scroll Element Into View" library="SeleniumLibrary">
<arg>${locator}</arg>
<doc>Scrolls the element identified by ``locator`` into view.</doc>
<status status="PASS" starttime="20260122 17:54:55.577" endtime="20260122 17:54:55.853"/>
</kw>
<kw name="Run Keyword And Return Status" library="BuiltIn">
<var>${clicked}</var>
<arg>Click Element</arg>
<arg>${locator}</arg>
<doc>Runs the given keyword with given arguments and returns the status as a Boolean value.</doc>
<kw name="Click Element" library="SeleniumLibrary">
<arg>${locator}</arg>
<doc>Click the element identified by ``locator``.</doc>
<msg timestamp="20260122 17:54:55.854" level="INFO">Clicking element 'xpath=/html/body/div[1]/header/div[1]/div/div/div/div/div[2]/div[2]/ul/li[2]/a/i'.</msg>
<status status="PASS" starttime="20260122 17:54:55.853" endtime="20260122 17:54:55.904"/>
</kw>
<msg timestamp="20260122 17:54:55.904" level="INFO">${clicked} = True</msg>
<status status="PASS" starttime="20260122 17:54:55.853" endtime="20260122 17:54:55.904"/>
</kw>
<if>
<branch type="IF" condition="not ${clicked}">
<kw name="Log" library="BuiltIn">
<arg>Using JS click fallback for ${locator}</arg>
<doc>Logs the given message with the given level.</doc>
<status status="NOT RUN" starttime="20260122 17:54:55.904" endtime="20260122 17:54:55.904"/>
</kw>
<kw name="Execute Javascript" library="SeleniumLibrary">
<arg>arguments[0].click();</arg>
<arg>document.evaluate("${locator.replace('xpath=','')}", document, null, XPathResult.FIRST_ORDERED_NODE_TYPE, null).singleNodeValue</arg>
<doc>Executes the given JavaScript code with possible arguments.</doc>
<status status="NOT RUN" starttime="20260122 17:54:55.904" endtime="20260122 17:54:55.904"/>
</kw>
<status status="NOT RUN" starttime="20260122 17:54:55.904" endtime="20260122 17:54:55.904"/>
</branch>
<status status="PASS" starttime="20260122 17:54:55.904" endtime="20260122 17:54:55.904"/>
</if>
<status status="PASS" starttime="20260122 17:54:55.541" endtime="20260122 17:54:55.905"/>
</kw>
<kw name="Sleep" library="BuiltIn">
<arg>2s</arg>
<doc>Pauses the test executed for the given time.</doc>
<msg timestamp="20260122 17:54:57.905" level="INFO">Slept 2 seconds</msg>
<status status="PASS" starttime="20260122 17:54:55.905" endtime="20260122 17:54:57.905"/>
</kw>
<status status="PASS" starttime="20260122 17:54:55.541" endtime="20260122 17:54:57.905"/>
</kw>
<kw name="Click Push Your Limit" library="home_page">
<kw name="Wait And Click" library="keywords">
<arg>${push_your_limit}</arg>
<doc>Waits until element is visible &amp; enabled, scrolls into view, clicks, fallback to JS if normal click fails</doc>
<kw name="Wait Until Element Is Visible" library="SeleniumLibrary">
<arg>${locator}</arg>
<arg>${timeout}</arg>
<doc>Waits until the element ``locator`` is visible.</doc>
<status status="PASS" starttime="20260122 17:54:57.906" endtime="20260122 17:54:57.921"/>
</kw>
<kw name="Wait Until Element Is Enabled" library="SeleniumLibrary">
<arg>${locator}</arg>
<arg>${timeout}</arg>
<doc>Waits until the element ``locator`` is enabled.</doc>
<status status="PASS" starttime="20260122 17:54:57.921" endtime="20260122 17:54:57.939"/>
</kw>
<kw name="Scroll Element Into View" library="SeleniumLibrary">
<arg>${locator}</arg>
<doc>Scrolls the element identified by ``locator`` into view.</doc>
<status status="PASS" starttime="20260122 17:54:57.940" endtime="20260122 17:54:58.219"/>
</kw>
<kw name="Run Keyword And Return Status" library="BuiltIn">
<var>${clicked}</var>
<arg>Click Element</arg>
<arg>${locator}</arg>
<doc>Runs the given keyword with given arguments and returns the status as a Boolean value.</doc>
<kw name="Click Element" library="SeleniumLibrary">
<arg>${locator}</arg>
<doc>Click the element identified by ``locator``.</doc>
<msg timestamp="20260122 17:54:58.220" level="INFO">Clicking element 'xpath=/html/body/div[1]/header/div[1]/div/div/div/div/div[2]/div[2]/ul/li[2]/ul/li[2]/a'.</msg>
<status status="PASS" starttime="20260122 17:54:58.220" endtime="20260122 17:55:00.427"/>
</kw>
<msg timestamp="20260122 17:55:00.427" level="INFO">${clicked} = True</msg>
<status status="PASS" starttime="20260122 17:54:58.219" endtime="20260122 17:55:00.427"/>
</kw>
<if>
<branch type="IF" condition="not ${clicked}">
<kw name="Log" library="BuiltIn">
<arg>Using JS click fallback for ${locator}</arg>
<doc>Logs the given message with the given level.</doc>
<status status="NOT RUN" starttime="20260122 17:55:00.427" endtime="20260122 17:55:00.428"/>
</kw>
<kw name="Execute Javascript" library="SeleniumLibrary">
<arg>arguments[0].click();</arg>
<arg>document.evaluate("${locator.replace('xpath=','')}", document, null, XPathResult.FIRST_ORDERED_NODE_TYPE, null).singleNodeValue</arg>
<doc>Executes the given JavaScript code with possible arguments.</doc>
<status status="NOT RUN" starttime="20260122 17:55:00.428" endtime="20260122 17:55:00.428"/>
</kw>
<status status="NOT RUN" starttime="20260122 17:55:00.427" endtime="20260122 17:55:00.428"/>
</branch>
<status status="PASS" starttime="20260122 17:55:00.427" endtime="20260122 17:55:00.428"/>
</if>
<status status="PASS" starttime="20260122 17:54:57.906" endtime="20260122 17:55:00.428"/>
</kw>
<kw name="Sleep" library="BuiltIn">
<arg>2s</arg>
<doc>Pauses the test executed for the given time.</doc>
<msg timestamp="20260122 17:55:02.429" level="INFO">Slept 2 seconds</msg>
<status status="PASS" starttime="20260122 17:55:00.428" endtime="20260122 17:55:02.429"/>
</kw>
<status status="PASS" starttime="20260122 17:54:57.905" endtime="20260122 17:55:02.429"/>
</kw>
<kw name="Go Down to" library="treks_tours">
<kw name="Scroll Element Into View" library="SeleniumLibrary">
<arg>${header}</arg>
<doc>Scrolls the element identified by ``locator`` into view.</doc>
<status status="PASS" starttime="20260122 17:55:02.430" endtime="20260122 17:55:02.698"/>
</kw>
<kw name="Sleep" library="BuiltIn">
<arg>2s</arg>
<doc>Pauses the test executed for the given time.</doc>
<msg timestamp="20260122 17:55:04.699" level="INFO">Slept 2 seconds</msg>
<status status="PASS" starttime="20260122 17:55:02.698" endtime="20260122 17:55:04.699"/>
</kw>
<status status="PASS" starttime="20260122 17:55:02.429" endtime="20260122 17:55:04.699"/>
</kw>
<kw name="Wait And Click" library="keywords">
<arg>${moderate}</arg>
<doc>Waits until element is visible &amp; enabled, scrolls into view, clicks, fallback to JS if normal click fails</doc>
<kw name="Wait Until Element Is Visible" library="SeleniumLibrary">
<arg>${locator}</arg>
<arg>${timeout}</arg>
<doc>Waits until the element ``locator`` is visible.</doc>
<status status="PASS" starttime="20260122 17:55:04.699" endtime="20260122 17:55:04.716"/>
</kw>
<kw name="Wait Until Element Is Enabled" library="SeleniumLibrary">
<arg>${locator}</arg>
<arg>${timeout}</arg>
<doc>Waits until the element ``locator`` is enabled.</doc>
<status status="PASS" starttime="20260122 17:55:04.716" endtime="20260122 17:55:04.734"/>
</kw>
<kw name="Scroll Element Into View" library="SeleniumLibrary">
<arg>${locator}</arg>
<doc>Scrolls the element identified by ``locator`` into view.</doc>
<status status="PASS" starttime="20260122 17:55:04.734" endtime="20260122 17:55:05.025"/>
</kw>
<kw name="Run Keyword And Return Status" library="BuiltIn">
<var>${clicked}</var>
<arg>Click Element</arg>
<arg>${locator}</arg>
<doc>Runs the given keyword with given arguments and returns the status as a Boolean value.</doc>
<kw name="Click Element" library="SeleniumLibrary">
<arg>${locator}</arg>
<doc>Click the element identified by ``locator``.</doc>
<msg timestamp="20260122 17:55:05.026" level="INFO">Clicking element 'xpath=/html/body/div[3]/section/div/div/ul/li[2]/h3'.</msg>
<status status="PASS" starttime="20260122 17:55:05.025" endtime="20260122 17:55:05.081"/>
</kw>
<msg timestamp="20260122 17:55:05.081" level="INFO">${clicked} = True</msg>
<status status="PASS" starttime="20260122 17:55:05.025" endtime="20260122 17:55:05.081"/>
</kw>
<if>
<branch type="IF" condition="not ${clicked}">
<kw name="Log" library="BuiltIn">
<arg>Using JS click fallback for ${locator}</arg>
<doc>Logs the given message with the given level.</doc>
<status status="NOT RUN" starttime="20260122 17:55:05.081" endtime="20260122 17:55:05.081"/>
</kw>
<kw name="Execute Javascript" library="SeleniumLibrary">
<arg>arguments[0].click();</arg>
<arg>document.evaluate("${locator.replace('xpath=','')}", document, null, XPathResult.FIRST_ORDERED_NODE_TYPE, null).singleNodeValue</arg>
<doc>Executes the given JavaScript code with possible arguments.</doc>
<status status="NOT RUN" starttime="20260122 17:55:05.081" endtime="20260122 17:55:05.081"/>
</kw>
<status status="NOT RUN" starttime="20260122 17:55:05.081" endtime="20260122 17:55:05.081"/>
</branch>
<status status="PASS" starttime="20260122 17:55:05.081" endtime="20260122 17:55:05.081"/>
</if>
<status status="PASS" starttime="20260122 17:55:04.699" endtime="20260122 17:55:05.081"/>
</kw>
<status status="PASS" starttime="20260122 17:54:55.541" endtime="20260122 17:55:05.082"/>
</kw>
<kw name="Wait And Click" library="keywords">
<arg>${Everest_base_camp}</arg>
<doc>Waits until element is visible &amp; enabled, scrolls into view, clicks, fallback to JS if normal click fails</doc>
<kw name="Wait Until Element Is Visible" library="SeleniumLibrary">
<arg>${locator}</arg>
<arg>${timeout}</arg>
<doc>Waits until the element ``locator`` is visible.</doc>
<status status="PASS" starttime="20260122 17:55:05.082" endtime="20260122 17:55:05.110"/>
</kw>
<kw name="Wait Until Element Is Enabled" library="SeleniumLibrary">
<arg>${locator}</arg>
<arg>${timeout}</arg>
<doc>Waits until the element ``locator`` is enabled.</doc>
<status status="PASS" starttime="20260122 17:55:05.110" endtime="20260122 17:55:05.148"/>
</kw>
<kw name="Scroll Element Into View" library="SeleniumLibrary">
<arg>${locator}</arg>
<doc>Scrolls the element identified by ``locator`` into view.</doc>
<status status="PASS" starttime="20260122 17:55:05.148" endtime="20260122 17:55:05.433"/>
</kw>
<kw name="Run Keyword And Return Status" library="BuiltIn">
<var>${clicked}</var>
<arg>Click Element</arg>
<arg>${locator}</arg>
<doc>Runs the given keyword with given arguments and returns the status as a Boolean value.</doc>
<kw name="Click Element" library="SeleniumLibrary">
<arg>${locator}</arg>
<doc>Click the element identified by ``locator``.</doc>
<msg timestamp="20260122 17:55:05.434" level="INFO">Clicking element 'xpath=//*[@id="tab-moderate"]/section/div/div/div/div[2]/div[4]'.</msg>
<status status="PASS" starttime="20260122 17:55:05.433" endtime="20260122 17:55:08.314"/>
</kw>
<msg timestamp="20260122 17:55:08.314" level="INFO">${clicked} = True</msg>
<status status="PASS" starttime="20260122 17:55:05.433" endtime="20260122 17:55:08.314"/>
</kw>
<if>
<branch type="IF" condition="not ${clicked}">
<kw name="Log" library="BuiltIn">
<arg>Using JS click fallback for ${locator}</arg>
<doc>Logs the given message with the given level.</doc>
<status status="NOT RUN" starttime="20260122 17:55:08.314" endtime="20260122 17:55:08.315"/>
</kw>
<kw name="Execute Javascript" library="SeleniumLibrary">
<arg>arguments[0].click();</arg>
<arg>document.evaluate("${locator.replace('xpath=','')}", document, null, XPathResult.FIRST_ORDERED_NODE_TYPE, null).singleNodeValue</arg>
<doc>Executes the given JavaScript code with possible arguments.</doc>
<status status="NOT RUN" starttime="20260122 17:55:08.315" endtime="20260122 17:55:08.315"/>
</kw>
<status status="NOT RUN" starttime="20260122 17:55:08.314" endtime="20260122 17:55:08.315"/>
</branch>
<status status="PASS" starttime="20260122 17:55:08.314" endtime="20260122 17:55:08.315"/>
</if>
<status status="PASS" starttime="20260122 17:55:05.082" endtime="20260122 17:55:08.315"/>
</kw>
<kw name="Wait Until Element Is Visible" library="SeleniumLibrary">
<arg>${EBC_content}</arg>
<doc>Waits until the element ``locator`` is visible.</doc>
<msg timestamp="20260122 17:55:08.543" level="INFO" html="true">&lt;/td&gt;&lt;/tr&gt;&lt;tr&gt;&lt;td colspan="3"&gt;&lt;a href="selenium-screenshot-1322.png"&gt;&lt;img src="selenium-screenshot-1322.png" width="800px"&gt;&lt;/a&gt;</msg>
<msg timestamp="20260122 17:55:08.544" level="FAIL">InvalidSelectorException: Message: invalid selector: Unable to locate an element with the xpath expression  because of the following error:
SyntaxError: Failed to execute 'evaluate' on 'Document': The string '' is not a valid XPath expression.
  (Session info: chrome=144.0.7559.61); For documentation on this error, please visit: https://www.selenium.dev/documentation/webdriver/troubleshooting/errors#invalidselectorexception
Stacktrace:
Symbols not available. Dumping unresolved backtrace:
	0x7ff77a6c5715
	0x7ff77a6c5770
	0x7ff77a47108d
	0x7ff77a478ff1
	0x7ff77a47c124
	0x7ff77a47c1ef
	0x7ff77a4cbb3e
	0x7ff77a4cc6cc
	0x7ff77a51d327
	0x7ff77a519e45
	0x7ff77a4bcc28
	0x7ff77a4bdb33
	0x7ff77a9ae9f0
	0x7ff77a9a8ded
	0x7ff77a9c969a
	0x7ff77a6e11e5
	0x7ff77a6e99cc
	0x7ff77a6cebf4
	0x7ff77a6ceda6
	0x7ff77a6b4e87
	0x7ffb66967374
	0x7ffb6753cc91
</msg>
<status status="FAIL" starttime="20260122 17:55:08.315" endtime="20260122 17:55:08.555"/>
</kw>
<kw name="Click All Everest Base Camp Sticky Navbar Link" library="treks_tours">
<doc>Scrolls all EBC sticky navbar links safely (CI + Desktop)</doc>
<status status="NOT RUN" starttime="20260122 17:55:08.555" endtime="20260122 17:55:08.555"/>
</kw>
<status status="FAIL" starttime="20260122 17:54:55.541" endtime="20260122 17:55:08.555"/>
</kw>
<kw name="Close Browser" library="SeleniumLibrary" type="TEARDOWN">
<doc>Closes the current browser.</doc>
<status status="PASS" starttime="20260122 17:55:08.556" endtime="20260122 17:55:10.866"/>
</kw>
<status status="FAIL" starttime="20260122 17:50:10.248" endtime="20260122 17:55:10.866">InvalidSelectorException: Message: invalid selector: Unable to locate an element with the xpath expression  because of the following error:
SyntaxError: Failed to execute 'evaluate' on 'Document': The string '' is not a valid XPath expression.
  (Session info: chrome=144.0.7559.61); For documentation on this error, please visit: https://www.selenium.dev/documentation/webdriver/troubleshooting/errors#invalidselectorexception
Stacktrace:
Symbols not available. Dumping unresolved backtrace:
	0x7ff77a6c5715
	0x7ff77a6c5770
	0x7ff77a47108d
	0x7ff77a478ff1
	0x7ff77a47c124
	0x7ff77a47c1ef
	0x7ff77a4cbb3e
	0x7ff77a4cc6cc
	0x7ff77a51d327
	0x7ff77a519e45
	0x7ff77a4bcc28
	0x7ff77a4bdb33
	0x7ff77a9ae9f0
	0x7ff77a9a8ded
	0x7ff77a9c969a
	0x7ff77a6e11e5
	0x7ff77a6e99cc
	0x7ff77a6cebf4
	0x7ff77a6ceda6
	0x7ff77a6b4e87
	0x7ffb66967374
	0x7ffb6753cc91
</status>
</test>
<status status="FAIL" starttime="20260122 17:50:09.748" endtime="20260122 17:55:10.868"/>
</suite>
<statistics>
<total>
<stat pass="0" fail="1" skip="0">All Tests</stat>
</total>
<tag>
</tag>
<suite>
<stat pass="0" fail="1" skip="0" id="s1" name="Treks Tours">Treks Tours</stat>
</suite>
</statistics>
<errors>
<msg timestamp="20260122 17:51:09.110" level="WARN">Keyword 'BuiltIn.Run Keyword Unless' is deprecated. </msg>
<msg timestamp="20260122 17:51:21.442" level="WARN">Keyword 'BuiltIn.Run Keyword Unless' is deprecated. </msg>
</errors>
</robot>
