<?xml version="1.0" encoding="UTF-8"?>
<robot generator="Robot 6.1.1 (Python 3.13.9 on win32)" generated="20260123 17:46:22.829" rpa="false" schemaversion="4">
<suite id="s1" name="Explore The Ancient" source="C:\Users\Swarup Dahal\PycharmProjects\trail-quest\tests\explore_the_ancient.robot">
<test id="s1-t1" name="Explore The Ancient Tests" line="8">
<kw name="Open Homepage" library="home_page">
<kw name="Open Browser To Application" library="browser">
<kw name="Evaluate" library="BuiltIn">
<var>${chrome_options}</var>
<arg>selenium.webdriver.ChromeOptions()</arg>
<arg>modules=selenium.webdriver</arg>
<doc>Evaluates the given expression in Python and returns the result.</doc>
<msg timestamp="20260123 17:46:23.349" level="INFO">${chrome_options} = &lt;selenium.webdriver.chrome.options.Options object at 0x000001E3DDE6B620&gt;</msg>
<status status="PASS" starttime="20260123 17:46:23.348" endtime="20260123 17:46:23.349"/>
</kw>
<kw name="Create List" library="BuiltIn">
<var>${args}</var>
<arg>--window-size=1920,1080</arg>
<arg>--start-maximized</arg>
<arg>--no-sandbox</arg>
<arg>--disable-dev-shm-usage</arg>
<arg>--disable-gpu</arg>
<arg>--disable-software-rasterizer</arg>
<arg>--remote-debugging-port=9222</arg>
<arg>--disable-extensions</arg>
<arg>--disable-setuid-sandbox</arg>
<doc>Returns a list containing given items.</doc>
<msg timestamp="20260123 17:46:23.349" level="INFO">${args} = ['--window-size=1920,1080', '--start-maximized', '--no-sandbox', '--disable-dev-shm-usage', '--disable-gpu', '--disable-software-rasterizer', '--remote-debugging-port=9222', '--disable-extensions', '-...</msg>
<status status="PASS" starttime="20260123 17:46:23.349" endtime="20260123 17:46:23.349"/>
</kw>
<for flavor="IN">
<var>${arg}</var>
<value>@{args}</value>
<iter>
<var name="${arg}">--window-size=1920,1080</var>
<kw name="Call Method" library="BuiltIn">
<arg>${chrome_options}</arg>
<arg>add_argument</arg>
<arg>${arg}</arg>
<doc>Calls the named method of the given object with the provided arguments.</doc>
<status status="PASS" starttime="20260123 17:46:23.350" endtime="20260123 17:46:23.350"/>
</kw>
<status status="PASS" starttime="20260123 17:46:23.350" endtime="20260123 17:46:23.350"/>
</iter>
<iter>
<var name="${arg}">--start-maximized</var>
<kw name="Call Method" library="BuiltIn">
<arg>${chrome_options}</arg>
<arg>add_argument</arg>
<arg>${arg}</arg>
<doc>Calls the named method of the given object with the provided arguments.</doc>
<status status="PASS" starttime="20260123 17:46:23.350" endtime="20260123 17:46:23.351"/>
</kw>
<status status="PASS" starttime="20260123 17:46:23.350" endtime="20260123 17:46:23.351"/>
</iter>
<iter>
<var name="${arg}">--no-sandbox</var>
<kw name="Call Method" library="BuiltIn">
<arg>${chrome_options}</arg>
<arg>add_argument</arg>
<arg>${arg}</arg>
<doc>Calls the named method of the given object with the provided arguments.</doc>
<status status="PASS" starttime="20260123 17:46:23.351" endtime="20260123 17:46:23.351"/>
</kw>
<status status="PASS" starttime="20260123 17:46:23.351" endtime="20260123 17:46:23.351"/>
</iter>
<iter>
<var name="${arg}">--disable-dev-shm-usage</var>
<kw name="Call Method" library="BuiltIn">
<arg>${chrome_options}</arg>
<arg>add_argument</arg>
<arg>${arg}</arg>
<doc>Calls the named method of the given object with the provided arguments.</doc>
<status status="PASS" starttime="20260123 17:46:23.351" endtime="20260123 17:46:23.352"/>
</kw>
<status status="PASS" starttime="20260123 17:46:23.351" endtime="20260123 17:46:23.352"/>
</iter>
<iter>
<var name="${arg}">--disable-gpu</var>
<kw name="Call Method" library="BuiltIn">
<arg>${chrome_options}</arg>
<arg>add_argument</arg>
<arg>${arg}</arg>
<doc>Calls the named method of the given object with the provided arguments.</doc>
<status status="PASS" starttime="20260123 17:46:23.352" endtime="20260123 17:46:23.352"/>
</kw>
<status status="PASS" starttime="20260123 17:46:23.352" endtime="20260123 17:46:23.352"/>
</iter>
<iter>
<var name="${arg}">--disable-software-rasterizer</var>
<kw name="Call Method" library="BuiltIn">
<arg>${chrome_options}</arg>
<arg>add_argument</arg>
<arg>${arg}</arg>
<doc>Calls the named method of the given object with the provided arguments.</doc>
<status status="PASS" starttime="20260123 17:46:23.352" endtime="20260123 17:46:23.352"/>
</kw>
<status status="PASS" starttime="20260123 17:46:23.352" endtime="20260123 17:46:23.352"/>
</iter>
<iter>
<var name="${arg}">--remote-debugging-port=9222</var>
<kw name="Call Method" library="BuiltIn">
<arg>${chrome_options}</arg>
<arg>add_argument</arg>
<arg>${arg}</arg>
<doc>Calls the named method of the given object with the provided arguments.</doc>
<status status="PASS" starttime="20260123 17:46:23.353" endtime="20260123 17:46:23.353"/>
</kw>
<status status="PASS" starttime="20260123 17:46:23.353" endtime="20260123 17:46:23.353"/>
</iter>
<iter>
<var name="${arg}">--disable-extensions</var>
<kw name="Call Method" library="BuiltIn">
<arg>${chrome_options}</arg>
<arg>add_argument</arg>
<arg>${arg}</arg>
<doc>Calls the named method of the given object with the provided arguments.</doc>
<status status="PASS" starttime="20260123 17:46:23.353" endtime="20260123 17:46:23.353"/>
</kw>
<status status="PASS" starttime="20260123 17:46:23.353" endtime="20260123 17:46:23.353"/>
</iter>
<iter>
<var name="${arg}">--disable-setuid-sandbox</var>
<kw name="Call Method" library="BuiltIn">
<arg>${chrome_options}</arg>
<arg>add_argument</arg>
<arg>${arg}</arg>
<doc>Calls the named method of the given object with the provided arguments.</doc>
<status status="PASS" starttime="20260123 17:46:23.354" endtime="20260123 17:46:23.354"/>
</kw>
<status status="PASS" starttime="20260123 17:46:23.354" endtime="20260123 17:46:23.354"/>
</iter>
<status status="PASS" starttime="20260123 17:46:23.349" endtime="20260123 17:46:23.354"/>
</for>
<kw name="Open Browser" library="SeleniumLibrary">
<arg>${BASE_URL}</arg>
<arg>${BROWSER}</arg>
<arg>options=${chrome_options}</arg>
<doc>Opens a new browser instance to the optional ``url``.</doc>
<msg timestamp="20260123 17:46:23.355" level="INFO">Opening browser 'Chrome' to base url 'https://trailquest.global/'.</msg>
<status status="PASS" starttime="20260123 17:46:23.354" endtime="20260123 17:46:29.738"/>
</kw>
<status status="PASS" starttime="20260123 17:46:23.348" endtime="20260123 17:46:29.739"/>
</kw>
<kw name="Sleep" library="BuiltIn">
<arg>2s</arg>
<doc>Pauses the test executed for the given time.</doc>
<msg timestamp="20260123 17:46:31.739" level="INFO">Slept 2 seconds</msg>
<status status="PASS" starttime="20260123 17:46:29.739" endtime="20260123 17:46:31.739"/>
</kw>
<status status="PASS" starttime="20260123 17:46:23.348" endtime="20260123 17:46:31.740"/>
</kw>
<kw name="Verify Logo Is Visible" library="home_page">
<kw name="Wait Until Element Is Visible" library="SeleniumLibrary">
<arg>${logo}</arg>
<doc>Waits until the element ``locator`` is visible.</doc>
<status status="PASS" starttime="20260123 17:46:31.740" endtime="20260123 17:46:31.770"/>
</kw>
<kw name="Sleep" library="BuiltIn">
<arg>2s</arg>
<doc>Pauses the test executed for the given time.</doc>
<msg timestamp="20260123 17:46:33.771" level="INFO">Slept 2 seconds</msg>
<status status="PASS" starttime="20260123 17:46:31.770" endtime="20260123 17:46:33.771"/>
</kw>
<status status="PASS" starttime="20260123 17:46:31.740" endtime="20260123 17:46:33.771"/>
</kw>
<kw name="Open Trek And Tours Menu" library="home_page">
<kw name="Wait And Click" library="keywords">
<arg>${trek_and_tours}</arg>
<doc>Waits until element is visible &amp; enabled, scrolls into view, clicks, fallback to JS if normal click fails</doc>
<kw name="Wait Until Element Is Visible" library="SeleniumLibrary">
<arg>${locator}</arg>
<arg>${timeout}</arg>
<doc>Waits until the element ``locator`` is visible.</doc>
<status status="PASS" starttime="20260123 17:46:33.772" endtime="20260123 17:46:33.793"/>
</kw>
<kw name="Wait Until Element Is Enabled" library="SeleniumLibrary">
<arg>${locator}</arg>
<arg>${timeout}</arg>
<doc>Waits until the element ``locator`` is enabled.</doc>
<status status="PASS" starttime="20260123 17:46:33.794" endtime="20260123 17:46:33.821"/>
</kw>
<kw name="Scroll Element Into View" library="SeleniumLibrary">
<arg>${locator}</arg>
<doc>Scrolls the element identified by ``locator`` into view.</doc>
<status status="PASS" starttime="20260123 17:46:33.821" endtime="20260123 17:46:34.113"/>
</kw>
<kw name="Run Keyword And Return Status" library="BuiltIn">
<var>${clicked}</var>
<arg>Click Element</arg>
<arg>${locator}</arg>
<doc>Runs the given keyword with given arguments and returns the status as a Boolean value.</doc>
<kw name="Click Element" library="SeleniumLibrary">
<arg>${locator}</arg>
<doc>Click the element identified by ``locator``.</doc>
<msg timestamp="20260123 17:46:34.114" level="INFO">Clicking element 'xpath=/html/body/div[1]/header/div[1]/div/div/div/div/div[2]/div[2]/ul/li[2]/a/i'.</msg>
<status status="PASS" starttime="20260123 17:46:34.113" endtime="20260123 17:46:34.193"/>
</kw>
<msg timestamp="20260123 17:46:34.193" level="INFO">${clicked} = True</msg>
<status status="PASS" starttime="20260123 17:46:34.113" endtime="20260123 17:46:34.193"/>
</kw>
<if>
<branch type="IF" condition="not ${clicked}">
<kw name="Log" library="BuiltIn">
<arg>Using JS click fallback for ${locator}</arg>
<doc>Logs the given message with the given level.</doc>
<status status="NOT RUN" starttime="20260123 17:46:34.194" endtime="20260123 17:46:34.194"/>
</kw>
<kw name="Execute Javascript" library="SeleniumLibrary">
<arg>arguments[0].click();</arg>
<arg>document.evaluate("${locator.replace('xpath=','')}", document, null, XPathResult.FIRST_ORDERED_NODE_TYPE, null).singleNodeValue</arg>
<doc>Executes the given JavaScript code with possible arguments.</doc>
<status status="NOT RUN" starttime="20260123 17:46:34.194" endtime="20260123 17:46:34.194"/>
</kw>
<status status="NOT RUN" starttime="20260123 17:46:34.193" endtime="20260123 17:46:34.194"/>
</branch>
<status status="PASS" starttime="20260123 17:46:34.193" endtime="20260123 17:46:34.194"/>
</if>
<status status="PASS" starttime="20260123 17:46:33.772" endtime="20260123 17:46:34.194"/>
</kw>
<kw name="Sleep" library="BuiltIn">
<arg>2s</arg>
<doc>Pauses the test executed for the given time.</doc>
<msg timestamp="20260123 17:46:36.195" level="INFO">Slept 2 seconds</msg>
<status status="PASS" starttime="20260123 17:46:34.194" endtime="20260123 17:46:36.195"/>
</kw>
<status status="PASS" starttime="20260123 17:46:33.772" endtime="20260123 17:46:36.196"/>
</kw>
<kw name="Test Off the beaten" library="Explore_The_Ancient">
<kw name="Click Explore The Ancient" library="Explore_The_Ancient">
<kw name="Wait And Click" library="keywords">
<arg>${explore_the_ancient}</arg>
<doc>Waits until element is visible &amp; enabled, scrolls into view, clicks, fallback to JS if normal click fails</doc>
<kw name="Wait Until Element Is Visible" library="SeleniumLibrary">
<arg>${locator}</arg>
<arg>${timeout}</arg>
<doc>Waits until the element ``locator`` is visible.</doc>
<status status="PASS" starttime="20260123 17:46:36.197" endtime="20260123 17:46:36.218"/>
</kw>
<kw name="Wait Until Element Is Enabled" library="SeleniumLibrary">
<arg>${locator}</arg>
<arg>${timeout}</arg>
<doc>Waits until the element ``locator`` is enabled.</doc>
<status status="PASS" starttime="20260123 17:46:36.218" endtime="20260123 17:46:36.237"/>
</kw>
<kw name="Scroll Element Into View" library="SeleniumLibrary">
<arg>${locator}</arg>
<doc>Scrolls the element identified by ``locator`` into view.</doc>
<status status="PASS" starttime="20260123 17:46:36.237" endtime="20260123 17:46:36.523"/>
</kw>
<kw name="Run Keyword And Return Status" library="BuiltIn">
<var>${clicked}</var>
<arg>Click Element</arg>
<arg>${locator}</arg>
<doc>Runs the given keyword with given arguments and returns the status as a Boolean value.</doc>
<kw name="Click Element" library="SeleniumLibrary">
<arg>${locator}</arg>
<doc>Click the element identified by ``locator``.</doc>
<msg timestamp="20260123 17:46:36.524" level="INFO">Clicking element 'xpath=/html/body/div[1]/header/div[1]/div/div/div/div/div[2]/div[2]/ul/li[2]/ul/li[5]/a'.</msg>
<status status="PASS" starttime="20260123 17:46:36.524" endtime="20260123 17:46:38.766"/>
</kw>
<msg timestamp="20260123 17:46:38.766" level="INFO">${clicked} = True</msg>
<status status="PASS" starttime="20260123 17:46:36.523" endtime="20260123 17:46:38.766"/>
</kw>
<if>
<branch type="IF" condition="not ${clicked}">
<kw name="Log" library="BuiltIn">
<arg>Using JS click fallback for ${locator}</arg>
<doc>Logs the given message with the given level.</doc>
<status status="NOT RUN" starttime="20260123 17:46:38.767" endtime="20260123 17:46:38.767"/>
</kw>
<kw name="Execute Javascript" library="SeleniumLibrary">
<arg>arguments[0].click();</arg>
<arg>document.evaluate("${locator.replace('xpath=','')}", document, null, XPathResult.FIRST_ORDERED_NODE_TYPE, null).singleNodeValue</arg>
<doc>Executes the given JavaScript code with possible arguments.</doc>
<status status="NOT RUN" starttime="20260123 17:46:38.767" endtime="20260123 17:46:38.767"/>
</kw>
<status status="NOT RUN" starttime="20260123 17:46:38.766" endtime="20260123 17:46:38.767"/>
</branch>
<status status="PASS" starttime="20260123 17:46:38.766" endtime="20260123 17:46:38.768"/>
</if>
<status status="PASS" starttime="20260123 17:46:36.197" endtime="20260123 17:46:38.768"/>
</kw>
<kw name="Sleep" library="BuiltIn">
<arg>2s</arg>
<doc>Pauses the test executed for the given time.</doc>
<msg timestamp="20260123 17:46:40.769" level="INFO">Slept 2 seconds</msg>
<status status="PASS" starttime="20260123 17:46:38.768" endtime="20260123 17:46:40.769"/>
</kw>
<status status="PASS" starttime="20260123 17:46:36.196" endtime="20260123 17:46:40.770"/>
</kw>
<kw name="Wait Until Element Is Visible" library="SeleniumLibrary">
<arg>${explore_the_ancient_content}</arg>
<doc>Waits until the element ``locator`` is visible.</doc>
<status status="PASS" starttime="20260123 17:46:40.770" endtime="20260123 17:46:40.791"/>
</kw>
<kw name="Go Down to" library="treks_tours">
<kw name="Scroll Element Into View" library="SeleniumLibrary">
<arg>${header}</arg>
<doc>Scrolls the element identified by ``locator`` into view.</doc>
<status status="PASS" starttime="20260123 17:46:40.792" endtime="20260123 17:46:41.089"/>
</kw>
<kw name="Sleep" library="BuiltIn">
<arg>2s</arg>
<doc>Pauses the test executed for the given time.</doc>
<msg timestamp="20260123 17:46:43.090" level="INFO">Slept 2 seconds</msg>
<status status="PASS" starttime="20260123 17:46:41.089" endtime="20260123 17:46:43.090"/>
</kw>
<status status="PASS" starttime="20260123 17:46:40.791" endtime="20260123 17:46:43.090"/>
</kw>
<kw name="Wait And Click" library="keywords">
<arg>${off_the_beaten}</arg>
<doc>Waits until element is visible &amp; enabled, scrolls into view, clicks, fallback to JS if normal click fails</doc>
<kw name="Wait Until Element Is Visible" library="SeleniumLibrary">
<arg>${locator}</arg>
<arg>${timeout}</arg>
<doc>Waits until the element ``locator`` is visible.</doc>
<status status="PASS" starttime="20260123 17:46:43.091" endtime="20260123 17:46:43.110"/>
</kw>
<kw name="Wait Until Element Is Enabled" library="SeleniumLibrary">
<arg>${locator}</arg>
<arg>${timeout}</arg>
<doc>Waits until the element ``locator`` is enabled.</doc>
<status status="PASS" starttime="20260123 17:46:43.110" endtime="20260123 17:46:43.128"/>
</kw>
<kw name="Scroll Element Into View" library="SeleniumLibrary">
<arg>${locator}</arg>
<doc>Scrolls the element identified by ``locator`` into view.</doc>
<status status="PASS" starttime="20260123 17:46:43.128" endtime="20260123 17:46:43.407"/>
</kw>
<kw name="Run Keyword And Return Status" library="BuiltIn">
<var>${clicked}</var>
<arg>Click Element</arg>
<arg>${locator}</arg>
<doc>Runs the given keyword with given arguments and returns the status as a Boolean value.</doc>
<kw name="Click Element" library="SeleniumLibrary">
<arg>${locator}</arg>
<doc>Click the element identified by ``locator``.</doc>
<msg timestamp="20260123 17:46:43.408" level="INFO">Clicking element 'xpath=/html/body/div[3]/section/div/div/ul/li[1]'.</msg>
<status status="PASS" starttime="20260123 17:46:43.407" endtime="20260123 17:46:43.464"/>
</kw>
<msg timestamp="20260123 17:46:43.464" level="INFO">${clicked} = True</msg>
<status status="PASS" starttime="20260123 17:46:43.407" endtime="20260123 17:46:43.464"/>
</kw>
<if>
<branch type="IF" condition="not ${clicked}">
<kw name="Log" library="BuiltIn">
<arg>Using JS click fallback for ${locator}</arg>
<doc>Logs the given message with the given level.</doc>
<status status="NOT RUN" starttime="20260123 17:46:43.464" endtime="20260123 17:46:43.465"/>
</kw>
<kw name="Execute Javascript" library="SeleniumLibrary">
<arg>arguments[0].click();</arg>
<arg>document.evaluate("${locator.replace('xpath=','')}", document, null, XPathResult.FIRST_ORDERED_NODE_TYPE, null).singleNodeValue</arg>
<doc>Executes the given JavaScript code with possible arguments.</doc>
<status status="NOT RUN" starttime="20260123 17:46:43.465" endtime="20260123 17:46:43.465"/>
</kw>
<status status="NOT RUN" starttime="20260123 17:46:43.464" endtime="20260123 17:46:43.465"/>
</branch>
<status status="PASS" starttime="20260123 17:46:43.464" endtime="20260123 17:46:43.465"/>
</if>
<status status="PASS" starttime="20260123 17:46:43.090" endtime="20260123 17:46:43.465"/>
</kw>
<kw name="Wait Until Element Is Visible" library="SeleniumLibrary">
<arg>xpath=//*[@id="tab-off-the-beaten"]/section/div/div/div/div[2]/div</arg>
<doc>Waits until the element ``locator`` is visible.</doc>
<status status="PASS" starttime="20260123 17:46:43.465" endtime="20260123 17:46:43.484"/>
</kw>
<kw name="Sleep" library="BuiltIn">
<arg>1.5s</arg>
<doc>Pauses the test executed for the given time.</doc>
<msg timestamp="20260123 17:46:44.984" level="INFO">Slept 1 second 500 milliseconds</msg>
<status status="PASS" starttime="20260123 17:46:43.484" endtime="20260123 17:46:44.984"/>
</kw>
<status status="PASS" starttime="20260123 17:46:36.196" endtime="20260123 17:46:44.984"/>
</kw>
<kw name="Test Muktinath Tours" library="Explore_The_Ancient">
<kw name="Test Forgotten Culture" library="Explore_The_Ancient">
<kw name="Wait And Click" library="keywords">
<arg>${forgotten_culture}</arg>
<doc>Waits until element is visible &amp; enabled, scrolls into view, clicks, fallback to JS if normal click fails</doc>
<kw name="Wait Until Element Is Visible" library="SeleniumLibrary">
<arg>${locator}</arg>
<arg>${timeout}</arg>
<doc>Waits until the element ``locator`` is visible.</doc>
<status status="PASS" starttime="20260123 17:46:44.986" endtime="20260123 17:46:45.005"/>
</kw>
<kw name="Wait Until Element Is Enabled" library="SeleniumLibrary">
<arg>${locator}</arg>
<arg>${timeout}</arg>
<doc>Waits until the element ``locator`` is enabled.</doc>
<status status="PASS" starttime="20260123 17:46:45.005" endtime="20260123 17:46:45.023"/>
</kw>
<kw name="Scroll Element Into View" library="SeleniumLibrary">
<arg>${locator}</arg>
<doc>Scrolls the element identified by ``locator`` into view.</doc>
<status status="PASS" starttime="20260123 17:46:45.023" endtime="20260123 17:46:45.295"/>
</kw>
<kw name="Run Keyword And Return Status" library="BuiltIn">
<var>${clicked}</var>
<arg>Click Element</arg>
<arg>${locator}</arg>
<doc>Runs the given keyword with given arguments and returns the status as a Boolean value.</doc>
<kw name="Click Element" library="SeleniumLibrary">
<arg>${locator}</arg>
<doc>Click the element identified by ``locator``.</doc>
<msg timestamp="20260123 17:46:45.296" level="INFO">Clicking element 'xpath=/html/body/div[3]/section/div/div/ul/li[2]/h3'.</msg>
<status status="PASS" starttime="20260123 17:46:45.295" endtime="20260123 17:46:45.351"/>
</kw>
<msg timestamp="20260123 17:46:45.351" level="INFO">${clicked} = True</msg>
<status status="PASS" starttime="20260123 17:46:45.295" endtime="20260123 17:46:45.351"/>
</kw>
<if>
<branch type="IF" condition="not ${clicked}">
<kw name="Log" library="BuiltIn">
<arg>Using JS click fallback for ${locator}</arg>
<doc>Logs the given message with the given level.</doc>
<status status="NOT RUN" starttime="20260123 17:46:45.352" endtime="20260123 17:46:45.352"/>
</kw>
<kw name="Execute Javascript" library="SeleniumLibrary">
<arg>arguments[0].click();</arg>
<arg>document.evaluate("${locator.replace('xpath=','')}", document, null, XPathResult.FIRST_ORDERED_NODE_TYPE, null).singleNodeValue</arg>
<doc>Executes the given JavaScript code with possible arguments.</doc>
<status status="NOT RUN" starttime="20260123 17:46:45.352" endtime="20260123 17:46:45.352"/>
</kw>
<status status="NOT RUN" starttime="20260123 17:46:45.351" endtime="20260123 17:46:45.352"/>
</branch>
<status status="PASS" starttime="20260123 17:46:45.351" endtime="20260123 17:46:45.352"/>
</if>
<status status="PASS" starttime="20260123 17:46:44.985" endtime="20260123 17:46:45.352"/>
</kw>
<kw name="Wait Until Element Is Visible" library="SeleniumLibrary">
<arg>xpath=/html/body/div[3]/section/div/div/div[4]/section/div/div/div/div[2]</arg>
<doc>Waits until the element ``locator`` is visible.</doc>
<status status="PASS" starttime="20260123 17:46:45.352" endtime="20260123 17:46:45.376"/>
</kw>
<status status="PASS" starttime="20260123 17:46:44.985" endtime="20260123 17:46:45.376"/>
</kw>
<kw name="Scroll Element Into View" library="SeleniumLibrary">
<arg>xpath=/html/body/div[3]/section/div/div/div[4]/section/div/div/div/div[2]</arg>
<doc>Scrolls the element identified by ``locator`` into view.</doc>
<status status="PASS" starttime="20260123 17:46:45.376" endtime="20260123 17:46:45.654"/>
</kw>
<kw name="Wait And Click" library="keywords">
<arg>${Muktinath}</arg>
<doc>Waits until element is visible &amp; enabled, scrolls into view, clicks, fallback to JS if normal click fails</doc>
<kw name="Wait Until Element Is Visible" library="SeleniumLibrary">
<arg>${locator}</arg>
<arg>${timeout}</arg>
<doc>Waits until the element ``locator`` is visible.</doc>
<status status="PASS" starttime="20260123 17:46:45.655" endtime="20260123 17:46:45.676"/>
</kw>
<kw name="Wait Until Element Is Enabled" library="SeleniumLibrary">
<arg>${locator}</arg>
<arg>${timeout}</arg>
<doc>Waits until the element ``locator`` is enabled.</doc>
<status status="PASS" starttime="20260123 17:46:45.676" endtime="20260123 17:46:45.700"/>
</kw>
<kw name="Scroll Element Into View" library="SeleniumLibrary">
<arg>${locator}</arg>
<doc>Scrolls the element identified by ``locator`` into view.</doc>
<status status="PASS" starttime="20260123 17:46:45.700" endtime="20260123 17:46:45.983"/>
</kw>
<kw name="Run Keyword And Return Status" library="BuiltIn">
<var>${clicked}</var>
<arg>Click Element</arg>
<arg>${locator}</arg>
<doc>Runs the given keyword with given arguments and returns the status as a Boolean value.</doc>
<kw name="Click Element" library="SeleniumLibrary">
<arg>${locator}</arg>
<doc>Click the element identified by ``locator``.</doc>
<msg timestamp="20260123 17:46:45.985" level="INFO">Clicking element 'xpath=/html/body/div[3]/section/div/div/div[4]/section/div/div/div/div[2]/div[1]'.</msg>
<status status="PASS" starttime="20260123 17:46:45.984" endtime="20260123 17:46:47.711"/>
</kw>
<msg timestamp="20260123 17:46:47.711" level="INFO">${clicked} = True</msg>
<status status="PASS" starttime="20260123 17:46:45.984" endtime="20260123 17:46:47.711"/>
</kw>
<if>
<branch type="IF" condition="not ${clicked}">
<kw name="Log" library="BuiltIn">
<arg>Using JS click fallback for ${locator}</arg>
<doc>Logs the given message with the given level.</doc>
<status status="NOT RUN" starttime="20260123 17:46:47.712" endtime="20260123 17:46:47.712"/>
</kw>
<kw name="Execute Javascript" library="SeleniumLibrary">
<arg>arguments[0].click();</arg>
<arg>document.evaluate("${locator.replace('xpath=','')}", document, null, XPathResult.FIRST_ORDERED_NODE_TYPE, null).singleNodeValue</arg>
<doc>Executes the given JavaScript code with possible arguments.</doc>
<status status="NOT RUN" starttime="20260123 17:46:47.712" endtime="20260123 17:46:47.713"/>
</kw>
<status status="NOT RUN" starttime="20260123 17:46:47.712" endtime="20260123 17:46:47.713"/>
</branch>
<status status="PASS" starttime="20260123 17:46:47.712" endtime="20260123 17:46:47.713"/>
</if>
<status status="PASS" starttime="20260123 17:46:45.654" endtime="20260123 17:46:47.713"/>
</kw>
<kw name="Wait Until Element Is Visible" library="SeleniumLibrary">
<arg>${Muktinath_Content}</arg>
<doc>Waits until the element ``locator`` is visible.</doc>
<status status="PASS" starttime="20260123 17:46:47.713" endtime="20260123 17:46:47.811"/>
</kw>
<kw name="Scroll Element Into View" library="SeleniumLibrary">
<arg>xpath=/html/body/div[3]/nav</arg>
<doc>Scrolls the element identified by ``locator`` into view.</doc>
<status status="PASS" starttime="20260123 17:46:47.811" endtime="20260123 17:46:48.096"/>
</kw>
<kw name="Test Muktinath Tours Navbar" library="Explore_The_Ancient">
<doc>Click all section links inside sticky navbar (Intro → FAQS)</doc>
<kw name="Set Variable" library="BuiltIn">
<var>${NAVBAR}</var>
<arg>xpath=//nav[contains(@class,'sticky-navbar')]</arg>
<doc>Returns the given values which can then be assigned to a variables.</doc>
<msg timestamp="20260123 17:46:48.097" level="INFO">${NAVBAR} = xpath=//nav[contains(@class,'sticky-navbar')]</msg>
<status status="PASS" starttime="20260123 17:46:48.096" endtime="20260123 17:46:48.097"/>
</kw>
<kw name="Set Variable" library="BuiltIn">
<var>${NAV_LINKS}</var>
<arg>xpath=//nav[contains(@class,'sticky-navbar')]//ul//a[contains(@class,'nav-link')]</arg>
<doc>Returns the given values which can then be assigned to a variables.</doc>
<msg timestamp="20260123 17:46:48.097" level="INFO">${NAV_LINKS} = xpath=//nav[contains(@class,'sticky-navbar')]//ul//a[contains(@class,'nav-link')]</msg>
<status status="PASS" starttime="20260123 17:46:48.097" endtime="20260123 17:46:48.097"/>
</kw>
<kw name="Wait Until Element Is Visible" library="SeleniumLibrary">
<arg>${NAVBAR}</arg>
<arg>15s</arg>
<doc>Waits until the element ``locator`` is visible.</doc>
<status status="PASS" starttime="20260123 17:46:48.097" endtime="20260123 17:46:48.117"/>
</kw>
<kw name="Scroll Element Into View" library="SeleniumLibrary">
<arg>${NAVBAR}</arg>
<doc>Scrolls the element identified by ``locator`` into view.</doc>
<status status="PASS" starttime="20260123 17:46:48.117" endtime="20260123 17:46:48.393"/>
</kw>
<kw name="Sleep" library="BuiltIn">
<arg>0.5s</arg>
<doc>Pauses the test executed for the given time.</doc>
<msg timestamp="20260123 17:46:48.894" level="INFO">Slept 500 milliseconds</msg>
<status status="PASS" starttime="20260123 17:46:48.393" endtime="20260123 17:46:48.894"/>
</kw>
<kw name="Get WebElements" library="SeleniumLibrary">
<var>${links}</var>
<arg>${NAV_LINKS}</arg>
<doc>Returns a list of WebElement objects matching the ``locator``.</doc>
<msg timestamp="20260123 17:46:48.910" level="INFO">${links} = [&lt;selenium.webdriver.remote.webelement.WebElement (session="e1e104b604d352a021121ba4a1937e43", element="f.9692B2F2F83A89F8941E1F24D051482F.d.E4BA386CF6470E0869082BD1A4FBF26E.e.68")&gt;, &lt;selenium.webdriv...</msg>
<status status="PASS" starttime="20260123 17:46:48.895" endtime="20260123 17:46:48.910"/>
</kw>
<kw name="Get Length" library="BuiltIn">
<var>${count}</var>
<arg>${links}</arg>
<doc>Returns and logs the length of the given item as an integer.</doc>
<msg timestamp="20260123 17:46:48.910" level="INFO">Length is 9</msg>
<msg timestamp="20260123 17:46:48.910" level="INFO">${count} = 9</msg>
<status status="PASS" starttime="20260123 17:46:48.910" endtime="20260123 17:46:48.910"/>
</kw>
<kw name="Log" library="BuiltIn">
<arg>Sticky navbar links found: ${count}</arg>
<doc>Logs the given message with the given level.</doc>
<msg timestamp="20260123 17:46:48.911" level="INFO">Sticky navbar links found: 9</msg>
<status status="PASS" starttime="20260123 17:46:48.910" endtime="20260123 17:46:48.911"/>
</kw>
<for flavor="IN RANGE">
<var>${index}</var>
<value>${count}</value>
<iter>
<var name="${index}">0</var>
<kw name="Get WebElements" library="SeleniumLibrary">
<var>${links}</var>
<arg>${NAV_LINKS}</arg>
<doc>Returns a list of WebElement objects matching the ``locator``.</doc>
<msg timestamp="20260123 17:46:48.922" level="INFO">${links} = [&lt;selenium.webdriver.remote.webelement.WebElement (session="e1e104b604d352a021121ba4a1937e43", element="f.9692B2F2F83A89F8941E1F24D051482F.d.E4BA386CF6470E0869082BD1A4FBF26E.e.68")&gt;, &lt;selenium.webdriv...</msg>
<status status="PASS" starttime="20260123 17:46:48.911" endtime="20260123 17:46:48.922"/>
</kw>
<kw name="Set Variable" library="BuiltIn">
<var>${link}</var>
<arg>${links}[${index}]</arg>
<doc>Returns the given values which can then be assigned to a variables.</doc>
<msg timestamp="20260123 17:46:48.922" level="INFO">${link} = &lt;selenium.webdriver.remote.webelement.WebElement (session="e1e104b604d352a021121ba4a1937e43", element="f.9692B2F2F83A89F8941E1F24D051482F.d.E4BA386CF6470E0869082BD1A4FBF26E.e.68")&gt;</msg>
<status status="PASS" starttime="20260123 17:46:48.922" endtime="20260123 17:46:48.922"/>
</kw>
<kw name="Get Text" library="SeleniumLibrary">
<var>${text}</var>
<arg>${link}</arg>
<doc>Returns the text value of the element identified by ``locator``.</doc>
<msg timestamp="20260123 17:46:48.942" level="INFO">${text} = Intro</msg>
<status status="PASS" starttime="20260123 17:46:48.923" endtime="20260123 17:46:48.942"/>
</kw>
<kw name="Log" library="BuiltIn">
<arg>Clicking: ${text}</arg>
<doc>Logs the given message with the given level.</doc>
<msg timestamp="20260123 17:46:48.943" level="INFO">Clicking: Intro</msg>
<status status="PASS" starttime="20260123 17:46:48.942" endtime="20260123 17:46:48.943"/>
</kw>
<kw name="Scroll Element Into View" library="SeleniumLibrary">
<arg>${link}</arg>
<doc>Scrolls the element identified by ``locator`` into view.</doc>
<status status="PASS" starttime="20260123 17:46:48.943" endtime="20260123 17:46:49.213"/>
</kw>
<kw name="Wait Until Element Is Visible" library="SeleniumLibrary">
<arg>${link}</arg>
<arg>10s</arg>
<doc>Waits until the element ``locator`` is visible.</doc>
<status status="PASS" starttime="20260123 17:46:49.214" endtime="20260123 17:46:49.221"/>
</kw>
<kw name="Wait Until Element Is Enabled" library="SeleniumLibrary">
<arg>${link}</arg>
<arg>10s</arg>
<doc>Waits until the element ``locator`` is enabled.</doc>
<status status="PASS" starttime="20260123 17:46:49.221" endtime="20260123 17:46:49.232"/>
</kw>
<kw name="Run Keyword And Return Status" library="BuiltIn">
<var>${status}</var>
<arg>Click Element</arg>
<arg>${link}</arg>
<doc>Runs the given keyword with given arguments and returns the status as a Boolean value.</doc>
<kw name="Click Element" library="SeleniumLibrary">
<arg>${link}</arg>
<doc>Click the element identified by ``locator``.</doc>
<msg timestamp="20260123 17:46:49.233" level="INFO">Clicking element '&lt;selenium.webdriver.remote.webelement.WebElement (session="e1e104b604d352a021121ba4a1937e43", element="f.9692B2F2F83A89F8941E1F24D051482F.d.E4BA386CF6470E0869082BD1A4FBF26E.e.68")&gt;'.</msg>
<status status="PASS" starttime="20260123 17:46:49.233" endtime="20260123 17:46:49.280"/>
</kw>
<msg timestamp="20260123 17:46:49.280" level="INFO">${status} = True</msg>
<status status="PASS" starttime="20260123 17:46:49.233" endtime="20260123 17:46:49.280"/>
</kw>
<if>
<branch type="IF" condition="not ${status}">
<kw name="Execute Javascript" library="SeleniumLibrary">
<arg>arguments[0].click();</arg>
<arg>${link}</arg>
<doc>Executes the given JavaScript code with possible arguments.</doc>
<status status="NOT RUN" starttime="20260123 17:46:49.281" endtime="20260123 17:46:49.281"/>
</kw>
<status status="NOT RUN" starttime="20260123 17:46:49.280" endtime="20260123 17:46:49.281"/>
</branch>
<status status="PASS" starttime="20260123 17:46:49.280" endtime="20260123 17:46:49.281"/>
</if>
<kw name="Sleep" library="BuiltIn">
<arg>0.6s</arg>
<doc>Pauses the test executed for the given time.</doc>
<msg timestamp="20260123 17:46:49.882" level="INFO">Slept 600 milliseconds</msg>
<status status="PASS" starttime="20260123 17:46:49.281" endtime="20260123 17:46:49.882"/>
</kw>
<status status="PASS" starttime="20260123 17:46:48.911" endtime="20260123 17:46:49.882"/>
</iter>
<iter>
<var name="${index}">1</var>
<kw name="Get WebElements" library="SeleniumLibrary">
<var>${links}</var>
<arg>${NAV_LINKS}</arg>
<doc>Returns a list of WebElement objects matching the ``locator``.</doc>
<msg timestamp="20260123 17:46:49.891" level="INFO">${links} = [&lt;selenium.webdriver.remote.webelement.WebElement (session="e1e104b604d352a021121ba4a1937e43", element="f.9692B2F2F83A89F8941E1F24D051482F.d.E4BA386CF6470E0869082BD1A4FBF26E.e.68")&gt;, &lt;selenium.webdriv...</msg>
<status status="PASS" starttime="20260123 17:46:49.882" endtime="20260123 17:46:49.891"/>
</kw>
<kw name="Set Variable" library="BuiltIn">
<var>${link}</var>
<arg>${links}[${index}]</arg>
<doc>Returns the given values which can then be assigned to a variables.</doc>
<msg timestamp="20260123 17:46:49.892" level="INFO">${link} = &lt;selenium.webdriver.remote.webelement.WebElement (session="e1e104b604d352a021121ba4a1937e43", element="f.9692B2F2F83A89F8941E1F24D051482F.d.E4BA386CF6470E0869082BD1A4FBF26E.e.69")&gt;</msg>
<status status="PASS" starttime="20260123 17:46:49.891" endtime="20260123 17:46:49.892"/>
</kw>
<kw name="Get Text" library="SeleniumLibrary">
<var>${text}</var>
<arg>${link}</arg>
<doc>Returns the text value of the element identified by ``locator``.</doc>
<msg timestamp="20260123 17:46:49.901" level="INFO">${text} = KBYG</msg>
<status status="PASS" starttime="20260123 17:46:49.892" endtime="20260123 17:46:49.901"/>
</kw>
<kw name="Log" library="BuiltIn">
<arg>Clicking: ${text}</arg>
<doc>Logs the given message with the given level.</doc>
<msg timestamp="20260123 17:46:49.901" level="INFO">Clicking: KBYG</msg>
<status status="PASS" starttime="20260123 17:46:49.901" endtime="20260123 17:46:49.901"/>
</kw>
<kw name="Scroll Element Into View" library="SeleniumLibrary">
<arg>${link}</arg>
<doc>Scrolls the element identified by ``locator`` into view.</doc>
<status status="PASS" starttime="20260123 17:46:49.901" endtime="20260123 17:46:50.177"/>
</kw>
<kw name="Wait Until Element Is Visible" library="SeleniumLibrary">
<arg>${link}</arg>
<arg>10s</arg>
<doc>Waits until the element ``locator`` is visible.</doc>
<status status="PASS" starttime="20260123 17:46:50.178" endtime="20260123 17:46:50.185"/>
</kw>
<kw name="Wait Until Element Is Enabled" library="SeleniumLibrary">
<arg>${link}</arg>
<arg>10s</arg>
<doc>Waits until the element ``locator`` is enabled.</doc>
<status status="PASS" starttime="20260123 17:46:50.186" endtime="20260123 17:46:50.197"/>
</kw>
<kw name="Run Keyword And Return Status" library="BuiltIn">
<var>${status}</var>
<arg>Click Element</arg>
<arg>${link}</arg>
<doc>Runs the given keyword with given arguments and returns the status as a Boolean value.</doc>
<kw name="Click Element" library="SeleniumLibrary">
<arg>${link}</arg>
<doc>Click the element identified by ``locator``.</doc>
<msg timestamp="20260123 17:46:50.198" level="INFO">Clicking element '&lt;selenium.webdriver.remote.webelement.WebElement (session="e1e104b604d352a021121ba4a1937e43", element="f.9692B2F2F83A89F8941E1F24D051482F.d.E4BA386CF6470E0869082BD1A4FBF26E.e.69")&gt;'.</msg>
<status status="PASS" starttime="20260123 17:46:50.198" endtime="20260123 17:46:50.244"/>
</kw>
<msg timestamp="20260123 17:46:50.244" level="INFO">${status} = True</msg>
<status status="PASS" starttime="20260123 17:46:50.197" endtime="20260123 17:46:50.244"/>
</kw>
<if>
<branch type="IF" condition="not ${status}">
<kw name="Execute Javascript" library="SeleniumLibrary">
<arg>arguments[0].click();</arg>
<arg>${link}</arg>
<doc>Executes the given JavaScript code with possible arguments.</doc>
<status status="NOT RUN" starttime="20260123 17:46:50.244" endtime="20260123 17:46:50.244"/>
</kw>
<status status="NOT RUN" starttime="20260123 17:46:50.244" endtime="20260123 17:46:50.244"/>
</branch>
<status status="PASS" starttime="20260123 17:46:50.244" endtime="20260123 17:46:50.244"/>
</if>
<kw name="Sleep" library="BuiltIn">
<arg>0.6s</arg>
<doc>Pauses the test executed for the given time.</doc>
<msg timestamp="20260123 17:46:50.845" level="INFO">Slept 600 milliseconds</msg>
<status status="PASS" starttime="20260123 17:46:50.245" endtime="20260123 17:46:50.845"/>
</kw>
<status status="PASS" starttime="20260123 17:46:49.882" endtime="20260123 17:46:50.845"/>
</iter>
<iter>
<var name="${index}">2</var>
<kw name="Get WebElements" library="SeleniumLibrary">
<var>${links}</var>
<arg>${NAV_LINKS}</arg>
<doc>Returns a list of WebElement objects matching the ``locator``.</doc>
<msg timestamp="20260123 17:46:50.855" level="INFO">${links} = [&lt;selenium.webdriver.remote.webelement.WebElement (session="e1e104b604d352a021121ba4a1937e43", element="f.9692B2F2F83A89F8941E1F24D051482F.d.E4BA386CF6470E0869082BD1A4FBF26E.e.68")&gt;, &lt;selenium.webdriv...</msg>
<status status="PASS" starttime="20260123 17:46:50.846" endtime="20260123 17:46:50.855"/>
</kw>
<kw name="Set Variable" library="BuiltIn">
<var>${link}</var>
<arg>${links}[${index}]</arg>
<doc>Returns the given values which can then be assigned to a variables.</doc>
<msg timestamp="20260123 17:46:50.855" level="INFO">${link} = &lt;selenium.webdriver.remote.webelement.WebElement (session="e1e104b604d352a021121ba4a1937e43", element="f.9692B2F2F83A89F8941E1F24D051482F.d.E4BA386CF6470E0869082BD1A4FBF26E.e.70")&gt;</msg>
<status status="PASS" starttime="20260123 17:46:50.855" endtime="20260123 17:46:50.855"/>
</kw>
<kw name="Get Text" library="SeleniumLibrary">
<var>${text}</var>
<arg>${link}</arg>
<doc>Returns the text value of the element identified by ``locator``.</doc>
<msg timestamp="20260123 17:46:50.864" level="INFO">${text} = Hightlights</msg>
<status status="PASS" starttime="20260123 17:46:50.855" endtime="20260123 17:46:50.864"/>
</kw>
<kw name="Log" library="BuiltIn">
<arg>Clicking: ${text}</arg>
<doc>Logs the given message with the given level.</doc>
<msg timestamp="20260123 17:46:50.865" level="INFO">Clicking: Hightlights</msg>
<status status="PASS" starttime="20260123 17:46:50.864" endtime="20260123 17:46:50.865"/>
</kw>
<kw name="Scroll Element Into View" library="SeleniumLibrary">
<arg>${link}</arg>
<doc>Scrolls the element identified by ``locator`` into view.</doc>
<status status="PASS" starttime="20260123 17:46:50.865" endtime="20260123 17:46:51.144"/>
</kw>
<kw name="Wait Until Element Is Visible" library="SeleniumLibrary">
<arg>${link}</arg>
<arg>10s</arg>
<doc>Waits until the element ``locator`` is visible.</doc>
<status status="PASS" starttime="20260123 17:46:51.144" endtime="20260123 17:46:51.152"/>
</kw>
<kw name="Wait Until Element Is Enabled" library="SeleniumLibrary">
<arg>${link}</arg>
<arg>10s</arg>
<doc>Waits until the element ``locator`` is enabled.</doc>
<status status="PASS" starttime="20260123 17:46:51.152" endtime="20260123 17:46:51.164"/>
</kw>
<kw name="Run Keyword And Return Status" library="BuiltIn">
<var>${status}</var>
<arg>Click Element</arg>
<arg>${link}</arg>
<doc>Runs the given keyword with given arguments and returns the status as a Boolean value.</doc>
<kw name="Click Element" library="SeleniumLibrary">
<arg>${link}</arg>
<doc>Click the element identified by ``locator``.</doc>
<msg timestamp="20260123 17:46:51.164" level="INFO">Clicking element '&lt;selenium.webdriver.remote.webelement.WebElement (session="e1e104b604d352a021121ba4a1937e43", element="f.9692B2F2F83A89F8941E1F24D051482F.d.E4BA386CF6470E0869082BD1A4FBF26E.e.70")&gt;'.</msg>
<status status="PASS" starttime="20260123 17:46:51.164" endtime="20260123 17:46:51.209"/>
</kw>
<msg timestamp="20260123 17:46:51.210" level="INFO">${status} = True</msg>
<status status="PASS" starttime="20260123 17:46:51.164" endtime="20260123 17:46:51.210"/>
</kw>
<if>
<branch type="IF" condition="not ${status}">
<kw name="Execute Javascript" library="SeleniumLibrary">
<arg>arguments[0].click();</arg>
<arg>${link}</arg>
<doc>Executes the given JavaScript code with possible arguments.</doc>
<status status="NOT RUN" starttime="20260123 17:46:51.210" endtime="20260123 17:46:51.210"/>
</kw>
<status status="NOT RUN" starttime="20260123 17:46:51.210" endtime="20260123 17:46:51.210"/>
</branch>
<status status="PASS" starttime="20260123 17:46:51.210" endtime="20260123 17:46:51.210"/>
</if>
<kw name="Sleep" library="BuiltIn">
<arg>0.6s</arg>
<doc>Pauses the test executed for the given time.</doc>
<msg timestamp="20260123 17:46:51.811" level="INFO">Slept 600 milliseconds</msg>
<status status="PASS" starttime="20260123 17:46:51.210" endtime="20260123 17:46:51.811"/>
</kw>
<status status="PASS" starttime="20260123 17:46:50.845" endtime="20260123 17:46:51.811"/>
</iter>
<iter>
<var name="${index}">3</var>
<kw name="Get WebElements" library="SeleniumLibrary">
<var>${links}</var>
<arg>${NAV_LINKS}</arg>
<doc>Returns a list of WebElement objects matching the ``locator``.</doc>
<msg timestamp="20260123 17:46:51.820" level="INFO">${links} = [&lt;selenium.webdriver.remote.webelement.WebElement (session="e1e104b604d352a021121ba4a1937e43", element="f.9692B2F2F83A89F8941E1F24D051482F.d.E4BA386CF6470E0869082BD1A4FBF26E.e.68")&gt;, &lt;selenium.webdriv...</msg>
<status status="PASS" starttime="20260123 17:46:51.811" endtime="20260123 17:46:51.820"/>
</kw>
<kw name="Set Variable" library="BuiltIn">
<var>${link}</var>
<arg>${links}[${index}]</arg>
<doc>Returns the given values which can then be assigned to a variables.</doc>
<msg timestamp="20260123 17:46:51.821" level="INFO">${link} = &lt;selenium.webdriver.remote.webelement.WebElement (session="e1e104b604d352a021121ba4a1937e43", element="f.9692B2F2F83A89F8941E1F24D051482F.d.E4BA386CF6470E0869082BD1A4FBF26E.e.71")&gt;</msg>
<status status="PASS" starttime="20260123 17:46:51.821" endtime="20260123 17:46:51.821"/>
</kw>
<kw name="Get Text" library="SeleniumLibrary">
<var>${text}</var>
<arg>${link}</arg>
<doc>Returns the text value of the element identified by ``locator``.</doc>
<msg timestamp="20260123 17:46:51.830" level="INFO">${text} = Who For</msg>
<status status="PASS" starttime="20260123 17:46:51.821" endtime="20260123 17:46:51.830"/>
</kw>
<kw name="Log" library="BuiltIn">
<arg>Clicking: ${text}</arg>
<doc>Logs the given message with the given level.</doc>
<msg timestamp="20260123 17:46:51.831" level="INFO">Clicking: Who For</msg>
<status status="PASS" starttime="20260123 17:46:51.830" endtime="20260123 17:46:51.831"/>
</kw>
<kw name="Scroll Element Into View" library="SeleniumLibrary">
<arg>${link}</arg>
<doc>Scrolls the element identified by ``locator`` into view.</doc>
<status status="PASS" starttime="20260123 17:46:51.831" endtime="20260123 17:46:52.112"/>
</kw>
<kw name="Wait Until Element Is Visible" library="SeleniumLibrary">
<arg>${link}</arg>
<arg>10s</arg>
<doc>Waits until the element ``locator`` is visible.</doc>
<status status="PASS" starttime="20260123 17:46:52.112" endtime="20260123 17:46:52.120"/>
</kw>
<kw name="Wait Until Element Is Enabled" library="SeleniumLibrary">
<arg>${link}</arg>
<arg>10s</arg>
<doc>Waits until the element ``locator`` is enabled.</doc>
<status status="PASS" starttime="20260123 17:46:52.120" endtime="20260123 17:46:52.131"/>
</kw>
<kw name="Run Keyword And Return Status" library="BuiltIn">
<var>${status}</var>
<arg>Click Element</arg>
<arg>${link}</arg>
<doc>Runs the given keyword with given arguments and returns the status as a Boolean value.</doc>
<kw name="Click Element" library="SeleniumLibrary">
<arg>${link}</arg>
<doc>Click the element identified by ``locator``.</doc>
<msg timestamp="20260123 17:46:52.132" level="INFO">Clicking element '&lt;selenium.webdriver.remote.webelement.WebElement (session="e1e104b604d352a021121ba4a1937e43", element="f.9692B2F2F83A89F8941E1F24D051482F.d.E4BA386CF6470E0869082BD1A4FBF26E.e.71")&gt;'.</msg>
<status status="PASS" starttime="20260123 17:46:52.131" endtime="20260123 17:46:52.177"/>
</kw>
<msg timestamp="20260123 17:46:52.177" level="INFO">${status} = True</msg>
<status status="PASS" starttime="20260123 17:46:52.131" endtime="20260123 17:46:52.177"/>
</kw>
<if>
<branch type="IF" condition="not ${status}">
<kw name="Execute Javascript" library="SeleniumLibrary">
<arg>arguments[0].click();</arg>
<arg>${link}</arg>
<doc>Executes the given JavaScript code with possible arguments.</doc>
<status status="NOT RUN" starttime="20260123 17:46:52.178" endtime="20260123 17:46:52.178"/>
</kw>
<status status="NOT RUN" starttime="20260123 17:46:52.177" endtime="20260123 17:46:52.178"/>
</branch>
<status status="PASS" starttime="20260123 17:46:52.177" endtime="20260123 17:46:52.178"/>
</if>
<kw name="Sleep" library="BuiltIn">
<arg>0.6s</arg>
<doc>Pauses the test executed for the given time.</doc>
<msg timestamp="20260123 17:46:52.778" level="INFO">Slept 600 milliseconds</msg>
<status status="PASS" starttime="20260123 17:46:52.178" endtime="20260123 17:46:52.778"/>
</kw>
<status status="PASS" starttime="20260123 17:46:51.811" endtime="20260123 17:46:52.779"/>
</iter>
<iter>
<var name="${index}">4</var>
<kw name="Get WebElements" library="SeleniumLibrary">
<var>${links}</var>
<arg>${NAV_LINKS}</arg>
<doc>Returns a list of WebElement objects matching the ``locator``.</doc>
<msg timestamp="20260123 17:46:52.788" level="INFO">${links} = [&lt;selenium.webdriver.remote.webelement.WebElement (session="e1e104b604d352a021121ba4a1937e43", element="f.9692B2F2F83A89F8941E1F24D051482F.d.E4BA386CF6470E0869082BD1A4FBF26E.e.68")&gt;, &lt;selenium.webdriv...</msg>
<status status="PASS" starttime="20260123 17:46:52.779" endtime="20260123 17:46:52.788"/>
</kw>
<kw name="Set Variable" library="BuiltIn">
<var>${link}</var>
<arg>${links}[${index}]</arg>
<doc>Returns the given values which can then be assigned to a variables.</doc>
<msg timestamp="20260123 17:46:52.789" level="INFO">${link} = &lt;selenium.webdriver.remote.webelement.WebElement (session="e1e104b604d352a021121ba4a1937e43", element="f.9692B2F2F83A89F8941E1F24D051482F.d.E4BA386CF6470E0869082BD1A4FBF26E.e.72")&gt;</msg>
<status status="PASS" starttime="20260123 17:46:52.788" endtime="20260123 17:46:52.789"/>
</kw>
<kw name="Get Text" library="SeleniumLibrary">
<var>${text}</var>
<arg>${link}</arg>
<doc>Returns the text value of the element identified by ``locator``.</doc>
<msg timestamp="20260123 17:46:52.798" level="INFO">${text} = Who Not For</msg>
<status status="PASS" starttime="20260123 17:46:52.789" endtime="20260123 17:46:52.798"/>
</kw>
<kw name="Log" library="BuiltIn">
<arg>Clicking: ${text}</arg>
<doc>Logs the given message with the given level.</doc>
<msg timestamp="20260123 17:46:52.798" level="INFO">Clicking: Who Not For</msg>
<status status="PASS" starttime="20260123 17:46:52.798" endtime="20260123 17:46:52.798"/>
</kw>
<kw name="Scroll Element Into View" library="SeleniumLibrary">
<arg>${link}</arg>
<doc>Scrolls the element identified by ``locator`` into view.</doc>
<status status="PASS" starttime="20260123 17:46:52.799" endtime="20260123 17:46:53.078"/>
</kw>
<kw name="Wait Until Element Is Visible" library="SeleniumLibrary">
<arg>${link}</arg>
<arg>10s</arg>
<doc>Waits until the element ``locator`` is visible.</doc>
<status status="PASS" starttime="20260123 17:46:53.078" endtime="20260123 17:46:53.085"/>
</kw>
<kw name="Wait Until Element Is Enabled" library="SeleniumLibrary">
<arg>${link}</arg>
<arg>10s</arg>
<doc>Waits until the element ``locator`` is enabled.</doc>
<status status="PASS" starttime="20260123 17:46:53.086" endtime="20260123 17:46:53.096"/>
</kw>
<kw name="Run Keyword And Return Status" library="BuiltIn">
<var>${status}</var>
<arg>Click Element</arg>
<arg>${link}</arg>
<doc>Runs the given keyword with given arguments and returns the status as a Boolean value.</doc>
<kw name="Click Element" library="SeleniumLibrary">
<arg>${link}</arg>
<doc>Click the element identified by ``locator``.</doc>
<msg timestamp="20260123 17:46:53.097" level="INFO">Clicking element '&lt;selenium.webdriver.remote.webelement.WebElement (session="e1e104b604d352a021121ba4a1937e43", element="f.9692B2F2F83A89F8941E1F24D051482F.d.E4BA386CF6470E0869082BD1A4FBF26E.e.72")&gt;'.</msg>
<status status="PASS" starttime="20260123 17:46:53.097" endtime="20260123 17:46:53.142"/>
</kw>
<msg timestamp="20260123 17:46:53.142" level="INFO">${status} = True</msg>
<status status="PASS" starttime="20260123 17:46:53.096" endtime="20260123 17:46:53.142"/>
</kw>
<if>
<branch type="IF" condition="not ${status}">
<kw name="Execute Javascript" library="SeleniumLibrary">
<arg>arguments[0].click();</arg>
<arg>${link}</arg>
<doc>Executes the given JavaScript code with possible arguments.</doc>
<status status="NOT RUN" starttime="20260123 17:46:53.143" endtime="20260123 17:46:53.143"/>
</kw>
<status status="NOT RUN" starttime="20260123 17:46:53.143" endtime="20260123 17:46:53.143"/>
</branch>
<status status="PASS" starttime="20260123 17:46:53.143" endtime="20260123 17:46:53.143"/>
</if>
<kw name="Sleep" library="BuiltIn">
<arg>0.6s</arg>
<doc>Pauses the test executed for the given time.</doc>
<msg timestamp="20260123 17:46:53.744" level="INFO">Slept 600 milliseconds</msg>
<status status="PASS" starttime="20260123 17:46:53.143" endtime="20260123 17:46:53.744"/>
</kw>
<status status="PASS" starttime="20260123 17:46:52.779" endtime="20260123 17:46:53.744"/>
</iter>
<iter>
<var name="${index}">5</var>
<kw name="Get WebElements" library="SeleniumLibrary">
<var>${links}</var>
<arg>${NAV_LINKS}</arg>
<doc>Returns a list of WebElement objects matching the ``locator``.</doc>
<msg timestamp="20260123 17:46:53.753" level="INFO">${links} = [&lt;selenium.webdriver.remote.webelement.WebElement (session="e1e104b604d352a021121ba4a1937e43", element="f.9692B2F2F83A89F8941E1F24D051482F.d.E4BA386CF6470E0869082BD1A4FBF26E.e.68")&gt;, &lt;selenium.webdriv...</msg>
<status status="PASS" starttime="20260123 17:46:53.744" endtime="20260123 17:46:53.754"/>
</kw>
<kw name="Set Variable" library="BuiltIn">
<var>${link}</var>
<arg>${links}[${index}]</arg>
<doc>Returns the given values which can then be assigned to a variables.</doc>
<msg timestamp="20260123 17:46:53.754" level="INFO">${link} = &lt;selenium.webdriver.remote.webelement.WebElement (session="e1e104b604d352a021121ba4a1937e43", element="f.9692B2F2F83A89F8941E1F24D051482F.d.E4BA386CF6470E0869082BD1A4FBF26E.e.73")&gt;</msg>
<status status="PASS" starttime="20260123 17:46:53.754" endtime="20260123 17:46:53.754"/>
</kw>
<kw name="Get Text" library="SeleniumLibrary">
<var>${text}</var>
<arg>${link}</arg>
<doc>Returns the text value of the element identified by ``locator``.</doc>
<msg timestamp="20260123 17:46:53.763" level="INFO">${text} = Itinerary</msg>
<status status="PASS" starttime="20260123 17:46:53.754" endtime="20260123 17:46:53.763"/>
</kw>
<kw name="Log" library="BuiltIn">
<arg>Clicking: ${text}</arg>
<doc>Logs the given message with the given level.</doc>
<msg timestamp="20260123 17:46:53.763" level="INFO">Clicking: Itinerary</msg>
<status status="PASS" starttime="20260123 17:46:53.763" endtime="20260123 17:46:53.764"/>
</kw>
<kw name="Scroll Element Into View" library="SeleniumLibrary">
<arg>${link}</arg>
<doc>Scrolls the element identified by ``locator`` into view.</doc>
<status status="PASS" starttime="20260123 17:46:53.764" endtime="20260123 17:46:54.043"/>
</kw>
<kw name="Wait Until Element Is Visible" library="SeleniumLibrary">
<arg>${link}</arg>
<arg>10s</arg>
<doc>Waits until the element ``locator`` is visible.</doc>
<status status="PASS" starttime="20260123 17:46:54.044" endtime="20260123 17:46:54.052"/>
</kw>
<kw name="Wait Until Element Is Enabled" library="SeleniumLibrary">
<arg>${link}</arg>
<arg>10s</arg>
<doc>Waits until the element ``locator`` is enabled.</doc>
<status status="PASS" starttime="20260123 17:46:54.052" endtime="20260123 17:46:54.064"/>
</kw>
<kw name="Run Keyword And Return Status" library="BuiltIn">
<var>${status}</var>
<arg>Click Element</arg>
<arg>${link}</arg>
<doc>Runs the given keyword with given arguments and returns the status as a Boolean value.</doc>
<kw name="Click Element" library="SeleniumLibrary">
<arg>${link}</arg>
<doc>Click the element identified by ``locator``.</doc>
<msg timestamp="20260123 17:46:54.065" level="INFO">Clicking element '&lt;selenium.webdriver.remote.webelement.WebElement (session="e1e104b604d352a021121ba4a1937e43", element="f.9692B2F2F83A89F8941E1F24D051482F.d.E4BA386CF6470E0869082BD1A4FBF26E.e.73")&gt;'.</msg>
<status status="PASS" starttime="20260123 17:46:54.064" endtime="20260123 17:46:54.111"/>
</kw>
<msg timestamp="20260123 17:46:54.111" level="INFO">${status} = True</msg>
<status status="PASS" starttime="20260123 17:46:54.064" endtime="20260123 17:46:54.111"/>
</kw>
<if>
<branch type="IF" condition="not ${status}">
<kw name="Execute Javascript" library="SeleniumLibrary">
<arg>arguments[0].click();</arg>
<arg>${link}</arg>
<doc>Executes the given JavaScript code with possible arguments.</doc>
<status status="NOT RUN" starttime="20260123 17:46:54.112" endtime="20260123 17:46:54.112"/>
</kw>
<status status="NOT RUN" starttime="20260123 17:46:54.111" endtime="20260123 17:46:54.112"/>
</branch>
<status status="PASS" starttime="20260123 17:46:54.111" endtime="20260123 17:46:54.112"/>
</if>
<kw name="Sleep" library="BuiltIn">
<arg>0.6s</arg>
<doc>Pauses the test executed for the given time.</doc>
<msg timestamp="20260123 17:46:54.712" level="INFO">Slept 600 milliseconds</msg>
<status status="PASS" starttime="20260123 17:46:54.112" endtime="20260123 17:46:54.713"/>
</kw>
<status status="PASS" starttime="20260123 17:46:53.744" endtime="20260123 17:46:54.713"/>
</iter>
<iter>
<var name="${index}">6</var>
<kw name="Get WebElements" library="SeleniumLibrary">
<var>${links}</var>
<arg>${NAV_LINKS}</arg>
<doc>Returns a list of WebElement objects matching the ``locator``.</doc>
<msg timestamp="20260123 17:46:54.722" level="INFO">${links} = [&lt;selenium.webdriver.remote.webelement.WebElement (session="e1e104b604d352a021121ba4a1937e43", element="f.9692B2F2F83A89F8941E1F24D051482F.d.E4BA386CF6470E0869082BD1A4FBF26E.e.68")&gt;, &lt;selenium.webdriv...</msg>
<status status="PASS" starttime="20260123 17:46:54.713" endtime="20260123 17:46:54.722"/>
</kw>
<kw name="Set Variable" library="BuiltIn">
<var>${link}</var>
<arg>${links}[${index}]</arg>
<doc>Returns the given values which can then be assigned to a variables.</doc>
<msg timestamp="20260123 17:46:54.723" level="INFO">${link} = &lt;selenium.webdriver.remote.webelement.WebElement (session="e1e104b604d352a021121ba4a1937e43", element="f.9692B2F2F83A89F8941E1F24D051482F.d.E4BA386CF6470E0869082BD1A4FBF26E.e.74")&gt;</msg>
<status status="PASS" starttime="20260123 17:46:54.722" endtime="20260123 17:46:54.723"/>
</kw>
<kw name="Get Text" library="SeleniumLibrary">
<var>${text}</var>
<arg>${link}</arg>
<doc>Returns the text value of the element identified by ``locator``.</doc>
<msg timestamp="20260123 17:46:54.732" level="INFO">${text} = Includes/Excludes</msg>
<status status="PASS" starttime="20260123 17:46:54.723" endtime="20260123 17:46:54.732"/>
</kw>
<kw name="Log" library="BuiltIn">
<arg>Clicking: ${text}</arg>
<doc>Logs the given message with the given level.</doc>
<msg timestamp="20260123 17:46:54.732" level="INFO">Clicking: Includes/Excludes</msg>
<status status="PASS" starttime="20260123 17:46:54.732" endtime="20260123 17:46:54.732"/>
</kw>
<kw name="Scroll Element Into View" library="SeleniumLibrary">
<arg>${link}</arg>
<doc>Scrolls the element identified by ``locator`` into view.</doc>
<status status="PASS" starttime="20260123 17:46:54.732" endtime="20260123 17:46:55.012"/>
</kw>
<kw name="Wait Until Element Is Visible" library="SeleniumLibrary">
<arg>${link}</arg>
<arg>10s</arg>
<doc>Waits until the element ``locator`` is visible.</doc>
<status status="PASS" starttime="20260123 17:46:55.012" endtime="20260123 17:46:55.019"/>
</kw>
<kw name="Wait Until Element Is Enabled" library="SeleniumLibrary">
<arg>${link}</arg>
<arg>10s</arg>
<doc>Waits until the element ``locator`` is enabled.</doc>
<status status="PASS" starttime="20260123 17:46:55.020" endtime="20260123 17:46:55.030"/>
</kw>
<kw name="Run Keyword And Return Status" library="BuiltIn">
<var>${status}</var>
<arg>Click Element</arg>
<arg>${link}</arg>
<doc>Runs the given keyword with given arguments and returns the status as a Boolean value.</doc>
<kw name="Click Element" library="SeleniumLibrary">
<arg>${link}</arg>
<doc>Click the element identified by ``locator``.</doc>
<msg timestamp="20260123 17:46:55.031" level="INFO">Clicking element '&lt;selenium.webdriver.remote.webelement.WebElement (session="e1e104b604d352a021121ba4a1937e43", element="f.9692B2F2F83A89F8941E1F24D051482F.d.E4BA386CF6470E0869082BD1A4FBF26E.e.74")&gt;'.</msg>
<status status="PASS" starttime="20260123 17:46:55.031" endtime="20260123 17:46:55.080"/>
</kw>
<msg timestamp="20260123 17:46:55.080" level="INFO">${status} = True</msg>
<status status="PASS" starttime="20260123 17:46:55.030" endtime="20260123 17:46:55.080"/>
</kw>
<if>
<branch type="IF" condition="not ${status}">
<kw name="Execute Javascript" library="SeleniumLibrary">
<arg>arguments[0].click();</arg>
<arg>${link}</arg>
<doc>Executes the given JavaScript code with possible arguments.</doc>
<status status="NOT RUN" starttime="20260123 17:46:55.080" endtime="20260123 17:46:55.080"/>
</kw>
<status status="NOT RUN" starttime="20260123 17:46:55.080" endtime="20260123 17:46:55.080"/>
</branch>
<status status="PASS" starttime="20260123 17:46:55.080" endtime="20260123 17:46:55.080"/>
</if>
<kw name="Sleep" library="BuiltIn">
<arg>0.6s</arg>
<doc>Pauses the test executed for the given time.</doc>
<msg timestamp="20260123 17:46:55.681" level="INFO">Slept 600 milliseconds</msg>
<status status="PASS" starttime="20260123 17:46:55.080" endtime="20260123 17:46:55.681"/>
</kw>
<status status="PASS" starttime="20260123 17:46:54.713" endtime="20260123 17:46:55.681"/>
</iter>
<iter>
<var name="${index}">7</var>
<kw name="Get WebElements" library="SeleniumLibrary">
<var>${links}</var>
<arg>${NAV_LINKS}</arg>
<doc>Returns a list of WebElement objects matching the ``locator``.</doc>
<msg timestamp="20260123 17:46:55.691" level="INFO">${links} = [&lt;selenium.webdriver.remote.webelement.WebElement (session="e1e104b604d352a021121ba4a1937e43", element="f.9692B2F2F83A89F8941E1F24D051482F.d.E4BA386CF6470E0869082BD1A4FBF26E.e.68")&gt;, &lt;selenium.webdriv...</msg>
<status status="PASS" starttime="20260123 17:46:55.682" endtime="20260123 17:46:55.691"/>
</kw>
<kw name="Set Variable" library="BuiltIn">
<var>${link}</var>
<arg>${links}[${index}]</arg>
<doc>Returns the given values which can then be assigned to a variables.</doc>
<msg timestamp="20260123 17:46:55.691" level="INFO">${link} = &lt;selenium.webdriver.remote.webelement.WebElement (session="e1e104b604d352a021121ba4a1937e43", element="f.9692B2F2F83A89F8941E1F24D051482F.d.E4BA386CF6470E0869082BD1A4FBF26E.e.75")&gt;</msg>
<status status="PASS" starttime="20260123 17:46:55.691" endtime="20260123 17:46:55.691"/>
</kw>
<kw name="Get Text" library="SeleniumLibrary">
<var>${text}</var>
<arg>${link}</arg>
<doc>Returns the text value of the element identified by ``locator``.</doc>
<msg timestamp="20260123 17:46:55.700" level="INFO">${text} = Imp Info</msg>
<status status="PASS" starttime="20260123 17:46:55.692" endtime="20260123 17:46:55.701"/>
</kw>
<kw name="Log" library="BuiltIn">
<arg>Clicking: ${text}</arg>
<doc>Logs the given message with the given level.</doc>
<msg timestamp="20260123 17:46:55.701" level="INFO">Clicking: Imp Info</msg>
<status status="PASS" starttime="20260123 17:46:55.701" endtime="20260123 17:46:55.701"/>
</kw>
<kw name="Scroll Element Into View" library="SeleniumLibrary">
<arg>${link}</arg>
<doc>Scrolls the element identified by ``locator`` into view.</doc>
<status status="PASS" starttime="20260123 17:46:55.701" endtime="20260123 17:46:55.973"/>
</kw>
<kw name="Wait Until Element Is Visible" library="SeleniumLibrary">
<arg>${link}</arg>
<arg>10s</arg>
<doc>Waits until the element ``locator`` is visible.</doc>
<status status="PASS" starttime="20260123 17:46:55.973" endtime="20260123 17:46:55.980"/>
</kw>
<kw name="Wait Until Element Is Enabled" library="SeleniumLibrary">
<arg>${link}</arg>
<arg>10s</arg>
<doc>Waits until the element ``locator`` is enabled.</doc>
<status status="PASS" starttime="20260123 17:46:55.981" endtime="20260123 17:46:55.992"/>
</kw>
<kw name="Run Keyword And Return Status" library="BuiltIn">
<var>${status}</var>
<arg>Click Element</arg>
<arg>${link}</arg>
<doc>Runs the given keyword with given arguments and returns the status as a Boolean value.</doc>
<kw name="Click Element" library="SeleniumLibrary">
<arg>${link}</arg>
<doc>Click the element identified by ``locator``.</doc>
<msg timestamp="20260123 17:46:55.993" level="INFO">Clicking element '&lt;selenium.webdriver.remote.webelement.WebElement (session="e1e104b604d352a021121ba4a1937e43", element="f.9692B2F2F83A89F8941E1F24D051482F.d.E4BA386CF6470E0869082BD1A4FBF26E.e.75")&gt;'.</msg>
<status status="PASS" starttime="20260123 17:46:55.992" endtime="20260123 17:46:56.035"/>
</kw>
<msg timestamp="20260123 17:46:56.035" level="INFO">${status} = True</msg>
<status status="PASS" starttime="20260123 17:46:55.992" endtime="20260123 17:46:56.035"/>
</kw>
<if>
<branch type="IF" condition="not ${status}">
<kw name="Execute Javascript" library="SeleniumLibrary">
<arg>arguments[0].click();</arg>
<arg>${link}</arg>
<doc>Executes the given JavaScript code with possible arguments.</doc>
<status status="NOT RUN" starttime="20260123 17:46:56.036" endtime="20260123 17:46:56.036"/>
</kw>
<status status="NOT RUN" starttime="20260123 17:46:56.035" endtime="20260123 17:46:56.036"/>
</branch>
<status status="PASS" starttime="20260123 17:46:56.035" endtime="20260123 17:46:56.036"/>
</if>
<kw name="Sleep" library="BuiltIn">
<arg>0.6s</arg>
<doc>Pauses the test executed for the given time.</doc>
<msg timestamp="20260123 17:46:56.637" level="INFO">Slept 600 milliseconds</msg>
<status status="PASS" starttime="20260123 17:46:56.036" endtime="20260123 17:46:56.637"/>
</kw>
<status status="PASS" starttime="20260123 17:46:55.682" endtime="20260123 17:46:56.637"/>
</iter>
<iter>
<var name="${index}">8</var>
<kw name="Get WebElements" library="SeleniumLibrary">
<var>${links}</var>
<arg>${NAV_LINKS}</arg>
<doc>Returns a list of WebElement objects matching the ``locator``.</doc>
<msg timestamp="20260123 17:46:56.647" level="INFO">${links} = [&lt;selenium.webdriver.remote.webelement.WebElement (session="e1e104b604d352a021121ba4a1937e43", element="f.9692B2F2F83A89F8941E1F24D051482F.d.E4BA386CF6470E0869082BD1A4FBF26E.e.68")&gt;, &lt;selenium.webdriv...</msg>
<status status="PASS" starttime="20260123 17:46:56.637" endtime="20260123 17:46:56.647"/>
</kw>
<kw name="Set Variable" library="BuiltIn">
<var>${link}</var>
<arg>${links}[${index}]</arg>
<doc>Returns the given values which can then be assigned to a variables.</doc>
<msg timestamp="20260123 17:46:56.647" level="INFO">${link} = &lt;selenium.webdriver.remote.webelement.WebElement (session="e1e104b604d352a021121ba4a1937e43", element="f.9692B2F2F83A89F8941E1F24D051482F.d.E4BA386CF6470E0869082BD1A4FBF26E.e.76")&gt;</msg>
<status status="PASS" starttime="20260123 17:46:56.647" endtime="20260123 17:46:56.647"/>
</kw>
<kw name="Get Text" library="SeleniumLibrary">
<var>${text}</var>
<arg>${link}</arg>
<doc>Returns the text value of the element identified by ``locator``.</doc>
<msg timestamp="20260123 17:46:56.657" level="INFO">${text} = FAQS</msg>
<status status="PASS" starttime="20260123 17:46:56.648" endtime="20260123 17:46:56.657"/>
</kw>
<kw name="Log" library="BuiltIn">
<arg>Clicking: ${text}</arg>
<doc>Logs the given message with the given level.</doc>
<msg timestamp="20260123 17:46:56.657" level="INFO">Clicking: FAQS</msg>
<status status="PASS" starttime="20260123 17:46:56.657" endtime="20260123 17:46:56.657"/>
</kw>
<kw name="Scroll Element Into View" library="SeleniumLibrary">
<arg>${link}</arg>
<doc>Scrolls the element identified by ``locator`` into view.</doc>
<status status="PASS" starttime="20260123 17:46:56.657" endtime="20260123 17:46:56.930"/>
</kw>
<kw name="Wait Until Element Is Visible" library="SeleniumLibrary">
<arg>${link}</arg>
<arg>10s</arg>
<doc>Waits until the element ``locator`` is visible.</doc>
<status status="PASS" starttime="20260123 17:46:56.931" endtime="20260123 17:46:56.940"/>
</kw>
<kw name="Wait Until Element Is Enabled" library="SeleniumLibrary">
<arg>${link}</arg>
<arg>10s</arg>
<doc>Waits until the element ``locator`` is enabled.</doc>
<status status="PASS" starttime="20260123 17:46:56.940" endtime="20260123 17:46:56.953"/>
</kw>
<kw name="Run Keyword And Return Status" library="BuiltIn">
<var>${status}</var>
<arg>Click Element</arg>
<arg>${link}</arg>
<doc>Runs the given keyword with given arguments and returns the status as a Boolean value.</doc>
<kw name="Click Element" library="SeleniumLibrary">
<arg>${link}</arg>
<doc>Click the element identified by ``locator``.</doc>
<msg timestamp="20260123 17:46:56.955" level="INFO">Clicking element '&lt;selenium.webdriver.remote.webelement.WebElement (session="e1e104b604d352a021121ba4a1937e43", element="f.9692B2F2F83A89F8941E1F24D051482F.d.E4BA386CF6470E0869082BD1A4FBF26E.e.76")&gt;'.</msg>
<status status="PASS" starttime="20260123 17:46:56.954" endtime="20260123 17:46:57.005"/>
</kw>
<msg timestamp="20260123 17:46:57.005" level="INFO">${status} = True</msg>
<status status="PASS" starttime="20260123 17:46:56.954" endtime="20260123 17:46:57.005"/>
</kw>
<if>
<branch type="IF" condition="not ${status}">
<kw name="Execute Javascript" library="SeleniumLibrary">
<arg>arguments[0].click();</arg>
<arg>${link}</arg>
<doc>Executes the given JavaScript code with possible arguments.</doc>
<status status="NOT RUN" starttime="20260123 17:46:57.006" endtime="20260123 17:46:57.006"/>
</kw>
<status status="NOT RUN" starttime="20260123 17:46:57.005" endtime="20260123 17:46:57.006"/>
</branch>
<status status="PASS" starttime="20260123 17:46:57.005" endtime="20260123 17:46:57.006"/>
</if>
<kw name="Sleep" library="BuiltIn">
<arg>0.6s</arg>
<doc>Pauses the test executed for the given time.</doc>
<msg timestamp="20260123 17:46:57.606" level="INFO">Slept 600 milliseconds</msg>
<status status="PASS" starttime="20260123 17:46:57.006" endtime="20260123 17:46:57.606"/>
</kw>
<status status="PASS" starttime="20260123 17:46:56.637" endtime="20260123 17:46:57.607"/>
</iter>
<status status="PASS" starttime="20260123 17:46:48.911" endtime="20260123 17:46:57.607"/>
</for>
<status status="PASS" starttime="20260123 17:46:48.096" endtime="20260123 17:46:57.607"/>
</kw>
<kw name="Scroll Element Into View" library="SeleniumLibrary">
<arg>${Muktinath_Content}</arg>
<doc>Scrolls the element identified by ``locator`` into view.</doc>
<status status="PASS" starttime="20260123 17:46:57.607" endtime="20260123 17:46:57.895"/>
</kw>
<status status="PASS" starttime="20260123 17:46:44.985" endtime="20260123 17:46:57.895"/>
</kw>
<kw name="Test Kathmandu Pokhara Lumbini" library="Explore_The_Ancient">
<kw name="Open Trek And Tours Menu" library="home_page">
<kw name="Wait And Click" library="keywords">
<arg>${trek_and_tours}</arg>
<doc>Waits until element is visible &amp; enabled, scrolls into view, clicks, fallback to JS if normal click fails</doc>
<kw name="Wait Until Element Is Visible" library="SeleniumLibrary">
<arg>${locator}</arg>
<arg>${timeout}</arg>
<doc>Waits until the element ``locator`` is visible.</doc>
<status status="PASS" starttime="20260123 17:46:57.897" endtime="20260123 17:46:57.914"/>
</kw>
<kw name="Wait Until Element Is Enabled" library="SeleniumLibrary">
<arg>${locator}</arg>
<arg>${timeout}</arg>
<doc>Waits until the element ``locator`` is enabled.</doc>
<status status="PASS" starttime="20260123 17:46:57.914" endtime="20260123 17:46:57.935"/>
</kw>
<kw name="Scroll Element Into View" library="SeleniumLibrary">
<arg>${locator}</arg>
<doc>Scrolls the element identified by ``locator`` into view.</doc>
<status status="PASS" starttime="20260123 17:46:57.935" endtime="20260123 17:46:58.207"/>
</kw>
<kw name="Run Keyword And Return Status" library="BuiltIn">
<var>${clicked}</var>
<arg>Click Element</arg>
<arg>${locator}</arg>
<doc>Runs the given keyword with given arguments and returns the status as a Boolean value.</doc>
<kw name="Click Element" library="SeleniumLibrary">
<arg>${locator}</arg>
<doc>Click the element identified by ``locator``.</doc>
<msg timestamp="20260123 17:46:58.208" level="INFO">Clicking element 'xpath=/html/body/div[1]/header/div[1]/div/div/div/div/div[2]/div[2]/ul/li[2]/a/i'.</msg>
<status status="PASS" starttime="20260123 17:46:58.208" endtime="20260123 17:46:58.258"/>
</kw>
<msg timestamp="20260123 17:46:58.258" level="INFO">${clicked} = True</msg>
<status status="PASS" starttime="20260123 17:46:58.208" endtime="20260123 17:46:58.258"/>
</kw>
<if>
<branch type="IF" condition="not ${clicked}">
<kw name="Log" library="BuiltIn">
<arg>Using JS click fallback for ${locator}</arg>
<doc>Logs the given message with the given level.</doc>
<status status="NOT RUN" starttime="20260123 17:46:58.258" endtime="20260123 17:46:58.259"/>
</kw>
<kw name="Execute Javascript" library="SeleniumLibrary">
<arg>arguments[0].click();</arg>
<arg>document.evaluate("${locator.replace('xpath=','')}", document, null, XPathResult.FIRST_ORDERED_NODE_TYPE, null).singleNodeValue</arg>
<doc>Executes the given JavaScript code with possible arguments.</doc>
<status status="NOT RUN" starttime="20260123 17:46:58.259" endtime="20260123 17:46:58.259"/>
</kw>
<status status="NOT RUN" starttime="20260123 17:46:58.258" endtime="20260123 17:46:58.259"/>
</branch>
<status status="PASS" starttime="20260123 17:46:58.258" endtime="20260123 17:46:58.259"/>
</if>
<status status="PASS" starttime="20260123 17:46:57.896" endtime="20260123 17:46:58.259"/>
</kw>
<kw name="Sleep" library="BuiltIn">
<arg>2s</arg>
<doc>Pauses the test executed for the given time.</doc>
<msg timestamp="20260123 17:47:00.259" level="INFO">Slept 2 seconds</msg>
<status status="PASS" starttime="20260123 17:46:58.259" endtime="20260123 17:47:00.259"/>
</kw>
<status status="PASS" starttime="20260123 17:46:57.896" endtime="20260123 17:47:00.260"/>
</kw>
<kw name="Click Explore The Ancient" library="Explore_The_Ancient">
<kw name="Wait And Click" library="keywords">
<arg>${explore_the_ancient}</arg>
<doc>Waits until element is visible &amp; enabled, scrolls into view, clicks, fallback to JS if normal click fails</doc>
<kw name="Wait Until Element Is Visible" library="SeleniumLibrary">
<arg>${locator}</arg>
<arg>${timeout}</arg>
<doc>Waits until the element ``locator`` is visible.</doc>
<status status="PASS" starttime="20260123 17:47:00.260" endtime="20260123 17:47:00.276"/>
</kw>
<kw name="Wait Until Element Is Enabled" library="SeleniumLibrary">
<arg>${locator}</arg>
<arg>${timeout}</arg>
<doc>Waits until the element ``locator`` is enabled.</doc>
<status status="PASS" starttime="20260123 17:47:00.276" endtime="20260123 17:47:00.295"/>
</kw>
<kw name="Scroll Element Into View" library="SeleniumLibrary">
<arg>${locator}</arg>
<doc>Scrolls the element identified by ``locator`` into view.</doc>
<status status="PASS" starttime="20260123 17:47:00.295" endtime="20260123 17:47:00.573"/>
</kw>
<kw name="Run Keyword And Return Status" library="BuiltIn">
<var>${clicked}</var>
<arg>Click Element</arg>
<arg>${locator}</arg>
<doc>Runs the given keyword with given arguments and returns the status as a Boolean value.</doc>
<kw name="Click Element" library="SeleniumLibrary">
<arg>${locator}</arg>
<doc>Click the element identified by ``locator``.</doc>
<msg timestamp="20260123 17:47:00.574" level="INFO">Clicking element 'xpath=/html/body/div[1]/header/div[1]/div/div/div/div/div[2]/div[2]/ul/li[2]/ul/li[5]/a'.</msg>
<status status="PASS" starttime="20260123 17:47:00.573" endtime="20260123 17:47:02.700"/>
</kw>
<msg timestamp="20260123 17:47:02.700" level="INFO">${clicked} = True</msg>
<status status="PASS" starttime="20260123 17:47:00.573" endtime="20260123 17:47:02.700"/>
</kw>
<if>
<branch type="IF" condition="not ${clicked}">
<kw name="Log" library="BuiltIn">
<arg>Using JS click fallback for ${locator}</arg>
<doc>Logs the given message with the given level.</doc>
<status status="NOT RUN" starttime="20260123 17:47:02.701" endtime="20260123 17:47:02.701"/>
</kw>
<kw name="Execute Javascript" library="SeleniumLibrary">
<arg>arguments[0].click();</arg>
<arg>document.evaluate("${locator.replace('xpath=','')}", document, null, XPathResult.FIRST_ORDERED_NODE_TYPE, null).singleNodeValue</arg>
<doc>Executes the given JavaScript code with possible arguments.</doc>
<status status="NOT RUN" starttime="20260123 17:47:02.701" endtime="20260123 17:47:02.701"/>
</kw>
<status status="NOT RUN" starttime="20260123 17:47:02.701" endtime="20260123 17:47:02.702"/>
</branch>
<status status="PASS" starttime="20260123 17:47:02.700" endtime="20260123 17:47:02.702"/>
</if>
<status status="PASS" starttime="20260123 17:47:00.260" endtime="20260123 17:47:02.702"/>
</kw>
<kw name="Sleep" library="BuiltIn">
<arg>2s</arg>
<doc>Pauses the test executed for the given time.</doc>
<msg timestamp="20260123 17:47:04.702" level="INFO">Slept 2 seconds</msg>
<status status="PASS" starttime="20260123 17:47:02.702" endtime="20260123 17:47:04.703"/>
</kw>
<status status="PASS" starttime="20260123 17:47:00.260" endtime="20260123 17:47:04.703"/>
</kw>
<kw name="Test Forgotten Culture" library="Explore_The_Ancient">
<kw name="Wait And Click" library="keywords">
<arg>${forgotten_culture}</arg>
<doc>Waits until element is visible &amp; enabled, scrolls into view, clicks, fallback to JS if normal click fails</doc>
<kw name="Wait Until Element Is Visible" library="SeleniumLibrary">
<arg>${locator}</arg>
<arg>${timeout}</arg>
<doc>Waits until the element ``locator`` is visible.</doc>
<status status="PASS" starttime="20260123 17:47:04.704" endtime="20260123 17:47:04.719"/>
</kw>
<kw name="Wait Until Element Is Enabled" library="SeleniumLibrary">
<arg>${locator}</arg>
<arg>${timeout}</arg>
<doc>Waits until the element ``locator`` is enabled.</doc>
<status status="PASS" starttime="20260123 17:47:04.719" endtime="20260123 17:47:04.737"/>
</kw>
<kw name="Scroll Element Into View" library="SeleniumLibrary">
<arg>${locator}</arg>
<doc>Scrolls the element identified by ``locator`` into view.</doc>
<status status="PASS" starttime="20260123 17:47:04.737" endtime="20260123 17:47:05.009"/>
</kw>
<kw name="Run Keyword And Return Status" library="BuiltIn">
<var>${clicked}</var>
<arg>Click Element</arg>
<arg>${locator}</arg>
<doc>Runs the given keyword with given arguments and returns the status as a Boolean value.</doc>
<kw name="Click Element" library="SeleniumLibrary">
<arg>${locator}</arg>
<doc>Click the element identified by ``locator``.</doc>
<msg timestamp="20260123 17:47:05.010" level="INFO">Clicking element 'xpath=/html/body/div[3]/section/div/div/ul/li[2]/h3'.</msg>
<status status="PASS" starttime="20260123 17:47:05.009" endtime="20260123 17:47:05.065"/>
</kw>
<msg timestamp="20260123 17:47:05.065" level="INFO">${clicked} = True</msg>
<status status="PASS" starttime="20260123 17:47:05.009" endtime="20260123 17:47:05.065"/>
</kw>
<if>
<branch type="IF" condition="not ${clicked}">
<kw name="Log" library="BuiltIn">
<arg>Using JS click fallback for ${locator}</arg>
<doc>Logs the given message with the given level.</doc>
<status status="NOT RUN" starttime="20260123 17:47:05.066" endtime="20260123 17:47:05.066"/>
</kw>
<kw name="Execute Javascript" library="SeleniumLibrary">
<arg>arguments[0].click();</arg>
<arg>document.evaluate("${locator.replace('xpath=','')}", document, null, XPathResult.FIRST_ORDERED_NODE_TYPE, null).singleNodeValue</arg>
<doc>Executes the given JavaScript code with possible arguments.</doc>
<status status="NOT RUN" starttime="20260123 17:47:05.066" endtime="20260123 17:47:05.066"/>
</kw>
<status status="NOT RUN" starttime="20260123 17:47:05.065" endtime="20260123 17:47:05.066"/>
</branch>
<status status="PASS" starttime="20260123 17:47:05.065" endtime="20260123 17:47:05.066"/>
</if>
<status status="PASS" starttime="20260123 17:47:04.703" endtime="20260123 17:47:05.066"/>
</kw>
<kw name="Wait Until Element Is Visible" library="SeleniumLibrary">
<arg>xpath=/html/body/div[3]/section/div/div/div[4]/section/div/div/div/div[2]</arg>
<doc>Waits until the element ``locator`` is visible.</doc>
<status status="PASS" starttime="20260123 17:47:05.066" endtime="20260123 17:47:05.083"/>
</kw>
<status status="PASS" starttime="20260123 17:47:04.703" endtime="20260123 17:47:05.083"/>
</kw>
<kw name="Scroll Element Into View" library="SeleniumLibrary">
<arg>xpath=/html/body/div[3]/section/div/div/div[4]/section/div/div/div/div[2]</arg>
<doc>Scrolls the element identified by ``locator`` into view.</doc>
<status status="PASS" starttime="20260123 17:47:05.083" endtime="20260123 17:47:05.381"/>
</kw>
<kw name="Wait And Click" library="keywords">
<arg>${KPL}</arg>
<doc>Waits until element is visible &amp; enabled, scrolls into view, clicks, fallback to JS if normal click fails</doc>
<kw name="Wait Until Element Is Visible" library="SeleniumLibrary">
<arg>${locator}</arg>
<arg>${timeout}</arg>
<doc>Waits until the element ``locator`` is visible.</doc>
<status status="PASS" starttime="20260123 17:47:05.382" endtime="20260123 17:47:05.402"/>
</kw>
<kw name="Wait Until Element Is Enabled" library="SeleniumLibrary">
<arg>${locator}</arg>
<arg>${timeout}</arg>
<doc>Waits until the element ``locator`` is enabled.</doc>
<status status="PASS" starttime="20260123 17:47:05.402" endtime="20260123 17:47:05.422"/>
</kw>
<kw name="Scroll Element Into View" library="SeleniumLibrary">
<arg>${locator}</arg>
<doc>Scrolls the element identified by ``locator`` into view.</doc>
<status status="PASS" starttime="20260123 17:47:05.422" endtime="20260123 17:47:05.710"/>
</kw>
<kw name="Run Keyword And Return Status" library="BuiltIn">
<var>${clicked}</var>
<arg>Click Element</arg>
<arg>${locator}</arg>
<doc>Runs the given keyword with given arguments and returns the status as a Boolean value.</doc>
<kw name="Click Element" library="SeleniumLibrary">
<arg>${locator}</arg>
<doc>Click the element identified by ``locator``.</doc>
<msg timestamp="20260123 17:47:05.711" level="INFO">Clicking element 'xpath=//*[@id="tab-forgotten-cultures"]/section/div/div/div/div[2]/div[2]'.</msg>
<status status="PASS" starttime="20260123 17:47:05.711" endtime="20260123 17:47:07.215"/>
</kw>
<msg timestamp="20260123 17:47:07.215" level="INFO">${clicked} = True</msg>
<status status="PASS" starttime="20260123 17:47:05.711" endtime="20260123 17:47:07.215"/>
</kw>
<if>
<branch type="IF" condition="not ${clicked}">
<kw name="Log" library="BuiltIn">
<arg>Using JS click fallback for ${locator}</arg>
<doc>Logs the given message with the given level.</doc>
<status status="NOT RUN" starttime="20260123 17:47:07.216" endtime="20260123 17:47:07.216"/>
</kw>
<kw name="Execute Javascript" library="SeleniumLibrary">
<arg>arguments[0].click();</arg>
<arg>document.evaluate("${locator.replace('xpath=','')}", document, null, XPathResult.FIRST_ORDERED_NODE_TYPE, null).singleNodeValue</arg>
<doc>Executes the given JavaScript code with possible arguments.</doc>
<status status="NOT RUN" starttime="20260123 17:47:07.216" endtime="20260123 17:47:07.216"/>
</kw>
<status status="NOT RUN" starttime="20260123 17:47:07.215" endtime="20260123 17:47:07.216"/>
</branch>
<status status="PASS" starttime="20260123 17:47:07.215" endtime="20260123 17:47:07.216"/>
</if>
<status status="PASS" starttime="20260123 17:47:05.381" endtime="20260123 17:47:07.216"/>
[...]
<kw name="Click Element" library="SeleniumLibrary">
<arg>${link}</arg>
<doc>Click the element identified by ``locator``.</doc>
<msg timestamp="20260123 17:47:12.481" level="INFO">Clicking element '&lt;selenium.webdriver.remote.webelement.WebElement (session="e1e104b604d352a021121ba4a1937e43", element="f.9692B2F2F83A89F8941E1F24D051482F.d.9991A1B2D4125D48DA45DB60F0444C0A.e.131")&gt;'.</msg>
<status status="PASS" starttime="20260123 17:47:12.480" endtime="20260123 17:47:12.523"/>
</kw>
<msg timestamp="20260123 17:47:12.523" level="INFO">${clicked} = True</msg>
<status status="PASS" starttime="20260123 17:47:12.480" endtime="20260123 17:47:12.523"/>
</kw>
<if>
<branch type="IF" condition="not ${clicked}">
<kw name="Execute Javascript" library="SeleniumLibrary">
<arg>arguments[0].click();</arg>
<arg>${link}</arg>
<doc>Executes the given JavaScript code with possible arguments.</doc>
<status status="NOT RUN" starttime="20260123 17:47:12.523" endtime="20260123 17:47:12.523"/>
</kw>
<status status="NOT RUN" starttime="20260123 17:47:12.523" endtime="20260123 17:47:12.523"/>
</branch>
<status status="PASS" starttime="20260123 17:47:12.523" endtime="20260123 17:47:12.523"/>
</if>
<kw name="Sleep" library="BuiltIn">
<arg>0.6s</arg>
<doc>Pauses the test executed for the given time.</doc>
<msg timestamp="20260123 17:47:13.124" level="INFO">Slept 600 milliseconds</msg>
<status status="PASS" starttime="20260123 17:47:12.523" endtime="20260123 17:47:13.124"/>
</kw>
<status status="PASS" starttime="20260123 17:47:12.169" endtime="20260123 17:47:13.124"/>
</iter>
<iter>
<var name="${i}">5</var>
<kw name="Get WebElements" library="SeleniumLibrary">
<var>${links}</var>
<arg>${NAV_LINKS}</arg>
<doc>Returns a list of WebElement objects matching the ``locator``.</doc>
<msg timestamp="20260123 17:47:13.134" level="INFO">${links} = [&lt;selenium.webdriver.remote.webelement.WebElement (session="e1e104b604d352a021121ba4a1937e43", element="f.9692B2F2F83A89F8941E1F24D051482F.d.9991A1B2D4125D48DA45DB60F0444C0A.e.127")&gt;, &lt;selenium.webdri...</msg>
<status status="PASS" starttime="20260123 17:47:13.124" endtime="20260123 17:47:13.134"/>
</kw>
<kw name="Set Variable" library="BuiltIn">
<var>${link}</var>
<arg>${links}[${i}]</arg>
<doc>Returns the given values which can then be assigned to a variables.</doc>
<msg timestamp="20260123 17:47:13.134" level="INFO">${link} = &lt;selenium.webdriver.remote.webelement.WebElement (session="e1e104b604d352a021121ba4a1937e43", element="f.9692B2F2F83A89F8941E1F24D051482F.d.9991A1B2D4125D48DA45DB60F0444C0A.e.132")&gt;</msg>
<status status="PASS" starttime="20260123 17:47:13.134" endtime="20260123 17:47:13.134"/>
</kw>
<kw name="Get Text" library="SeleniumLibrary">
<var>${text}</var>
<arg>${link}</arg>
<doc>Returns the text value of the element identified by ``locator``.</doc>
<msg timestamp="20260123 17:47:13.143" level="INFO">${text} = Itinerary</msg>
<status status="PASS" starttime="20260123 17:47:13.134" endtime="20260123 17:47:13.143"/>
</kw>
<kw name="Log" library="BuiltIn">
<arg>Clicking section: ${text}</arg>
<doc>Logs the given message with the given level.</doc>
<msg timestamp="20260123 17:47:13.143" level="INFO">Clicking section: Itinerary</msg>
<status status="PASS" starttime="20260123 17:47:13.143" endtime="20260123 17:47:13.143"/>
</kw>
<kw name="Scroll Element Into View" library="SeleniumLibrary">
<arg>${link}</arg>
<doc>Scrolls the element identified by ``locator`` into view.</doc>
<status status="PASS" starttime="20260123 17:47:13.143" endtime="20260123 17:47:13.425"/>
</kw>
<kw name="Wait Until Element Is Visible" library="SeleniumLibrary">
<arg>${link}</arg>
<arg>10s</arg>
<doc>Waits until the element ``locator`` is visible.</doc>
<status status="PASS" starttime="20260123 17:47:13.425" endtime="20260123 17:47:13.434"/>
</kw>
<kw name="Wait Until Element Is Enabled" library="SeleniumLibrary">
<arg>${link}</arg>
<arg>10s</arg>
<doc>Waits until the element ``locator`` is enabled.</doc>
<status status="PASS" starttime="20260123 17:47:13.434" endtime="20260123 17:47:13.447"/>
</kw>
<kw name="Run Keyword And Return Status" library="BuiltIn">
<var>${clicked}</var>
<arg>Click Element</arg>
<arg>${link}</arg>
<doc>Runs the given keyword with given arguments and returns the status as a Boolean value.</doc>
<kw name="Click Element" library="SeleniumLibrary">
<arg>${link}</arg>
<doc>Click the element identified by ``locator``.</doc>
<msg timestamp="20260123 17:47:13.448" level="INFO">Clicking element '&lt;selenium.webdriver.remote.webelement.WebElement (session="e1e104b604d352a021121ba4a1937e43", element="f.9692B2F2F83A89F8941E1F24D051482F.d.9991A1B2D4125D48DA45DB60F0444C0A.e.132")&gt;'.</msg>
<status status="PASS" starttime="20260123 17:47:13.448" endtime="20260123 17:47:13.489"/>
</kw>
<msg timestamp="20260123 17:47:13.489" level="INFO">${clicked} = True</msg>
<status status="PASS" starttime="20260123 17:47:13.447" endtime="20260123 17:47:13.490"/>
</kw>
<if>
<branch type="IF" condition="not ${clicked}">
<kw name="Execute Javascript" library="SeleniumLibrary">
<arg>arguments[0].click();</arg>
<arg>${link}</arg>
<doc>Executes the given JavaScript code with possible arguments.</doc>
<status status="NOT RUN" starttime="20260123 17:47:13.490" endtime="20260123 17:47:13.490"/>
</kw>
<status status="NOT RUN" starttime="20260123 17:47:13.490" endtime="20260123 17:47:13.490"/>
</branch>
<status status="PASS" starttime="20260123 17:47:13.490" endtime="20260123 17:47:13.490"/>
</if>
<kw name="Sleep" library="BuiltIn">
<arg>0.6s</arg>
<doc>Pauses the test executed for the given time.</doc>
<msg timestamp="20260123 17:47:14.091" level="INFO">Slept 600 milliseconds</msg>
<status status="PASS" starttime="20260123 17:47:13.490" endtime="20260123 17:47:14.091"/>
</kw>
<status status="PASS" starttime="20260123 17:47:13.124" endtime="20260123 17:47:14.091"/>
</iter>
<iter>
<var name="${i}">6</var>
<kw name="Get WebElements" library="SeleniumLibrary">
<var>${links}</var>
<arg>${NAV_LINKS}</arg>
<doc>Returns a list of WebElement objects matching the ``locator``.</doc>
<msg timestamp="20260123 17:47:14.101" level="INFO">${links} = [&lt;selenium.webdriver.remote.webelement.WebElement (session="e1e104b604d352a021121ba4a1937e43", element="f.9692B2F2F83A89F8941E1F24D051482F.d.9991A1B2D4125D48DA45DB60F0444C0A.e.127")&gt;, &lt;selenium.webdri...</msg>
<status status="PASS" starttime="20260123 17:47:14.091" endtime="20260123 17:47:14.101"/>
</kw>
<kw name="Set Variable" library="BuiltIn">
<var>${link}</var>
<arg>${links}[${i}]</arg>
<doc>Returns the given values which can then be assigned to a variables.</doc>
<msg timestamp="20260123 17:47:14.101" level="INFO">${link} = &lt;selenium.webdriver.remote.webelement.WebElement (session="e1e104b604d352a021121ba4a1937e43", element="f.9692B2F2F83A89F8941E1F24D051482F.d.9991A1B2D4125D48DA45DB60F0444C0A.e.133")&gt;</msg>
<status status="PASS" starttime="20260123 17:47:14.101" endtime="20260123 17:47:14.101"/>
</kw>
<kw name="Get Text" library="SeleniumLibrary">
<var>${text}</var>
<arg>${link}</arg>
<doc>Returns the text value of the element identified by ``locator``.</doc>
<msg timestamp="20260123 17:47:14.110" level="INFO">${text} = Includes/Excludes</msg>
<status status="PASS" starttime="20260123 17:47:14.101" endtime="20260123 17:47:14.110"/>
</kw>
<kw name="Log" library="BuiltIn">
<arg>Clicking section: ${text}</arg>
<doc>Logs the given message with the given level.</doc>
<msg timestamp="20260123 17:47:14.111" level="INFO">Clicking section: Includes/Excludes</msg>
<status status="PASS" starttime="20260123 17:47:14.110" endtime="20260123 17:47:14.111"/>
</kw>
<kw name="Scroll Element Into View" library="SeleniumLibrary">
<arg>${link}</arg>
<doc>Scrolls the element identified by ``locator`` into view.</doc>
<status status="PASS" starttime="20260123 17:47:14.111" endtime="20260123 17:47:14.394"/>
</kw>
<kw name="Wait Until Element Is Visible" library="SeleniumLibrary">
<arg>${link}</arg>
<arg>10s</arg>
<doc>Waits until the element ``locator`` is visible.</doc>
<status status="PASS" starttime="20260123 17:47:14.395" endtime="20260123 17:47:14.404"/>
</kw>
<kw name="Wait Until Element Is Enabled" library="SeleniumLibrary">
<arg>${link}</arg>
<arg>10s</arg>
<doc>Waits until the element ``locator`` is enabled.</doc>
<status status="PASS" starttime="20260123 17:47:14.404" endtime="20260123 17:47:14.416"/>
</kw>
<kw name="Run Keyword And Return Status" library="BuiltIn">
<var>${clicked}</var>
<arg>Click Element</arg>
<arg>${link}</arg>
<doc>Runs the given keyword with given arguments and returns the status as a Boolean value.</doc>
<kw name="Click Element" library="SeleniumLibrary">
<arg>${link}</arg>
<doc>Click the element identified by ``locator``.</doc>
<msg timestamp="20260123 17:47:14.417" level="INFO">Clicking element '&lt;selenium.webdriver.remote.webelement.WebElement (session="e1e104b604d352a021121ba4a1937e43", element="f.9692B2F2F83A89F8941E1F24D051482F.d.9991A1B2D4125D48DA45DB60F0444C0A.e.133")&gt;'.</msg>
<status status="PASS" starttime="20260123 17:47:14.417" endtime="20260123 17:47:14.460"/>
</kw>
<msg timestamp="20260123 17:47:14.460" level="INFO">${clicked} = True</msg>
<status status="PASS" starttime="20260123 17:47:14.416" endtime="20260123 17:47:14.460"/>
</kw>
<if>
<branch type="IF" condition="not ${clicked}">
<kw name="Execute Javascript" library="SeleniumLibrary">
<arg>arguments[0].click();</arg>
<arg>${link}</arg>
<doc>Executes the given JavaScript code with possible arguments.</doc>
<status status="NOT RUN" starttime="20260123 17:47:14.460" endtime="20260123 17:47:14.461"/>
</kw>
<status status="NOT RUN" starttime="20260123 17:47:14.460" endtime="20260123 17:47:14.461"/>
</branch>
<status status="PASS" starttime="20260123 17:47:14.460" endtime="20260123 17:47:14.461"/>
</if>
<kw name="Sleep" library="BuiltIn">
<arg>0.6s</arg>
<doc>Pauses the test executed for the given time.</doc>
<msg timestamp="20260123 17:47:15.061" level="INFO">Slept 600 milliseconds</msg>
<status status="PASS" starttime="20260123 17:47:14.461" endtime="20260123 17:47:15.061"/>
</kw>
<status status="PASS" starttime="20260123 17:47:14.091" endtime="20260123 17:47:15.061"/>
</iter>
<iter>
<var name="${i}">7</var>
<kw name="Get WebElements" library="SeleniumLibrary">
<var>${links}</var>
<arg>${NAV_LINKS}</arg>
<doc>Returns a list of WebElement objects matching the ``locator``.</doc>
<msg timestamp="20260123 17:47:15.071" level="INFO">${links} = [&lt;selenium.webdriver.remote.webelement.WebElement (session="e1e104b604d352a021121ba4a1937e43", element="f.9692B2F2F83A89F8941E1F24D051482F.d.9991A1B2D4125D48DA45DB60F0444C0A.e.127")&gt;, &lt;selenium.webdri...</msg>
<status status="PASS" starttime="20260123 17:47:15.062" endtime="20260123 17:47:15.071"/>
</kw>
<kw name="Set Variable" library="BuiltIn">
<var>${link}</var>
<arg>${links}[${i}]</arg>
<doc>Returns the given values which can then be assigned to a variables.</doc>
<msg timestamp="20260123 17:47:15.071" level="INFO">${link} = &lt;selenium.webdriver.remote.webelement.WebElement (session="e1e104b604d352a021121ba4a1937e43", element="f.9692B2F2F83A89F8941E1F24D051482F.d.9991A1B2D4125D48DA45DB60F0444C0A.e.134")&gt;</msg>
<status status="PASS" starttime="20260123 17:47:15.071" endtime="20260123 17:47:15.071"/>
</kw>
<kw name="Get Text" library="SeleniumLibrary">
<var>${text}</var>
<arg>${link}</arg>
<doc>Returns the text value of the element identified by ``locator``.</doc>
<msg timestamp="20260123 17:47:15.081" level="INFO">${text} = Imp Info</msg>
<status status="PASS" starttime="20260123 17:47:15.072" endtime="20260123 17:47:15.081"/>
</kw>
<kw name="Log" library="BuiltIn">
<arg>Clicking section: ${text}</arg>
<doc>Logs the given message with the given level.</doc>
<msg timestamp="20260123 17:47:15.081" level="INFO">Clicking section: Imp Info</msg>
<status status="PASS" starttime="20260123 17:47:15.081" endtime="20260123 17:47:15.081"/>
</kw>
<kw name="Scroll Element Into View" library="SeleniumLibrary">
<arg>${link}</arg>
<doc>Scrolls the element identified by ``locator`` into view.</doc>
<status status="PASS" starttime="20260123 17:47:15.081" endtime="20260123 17:47:15.362"/>
</kw>
<kw name="Wait Until Element Is Visible" library="SeleniumLibrary">
<arg>${link}</arg>
<arg>10s</arg>
<doc>Waits until the element ``locator`` is visible.</doc>
<status status="PASS" starttime="20260123 17:47:15.362" endtime="20260123 17:47:15.370"/>
</kw>
<kw name="Wait Until Element Is Enabled" library="SeleniumLibrary">
<arg>${link}</arg>
<arg>10s</arg>
<doc>Waits until the element ``locator`` is enabled.</doc>
<status status="PASS" starttime="20260123 17:47:15.370" endtime="20260123 17:47:15.380"/>
</kw>
<kw name="Run Keyword And Return Status" library="BuiltIn">
<var>${clicked}</var>
<arg>Click Element</arg>
<arg>${link}</arg>
<doc>Runs the given keyword with given arguments and returns the status as a Boolean value.</doc>
<kw name="Click Element" library="SeleniumLibrary">
<arg>${link}</arg>
<doc>Click the element identified by ``locator``.</doc>
<msg timestamp="20260123 17:47:15.381" level="INFO">Clicking element '&lt;selenium.webdriver.remote.webelement.WebElement (session="e1e104b604d352a021121ba4a1937e43", element="f.9692B2F2F83A89F8941E1F24D051482F.d.9991A1B2D4125D48DA45DB60F0444C0A.e.134")&gt;'.</msg>
<status status="PASS" starttime="20260123 17:47:15.381" endtime="20260123 17:47:15.421"/>
</kw>
<msg timestamp="20260123 17:47:15.421" level="INFO">${clicked} = True</msg>
<status status="PASS" starttime="20260123 17:47:15.380" endtime="20260123 17:47:15.421"/>
</kw>
<if>
<branch type="IF" condition="not ${clicked}">
<kw name="Execute Javascript" library="SeleniumLibrary">
<arg>arguments[0].click();</arg>
<arg>${link}</arg>
<doc>Executes the given JavaScript code with possible arguments.</doc>
<status status="NOT RUN" starttime="20260123 17:47:15.422" endtime="20260123 17:47:15.422"/>
</kw>
<status status="NOT RUN" starttime="20260123 17:47:15.422" endtime="20260123 17:47:15.422"/>
</branch>
<status status="PASS" starttime="20260123 17:47:15.422" endtime="20260123 17:47:15.422"/>
</if>
<kw name="Sleep" library="BuiltIn">
<arg>0.6s</arg>
<doc>Pauses the test executed for the given time.</doc>
<msg timestamp="20260123 17:47:16.023" level="INFO">Slept 600 milliseconds</msg>
<status status="PASS" starttime="20260123 17:47:15.422" endtime="20260123 17:47:16.024"/>
</kw>
<status status="PASS" starttime="20260123 17:47:15.061" endtime="20260123 17:47:16.024"/>
</iter>
<iter>
<var name="${i}">8</var>
<kw name="Get WebElements" library="SeleniumLibrary">
<var>${links}</var>
<arg>${NAV_LINKS}</arg>
<doc>Returns a list of WebElement objects matching the ``locator``.</doc>
<msg timestamp="20260123 17:47:16.033" level="INFO">${links} = [&lt;selenium.webdriver.remote.webelement.WebElement (session="e1e104b604d352a021121ba4a1937e43", element="f.9692B2F2F83A89F8941E1F24D051482F.d.9991A1B2D4125D48DA45DB60F0444C0A.e.127")&gt;, &lt;selenium.webdri...</msg>
<status status="PASS" starttime="20260123 17:47:16.024" endtime="20260123 17:47:16.033"/>
</kw>
<kw name="Set Variable" library="BuiltIn">
<var>${link}</var>
<arg>${links}[${i}]</arg>
<doc>Returns the given values which can then be assigned to a variables.</doc>
<msg timestamp="20260123 17:47:16.033" level="INFO">${link} = &lt;selenium.webdriver.remote.webelement.WebElement (session="e1e104b604d352a021121ba4a1937e43", element="f.9692B2F2F83A89F8941E1F24D051482F.d.9991A1B2D4125D48DA45DB60F0444C0A.e.135")&gt;</msg>
<status status="PASS" starttime="20260123 17:47:16.033" endtime="20260123 17:47:16.033"/>
</kw>
<kw name="Get Text" library="SeleniumLibrary">
<var>${text}</var>
<arg>${link}</arg>
<doc>Returns the text value of the element identified by ``locator``.</doc>
<msg timestamp="20260123 17:47:16.042" level="INFO">${text} = FAQS</msg>
<status status="PASS" starttime="20260123 17:47:16.034" endtime="20260123 17:47:16.042"/>
</kw>
<kw name="Log" library="BuiltIn">
<arg>Clicking section: ${text}</arg>
<doc>Logs the given message with the given level.</doc>
<msg timestamp="20260123 17:47:16.043" level="INFO">Clicking section: FAQS</msg>
<status status="PASS" starttime="20260123 17:47:16.042" endtime="20260123 17:47:16.043"/>
</kw>
<kw name="Scroll Element Into View" library="SeleniumLibrary">
<arg>${link}</arg>
<doc>Scrolls the element identified by ``locator`` into view.</doc>
<status status="PASS" starttime="20260123 17:47:16.043" endtime="20260123 17:47:16.302"/>
</kw>
<kw name="Wait Until Element Is Visible" library="SeleniumLibrary">
<arg>${link}</arg>
<arg>10s</arg>
<doc>Waits until the element ``locator`` is visible.</doc>
<status status="PASS" starttime="20260123 17:47:16.302" endtime="20260123 17:47:16.310"/>
</kw>
<kw name="Wait Until Element Is Enabled" library="SeleniumLibrary">
<arg>${link}</arg>
<arg>10s</arg>
<doc>Waits until the element ``locator`` is enabled.</doc>
<status status="PASS" starttime="20260123 17:47:16.310" endtime="20260123 17:47:16.321"/>
</kw>
<kw name="Run Keyword And Return Status" library="BuiltIn">
<var>${clicked}</var>
<arg>Click Element</arg>
<arg>${link}</arg>
<doc>Runs the given keyword with given arguments and returns the status as a Boolean value.</doc>
<kw name="Click Element" library="SeleniumLibrary">
<arg>${link}</arg>
<doc>Click the element identified by ``locator``.</doc>
<msg timestamp="20260123 17:47:16.323" level="INFO">Clicking element '&lt;selenium.webdriver.remote.webelement.WebElement (session="e1e104b604d352a021121ba4a1937e43", element="f.9692B2F2F83A89F8941E1F24D051482F.d.9991A1B2D4125D48DA45DB60F0444C0A.e.135")&gt;'.</msg>
<status status="PASS" starttime="20260123 17:47:16.322" endtime="20260123 17:47:16.362"/>
</kw>
<msg timestamp="20260123 17:47:16.362" level="INFO">${clicked} = True</msg>
<status status="PASS" starttime="20260123 17:47:16.322" endtime="20260123 17:47:16.362"/>
</kw>
<if>
<branch type="IF" condition="not ${clicked}">
<kw name="Execute Javascript" library="SeleniumLibrary">
<arg>arguments[0].click();</arg>
<arg>${link}</arg>
<doc>Executes the given JavaScript code with possible arguments.</doc>
<status status="NOT RUN" starttime="20260123 17:47:16.362" endtime="20260123 17:47:16.362"/>
</kw>
<status status="NOT RUN" starttime="20260123 17:47:16.362" endtime="20260123 17:47:16.362"/>
</branch>
<status status="PASS" starttime="20260123 17:47:16.362" endtime="20260123 17:47:16.362"/>
</if>
<kw name="Sleep" library="BuiltIn">
<arg>0.6s</arg>
<doc>Pauses the test executed for the given time.</doc>
<msg timestamp="20260123 17:47:16.963" level="INFO">Slept 600 milliseconds</msg>
<status status="PASS" starttime="20260123 17:47:16.363" endtime="20260123 17:47:16.963"/>
</kw>
<status status="PASS" starttime="20260123 17:47:16.024" endtime="20260123 17:47:16.963"/>
</iter>
<status status="PASS" starttime="20260123 17:47:08.351" endtime="20260123 17:47:16.963"/>
</for>
<status status="PASS" starttime="20260123 17:47:07.526" endtime="20260123 17:47:16.963"/>
</kw>
<kw name="Scroll Element Into View" library="SeleniumLibrary">
<arg>${KPL_Content}</arg>
<doc>Scrolls the element identified by ``locator`` into view.</doc>
<status status="PASS" starttime="20260123 17:47:16.963" endtime="20260123 17:47:17.247"/>
</kw>
<status status="PASS" starttime="20260123 17:46:57.896" endtime="20260123 17:47:17.248"/>
</kw>
<kw name="Close Browser" library="SeleniumLibrary" type="TEARDOWN">
<doc>Closes the current browser.</doc>
<status status="PASS" starttime="20260123 17:47:17.248" endtime="20260123 17:47:19.492"/>
</kw>
<status status="PASS" starttime="20260123 17:46:23.347" endtime="20260123 17:47:19.492"/>
</test>
<status status="PASS" starttime="20260123 17:46:22.831" endtime="20260123 17:47:19.494"/>
</suite>
<statistics>
<total>
<stat pass="1" fail="0" skip="0">All Tests</stat>
</total>
<tag>
</tag>
<suite>
<stat pass="1" fail="0" skip="0" id="s1" name="Explore The Ancient">Explore The Ancient</stat>
</suite>
</statistics>
<errors>
</errors>
</robot>
