<?xml version="1.0" encoding="UTF-8"?>
<robot generator="Robot 6.1.1 (Python 3.13.9 on win32)" generated="20260121 17:02:29.359" rpa="false" schemaversion="4">
<suite id="s1" name="Treks Tours" source="C:\Users\Swarup Dahal\PycharmProjects\trail-quest\tests\treks_tours.robot">
<test id="s1-t1" name="Treks and Tours Test" line="9">
<kw name="Open Homepage" library="home_page">
<kw name="Open Browser To Application" library="browser">
<kw name="Evaluate" library="BuiltIn">
<var>${chrome_options}</var>
<arg>selenium.webdriver.ChromeOptions()</arg>
<arg>modules=selenium.webdriver</arg>
<doc>Evaluates the given expression in Python and returns the result.</doc>
<msg timestamp="20260121 17:02:29.855" level="INFO">${chrome_options} = &lt;selenium.webdriver.chrome.options.Options object at 0x000001EA2A7DB620&gt;</msg>
<status status="PASS" starttime="20260121 17:02:29.854" endtime="20260121 17:02:29.855"/>
</kw>
<kw name="Create List" library="BuiltIn">
<var>${args}</var>
<arg>--window-size=1920,1080</arg>
<arg>--start-maximized</arg>
<arg>--no-sandbox</arg>
<arg>--disable-dev-shm-usage</arg>
<arg>--disable-gpu</arg>
<arg>--disable-software-rasterizer</arg>
<arg>--remote-debugging-port=9222</arg>
<arg>--disable-extensions</arg>
<arg>--disable-setuid-sandbox</arg>
<doc>Returns a list containing given items.</doc>
<msg timestamp="20260121 17:02:29.855" level="INFO">${args} = ['--window-size=1920,1080', '--start-maximized', '--no-sandbox', '--disable-dev-shm-usage', '--disable-gpu', '--disable-software-rasterizer', '--remote-debugging-port=9222', '--disable-extensions', '-...</msg>
<status status="PASS" starttime="20260121 17:02:29.855" endtime="20260121 17:02:29.855"/>
</kw>
<for flavor="IN">
<var>${arg}</var>
<value>@{args}</value>
<iter>
<var name="${arg}">--window-size=1920,1080</var>
<kw name="Call Method" library="BuiltIn">
<arg>${chrome_options}</arg>
<arg>add_argument</arg>
<arg>${arg}</arg>
<doc>Calls the named method of the given object with the provided arguments.</doc>
<status status="PASS" starttime="20260121 17:02:29.856" endtime="20260121 17:02:29.856"/>
</kw>
<status status="PASS" starttime="20260121 17:02:29.856" endtime="20260121 17:02:29.856"/>
</iter>
<iter>
<var name="${arg}">--start-maximized</var>
<kw name="Call Method" library="BuiltIn">
<arg>${chrome_options}</arg>
<arg>add_argument</arg>
<arg>${arg}</arg>
<doc>Calls the named method of the given object with the provided arguments.</doc>
<status status="PASS" starttime="20260121 17:02:29.856" endtime="20260121 17:02:29.857"/>
</kw>
<status status="PASS" starttime="20260121 17:02:29.856" endtime="20260121 17:02:29.857"/>
</iter>
<iter>
<var name="${arg}">--no-sandbox</var>
<kw name="Call Method" library="BuiltIn">
<arg>${chrome_options}</arg>
<arg>add_argument</arg>
<arg>${arg}</arg>
<doc>Calls the named method of the given object with the provided arguments.</doc>
<status status="PASS" starttime="20260121 17:02:29.857" endtime="20260121 17:02:29.857"/>
</kw>
<status status="PASS" starttime="20260121 17:02:29.857" endtime="20260121 17:02:29.857"/>
</iter>
<iter>
<var name="${arg}">--disable-dev-shm-usage</var>
<kw name="Call Method" library="BuiltIn">
<arg>${chrome_options}</arg>
<arg>add_argument</arg>
<arg>${arg}</arg>
<doc>Calls the named method of the given object with the provided arguments.</doc>
<status status="PASS" starttime="20260121 17:02:29.857" endtime="20260121 17:02:29.858"/>
</kw>
<status status="PASS" starttime="20260121 17:02:29.857" endtime="20260121 17:02:29.858"/>
</iter>
<iter>
<var name="${arg}">--disable-gpu</var>
<kw name="Call Method" library="BuiltIn">
<arg>${chrome_options}</arg>
<arg>add_argument</arg>
<arg>${arg}</arg>
<doc>Calls the named method of the given object with the provided arguments.</doc>
<status status="PASS" starttime="20260121 17:02:29.858" endtime="20260121 17:02:29.858"/>
</kw>
<status status="PASS" starttime="20260121 17:02:29.858" endtime="20260121 17:02:29.858"/>
</iter>
<iter>
<var name="${arg}">--disable-software-rasterizer</var>
<kw name="Call Method" library="BuiltIn">
<arg>${chrome_options}</arg>
<arg>add_argument</arg>
<arg>${arg}</arg>
<doc>Calls the named method of the given object with the provided arguments.</doc>
<status status="PASS" starttime="20260121 17:02:29.858" endtime="20260121 17:02:29.858"/>
</kw>
<status status="PASS" starttime="20260121 17:02:29.858" endtime="20260121 17:02:29.859"/>
</iter>
<iter>
<var name="${arg}">--remote-debugging-port=9222</var>
<kw name="Call Method" library="BuiltIn">
<arg>${chrome_options}</arg>
<arg>add_argument</arg>
<arg>${arg}</arg>
<doc>Calls the named method of the given object with the provided arguments.</doc>
<status status="PASS" starttime="20260121 17:02:29.859" endtime="20260121 17:02:29.859"/>
</kw>
<status status="PASS" starttime="20260121 17:02:29.859" endtime="20260121 17:02:29.859"/>
</iter>
<iter>
<var name="${arg}">--disable-extensions</var>
<kw name="Call Method" library="BuiltIn">
<arg>${chrome_options}</arg>
<arg>add_argument</arg>
<arg>${arg}</arg>
<doc>Calls the named method of the given object with the provided arguments.</doc>
<status status="PASS" starttime="20260121 17:02:29.859" endtime="20260121 17:02:29.860"/>
</kw>
<status status="PASS" starttime="20260121 17:02:29.859" endtime="20260121 17:02:29.860"/>
</iter>
<iter>
<var name="${arg}">--disable-setuid-sandbox</var>
<kw name="Call Method" library="BuiltIn">
<arg>${chrome_options}</arg>
<arg>add_argument</arg>
<arg>${arg}</arg>
<doc>Calls the named method of the given object with the provided arguments.</doc>
<status status="PASS" starttime="20260121 17:02:29.860" endtime="20260121 17:02:29.860"/>
</kw>
<status status="PASS" starttime="20260121 17:02:29.860" endtime="20260121 17:02:29.860"/>
</iter>
<status status="PASS" starttime="20260121 17:02:29.855" endtime="20260121 17:02:29.860"/>
</for>
<kw name="Open Browser" library="SeleniumLibrary">
<arg>${BASE_URL}</arg>
<arg>${BROWSER}</arg>
<arg>options=${chrome_options}</arg>
<doc>Opens a new browser instance to the optional ``url``.</doc>
<msg timestamp="20260121 17:02:29.862" level="INFO">Opening browser 'Chrome' to base url 'https://trailquest.global/'.</msg>
<status status="PASS" starttime="20260121 17:02:29.861" endtime="20260121 17:02:36.534"/>
</kw>
<status status="PASS" starttime="20260121 17:02:29.854" endtime="20260121 17:02:36.535"/>
</kw>
<kw name="Sleep" library="BuiltIn">
<arg>2s</arg>
<doc>Pauses the test executed for the given time.</doc>
<msg timestamp="20260121 17:02:38.535" level="INFO">Slept 2 seconds</msg>
<status status="PASS" starttime="20260121 17:02:36.535" endtime="20260121 17:02:38.535"/>
</kw>
<status status="PASS" starttime="20260121 17:02:29.854" endtime="20260121 17:02:38.536"/>
</kw>
<kw name="Test The Push Your Limit" library="treks_tours">
<kw name="Verify Logo Is Visible" library="home_page">
<kw name="Wait Until Element Is Visible" library="SeleniumLibrary">
<arg>${logo}</arg>
<doc>Waits until the element ``locator`` is visible.</doc>
<status status="PASS" starttime="20260121 17:02:38.537" endtime="20260121 17:02:38.566"/>
</kw>
<kw name="Sleep" library="BuiltIn">
<arg>2s</arg>
<doc>Pauses the test executed for the given time.</doc>
<msg timestamp="20260121 17:02:40.567" level="INFO">Slept 2 seconds</msg>
<status status="PASS" starttime="20260121 17:02:38.567" endtime="20260121 17:02:40.567"/>
</kw>
<status status="PASS" starttime="20260121 17:02:38.536" endtime="20260121 17:02:40.567"/>
</kw>
<kw name="Open Trek And Tours Menu" library="home_page">
<kw name="Wait And Click" library="keywords">
<arg>${trek_and_tours}</arg>
<kw name="Wait Until Element Is Visible" library="SeleniumLibrary">
<arg>${locator}</arg>
<doc>Waits until the element ``locator`` is visible.</doc>
<status status="PASS" starttime="20260121 17:02:40.568" endtime="20260121 17:02:40.589"/>
</kw>
<kw name="Click Element" library="SeleniumLibrary">
<arg>${locator}</arg>
<doc>Click the element identified by ``locator``.</doc>
<msg timestamp="20260121 17:02:40.590" level="INFO">Clicking element 'xpath=/html/body/div[1]/header/div[1]/div/div/div/div/div[2]/div[2]/ul/li[2]/a/i'.</msg>
<status status="PASS" starttime="20260121 17:02:40.590" endtime="20260121 17:02:40.670"/>
</kw>
<status status="PASS" starttime="20260121 17:02:40.568" endtime="20260121 17:02:40.670"/>
</kw>
<kw name="Sleep" library="BuiltIn">
<arg>2s</arg>
<doc>Pauses the test executed for the given time.</doc>
<msg timestamp="20260121 17:02:42.670" level="INFO">Slept 2 seconds</msg>
<status status="PASS" starttime="20260121 17:02:40.670" endtime="20260121 17:02:42.670"/>
</kw>
<status status="PASS" starttime="20260121 17:02:40.567" endtime="20260121 17:02:42.670"/>
</kw>
<kw name="Click Push Your Limit" library="home_page">
<kw name="Wait And Click" library="keywords">
<arg>${push_your_limit}</arg>
<kw name="Wait Until Element Is Visible" library="SeleniumLibrary">
<arg>${locator}</arg>
<doc>Waits until the element ``locator`` is visible.</doc>
<status status="PASS" starttime="20260121 17:02:42.671" endtime="20260121 17:02:42.693"/>
</kw>
<kw name="Click Element" library="SeleniumLibrary">
<arg>${locator}</arg>
<doc>Click the element identified by ``locator``.</doc>
<msg timestamp="20260121 17:02:42.694" level="INFO">Clicking element 'xpath=/html/body/div[1]/header/div[1]/div/div/div/div/div[2]/div[2]/ul/li[2]/ul/li[2]/a'.</msg>
<status status="PASS" starttime="20260121 17:02:42.693" endtime="20260121 17:02:47.880"/>
</kw>
<status status="PASS" starttime="20260121 17:02:42.671" endtime="20260121 17:02:47.880"/>
</kw>
<kw name="Sleep" library="BuiltIn">
<arg>2s</arg>
<doc>Pauses the test executed for the given time.</doc>
<msg timestamp="20260121 17:02:49.882" level="INFO">Slept 2 seconds</msg>
<status status="PASS" starttime="20260121 17:02:47.880" endtime="20260121 17:02:49.882"/>
</kw>
<status status="PASS" starttime="20260121 17:02:42.671" endtime="20260121 17:02:49.882"/>
</kw>
<kw name="Go Down to" library="treks_tours">
<kw name="Scroll Element Into View" library="SeleniumLibrary">
<arg>${header}</arg>
<doc>Scrolls the element identified by ``locator`` into view.</doc>
<status status="PASS" starttime="20260121 17:02:49.882" endtime="20260121 17:02:50.165"/>
</kw>
<kw name="Sleep" library="BuiltIn">
<arg>2s</arg>
<doc>Pauses the test executed for the given time.</doc>
<msg timestamp="20260121 17:02:52.165" level="INFO">Slept 2 seconds</msg>
<status status="PASS" starttime="20260121 17:02:50.165" endtime="20260121 17:02:52.166"/>
</kw>
<status status="PASS" starttime="20260121 17:02:49.882" endtime="20260121 17:02:52.166"/>
</kw>
<kw name="Click Easy" library="treks_tours">
<kw name="Wait And Click" library="keywords">
<arg>${easy}</arg>
<kw name="Wait Until Element Is Visible" library="SeleniumLibrary">
<arg>${locator}</arg>
<doc>Waits until the element ``locator`` is visible.</doc>
<status status="PASS" starttime="20260121 17:02:52.166" endtime="20260121 17:02:52.186"/>
</kw>
<kw name="Click Element" library="SeleniumLibrary">
<arg>${locator}</arg>
<doc>Click the element identified by ``locator``.</doc>
<msg timestamp="20260121 17:02:52.186" level="INFO">Clicking element 'xpath=/html/body/div[3]/section/div/div/ul/li[1]/h3'.</msg>
<status status="PASS" starttime="20260121 17:02:52.186" endtime="20260121 17:02:52.241"/>
</kw>
<status status="PASS" starttime="20260121 17:02:52.166" endtime="20260121 17:02:52.241"/>
</kw>
<status status="PASS" starttime="20260121 17:02:52.166" endtime="20260121 17:02:52.241"/>
</kw>
<kw name="Click Everest Picture" library="treks_tours">
<kw name="Wait And Click" library="keywords">
<arg>${everest_picture}</arg>
<kw name="Wait Until Element Is Visible" library="SeleniumLibrary">
<arg>${locator}</arg>
<doc>Waits until the element ``locator`` is visible.</doc>
<status status="PASS" starttime="20260121 17:02:52.242" endtime="20260121 17:02:52.260"/>
</kw>
<kw name="Click Element" library="SeleniumLibrary">
<arg>${locator}</arg>
<doc>Click the element identified by ``locator``.</doc>
<msg timestamp="20260121 17:02:52.261" level="INFO">Clicking element 'xpath=/html/body/div[3]/section/div/div/div[3]/section/div/div/div/div[2]/div[1]'.</msg>
<status status="PASS" starttime="20260121 17:02:52.260" endtime="20260121 17:02:59.266"/>
</kw>
<status status="PASS" starttime="20260121 17:02:52.241" endtime="20260121 17:02:59.266"/>
</kw>
<kw name="Wait Until Element Is Visible" library="SeleniumLibrary">
<arg>${everest_header}</arg>
<doc>Waits until the element ``locator`` is visible.</doc>
<status status="PASS" starttime="20260121 17:02:59.266" endtime="20260121 17:02:59.295"/>
</kw>
<status status="PASS" starttime="20260121 17:02:52.241" endtime="20260121 17:02:59.295"/>
</kw>
<kw name="Click All Everest Sticky Navbar Links" library="treks_tours">
<kw name="Scroll Element Into View" library="SeleniumLibrary">
<arg>${nav_bar}</arg>
<doc>Scrolls the element identified by ``locator`` into view.</doc>
<status status="PASS" starttime="20260121 17:02:59.296" endtime="20260121 17:02:59.599"/>
</kw>
<kw name="Get WebElement" library="SeleniumLibrary">
<var>${section}</var>
<arg>xpath=//*[@data-section='nav-intro']</arg>
<doc>Returns the first WebElement matching the given ``locator``.</doc>
<msg timestamp="20260121 17:02:59.612" level="INFO">${section} = &lt;selenium.webdriver.remote.webelement.WebElement (session="5c1d6f05b9a41f81865f86a917458281", element="f.79F20B5D7DABB74C98CA2965853E65A7.d.4883E14BDB941640E9B8F56CD22376F5.e.124")&gt;</msg>
<status status="PASS" starttime="20260121 17:02:59.599" endtime="20260121 17:02:59.612"/>
</kw>
<kw name="Get WebElements" library="SeleniumLibrary">
<var>${nav_links}</var>
<arg>xpath=//nav[contains(@class,'sticky-navbar')][1]//ul/li/a[contains(@class,'nav-link')]</arg>
<doc>Returns a list of WebElement objects matching the ``locator``.</doc>
<msg timestamp="20260121 17:02:59.625" level="INFO">${nav_links} = [&lt;selenium.webdriver.remote.webelement.WebElement (session="5c1d6f05b9a41f81865f86a917458281", element="f.79F20B5D7DABB74C98CA2965853E65A7.d.4883E14BDB941640E9B8F56CD22376F5.e.124")&gt;, &lt;selenium.webdri...</msg>
<status status="PASS" starttime="20260121 17:02:59.612" endtime="20260121 17:02:59.625"/>
</kw>
<for flavor="IN">
<var>${link}</var>
<value>@{nav_links}</value>
<iter>
<var name="${link}">&lt;selenium.webdriver.remote.webelement.WebElement (session="5c1d6f05b9a41f81865f86a917458281", element="f.79F20B5D7DABB74C98CA2965853E65A7.d.4883E14BDB941640E9B8F56CD22376F5.e.124")&gt;</var>
<kw name="Get Text" library="SeleniumLibrary">
<var>${link_text}</var>
<arg>${link}</arg>
<doc>Returns the text value of the element identified by ``locator``.</doc>
<msg timestamp="20260121 17:02:59.646" level="INFO">${link_text} = Intro</msg>
<status status="PASS" starttime="20260121 17:02:59.626" endtime="20260121 17:02:59.646"/>
</kw>
<kw name="Log" library="BuiltIn">
<arg>Clicking navbar link: ${link_text}</arg>
<doc>Logs the given message with the given level.</doc>
<msg timestamp="20260121 17:02:59.646" level="INFO">Clicking navbar link: Intro</msg>
<status status="PASS" starttime="20260121 17:02:59.646" endtime="20260121 17:02:59.646"/>
</kw>
<kw name="Scroll Element Into View" library="SeleniumLibrary">
<arg>${link}</arg>
<doc>Scrolls the element identified by ``locator`` into view.</doc>
<status status="PASS" starttime="20260121 17:02:59.646" endtime="20260121 17:02:59.992"/>
</kw>
<kw name="Sleep" library="BuiltIn">
<arg>0.5s</arg>
<doc>Pauses the test executed for the given time.</doc>
<msg timestamp="20260121 17:03:00.492" level="INFO">Slept 500 milliseconds</msg>
<status status="PASS" starttime="20260121 17:02:59.992" endtime="20260121 17:03:00.493"/>
</kw>
<kw name="Click Element" library="SeleniumLibrary">
<arg>${link}</arg>
<doc>Click the element identified by ``locator``.</doc>
<msg timestamp="20260121 17:03:00.494" level="INFO">Clicking element '&lt;selenium.webdriver.remote.webelement.WebElement (session="5c1d6f05b9a41f81865f86a917458281", element="f.79F20B5D7DABB74C98CA2965853E65A7.d.4883E14BDB941640E9B8F56CD22376F5.e.124")&gt;'.</msg>
<status status="PASS" starttime="20260121 17:03:00.493" endtime="20260121 17:03:00.565"/>
</kw>
<kw name="Sleep" library="BuiltIn">
<arg>1s</arg>
<doc>Pauses the test executed for the given time.</doc>
<msg timestamp="20260121 17:03:01.565" level="INFO">Slept 1 second</msg>
<status status="PASS" starttime="20260121 17:03:00.565" endtime="20260121 17:03:01.566"/>
</kw>
<kw name="Capture Page Screenshot" library="SeleniumLibrary">
<doc>Takes a screenshot of the current page and embeds it into a log file.</doc>
<msg timestamp="20260121 17:03:01.722" level="INFO" html="true">&lt;/td&gt;&lt;/tr&gt;&lt;tr&gt;&lt;td colspan="3"&gt;&lt;a href="selenium-screenshot-717.png"&gt;&lt;img src="selenium-screenshot-717.png" width="800px"&gt;&lt;/a&gt;</msg>
<status status="PASS" starttime="20260121 17:03:01.566" endtime="20260121 17:03:01.722"/>
</kw>
<status status="PASS" starttime="20260121 17:02:59.626" endtime="20260121 17:03:01.723"/>
</iter>
<iter>
<var name="${link}">&lt;selenium.webdriver.remote.webelement.WebElement (session="5c1d6f05b9a41f81865f86a917458281", element="f.79F20B5D7DABB74C98CA2965853E65A7.d.4883E14BDB941640E9B8F56CD22376F5.e.125")&gt;</var>
<kw name="Get Text" library="SeleniumLibrary">
<var>${link_text}</var>
<arg>${link}</arg>
<doc>Returns the text value of the element identified by ``locator``.</doc>
<msg timestamp="20260121 17:03:01.737" level="INFO">${link_text} = KBYG</msg>
<status status="PASS" starttime="20260121 17:03:01.723" endtime="20260121 17:03:01.737"/>
</kw>
<kw name="Log" library="BuiltIn">
<arg>Clicking navbar link: ${link_text}</arg>
<doc>Logs the given message with the given level.</doc>
<msg timestamp="20260121 17:03:01.738" level="INFO">Clicking navbar link: KBYG</msg>
<status status="PASS" starttime="20260121 17:03:01.737" endtime="20260121 17:03:01.738"/>
</kw>
<kw name="Scroll Element Into View" library="SeleniumLibrary">
<arg>${link}</arg>
<doc>Scrolls the element identified by ``locator`` into view.</doc>
<status status="PASS" starttime="20260121 17:03:01.738" endtime="20260121 17:03:02.028"/>
</kw>
<kw name="Sleep" library="BuiltIn">
<arg>0.5s</arg>
<doc>Pauses the test executed for the given time.</doc>
<msg timestamp="20260121 17:03:02.529" level="INFO">Slept 500 milliseconds</msg>
<status status="PASS" starttime="20260121 17:03:02.028" endtime="20260121 17:03:02.530"/>
</kw>
<kw name="Click Element" library="SeleniumLibrary">
<arg>${link}</arg>
<doc>Click the element identified by ``locator``.</doc>
<msg timestamp="20260121 17:03:02.530" level="INFO">Clicking element '&lt;selenium.webdriver.remote.webelement.WebElement (session="5c1d6f05b9a41f81865f86a917458281", element="f.79F20B5D7DABB74C98CA2965853E65A7.d.4883E14BDB941640E9B8F56CD22376F5.e.125")&gt;'.</msg>
<status status="PASS" starttime="20260121 17:03:02.530" endtime="20260121 17:03:02.586"/>
</kw>
<kw name="Sleep" library="BuiltIn">
<arg>1s</arg>
<doc>Pauses the test executed for the given time.</doc>
<msg timestamp="20260121 17:03:03.587" level="INFO">Slept 1 second</msg>
<status status="PASS" starttime="20260121 17:03:02.586" endtime="20260121 17:03:03.587"/>
</kw>
<kw name="Capture Page Screenshot" library="SeleniumLibrary">
<doc>Takes a screenshot of the current page and embeds it into a log file.</doc>
<msg timestamp="20260121 17:03:03.728" level="INFO" html="true">&lt;/td&gt;&lt;/tr&gt;&lt;tr&gt;&lt;td colspan="3"&gt;&lt;a href="selenium-screenshot-718.png"&gt;&lt;img src="selenium-screenshot-718.png" width="800px"&gt;&lt;/a&gt;</msg>
<status status="PASS" starttime="20260121 17:03:03.587" endtime="20260121 17:03:03.728"/>
</kw>
<status status="PASS" starttime="20260121 17:03:01.723" endtime="20260121 17:03:03.728"/>
</iter>
<iter>
<var name="${link}">&lt;selenium.webdriver.remote.webelement.WebElement (session="5c1d6f05b9a41f81865f86a917458281", element="f.79F20B5D7DABB74C98CA2965853E65A7.d.4883E14BDB941640E9B8F56CD22376F5.e.126")&gt;</var>
<kw name="Get Text" library="SeleniumLibrary">
<var>${link_text}</var>
<arg>${link}</arg>
<doc>Returns the text value of the element identified by ``locator``.</doc>
<msg timestamp="20260121 17:03:03.737" level="INFO">${link_text} = Hightlights</msg>
<status status="PASS" starttime="20260121 17:03:03.728" endtime="20260121 17:03:03.737"/>
</kw>
<kw name="Log" library="BuiltIn">
<arg>Clicking navbar link: ${link_text}</arg>
<doc>Logs the given message with the given level.</doc>
<msg timestamp="20260121 17:03:03.737" level="INFO">Clicking navbar link: Hightlights</msg>
<status status="PASS" starttime="20260121 17:03:03.737" endtime="20260121 17:03:03.737"/>
</kw>
<kw name="Scroll Element Into View" library="SeleniumLibrary">
<arg>${link}</arg>
<doc>Scrolls the element identified by ``locator`` into view.</doc>
<status status="PASS" starttime="20260121 17:03:03.738" endtime="20260121 17:03:04.004"/>
</kw>
<kw name="Sleep" library="BuiltIn">
<arg>0.5s</arg>
<doc>Pauses the test executed for the given time.</doc>
<msg timestamp="20260121 17:03:04.505" level="INFO">Slept 500 milliseconds</msg>
<status status="PASS" starttime="20260121 17:03:04.005" endtime="20260121 17:03:04.505"/>
</kw>
<kw name="Click Element" library="SeleniumLibrary">
<arg>${link}</arg>
<doc>Click the element identified by ``locator``.</doc>
<msg timestamp="20260121 17:03:04.506" level="INFO">Clicking element '&lt;selenium.webdriver.remote.webelement.WebElement (session="5c1d6f05b9a41f81865f86a917458281", element="f.79F20B5D7DABB74C98CA2965853E65A7.d.4883E14BDB941640E9B8F56CD22376F5.e.126")&gt;'.</msg>
<status status="PASS" starttime="20260121 17:03:04.505" endtime="20260121 17:03:04.553"/>
</kw>
<kw name="Sleep" library="BuiltIn">
<arg>1s</arg>
<doc>Pauses the test executed for the given time.</doc>
<msg timestamp="20260121 17:03:05.553" level="INFO">Slept 1 second</msg>
<status status="PASS" starttime="20260121 17:03:04.553" endtime="20260121 17:03:05.553"/>
</kw>
<kw name="Capture Page Screenshot" library="SeleniumLibrary">
<doc>Takes a screenshot of the current page and embeds it into a log file.</doc>
<msg timestamp="20260121 17:03:05.700" level="INFO" html="true">&lt;/td&gt;&lt;/tr&gt;&lt;tr&gt;&lt;td colspan="3"&gt;&lt;a href="selenium-screenshot-719.png"&gt;&lt;img src="selenium-screenshot-719.png" width="800px"&gt;&lt;/a&gt;</msg>
<status status="PASS" starttime="20260121 17:03:05.554" endtime="20260121 17:03:05.701"/>
</kw>
<status status="PASS" starttime="20260121 17:03:03.728" endtime="20260121 17:03:05.701"/>
</iter>
<iter>
<var name="${link}">&lt;selenium.webdriver.remote.webelement.WebElement (session="5c1d6f05b9a41f81865f86a917458281", element="f.79F20B5D7DABB74C98CA2965853E65A7.d.4883E14BDB941640E9B8F56CD22376F5.e.127")&gt;</var>
<kw name="Get Text" library="SeleniumLibrary">
<var>${link_text}</var>
<arg>${link}</arg>
<doc>Returns the text value of the element identified by ``locator``.</doc>
<msg timestamp="20260121 17:03:05.710" level="INFO">${link_text} = Who For</msg>
<status status="PASS" starttime="20260121 17:03:05.701" endtime="20260121 17:03:05.710"/>
</kw>
<kw name="Log" library="BuiltIn">
<arg>Clicking navbar link: ${link_text}</arg>
<doc>Logs the given message with the given level.</doc>
<msg timestamp="20260121 17:03:05.710" level="INFO">Clicking navbar link: Who For</msg>
<status status="PASS" starttime="20260121 17:03:05.710" endtime="20260121 17:03:05.710"/>
</kw>
<kw name="Scroll Element Into View" library="SeleniumLibrary">
<arg>${link}</arg>
<doc>Scrolls the element identified by ``locator`` into view.</doc>
<status status="PASS" starttime="20260121 17:03:05.710" endtime="20260121 17:03:05.985"/>
</kw>
<kw name="Sleep" library="BuiltIn">
<arg>0.5s</arg>
<doc>Pauses the test executed for the given time.</doc>
<msg timestamp="20260121 17:03:06.486" level="INFO">Slept 500 milliseconds</msg>
<status status="PASS" starttime="20260121 17:03:05.985" endtime="20260121 17:03:06.486"/>
</kw>
<kw name="Click Element" library="SeleniumLibrary">
<arg>${link}</arg>
<doc>Click the element identified by ``locator``.</doc>
<msg timestamp="20260121 17:03:06.487" level="INFO">Clicking element '&lt;selenium.webdriver.remote.webelement.WebElement (session="5c1d6f05b9a41f81865f86a917458281", element="f.79F20B5D7DABB74C98CA2965853E65A7.d.4883E14BDB941640E9B8F56CD22376F5.e.127")&gt;'.</msg>
<status status="PASS" starttime="20260121 17:03:06.486" endtime="20260121 17:03:06.534"/>
</kw>
<kw name="Sleep" library="BuiltIn">
<arg>1s</arg>
<doc>Pauses the test executed for the given time.</doc>
<msg timestamp="20260121 17:03:07.534" level="INFO">Slept 1 second</msg>
<status status="PASS" starttime="20260121 17:03:06.534" endtime="20260121 17:03:07.535"/>
</kw>
<kw name="Capture Page Screenshot" library="SeleniumLibrary">
<doc>Takes a screenshot of the current page and embeds it into a log file.</doc>
<msg timestamp="20260121 17:03:07.682" level="INFO" html="true">&lt;/td&gt;&lt;/tr&gt;&lt;tr&gt;&lt;td colspan="3"&gt;&lt;a href="selenium-screenshot-720.png"&gt;&lt;img src="selenium-screenshot-720.png" width="800px"&gt;&lt;/a&gt;</msg>
<status status="PASS" starttime="20260121 17:03:07.535" endtime="20260121 17:03:07.683"/>
</kw>
<status status="PASS" starttime="20260121 17:03:05.701" endtime="20260121 17:03:07.683"/>
</iter>
<iter>
<var name="${link}">&lt;selenium.webdriver.remote.webelement.WebElement (session="5c1d6f05b9a41f81865f86a917458281", element="f.79F20B5D7DABB74C98CA2965853E65A7.d.4883E14BDB941640E9B8F56CD22376F5.e.100")&gt;</var>
<kw name="Get Text" library="SeleniumLibrary">
<var>${link_text}</var>
<arg>${link}</arg>
<doc>Returns the text value of the element identified by ``locator``.</doc>
<msg timestamp="20260121 17:03:07.691" level="INFO">${link_text} = Who Not For</msg>
<status status="PASS" starttime="20260121 17:03:07.683" endtime="20260121 17:03:07.691"/>
</kw>
<kw name="Log" library="BuiltIn">
<arg>Clicking navbar link: ${link_text}</arg>
<doc>Logs the given message with the given level.</doc>
<msg timestamp="20260121 17:03:07.692" level="INFO">Clicking navbar link: Who Not For</msg>
<status status="PASS" starttime="20260121 17:03:07.692" endtime="20260121 17:03:07.692"/>
</kw>
<kw name="Scroll Element Into View" library="SeleniumLibrary">
<arg>${link}</arg>
<doc>Scrolls the element identified by ``locator`` into view.</doc>
<status status="PASS" starttime="20260121 17:03:07.692" endtime="20260121 17:03:07.969"/>
</kw>
<kw name="Sleep" library="BuiltIn">
<arg>0.5s</arg>
<doc>Pauses the test executed for the given time.</doc>
<msg timestamp="20260121 17:03:08.469" level="INFO">Slept 500 milliseconds</msg>
<status status="PASS" starttime="20260121 17:03:07.969" endtime="20260121 17:03:08.470"/>
</kw>
<kw name="Click Element" library="SeleniumLibrary">
<arg>${link}</arg>
<doc>Click the element identified by ``locator``.</doc>
<msg timestamp="20260121 17:03:08.470" level="INFO">Clicking element '&lt;selenium.webdriver.remote.webelement.WebElement (session="5c1d6f05b9a41f81865f86a917458281", element="f.79F20B5D7DABB74C98CA2965853E65A7.d.4883E14BDB941640E9B8F56CD22376F5.e.100")&gt;'.</msg>
<status status="PASS" starttime="20260121 17:03:08.470" endtime="20260121 17:03:08.516"/>
</kw>
<kw name="Sleep" library="BuiltIn">
<arg>1s</arg>
<doc>Pauses the test executed for the given time.</doc>
<msg timestamp="20260121 17:03:09.517" level="INFO">Slept 1 second</msg>
<status status="PASS" starttime="20260121 17:03:08.517" endtime="20260121 17:03:09.517"/>
</kw>
<kw name="Capture Page Screenshot" library="SeleniumLibrary">
<doc>Takes a screenshot of the current page and embeds it into a log file.</doc>
<msg timestamp="20260121 17:03:09.663" level="INFO" html="true">&lt;/td&gt;&lt;/tr&gt;&lt;tr&gt;&lt;td colspan="3"&gt;&lt;a href="selenium-screenshot-721.png"&gt;&lt;img src="selenium-screenshot-721.png" width="800px"&gt;&lt;/a&gt;</msg>
<status status="PASS" starttime="20260121 17:03:09.517" endtime="20260121 17:03:09.664"/>
</kw>
<status status="PASS" starttime="20260121 17:03:07.683" endtime="20260121 17:03:09.664"/>
</iter>
<iter>
<var name="${link}">&lt;selenium.webdriver.remote.webelement.WebElement (session="5c1d6f05b9a41f81865f86a917458281", element="f.79F20B5D7DABB74C98CA2965853E65A7.d.4883E14BDB941640E9B8F56CD22376F5.e.128")&gt;</var>
<kw name="Get Text" library="SeleniumLibrary">
<var>${link_text}</var>
<arg>${link}</arg>
<doc>Returns the text value of the element identified by ``locator``.</doc>
<msg timestamp="20260121 17:03:09.673" level="INFO">${link_text} = Itinerary</msg>
<status status="PASS" starttime="20260121 17:03:09.664" endtime="20260121 17:03:09.673"/>
</kw>
<kw name="Log" library="BuiltIn">
<arg>Clicking navbar link: ${link_text}</arg>
<doc>Logs the given message with the given level.</doc>
<msg timestamp="20260121 17:03:09.673" level="INFO">Clicking navbar link: Itinerary</msg>
<status status="PASS" starttime="20260121 17:03:09.673" endtime="20260121 17:03:09.673"/>
</kw>
<kw name="Scroll Element Into View" library="SeleniumLibrary">
<arg>${link}</arg>
<doc>Scrolls the element identified by ``locator`` into view.</doc>
<status status="PASS" starttime="20260121 17:03:09.673" endtime="20260121 17:03:09.952"/>
</kw>
<kw name="Sleep" library="BuiltIn">
<arg>0.5s</arg>
<doc>Pauses the test executed for the given time.</doc>
<msg timestamp="20260121 17:03:10.453" level="INFO">Slept 500 milliseconds</msg>
<status status="PASS" starttime="20260121 17:03:09.952" endtime="20260121 17:03:10.453"/>
</kw>
<kw name="Click Element" library="SeleniumLibrary">
<arg>${link}</arg>
<doc>Click the element identified by ``locator``.</doc>
<msg timestamp="20260121 17:03:10.454" level="INFO">Clicking element '&lt;selenium.webdriver.remote.webelement.WebElement (session="5c1d6f05b9a41f81865f86a917458281", element="f.79F20B5D7DABB74C98CA2965853E65A7.d.4883E14BDB941640E9B8F56CD22376F5.e.128")&gt;'.</msg>
<status status="PASS" starttime="20260121 17:03:10.453" endtime="20260121 17:03:10.500"/>
</kw>
<kw name="Sleep" library="BuiltIn">
<arg>1s</arg>
<doc>Pauses the test executed for the given time.</doc>
<msg timestamp="20260121 17:03:11.501" level="INFO">Slept 1 second</msg>
<status status="PASS" starttime="20260121 17:03:10.500" endtime="20260121 17:03:11.501"/>
</kw>
<kw name="Capture Page Screenshot" library="SeleniumLibrary">
<doc>Takes a screenshot of the current page and embeds it into a log file.</doc>
<msg timestamp="20260121 17:03:11.760" level="INFO" html="true">&lt;/td&gt;&lt;/tr&gt;&lt;tr&gt;&lt;td colspan="3"&gt;&lt;a href="selenium-screenshot-722.png"&gt;&lt;img src="selenium-screenshot-722.png" width="800px"&gt;&lt;/a&gt;</msg>
<status status="PASS" starttime="20260121 17:03:11.502" endtime="20260121 17:03:11.760"/>
</kw>
<status status="PASS" starttime="20260121 17:03:09.664" endtime="20260121 17:03:11.760"/>
</iter>
<iter>
<var name="${link}">&lt;selenium.webdriver.remote.webelement.WebElement (session="5c1d6f05b9a41f81865f86a917458281", element="f.79F20B5D7DABB74C98CA2965853E65A7.d.4883E14BDB941640E9B8F56CD22376F5.e.129")&gt;</var>
<kw name="Get Text" library="SeleniumLibrary">
<var>${link_text}</var>
<arg>${link}</arg>
<doc>Returns the text value of the element identified by ``locator``.</doc>
<msg timestamp="20260121 17:03:11.771" level="INFO">${link_text} = Includes/Excludes</msg>
<status status="PASS" starttime="20260121 17:03:11.761" endtime="20260121 17:03:11.771"/>
</kw>
<kw name="Log" library="BuiltIn">
<arg>Clicking navbar link: ${link_text}</arg>
<doc>Logs the given message with the given level.</doc>
<msg timestamp="20260121 17:03:11.771" level="INFO">Clicking navbar link: Includes/Excludes</msg>
<status status="PASS" starttime="20260121 17:03:11.771" endtime="20260121 17:03:11.771"/>
</kw>
<kw name="Scroll Element Into View" library="SeleniumLibrary">
<arg>${link}</arg>
<doc>Scrolls the element identified by ``locator`` into view.</doc>
<status status="PASS" starttime="20260121 17:03:11.771" endtime="20260121 17:03:12.050"/>
</kw>
<kw name="Sleep" library="BuiltIn">
<arg>0.5s</arg>
<doc>Pauses the test executed for the given time.</doc>
<msg timestamp="20260121 17:03:12.550" level="INFO">Slept 500 milliseconds</msg>
<status status="PASS" starttime="20260121 17:03:12.050" endtime="20260121 17:03:12.550"/>
</kw>
<kw name="Click Element" library="SeleniumLibrary">
<arg>${link}</arg>
<doc>Click the element identified by ``locator``.</doc>
<msg timestamp="20260121 17:03:12.551" level="INFO">Clicking element '&lt;selenium.webdriver.remote.webelement.WebElement (session="5c1d6f05b9a41f81865f86a917458281", element="f.79F20B5D7DABB74C98CA2965853E65A7.d.4883E14BDB941640E9B8F56CD22376F5.e.129")&gt;'.</msg>
<status status="PASS" starttime="20260121 17:03:12.550" endtime="20260121 17:03:12.599"/>
</kw>
<kw name="Sleep" library="BuiltIn">
<arg>1s</arg>
<doc>Pauses the test executed for the given time.</doc>
<msg timestamp="20260121 17:03:13.599" level="INFO">Slept 1 second</msg>
<status status="PASS" starttime="20260121 17:03:12.599" endtime="20260121 17:03:13.599"/>
</kw>
<kw name="Capture Page Screenshot" library="SeleniumLibrary">
<doc>Takes a screenshot of the current page and embeds it into a log file.</doc>
<msg timestamp="20260121 17:03:13.748" level="INFO" html="true">&lt;/td&gt;&lt;/tr&gt;&lt;tr&gt;&lt;td colspan="3"&gt;&lt;a href="selenium-screenshot-723.png"&gt;&lt;img src="selenium-screenshot-723.png" width="800px"&gt;&lt;/a&gt;</msg>
<status status="PASS" starttime="20260121 17:03:13.600" endtime="20260121 17:03:13.749"/>
</kw>
<status status="PASS" starttime="20260121 17:03:11.760" endtime="20260121 17:03:13.749"/>
</iter>
<iter>
<var name="${link}">&lt;selenium.webdriver.remote.webelement.WebElement (session="5c1d6f05b9a41f81865f86a917458281", element="f.79F20B5D7DABB74C98CA2965853E65A7.d.4883E14BDB941640E9B8F56CD22376F5.e.130")&gt;</var>
<kw name="Get Text" library="SeleniumLibrary">
<var>${link_text}</var>
<arg>${link}</arg>
<doc>Returns the text value of the element identified by ``locator``.</doc>
<msg timestamp="20260121 17:03:13.758" level="INFO">${link_text} = Imp Info</msg>
<status status="PASS" starttime="20260121 17:03:13.749" endtime="20260121 17:03:13.758"/>
</kw>
<kw name="Log" library="BuiltIn">
<arg>Clicking navbar link: ${link_text}</arg>
<doc>Logs the given message with the given level.</doc>
<msg timestamp="20260121 17:03:13.758" level="INFO">Clicking navbar link: Imp Info</msg>
<status status="PASS" starttime="20260121 17:03:13.758" endtime="20260121 17:03:13.758"/>
</kw>
<kw name="Scroll Element Into View" library="SeleniumLibrary">
<arg>${link}</arg>
<doc>Scrolls the element identified by ``locator`` into view.</doc>
<status status="PASS" starttime="20260121 17:03:13.758" endtime="20260121 17:03:14.044"/>
</kw>
<kw name="Sleep" library="BuiltIn">
<arg>0.5s</arg>
<doc>Pauses the test executed for the given time.</doc>
<msg timestamp="20260121 17:03:14.544" level="INFO">Slept 500 milliseconds</msg>
<status status="PASS" starttime="20260121 17:03:14.044" endtime="20260121 17:03:14.545"/>
</kw>
<kw name="Click Element" library="SeleniumLibrary">
<arg>${link}</arg>
<doc>Click the element identified by ``locator``.</doc>
<msg timestamp="20260121 17:03:14.545" level="INFO">Clicking element '&lt;selenium.webdriver.remote.webelement.WebElement (session="5c1d6f05b9a41f81865f86a917458281", element="f.79F20B5D7DABB74C98CA2965853E65A7.d.4883E14BDB941640E9B8F56CD22376F5.e.130")&gt;'.</msg>
<status status="PASS" starttime="20260121 17:03:14.545" endtime="20260121 17:03:14.588"/>
</kw>
<kw name="Sleep" library="BuiltIn">
<arg>1s</arg>
<doc>Pauses the test executed for the given time.</doc>
<msg timestamp="20260121 17:03:15.590" level="INFO">Slept 1 second</msg>
<status status="PASS" starttime="20260121 17:03:14.589" endtime="20260121 17:03:15.590"/>
</kw>
<kw name="Capture Page Screenshot" library="SeleniumLibrary">
<doc>Takes a screenshot of the current page and embeds it into a log file.</doc>
<msg timestamp="20260121 17:03:15.723" level="INFO" html="true">&lt;/td&gt;&lt;/tr&gt;&lt;tr&gt;&lt;td colspan="3"&gt;&lt;a href="selenium-screenshot-724.png"&gt;&lt;img src="selenium-screenshot-724.png" width="800px"&gt;&lt;/a&gt;</msg>
<status status="PASS" starttime="20260121 17:03:15.590" endtime="20260121 17:03:15.723"/>
</kw>
<status status="PASS" starttime="20260121 17:03:13.749" endtime="20260121 17:03:15.723"/>
</iter>
<iter>
<var name="${link}">&lt;selenium.webdriver.remote.webelement.WebElement (session="5c1d6f05b9a41f81865f86a917458281", element="f.79F20B5D7DABB74C98CA2965853E65A7.d.4883E14BDB941640E9B8F56CD22376F5.e.131")&gt;</var>
<kw name="Get Text" library="SeleniumLibrary">
<var>${link_text}</var>
<arg>${link}</arg>
<doc>Returns the text value of the element identified by ``locator``.</doc>
<msg timestamp="20260121 17:03:15.732" level="INFO">${link_text} = FAQS</msg>
<status status="PASS" starttime="20260121 17:03:15.723" endtime="20260121 17:03:15.732"/>
</kw>
<kw name="Log" library="BuiltIn">
<arg>Clicking navbar link: ${link_text}</arg>
<doc>Logs the given message with the given level.</doc>
<msg timestamp="20260121 17:03:15.732" level="INFO">Clicking navbar link: FAQS</msg>
<status status="PASS" starttime="20260121 17:03:15.732" endtime="20260121 17:03:15.732"/>
</kw>
<kw name="Scroll Element Into View" library="SeleniumLibrary">
<arg>${link}</arg>
<doc>Scrolls the element identified by ``locator`` into view.</doc>
<status status="PASS" starttime="20260121 17:03:15.732" endtime="20260121 17:03:16.004"/>
</kw>
<kw name="Sleep" library="BuiltIn">
<arg>0.5s</arg>
<doc>Pauses the test executed for the given time.</doc>
<msg timestamp="20260121 17:03:16.505" level="INFO">Slept 500 milliseconds</msg>
<status status="PASS" starttime="20260121 17:03:16.005" endtime="20260121 17:03:16.505"/>
</kw>
<kw name="Click Element" library="SeleniumLibrary">
<arg>${link}</arg>
<doc>Click the element identified by ``locator``.</doc>
<msg timestamp="20260121 17:03:16.506" level="INFO">Clicking element '&lt;selenium.webdriver.remote.webelement.WebElement (session="5c1d6f05b9a41f81865f86a917458281", element="f.79F20B5D7DABB74C98CA2965853E65A7.d.4883E14BDB941640E9B8F56CD22376F5.e.131")&gt;'.</msg>
<status status="PASS" starttime="20260121 17:03:16.505" endtime="20260121 17:03:16.553"/>
</kw>
<kw name="Sleep" library="BuiltIn">
<arg>1s</arg>
<doc>Pauses the test executed for the given time.</doc>
<msg timestamp="20260121 17:03:17.554" level="INFO">Slept 1 second</msg>
<status status="PASS" starttime="20260121 17:03:16.553" endtime="20260121 17:03:17.554"/>
</kw>
<kw name="Capture Page Screenshot" library="SeleniumLibrary">
<doc>Takes a screenshot of the current page and embeds it into a log file.</doc>
<msg timestamp="20260121 17:03:17.729" level="INFO" html="true">&lt;/td&gt;&lt;/tr&gt;&lt;tr&gt;&lt;td colspan="3"&gt;&lt;a href="selenium-screenshot-725.png"&gt;&lt;img src="selenium-screenshot-725.png" width="800px"&gt;&lt;/a&gt;</msg>
<status status="PASS" starttime="20260121 17:03:17.554" endtime="20260121 17:03:17.729"/>
</kw>
<status status="PASS" starttime="20260121 17:03:15.723" endtime="20260121 17:03:17.729"/>
</iter>
<status status="PASS" starttime="20260121 17:02:59.625" endtime="20260121 17:03:17.729"/>
</for>
<status status="PASS" starttime="20260121 17:02:59.296" endtime="20260121 17:03:17.729"/>
</kw>
<kw name="Scroll Element Into View" library="SeleniumLibrary">
<arg>${share}</arg>
<doc>Scrolls the element identified by ``locator`` into view.</doc>
<status status="PASS" starttime="20260121 17:03:17.729" endtime="20260121 17:03:18.020"/>
</kw>
<kw name="Sleep" library="BuiltIn">
<arg>1s</arg>
<doc>Pauses the test executed for the given time.</doc>
<msg timestamp="20260121 17:03:19.021" level="INFO">Slept 1 second</msg>
<status status="PASS" starttime="20260121 17:03:18.020" endtime="20260121 17:03:19.021"/>
</kw>
<kw name="Wait And Click" library="keywords">
<arg>${share}</arg>
<kw name="Wait Until Element Is Visible" library="SeleniumLibrary">
<arg>${locator}</arg>
<doc>Waits until the element ``locator`` is visible.</doc>
<status status="PASS" starttime="20260121 17:03:19.021" endtime="20260121 17:03:19.037"/>
</kw>
<kw name="Click Element" library="SeleniumLibrary">
<arg>${locator}</arg>
<doc>Click the element identified by ``locator``.</doc>
<msg timestamp="20260121 17:03:19.038" level="INFO">Clicking element 'xpath=//*[@id="dropdownMenuShare"]'.</msg>
<status status="PASS" starttime="20260121 17:03:19.037" endtime="20260121 17:03:19.102"/>
</kw>
<status status="PASS" starttime="20260121 17:03:19.021" endtime="20260121 17:03:19.102"/>
</kw>
<kw name="Sleep" library="BuiltIn">
<arg>2s</arg>
<doc>Pauses the test executed for the given time.</doc>
<msg timestamp="20260121 17:03:21.103" level="INFO">Slept 2 seconds</msg>
<status status="PASS" starttime="20260121 17:03:19.102" endtime="20260121 17:03:21.103"/>
</kw>
<kw name="Wait Until Element Is Visible" library="SeleniumLibrary">
<arg>${facebook}</arg>
<doc>Waits until the element ``locator`` is visible.</doc>
<status status="PASS" starttime="20260121 17:03:21.103" endtime="20260121 17:03:21.122"/>
</kw>
<kw name="Sleep" library="BuiltIn">
<arg>1s</arg>
<doc>Pauses the test executed for the given time.</doc>
<msg timestamp="20260121 17:03:22.123" level="INFO">Slept 1 second</msg>
<status status="PASS" starttime="20260121 17:03:21.123" endtime="20260121 17:03:22.123"/>
</kw>
<kw name="Handle Share Button Click" library="treks_tours">
<var>${main}</var>
<arg>${facebook}</arg>
<doc>Clicks share button and switches to new window/tab</doc>
<kw name="Get Window Handles" library="SeleniumLibrary">
<var>${main_window}</var>
<doc>Returns all child window handles of the selected browser as a list.</doc>
<msg timestamp="20260121 17:03:22.126" level="INFO">${main_window} = ['79F20B5D7DABB74C98CA2965853E65A7']</msg>
<status status="PASS" starttime="20260121 17:03:22.124" endtime="20260121 17:03:22.126"/>
</kw>
<kw name="Get From List" library="Collections">
<var>${main_window}</var>
<arg>${main_window}</arg>
<arg>0</arg>
<doc>Returns the value specified with an ``index`` from ``list``.</doc>
<msg timestamp="20260121 17:03:22.127" level="INFO">${main_window} = 79F20B5D7DABB74C98CA2965853E65A7</msg>
<status status="PASS" starttime="20260121 17:03:22.126" endtime="20260121 17:03:22.127"/>
</kw>
<kw name="Scroll Element Into View" library="SeleniumLibrary">
<arg>${share_button_locator}</arg>
<doc>Scrolls the element identified by ``locator`` into view.</doc>
<status status="PASS" starttime="20260121 17:03:22.127" endtime="20260121 17:03:22.404"/>
</kw>
<kw name="Sleep" library="BuiltIn">
<arg>1s</arg>
<doc>Pauses the test executed for the given time.</doc>
<msg timestamp="20260121 17:03:23.405" level="INFO">Slept 1 second</msg>
<status status="PASS" starttime="20260121 17:03:22.404" endtime="20260121 17:03:23.405"/>
</kw>
<kw name="Wait Until Element Is Visible" library="SeleniumLibrary">
<arg>${share_button_locator}</arg>
<arg>timeout=10s</arg>
<doc>Waits until the element ``locator`` is visible.</doc>
<status status="PASS" starttime="20260121 17:03:23.405" endtime="20260121 17:03:23.421"/>
</kw>
<kw name="Run Keyword And Return Status" library="BuiltIn">
<var>${status}</var>
<arg>Click Element</arg>
<arg>${share_button_locator}</arg>
<doc>Runs the given keyword with given arguments and returns the status as a Boolean value.</doc>
<kw name="Click Element" library="SeleniumLibrary">
<arg>${share_button_locator}</arg>
<doc>Click the element identified by ``locator``.</doc>
<msg timestamp="20260121 17:03:23.422" level="INFO">Clicking element 'xpath=/html/body/div[3]/div[1]/section[1]/div/div[1]/div[2]/div/div[1]/div/div/a[1]'.</msg>
<status status="PASS" starttime="20260121 17:03:23.422" endtime="20260121 17:03:23.526"/>
</kw>
<msg timestamp="20260121 17:03:23.526" level="INFO">${status} = True</msg>
<status status="PASS" starttime="20260121 17:03:23.421" endtime="20260121 17:03:23.526"/>
</kw>
<kw name="Run Keyword Unless" library="BuiltIn">
<arg>${status}</arg>
<arg>Click Element Using JavaScript</arg>
<arg>${share_button_locator}</arg>
<doc>*DEPRECATED since RF 5.0. Use Native IF/ELSE or `Run Keyword If` instead.*</doc>
<msg timestamp="20260121 17:03:23.526" level="WARN">Keyword 'BuiltIn.Run Keyword Unless' is deprecated. </msg>
<status status="PASS" starttime="20260121 17:03:23.526" endtime="20260121 17:03:23.528"/>
</kw>
<kw name="Sleep" library="BuiltIn">
<arg>3s</arg>
<doc>Pauses the test executed for the given time.</doc>
<msg timestamp="20260121 17:03:26.529" level="INFO">Slept 3 seconds</msg>
<status status="PASS" starttime="20260121 17:03:23.528" endtime="20260121 17:03:26.529"/>
</kw>
<kw name="Get Window Handles" library="SeleniumLibrary">
<var>${all_windows}</var>
<doc>Returns all child window handles of the selected browser as a list.</doc>
<msg timestamp="20260121 17:03:26.534" level="INFO">${all_windows} = ['79F20B5D7DABB74C98CA2965853E65A7', '71A90A8BA1D9C6028BB343313F2B1ACA']</msg>
<status status="PASS" starttime="20260121 17:03:26.529" endtime="20260121 17:03:26.534"/>
</kw>
<kw name="Get Length" library="BuiltIn">
<var>${window_count}</var>
<arg>${all_windows}</arg>
<doc>Returns and logs the length of the given item as an integer.</doc>
<msg timestamp="20260121 17:03:26.534" level="INFO">Length is 2</msg>
<msg timestamp="20260121 17:03:26.534" level="INFO">${window_count} = 2</msg>
<status status="PASS" starttime="20260121 17:03:26.534" endtime="20260121 17:03:26.534"/>
</kw>
<kw name="Run Keyword If" library="BuiltIn">
<arg>${window_count} &gt; 1</arg>
<arg>Switch To New Window</arg>
<arg>${all_windows}</arg>
<doc>Runs the given keyword with the given arguments, if ``condition`` is true.</doc>
<kw name="Switch To New Window" library="treks_tours">
<arg>${all_windows}</arg>
<doc>Switches to the newest window</doc>
<kw name="Get From List" library="Collections">
<var>${new_window}</var>
<arg>${all_windows}</arg>
<arg>-1</arg>
<doc>Returns the value specified with an ``index`` from ``list``.</doc>
<msg timestamp="20260121 17:03:26.535" level="INFO">${new_window} = 71A90A8BA1D9C6028BB343313F2B1ACA</msg>
<status status="PASS" starttime="20260121 17:03:26.535" endtime="20260121 17:03:26.535"/>
</kw>
<kw name="Switch Window" library="SeleniumLibrary">
<arg>${new_window}</arg>
<doc>Switches to browser window matching ``locator``.</doc>
<status status="PASS" starttime="20260121 17:03:26.535" endtime="20260121 17:03:26.629"/>
</kw>
<kw name="Log" library="BuiltIn">
<arg>Switched to new window</arg>
<doc>Logs the given message with the given level.</doc>
<msg timestamp="20260121 17:03:26.630" level="INFO">Switched to new window</msg>
<status status="PASS" starttime="20260121 17:03:26.630" endtime="20260121 17:03:26.630"/>
</kw>
<status status="PASS" starttime="20260121 17:03:26.535" endtime="20260121 17:03:26.630"/>
</kw>
<status status="PASS" starttime="20260121 17:03:26.534" endtime="20260121 17:03:26.630"/>
</kw>
<msg timestamp="20260121 17:03:26.630" level="INFO">${main} = 79F20B5D7DABB74C98CA2965853E65A7</msg>
<status status="PASS" starttime="20260121 17:03:22.123" endtime="20260121 17:03:26.630"/>
</kw>
<kw name="Sleep" library="BuiltIn">
<arg>3s</arg>
<doc>Pauses the test executed for the given time.</doc>
<msg timestamp="20260121 17:03:29.631" level="INFO">Slept 3 seconds</msg>
<status status="PASS" starttime="20260121 17:03:26.630" endtime="20260121 17:03:29.631"/>
</kw>
<kw name="Capture Page Screenshot" library="SeleniumLibrary">
<arg>facebook_popup.png</arg>
<doc>Takes a screenshot of the current page and embeds it into a log file.</doc>
<msg timestamp="20260121 17:03:29.710" level="INFO" html="true">&lt;/td&gt;&lt;/tr&gt;&lt;tr&gt;&lt;td colspan="3"&gt;&lt;a href="facebook_popup.png"&gt;&lt;img src="facebook_popup.png" width="800px"&gt;&lt;/a&gt;</msg>
<status status="PASS" starttime="20260121 17:03:29.631" endtime="20260121 17:03:29.710"/>
</kw>
<kw name="Close Share Window And Return" library="treks_tours">
<arg>${main}</arg>
<doc>Closes current window and returns to main</doc>
<kw name="Get Window Handles" library="SeleniumLibrary">
<var>${all_windows}</var>
<doc>Returns all child window handles of the selected browser as a list.</doc>
<msg timestamp="20260121 17:03:29.712" level="INFO">${all_windows} = ['79F20B5D7DABB74C98CA2965853E65A7', '71A90A8BA1D9C6028BB343313F2B1ACA']</msg>
<status status="PASS" starttime="20260121 17:03:29.711" endtime="20260121 17:03:29.712"/>
</kw>
<kw name="Get Length" library="BuiltIn">
<var>${window_count}</var>
<arg>${all_windows}</arg>
<doc>Returns and logs the length of the given item as an integer.</doc>
<msg timestamp="20260121 17:03:29.713" level="INFO">Length is 2</msg>
<msg timestamp="20260121 17:03:29.713" level="INFO">${window_count} = 2</msg>
<status status="PASS" starttime="20260121 17:03:29.712" endtime="20260121 17:03:29.713"/>
</kw>
<kw name="Run Keyword If" library="BuiltIn">
<arg>${window_count} &gt; 1</arg>
<arg>Close Window</arg>
<doc>Runs the given keyword with the given arguments, if ``condition`` is true.</doc>
<kw name="Close Window" library="SeleniumLibrary">
<doc>Closes currently opened and selected browser window/tab.</doc>
<status status="PASS" starttime="20260121 17:03:29.713" endtime="20260121 17:03:29.781"/>
</kw>
<status status="PASS" starttime="20260121 17:03:29.713" endtime="20260121 17:03:29.781"/>
</kw>
<kw name="Switch Window" library="SeleniumLibrary">
<arg>${main_window}</arg>
<doc>Switches to browser window matching ``locator``.</doc>
<status status="PASS" starttime="20260121 17:03:29.781" endtime="20260121 17:03:29.786"/>
</kw>
<kw name="Log" library="BuiltIn">
<arg>Returned to main window</arg>
<doc>Logs the given message with the given level.</doc>
<msg timestamp="20260121 17:03:29.786" level="INFO">Returned to main window</msg>
<status status="PASS" starttime="20260121 17:03:29.786" endtime="20260121 17:03:29.786"/>
</kw>
<status status="PASS" starttime="20260121 17:03:29.710" endtime="20260121 17:03:29.787"/>
</kw>
<kw name="Log" library="BuiltIn">
<arg>Facebook share tested successfully</arg>
<doc>Logs the given message with the given level.</doc>
<msg timestamp="20260121 17:03:29.787" level="INFO">Facebook share tested successfully</msg>
<status status="PASS" starttime="20260121 17:03:29.787" endtime="20260121 17:03:29.787"/>
</kw>
<kw name="Scroll Element Into View" library="SeleniumLibrary">
<arg>${share}</arg>
<doc>Scrolls the element identified by ``locator`` into view.</doc>
<status status="PASS" starttime="20260121 17:03:29.787" endtime="20260121 17:03:30.074"/>
</kw>
<kw name="Sleep" library="BuiltIn">
<arg>1s</arg>
<doc>Pauses the test executed for the given time.</doc>
<msg timestamp="20260121 17:03:31.075" level="INFO">Slept 1 second</msg>
<status status="PASS" starttime="20260121 17:03:30.074" endtime="20260121 17:03:31.075"/>
</kw>
<kw name="Wait And Click" library="keywords">
<arg>${share}</arg>
<kw name="Wait Until Element Is Visible" library="SeleniumLibrary">
<arg>${locator}</arg>
<doc>Waits until the element ``locator`` is visible.</doc>
<status status="PASS" starttime="20260121 17:03:31.075" endtime="20260121 17:03:31.091"/>
</kw>
<kw name="Click Element" library="SeleniumLibrary">
<arg>${locator}</arg>
<doc>Click the element identified by ``locator``.</doc>
<msg timestamp="20260121 17:03:31.092" level="INFO">Clicking element 'xpath=//*[@id="dropdownMenuShare"]'.</msg>
<status status="PASS" starttime="20260121 17:03:31.091" endtime="20260121 17:03:31.141"/>
</kw>
<status status="PASS" starttime="20260121 17:03:31.075" endtime="20260121 17:03:31.142"/>
</kw>
<kw name="Sleep" library="BuiltIn">
<arg>2s</arg>
<doc>Pauses the test executed for the given time.</doc>
<msg timestamp="20260121 17:03:33.142" level="INFO">Slept 2 seconds</msg>
<status status="PASS" starttime="20260121 17:03:31.142" endtime="20260121 17:03:33.142"/>
</kw>
<kw name="Wait Until Element Is Visible" library="SeleniumLibrary">
<arg>${twitter}</arg>
<doc>Waits until the element ``locator`` is visible.</doc>
<status status="PASS" starttime="20260121 17:03:33.142" endtime="20260121 17:03:33.162"/>
</kw>
<kw name="Sleep" library="BuiltIn">
<arg>1s</arg>
<doc>Pauses the test executed for the given time.</doc>
<msg timestamp="20260121 17:03:34.163" level="INFO">Slept 1 second</msg>
<status status="PASS" starttime="20260121 17:03:33.162" endtime="20260121 17:03:34.163"/>
</kw>
<kw name="Handle Share Button Click" library="treks_tours">
<var>${main}</var>
<arg>${twitter}</arg>
<doc>Clicks share button and switches to new window/tab</doc>
<kw name="Get Window Handles" library="SeleniumLibrary">
<var>${main_window}</var>
<doc>Returns all child window handles of the selected browser as a list.</doc>
<msg timestamp="20260121 17:03:34.165" level="INFO">${main_window} = ['79F20B5D7DABB74C98CA2965853E65A7']</msg>
<status status="PASS" starttime="20260121 17:03:34.163" endtime="20260121 17:03:34.165"/>
</kw>
<kw name="Get From List" library="Collections">
<var>${main_window}</var>
<arg>${main_window}</arg>
<arg>0</arg>
<doc>Returns the value specified with an ``index`` from ``list``.</doc>
<msg timestamp="20260121 17:03:34.166" level="INFO">${main_window} = 79F20B5D7DABB74C98CA2965853E65A7</msg>
<status status="PASS" starttime="20260121 17:03:34.165" endtime="20260121 17:03:34.166"/>
</kw>
<kw name="Scroll Element Into View" library="SeleniumLibrary">
<arg>${share_button_locator}</arg>
<doc>Scrolls the element identified by ``locator`` into view.</doc>
<status status="PASS" starttime="20260121 17:03:34.166" endtime="20260121 17:03:34.437"/>
</kw>
<kw name="Sleep" library="BuiltIn">
<arg>1s</arg>
<doc>Pauses the test executed for the given time.</doc>
<msg timestamp="20260121 17:03:35.438" level="INFO">Slept 1 second</msg>
<status status="PASS" starttime="20260121 17:03:34.437" endtime="20260121 17:03:35.438"/>
</kw>
<kw name="Wait Until Element Is Visible" library="SeleniumLibrary">
<arg>${share_button_locator}</arg>
<arg>timeout=10s</arg>
<doc>Waits until the element ``locator`` is visible.</doc>
<status status="PASS" starttime="20260121 17:03:35.438" endtime="20260121 17:03:35.454"/>
</kw>
<kw name="Run Keyword And Return Status" library="BuiltIn">
<var>${status}</var>
<arg>Click Element</arg>
<arg>${share_button_locator}</arg>
<doc>Runs the given keyword with given arguments and returns the status as a Boolean value.</doc>
<kw name="Click Element" library="SeleniumLibrary">
<arg>${share_button_locator}</arg>
<doc>Click the element identified by ``locator``.</doc>
<msg timestamp="20260121 17:03:35.455" level="INFO">Clicking element 'xpath=/html/body/div[3]/div[1]/section[1]/div/div[1]/div[2]/div/div[1]/div/div/a[2]'.</msg>
<status status="PASS" starttime="20260121 17:03:35.454" endtime="20260121 17:03:35.551"/>
</kw>
<msg timestamp="20260121 17:03:35.552" level="INFO">${status} = True</msg>
<status status="PASS" starttime="20260121 17:03:35.454" endtime="20260121 17:03:35.552"/>
</kw>
<kw name="Run Keyword Unless" library="BuiltIn">
<arg>${status}</arg>
<arg>Click Element Using JavaScript</arg>
<arg>${share_button_locator}</arg>
<doc>*DEPRECATED since RF 5.0. Use Native IF/ELSE or `Run Keyword If` instead.*</doc>
<msg timestamp="20260121 17:03:35.552" level="WARN">Keyword 'BuiltIn.Run Keyword Unless' is deprecated. </msg>
<status status="PASS" starttime="20260121 17:03:35.552" endtime="20260121 17:03:35.553"/>
</kw>
<kw name="Sleep" library="BuiltIn">
<arg>3s</arg>
<doc>Pauses the test executed for the given time.</doc>
<msg timestamp="20260121 17:03:38.554" level="INFO">Slept 3 seconds</msg>
<status status="PASS" starttime="20260121 17:03:35.553" endtime="20260121 17:03:38.554"/>
</kw>
<kw name="Get Window Handles" library="SeleniumLibrary">
<var>${all_windows}</var>
<doc>Returns all child window handles of the selected browser as a list.</doc>
<msg timestamp="20260121 17:03:38.682" level="INFO">${all_windows} = ['79F20B5D7DABB74C98CA2965853E65A7', '05783125637FF9371FE077295AD5B10B']</msg>
<status status="PASS" starttime="20260121 17:03:38.555" endtime="20260121 17:03:38.682"/>
</kw>
<kw name="Get Length" library="BuiltIn">
<var>${window_count}</var>
<arg>${all_windows}</arg>
<doc>Returns and logs the length of the given item as an integer.</doc>
<msg timestamp="20260121 17:03:38.682" level="INFO">Length is 2</msg>
<msg timestamp="20260121 17:03:38.683" level="INFO">${window_count} = 2</msg>
<status status="PASS" starttime="20260121 17:03:38.682" endtime="20260121 17:03:38.683"/>
</kw>
<kw name="Run Keyword If" library="BuiltIn">
<arg>${window_count} &gt; 1</arg>
<arg>Switch To New Window</arg>
<arg>${all_windows}</arg>
<doc>Runs the given keyword with the given arguments, if ``condition`` is true.</doc>
<kw name="Switch To New Window" library="treks_tours">
<arg>${all_windows}</arg>
<doc>Switches to the newest window</doc>
<kw name="Get From List" library="Collections">
<var>${new_window}</var>
<arg>${all_windows}</arg>
<arg>-1</arg>
<doc>Returns the value specified with an ``index`` from ``list``.</doc>
<msg timestamp="20260121 17:03:38.684" level="INFO">${new_window} = 05783125637FF9371FE077295AD5B10B</msg>
<status status="PASS" starttime="20260121 17:03:38.684" endtime="20260121 17:03:38.684"/>
</kw>
<kw name="Switch Window" library="SeleniumLibrary">
<arg>${new_window}</arg>
<doc>Switches to browser window matching ``locator``.</doc>
<status status="PASS" starttime="20260121 17:03:38.684" endtime="20260121 17:03:38.764"/>
</kw>
<kw name="Log" library="BuiltIn">
<arg>Switched to new window</arg>
<doc>Logs the given message with the given level.</doc>
<msg timestamp="20260121 17:03:38.764" level="INFO">Switched to new window</msg>
<status status="PASS" starttime="20260121 17:03:38.764" endtime="20260121 17:03:38.764"/>
</kw>
<status status="PASS" starttime="20260121 17:03:38.683" endtime="20260121 17:03:38.765"/>
</kw>
<status status="PASS" starttime="20260121 17:03:38.683" endtime="20260121 17:03:38.765"/>
</kw>
<msg timestamp="20260121 17:03:38.765" level="INFO">${main} = 79F20B5D7DABB74C98CA2965853E65A7</msg>
<status status="PASS" starttime="20260121 17:03:34.163" endtime="20260121 17:03:38.765"/>
</kw>
<kw name="Sleep" library="BuiltIn">
<arg>3s</arg>
<doc>Pauses the test executed for the given time.</doc>
<msg timestamp="20260121 17:03:41.766" level="INFO">Slept 3 seconds</msg>
<status status="PASS" starttime="20260121 17:03:38.765" endtime="20260121 17:03:41.766"/>
</kw>
<kw name="Capture Page Screenshot" library="SeleniumLibrary">
<arg>twitter_popup.png</arg>
<doc>Takes a screenshot of the current page and embeds it into a log file.</doc>
<msg timestamp="20260121 17:03:41.847" level="INFO" html="true">&lt;/td&gt;&lt;/tr&gt;&lt;tr&gt;&lt;td colspan="3"&gt;&lt;a href="twitter_popup.png"&gt;&lt;img src="twitter_popup.png" width="800px"&gt;&lt;/a&gt;</msg>
<status status="PASS" starttime="20260121 17:03:41.766" endtime="20260121 17:03:41.847"/>
</kw>
<kw name="Close Share Window And Return" library="treks_tours">
<arg>${main}</arg>
<doc>Closes current window and returns to main</doc>
<kw name="Get Window Handles" library="SeleniumLibrary">
<var>${all_windows}</var>
<doc>Returns all child window handles of the selected browser as a list.</doc>
<msg timestamp="20260121 17:03:41.850" level="INFO">${all_windows} = ['79F20B5D7DABB74C98CA2965853E65A7', '05783125637FF9371FE077295AD5B10B']</msg>
<status status="PASS" starttime="20260121 17:03:41.848" endtime="20260121 17:03:41.850"/>
</kw>
<kw name="Get Length" library="BuiltIn">
<var>${window_count}</var>
<arg>${all_windows}</arg>
<doc>Returns and logs the length of the given item as an integer.</doc>
<msg timestamp="20260121 17:03:41.850" level="INFO">Length is 2</msg>
<msg timestamp="20260121 17:03:41.850" level="INFO">${window_count} = 2</msg>
<status status="PASS" starttime="20260121 17:03:41.850" endtime="20260121 17:03:41.850"/>
</kw>
<kw name="Run Keyword If" library="BuiltIn">
<arg>${window_count} &gt; 1</arg>
<arg>Close Window</arg>
<doc>Runs the given keyword with the given arguments, if ``condition`` is true.</doc>
<kw name="Close Window" library="SeleniumLibrary">
<doc>Closes currently opened and selected browser window/tab.</doc>
<status status="PASS" starttime="20260121 17:03:41.850" endtime="20260121 17:03:41.916"/>
</kw>
<status status="PASS" starttime="20260121 17:03:41.850" endtime="20260121 17:03:41.916"/>
</kw>
<kw name="Switch Window" library="SeleniumLibrary">
<arg>${main_window}</arg>
<doc>Switches to browser window matching ``locator``.</doc>
<status status="PASS" starttime="20260121 17:03:41.916" endtime="20260121 17:03:41.921"/>
</kw>
<kw name="Log" library="BuiltIn">
<arg>Returned to main window</arg>
<doc>Logs the given message with the given level.</doc>
<msg timestamp="20260121 17:03:41.921" level="INFO">Returned to main window</msg>
<status status="PASS" starttime="20260121 17:03:41.921" endtime="20260121 17:03:41.921"/>
</kw>
<status status="PASS" starttime="20260121 17:03:41.848" endtime="20260121 17:03:41.921"/>
</kw>
<kw name="Log" library="BuiltIn">
<arg>Twitter share tested successfully</arg>
<doc>Logs the given message with the given level.</doc>
<msg timestamp="20260121 17:03:41.921" level="INFO">Twitter share tested successfully</msg>
<status status="PASS" starttime="20260121 17:03:41.921" endtime="20260121 17:03:41.921"/>
</kw>
<status status="PASS" starttime="20260121 17:02:38.536" endtime="20260121 17:03:41.922"/>
</kw>
<kw name="Test KanchenjungaTrek" library="treks_tours">
<kw name="Wait And Click" library="keywords">
<arg>xpath=/html/body/div[1]/header/div[1]/div/div/div/a/img[1]</arg>
<kw name="Wait Until Element Is Visible" library="SeleniumLibrary">
<arg>${locator}</arg>
<doc>Waits until the element ``locator`` is visible.</doc>
<status status="PASS" starttime="20260121 17:03:41.922" endtime="20260121 17:03:41.946"/>
</kw>
<kw name="Click Element" library="SeleniumLibrary">
<arg>${locator}</arg>
<doc>Click the element identified by ``locator``.</doc>
<msg timestamp="20260121 17:03:41.947" level="INFO">Clicking element 'xpath=/html/body/div[1]/header/div[1]/div/div/div/a/img[1]'.</msg>
<status status="PASS" starttime="20260121 17:03:41.947" endtime="20260121 17:03:45.050"/>
</kw>
<status status="PASS" starttime="20260121 17:03:41.922" endtime="20260121 17:03:45.050"/>
</kw>
<kw name="Open Trek And Tours Menu" library="home_page">
<kw name="Wait And Click" library="keywords">
<arg>${trek_and_tours}</arg>
<kw name="Wait Until Element Is Visible" library="SeleniumLibrary">
<arg>${locator}</arg>
<doc>Waits until the element ``locator`` is visible.</doc>
<status status="PASS" starttime="20260121 17:03:45.051" endtime="20260121 17:03:45.076"/>
</kw>
<kw name="Click Element" library="SeleniumLibrary">
<arg>${locator}</arg>
<doc>Click the element identified by ``locator``.</doc>
<msg timestamp="20260121 17:03:45.078" level="INFO">Clicking element 'xpath=/html/body/div[1]/header/div[1]/div/div/div/div/div[2]/div[2]/ul/li[2]/a/i'.</msg>
<status status="PASS" starttime="20260121 17:03:45.077" endtime="20260121 17:03:45.825"/>
</kw>
<status status="PASS" starttime="20260121 17:03:45.051" endtime="20260121 17:03:45.825"/>
</kw>
<kw name="Sleep" library="BuiltIn">
<arg>2s</arg>
<doc>Pauses the test executed for the given time.</doc>
<msg timestamp="20260121 17:03:47.826" level="INFO">Slept 2 seconds</msg>
<status status="PASS" starttime="20260121 17:03:45.825" endtime="20260121 17:03:47.827"/>
</kw>
<status status="PASS" starttime="20260121 17:03:45.050" endtime="20260121 17:03:47.827"/>
</kw>
<kw name="Wait And Click" library="keywords">
<arg>${push_your_limit}</arg>
<kw name="Wait Until Element Is Visible" library="SeleniumLibrary">
<arg>${locator}</arg>
<doc>Waits until the element ``locator`` is visible.</doc>
<status status="PASS" starttime="20260121 17:03:47.828" endtime="20260121 17:03:47.848"/>
</kw>
<kw name="Click Element" library="SeleniumLibrary">
<arg>${locator}</arg>
<doc>Click the element identified by ``locator``.</doc>
<msg timestamp="20260121 17:03:47.849" level="INFO">Clicking element 'xpath=/html/body/div[1]/header/div[1]/div/div/div/div/div[2]/div[2]/ul/li[2]/ul/li[2]/a'.</msg>
<status status="PASS" starttime="20260121 17:03:47.848" endtime="20260121 17:03:49.971"/>
</kw>
<status status="PASS" starttime="20260121 17:03:47.827" endtime="20260121 17:03:49.971"/>
</kw>
<kw name="Go Down to" library="treks_tours">
<kw name="Scroll Element Into View" library="SeleniumLibrary">
<arg>${header}</arg>
<doc>Scrolls the element identified by ``locator`` into view.</doc>
<status status="PASS" starttime="20260121 17:03:49.972" endtime="20260121 17:03:50.249"/>
</kw>
<kw name="Sleep" library="BuiltIn">
<arg>2s</arg>
<doc>Pauses the test executed for the given time.</doc>
<msg timestamp="20260121 17:03:52.250" level="INFO">Slept 2 seconds</msg>
<status status="PASS" starttime="20260121 17:03:50.249" endtime="20260121 17:03:52.250"/>
</kw>
<status status="PASS" starttime="20260121 17:03:49.971" endtime="20260121 17:03:52.250"/>
</kw>
<kw name="Wait And Click" library="keywords">
<arg>${kanchenjunga_image}</arg>
<kw name="Wait Until Element Is Visible" library="SeleniumLibrary">
<arg>${locator}</arg>
<doc>Waits until the element ``locator`` is visible.</doc>
<status status="PASS" starttime="20260121 17:03:52.251" endtime="20260121 17:03:52.271"/>
</kw>
<kw name="Click Element" library="SeleniumLibrary">
<arg>${locator}</arg>
<doc>Click the element identified by ``locator``.</doc>
<msg timestamp="20260121 17:03:52.272" level="INFO">Clicking element 'xpath=/html/body/div[3]/section/div/div/div[3]/section/div/div/div/div[2]/div[2]'.</msg>
<status status="PASS" starttime="20260121 17:03:52.272" endtime="20260121 17:03:55.381"/>
</kw>
<status status="PASS" starttime="20260121 17:03:52.251" endtime="20260121 17:03:55.381"/>
</kw>
<kw name="Wait Until Element Is Visible" library="SeleniumLibrary">
<arg>${kan_ele}</arg>
<doc>Waits until the element ``locator`` is visible.</doc>
<status status="PASS" starttime="20260121 17:03:55.382" endtime="20260121 17:03:55.411"/>
</kw>
<kw name="Scroll Element Into View" library="SeleniumLibrary">
<arg>${kan_header}</arg>
<doc>Scrolls the element identified by ``locator`` into view.</doc>
<status status="PASS" starttime="20260121 17:03:55.411" endtime="20260121 17:03:55.704"/>
</kw>
<kw name="Click All Kanchenjunga Sticky Navbar Links" library="treks_tours">
<kw name="Get WebElement" library="SeleniumLibrary">
<var>${nav_bar}</var>
<arg>xpath=//nav[contains(@class,'sticky-navbar')]</arg>
<doc>Returns the first WebElement matching the given ``locator``.</doc>
<msg timestamp="20260121 17:03:55.733" level="INFO">${nav_bar} = &lt;selenium.webdriver.remote.webelement.WebElement (session="5c1d6f05b9a41f81865f86a917458281", element="f.79F20B5D7DABB74C98CA2965853E65A7.d.D17B58127701D3EDF1C164134312B9D0.e.211")&gt;</msg>
<status status="PASS" starttime="20260121 17:03:55.705" endtime="20260121 17:03:55.733"/>
</kw>
<kw name="Scroll Element Into View" library="SeleniumLibrary">
<arg>${nav_bar}</arg>
<doc>Scrolls the element identified by ``locator`` into view.</doc>
<status status="PASS" starttime="20260121 17:03:55.733" endtime="20260121 17:03:56.018"/>
</kw>
<kw name="Sleep" library="BuiltIn">
<arg>0.5s</arg>
<doc>Pauses the test executed for the given time.</doc>
<msg timestamp="20260121 17:03:56.519" level="INFO">Slept 500 milliseconds</msg>
<status status="PASS" starttime="20260121 17:03:56.018" endtime="20260121 17:03:56.519"/>
</kw>
<kw name="Get WebElements" library="SeleniumLibrary">
<var>${nav_links}</var>
<arg>xpath=//nav[contains(@class,'sticky-navbar')]//ul/li/a[contains(@class,'nav-link')]</arg>
<doc>Returns a list of WebElement objects matching the ``locator``.</doc>
<msg timestamp="20260121 17:03:56.536" level="INFO">${nav_links} = [&lt;selenium.webdriver.remote.webelement.WebElement (session="5c1d6f05b9a41f81865f86a917458281", element="f.79F20B5D7DABB74C98CA2965853E65A7.d.D17B58127701D3EDF1C164134312B9D0.e.213")&gt;, &lt;selenium.webdri...</msg>
<status status="PASS" starttime="20260121 17:03:56.519" endtime="20260121 17:03:56.536"/>
</kw>
<for flavor="IN">
<var>${link}</var>
<value>@{nav_links}</value>
<iter>
<var name="${link}">&lt;selenium.webdriver.remote.webelement.WebElement (session="5c1d6f05b9a41f81865f86a917458281", element="f.79F20B5D7DABB74C98CA2965853E65A7.d.D17B58127701D3EDF1C164134312B9D0.e.213")&gt;</var>
<kw name="Get Text" library="SeleniumLibrary">
<var>${link_text}</var>
<arg>${link}</arg>
<doc>Returns the text value of the element identified by ``locator``.</doc>
<msg timestamp="20260121 17:03:56.550" level="INFO">${link_text} = Intro</msg>
<status status="PASS" starttime="20260121 17:03:56.537" endtime="20260121 17:03:56.550"/>
</kw>
<kw name="Log" library="BuiltIn">
<arg>Clicking navbar link: ${link_text}</arg>
<doc>Logs the given message with the given level.</doc>
<msg timestamp="20260121 17:03:56.551" level="INFO">Clicking navbar link: Intro</msg>
<status status="PASS" starttime="20260121 17:03:56.550" endtime="20260121 17:03:56.551"/>
</kw>
<kw name="Scroll Element Into View" library="SeleniumLibrary">
<arg>${link}</arg>
<doc>Scrolls the element identified by ``locator`` into view.</doc>
<status status="PASS" starttime="20260121 17:03:56.551" endtime="20260121 17:03:56.825"/>
</kw>
<kw name="Sleep" library="BuiltIn">
<arg>0.5s</arg>
<doc>Pauses the test executed for the given time.</doc>
<msg timestamp="20260121 17:03:57.326" level="INFO">Slept 500 milliseconds</msg>
<status status="PASS" starttime="20260121 17:03:56.825" endtime="20260121 17:03:57.326"/>
</kw>
<kw name="Run Keyword And Ignore Error" library="BuiltIn">
<arg>Click Element</arg>
<arg>${link}</arg>
<doc>Runs the given keyword with the given arguments and ignores possible error.</doc>
<kw name="Click Element" library="SeleniumLibrary">
<arg>${link}</arg>
<doc>Click the element identified by ``locator``.</doc>
<msg timestamp="20260121 17:03:57.327" level="INFO">Clicking element '&lt;selenium.webdriver.remote.webelement.WebElement (session="5c1d6f05b9a41f81865f86a917458281", element="f.79F20B5D7DABB74C98CA2965853E65A7.d.D17B58127701D3EDF1C164134312B9D0.e.213")&gt;'.</msg>
<status status="PASS" starttime="20260121 17:03:57.326" endtime="20260121 17:03:57.373"/>
</kw>
<status status="PASS" starttime="20260121 17:03:57.326" endtime="20260121 17:03:57.373"/>
</kw>
<kw name="Sleep" library="BuiltIn">
<arg>1s</arg>
<doc>Pauses the test executed for the given time.</doc>
<msg timestamp="20260121 17:03:58.373" level="INFO">Slept 1 second</msg>
<status status="PASS" starttime="20260121 17:03:57.373" endtime="20260121 17:03:58.374"/>
</kw>
<kw name="Run Keyword And Ignore Error" library="BuiltIn">
<arg>Capture Page Screenshot</arg>
<doc>Runs the given keyword with the given arguments and ignores possible error.</doc>
<kw name="Capture Page Screenshot" library="SeleniumLibrary">
<doc>Takes a screenshot of the current page and embeds it into a log file.</doc>
<msg timestamp="20260121 17:03:58.503" level="INFO" html="true">&lt;/td&gt;&lt;/tr&gt;&lt;tr&gt;&lt;td colspan="3"&gt;&lt;a href="selenium-screenshot-726.png"&gt;&lt;img src="selenium-screenshot-726.png" width="800px"&gt;&lt;/a&gt;</msg>
<status status="PASS" starttime="20260121 17:03:58.374" endtime="20260121 17:03:58.503"/>
</kw>
<status status="PASS" starttime="20260121 17:03:58.374" endtime="20260121 17:03:58.503"/>
</kw>
<status status="PASS" starttime="20260121 17:03:56.537" endtime="20260121 17:03:58.503"/>
</iter>
<iter>
<var name="${link}">&lt;selenium.webdriver.remote.webelement.WebElement (session="5c1d6f05b9a41f81865f86a917458281", element="f.79F20B5D7DABB74C98CA2965853E65A7.d.D17B58127701D3EDF1C164134312B9D0.e.214")&gt;</var>
<kw name="Get Text" library="SeleniumLibrary">
<var>${link_text}</var>
<arg>${link}</arg>
<doc>Returns the text value of the element identified by ``locator``.</doc>
<msg timestamp="20260121 17:03:58.513" level="INFO">${link_text} = KBYG</msg>
<status status="PASS" starttime="20260121 17:03:58.504" endtime="20260121 17:03:58.513"/>
</kw>
<kw name="Log" library="BuiltIn">
<arg>Clicking navbar link: ${link_text}</arg>
<doc>Logs the given message with the given level.</doc>
<msg timestamp="20260121 17:03:58.513" level="INFO">Clicking navbar link: KBYG</msg>
<status status="PASS" starttime="20260121 17:03:58.513" endtime="20260121 17:03:58.513"/>
</kw>
<kw name="Scroll Element Into View" library="SeleniumLibrary">
<arg>${link}</arg>
<doc>Scrolls the element identified by ``locator`` into view.</doc>
<status status="PASS" starttime="20260121 17:03:58.513" endtime="20260121 17:03:58.788"/>
</kw>
<kw name="Sleep" library="BuiltIn">
<arg>0.5s</arg>
<doc>Pauses the test executed for the given time.</doc>
<msg timestamp="20260121 17:03:59.288" level="INFO">Slept 500 milliseconds</msg>
<status status="PASS" starttime="20260121 17:03:58.788" endtime="20260121 17:03:59.288"/>
</kw>
<kw name="Run Keyword And Ignore Error" library="BuiltIn">
<arg>Click Element</arg>
<arg>${link}</arg>
<doc>Runs the given keyword with the given arguments and ignores possible error.</doc>
<kw name="Click Element" library="SeleniumLibrary">
<arg>${link}</arg>
<doc>Click the element identified by ``locator``.</doc>
<msg timestamp="20260121 17:03:59.289" level="INFO">Clicking element '&lt;selenium.webdriver.remote.webelement.WebElement (session="5c1d6f05b9a41f81865f86a917458281", element="f.79F20B5D7DABB74C98CA2965853E65A7.d.D17B58127701D3EDF1C164134312B9D0.e.214")&gt;'.</msg>
<status status="PASS" starttime="20260121 17:03:59.289" endtime="20260121 17:03:59.332"/>
</kw>
<status status="PASS" starttime="20260121 17:03:59.289" endtime="20260121 17:03:59.332"/>
</kw>
<kw name="Sleep" library="BuiltIn">
<arg>1s</arg>
<doc>Pauses the test executed for the given time.</doc>
<msg timestamp="20260121 17:04:00.333" level="INFO">Slept 1 second</msg>
<status status="PASS" starttime="20260121 17:03:59.333" endtime="20260121 17:04:00.333"/>
</kw>
<kw name="Run Keyword And Ignore Error" library="BuiltIn">
<arg>Capture Page Screenshot</arg>
<doc>Runs the given keyword with the given arguments and ignores possible error.</doc>
<kw name="Capture Page Screenshot" library="SeleniumLibrary">
<doc>Takes a screenshot of the current page and embeds it into a log file.</doc>
<msg timestamp="20260121 17:04:00.466" level="INFO" html="true">&lt;/td&gt;&lt;/tr&gt;&lt;tr&gt;&lt;td colspan="3"&gt;&lt;a href="selenium-screenshot-727.png"&gt;&lt;img src="selenium-screenshot-727.png" width="800px"&gt;&lt;/a&gt;</msg>
<status status="PASS" starttime="20260121 17:04:00.333" endtime="20260121 17:04:00.466"/>
</kw>
<status status="PASS" starttime="20260121 17:04:00.333" endtime="20260121 17:04:00.466"/>
</kw>
<status status="PASS" starttime="20260121 17:03:58.503" endtime="20260121 17:04:00.466"/>
</iter>
<iter>
<var name="${link}">&lt;selenium.webdriver.remote.webelement.WebElement (session="5c1d6f05b9a41f81865f86a917458281", element="f.79F20B5D7DABB74C98CA2965853E65A7.d.D17B58127701D3EDF1C164134312B9D0.e.215")&gt;</var>
<kw name="Get Text" library="SeleniumLibrary">
<var>${link_text}</var>
<arg>${link}</arg>
<doc>Returns the text value of the element identified by ``locator``.</doc>
<msg timestamp="20260121 17:04:00.476" level="INFO">${link_text} = Hightlights</msg>
<status status="PASS" starttime="20260121 17:04:00.466" endtime="20260121 17:04:00.476"/>
</kw>
<kw name="Log" library="BuiltIn">
<arg>Clicking navbar link: ${link_text}</arg>
<doc>Logs the given message with the given level.</doc>
<msg timestamp="20260121 17:04:00.476" level="INFO">Clicking navbar link: Hightlights</msg>
<status status="PASS" starttime="20260121 17:04:00.476" endtime="20260121 17:04:00.476"/>
</kw>
<kw name="Scroll Element Into View" library="SeleniumLibrary">
<arg>${link}</arg>
<doc>Scrolls the element identified by ``locator`` into view.</doc>
<status status="PASS" starttime="20260121 17:04:00.476" endtime="20260121 17:04:00.748"/>
</kw>
<kw name="Sleep" library="BuiltIn">
<arg>0.5s</arg>
<doc>Pauses the test executed for the given time.</doc>
<msg timestamp="20260121 17:04:01.249" level="INFO">Slept 500 milliseconds</msg>
<status status="PASS" starttime="20260121 17:04:00.748" endtime="20260121 17:04:01.249"/>
</kw>
<kw name="Run Keyword And Ignore Error" library="BuiltIn">
<arg>Click Element</arg>
<arg>${link}</arg>
<doc>Runs the given keyword with the given arguments and ignores possible error.</doc>
<kw name="Click Element" library="SeleniumLibrary">
<arg>${link}</arg>
<doc>Click the element identified by ``locator``.</doc>
<msg timestamp="20260121 17:04:01.250" level="INFO">Clicking element '&lt;selenium.webdriver.remote.webelement.WebElement (session="5c1d6f05b9a41f81865f86a917458281", element="f.79F20B5D7DABB74C98CA2965853E65A7.d.D17B58127701D3EDF1C164134312B9D0.e.215")&gt;'.</msg>
<status status="PASS" starttime="20260121 17:04:01.249" endtime="20260121 17:04:01.290"/>
</kw>
<status status="PASS" starttime="20260121 17:04:01.249" endtime="20260121 17:04:01.290"/>
</kw>
<kw name="Sleep" library="BuiltIn">
<arg>1s</arg>
<doc>Pauses the test executed for the given time.</doc>
<msg timestamp="20260121 17:04:02.291" level="INFO">Slept 1 second</msg>
<status status="PASS" starttime="20260121 17:04:01.290" endtime="20260121 17:04:02.291"/>
</kw>
<kw name="Run Keyword And Ignore Error" library="BuiltIn">
<arg>Capture Page Screenshot</arg>
<doc>Runs the given keyword with the given arguments and ignores possible error.</doc>
<kw name="Capture Page Screenshot" library="SeleniumLibrary">
<doc>Takes a screenshot of the current page and embeds it into a log file.</doc>
<msg timestamp="20260121 17:04:02.435" level="INFO" html="true">&lt;/td&gt;&lt;/tr&gt;&lt;tr&gt;&lt;td colspan="3"&gt;&lt;a href="selenium-screenshot-728.png"&gt;&lt;img src="selenium-screenshot-728.png" width="800px"&gt;&lt;/a&gt;</msg>
<status status="PASS" starttime="20260121 17:04:02.292" endtime="20260121 17:04:02.435"/>
</kw>
<status status="PASS" starttime="20260121 17:04:02.291" endtime="20260121 17:04:02.435"/>
</kw>
<status status="PASS" starttime="20260121 17:04:00.466" endtime="20260121 17:04:02.435"/>
</iter>
<iter>
<var name="${link}">&lt;selenium.webdriver.remote.webelement.WebElement (session="5c1d6f05b9a41f81865f86a917458281", element="f.79F20B5D7DABB74C98CA2965853E65A7.d.D17B58127701D3EDF1C164134312B9D0.e.216")&gt;</var>
<kw name="Get Text" library="SeleniumLibrary">
<var>${link_text}</var>
<arg>${link}</arg>
<doc>Returns the text value of the element identified by ``locator``.</doc>
<msg timestamp="20260121 17:04:02.445" level="INFO">${link_text} = Who For</msg>
<status status="PASS" starttime="20260121 17:04:02.436" endtime="20260121 17:04:02.445"/>
</kw>
<kw name="Log" library="BuiltIn">
<arg>Clicking navbar link: ${link_text}</arg>
<doc>Logs the given message with the given level.</doc>
<msg timestamp="20260121 17:04:02.445" level="INFO">Clicking navbar link: Who For</msg>
<status status="PASS" starttime="20260121 17:04:02.445" endtime="20260121 17:04:02.445"/>
</kw>
<kw name="Scroll Element Into View" library="SeleniumLibrary">
<arg>${link}</arg>
<doc>Scrolls the element identified by ``locator`` into view.</doc>
<status status="PASS" starttime="20260121 17:04:02.445" endtime="20260121 17:04:02.725"/>
</kw>
<kw name="Sleep" library="BuiltIn">
<arg>0.5s</arg>
<doc>Pauses the test executed for the given time.</doc>
<msg timestamp="20260121 17:04:03.226" level="INFO">Slept 500 milliseconds</msg>
<status status="PASS" starttime="20260121 17:04:02.726" endtime="20260121 17:04:03.226"/>
</kw>
<kw name="Run Keyword And Ignore Error" library="BuiltIn">
<arg>Click Element</arg>
<arg>${link}</arg>
<doc>Runs the given keyword with the given arguments and ignores possible error.</doc>
<kw name="Click Element" library="SeleniumLibrary">
<arg>${link}</arg>
<doc>Click the element identified by ``locator``.</doc>
[...]
<status status="PASS" starttime="20260121 17:04:39.619" endtime="20260121 17:04:40.620"/>
</kw>
<kw name="Run Keyword And Ignore Error" library="BuiltIn">
<arg>Capture Page Screenshot</arg>
<doc>Runs the given keyword with the given arguments and ignores possible error.</doc>
<kw name="Capture Page Screenshot" library="SeleniumLibrary">
<doc>Takes a screenshot of the current page and embeds it into a log file.</doc>
<msg timestamp="20260121 17:04:40.753" level="INFO" html="true">&lt;/td&gt;&lt;/tr&gt;&lt;tr&gt;&lt;td colspan="3"&gt;&lt;a href="selenium-screenshot-738.png"&gt;&lt;img src="selenium-screenshot-738.png" width="800px"&gt;&lt;/a&gt;</msg>
<status status="PASS" starttime="20260121 17:04:40.620" endtime="20260121 17:04:40.753"/>
</kw>
<status status="PASS" starttime="20260121 17:04:40.620" endtime="20260121 17:04:40.753"/>
</kw>
<status status="PASS" starttime="20260121 17:04:38.290" endtime="20260121 17:04:40.753"/>
</iter>
<iter>
<var name="${link}">&lt;selenium.webdriver.remote.webelement.WebElement (session="5c1d6f05b9a41f81865f86a917458281", element="f.79F20B5D7DABB74C98CA2965853E65A7.d.E15AE7511482A981EFE8301AF531BF37.e.312")&gt;</var>
<kw name="Get Text" library="SeleniumLibrary">
<var>${link_text}</var>
<arg>${link}</arg>
<doc>Returns the text value of the element identified by ``locator``.</doc>
<msg timestamp="20260121 17:04:40.763" level="INFO">${link_text} = Who Not For</msg>
<status status="PASS" starttime="20260121 17:04:40.754" endtime="20260121 17:04:40.763"/>
</kw>
<kw name="Log" library="BuiltIn">
<arg>Clicking navbar link: ${link_text}</arg>
<doc>Logs the given message with the given level.</doc>
<msg timestamp="20260121 17:04:40.763" level="INFO">Clicking navbar link: Who Not For</msg>
<status status="PASS" starttime="20260121 17:04:40.763" endtime="20260121 17:04:40.763"/>
</kw>
<kw name="Scroll Element Into View" library="SeleniumLibrary">
<arg>${link}</arg>
<doc>Scrolls the element identified by ``locator`` into view.</doc>
<status status="PASS" starttime="20260121 17:04:40.763" endtime="20260121 17:04:41.035"/>
</kw>
<kw name="Sleep" library="BuiltIn">
<arg>1s</arg>
<doc>Pauses the test executed for the given time.</doc>
<msg timestamp="20260121 17:04:42.035" level="INFO">Slept 1 second</msg>
<status status="PASS" starttime="20260121 17:04:41.035" endtime="20260121 17:04:42.036"/>
</kw>
<kw name="Wait Until Element Is Visible" library="SeleniumLibrary">
<arg>${link}</arg>
<arg>timeout=5s</arg>
<doc>Waits until the element ``locator`` is visible.</doc>
<status status="PASS" starttime="20260121 17:04:42.036" endtime="20260121 17:04:42.044"/>
</kw>
<kw name="Run Keyword And Ignore Error" library="BuiltIn">
<arg>Click Element</arg>
<arg>${link}</arg>
<doc>Runs the given keyword with the given arguments and ignores possible error.</doc>
<kw name="Click Element" library="SeleniumLibrary">
<arg>${link}</arg>
<doc>Click the element identified by ``locator``.</doc>
<msg timestamp="20260121 17:04:42.045" level="INFO">Clicking element '&lt;selenium.webdriver.remote.webelement.WebElement (session="5c1d6f05b9a41f81865f86a917458281", element="f.79F20B5D7DABB74C98CA2965853E65A7.d.E15AE7511482A981EFE8301AF531BF37.e.312")&gt;'.</msg>
<status status="PASS" starttime="20260121 17:04:42.044" endtime="20260121 17:04:42.083"/>
</kw>
<status status="PASS" starttime="20260121 17:04:42.044" endtime="20260121 17:04:42.084"/>
</kw>
<kw name="Sleep" library="BuiltIn">
<arg>1s</arg>
<doc>Pauses the test executed for the given time.</doc>
<msg timestamp="20260121 17:04:43.084" level="INFO">Slept 1 second</msg>
<status status="PASS" starttime="20260121 17:04:42.084" endtime="20260121 17:04:43.084"/>
</kw>
<kw name="Run Keyword And Ignore Error" library="BuiltIn">
<arg>Capture Page Screenshot</arg>
<doc>Runs the given keyword with the given arguments and ignores possible error.</doc>
<kw name="Capture Page Screenshot" library="SeleniumLibrary">
<doc>Takes a screenshot of the current page and embeds it into a log file.</doc>
<msg timestamp="20260121 17:04:43.221" level="INFO" html="true">&lt;/td&gt;&lt;/tr&gt;&lt;tr&gt;&lt;td colspan="3"&gt;&lt;a href="selenium-screenshot-739.png"&gt;&lt;img src="selenium-screenshot-739.png" width="800px"&gt;&lt;/a&gt;</msg>
<status status="PASS" starttime="20260121 17:04:43.085" endtime="20260121 17:04:43.221"/>
</kw>
<status status="PASS" starttime="20260121 17:04:43.084" endtime="20260121 17:04:43.221"/>
</kw>
<status status="PASS" starttime="20260121 17:04:40.753" endtime="20260121 17:04:43.221"/>
</iter>
<iter>
<var name="${link}">&lt;selenium.webdriver.remote.webelement.WebElement (session="5c1d6f05b9a41f81865f86a917458281", element="f.79F20B5D7DABB74C98CA2965853E65A7.d.E15AE7511482A981EFE8301AF531BF37.e.313")&gt;</var>
<kw name="Get Text" library="SeleniumLibrary">
<var>${link_text}</var>
<arg>${link}</arg>
<doc>Returns the text value of the element identified by ``locator``.</doc>
<msg timestamp="20260121 17:04:43.231" level="INFO">${link_text} = Itinerary</msg>
<status status="PASS" starttime="20260121 17:04:43.221" endtime="20260121 17:04:43.231"/>
</kw>
<kw name="Log" library="BuiltIn">
<arg>Clicking navbar link: ${link_text}</arg>
<doc>Logs the given message with the given level.</doc>
<msg timestamp="20260121 17:04:43.231" level="INFO">Clicking navbar link: Itinerary</msg>
<status status="PASS" starttime="20260121 17:04:43.231" endtime="20260121 17:04:43.231"/>
</kw>
<kw name="Scroll Element Into View" library="SeleniumLibrary">
<arg>${link}</arg>
<doc>Scrolls the element identified by ``locator`` into view.</doc>
<status status="PASS" starttime="20260121 17:04:43.231" endtime="20260121 17:04:43.505"/>
</kw>
<kw name="Sleep" library="BuiltIn">
<arg>1s</arg>
<doc>Pauses the test executed for the given time.</doc>
<msg timestamp="20260121 17:04:44.506" level="INFO">Slept 1 second</msg>
<status status="PASS" starttime="20260121 17:04:43.505" endtime="20260121 17:04:44.506"/>
</kw>
<kw name="Wait Until Element Is Visible" library="SeleniumLibrary">
<arg>${link}</arg>
<arg>timeout=5s</arg>
<doc>Waits until the element ``locator`` is visible.</doc>
<status status="PASS" starttime="20260121 17:04:44.506" endtime="20260121 17:04:44.514"/>
</kw>
<kw name="Run Keyword And Ignore Error" library="BuiltIn">
<arg>Click Element</arg>
<arg>${link}</arg>
<doc>Runs the given keyword with the given arguments and ignores possible error.</doc>
<kw name="Click Element" library="SeleniumLibrary">
<arg>${link}</arg>
<doc>Click the element identified by ``locator``.</doc>
<msg timestamp="20260121 17:04:44.515" level="INFO">Clicking element '&lt;selenium.webdriver.remote.webelement.WebElement (session="5c1d6f05b9a41f81865f86a917458281", element="f.79F20B5D7DABB74C98CA2965853E65A7.d.E15AE7511482A981EFE8301AF531BF37.e.313")&gt;'.</msg>
<status status="PASS" starttime="20260121 17:04:44.515" endtime="20260121 17:04:44.555"/>
</kw>
<status status="PASS" starttime="20260121 17:04:44.514" endtime="20260121 17:04:44.555"/>
</kw>
<kw name="Sleep" library="BuiltIn">
<arg>1s</arg>
<doc>Pauses the test executed for the given time.</doc>
<msg timestamp="20260121 17:04:45.556" level="INFO">Slept 1 second</msg>
<status status="PASS" starttime="20260121 17:04:44.555" endtime="20260121 17:04:45.556"/>
</kw>
<kw name="Run Keyword And Ignore Error" library="BuiltIn">
<arg>Capture Page Screenshot</arg>
<doc>Runs the given keyword with the given arguments and ignores possible error.</doc>
<kw name="Capture Page Screenshot" library="SeleniumLibrary">
<doc>Takes a screenshot of the current page and embeds it into a log file.</doc>
<msg timestamp="20260121 17:04:45.683" level="INFO" html="true">&lt;/td&gt;&lt;/tr&gt;&lt;tr&gt;&lt;td colspan="3"&gt;&lt;a href="selenium-screenshot-740.png"&gt;&lt;img src="selenium-screenshot-740.png" width="800px"&gt;&lt;/a&gt;</msg>
<status status="PASS" starttime="20260121 17:04:45.556" endtime="20260121 17:04:45.683"/>
</kw>
<status status="PASS" starttime="20260121 17:04:45.556" endtime="20260121 17:04:45.683"/>
</kw>
<status status="PASS" starttime="20260121 17:04:43.221" endtime="20260121 17:04:45.683"/>
</iter>
<iter>
<var name="${link}">&lt;selenium.webdriver.remote.webelement.WebElement (session="5c1d6f05b9a41f81865f86a917458281", element="f.79F20B5D7DABB74C98CA2965853E65A7.d.E15AE7511482A981EFE8301AF531BF37.e.314")&gt;</var>
<kw name="Get Text" library="SeleniumLibrary">
<var>${link_text}</var>
<arg>${link}</arg>
<doc>Returns the text value of the element identified by ``locator``.</doc>
<msg timestamp="20260121 17:04:45.692" level="INFO">${link_text} = Includes/Excludes</msg>
<status status="PASS" starttime="20260121 17:04:45.683" endtime="20260121 17:04:45.692"/>
</kw>
<kw name="Log" library="BuiltIn">
<arg>Clicking navbar link: ${link_text}</arg>
<doc>Logs the given message with the given level.</doc>
<msg timestamp="20260121 17:04:45.692" level="INFO">Clicking navbar link: Includes/Excludes</msg>
<status status="PASS" starttime="20260121 17:04:45.692" endtime="20260121 17:04:45.692"/>
</kw>
<kw name="Scroll Element Into View" library="SeleniumLibrary">
<arg>${link}</arg>
<doc>Scrolls the element identified by ``locator`` into view.</doc>
<status status="PASS" starttime="20260121 17:04:45.692" endtime="20260121 17:04:45.969"/>
</kw>
<kw name="Sleep" library="BuiltIn">
<arg>1s</arg>
<doc>Pauses the test executed for the given time.</doc>
<msg timestamp="20260121 17:04:46.969" level="INFO">Slept 1 second</msg>
<status status="PASS" starttime="20260121 17:04:45.969" endtime="20260121 17:04:46.969"/>
</kw>
<kw name="Wait Until Element Is Visible" library="SeleniumLibrary">
<arg>${link}</arg>
<arg>timeout=5s</arg>
<doc>Waits until the element ``locator`` is visible.</doc>
<status status="PASS" starttime="20260121 17:04:46.969" endtime="20260121 17:04:46.977"/>
</kw>
<kw name="Run Keyword And Ignore Error" library="BuiltIn">
<arg>Click Element</arg>
<arg>${link}</arg>
<doc>Runs the given keyword with the given arguments and ignores possible error.</doc>
<kw name="Click Element" library="SeleniumLibrary">
<arg>${link}</arg>
<doc>Click the element identified by ``locator``.</doc>
<msg timestamp="20260121 17:04:46.978" level="INFO">Clicking element '&lt;selenium.webdriver.remote.webelement.WebElement (session="5c1d6f05b9a41f81865f86a917458281", element="f.79F20B5D7DABB74C98CA2965853E65A7.d.E15AE7511482A981EFE8301AF531BF37.e.314")&gt;'.</msg>
<status status="PASS" starttime="20260121 17:04:46.977" endtime="20260121 17:04:47.015"/>
</kw>
<status status="PASS" starttime="20260121 17:04:46.977" endtime="20260121 17:04:47.016"/>
</kw>
<kw name="Sleep" library="BuiltIn">
<arg>1s</arg>
<doc>Pauses the test executed for the given time.</doc>
<msg timestamp="20260121 17:04:48.017" level="INFO">Slept 1 second</msg>
<status status="PASS" starttime="20260121 17:04:47.016" endtime="20260121 17:04:48.017"/>
</kw>
<kw name="Run Keyword And Ignore Error" library="BuiltIn">
<arg>Capture Page Screenshot</arg>
<doc>Runs the given keyword with the given arguments and ignores possible error.</doc>
<kw name="Capture Page Screenshot" library="SeleniumLibrary">
<doc>Takes a screenshot of the current page and embeds it into a log file.</doc>
<msg timestamp="20260121 17:04:48.155" level="INFO" html="true">&lt;/td&gt;&lt;/tr&gt;&lt;tr&gt;&lt;td colspan="3"&gt;&lt;a href="selenium-screenshot-741.png"&gt;&lt;img src="selenium-screenshot-741.png" width="800px"&gt;&lt;/a&gt;</msg>
<status status="PASS" starttime="20260121 17:04:48.018" endtime="20260121 17:04:48.155"/>
</kw>
<status status="PASS" starttime="20260121 17:04:48.018" endtime="20260121 17:04:48.155"/>
</kw>
<status status="PASS" starttime="20260121 17:04:45.683" endtime="20260121 17:04:48.155"/>
</iter>
<iter>
<var name="${link}">&lt;selenium.webdriver.remote.webelement.WebElement (session="5c1d6f05b9a41f81865f86a917458281", element="f.79F20B5D7DABB74C98CA2965853E65A7.d.E15AE7511482A981EFE8301AF531BF37.e.315")&gt;</var>
<kw name="Get Text" library="SeleniumLibrary">
<var>${link_text}</var>
<arg>${link}</arg>
<doc>Returns the text value of the element identified by ``locator``.</doc>
<msg timestamp="20260121 17:04:48.165" level="INFO">${link_text} = Imp Info</msg>
<status status="PASS" starttime="20260121 17:04:48.155" endtime="20260121 17:04:48.165"/>
</kw>
<kw name="Log" library="BuiltIn">
<arg>Clicking navbar link: ${link_text}</arg>
<doc>Logs the given message with the given level.</doc>
<msg timestamp="20260121 17:04:48.165" level="INFO">Clicking navbar link: Imp Info</msg>
<status status="PASS" starttime="20260121 17:04:48.165" endtime="20260121 17:04:48.165"/>
</kw>
<kw name="Scroll Element Into View" library="SeleniumLibrary">
<arg>${link}</arg>
<doc>Scrolls the element identified by ``locator`` into view.</doc>
<status status="PASS" starttime="20260121 17:04:48.165" endtime="20260121 17:04:48.437"/>
</kw>
<kw name="Sleep" library="BuiltIn">
<arg>1s</arg>
<doc>Pauses the test executed for the given time.</doc>
<msg timestamp="20260121 17:04:49.438" level="INFO">Slept 1 second</msg>
<status status="PASS" starttime="20260121 17:04:48.437" endtime="20260121 17:04:49.438"/>
</kw>
<kw name="Wait Until Element Is Visible" library="SeleniumLibrary">
<arg>${link}</arg>
<arg>timeout=5s</arg>
<doc>Waits until the element ``locator`` is visible.</doc>
<status status="PASS" starttime="20260121 17:04:49.438" endtime="20260121 17:04:49.447"/>
</kw>
<kw name="Run Keyword And Ignore Error" library="BuiltIn">
<arg>Click Element</arg>
<arg>${link}</arg>
<doc>Runs the given keyword with the given arguments and ignores possible error.</doc>
<kw name="Click Element" library="SeleniumLibrary">
<arg>${link}</arg>
<doc>Click the element identified by ``locator``.</doc>
<msg timestamp="20260121 17:04:49.448" level="INFO">Clicking element '&lt;selenium.webdriver.remote.webelement.WebElement (session="5c1d6f05b9a41f81865f86a917458281", element="f.79F20B5D7DABB74C98CA2965853E65A7.d.E15AE7511482A981EFE8301AF531BF37.e.315")&gt;'.</msg>
<status status="PASS" starttime="20260121 17:04:49.447" endtime="20260121 17:04:49.490"/>
</kw>
<status status="PASS" starttime="20260121 17:04:49.447" endtime="20260121 17:04:49.490"/>
</kw>
<kw name="Sleep" library="BuiltIn">
<arg>1s</arg>
<doc>Pauses the test executed for the given time.</doc>
<msg timestamp="20260121 17:04:50.491" level="INFO">Slept 1 second</msg>
<status status="PASS" starttime="20260121 17:04:49.490" endtime="20260121 17:04:50.491"/>
</kw>
<kw name="Run Keyword And Ignore Error" library="BuiltIn">
<arg>Capture Page Screenshot</arg>
<doc>Runs the given keyword with the given arguments and ignores possible error.</doc>
<kw name="Capture Page Screenshot" library="SeleniumLibrary">
<doc>Takes a screenshot of the current page and embeds it into a log file.</doc>
<msg timestamp="20260121 17:04:50.613" level="INFO" html="true">&lt;/td&gt;&lt;/tr&gt;&lt;tr&gt;&lt;td colspan="3"&gt;&lt;a href="selenium-screenshot-742.png"&gt;&lt;img src="selenium-screenshot-742.png" width="800px"&gt;&lt;/a&gt;</msg>
<status status="PASS" starttime="20260121 17:04:50.491" endtime="20260121 17:04:50.613"/>
</kw>
<status status="PASS" starttime="20260121 17:04:50.491" endtime="20260121 17:04:50.613"/>
</kw>
<status status="PASS" starttime="20260121 17:04:48.155" endtime="20260121 17:04:50.613"/>
</iter>
<iter>
<var name="${link}">&lt;selenium.webdriver.remote.webelement.WebElement (session="5c1d6f05b9a41f81865f86a917458281", element="f.79F20B5D7DABB74C98CA2965853E65A7.d.E15AE7511482A981EFE8301AF531BF37.e.316")&gt;</var>
<kw name="Get Text" library="SeleniumLibrary">
<var>${link_text}</var>
<arg>${link}</arg>
<doc>Returns the text value of the element identified by ``locator``.</doc>
<msg timestamp="20260121 17:04:50.621" level="INFO">${link_text} = FAQS</msg>
<status status="PASS" starttime="20260121 17:04:50.613" endtime="20260121 17:04:50.622"/>
</kw>
<kw name="Log" library="BuiltIn">
<arg>Clicking navbar link: ${link_text}</arg>
<doc>Logs the given message with the given level.</doc>
<msg timestamp="20260121 17:04:50.622" level="INFO">Clicking navbar link: FAQS</msg>
<status status="PASS" starttime="20260121 17:04:50.622" endtime="20260121 17:04:50.622"/>
</kw>
<kw name="Scroll Element Into View" library="SeleniumLibrary">
<arg>${link}</arg>
<doc>Scrolls the element identified by ``locator`` into view.</doc>
<status status="PASS" starttime="20260121 17:04:50.622" endtime="20260121 17:04:50.902"/>
</kw>
<kw name="Sleep" library="BuiltIn">
<arg>1s</arg>
<doc>Pauses the test executed for the given time.</doc>
<msg timestamp="20260121 17:04:51.902" level="INFO">Slept 1 second</msg>
<status status="PASS" starttime="20260121 17:04:50.902" endtime="20260121 17:04:51.902"/>
</kw>
<kw name="Wait Until Element Is Visible" library="SeleniumLibrary">
<arg>${link}</arg>
<arg>timeout=5s</arg>
<doc>Waits until the element ``locator`` is visible.</doc>
<status status="PASS" starttime="20260121 17:04:51.903" endtime="20260121 17:04:51.911"/>
</kw>
<kw name="Run Keyword And Ignore Error" library="BuiltIn">
<arg>Click Element</arg>
<arg>${link}</arg>
<doc>Runs the given keyword with the given arguments and ignores possible error.</doc>
<kw name="Click Element" library="SeleniumLibrary">
<arg>${link}</arg>
<doc>Click the element identified by ``locator``.</doc>
<msg timestamp="20260121 17:04:51.912" level="INFO">Clicking element '&lt;selenium.webdriver.remote.webelement.WebElement (session="5c1d6f05b9a41f81865f86a917458281", element="f.79F20B5D7DABB74C98CA2965853E65A7.d.E15AE7511482A981EFE8301AF531BF37.e.316")&gt;'.</msg>
<status status="PASS" starttime="20260121 17:04:51.911" endtime="20260121 17:04:51.954"/>
</kw>
<status status="PASS" starttime="20260121 17:04:51.911" endtime="20260121 17:04:51.954"/>
</kw>
<kw name="Sleep" library="BuiltIn">
<arg>1s</arg>
<doc>Pauses the test executed for the given time.</doc>
<msg timestamp="20260121 17:04:52.955" level="INFO">Slept 1 second</msg>
<status status="PASS" starttime="20260121 17:04:51.954" endtime="20260121 17:04:52.956"/>
</kw>
<kw name="Run Keyword And Ignore Error" library="BuiltIn">
<arg>Capture Page Screenshot</arg>
<doc>Runs the given keyword with the given arguments and ignores possible error.</doc>
<kw name="Capture Page Screenshot" library="SeleniumLibrary">
<doc>Takes a screenshot of the current page and embeds it into a log file.</doc>
<msg timestamp="20260121 17:04:53.107" level="INFO" html="true">&lt;/td&gt;&lt;/tr&gt;&lt;tr&gt;&lt;td colspan="3"&gt;&lt;a href="selenium-screenshot-743.png"&gt;&lt;img src="selenium-screenshot-743.png" width="800px"&gt;&lt;/a&gt;</msg>
<status status="PASS" starttime="20260121 17:04:52.956" endtime="20260121 17:04:53.107"/>
</kw>
<status status="PASS" starttime="20260121 17:04:52.956" endtime="20260121 17:04:53.108"/>
</kw>
<status status="PASS" starttime="20260121 17:04:50.613" endtime="20260121 17:04:53.108"/>
</iter>
<status status="PASS" starttime="20260121 17:04:30.849" endtime="20260121 17:04:53.108"/>
</for>
<status status="PASS" starttime="20260121 17:04:30.044" endtime="20260121 17:04:53.108"/>
</kw>
<status status="PASS" starttime="20260121 17:04:14.232" endtime="20260121 17:04:53.108"/>
</kw>
<kw name="Close Browser" library="SeleniumLibrary" type="TEARDOWN">
<doc>Closes the current browser.</doc>
<status status="PASS" starttime="20260121 17:04:53.108" endtime="20260121 17:04:55.391"/>
</kw>
<status status="PASS" starttime="20260121 17:02:29.853" endtime="20260121 17:04:55.392"/>
</test>
<status status="PASS" starttime="20260121 17:02:29.361" endtime="20260121 17:04:55.393"/>
</suite>
<statistics>
<total>
<stat pass="1" fail="0" skip="0">All Tests</stat>
</total>
<tag>
</tag>
<suite>
<stat pass="1" fail="0" skip="0" id="s1" name="Treks Tours">Treks Tours</stat>
</suite>
</statistics>
<errors>
<msg timestamp="20260121 17:03:23.526" level="WARN">Keyword 'BuiltIn.Run Keyword Unless' is deprecated. </msg>
<msg timestamp="20260121 17:03:35.552" level="WARN">Keyword 'BuiltIn.Run Keyword Unless' is deprecated. </msg>
</errors>
</robot>
