<?xml version="1.0" encoding="UTF-8"?>
<robot generator="Robot 6.1.1 (Python 3.13.9 on win32)" generated="20260122 12:02:22.706" rpa="false" schemaversion="4">
<suite id="s1" name="Treks Tours" source="C:\Users\Swarup Dahal\PycharmProjects\trail-quest\tests\treks_tours.robot">
<test id="s1-t1" name="Treks and Tours Test" line="9">
<kw name="Open Homepage" library="home_page">
<kw name="Open Browser To Application" library="browser">
<kw name="Evaluate" library="BuiltIn">
<var>${chrome_options}</var>
<arg>selenium.webdriver.ChromeOptions()</arg>
<arg>modules=selenium.webdriver</arg>
<doc>Evaluates the given expression in Python and returns the result.</doc>
<msg timestamp="20260122 12:02:23.204" level="INFO">${chrome_options} = &lt;selenium.webdriver.chrome.options.Options object at 0x0000017BE495B620&gt;</msg>
<status status="PASS" starttime="20260122 12:02:23.204" endtime="20260122 12:02:23.204"/>
</kw>
<kw name="Create List" library="BuiltIn">
<var>${args}</var>
<arg>--window-size=1920,1080</arg>
<arg>--start-maximized</arg>
<arg>--no-sandbox</arg>
<arg>--disable-dev-shm-usage</arg>
<arg>--disable-gpu</arg>
<arg>--disable-software-rasterizer</arg>
<arg>--remote-debugging-port=9222</arg>
<arg>--disable-extensions</arg>
<arg>--disable-setuid-sandbox</arg>
<doc>Returns a list containing given items.</doc>
<msg timestamp="20260122 12:02:23.204" level="INFO">${args} = ['--window-size=1920,1080', '--start-maximized', '--no-sandbox', '--disable-dev-shm-usage', '--disable-gpu', '--disable-software-rasterizer', '--remote-debugging-port=9222', '--disable-extensions', '-...</msg>
<status status="PASS" starttime="20260122 12:02:23.204" endtime="20260122 12:02:23.205"/>
</kw>
<for flavor="IN">
<var>${arg}</var>
<value>@{args}</value>
<iter>
<var name="${arg}">--window-size=1920,1080</var>
<kw name="Call Method" library="BuiltIn">
<arg>${chrome_options}</arg>
<arg>add_argument</arg>
<arg>${arg}</arg>
<doc>Calls the named method of the given object with the provided arguments.</doc>
<status status="PASS" starttime="20260122 12:02:23.205" endtime="20260122 12:02:23.205"/>
</kw>
<status status="PASS" starttime="20260122 12:02:23.205" endtime="20260122 12:02:23.205"/>
</iter>
<iter>
<var name="${arg}">--start-maximized</var>
<kw name="Call Method" library="BuiltIn">
<arg>${chrome_options}</arg>
<arg>add_argument</arg>
<arg>${arg}</arg>
<doc>Calls the named method of the given object with the provided arguments.</doc>
<status status="PASS" starttime="20260122 12:02:23.205" endtime="20260122 12:02:23.206"/>
</kw>
<status status="PASS" starttime="20260122 12:02:23.205" endtime="20260122 12:02:23.206"/>
</iter>
<iter>
<var name="${arg}">--no-sandbox</var>
<kw name="Call Method" library="BuiltIn">
<arg>${chrome_options}</arg>
<arg>add_argument</arg>
<arg>${arg}</arg>
<doc>Calls the named method of the given object with the provided arguments.</doc>
<status status="PASS" starttime="20260122 12:02:23.206" endtime="20260122 12:02:23.206"/>
</kw>
<status status="PASS" starttime="20260122 12:02:23.206" endtime="20260122 12:02:23.206"/>
</iter>
<iter>
<var name="${arg}">--disable-dev-shm-usage</var>
<kw name="Call Method" library="BuiltIn">
<arg>${chrome_options}</arg>
<arg>add_argument</arg>
<arg>${arg}</arg>
<doc>Calls the named method of the given object with the provided arguments.</doc>
<status status="PASS" starttime="20260122 12:02:23.206" endtime="20260122 12:02:23.206"/>
</kw>
<status status="PASS" starttime="20260122 12:02:23.206" endtime="20260122 12:02:23.206"/>
</iter>
<iter>
<var name="${arg}">--disable-gpu</var>
<kw name="Call Method" library="BuiltIn">
<arg>${chrome_options}</arg>
<arg>add_argument</arg>
<arg>${arg}</arg>
<doc>Calls the named method of the given object with the provided arguments.</doc>
<status status="PASS" starttime="20260122 12:02:23.207" endtime="20260122 12:02:23.207"/>
</kw>
<status status="PASS" starttime="20260122 12:02:23.207" endtime="20260122 12:02:23.207"/>
</iter>
<iter>
<var name="${arg}">--disable-software-rasterizer</var>
<kw name="Call Method" library="BuiltIn">
<arg>${chrome_options}</arg>
<arg>add_argument</arg>
<arg>${arg}</arg>
<doc>Calls the named method of the given object with the provided arguments.</doc>
<status status="PASS" starttime="20260122 12:02:23.207" endtime="20260122 12:02:23.207"/>
</kw>
<status status="PASS" starttime="20260122 12:02:23.207" endtime="20260122 12:02:23.207"/>
</iter>
<iter>
<var name="${arg}">--remote-debugging-port=9222</var>
<kw name="Call Method" library="BuiltIn">
<arg>${chrome_options}</arg>
<arg>add_argument</arg>
<arg>${arg}</arg>
<doc>Calls the named method of the given object with the provided arguments.</doc>
<status status="PASS" starttime="20260122 12:02:23.208" endtime="20260122 12:02:23.208"/>
</kw>
<status status="PASS" starttime="20260122 12:02:23.208" endtime="20260122 12:02:23.208"/>
</iter>
<iter>
<var name="${arg}">--disable-extensions</var>
<kw name="Call Method" library="BuiltIn">
<arg>${chrome_options}</arg>
<arg>add_argument</arg>
<arg>${arg}</arg>
<doc>Calls the named method of the given object with the provided arguments.</doc>
<status status="PASS" starttime="20260122 12:02:23.208" endtime="20260122 12:02:23.208"/>
</kw>
<status status="PASS" starttime="20260122 12:02:23.208" endtime="20260122 12:02:23.208"/>
</iter>
<iter>
<var name="${arg}">--disable-setuid-sandbox</var>
<kw name="Call Method" library="BuiltIn">
<arg>${chrome_options}</arg>
<arg>add_argument</arg>
<arg>${arg}</arg>
<doc>Calls the named method of the given object with the provided arguments.</doc>
<status status="PASS" starttime="20260122 12:02:23.209" endtime="20260122 12:02:23.209"/>
</kw>
<status status="PASS" starttime="20260122 12:02:23.209" endtime="20260122 12:02:23.209"/>
</iter>
<status status="PASS" starttime="20260122 12:02:23.205" endtime="20260122 12:02:23.209"/>
</for>
<kw name="Open Browser" library="SeleniumLibrary">
<arg>${BASE_URL}</arg>
<arg>${BROWSER}</arg>
<arg>options=${chrome_options}</arg>
<doc>Opens a new browser instance to the optional ``url``.</doc>
<msg timestamp="20260122 12:02:23.210" level="INFO">Opening browser 'Chrome' to base url 'https://trailquest.global/'.</msg>
<status status="PASS" starttime="20260122 12:02:23.209" endtime="20260122 12:02:30.570"/>
</kw>
<status status="PASS" starttime="20260122 12:02:23.203" endtime="20260122 12:02:30.570"/>
</kw>
<kw name="Sleep" library="BuiltIn">
<arg>2s</arg>
<doc>Pauses the test executed for the given time.</doc>
<msg timestamp="20260122 12:02:32.571" level="INFO">Slept 2 seconds</msg>
<status status="PASS" starttime="20260122 12:02:30.570" endtime="20260122 12:02:32.571"/>
</kw>
<status status="PASS" starttime="20260122 12:02:23.203" endtime="20260122 12:02:32.571"/>
</kw>
<kw name="Test The Push Your Limit" library="treks_tours">
<kw name="Verify Logo Is Visible" library="home_page">
<kw name="Wait Until Element Is Visible" library="SeleniumLibrary">
<arg>${logo}</arg>
<doc>Waits until the element ``locator`` is visible.</doc>
<status status="PASS" starttime="20260122 12:02:32.572" endtime="20260122 12:02:32.603"/>
</kw>
<kw name="Sleep" library="BuiltIn">
<arg>2s</arg>
<doc>Pauses the test executed for the given time.</doc>
<msg timestamp="20260122 12:02:34.605" level="INFO">Slept 2 seconds</msg>
<status status="PASS" starttime="20260122 12:02:32.604" endtime="20260122 12:02:34.605"/>
</kw>
<status status="PASS" starttime="20260122 12:02:32.572" endtime="20260122 12:02:34.605"/>
</kw>
<kw name="Open Trek And Tours Menu" library="home_page">
<kw name="Wait And Click" library="keywords">
<arg>${trek_and_tours}</arg>
<kw name="Wait Until Element Is Visible" library="SeleniumLibrary">
<arg>${locator}</arg>
<arg>${timeout}</arg>
<doc>Waits until the element ``locator`` is visible.</doc>
<status status="PASS" starttime="20260122 12:02:34.606" endtime="20260122 12:02:34.628"/>
</kw>
<kw name="Wait Until Element Is Enabled" library="SeleniumLibrary">
<arg>${locator}</arg>
<arg>${timeout}</arg>
<doc>Waits until the element ``locator`` is enabled.</doc>
<status status="PASS" starttime="20260122 12:02:34.628" endtime="20260122 12:02:34.651"/>
</kw>
<kw name="Scroll Element Into View" library="SeleniumLibrary">
<arg>${locator}</arg>
<doc>Scrolls the element identified by ``locator`` into view.</doc>
<status status="PASS" starttime="20260122 12:02:34.651" endtime="20260122 12:02:34.934"/>
</kw>
<kw name="Run Keyword And Return Status" library="BuiltIn">
<var>${clicked}</var>
<arg>Click Element</arg>
<arg>${locator}</arg>
<doc>Runs the given keyword with given arguments and returns the status as a Boolean value.</doc>
<kw name="Click Element" library="SeleniumLibrary">
<arg>${locator}</arg>
<doc>Click the element identified by ``locator``.</doc>
<msg timestamp="20260122 12:02:34.935" level="INFO">Clicking element 'xpath=/html/body/div[1]/header/div[1]/div/div/div/div/div[2]/div[2]/ul/li[2]/a/i'.</msg>
<status status="PASS" starttime="20260122 12:02:34.935" endtime="20260122 12:02:35.014"/>
</kw>
<msg timestamp="20260122 12:02:35.014" level="INFO">${clicked} = True</msg>
<status status="PASS" starttime="20260122 12:02:34.934" endtime="20260122 12:02:35.014"/>
</kw>
<if>
<branch type="IF" condition="not ${clicked}">
<kw name="Log" library="BuiltIn">
<arg>Using JS click fallback for ${locator}</arg>
<doc>Logs the given message with the given level.</doc>
<status status="NOT RUN" starttime="20260122 12:02:35.015" endtime="20260122 12:02:35.015"/>
</kw>
<kw name="Execute Javascript" library="SeleniumLibrary">
<arg>arguments[0].click();</arg>
<arg>document.evaluate("${locator.replace('xpath=','')}", document, null, XPathResult.FIRST_ORDERED_NODE_TYPE, null).singleNodeValue</arg>
<doc>Executes the given JavaScript code with possible arguments.</doc>
<status status="NOT RUN" starttime="20260122 12:02:35.015" endtime="20260122 12:02:35.015"/>
</kw>
<status status="NOT RUN" starttime="20260122 12:02:35.014" endtime="20260122 12:02:35.015"/>
</branch>
<status status="PASS" starttime="20260122 12:02:35.014" endtime="20260122 12:02:35.015"/>
</if>
<status status="PASS" starttime="20260122 12:02:34.606" endtime="20260122 12:02:35.015"/>
</kw>
<kw name="Sleep" library="BuiltIn">
<arg>2s</arg>
<doc>Pauses the test executed for the given time.</doc>
<msg timestamp="20260122 12:02:37.016" level="INFO">Slept 2 seconds</msg>
<status status="PASS" starttime="20260122 12:02:35.015" endtime="20260122 12:02:37.016"/>
</kw>
<status status="PASS" starttime="20260122 12:02:34.605" endtime="20260122 12:02:37.016"/>
</kw>
<kw name="Click Push Your Limit" library="home_page">
<kw name="Wait And Click" library="keywords">
<arg>${push_your_limit}</arg>
<kw name="Wait Until Element Is Visible" library="SeleniumLibrary">
<arg>${locator}</arg>
<arg>${timeout}</arg>
<doc>Waits until the element ``locator`` is visible.</doc>
<status status="PASS" starttime="20260122 12:02:37.017" endtime="20260122 12:02:37.043"/>
</kw>
<kw name="Wait Until Element Is Enabled" library="SeleniumLibrary">
<arg>${locator}</arg>
<arg>${timeout}</arg>
<doc>Waits until the element ``locator`` is enabled.</doc>
<status status="PASS" starttime="20260122 12:02:37.043" endtime="20260122 12:02:37.063"/>
</kw>
<kw name="Scroll Element Into View" library="SeleniumLibrary">
<arg>${locator}</arg>
<doc>Scrolls the element identified by ``locator`` into view.</doc>
<status status="PASS" starttime="20260122 12:02:37.063" endtime="20260122 12:02:37.353"/>
</kw>
<kw name="Run Keyword And Return Status" library="BuiltIn">
<var>${clicked}</var>
<arg>Click Element</arg>
<arg>${locator}</arg>
<doc>Runs the given keyword with given arguments and returns the status as a Boolean value.</doc>
<kw name="Click Element" library="SeleniumLibrary">
<arg>${locator}</arg>
<doc>Click the element identified by ``locator``.</doc>
<msg timestamp="20260122 12:02:37.354" level="INFO">Clicking element 'xpath=/html/body/div[1]/header/div[1]/div/div/div/div/div[2]/div[2]/ul/li[2]/ul/li[2]/a'.</msg>
<status status="PASS" starttime="20260122 12:02:37.354" endtime="20260122 12:02:41.570"/>
</kw>
<msg timestamp="20260122 12:02:41.570" level="INFO">${clicked} = True</msg>
<status status="PASS" starttime="20260122 12:02:37.353" endtime="20260122 12:02:41.570"/>
</kw>
<if>
<branch type="IF" condition="not ${clicked}">
<kw name="Log" library="BuiltIn">
<arg>Using JS click fallback for ${locator}</arg>
<doc>Logs the given message with the given level.</doc>
<status status="NOT RUN" starttime="20260122 12:02:41.571" endtime="20260122 12:02:41.571"/>
</kw>
<kw name="Execute Javascript" library="SeleniumLibrary">
<arg>arguments[0].click();</arg>
<arg>document.evaluate("${locator.replace('xpath=','')}", document, null, XPathResult.FIRST_ORDERED_NODE_TYPE, null).singleNodeValue</arg>
<doc>Executes the given JavaScript code with possible arguments.</doc>
<status status="NOT RUN" starttime="20260122 12:02:41.571" endtime="20260122 12:02:41.571"/>
</kw>
<status status="NOT RUN" starttime="20260122 12:02:41.571" endtime="20260122 12:02:41.571"/>
</branch>
<status status="PASS" starttime="20260122 12:02:41.571" endtime="20260122 12:02:41.571"/>
</if>
<status status="PASS" starttime="20260122 12:02:37.016" endtime="20260122 12:02:41.571"/>
</kw>
<kw name="Sleep" library="BuiltIn">
<arg>2s</arg>
<doc>Pauses the test executed for the given time.</doc>
<msg timestamp="20260122 12:02:43.573" level="INFO">Slept 2 seconds</msg>
<status status="PASS" starttime="20260122 12:02:41.571" endtime="20260122 12:02:43.573"/>
</kw>
<status status="PASS" starttime="20260122 12:02:37.016" endtime="20260122 12:02:43.573"/>
</kw>
<kw name="Go Down to" library="treks_tours">
<kw name="Scroll Element Into View" library="SeleniumLibrary">
<arg>${header}</arg>
<doc>Scrolls the element identified by ``locator`` into view.</doc>
<status status="PASS" starttime="20260122 12:02:43.574" endtime="20260122 12:02:43.863"/>
</kw>
<kw name="Sleep" library="BuiltIn">
<arg>2s</arg>
<doc>Pauses the test executed for the given time.</doc>
<msg timestamp="20260122 12:02:45.864" level="INFO">Slept 2 seconds</msg>
<status status="PASS" starttime="20260122 12:02:43.864" endtime="20260122 12:02:45.864"/>
</kw>
<status status="PASS" starttime="20260122 12:02:43.573" endtime="20260122 12:02:45.864"/>
</kw>
<kw name="Click Easy" library="treks_tours">
<kw name="Wait And Click" library="keywords">
<arg>${easy}</arg>
<kw name="Wait Until Element Is Visible" library="SeleniumLibrary">
<arg>${locator}</arg>
<arg>${timeout}</arg>
<doc>Waits until the element ``locator`` is visible.</doc>
<status status="PASS" starttime="20260122 12:02:45.865" endtime="20260122 12:02:45.886"/>
</kw>
<kw name="Wait Until Element Is Enabled" library="SeleniumLibrary">
<arg>${locator}</arg>
<arg>${timeout}</arg>
<doc>Waits until the element ``locator`` is enabled.</doc>
<status status="PASS" starttime="20260122 12:02:45.886" endtime="20260122 12:02:45.905"/>
</kw>
<kw name="Scroll Element Into View" library="SeleniumLibrary">
<arg>${locator}</arg>
<doc>Scrolls the element identified by ``locator`` into view.</doc>
<status status="PASS" starttime="20260122 12:02:45.905" endtime="20260122 12:02:46.178"/>
</kw>
<kw name="Run Keyword And Return Status" library="BuiltIn">
<var>${clicked}</var>
<arg>Click Element</arg>
<arg>${locator}</arg>
<doc>Runs the given keyword with given arguments and returns the status as a Boolean value.</doc>
<kw name="Click Element" library="SeleniumLibrary">
<arg>${locator}</arg>
<doc>Click the element identified by ``locator``.</doc>
<msg timestamp="20260122 12:02:46.179" level="INFO">Clicking element 'xpath=/html/body/div[3]/section/div/div/ul/li[1]/h3'.</msg>
<status status="PASS" starttime="20260122 12:02:46.178" endtime="20260122 12:02:46.234"/>
</kw>
<msg timestamp="20260122 12:02:46.234" level="INFO">${clicked} = True</msg>
<status status="PASS" starttime="20260122 12:02:46.178" endtime="20260122 12:02:46.234"/>
</kw>
<if>
<branch type="IF" condition="not ${clicked}">
<kw name="Log" library="BuiltIn">
<arg>Using JS click fallback for ${locator}</arg>
<doc>Logs the given message with the given level.</doc>
<status status="NOT RUN" starttime="20260122 12:02:46.235" endtime="20260122 12:02:46.235"/>
</kw>
<kw name="Execute Javascript" library="SeleniumLibrary">
<arg>arguments[0].click();</arg>
<arg>document.evaluate("${locator.replace('xpath=','')}", document, null, XPathResult.FIRST_ORDERED_NODE_TYPE, null).singleNodeValue</arg>
<doc>Executes the given JavaScript code with possible arguments.</doc>
<status status="NOT RUN" starttime="20260122 12:02:46.235" endtime="20260122 12:02:46.235"/>
</kw>
<status status="NOT RUN" starttime="20260122 12:02:46.234" endtime="20260122 12:02:46.235"/>
</branch>
<status status="PASS" starttime="20260122 12:02:46.234" endtime="20260122 12:02:46.235"/>
</if>
<status status="PASS" starttime="20260122 12:02:45.865" endtime="20260122 12:02:46.235"/>
</kw>
<status status="PASS" starttime="20260122 12:02:45.864" endtime="20260122 12:02:46.235"/>
</kw>
<kw name="Click Everest Picture" library="treks_tours">
<kw name="Wait And Click" library="keywords">
<arg>${everest_picture}</arg>
<kw name="Wait Until Element Is Visible" library="SeleniumLibrary">
<arg>${locator}</arg>
<arg>${timeout}</arg>
<doc>Waits until the element ``locator`` is visible.</doc>
<status status="PASS" starttime="20260122 12:02:46.236" endtime="20260122 12:02:46.255"/>
</kw>
<kw name="Wait Until Element Is Enabled" library="SeleniumLibrary">
<arg>${locator}</arg>
<arg>${timeout}</arg>
<doc>Waits until the element ``locator`` is enabled.</doc>
<status status="PASS" starttime="20260122 12:02:46.255" endtime="20260122 12:02:46.273"/>
</kw>
<kw name="Scroll Element Into View" library="SeleniumLibrary">
<arg>${locator}</arg>
<doc>Scrolls the element identified by ``locator`` into view.</doc>
<status status="PASS" starttime="20260122 12:02:46.273" endtime="20260122 12:02:46.555"/>
</kw>
<kw name="Run Keyword And Return Status" library="BuiltIn">
<var>${clicked}</var>
<arg>Click Element</arg>
<arg>${locator}</arg>
<doc>Runs the given keyword with given arguments and returns the status as a Boolean value.</doc>
<kw name="Click Element" library="SeleniumLibrary">
<arg>${locator}</arg>
<doc>Click the element identified by ``locator``.</doc>
<msg timestamp="20260122 12:02:46.556" level="INFO">Clicking element 'xpath=/html/body/div[3]/section/div/div/div[3]/section/div/div/div/div[2]/div[1]'.</msg>
<status status="PASS" starttime="20260122 12:02:46.556" endtime="20260122 12:02:50.534"/>
</kw>
<msg timestamp="20260122 12:02:50.535" level="INFO">${clicked} = True</msg>
<status status="PASS" starttime="20260122 12:02:46.555" endtime="20260122 12:02:50.535"/>
</kw>
<if>
<branch type="IF" condition="not ${clicked}">
<kw name="Log" library="BuiltIn">
<arg>Using JS click fallback for ${locator}</arg>
<doc>Logs the given message with the given level.</doc>
<status status="NOT RUN" starttime="20260122 12:02:50.535" endtime="20260122 12:02:50.535"/>
</kw>
<kw name="Execute Javascript" library="SeleniumLibrary">
<arg>arguments[0].click();</arg>
<arg>document.evaluate("${locator.replace('xpath=','')}", document, null, XPathResult.FIRST_ORDERED_NODE_TYPE, null).singleNodeValue</arg>
<doc>Executes the given JavaScript code with possible arguments.</doc>
<status status="NOT RUN" starttime="20260122 12:02:50.535" endtime="20260122 12:02:50.535"/>
</kw>
<status status="NOT RUN" starttime="20260122 12:02:50.535" endtime="20260122 12:02:50.535"/>
</branch>
<status status="PASS" starttime="20260122 12:02:50.535" endtime="20260122 12:02:50.535"/>
</if>
<status status="PASS" starttime="20260122 12:02:46.236" endtime="20260122 12:02:50.535"/>
</kw>
<kw name="Wait Until Element Is Visible" library="SeleniumLibrary">
<arg>${everest_header}</arg>
<doc>Waits until the element ``locator`` is visible.</doc>
<status status="PASS" starttime="20260122 12:02:50.535" endtime="20260122 12:02:50.581"/>
</kw>
<status status="PASS" starttime="20260122 12:02:46.235" endtime="20260122 12:02:50.581"/>
</kw>
<kw name="Click All Everest Sticky Navbar Links" library="treks_tours">
<kw name="Scroll Element Into View" library="SeleniumLibrary">
<arg>${nav_bar}</arg>
<doc>Scrolls the element identified by ``locator`` into view.</doc>
<status status="PASS" starttime="20260122 12:02:50.581" endtime="20260122 12:02:50.892"/>
</kw>
<kw name="Get WebElement" library="SeleniumLibrary">
<var>${section}</var>
<arg>xpath=//*[@data-section='nav-intro']</arg>
<doc>Returns the first WebElement matching the given ``locator``.</doc>
<msg timestamp="20260122 12:02:50.904" level="INFO">${section} = &lt;selenium.webdriver.remote.webelement.WebElement (session="a5b4de77b0281417d7f29319acf671be", element="f.69C31143D5A4351718BC5E30B0FF0C56.d.4CF4828708EB8114B3AFEA3EF2FD579F.e.77")&gt;</msg>
<status status="PASS" starttime="20260122 12:02:50.892" endtime="20260122 12:02:50.905"/>
</kw>
<kw name="Get WebElements" library="SeleniumLibrary">
<var>${nav_links}</var>
<arg>xpath=//nav[contains(@class,'sticky-navbar')][1]//ul/li/a[contains(@class,'nav-link')]</arg>
<doc>Returns a list of WebElement objects matching the ``locator``.</doc>
<msg timestamp="20260122 12:02:50.919" level="INFO">${nav_links} = [&lt;selenium.webdriver.remote.webelement.WebElement (session="a5b4de77b0281417d7f29319acf671be", element="f.69C31143D5A4351718BC5E30B0FF0C56.d.4CF4828708EB8114B3AFEA3EF2FD579F.e.77")&gt;, &lt;selenium.webdriv...</msg>
<status status="PASS" starttime="20260122 12:02:50.905" endtime="20260122 12:02:50.919"/>
</kw>
<for flavor="IN">
<var>${link}</var>
<value>@{nav_links}</value>
<iter>
<var name="${link}">&lt;selenium.webdriver.remote.webelement.WebElement (session="a5b4de77b0281417d7f29319acf671be", element="f.69C31143D5A4351718BC5E30B0FF0C56.d.4CF4828708EB8114B3AFEA3EF2FD579F.e.77")&gt;</var>
<kw name="Get Text" library="SeleniumLibrary">
<var>${link_text}</var>
<arg>${link}</arg>
<doc>Returns the text value of the element identified by ``locator``.</doc>
<msg timestamp="20260122 12:02:50.938" level="INFO">${link_text} = Intro</msg>
<status status="PASS" starttime="20260122 12:02:50.920" endtime="20260122 12:02:50.938"/>
</kw>
<kw name="Log" library="BuiltIn">
<arg>Clicking navbar link: ${link_text}</arg>
<doc>Logs the given message with the given level.</doc>
<msg timestamp="20260122 12:02:50.938" level="INFO">Clicking navbar link: Intro</msg>
<status status="PASS" starttime="20260122 12:02:50.938" endtime="20260122 12:02:50.938"/>
</kw>
<kw name="Scroll Element Into View" library="SeleniumLibrary">
<arg>${link}</arg>
<doc>Scrolls the element identified by ``locator`` into view.</doc>
<status status="PASS" starttime="20260122 12:02:50.938" endtime="20260122 12:02:51.219"/>
</kw>
<kw name="Sleep" library="BuiltIn">
<arg>0.5s</arg>
<doc>Pauses the test executed for the given time.</doc>
<msg timestamp="20260122 12:02:51.719" level="INFO">Slept 500 milliseconds</msg>
<status status="PASS" starttime="20260122 12:02:51.219" endtime="20260122 12:02:51.719"/>
</kw>
<kw name="Click Element" library="SeleniumLibrary">
<arg>${link}</arg>
<doc>Click the element identified by ``locator``.</doc>
<msg timestamp="20260122 12:02:51.720" level="INFO">Clicking element '&lt;selenium.webdriver.remote.webelement.WebElement (session="a5b4de77b0281417d7f29319acf671be", element="f.69C31143D5A4351718BC5E30B0FF0C56.d.4CF4828708EB8114B3AFEA3EF2FD579F.e.77")&gt;'.</msg>
<status status="PASS" starttime="20260122 12:02:51.720" endtime="20260122 12:02:51.786"/>
</kw>
<kw name="Sleep" library="BuiltIn">
<arg>1s</arg>
<doc>Pauses the test executed for the given time.</doc>
<msg timestamp="20260122 12:02:52.787" level="INFO">Slept 1 second</msg>
<status status="PASS" starttime="20260122 12:02:51.786" endtime="20260122 12:02:52.787"/>
</kw>
<kw name="Capture Page Screenshot" library="SeleniumLibrary">
<doc>Takes a screenshot of the current page and embeds it into a log file.</doc>
<msg timestamp="20260122 12:02:52.943" level="INFO" html="true">&lt;/td&gt;&lt;/tr&gt;&lt;tr&gt;&lt;td colspan="3"&gt;&lt;a href="selenium-screenshot-783.png"&gt;&lt;img src="selenium-screenshot-783.png" width="800px"&gt;&lt;/a&gt;</msg>
<status status="PASS" starttime="20260122 12:02:52.787" endtime="20260122 12:02:52.943"/>
</kw>
<status status="PASS" starttime="20260122 12:02:50.919" endtime="20260122 12:02:52.943"/>
</iter>
<iter>
<var name="${link}">&lt;selenium.webdriver.remote.webelement.WebElement (session="a5b4de77b0281417d7f29319acf671be", element="f.69C31143D5A4351718BC5E30B0FF0C56.d.4CF4828708EB8114B3AFEA3EF2FD579F.e.78")&gt;</var>
<kw name="Get Text" library="SeleniumLibrary">
<var>${link_text}</var>
<arg>${link}</arg>
<doc>Returns the text value of the element identified by ``locator``.</doc>
<msg timestamp="20260122 12:02:52.953" level="INFO">${link_text} = KBYG</msg>
<status status="PASS" starttime="20260122 12:02:52.944" endtime="20260122 12:02:52.954"/>
</kw>
<kw name="Log" library="BuiltIn">
<arg>Clicking navbar link: ${link_text}</arg>
<doc>Logs the given message with the given level.</doc>
<msg timestamp="20260122 12:02:52.954" level="INFO">Clicking navbar link: KBYG</msg>
<status status="PASS" starttime="20260122 12:02:52.954" endtime="20260122 12:02:52.954"/>
</kw>
<kw name="Scroll Element Into View" library="SeleniumLibrary">
<arg>${link}</arg>
<doc>Scrolls the element identified by ``locator`` into view.</doc>
<status status="PASS" starttime="20260122 12:02:52.954" endtime="20260122 12:02:53.228"/>
</kw>
<kw name="Sleep" library="BuiltIn">
<arg>0.5s</arg>
<doc>Pauses the test executed for the given time.</doc>
<msg timestamp="20260122 12:02:53.729" level="INFO">Slept 500 milliseconds</msg>
<status status="PASS" starttime="20260122 12:02:53.228" endtime="20260122 12:02:53.729"/>
</kw>
<kw name="Click Element" library="SeleniumLibrary">
<arg>${link}</arg>
<doc>Click the element identified by ``locator``.</doc>
<msg timestamp="20260122 12:02:53.730" level="INFO">Clicking element '&lt;selenium.webdriver.remote.webelement.WebElement (session="a5b4de77b0281417d7f29319acf671be", element="f.69C31143D5A4351718BC5E30B0FF0C56.d.4CF4828708EB8114B3AFEA3EF2FD579F.e.78")&gt;'.</msg>
<status status="PASS" starttime="20260122 12:02:53.729" endtime="20260122 12:02:53.777"/>
</kw>
<kw name="Sleep" library="BuiltIn">
<arg>1s</arg>
<doc>Pauses the test executed for the given time.</doc>
<msg timestamp="20260122 12:02:54.778" level="INFO">Slept 1 second</msg>
<status status="PASS" starttime="20260122 12:02:53.777" endtime="20260122 12:02:54.778"/>
</kw>
<kw name="Capture Page Screenshot" library="SeleniumLibrary">
<doc>Takes a screenshot of the current page and embeds it into a log file.</doc>
<msg timestamp="20260122 12:02:54.926" level="INFO" html="true">&lt;/td&gt;&lt;/tr&gt;&lt;tr&gt;&lt;td colspan="3"&gt;&lt;a href="selenium-screenshot-784.png"&gt;&lt;img src="selenium-screenshot-784.png" width="800px"&gt;&lt;/a&gt;</msg>
<status status="PASS" starttime="20260122 12:02:54.779" endtime="20260122 12:02:54.926"/>
</kw>
<status status="PASS" starttime="20260122 12:02:52.943" endtime="20260122 12:02:54.926"/>
</iter>
<iter>
<var name="${link}">&lt;selenium.webdriver.remote.webelement.WebElement (session="a5b4de77b0281417d7f29319acf671be", element="f.69C31143D5A4351718BC5E30B0FF0C56.d.4CF4828708EB8114B3AFEA3EF2FD579F.e.79")&gt;</var>
<kw name="Get Text" library="SeleniumLibrary">
<var>${link_text}</var>
<arg>${link}</arg>
<doc>Returns the text value of the element identified by ``locator``.</doc>
<msg timestamp="20260122 12:02:54.935" level="INFO">${link_text} = Hightlights</msg>
<status status="PASS" starttime="20260122 12:02:54.926" endtime="20260122 12:02:54.935"/>
</kw>
<kw name="Log" library="BuiltIn">
<arg>Clicking navbar link: ${link_text}</arg>
<doc>Logs the given message with the given level.</doc>
<msg timestamp="20260122 12:02:54.935" level="INFO">Clicking navbar link: Hightlights</msg>
<status status="PASS" starttime="20260122 12:02:54.935" endtime="20260122 12:02:54.936"/>
</kw>
<kw name="Scroll Element Into View" library="SeleniumLibrary">
<arg>${link}</arg>
<doc>Scrolls the element identified by ``locator`` into view.</doc>
<status status="PASS" starttime="20260122 12:02:54.936" endtime="20260122 12:02:55.212"/>
</kw>
<kw name="Sleep" library="BuiltIn">
<arg>0.5s</arg>
<doc>Pauses the test executed for the given time.</doc>
<msg timestamp="20260122 12:02:55.713" level="INFO">Slept 500 milliseconds</msg>
<status status="PASS" starttime="20260122 12:02:55.212" endtime="20260122 12:02:55.713"/>
</kw>
<kw name="Click Element" library="SeleniumLibrary">
<arg>${link}</arg>
<doc>Click the element identified by ``locator``.</doc>
<msg timestamp="20260122 12:02:55.714" level="INFO">Clicking element '&lt;selenium.webdriver.remote.webelement.WebElement (session="a5b4de77b0281417d7f29319acf671be", element="f.69C31143D5A4351718BC5E30B0FF0C56.d.4CF4828708EB8114B3AFEA3EF2FD579F.e.79")&gt;'.</msg>
<status status="PASS" starttime="20260122 12:02:55.713" endtime="20260122 12:02:55.770"/>
</kw>
<kw name="Sleep" library="BuiltIn">
<arg>1s</arg>
<doc>Pauses the test executed for the given time.</doc>
<msg timestamp="20260122 12:02:56.771" level="INFO">Slept 1 second</msg>
<status status="PASS" starttime="20260122 12:02:55.770" endtime="20260122 12:02:56.771"/>
</kw>
<kw name="Capture Page Screenshot" library="SeleniumLibrary">
<doc>Takes a screenshot of the current page and embeds it into a log file.</doc>
<msg timestamp="20260122 12:02:56.928" level="INFO" html="true">&lt;/td&gt;&lt;/tr&gt;&lt;tr&gt;&lt;td colspan="3"&gt;&lt;a href="selenium-screenshot-785.png"&gt;&lt;img src="selenium-screenshot-785.png" width="800px"&gt;&lt;/a&gt;</msg>
<status status="PASS" starttime="20260122 12:02:56.771" endtime="20260122 12:02:56.928"/>
</kw>
<status status="PASS" starttime="20260122 12:02:54.926" endtime="20260122 12:02:56.928"/>
</iter>
<iter>
<var name="${link}">&lt;selenium.webdriver.remote.webelement.WebElement (session="a5b4de77b0281417d7f29319acf671be", element="f.69C31143D5A4351718BC5E30B0FF0C56.d.4CF4828708EB8114B3AFEA3EF2FD579F.e.80")&gt;</var>
<kw name="Get Text" library="SeleniumLibrary">
<var>${link_text}</var>
<arg>${link}</arg>
<doc>Returns the text value of the element identified by ``locator``.</doc>
<msg timestamp="20260122 12:02:56.938" level="INFO">${link_text} = Who For</msg>
<status status="PASS" starttime="20260122 12:02:56.929" endtime="20260122 12:02:56.938"/>
</kw>
<kw name="Log" library="BuiltIn">
<arg>Clicking navbar link: ${link_text}</arg>
<doc>Logs the given message with the given level.</doc>
<msg timestamp="20260122 12:02:56.938" level="INFO">Clicking navbar link: Who For</msg>
<status status="PASS" starttime="20260122 12:02:56.938" endtime="20260122 12:02:56.938"/>
</kw>
<kw name="Scroll Element Into View" library="SeleniumLibrary">
<arg>${link}</arg>
<doc>Scrolls the element identified by ``locator`` into view.</doc>
<status status="PASS" starttime="20260122 12:02:56.938" endtime="20260122 12:02:57.210"/>
</kw>
<kw name="Sleep" library="BuiltIn">
<arg>0.5s</arg>
<doc>Pauses the test executed for the given time.</doc>
<msg timestamp="20260122 12:02:57.711" level="INFO">Slept 500 milliseconds</msg>
<status status="PASS" starttime="20260122 12:02:57.210" endtime="20260122 12:02:57.711"/>
</kw>
<kw name="Click Element" library="SeleniumLibrary">
<arg>${link}</arg>
<doc>Click the element identified by ``locator``.</doc>
<msg timestamp="20260122 12:02:57.712" level="INFO">Clicking element '&lt;selenium.webdriver.remote.webelement.WebElement (session="a5b4de77b0281417d7f29319acf671be", element="f.69C31143D5A4351718BC5E30B0FF0C56.d.4CF4828708EB8114B3AFEA3EF2FD579F.e.80")&gt;'.</msg>
<status status="PASS" starttime="20260122 12:02:57.711" endtime="20260122 12:02:57.762"/>
</kw>
<kw name="Sleep" library="BuiltIn">
<arg>1s</arg>
<doc>Pauses the test executed for the given time.</doc>
<msg timestamp="20260122 12:02:58.763" level="INFO">Slept 1 second</msg>
<status status="PASS" starttime="20260122 12:02:57.762" endtime="20260122 12:02:58.763"/>
</kw>
<kw name="Capture Page Screenshot" library="SeleniumLibrary">
<doc>Takes a screenshot of the current page and embeds it into a log file.</doc>
<msg timestamp="20260122 12:02:58.912" level="INFO" html="true">&lt;/td&gt;&lt;/tr&gt;&lt;tr&gt;&lt;td colspan="3"&gt;&lt;a href="selenium-screenshot-786.png"&gt;&lt;img src="selenium-screenshot-786.png" width="800px"&gt;&lt;/a&gt;</msg>
<status status="PASS" starttime="20260122 12:02:58.764" endtime="20260122 12:02:58.912"/>
</kw>
<status status="PASS" starttime="20260122 12:02:56.929" endtime="20260122 12:02:58.912"/>
</iter>
<iter>
<var name="${link}">&lt;selenium.webdriver.remote.webelement.WebElement (session="a5b4de77b0281417d7f29319acf671be", element="f.69C31143D5A4351718BC5E30B0FF0C56.d.4CF4828708EB8114B3AFEA3EF2FD579F.e.81")&gt;</var>
<kw name="Get Text" library="SeleniumLibrary">
<var>${link_text}</var>
<arg>${link}</arg>
<doc>Returns the text value of the element identified by ``locator``.</doc>
<msg timestamp="20260122 12:02:58.922" level="INFO">${link_text} = Who Not For</msg>
<status status="PASS" starttime="20260122 12:02:58.913" endtime="20260122 12:02:58.922"/>
</kw>
<kw name="Log" library="BuiltIn">
<arg>Clicking navbar link: ${link_text}</arg>
<doc>Logs the given message with the given level.</doc>
<msg timestamp="20260122 12:02:58.922" level="INFO">Clicking navbar link: Who Not For</msg>
<status status="PASS" starttime="20260122 12:02:58.922" endtime="20260122 12:02:58.922"/>
</kw>
<kw name="Scroll Element Into View" library="SeleniumLibrary">
<arg>${link}</arg>
<doc>Scrolls the element identified by ``locator`` into view.</doc>
<status status="PASS" starttime="20260122 12:02:58.922" endtime="20260122 12:02:59.202"/>
</kw>
<kw name="Sleep" library="BuiltIn">
<arg>0.5s</arg>
<doc>Pauses the test executed for the given time.</doc>
<msg timestamp="20260122 12:02:59.703" level="INFO">Slept 500 milliseconds</msg>
<status status="PASS" starttime="20260122 12:02:59.202" endtime="20260122 12:02:59.703"/>
</kw>
<kw name="Click Element" library="SeleniumLibrary">
<arg>${link}</arg>
<doc>Click the element identified by ``locator``.</doc>
<msg timestamp="20260122 12:02:59.704" level="INFO">Clicking element '&lt;selenium.webdriver.remote.webelement.WebElement (session="a5b4de77b0281417d7f29319acf671be", element="f.69C31143D5A4351718BC5E30B0FF0C56.d.4CF4828708EB8114B3AFEA3EF2FD579F.e.81")&gt;'.</msg>
<status status="PASS" starttime="20260122 12:02:59.703" endtime="20260122 12:02:59.751"/>
</kw>
<kw name="Sleep" library="BuiltIn">
<arg>1s</arg>
<doc>Pauses the test executed for the given time.</doc>
<msg timestamp="20260122 12:03:00.752" level="INFO">Slept 1 second</msg>
<status status="PASS" starttime="20260122 12:02:59.752" endtime="20260122 12:03:00.752"/>
</kw>
<kw name="Capture Page Screenshot" library="SeleniumLibrary">
<doc>Takes a screenshot of the current page and embeds it into a log file.</doc>
<msg timestamp="20260122 12:03:00.903" level="INFO" html="true">&lt;/td&gt;&lt;/tr&gt;&lt;tr&gt;&lt;td colspan="3"&gt;&lt;a href="selenium-screenshot-787.png"&gt;&lt;img src="selenium-screenshot-787.png" width="800px"&gt;&lt;/a&gt;</msg>
<status status="PASS" starttime="20260122 12:03:00.752" endtime="20260122 12:03:00.904"/>
</kw>
<status status="PASS" starttime="20260122 12:02:58.912" endtime="20260122 12:03:00.904"/>
</iter>
<iter>
<var name="${link}">&lt;selenium.webdriver.remote.webelement.WebElement (session="a5b4de77b0281417d7f29319acf671be", element="f.69C31143D5A4351718BC5E30B0FF0C56.d.4CF4828708EB8114B3AFEA3EF2FD579F.e.82")&gt;</var>
<kw name="Get Text" library="SeleniumLibrary">
<var>${link_text}</var>
<arg>${link}</arg>
<doc>Returns the text value of the element identified by ``locator``.</doc>
<msg timestamp="20260122 12:03:00.913" level="INFO">${link_text} = Itinerary</msg>
<status status="PASS" starttime="20260122 12:03:00.904" endtime="20260122 12:03:00.913"/>
</kw>
<kw name="Log" library="BuiltIn">
<arg>Clicking navbar link: ${link_text}</arg>
<doc>Logs the given message with the given level.</doc>
<msg timestamp="20260122 12:03:00.913" level="INFO">Clicking navbar link: Itinerary</msg>
<status status="PASS" starttime="20260122 12:03:00.913" endtime="20260122 12:03:00.913"/>
</kw>
<kw name="Scroll Element Into View" library="SeleniumLibrary">
<arg>${link}</arg>
<doc>Scrolls the element identified by ``locator`` into view.</doc>
<status status="PASS" starttime="20260122 12:03:00.914" endtime="20260122 12:03:01.176"/>
</kw>
<kw name="Sleep" library="BuiltIn">
<arg>0.5s</arg>
<doc>Pauses the test executed for the given time.</doc>
<msg timestamp="20260122 12:03:01.677" level="INFO">Slept 500 milliseconds</msg>
<status status="PASS" starttime="20260122 12:03:01.176" endtime="20260122 12:03:01.677"/>
</kw>
<kw name="Click Element" library="SeleniumLibrary">
<arg>${link}</arg>
<doc>Click the element identified by ``locator``.</doc>
<msg timestamp="20260122 12:03:01.678" level="INFO">Clicking element '&lt;selenium.webdriver.remote.webelement.WebElement (session="a5b4de77b0281417d7f29319acf671be", element="f.69C31143D5A4351718BC5E30B0FF0C56.d.4CF4828708EB8114B3AFEA3EF2FD579F.e.82")&gt;'.</msg>
<status status="PASS" starttime="20260122 12:03:01.677" endtime="20260122 12:03:01.725"/>
</kw>
<kw name="Sleep" library="BuiltIn">
<arg>1s</arg>
<doc>Pauses the test executed for the given time.</doc>
<msg timestamp="20260122 12:03:02.726" level="INFO">Slept 1 second</msg>
<status status="PASS" starttime="20260122 12:03:01.725" endtime="20260122 12:03:02.726"/>
</kw>
<kw name="Capture Page Screenshot" library="SeleniumLibrary">
<doc>Takes a screenshot of the current page and embeds it into a log file.</doc>
<msg timestamp="20260122 12:03:02.979" level="INFO" html="true">&lt;/td&gt;&lt;/tr&gt;&lt;tr&gt;&lt;td colspan="3"&gt;&lt;a href="selenium-screenshot-788.png"&gt;&lt;img src="selenium-screenshot-788.png" width="800px"&gt;&lt;/a&gt;</msg>
<status status="PASS" starttime="20260122 12:03:02.726" endtime="20260122 12:03:02.979"/>
</kw>
<status status="PASS" starttime="20260122 12:03:00.904" endtime="20260122 12:03:02.979"/>
</iter>
<iter>
<var name="${link}">&lt;selenium.webdriver.remote.webelement.WebElement (session="a5b4de77b0281417d7f29319acf671be", element="f.69C31143D5A4351718BC5E30B0FF0C56.d.4CF4828708EB8114B3AFEA3EF2FD579F.e.83")&gt;</var>
<kw name="Get Text" library="SeleniumLibrary">
<var>${link_text}</var>
<arg>${link}</arg>
<doc>Returns the text value of the element identified by ``locator``.</doc>
<msg timestamp="20260122 12:03:02.990" level="INFO">${link_text} = Includes/Excludes</msg>
<status status="PASS" starttime="20260122 12:03:02.980" endtime="20260122 12:03:02.990"/>
</kw>
<kw name="Log" library="BuiltIn">
<arg>Clicking navbar link: ${link_text}</arg>
<doc>Logs the given message with the given level.</doc>
<msg timestamp="20260122 12:03:02.990" level="INFO">Clicking navbar link: Includes/Excludes</msg>
<status status="PASS" starttime="20260122 12:03:02.990" endtime="20260122 12:03:02.990"/>
</kw>
<kw name="Scroll Element Into View" library="SeleniumLibrary">
<arg>${link}</arg>
<doc>Scrolls the element identified by ``locator`` into view.</doc>
<status status="PASS" starttime="20260122 12:03:02.990" endtime="20260122 12:03:03.261"/>
</kw>
<kw name="Sleep" library="BuiltIn">
<arg>0.5s</arg>
<doc>Pauses the test executed for the given time.</doc>
<msg timestamp="20260122 12:03:03.762" level="INFO">Slept 500 milliseconds</msg>
<status status="PASS" starttime="20260122 12:03:03.261" endtime="20260122 12:03:03.762"/>
</kw>
<kw name="Click Element" library="SeleniumLibrary">
<arg>${link}</arg>
<doc>Click the element identified by ``locator``.</doc>
<msg timestamp="20260122 12:03:03.763" level="INFO">Clicking element '&lt;selenium.webdriver.remote.webelement.WebElement (session="a5b4de77b0281417d7f29319acf671be", element="f.69C31143D5A4351718BC5E30B0FF0C56.d.4CF4828708EB8114B3AFEA3EF2FD579F.e.83")&gt;'.</msg>
<status status="PASS" starttime="20260122 12:03:03.762" endtime="20260122 12:03:03.810"/>
</kw>
<kw name="Sleep" library="BuiltIn">
<arg>1s</arg>
<doc>Pauses the test executed for the given time.</doc>
<msg timestamp="20260122 12:03:04.811" level="INFO">Slept 1 second</msg>
<status status="PASS" starttime="20260122 12:03:03.810" endtime="20260122 12:03:04.811"/>
</kw>
<kw name="Capture Page Screenshot" library="SeleniumLibrary">
<doc>Takes a screenshot of the current page and embeds it into a log file.</doc>
<msg timestamp="20260122 12:03:04.957" level="INFO" html="true">&lt;/td&gt;&lt;/tr&gt;&lt;tr&gt;&lt;td colspan="3"&gt;&lt;a href="selenium-screenshot-789.png"&gt;&lt;img src="selenium-screenshot-789.png" width="800px"&gt;&lt;/a&gt;</msg>
<status status="PASS" starttime="20260122 12:03:04.812" endtime="20260122 12:03:04.957"/>
</kw>
<status status="PASS" starttime="20260122 12:03:02.980" endtime="20260122 12:03:04.957"/>
</iter>
<iter>
<var name="${link}">&lt;selenium.webdriver.remote.webelement.WebElement (session="a5b4de77b0281417d7f29319acf671be", element="f.69C31143D5A4351718BC5E30B0FF0C56.d.4CF4828708EB8114B3AFEA3EF2FD579F.e.84")&gt;</var>
<kw name="Get Text" library="SeleniumLibrary">
<var>${link_text}</var>
<arg>${link}</arg>
<doc>Returns the text value of the element identified by ``locator``.</doc>
<msg timestamp="20260122 12:03:04.966" level="INFO">${link_text} = Imp Info</msg>
<status status="PASS" starttime="20260122 12:03:04.957" endtime="20260122 12:03:04.966"/>
</kw>
<kw name="Log" library="BuiltIn">
<arg>Clicking navbar link: ${link_text}</arg>
<doc>Logs the given message with the given level.</doc>
<msg timestamp="20260122 12:03:04.967" level="INFO">Clicking navbar link: Imp Info</msg>
<status status="PASS" starttime="20260122 12:03:04.967" endtime="20260122 12:03:04.967"/>
</kw>
<kw name="Scroll Element Into View" library="SeleniumLibrary">
<arg>${link}</arg>
<doc>Scrolls the element identified by ``locator`` into view.</doc>
<status status="PASS" starttime="20260122 12:03:04.967" endtime="20260122 12:03:05.242"/>
</kw>
<kw name="Sleep" library="BuiltIn">
<arg>0.5s</arg>
<doc>Pauses the test executed for the given time.</doc>
<msg timestamp="20260122 12:03:05.742" level="INFO">Slept 500 milliseconds</msg>
<status status="PASS" starttime="20260122 12:03:05.242" endtime="20260122 12:03:05.743"/>
</kw>
<kw name="Click Element" library="SeleniumLibrary">
<arg>${link}</arg>
<doc>Click the element identified by ``locator``.</doc>
<msg timestamp="20260122 12:03:05.743" level="INFO">Clicking element '&lt;selenium.webdriver.remote.webelement.WebElement (session="a5b4de77b0281417d7f29319acf671be", element="f.69C31143D5A4351718BC5E30B0FF0C56.d.4CF4828708EB8114B3AFEA3EF2FD579F.e.84")&gt;'.</msg>
<status status="PASS" starttime="20260122 12:03:05.743" endtime="20260122 12:03:05.785"/>
</kw>
<kw name="Sleep" library="BuiltIn">
<arg>1s</arg>
<doc>Pauses the test executed for the given time.</doc>
<msg timestamp="20260122 12:03:06.786" level="INFO">Slept 1 second</msg>
<status status="PASS" starttime="20260122 12:03:05.786" endtime="20260122 12:03:06.786"/>
</kw>
<kw name="Capture Page Screenshot" library="SeleniumLibrary">
<doc>Takes a screenshot of the current page and embeds it into a log file.</doc>
<msg timestamp="20260122 12:03:06.935" level="INFO" html="true">&lt;/td&gt;&lt;/tr&gt;&lt;tr&gt;&lt;td colspan="3"&gt;&lt;a href="selenium-screenshot-790.png"&gt;&lt;img src="selenium-screenshot-790.png" width="800px"&gt;&lt;/a&gt;</msg>
<status status="PASS" starttime="20260122 12:03:06.786" endtime="20260122 12:03:06.935"/>
</kw>
<status status="PASS" starttime="20260122 12:03:04.957" endtime="20260122 12:03:06.935"/>
</iter>
<iter>
<var name="${link}">&lt;selenium.webdriver.remote.webelement.WebElement (session="a5b4de77b0281417d7f29319acf671be", element="f.69C31143D5A4351718BC5E30B0FF0C56.d.4CF4828708EB8114B3AFEA3EF2FD579F.e.85")&gt;</var>
<kw name="Get Text" library="SeleniumLibrary">
<var>${link_text}</var>
<arg>${link}</arg>
<doc>Returns the text value of the element identified by ``locator``.</doc>
<msg timestamp="20260122 12:03:06.944" level="INFO">${link_text} = FAQS</msg>
<status status="PASS" starttime="20260122 12:03:06.935" endtime="20260122 12:03:06.944"/>
</kw>
<kw name="Log" library="BuiltIn">
<arg>Clicking navbar link: ${link_text}</arg>
<doc>Logs the given message with the given level.</doc>
<msg timestamp="20260122 12:03:06.945" level="INFO">Clicking navbar link: FAQS</msg>
<status status="PASS" starttime="20260122 12:03:06.944" endtime="20260122 12:03:06.945"/>
</kw>
<kw name="Scroll Element Into View" library="SeleniumLibrary">
<arg>${link}</arg>
<doc>Scrolls the element identified by ``locator`` into view.</doc>
<status status="PASS" starttime="20260122 12:03:06.945" endtime="20260122 12:03:07.218"/>
</kw>
<kw name="Sleep" library="BuiltIn">
<arg>0.5s</arg>
<doc>Pauses the test executed for the given time.</doc>
<msg timestamp="20260122 12:03:07.718" level="INFO">Slept 500 milliseconds</msg>
<status status="PASS" starttime="20260122 12:03:07.218" endtime="20260122 12:03:07.718"/>
</kw>
<kw name="Click Element" library="SeleniumLibrary">
<arg>${link}</arg>
<doc>Click the element identified by ``locator``.</doc>
<msg timestamp="20260122 12:03:07.719" level="INFO">Clicking element '&lt;selenium.webdriver.remote.webelement.WebElement (session="a5b4de77b0281417d7f29319acf671be", element="f.69C31143D5A4351718BC5E30B0FF0C56.d.4CF4828708EB8114B3AFEA3EF2FD579F.e.85")&gt;'.</msg>
<status status="PASS" starttime="20260122 12:03:07.718" endtime="20260122 12:03:07.766"/>
</kw>
<kw name="Sleep" library="BuiltIn">
<arg>1s</arg>
<doc>Pauses the test executed for the given time.</doc>
<msg timestamp="20260122 12:03:08.767" level="INFO">Slept 1 second</msg>
<status status="PASS" starttime="20260122 12:03:07.766" endtime="20260122 12:03:08.767"/>
</kw>
<kw name="Capture Page Screenshot" library="SeleniumLibrary">
<doc>Takes a screenshot of the current page and embeds it into a log file.</doc>
<msg timestamp="20260122 12:03:08.937" level="INFO" html="true">&lt;/td&gt;&lt;/tr&gt;&lt;tr&gt;&lt;td colspan="3"&gt;&lt;a href="selenium-screenshot-791.png"&gt;&lt;img src="selenium-screenshot-791.png" width="800px"&gt;&lt;/a&gt;</msg>
<status status="PASS" starttime="20260122 12:03:08.767" endtime="20260122 12:03:08.937"/>
</kw>
<status status="PASS" starttime="20260122 12:03:06.935" endtime="20260122 12:03:08.937"/>
</iter>
<status status="PASS" starttime="20260122 12:02:50.919" endtime="20260122 12:03:08.937"/>
</for>
<status status="PASS" starttime="20260122 12:02:50.581" endtime="20260122 12:03:08.937"/>
</kw>
<kw name="Scroll Element Into View" library="SeleniumLibrary">
<arg>${share}</arg>
<doc>Scrolls the element identified by ``locator`` into view.</doc>
<status status="PASS" starttime="20260122 12:03:08.937" endtime="20260122 12:03:09.226"/>
</kw>
<kw name="Sleep" library="BuiltIn">
<arg>1s</arg>
<doc>Pauses the test executed for the given time.</doc>
<msg timestamp="20260122 12:03:10.227" level="INFO">Slept 1 second</msg>
<status status="PASS" starttime="20260122 12:03:09.226" endtime="20260122 12:03:10.227"/>
</kw>
<kw name="Wait And Click" library="keywords">
<arg>${share}</arg>
<kw name="Wait Until Element Is Visible" library="SeleniumLibrary">
<arg>${locator}</arg>
<arg>${timeout}</arg>
<doc>Waits until the element ``locator`` is visible.</doc>
<status status="PASS" starttime="20260122 12:03:10.228" endtime="20260122 12:03:10.244"/>
</kw>
<kw name="Wait Until Element Is Enabled" library="SeleniumLibrary">
<arg>${locator}</arg>
<arg>${timeout}</arg>
<doc>Waits until the element ``locator`` is enabled.</doc>
<status status="PASS" starttime="20260122 12:03:10.244" endtime="20260122 12:03:10.263"/>
</kw>
<kw name="Scroll Element Into View" library="SeleniumLibrary">
<arg>${locator}</arg>
<doc>Scrolls the element identified by ``locator`` into view.</doc>
<status status="PASS" starttime="20260122 12:03:10.263" endtime="20260122 12:03:10.545"/>
</kw>
<kw name="Run Keyword And Return Status" library="BuiltIn">
<var>${clicked}</var>
<arg>Click Element</arg>
<arg>${locator}</arg>
<doc>Runs the given keyword with given arguments and returns the status as a Boolean value.</doc>
<kw name="Click Element" library="SeleniumLibrary">
<arg>${locator}</arg>
<doc>Click the element identified by ``locator``.</doc>
<msg timestamp="20260122 12:03:10.547" level="INFO">Clicking element 'xpath=//*[@id="dropdownMenuShare"]'.</msg>
<status status="PASS" starttime="20260122 12:03:10.546" endtime="20260122 12:03:10.636"/>
</kw>
<msg timestamp="20260122 12:03:10.637" level="INFO">${clicked} = True</msg>
<status status="PASS" starttime="20260122 12:03:10.545" endtime="20260122 12:03:10.637"/>
</kw>
<if>
<branch type="IF" condition="not ${clicked}">
<kw name="Log" library="BuiltIn">
<arg>Using JS click fallback for ${locator}</arg>
<doc>Logs the given message with the given level.</doc>
<status status="NOT RUN" starttime="20260122 12:03:10.638" endtime="20260122 12:03:10.638"/>
</kw>
<kw name="Execute Javascript" library="SeleniumLibrary">
<arg>arguments[0].click();</arg>
<arg>document.evaluate("${locator.replace('xpath=','')}", document, null, XPathResult.FIRST_ORDERED_NODE_TYPE, null).singleNodeValue</arg>
<doc>Executes the given JavaScript code with possible arguments.</doc>
<status status="NOT RUN" starttime="20260122 12:03:10.638" endtime="20260122 12:03:10.638"/>
</kw>
<status status="NOT RUN" starttime="20260122 12:03:10.637" endtime="20260122 12:03:10.638"/>
</branch>
<status status="PASS" starttime="20260122 12:03:10.637" endtime="20260122 12:03:10.638"/>
</if>
<status status="PASS" starttime="20260122 12:03:10.227" endtime="20260122 12:03:10.639"/>
</kw>
<kw name="Sleep" library="BuiltIn">
<arg>2s</arg>
<doc>Pauses the test executed for the given time.</doc>
<msg timestamp="20260122 12:03:12.640" level="INFO">Slept 2 seconds</msg>
<status status="PASS" starttime="20260122 12:03:10.639" endtime="20260122 12:03:12.640"/>
</kw>
<kw name="Wait Until Element Is Visible" library="SeleniumLibrary">
<arg>${facebook}</arg>
<doc>Waits until the element ``locator`` is visible.</doc>
<status status="PASS" starttime="20260122 12:03:12.640" endtime="20260122 12:03:12.661"/>
</kw>
<kw name="Sleep" library="BuiltIn">
<arg>1s</arg>
<doc>Pauses the test executed for the given time.</doc>
<msg timestamp="20260122 12:03:13.661" level="INFO">Slept 1 second</msg>
<status status="PASS" starttime="20260122 12:03:12.661" endtime="20260122 12:03:13.662"/>
</kw>
<kw name="Handle Share Button Click" library="treks_tours">
<var>${main}</var>
<arg>${facebook}</arg>
<doc>Clicks share button and switches to new window/tab</doc>
<kw name="Get Window Handles" library="SeleniumLibrary">
<var>${main_window}</var>
<doc>Returns all child window handles of the selected browser as a list.</doc>
<msg timestamp="20260122 12:03:13.664" level="INFO">${main_window} = ['69C31143D5A4351718BC5E30B0FF0C56']</msg>
<status status="PASS" starttime="20260122 12:03:13.662" endtime="20260122 12:03:13.664"/>
</kw>
<kw name="Get From List" library="Collections">
<var>${main_window}</var>
<arg>${main_window}</arg>
<arg>0</arg>
<doc>Returns the value specified with an ``index`` from ``list``.</doc>
<msg timestamp="20260122 12:03:13.665" level="INFO">${main_window} = 69C31143D5A4351718BC5E30B0FF0C56</msg>
<status status="PASS" starttime="20260122 12:03:13.664" endtime="20260122 12:03:13.665"/>
</kw>
<kw name="Scroll Element Into View" library="SeleniumLibrary">
<arg>${share_button_locator}</arg>
<doc>Scrolls the element identified by ``locator`` into view.</doc>
<status status="PASS" starttime="20260122 12:03:13.665" endtime="20260122 12:03:13.952"/>
</kw>
<kw name="Sleep" library="BuiltIn">
<arg>1s</arg>
<doc>Pauses the test executed for the given time.</doc>
<msg timestamp="20260122 12:03:14.953" level="INFO">Slept 1 second</msg>
<status status="PASS" starttime="20260122 12:03:13.953" endtime="20260122 12:03:14.953"/>
</kw>
<kw name="Wait Until Element Is Visible" library="SeleniumLibrary">
<arg>${share_button_locator}</arg>
<arg>timeout=10s</arg>
<doc>Waits until the element ``locator`` is visible.</doc>
<status status="PASS" starttime="20260122 12:03:14.953" endtime="20260122 12:03:14.968"/>
</kw>
<kw name="Run Keyword And Return Status" library="BuiltIn">
<var>${status}</var>
<arg>Click Element</arg>
<arg>${share_button_locator}</arg>
<doc>Runs the given keyword with given arguments and returns the status as a Boolean value.</doc>
<kw name="Click Element" library="SeleniumLibrary">
<arg>${share_button_locator}</arg>
<doc>Click the element identified by ``locator``.</doc>
<msg timestamp="20260122 12:03:14.969" level="INFO">Clicking element 'xpath=/html/body/div[3]/div[1]/section[1]/div/div[1]/div[2]/div/div[1]/div/div/a[1]'.</msg>
<status status="PASS" starttime="20260122 12:03:14.969" endtime="20260122 12:03:15.065"/>
</kw>
<msg timestamp="20260122 12:03:15.065" level="INFO">${status} = True</msg>
<status status="PASS" starttime="20260122 12:03:14.969" endtime="20260122 12:03:15.065"/>
</kw>
<kw name="Run Keyword Unless" library="BuiltIn">
<arg>${status}</arg>
<arg>Click Element Using JavaScript</arg>
<arg>${share_button_locator}</arg>
<doc>*DEPRECATED since RF 5.0. Use Native IF/ELSE or `Run Keyword If` instead.*</doc>
<msg timestamp="20260122 12:03:15.065" level="WARN">Keyword 'BuiltIn.Run Keyword Unless' is deprecated. </msg>
<status status="PASS" starttime="20260122 12:03:15.065" endtime="20260122 12:03:15.066"/>
</kw>
<kw name="Sleep" library="BuiltIn">
<arg>3s</arg>
<doc>Pauses the test executed for the given time.</doc>
<msg timestamp="20260122 12:03:18.067" level="INFO">Slept 3 seconds</msg>
<status status="PASS" starttime="20260122 12:03:15.066" endtime="20260122 12:03:18.067"/>
</kw>
<kw name="Get Window Handles" library="SeleniumLibrary">
<var>${all_windows}</var>
<doc>Returns all child window handles of the selected browser as a list.</doc>
<msg timestamp="20260122 12:03:18.072" level="INFO">${all_windows} = ['69C31143D5A4351718BC5E30B0FF0C56', '0A726E615DED4241864CCF7D0F195768']</msg>
<status status="PASS" starttime="20260122 12:03:18.067" endtime="20260122 12:03:18.072"/>
</kw>
<kw name="Get Length" library="BuiltIn">
<var>${window_count}</var>
<arg>${all_windows}</arg>
<doc>Returns and logs the length of the given item as an integer.</doc>
<msg timestamp="20260122 12:03:18.072" level="INFO">Length is 2</msg>
<msg timestamp="20260122 12:03:18.072" level="INFO">${window_count} = 2</msg>
<status status="PASS" starttime="20260122 12:03:18.072" endtime="20260122 12:03:18.072"/>
</kw>
<kw name="Run Keyword If" library="BuiltIn">
<arg>${window_count} &gt; 1</arg>
<arg>Switch To New Window</arg>
<arg>${all_windows}</arg>
<doc>Runs the given keyword with the given arguments, if ``condition`` is true.</doc>
<kw name="Switch To New Window" library="treks_tours">
<arg>${all_windows}</arg>
<doc>Switches to the newest window</doc>
<kw name="Get From List" library="Collections">
<var>${new_window}</var>
<arg>${all_windows}</arg>
<arg>-1</arg>
<doc>Returns the value specified with an ``index`` from ``list``.</doc>
<msg timestamp="20260122 12:03:18.073" level="INFO">${new_window} = 0A726E615DED4241864CCF7D0F195768</msg>
<status status="PASS" starttime="20260122 12:03:18.073" endtime="20260122 12:03:18.074"/>
</kw>
<kw name="Switch Window" library="SeleniumLibrary">
<arg>${new_window}</arg>
<doc>Switches to browser window matching ``locator``.</doc>
<status status="PASS" starttime="20260122 12:03:18.074" endtime="20260122 12:03:18.165"/>
</kw>
<kw name="Log" library="BuiltIn">
<arg>Switched to new window</arg>
<doc>Logs the given message with the given level.</doc>
<msg timestamp="20260122 12:03:18.165" level="INFO">Switched to new window</msg>
<status status="PASS" starttime="20260122 12:03:18.165" endtime="20260122 12:03:18.165"/>
</kw>
<status status="PASS" starttime="20260122 12:03:18.073" endtime="20260122 12:03:18.165"/>
</kw>
<status status="PASS" starttime="20260122 12:03:18.072" endtime="20260122 12:03:18.165"/>
</kw>
<msg timestamp="20260122 12:03:18.165" level="INFO">${main} = 69C31143D5A4351718BC5E30B0FF0C56</msg>
<status status="PASS" starttime="20260122 12:03:13.662" endtime="20260122 12:03:18.165"/>
</kw>
<kw name="Sleep" library="BuiltIn">
<arg>3s</arg>
<doc>Pauses the test executed for the given time.</doc>
<msg timestamp="20260122 12:03:21.167" level="INFO">Slept 3 seconds</msg>
<status status="PASS" starttime="20260122 12:03:18.165" endtime="20260122 12:03:21.167"/>
</kw>
<kw name="Capture Page Screenshot" library="SeleniumLibrary">
<arg>facebook_popup.png</arg>
<doc>Takes a screenshot of the current page and embeds it into a log file.</doc>
<msg timestamp="20260122 12:03:21.245" level="INFO" html="true">&lt;/td&gt;&lt;/tr&gt;&lt;tr&gt;&lt;td colspan="3"&gt;&lt;a href="facebook_popup.png"&gt;&lt;img src="facebook_popup.png" width="800px"&gt;&lt;/a&gt;</msg>
<status status="PASS" starttime="20260122 12:03:21.167" endtime="20260122 12:03:21.245"/>
</kw>
<kw name="Close Share Window And Return" library="treks_tours">
<arg>${main}</arg>
<doc>Closes current window and returns to main</doc>
<kw name="Get Window Handles" library="SeleniumLibrary">
<var>${all_windows}</var>
<doc>Returns all child window handles of the selected browser as a list.</doc>
<msg timestamp="20260122 12:03:21.247" level="INFO">${all_windows} = ['69C31143D5A4351718BC5E30B0FF0C56', '0A726E615DED4241864CCF7D0F195768']</msg>
<status status="PASS" starttime="20260122 12:03:21.245" endtime="20260122 12:03:21.247"/>
</kw>
<kw name="Get Length" library="BuiltIn">
<var>${window_count}</var>
<arg>${all_windows}</arg>
<doc>Returns and logs the length of the given item as an integer.</doc>
<msg timestamp="20260122 12:03:21.248" level="INFO">Length is 2</msg>
<msg timestamp="20260122 12:03:21.248" level="INFO">${window_count} = 2</msg>
<status status="PASS" starttime="20260122 12:03:21.247" endtime="20260122 12:03:21.248"/>
</kw>
<kw name="Run Keyword If" library="BuiltIn">
<arg>${window_count} &gt; 1</arg>
<arg>Close Window</arg>
<doc>Runs the given keyword with the given arguments, if ``condition`` is true.</doc>
<kw name="Close Window" library="SeleniumLibrary">
<doc>Closes currently opened and selected browser window/tab.</doc>
<status status="PASS" starttime="20260122 12:03:21.248" endtime="20260122 12:03:21.308"/>
</kw>
<status status="PASS" starttime="20260122 12:03:21.248" endtime="20260122 12:03:21.308"/>
</kw>
<kw name="Switch Window" library="SeleniumLibrary">
<arg>${main_window}</arg>
<doc>Switches to browser window matching ``locator``.</doc>
<status status="PASS" starttime="20260122 12:03:21.308" endtime="20260122 12:03:21.313"/>
</kw>
<kw name="Log" library="BuiltIn">
<arg>Returned to main window</arg>
<doc>Logs the given message with the given level.</doc>
<msg timestamp="20260122 12:03:21.313" level="INFO">Returned to main window</msg>
<status status="PASS" starttime="20260122 12:03:21.313" endtime="20260122 12:03:21.313"/>
</kw>
<status status="PASS" starttime="20260122 12:03:21.245" endtime="20260122 12:03:21.313"/>
</kw>
<kw name="Log" library="BuiltIn">
<arg>Facebook share tested successfully</arg>
<doc>Logs the given message with the given level.</doc>
<msg timestamp="20260122 12:03:21.313" level="INFO">Facebook share tested successfully</msg>
<status status="PASS" starttime="20260122 12:03:21.313" endtime="20260122 12:03:21.314"/>
</kw>
<kw name="Scroll Element Into View" library="SeleniumLibrary">
<arg>${share}</arg>
<doc>Scrolls the element identified by ``locator`` into view.</doc>
<status status="PASS" starttime="20260122 12:03:21.314" endtime="20260122 12:03:21.598"/>
</kw>
<kw name="Sleep" library="BuiltIn">
<arg>1s</arg>
<doc>Pauses the test executed for the given time.</doc>
<msg timestamp="20260122 12:03:22.599" level="INFO">Slept 1 second</msg>
<status status="PASS" starttime="20260122 12:03:21.599" endtime="20260122 12:03:22.599"/>
</kw>
<kw name="Wait And Click" library="keywords">
<arg>${share}</arg>
<kw name="Wait Until Element Is Visible" library="SeleniumLibrary">
<arg>${locator}</arg>
<arg>${timeout}</arg>
<doc>Waits until the element ``locator`` is visible.</doc>
<status status="PASS" starttime="20260122 12:03:22.600" endtime="20260122 12:03:22.616"/>
</kw>
<kw name="Wait Until Element Is Enabled" library="SeleniumLibrary">
<arg>${locator}</arg>
<arg>${timeout}</arg>
<doc>Waits until the element ``locator`` is enabled.</doc>
<status status="PASS" starttime="20260122 12:03:22.616" endtime="20260122 12:03:22.635"/>
</kw>
<kw name="Scroll Element Into View" library="SeleniumLibrary">
<arg>${locator}</arg>
<doc>Scrolls the element identified by ``locator`` into view.</doc>
<status status="PASS" starttime="20260122 12:03:22.635" endtime="20260122 12:03:22.916"/>
</kw>
<kw name="Run Keyword And Return Status" library="BuiltIn">
<var>${clicked}</var>
<arg>Click Element</arg>
<arg>${locator}</arg>
<doc>Runs the given keyword with given arguments and returns the status as a Boolean value.</doc>
<kw name="Click Element" library="SeleniumLibrary">
<arg>${locator}</arg>
<doc>Click the element identified by ``locator``.</doc>
<msg timestamp="20260122 12:03:22.917" level="INFO">Clicking element 'xpath=//*[@id="dropdownMenuShare"]'.</msg>
<status status="PASS" starttime="20260122 12:03:22.917" endtime="20260122 12:03:22.969"/>
</kw>
<msg timestamp="20260122 12:03:22.970" level="INFO">${clicked} = True</msg>
<status status="PASS" starttime="20260122 12:03:22.916" endtime="20260122 12:03:22.970"/>
</kw>
<if>
<branch type="IF" condition="not ${clicked}">
<kw name="Log" library="BuiltIn">
<arg>Using JS click fallback for ${locator}</arg>
<doc>Logs the given message with the given level.</doc>
<status status="NOT RUN" starttime="20260122 12:03:22.970" endtime="20260122 12:03:22.970"/>
</kw>
<kw name="Execute Javascript" library="SeleniumLibrary">
<arg>arguments[0].click();</arg>
<arg>document.evaluate("${locator.replace('xpath=','')}", document, null, XPathResult.FIRST_ORDERED_NODE_TYPE, null).singleNodeValue</arg>
<doc>Executes the given JavaScript code with possible arguments.</doc>
<status status="NOT RUN" starttime="20260122 12:03:22.970" endtime="20260122 12:03:22.970"/>
</kw>
<status status="NOT RUN" starttime="20260122 12:03:22.970" endtime="20260122 12:03:22.970"/>
</branch>
<status status="PASS" starttime="20260122 12:03:22.970" endtime="20260122 12:03:22.970"/>
</if>
<status status="PASS" starttime="20260122 12:03:22.599" endtime="20260122 12:03:22.970"/>
</kw>
<kw name="Sleep" library="BuiltIn">
<arg>2s</arg>
<doc>Pauses the test executed for the given time.</doc>
<msg timestamp="20260122 12:03:24.971" level="INFO">Slept 2 seconds</msg>
<status status="PASS" starttime="20260122 12:03:22.971" endtime="20260122 12:03:24.971"/>
</kw>
<kw name="Wait Until Element Is Visible" library="SeleniumLibrary">
<arg>${twitter}</arg>
<doc>Waits until the element ``locator`` is visible.</doc>
<status status="PASS" starttime="20260122 12:03:24.971" endtime="20260122 12:03:24.993"/>
</kw>
<kw name="Sleep" library="BuiltIn">
<arg>1s</arg>
<doc>Pauses the test executed for the given time.</doc>
<msg timestamp="20260122 12:03:25.993" level="INFO">Slept 1 second</msg>
<status status="PASS" starttime="20260122 12:03:24.993" endtime="20260122 12:03:25.993"/>
</kw>
<kw name="Handle Share Button Click" library="treks_tours">
<var>${main}</var>
<arg>${twitter}</arg>
<doc>Clicks share button and switches to new window/tab</doc>
<kw name="Get Window Handles" library="SeleniumLibrary">
<var>${main_window}</var>
<doc>Returns all child window handles of the selected browser as a list.</doc>
<msg timestamp="20260122 12:03:25.996" level="INFO">${main_window} = ['69C31143D5A4351718BC5E30B0FF0C56']</msg>
<status status="PASS" starttime="20260122 12:03:25.994" endtime="20260122 12:03:25.996"/>
</kw>
<kw name="Get From List" library="Collections">
<var>${main_window}</var>
<arg>${main_window}</arg>
<arg>0</arg>
<doc>Returns the value specified with an ``index`` from ``list``.</doc>
<msg timestamp="20260122 12:03:25.996" level="INFO">${main_window} = 69C31143D5A4351718BC5E30B0FF0C56</msg>
<status status="PASS" starttime="20260122 12:03:25.996" endtime="20260122 12:03:25.996"/>
</kw>
<kw name="Scroll Element Into View" library="SeleniumLibrary">
<arg>${share_button_locator}</arg>
<doc>Scrolls the element identified by ``locator`` into view.</doc>
<status status="PASS" starttime="20260122 12:03:25.996" endtime="20260122 12:03:26.328"/>
</kw>
<kw name="Sleep" library="BuiltIn">
<arg>1s</arg>
<doc>Pauses the test executed for the given time.</doc>
<msg timestamp="20260122 12:03:27.329" level="INFO">Slept 1 second</msg>
<status status="PASS" starttime="20260122 12:03:26.328" endtime="20260122 12:03:27.330"/>
</kw>
<kw name="Wait Until Element Is Visible" library="SeleniumLibrary">
<arg>${share_button_locator}</arg>
<arg>timeout=10s</arg>
<doc>Waits until the element ``locator`` is visible.</doc>
<status status="PASS" starttime="20260122 12:03:27.330" endtime="20260122 12:03:27.346"/>
</kw>
<kw name="Run Keyword And Return Status" library="BuiltIn">
<var>${status}</var>
<arg>Click Element</arg>
<arg>${share_button_locator}</arg>
<doc>Runs the given keyword with given arguments and returns the status as a Boolean value.</doc>
<kw name="Click Element" library="SeleniumLibrary">
<arg>${share_button_locator}</arg>
<doc>Click the element identified by ``locator``.</doc>
<msg timestamp="20260122 12:03:27.347" level="INFO">Clicking element 'xpath=/html/body/div[3]/div[1]/section[1]/div/div[1]/div[2]/div/div[1]/div/div/a[2]'.</msg>
<status status="PASS" starttime="20260122 12:03:27.347" endtime="20260122 12:03:27.438"/>
</kw>
<msg timestamp="20260122 12:03:27.438" level="INFO">${status} = True</msg>
<status status="PASS" starttime="20260122 12:03:27.346" endtime="20260122 12:03:27.438"/>
</kw>
<kw name="Run Keyword Unless" library="BuiltIn">
<arg>${status}</arg>
<arg>Click Element Using JavaScript</arg>
<arg>${share_button_locator}</arg>
<doc>*DEPRECATED since RF 5.0. Use Native IF/ELSE or `Run Keyword If` instead.*</doc>
<msg timestamp="20260122 12:03:27.438" level="WARN">Keyword 'BuiltIn.Run Keyword Unless' is deprecated. </msg>
<status status="PASS" starttime="20260122 12:03:27.438" endtime="20260122 12:03:27.439"/>
</kw>
<kw name="Sleep" library="BuiltIn">
<arg>3s</arg>
<doc>Pauses the test executed for the given time.</doc>
<msg timestamp="20260122 12:03:30.440" level="INFO">Slept 3 seconds</msg>
<status status="PASS" starttime="20260122 12:03:27.440" endtime="20260122 12:03:30.441"/>
</kw>
<kw name="Get Window Handles" library="SeleniumLibrary">
<var>${all_windows}</var>
<doc>Returns all child window handles of the selected browser as a list.</doc>
<msg timestamp="20260122 12:03:30.456" level="INFO">${all_windows} = ['69C31143D5A4351718BC5E30B0FF0C56', 'A73B3A676D80D4B2ABEC573D0F2F53E7']</msg>
<status status="PASS" starttime="20260122 12:03:30.441" endtime="20260122 12:03:30.456"/>
</kw>
<kw name="Get Length" library="BuiltIn">
<var>${window_count}</var>
<arg>${all_windows}</arg>
<doc>Returns and logs the length of the given item as an integer.</doc>
<msg timestamp="20260122 12:03:30.456" level="INFO">Length is 2</msg>
<msg timestamp="20260122 12:03:30.456" level="INFO">${window_count} = 2</msg>
<status status="PASS" starttime="20260122 12:03:30.456" endtime="20260122 12:03:30.456"/>
</kw>
<kw name="Run Keyword If" library="BuiltIn">
<arg>${window_count} &gt; 1</arg>
<arg>Switch To New Window</arg>
<arg>${all_windows}</arg>
<doc>Runs the given keyword with the given arguments, if ``condition`` is true.</doc>
<kw name="Switch To New Window" library="treks_tours">
<arg>${all_windows}</arg>
<doc>Switches to the newest window</doc>
<kw name="Get From List" library="Collections">
<var>${new_window}</var>
<arg>${all_windows}</arg>
<arg>-1</arg>
<doc>Returns the value specified with an ``index`` from ``list``.</doc>
<msg timestamp="20260122 12:03:30.458" level="INFO">${new_window} = A73B3A676D80D4B2ABEC573D0F2F53E7</msg>
<status status="PASS" starttime="20260122 12:03:30.458" endtime="20260122 12:03:30.458"/>
</kw>
<kw name="Switch Window" library="SeleniumLibrary">
<arg>${new_window}</arg>
<doc>Switches to browser window matching ``locator``.</doc>
<status status="PASS" starttime="20260122 12:03:30.458" endtime="20260122 12:03:30.548"/>
</kw>
<kw name="Log" library="BuiltIn">
<arg>Switched to new window</arg>
<doc>Logs the given message with the given level.</doc>
<msg timestamp="20260122 12:03:30.549" level="INFO">Switched to new window</msg>
<status status="PASS" starttime="20260122 12:03:30.549" endtime="20260122 12:03:30.549"/>
</kw>
<status status="PASS" starttime="20260122 12:03:30.457" endtime="20260122 12:03:30.549"/>
</kw>
<status status="PASS" starttime="20260122 12:03:30.457" endtime="20260122 12:03:30.549"/>
</kw>
<msg timestamp="20260122 12:03:30.550" level="INFO">${main} = 69C31143D5A4351718BC5E30B0FF0C56</msg>
<status status="PASS" starttime="20260122 12:03:25.994" endtime="20260122 12:03:30.550"/>
</kw>
<kw name="Sleep" library="BuiltIn">
<arg>3s</arg>
<doc>Pauses the test executed for the given time.</doc>
<msg timestamp="20260122 12:03:33.551" level="INFO">Slept 3 seconds</msg>
<status status="PASS" starttime="20260122 12:03:30.550" endtime="20260122 12:03:33.551"/>
</kw>
<kw name="Capture Page Screenshot" library="SeleniumLibrary">
<arg>twitter_popup.png</arg>
<doc>Takes a screenshot of the current page and embeds it into a log file.</doc>
<msg timestamp="20260122 12:03:33.619" level="INFO" html="true">&lt;/td&gt;&lt;/tr&gt;&lt;tr&gt;&lt;td colspan="3"&gt;&lt;a href="twitter_popup.png"&gt;&lt;img src="twitter_popup.png" width="800px"&gt;&lt;/a&gt;</msg>
<status status="PASS" starttime="20260122 12:03:33.551" endtime="20260122 12:03:33.619"/>
</kw>
<kw name="Close Share Window And Return" library="treks_tours">
<arg>${main}</arg>
<doc>Closes current window and returns to main</doc>
<kw name="Get Window Handles" library="SeleniumLibrary">
<var>${all_windows}</var>
<doc>Returns all child window handles of the selected browser as a list.</doc>
<msg timestamp="20260122 12:03:33.622" level="INFO">${all_windows} = ['69C31143D5A4351718BC5E30B0FF0C56', 'A73B3A676D80D4B2ABEC573D0F2F53E7']</msg>
<status status="PASS" starttime="20260122 12:03:33.620" endtime="20260122 12:03:33.622"/>
</kw>
<kw name="Get Length" library="BuiltIn">
<var>${window_count}</var>
<arg>${all_windows}</arg>
<doc>Returns and logs the length of the given item as an integer.</doc>
<msg timestamp="20260122 12:03:33.622" level="INFO">Length is 2</msg>
<msg timestamp="20260122 12:03:33.622" level="INFO">${window_count} = 2</msg>
<status status="PASS" starttime="20260122 12:03:33.622" endtime="20260122 12:03:33.622"/>
</kw>
<kw name="Run Keyword If" library="BuiltIn">
<arg>${window_count} &gt; 1</arg>
<arg>Close Window</arg>
<doc>Runs the given keyword with the given arguments, if ``condition`` is true.</doc>
<kw name="Close Window" library="SeleniumLibrary">
<doc>Closes currently opened and selected browser window/tab.</doc>
<status status="PASS" starttime="20260122 12:03:33.622" endtime="20260122 12:03:33.691"/>
</kw>
<status status="PASS" starttime="20260122 12:03:33.622" endtime="20260122 12:03:33.691"/>
</kw>
<kw name="Switch Window" library="SeleniumLibrary">
<arg>${main_window}</arg>
<doc>Switches to browser window matching ``locator``.</doc>
<status status="PASS" starttime="20260122 12:03:33.691" endtime="20260122 12:03:33.696"/>
</kw>
<kw name="Log" library="BuiltIn">
<arg>Returned to main window</arg>
<doc>Logs the given message with the given level.</doc>
<msg timestamp="20260122 12:03:33.697" level="INFO">Returned to main window</msg>
<status status="PASS" starttime="20260122 12:03:33.696" endtime="20260122 12:03:33.697"/>
</kw>
<status status="PASS" starttime="20260122 12:03:33.620" endtime="20260122 12:03:33.697"/>
</kw>
<kw name="Log" library="BuiltIn">
<arg>Twitter share tested successfully</arg>
<doc>Logs the given message with the given level.</doc>
<msg timestamp="20260122 12:03:33.697" level="INFO">Twitter share tested successfully</msg>
<status status="PASS" starttime="20260122 12:03:33.697" endtime="20260122 12:03:33.697"/>
</kw>
<status status="PASS" starttime="20260122 12:02:32.572" endtime="20260122 12:03:33.697"/>
</kw>
<kw name="Test KanchenjungaTrek" library="treks_tours">
<kw name="Wait And Click" library="keywords">
<arg>xpath=/html/body/div[1]/header/div[1]/div/div/div/a/img[1]</arg>
<kw name="Wait Until Element Is Visible" library="SeleniumLibrary">
<arg>${locator}</arg>
<arg>${timeout}</arg>
<doc>Waits until the element ``locator`` is visible.</doc>
<status status="PASS" starttime="20260122 12:03:33.698" endtime="20260122 12:03:33.719"/>
</kw>
<kw name="Wait Until Element Is Enabled" library="SeleniumLibrary">
<arg>${locator}</arg>
<arg>${timeout}</arg>
<doc>Waits until the element ``locator`` is enabled.</doc>
<status status="PASS" starttime="20260122 12:03:33.720" endtime="20260122 12:03:33.746"/>
</kw>
<kw name="Scroll Element Into View" library="SeleniumLibrary">
<arg>${locator}</arg>
<doc>Scrolls the element identified by ``locator`` into view.</doc>
<status status="PASS" starttime="20260122 12:03:33.746" endtime="20260122 12:03:34.030"/>
</kw>
<kw name="Run Keyword And Return Status" library="BuiltIn">
<var>${clicked}</var>
<arg>Click Element</arg>
<arg>${locator}</arg>
<doc>Runs the given keyword with given arguments and returns the status as a Boolean value.</doc>
<kw name="Click Element" library="SeleniumLibrary">
<arg>${locator}</arg>
<doc>Click the element identified by ``locator``.</doc>
<msg timestamp="20260122 12:03:34.031" level="INFO">Clicking element 'xpath=/html/body/div[1]/header/div[1]/div/div/div/a/img[1]'.</msg>
<status status="PASS" starttime="20260122 12:03:34.031" endtime="20260122 12:03:37.034"/>
</kw>
<msg timestamp="20260122 12:03:37.035" level="INFO">${clicked} = True</msg>
<status status="PASS" starttime="20260122 12:03:34.031" endtime="20260122 12:03:37.035"/>
</kw>
<if>
<branch type="IF" condition="not ${clicked}">
<kw name="Log" library="BuiltIn">
<arg>Using JS click fallback for ${locator}</arg>
<doc>Logs the given message with the given level.</doc>
<status status="NOT RUN" starttime="20260122 12:03:37.035" endtime="20260122 12:03:37.035"/>
</kw>
<kw name="Execute Javascript" library="SeleniumLibrary">
<arg>arguments[0].click();</arg>
<arg>document.evaluate("${locator.replace('xpath=','')}", document, null, XPathResult.FIRST_ORDERED_NODE_TYPE, null).singleNodeValue</arg>
<doc>Executes the given JavaScript code with possible arguments.</doc>
<status status="NOT RUN" starttime="20260122 12:03:37.035" endtime="20260122 12:03:37.035"/>
</kw>
<status status="NOT RUN" starttime="20260122 12:03:37.035" endtime="20260122 12:03:37.035"/>
</branch>
<status status="PASS" starttime="20260122 12:03:37.035" endtime="20260122 12:03:37.035"/>
</if>
<status status="PASS" starttime="20260122 12:03:33.698" endtime="20260122 12:03:37.035"/>
</kw>
<kw name="Open Trek And Tours Menu" library="home_page">
<kw name="Wait And Click" library="keywords">
<arg>${trek_and_tours}</arg>
<kw name="Wait Until Element Is Visible" library="SeleniumLibrary">
<arg>${locator}</arg>
<arg>${timeout}</arg>
<doc>Waits until the element ``locator`` is visible.</doc>
<status status="PASS" starttime="20260122 12:03:37.036" endtime="20260122 12:03:37.064"/>
</kw>
<kw name="Wait Until Element Is Enabled" library="SeleniumLibrary">
<arg>${locator}</arg>
<arg>${timeout}</arg>
<doc>Waits until the element ``locator`` is enabled.</doc>
<status status="PASS" starttime="20260122 12:03:37.064" endtime="20260122 12:03:37.100"/>
</kw>
<kw name="Scroll Element Into View" library="SeleniumLibrary">
<arg>${locator}</arg>
<doc>Scrolls the element identified by ``locator`` into view.</doc>
<status status="PASS" starttime="20260122 12:03:37.100" endtime="20260122 12:03:37.393"/>
</kw>
<kw name="Run Keyword And Return Status" library="BuiltIn">
<var>${clicked}</var>
<arg>Click Element</arg>
<arg>${locator}</arg>
<doc>Runs the given keyword with given arguments and returns the status as a Boolean value.</doc>
<kw name="Click Element" library="SeleniumLibrary">
<arg>${locator}</arg>
<doc>Click the element identified by ``locator``.</doc>
<msg timestamp="20260122 12:03:37.394" level="INFO">Clicking element 'xpath=/html/body/div[1]/header/div[1]/div/div/div/div/div[2]/div[2]/ul/li[2]/a/i'.</msg>
<status status="PASS" starttime="20260122 12:03:37.394" endtime="20260122 12:03:37.797"/>
</kw>
<msg timestamp="20260122 12:03:37.797" level="INFO">${clicked} = True</msg>
<status status="PASS" starttime="20260122 12:03:37.393" endtime="20260122 12:03:37.797"/>
</kw>
<if>
<branch type="IF" condition="not ${clicked}">
<kw name="Log" library="BuiltIn">
<arg>Using JS click fallback for ${locator}</arg>
<doc>Logs the given message with the given level.</doc>
<status status="NOT RUN" starttime="20260122 12:03:37.798" endtime="20260122 12:03:37.798"/>
</kw>
<kw name="Execute Javascript" library="SeleniumLibrary">
<arg>arguments[0].click();</arg>
<arg>document.evaluate("${locator.replace('xpath=','')}", document, null, XPathResult.FIRST_ORDERED_NODE_TYPE, null).singleNodeValue</arg>
<doc>Executes the given JavaScript code with possible arguments.</doc>
<status status="NOT RUN" starttime="20260122 12:03:37.798" endtime="20260122 12:03:37.798"/>
</kw>
<status status="NOT RUN" starttime="20260122 12:03:37.798" endtime="20260122 12:03:37.798"/>
</branch>
<status status="PASS" starttime="20260122 12:03:37.798" endtime="20260122 12:03:37.798"/>
</if>
<status status="PASS" starttime="20260122 12:03:37.036" endtime="20260122 12:03:37.798"/>
</kw>
<kw name="Sleep" library="BuiltIn">
<arg>2s</arg>
<doc>Pauses the test executed for the given time.</doc>
<msg timestamp="20260122 12:03:39.799" level="INFO">Slept 2 seconds</msg>
<status status="PASS" starttime="20260122 12:03:37.799" endtime="20260122 12:03:39.799"/>
</kw>
<status status="PASS" starttime="20260122 12:03:37.035" endtime="20260122 12:03:39.799"/>
</kw>
<kw name="Wait And Click" library="keywords">
<arg>${push_your_limit}</arg>
<kw name="Wait Until Element Is Visible" library="SeleniumLibrary">
<arg>${locator}</arg>
<arg>${timeout}</arg>
<doc>Waits until the element ``locator`` is visible.</doc>
<status status="PASS" starttime="20260122 12:03:39.800" endtime="20260122 12:03:39.816"/>
</kw>
<kw name="Wait Until Element Is Enabled" library="SeleniumLibrary">
<arg>${locator}</arg>
<arg>${timeout}</arg>
<doc>Waits until the element ``locator`` is enabled.</doc>
<status status="PASS" starttime="20260122 12:03:39.817" endtime="20260122 12:03:39.836"/>
</kw>
<kw name="Scroll Element Into View" library="SeleniumLibrary">
<arg>${locator}</arg>
<doc>Scrolls the element identified by ``locator`` into view.</doc>
<status status="PASS" starttime="20260122 12:03:39.836" endtime="20260122 12:03:40.112"/>
</kw>
<kw name="Run Keyword And Return Status" library="BuiltIn">
<var>${clicked}</var>
<arg>Click Element</arg>
<arg>${locator}</arg>
<doc>Runs the given keyword with given arguments and returns the status as a Boolean value.</doc>
<kw name="Click Element" library="SeleniumLibrary">
<arg>${locator}</arg>
<doc>Click the element identified by ``locator``.</doc>
<msg timestamp="20260122 12:03:40.113" level="INFO">Clicking element 'xpath=/html/body/div[1]/header/div[1]/div/div/div/div/div[2]/div[2]/ul/li[2]/ul/li[2]/a'.</msg>
<status status="PASS" starttime="20260122 12:03:40.113" endtime="20260122 12:03:42.388"/>
</kw>
<msg timestamp="20260122 12:03:42.388" level="INFO">${clicked} = True</msg>
<status status="PASS" starttime="20260122 12:03:40.113" endtime="20260122 12:03:42.388"/>
</kw>
<if>
<branch type="IF" condition="not ${clicked}">
<kw name="Log" library="BuiltIn">
<arg>Using JS click fallback for ${locator}</arg>
<doc>Logs the given message with the given level.</doc>
<status status="NOT RUN" starttime="20260122 12:03:42.390" endtime="20260122 12:03:42.390"/>
</kw>
[...]
<kw name="Capture Page Screenshot" library="SeleniumLibrary">
<doc>Takes a screenshot of the current page and embeds it into a log file.</doc>
<msg timestamp="20260122 12:04:35.100" level="INFO" html="true">&lt;/td&gt;&lt;/tr&gt;&lt;tr&gt;&lt;td colspan="3"&gt;&lt;a href="selenium-screenshot-804.png"&gt;&lt;img src="selenium-screenshot-804.png" width="800px"&gt;&lt;/a&gt;</msg>
<status status="PASS" starttime="20260122 12:04:34.965" endtime="20260122 12:04:35.101"/>
</kw>
<status status="PASS" starttime="20260122 12:04:34.964" endtime="20260122 12:04:35.101"/>
</kw>
<status status="PASS" starttime="20260122 12:04:32.638" endtime="20260122 12:04:35.101"/>
</iter>
<iter>
<var name="${link}">&lt;selenium.webdriver.remote.webelement.WebElement (session="a5b4de77b0281417d7f29319acf671be", element="f.69C31143D5A4351718BC5E30B0FF0C56.d.038E0E317E746FBA777F35FA68E090B7.e.274")&gt;</var>
<kw name="Get Text" library="SeleniumLibrary">
<var>${link_text}</var>
<arg>${link}</arg>
<doc>Returns the text value of the element identified by ``locator``.</doc>
<msg timestamp="20260122 12:04:35.109" level="INFO">${link_text} = Who Not For</msg>
<status status="PASS" starttime="20260122 12:04:35.101" endtime="20260122 12:04:35.109"/>
</kw>
<kw name="Log" library="BuiltIn">
<arg>Clicking navbar link: ${link_text}</arg>
<doc>Logs the given message with the given level.</doc>
<msg timestamp="20260122 12:04:35.110" level="INFO">Clicking navbar link: Who Not For</msg>
<status status="PASS" starttime="20260122 12:04:35.109" endtime="20260122 12:04:35.110"/>
</kw>
<kw name="Scroll Element Into View" library="SeleniumLibrary">
<arg>${link}</arg>
<doc>Scrolls the element identified by ``locator`` into view.</doc>
<status status="PASS" starttime="20260122 12:04:35.110" endtime="20260122 12:04:35.384"/>
</kw>
<kw name="Sleep" library="BuiltIn">
<arg>1s</arg>
<doc>Pauses the test executed for the given time.</doc>
<msg timestamp="20260122 12:04:36.384" level="INFO">Slept 1 second</msg>
<status status="PASS" starttime="20260122 12:04:35.384" endtime="20260122 12:04:36.385"/>
</kw>
<kw name="Wait Until Element Is Visible" library="SeleniumLibrary">
<arg>${link}</arg>
<arg>timeout=5s</arg>
<doc>Waits until the element ``locator`` is visible.</doc>
<status status="PASS" starttime="20260122 12:04:36.385" endtime="20260122 12:04:36.393"/>
</kw>
<kw name="Run Keyword And Ignore Error" library="BuiltIn">
<arg>Click Element</arg>
<arg>${link}</arg>
<doc>Runs the given keyword with the given arguments and ignores possible error.</doc>
<kw name="Click Element" library="SeleniumLibrary">
<arg>${link}</arg>
<doc>Click the element identified by ``locator``.</doc>
<msg timestamp="20260122 12:04:36.394" level="INFO">Clicking element '&lt;selenium.webdriver.remote.webelement.WebElement (session="a5b4de77b0281417d7f29319acf671be", element="f.69C31143D5A4351718BC5E30B0FF0C56.d.038E0E317E746FBA777F35FA68E090B7.e.274")&gt;'.</msg>
<status status="PASS" starttime="20260122 12:04:36.393" endtime="20260122 12:04:36.434"/>
</kw>
<status status="PASS" starttime="20260122 12:04:36.393" endtime="20260122 12:04:36.434"/>
</kw>
<kw name="Sleep" library="BuiltIn">
<arg>1s</arg>
<doc>Pauses the test executed for the given time.</doc>
<msg timestamp="20260122 12:04:37.435" level="INFO">Slept 1 second</msg>
<status status="PASS" starttime="20260122 12:04:36.434" endtime="20260122 12:04:37.435"/>
</kw>
<kw name="Run Keyword And Ignore Error" library="BuiltIn">
<arg>Capture Page Screenshot</arg>
<doc>Runs the given keyword with the given arguments and ignores possible error.</doc>
<kw name="Capture Page Screenshot" library="SeleniumLibrary">
<doc>Takes a screenshot of the current page and embeds it into a log file.</doc>
<msg timestamp="20260122 12:04:37.585" level="INFO" html="true">&lt;/td&gt;&lt;/tr&gt;&lt;tr&gt;&lt;td colspan="3"&gt;&lt;a href="selenium-screenshot-805.png"&gt;&lt;img src="selenium-screenshot-805.png" width="800px"&gt;&lt;/a&gt;</msg>
<status status="PASS" starttime="20260122 12:04:37.435" endtime="20260122 12:04:37.585"/>
</kw>
<status status="PASS" starttime="20260122 12:04:37.435" endtime="20260122 12:04:37.585"/>
</kw>
<status status="PASS" starttime="20260122 12:04:35.101" endtime="20260122 12:04:37.585"/>
</iter>
<iter>
<var name="${link}">&lt;selenium.webdriver.remote.webelement.WebElement (session="a5b4de77b0281417d7f29319acf671be", element="f.69C31143D5A4351718BC5E30B0FF0C56.d.038E0E317E746FBA777F35FA68E090B7.e.275")&gt;</var>
<kw name="Get Text" library="SeleniumLibrary">
<var>${link_text}</var>
<arg>${link}</arg>
<doc>Returns the text value of the element identified by ``locator``.</doc>
<msg timestamp="20260122 12:04:37.594" level="INFO">${link_text} = Itinerary</msg>
<status status="PASS" starttime="20260122 12:04:37.585" endtime="20260122 12:04:37.594"/>
</kw>
<kw name="Log" library="BuiltIn">
<arg>Clicking navbar link: ${link_text}</arg>
<doc>Logs the given message with the given level.</doc>
<msg timestamp="20260122 12:04:37.595" level="INFO">Clicking navbar link: Itinerary</msg>
<status status="PASS" starttime="20260122 12:04:37.594" endtime="20260122 12:04:37.595"/>
</kw>
<kw name="Scroll Element Into View" library="SeleniumLibrary">
<arg>${link}</arg>
<doc>Scrolls the element identified by ``locator`` into view.</doc>
<status status="PASS" starttime="20260122 12:04:37.595" endtime="20260122 12:04:37.870"/>
</kw>
<kw name="Sleep" library="BuiltIn">
<arg>1s</arg>
<doc>Pauses the test executed for the given time.</doc>
<msg timestamp="20260122 12:04:38.871" level="INFO">Slept 1 second</msg>
<status status="PASS" starttime="20260122 12:04:37.870" endtime="20260122 12:04:38.871"/>
</kw>
<kw name="Wait Until Element Is Visible" library="SeleniumLibrary">
<arg>${link}</arg>
<arg>timeout=5s</arg>
<doc>Waits until the element ``locator`` is visible.</doc>
<status status="PASS" starttime="20260122 12:04:38.871" endtime="20260122 12:04:38.879"/>
</kw>
<kw name="Run Keyword And Ignore Error" library="BuiltIn">
<arg>Click Element</arg>
<arg>${link}</arg>
<doc>Runs the given keyword with the given arguments and ignores possible error.</doc>
<kw name="Click Element" library="SeleniumLibrary">
<arg>${link}</arg>
<doc>Click the element identified by ``locator``.</doc>
<msg timestamp="20260122 12:04:38.880" level="INFO">Clicking element '&lt;selenium.webdriver.remote.webelement.WebElement (session="a5b4de77b0281417d7f29319acf671be", element="f.69C31143D5A4351718BC5E30B0FF0C56.d.038E0E317E746FBA777F35FA68E090B7.e.275")&gt;'.</msg>
<status status="PASS" starttime="20260122 12:04:38.880" endtime="20260122 12:04:38.918"/>
</kw>
<status status="PASS" starttime="20260122 12:04:38.879" endtime="20260122 12:04:38.918"/>
</kw>
<kw name="Sleep" library="BuiltIn">
<arg>1s</arg>
<doc>Pauses the test executed for the given time.</doc>
<msg timestamp="20260122 12:04:39.919" level="INFO">Slept 1 second</msg>
<status status="PASS" starttime="20260122 12:04:38.918" endtime="20260122 12:04:39.919"/>
</kw>
<kw name="Run Keyword And Ignore Error" library="BuiltIn">
<arg>Capture Page Screenshot</arg>
<doc>Runs the given keyword with the given arguments and ignores possible error.</doc>
<kw name="Capture Page Screenshot" library="SeleniumLibrary">
<doc>Takes a screenshot of the current page and embeds it into a log file.</doc>
<msg timestamp="20260122 12:04:40.064" level="INFO" html="true">&lt;/td&gt;&lt;/tr&gt;&lt;tr&gt;&lt;td colspan="3"&gt;&lt;a href="selenium-screenshot-806.png"&gt;&lt;img src="selenium-screenshot-806.png" width="800px"&gt;&lt;/a&gt;</msg>
<status status="PASS" starttime="20260122 12:04:39.919" endtime="20260122 12:04:40.064"/>
</kw>
<status status="PASS" starttime="20260122 12:04:39.919" endtime="20260122 12:04:40.064"/>
</kw>
<status status="PASS" starttime="20260122 12:04:37.585" endtime="20260122 12:04:40.064"/>
</iter>
<iter>
<var name="${link}">&lt;selenium.webdriver.remote.webelement.WebElement (session="a5b4de77b0281417d7f29319acf671be", element="f.69C31143D5A4351718BC5E30B0FF0C56.d.038E0E317E746FBA777F35FA68E090B7.e.276")&gt;</var>
<kw name="Get Text" library="SeleniumLibrary">
<var>${link_text}</var>
<arg>${link}</arg>
<doc>Returns the text value of the element identified by ``locator``.</doc>
<msg timestamp="20260122 12:04:40.074" level="INFO">${link_text} = Includes/Excludes</msg>
<status status="PASS" starttime="20260122 12:04:40.065" endtime="20260122 12:04:40.074"/>
</kw>
<kw name="Log" library="BuiltIn">
<arg>Clicking navbar link: ${link_text}</arg>
<doc>Logs the given message with the given level.</doc>
<msg timestamp="20260122 12:04:40.075" level="INFO">Clicking navbar link: Includes/Excludes</msg>
<status status="PASS" starttime="20260122 12:04:40.074" endtime="20260122 12:04:40.075"/>
</kw>
<kw name="Scroll Element Into View" library="SeleniumLibrary">
<arg>${link}</arg>
<doc>Scrolls the element identified by ``locator`` into view.</doc>
<status status="PASS" starttime="20260122 12:04:40.075" endtime="20260122 12:04:40.359"/>
</kw>
<kw name="Sleep" library="BuiltIn">
<arg>1s</arg>
<doc>Pauses the test executed for the given time.</doc>
<msg timestamp="20260122 12:04:41.360" level="INFO">Slept 1 second</msg>
<status status="PASS" starttime="20260122 12:04:40.359" endtime="20260122 12:04:41.360"/>
</kw>
<kw name="Wait Until Element Is Visible" library="SeleniumLibrary">
<arg>${link}</arg>
<arg>timeout=5s</arg>
<doc>Waits until the element ``locator`` is visible.</doc>
<status status="PASS" starttime="20260122 12:04:41.360" endtime="20260122 12:04:41.369"/>
</kw>
<kw name="Run Keyword And Ignore Error" library="BuiltIn">
<arg>Click Element</arg>
<arg>${link}</arg>
<doc>Runs the given keyword with the given arguments and ignores possible error.</doc>
<kw name="Click Element" library="SeleniumLibrary">
<arg>${link}</arg>
<doc>Click the element identified by ``locator``.</doc>
<msg timestamp="20260122 12:04:41.370" level="INFO">Clicking element '&lt;selenium.webdriver.remote.webelement.WebElement (session="a5b4de77b0281417d7f29319acf671be", element="f.69C31143D5A4351718BC5E30B0FF0C56.d.038E0E317E746FBA777F35FA68E090B7.e.276")&gt;'.</msg>
<status status="PASS" starttime="20260122 12:04:41.369" endtime="20260122 12:04:41.412"/>
</kw>
<status status="PASS" starttime="20260122 12:04:41.369" endtime="20260122 12:04:41.412"/>
</kw>
<kw name="Sleep" library="BuiltIn">
<arg>1s</arg>
<doc>Pauses the test executed for the given time.</doc>
<msg timestamp="20260122 12:04:42.413" level="INFO">Slept 1 second</msg>
<status status="PASS" starttime="20260122 12:04:41.412" endtime="20260122 12:04:42.413"/>
</kw>
<kw name="Run Keyword And Ignore Error" library="BuiltIn">
<arg>Capture Page Screenshot</arg>
<doc>Runs the given keyword with the given arguments and ignores possible error.</doc>
<kw name="Capture Page Screenshot" library="SeleniumLibrary">
<doc>Takes a screenshot of the current page and embeds it into a log file.</doc>
<msg timestamp="20260122 12:04:42.551" level="INFO" html="true">&lt;/td&gt;&lt;/tr&gt;&lt;tr&gt;&lt;td colspan="3"&gt;&lt;a href="selenium-screenshot-807.png"&gt;&lt;img src="selenium-screenshot-807.png" width="800px"&gt;&lt;/a&gt;</msg>
<status status="PASS" starttime="20260122 12:04:42.413" endtime="20260122 12:04:42.551"/>
</kw>
<status status="PASS" starttime="20260122 12:04:42.413" endtime="20260122 12:04:42.551"/>
</kw>
<status status="PASS" starttime="20260122 12:04:40.064" endtime="20260122 12:04:42.551"/>
</iter>
<iter>
<var name="${link}">&lt;selenium.webdriver.remote.webelement.WebElement (session="a5b4de77b0281417d7f29319acf671be", element="f.69C31143D5A4351718BC5E30B0FF0C56.d.038E0E317E746FBA777F35FA68E090B7.e.277")&gt;</var>
<kw name="Get Text" library="SeleniumLibrary">
<var>${link_text}</var>
<arg>${link}</arg>
<doc>Returns the text value of the element identified by ``locator``.</doc>
<msg timestamp="20260122 12:04:42.560" level="INFO">${link_text} = Imp Info</msg>
<status status="PASS" starttime="20260122 12:04:42.551" endtime="20260122 12:04:42.561"/>
</kw>
<kw name="Log" library="BuiltIn">
<arg>Clicking navbar link: ${link_text}</arg>
<doc>Logs the given message with the given level.</doc>
<msg timestamp="20260122 12:04:42.561" level="INFO">Clicking navbar link: Imp Info</msg>
<status status="PASS" starttime="20260122 12:04:42.561" endtime="20260122 12:04:42.561"/>
</kw>
<kw name="Scroll Element Into View" library="SeleniumLibrary">
<arg>${link}</arg>
<doc>Scrolls the element identified by ``locator`` into view.</doc>
<status status="PASS" starttime="20260122 12:04:42.561" endtime="20260122 12:04:42.834"/>
</kw>
<kw name="Sleep" library="BuiltIn">
<arg>1s</arg>
<doc>Pauses the test executed for the given time.</doc>
<msg timestamp="20260122 12:04:43.834" level="INFO">Slept 1 second</msg>
<status status="PASS" starttime="20260122 12:04:42.834" endtime="20260122 12:04:43.834"/>
</kw>
<kw name="Wait Until Element Is Visible" library="SeleniumLibrary">
<arg>${link}</arg>
<arg>timeout=5s</arg>
<doc>Waits until the element ``locator`` is visible.</doc>
<status status="PASS" starttime="20260122 12:04:43.834" endtime="20260122 12:04:43.843"/>
</kw>
<kw name="Run Keyword And Ignore Error" library="BuiltIn">
<arg>Click Element</arg>
<arg>${link}</arg>
<doc>Runs the given keyword with the given arguments and ignores possible error.</doc>
<kw name="Click Element" library="SeleniumLibrary">
<arg>${link}</arg>
<doc>Click the element identified by ``locator``.</doc>
<msg timestamp="20260122 12:04:43.844" level="INFO">Clicking element '&lt;selenium.webdriver.remote.webelement.WebElement (session="a5b4de77b0281417d7f29319acf671be", element="f.69C31143D5A4351718BC5E30B0FF0C56.d.038E0E317E746FBA777F35FA68E090B7.e.277")&gt;'.</msg>
<status status="PASS" starttime="20260122 12:04:43.843" endtime="20260122 12:04:43.883"/>
</kw>
<status status="PASS" starttime="20260122 12:04:43.843" endtime="20260122 12:04:43.883"/>
</kw>
<kw name="Sleep" library="BuiltIn">
<arg>1s</arg>
<doc>Pauses the test executed for the given time.</doc>
<msg timestamp="20260122 12:04:44.883" level="INFO">Slept 1 second</msg>
<status status="PASS" starttime="20260122 12:04:43.883" endtime="20260122 12:04:44.883"/>
</kw>
<kw name="Run Keyword And Ignore Error" library="BuiltIn">
<arg>Capture Page Screenshot</arg>
<doc>Runs the given keyword with the given arguments and ignores possible error.</doc>
<kw name="Capture Page Screenshot" library="SeleniumLibrary">
<doc>Takes a screenshot of the current page and embeds it into a log file.</doc>
<msg timestamp="20260122 12:04:45.022" level="INFO" html="true">&lt;/td&gt;&lt;/tr&gt;&lt;tr&gt;&lt;td colspan="3"&gt;&lt;a href="selenium-screenshot-808.png"&gt;&lt;img src="selenium-screenshot-808.png" width="800px"&gt;&lt;/a&gt;</msg>
<status status="PASS" starttime="20260122 12:04:44.884" endtime="20260122 12:04:45.022"/>
</kw>
<status status="PASS" starttime="20260122 12:04:44.884" endtime="20260122 12:04:45.022"/>
</kw>
<status status="PASS" starttime="20260122 12:04:42.551" endtime="20260122 12:04:45.022"/>
</iter>
<iter>
<var name="${link}">&lt;selenium.webdriver.remote.webelement.WebElement (session="a5b4de77b0281417d7f29319acf671be", element="f.69C31143D5A4351718BC5E30B0FF0C56.d.038E0E317E746FBA777F35FA68E090B7.e.278")&gt;</var>
<kw name="Get Text" library="SeleniumLibrary">
<var>${link_text}</var>
<arg>${link}</arg>
<doc>Returns the text value of the element identified by ``locator``.</doc>
<msg timestamp="20260122 12:04:45.031" level="INFO">${link_text} = FAQS</msg>
<status status="PASS" starttime="20260122 12:04:45.023" endtime="20260122 12:04:45.031"/>
</kw>
<kw name="Log" library="BuiltIn">
<arg>Clicking navbar link: ${link_text}</arg>
<doc>Logs the given message with the given level.</doc>
<msg timestamp="20260122 12:04:45.032" level="INFO">Clicking navbar link: FAQS</msg>
<status status="PASS" starttime="20260122 12:04:45.031" endtime="20260122 12:04:45.032"/>
</kw>
<kw name="Scroll Element Into View" library="SeleniumLibrary">
<arg>${link}</arg>
<doc>Scrolls the element identified by ``locator`` into view.</doc>
<status status="PASS" starttime="20260122 12:04:45.032" endtime="20260122 12:04:45.314"/>
</kw>
<kw name="Sleep" library="BuiltIn">
<arg>1s</arg>
<doc>Pauses the test executed for the given time.</doc>
<msg timestamp="20260122 12:04:46.315" level="INFO">Slept 1 second</msg>
<status status="PASS" starttime="20260122 12:04:45.315" endtime="20260122 12:04:46.315"/>
</kw>
<kw name="Wait Until Element Is Visible" library="SeleniumLibrary">
<arg>${link}</arg>
<arg>timeout=5s</arg>
<doc>Waits until the element ``locator`` is visible.</doc>
<status status="PASS" starttime="20260122 12:04:46.315" endtime="20260122 12:04:46.324"/>
</kw>
<kw name="Run Keyword And Ignore Error" library="BuiltIn">
<arg>Click Element</arg>
<arg>${link}</arg>
<doc>Runs the given keyword with the given arguments and ignores possible error.</doc>
<kw name="Click Element" library="SeleniumLibrary">
<arg>${link}</arg>
<doc>Click the element identified by ``locator``.</doc>
<msg timestamp="20260122 12:04:46.325" level="INFO">Clicking element '&lt;selenium.webdriver.remote.webelement.WebElement (session="a5b4de77b0281417d7f29319acf671be", element="f.69C31143D5A4351718BC5E30B0FF0C56.d.038E0E317E746FBA777F35FA68E090B7.e.278")&gt;'.</msg>
<status status="PASS" starttime="20260122 12:04:46.325" endtime="20260122 12:04:46.367"/>
</kw>
<status status="PASS" starttime="20260122 12:04:46.324" endtime="20260122 12:04:46.367"/>
</kw>
<kw name="Sleep" library="BuiltIn">
<arg>1s</arg>
<doc>Pauses the test executed for the given time.</doc>
<msg timestamp="20260122 12:04:47.368" level="INFO">Slept 1 second</msg>
<status status="PASS" starttime="20260122 12:04:46.367" endtime="20260122 12:04:47.368"/>
</kw>
<kw name="Run Keyword And Ignore Error" library="BuiltIn">
<arg>Capture Page Screenshot</arg>
<doc>Runs the given keyword with the given arguments and ignores possible error.</doc>
<kw name="Capture Page Screenshot" library="SeleniumLibrary">
<doc>Takes a screenshot of the current page and embeds it into a log file.</doc>
<msg timestamp="20260122 12:04:47.535" level="INFO" html="true">&lt;/td&gt;&lt;/tr&gt;&lt;tr&gt;&lt;td colspan="3"&gt;&lt;a href="selenium-screenshot-809.png"&gt;&lt;img src="selenium-screenshot-809.png" width="800px"&gt;&lt;/a&gt;</msg>
<status status="PASS" starttime="20260122 12:04:47.368" endtime="20260122 12:04:47.536"/>
</kw>
<status status="PASS" starttime="20260122 12:04:47.368" endtime="20260122 12:04:47.536"/>
</kw>
<status status="PASS" starttime="20260122 12:04:45.022" endtime="20260122 12:04:47.536"/>
</iter>
<status status="PASS" starttime="20260122 12:04:25.179" endtime="20260122 12:04:47.536"/>
</for>
<status status="PASS" starttime="20260122 12:04:24.373" endtime="20260122 12:04:47.536"/>
</kw>
<status status="PASS" starttime="20260122 12:04:07.018" endtime="20260122 12:04:47.536"/>
</kw>
<kw name="Scroll Element Into View" library="SeleniumLibrary">
<arg>xpath=/html/body/div[1]/header/div[1]/div/div/div/a/img[1]</arg>
<doc>Scrolls the element identified by ``locator`` into view.</doc>
<status status="PASS" starttime="20260122 12:04:47.536" endtime="20260122 12:04:47.814"/>
</kw>
<kw name="Close Browser" library="SeleniumLibrary" type="TEARDOWN">
<doc>Closes the current browser.</doc>
<status status="PASS" starttime="20260122 12:04:47.815" endtime="20260122 12:04:50.113"/>
</kw>
<status status="PASS" starttime="20260122 12:02:23.202" endtime="20260122 12:04:50.114"/>
</test>
<status status="PASS" starttime="20260122 12:02:22.708" endtime="20260122 12:04:50.115"/>
</suite>
<statistics>
<total>
<stat pass="1" fail="0" skip="0">All Tests</stat>
</total>
<tag>
</tag>
<suite>
<stat pass="1" fail="0" skip="0" id="s1" name="Treks Tours">Treks Tours</stat>
</suite>
</statistics>
<errors>
<msg timestamp="20260122 12:03:15.065" level="WARN">Keyword 'BuiltIn.Run Keyword Unless' is deprecated. </msg>
<msg timestamp="20260122 12:03:27.438" level="WARN">Keyword 'BuiltIn.Run Keyword Unless' is deprecated. </msg>
</errors>
</robot>
