<?xml version="1.0" encoding="UTF-8"?>
<robot generator="Robot 6.1.1 (Python 3.13.9 on win32)" generated="20260114 11:53:20.039" rpa="false" schemaversion="4">
<suite id="s1" name="Home Page Button" source="C:\Users\Swarup Dahal\PycharmProjects\trail-quest\tests\home_page_button.robot">
<test id="s1-t1" name="Verify Homepage Header Buttons Are Clickable" line="9">
<kw name="Open Homepage" library="home_page">
<kw name="Open Browser To Application" library="browser">
<kw name="Evaluate" library="BuiltIn">
<var>${chrome_options}</var>
<arg>selenium.webdriver.ChromeOptions()</arg>
<arg>modules=selenium.webdriver</arg>
<doc>Evaluates the given expression in Python and returns the result.</doc>
<msg timestamp="20260114 11:53:20.722" level="INFO">${chrome_options} = &lt;selenium.webdriver.chrome.options.Options object at 0x0000020FB768AF90&gt;</msg>
<status status="PASS" starttime="20260114 11:53:20.722" endtime="20260114 11:53:20.722"/>
</kw>
<kw name="Create List" library="BuiltIn">
<var>${args}</var>
<arg>--window-size=1920,1080</arg>
<arg>--start-maximized</arg>
<arg>--no-sandbox</arg>
<arg>--disable-dev-shm-usage</arg>
<arg>--disable-gpu</arg>
<arg>--disable-software-rasterizer</arg>
<arg>--remote-debugging-port=9222</arg>
<arg>--disable-extensions</arg>
<arg>--disable-setuid-sandbox</arg>
<doc>Returns a list containing given items.</doc>
<msg timestamp="20260114 11:53:20.723" level="INFO">${args} = ['--window-size=1920,1080', '--start-maximized', '--no-sandbox', '--disable-dev-shm-usage', '--disable-gpu', '--disable-software-rasterizer', '--remote-debugging-port=9222', '--disable-extensions', '-...</msg>
<status status="PASS" starttime="20260114 11:53:20.723" endtime="20260114 11:53:20.723"/>
</kw>
<status status="PASS" starttime="20260114 11:53:20.722" endtime="20260114 11:53:20.723"/>
</kw>
<kw name="Sleep" library="BuiltIn">
<arg>2s</arg>
<doc>Pauses the test executed for the given time.</doc>
<msg timestamp="20260114 11:53:22.724" level="INFO">Slept 2 seconds</msg>
<status status="PASS" starttime="20260114 11:53:20.723" endtime="20260114 11:53:22.724"/>
</kw>
<status status="PASS" starttime="20260114 11:53:20.721" endtime="20260114 11:53:22.724"/>
</kw>
<kw name="click all elements of homepage" library="home_page">
<kw name="Verify Logo Is Visible" library="home_page">
<kw name="Wait Until Element Is Visible" library="SeleniumLibrary">
<arg>${logo}</arg>
<doc>Waits until the element ``locator`` is visible.</doc>
<msg timestamp="20260114 11:53:22.726" level="INFO">Cannot capture screenshot because no browser is open.</msg>
<msg timestamp="20260114 11:53:22.726" level="FAIL">No browser is open.</msg>
<status status="FAIL" starttime="20260114 11:53:22.725" endtime="20260114 11:53:22.738"/>
</kw>
<kw name="Sleep" library="BuiltIn">
<arg>2s</arg>
<doc>Pauses the test executed for the given time.</doc>
<status status="NOT RUN" starttime="20260114 11:53:22.738" endtime="20260114 11:53:22.738"/>
</kw>
<status status="FAIL" starttime="20260114 11:53:22.725" endtime="20260114 11:53:22.738"/>
</kw>
<kw name="Click Home Menu" library="home_page">
<status status="NOT RUN" starttime="20260114 11:53:22.738" endtime="20260114 11:53:22.738"/>
</kw>
<kw name="Open Trek And Tours Menu" library="home_page">
<status status="NOT RUN" starttime="20260114 11:53:22.738" endtime="20260114 11:53:22.738"/>
</kw>
<kw name="Click About Menu" library="home_page">
<status status="NOT RUN" starttime="20260114 11:53:22.738" endtime="20260114 11:53:22.738"/>
</kw>
<kw name="Click Contact Menu" library="home_page">
<status status="NOT RUN" starttime="20260114 11:53:22.738" endtime="20260114 11:53:22.738"/>
</kw>
<kw name="Click FAQ Menu" library="home_page">
<status status="NOT RUN" starttime="20260114 11:53:22.739" endtime="20260114 11:53:22.739"/>
</kw>
<kw name="Scroll Element Into View" library="SeleniumLibrary">
<arg>xpath=/html/body/div[4]/div/section/div</arg>
<doc>Scrolls the element identified by ``locator`` into view.</doc>
<status status="NOT RUN" starttime="20260114 11:53:22.739" endtime="20260114 11:53:22.739"/>
</kw>
<status status="FAIL" starttime="20260114 11:53:22.725" endtime="20260114 11:53:22.739"/>
</kw>
<kw name="Close Browser" library="SeleniumLibrary" type="TEARDOWN">
<doc>Closes the current browser.</doc>
<status status="PASS" starttime="20260114 11:53:22.739" endtime="20260114 11:53:22.740"/>
</kw>
<status status="FAIL" starttime="20260114 11:53:20.720" endtime="20260114 11:53:22.740">No browser is open.</status>
</test>
<status status="FAIL" starttime="20260114 11:53:20.041" endtime="20260114 11:53:22.741"/>
</suite>
<statistics>
<total>
<stat pass="0" fail="1" skip="0">All Tests</stat>
</total>
<tag>
</tag>
<suite>
<stat pass="0" fail="1" skip="0" id="s1" name="Home Page Button">Home Page Button</stat>
</suite>
</statistics>
<errors>
<msg timestamp="20260114 11:53:20.700" level="ERROR">Error in file 'C:\Users\Swarup Dahal\PycharmProjects\trail-quest\resources\common\browser.robot' on line 25: Creating keyword 'END' failed: User keyword cannot be empty.</msg>
</errors>
</robot>
