<?xml version="1.0" encoding="UTF-8"?>
<robot generator="Robot 6.1.1 (Python 3.13.9 on win32)" generated="20260122 11:41:34.750" rpa="false" schemaversion="4">
<suite id="s1" name="Home Page Button" source="C:\Users\Swarup Dahal\PycharmProjects\trail-quest\tests\home_page_button.robot">
<test id="s1-t1" name="Verify Homepage Header Buttons Are Clickable" line="9">
<kw name="Open Homepage" library="home_page">
<kw name="Open Browser To Application" library="browser">
<kw name="Evaluate" library="BuiltIn">
<var>${chrome_options}</var>
<arg>selenium.webdriver.ChromeOptions()</arg>
<arg>modules=selenium.webdriver</arg>
<doc>Evaluates the given expression in Python and returns the result.</doc>
<msg timestamp="20260122 11:41:35.220" level="INFO">${chrome_options} = &lt;selenium.webdriver.chrome.options.Options object at 0x00000129CB84AE40&gt;</msg>
<status status="PASS" starttime="20260122 11:41:35.220" endtime="20260122 11:41:35.220"/>
</kw>
<kw name="Create List" library="BuiltIn">
<var>${args}</var>
<arg>--window-size=1920,1080</arg>
<arg>--start-maximized</arg>
<arg>--no-sandbox</arg>
<arg>--disable-dev-shm-usage</arg>
<arg>--disable-gpu</arg>
<arg>--disable-software-rasterizer</arg>
<arg>--remote-debugging-port=9222</arg>
<arg>--disable-extensions</arg>
<arg>--disable-setuid-sandbox</arg>
<doc>Returns a list containing given items.</doc>
<msg timestamp="20260122 11:41:35.220" level="INFO">${args} = ['--window-size=1920,1080', '--start-maximized', '--no-sandbox', '--disable-dev-shm-usage', '--disable-gpu', '--disable-software-rasterizer', '--remote-debugging-port=9222', '--disable-extensions', '-...</msg>
<status status="PASS" starttime="20260122 11:41:35.220" endtime="20260122 11:41:35.221"/>
</kw>
<for flavor="IN">
<var>${arg}</var>
<value>@{args}</value>
<iter>
<var name="${arg}">--window-size=1920,1080</var>
<kw name="Call Method" library="BuiltIn">
<arg>${chrome_options}</arg>
<arg>add_argument</arg>
<arg>${arg}</arg>
<doc>Calls the named method of the given object with the provided arguments.</doc>
<status status="PASS" starttime="20260122 11:41:35.221" endtime="20260122 11:41:35.221"/>
</kw>
<status status="PASS" starttime="20260122 11:41:35.221" endtime="20260122 11:41:35.221"/>
</iter>
<iter>
<var name="${arg}">--start-maximized</var>
<kw name="Call Method" library="BuiltIn">
<arg>${chrome_options}</arg>
<arg>add_argument</arg>
<arg>${arg}</arg>
<doc>Calls the named method of the given object with the provided arguments.</doc>
<status status="PASS" starttime="20260122 11:41:35.221" endtime="20260122 11:41:35.222"/>
</kw>
<status status="PASS" starttime="20260122 11:41:35.221" endtime="20260122 11:41:35.222"/>
</iter>
<iter>
<var name="${arg}">--no-sandbox</var>
<kw name="Call Method" library="BuiltIn">
<arg>${chrome_options}</arg>
<arg>add_argument</arg>
<arg>${arg}</arg>
<doc>Calls the named method of the given object with the provided arguments.</doc>
<status status="PASS" starttime="20260122 11:41:35.222" endtime="20260122 11:41:35.222"/>
</kw>
<status status="PASS" starttime="20260122 11:41:35.222" endtime="20260122 11:41:35.222"/>
</iter>
<iter>
<var name="${arg}">--disable-dev-shm-usage</var>
<kw name="Call Method" library="BuiltIn">
<arg>${chrome_options}</arg>
<arg>add_argument</arg>
<arg>${arg}</arg>
<doc>Calls the named method of the given object with the provided arguments.</doc>
<status status="PASS" starttime="20260122 11:41:35.222" endtime="20260122 11:41:35.222"/>
</kw>
<status status="PASS" starttime="20260122 11:41:35.222" endtime="20260122 11:41:35.222"/>
</iter>
<iter>
<var name="${arg}">--disable-gpu</var>
<kw name="Call Method" library="BuiltIn">
<arg>${chrome_options}</arg>
<arg>add_argument</arg>
<arg>${arg}</arg>
<doc>Calls the named method of the given object with the provided arguments.</doc>
<status status="PASS" starttime="20260122 11:41:35.223" endtime="20260122 11:41:35.223"/>
</kw>
<status status="PASS" starttime="20260122 11:41:35.223" endtime="20260122 11:41:35.223"/>
</iter>
<iter>
<var name="${arg}">--disable-software-rasterizer</var>
<kw name="Call Method" library="BuiltIn">
<arg>${chrome_options}</arg>
<arg>add_argument</arg>
<arg>${arg}</arg>
<doc>Calls the named method of the given object with the provided arguments.</doc>
<status status="PASS" starttime="20260122 11:41:35.223" endtime="20260122 11:41:35.223"/>
</kw>
<status status="PASS" starttime="20260122 11:41:35.223" endtime="20260122 11:41:35.223"/>
</iter>
<iter>
<var name="${arg}">--remote-debugging-port=9222</var>
<kw name="Call Method" library="BuiltIn">
<arg>${chrome_options}</arg>
<arg>add_argument</arg>
<arg>${arg}</arg>
<doc>Calls the named method of the given object with the provided arguments.</doc>
<status status="PASS" starttime="20260122 11:41:35.223" endtime="20260122 11:41:35.224"/>
</kw>
<status status="PASS" starttime="20260122 11:41:35.223" endtime="20260122 11:41:35.224"/>
</iter>
<iter>
<var name="${arg}">--disable-extensions</var>
<kw name="Call Method" library="BuiltIn">
<arg>${chrome_options}</arg>
<arg>add_argument</arg>
<arg>${arg}</arg>
<doc>Calls the named method of the given object with the provided arguments.</doc>
<status status="PASS" starttime="20260122 11:41:35.224" endtime="20260122 11:41:35.224"/>
</kw>
<status status="PASS" starttime="20260122 11:41:35.224" endtime="20260122 11:41:35.224"/>
</iter>
<iter>
<var name="${arg}">--disable-setuid-sandbox</var>
<kw name="Call Method" library="BuiltIn">
<arg>${chrome_options}</arg>
<arg>add_argument</arg>
<arg>${arg}</arg>
<doc>Calls the named method of the given object with the provided arguments.</doc>
<status status="PASS" starttime="20260122 11:41:35.224" endtime="20260122 11:41:35.224"/>
</kw>
<status status="PASS" starttime="20260122 11:41:35.224" endtime="20260122 11:41:35.225"/>
</iter>
<status status="PASS" starttime="20260122 11:41:35.221" endtime="20260122 11:41:35.225"/>
</for>
<kw name="Open Browser" library="SeleniumLibrary">
<arg>${BASE_URL}</arg>
<arg>${BROWSER}</arg>
<arg>options=${chrome_options}</arg>
<doc>Opens a new browser instance to the optional ``url``.</doc>
<msg timestamp="20260122 11:41:35.225" level="INFO">Opening browser 'Chrome' to base url 'https://trailquest.global/'.</msg>
<status status="PASS" starttime="20260122 11:41:35.225" endtime="20260122 11:41:41.522"/>
</kw>
<status status="PASS" starttime="20260122 11:41:35.219" endtime="20260122 11:41:41.523"/>
</kw>
<kw name="Sleep" library="BuiltIn">
<arg>2s</arg>
<doc>Pauses the test executed for the given time.</doc>
<msg timestamp="20260122 11:41:43.524" level="INFO">Slept 2 seconds</msg>
<status status="PASS" starttime="20260122 11:41:41.523" endtime="20260122 11:41:43.524"/>
</kw>
<status status="PASS" starttime="20260122 11:41:35.219" endtime="20260122 11:41:43.524"/>
</kw>
<kw name="click all elements of homepage" library="home_page">
<kw name="Verify Logo Is Visible" library="home_page">
<kw name="Wait Until Element Is Visible" library="SeleniumLibrary">
<arg>${logo}</arg>
<doc>Waits until the element ``locator`` is visible.</doc>
<status status="PASS" starttime="20260122 11:41:43.525" endtime="20260122 11:41:43.555"/>
</kw>
<kw name="Sleep" library="BuiltIn">
<arg>2s</arg>
<doc>Pauses the test executed for the given time.</doc>
<msg timestamp="20260122 11:41:45.556" level="INFO">Slept 2 seconds</msg>
<status status="PASS" starttime="20260122 11:41:43.556" endtime="20260122 11:41:45.556"/>
</kw>
<status status="PASS" starttime="20260122 11:41:43.525" endtime="20260122 11:41:45.556"/>
</kw>
<kw name="Verify Homepage Header Buttons Are Clickable" library="home_page">
<doc>Handles desktop and mobile navbar. Opens menu only if mobile menu button is visible.</doc>
<kw name="Run Keyword And Return Status" library="BuiltIn">
<var>${mobile_menu_visible}</var>
<arg>Wait Until Element Is Visible</arg>
<arg>xpath=//button[contains(@class,'icon-menu')]</arg>
<arg>5s</arg>
<doc>Runs the given keyword with given arguments and returns the status as a Boolean value.</doc>
<kw name="Wait Until Element Is Visible" library="SeleniumLibrary">
<arg>xpath=//button[contains(@class,'icon-menu')]</arg>
<arg>5s</arg>
<doc>Waits until the element ``locator`` is visible.</doc>
<msg timestamp="20260122 11:41:51.339" level="INFO" html="true">&lt;/td&gt;&lt;/tr&gt;&lt;tr&gt;&lt;td colspan="3"&gt;&lt;a href="selenium-screenshot-746.png"&gt;&lt;img src="selenium-screenshot-746.png" width="800px"&gt;&lt;/a&gt;</msg>
<msg timestamp="20260122 11:41:51.339" level="FAIL">Element 'xpath=//button[contains(@class,'icon-menu')]' not visible after 5 seconds.</msg>
<status status="FAIL" starttime="20260122 11:41:45.557" endtime="20260122 11:41:51.344"/>
</kw>
<msg timestamp="20260122 11:41:51.344" level="INFO">${mobile_menu_visible} = False</msg>
<status status="PASS" starttime="20260122 11:41:45.557" endtime="20260122 11:41:51.344"/>
</kw>
<if>
<branch type="IF" condition="${mobile_menu_visible}">
<kw name="Log" library="BuiltIn">
<arg>Mobile menu button visible, clicking to open navbar</arg>
<doc>Logs the given message with the given level.</doc>
<status status="NOT RUN" starttime="20260122 11:41:51.344" endtime="20260122 11:41:51.344"/>
</kw>
<kw name="Click Element" library="SeleniumLibrary">
<arg>xpath=//button[contains(@class,'icon-menu')]</arg>
<doc>Click the element identified by ``locator``.</doc>
<status status="NOT RUN" starttime="20260122 11:41:51.345" endtime="20260122 11:41:51.345"/>
</kw>
<kw name="Wait Until Element Is Visible" library="SeleniumLibrary">
<arg>xpath=//div[contains(@class,'js-navList')]</arg>
<arg>10s</arg>
<doc>Waits until the element ``locator`` is visible.</doc>
<status status="NOT RUN" starttime="20260122 11:41:51.345" endtime="20260122 11:41:51.345"/>
</kw>
<status status="NOT RUN" starttime="20260122 11:41:51.344" endtime="20260122 11:41:51.345"/>
</branch>
<branch type="ELSE">
<kw name="Log" library="BuiltIn">
<arg>Mobile menu button not visible, assuming desktop navbar is already visible</arg>
<doc>Logs the given message with the given level.</doc>
<msg timestamp="20260122 11:41:51.345" level="INFO">Mobile menu button not visible, assuming desktop navbar is already visible</msg>
<status status="PASS" starttime="20260122 11:41:51.345" endtime="20260122 11:41:51.346"/>
</kw>
<status status="PASS" starttime="20260122 11:41:51.345" endtime="20260122 11:41:51.346"/>
</branch>
<status status="PASS" starttime="20260122 11:41:51.344" endtime="20260122 11:41:51.346"/>
</if>
<kw name="Wait Until Element Is Visible" library="SeleniumLibrary">
<arg>xpath=//a[normalize-space()='Home']</arg>
<arg>10s</arg>
<doc>Waits until the element ``locator`` is visible.</doc>
<status status="PASS" starttime="20260122 11:41:51.346" endtime="20260122 11:41:51.372"/>
</kw>
<kw name="Click Element" library="SeleniumLibrary">
<arg>xpath=//a[normalize-space()='Home']</arg>
<doc>Click the element identified by ``locator``.</doc>
<msg timestamp="20260122 11:41:51.373" level="INFO">Clicking element 'xpath=//a[normalize-space()='Home']'.</msg>
<status status="PASS" starttime="20260122 11:41:51.373" endtime="20260122 11:41:53.781"/>
</kw>
<kw name="Wait Until Page Contains Element" library="SeleniumLibrary">
<arg>xpath=//body</arg>
<arg>5s</arg>
<doc>Waits until the element ``locator`` appears on the current page.</doc>
<status status="PASS" starttime="20260122 11:41:53.781" endtime="20260122 11:41:53.810"/>
</kw>
<kw name="Click Navbar Menu And Subitems" library="home_page">
<arg>Treks &amp; Tours</arg>
<arg>Push Your Limits</arg>
<arg>Reconnect With Nature</arg>
<arg>Declutter Your Mind</arg>
<arg>Explore The Ancients</arg>
<kw name="Wait Until Element Is Visible" library="SeleniumLibrary">
<arg>xpath=//span[normalize-space()='${menu_name}']</arg>
<arg>10s</arg>
<doc>Waits until the element ``locator`` is visible.</doc>
<status status="PASS" starttime="20260122 11:41:53.810" endtime="20260122 11:41:53.844"/>
</kw>
<kw name="Click Element" library="SeleniumLibrary">
<arg>xpath=//span[normalize-space()='${menu_name}']</arg>
<doc>Click the element identified by ``locator``.</doc>
<msg timestamp="20260122 11:41:53.845" level="INFO">Clicking element 'xpath=//span[normalize-space()='Treks &amp; Tours']'.</msg>
<status status="PASS" starttime="20260122 11:41:53.844" endtime="20260122 11:41:54.548"/>
</kw>
<for flavor="IN">
<var>${item}</var>
<value>@{submenu_items}</value>
<iter>
<var name="${item}">Push Your Limits</var>
<kw name="Wait Until Element Is Visible" library="SeleniumLibrary">
<arg>xpath=//ul[contains(@class,'subnav')]//a[normalize-space()='${item}']</arg>
<arg>10s</arg>
<doc>Waits until the element ``locator`` is visible.</doc>
<status status="PASS" starttime="20260122 11:41:54.550" endtime="20260122 11:41:54.817"/>
</kw>
<kw name="Click Element" library="SeleniumLibrary">
<arg>xpath=//ul[contains(@class,'subnav')]//a[normalize-space()='${item}']</arg>
<doc>Click the element identified by ``locator``.</doc>
<msg timestamp="20260122 11:41:54.819" level="INFO">Clicking element 'xpath=//ul[contains(@class,'subnav')]//a[normalize-space()='Push Your Limits']'.</msg>
<status status="PASS" starttime="20260122 11:41:54.817" endtime="20260122 11:41:57.127"/>
</kw>
<kw name="Wait Until Page Contains Element" library="SeleniumLibrary">
<arg>xpath=//body</arg>
<arg>5s</arg>
<doc>Waits until the element ``locator`` appears on the current page.</doc>
<status status="PASS" starttime="20260122 11:41:57.127" endtime="20260122 11:41:57.141"/>
</kw>
<kw name="Run Keyword And Return Status" library="BuiltIn">
<var>${mobile_menu_visible}</var>
<arg>Element Should Be Visible</arg>
<arg>xpath=//button[contains(@class,'icon-menu')]</arg>
<doc>Runs the given keyword with given arguments and returns the status as a Boolean value.</doc>
<kw name="Element Should Be Visible" library="SeleniumLibrary">
<arg>xpath=//button[contains(@class,'icon-menu')]</arg>
<doc>Verifies that the element identified by ``locator`` is visible.</doc>
<msg timestamp="20260122 11:41:57.339" level="INFO" html="true">&lt;/td&gt;&lt;/tr&gt;&lt;tr&gt;&lt;td colspan="3"&gt;&lt;a href="selenium-screenshot-747.png"&gt;&lt;img src="selenium-screenshot-747.png" width="800px"&gt;&lt;/a&gt;</msg>
<msg timestamp="20260122 11:41:57.339" level="FAIL">The element 'xpath=//button[contains(@class,'icon-menu')]' should be visible, but it is not.</msg>
<status status="FAIL" starttime="20260122 11:41:57.142" endtime="20260122 11:41:57.341"/>
</kw>
<msg timestamp="20260122 11:41:57.341" level="INFO">${mobile_menu_visible} = False</msg>
<status status="PASS" starttime="20260122 11:41:57.141" endtime="20260122 11:41:57.342"/>
</kw>
<if>
<branch type="IF" condition="${mobile_menu_visible}">
<kw name="Click Element" library="SeleniumLibrary">
<arg>xpath=//button[contains(@class,'icon-menu')]</arg>
<doc>Click the element identified by ``locator``.</doc>
<status status="NOT RUN" starttime="20260122 11:41:57.342" endtime="20260122 11:41:57.342"/>
</kw>
<status status="NOT RUN" starttime="20260122 11:41:57.342" endtime="20260122 11:41:57.342"/>
</branch>
<status status="PASS" starttime="20260122 11:41:57.342" endtime="20260122 11:41:57.342"/>
</if>
<kw name="Wait Until Element Is Visible" library="SeleniumLibrary">
<arg>xpath=//span[normalize-space()='${menu_name}']</arg>
<arg>10s</arg>
<doc>Waits until the element ``locator`` is visible.</doc>
<status status="PASS" starttime="20260122 11:41:57.342" endtime="20260122 11:41:57.358"/>
</kw>
<kw name="Click Element" library="SeleniumLibrary">
<arg>xpath=//span[normalize-space()='${menu_name}']</arg>
<doc>Click the element identified by ``locator``.</doc>
<msg timestamp="20260122 11:41:57.359" level="INFO">Clicking element 'xpath=//span[normalize-space()='Treks &amp; Tours']'.</msg>
<status status="PASS" starttime="20260122 11:41:57.358" endtime="20260122 11:41:57.868"/>
</kw>
<status status="PASS" starttime="20260122 11:41:54.550" endtime="20260122 11:41:57.868"/>
</iter>
<iter>
<var name="${item}">Reconnect With Nature</var>
<kw name="Wait Until Element Is Visible" library="SeleniumLibrary">
<arg>xpath=//ul[contains(@class,'subnav')]//a[normalize-space()='${item}']</arg>
<arg>10s</arg>
<doc>Waits until the element ``locator`` is visible.</doc>
<status status="PASS" starttime="20260122 11:41:57.869" endtime="20260122 11:41:58.143"/>
</kw>
<kw name="Click Element" library="SeleniumLibrary">
<arg>xpath=//ul[contains(@class,'subnav')]//a[normalize-space()='${item}']</arg>
<doc>Click the element identified by ``locator``.</doc>
<msg timestamp="20260122 11:41:58.144" level="INFO">Clicking element 'xpath=//ul[contains(@class,'subnav')]//a[normalize-space()='Reconnect With Nature']'.</msg>
<status status="PASS" starttime="20260122 11:41:58.143" endtime="20260122 11:42:00.442"/>
</kw>
<kw name="Wait Until Page Contains Element" library="SeleniumLibrary">
<arg>xpath=//body</arg>
<arg>5s</arg>
<doc>Waits until the element ``locator`` appears on the current page.</doc>
<status status="PASS" starttime="20260122 11:42:00.442" endtime="20260122 11:42:00.559"/>
</kw>
<kw name="Run Keyword And Return Status" library="BuiltIn">
<var>${mobile_menu_visible}</var>
<arg>Element Should Be Visible</arg>
<arg>xpath=//button[contains(@class,'icon-menu')]</arg>
<doc>Runs the given keyword with given arguments and returns the status as a Boolean value.</doc>
<kw name="Element Should Be Visible" library="SeleniumLibrary">
<arg>xpath=//button[contains(@class,'icon-menu')]</arg>
<doc>Verifies that the element identified by ``locator`` is visible.</doc>
<msg timestamp="20260122 11:42:00.811" level="INFO" html="true">&lt;/td&gt;&lt;/tr&gt;&lt;tr&gt;&lt;td colspan="3"&gt;&lt;a href="selenium-screenshot-748.png"&gt;&lt;img src="selenium-screenshot-748.png" width="800px"&gt;&lt;/a&gt;</msg>
<msg timestamp="20260122 11:42:00.811" level="FAIL">The element 'xpath=//button[contains(@class,'icon-menu')]' should be visible, but it is not.</msg>
<status status="FAIL" starttime="20260122 11:42:00.559" endtime="20260122 11:42:00.812"/>
</kw>
<msg timestamp="20260122 11:42:00.812" level="INFO">${mobile_menu_visible} = False</msg>
<status status="PASS" starttime="20260122 11:42:00.559" endtime="20260122 11:42:00.812"/>
</kw>
<if>
<branch type="IF" condition="${mobile_menu_visible}">
<kw name="Click Element" library="SeleniumLibrary">
<arg>xpath=//button[contains(@class,'icon-menu')]</arg>
<doc>Click the element identified by ``locator``.</doc>
<status status="NOT RUN" starttime="20260122 11:42:00.812" endtime="20260122 11:42:00.812"/>
</kw>
<status status="NOT RUN" starttime="20260122 11:42:00.812" endtime="20260122 11:42:00.812"/>
</branch>
<status status="PASS" starttime="20260122 11:42:00.812" endtime="20260122 11:42:00.812"/>
</if>
<kw name="Wait Until Element Is Visible" library="SeleniumLibrary">
<arg>xpath=//span[normalize-space()='${menu_name}']</arg>
<arg>10s</arg>
<doc>Waits until the element ``locator`` is visible.</doc>
<status status="PASS" starttime="20260122 11:42:00.812" endtime="20260122 11:42:00.827"/>
</kw>
<kw name="Click Element" library="SeleniumLibrary">
<arg>xpath=//span[normalize-space()='${menu_name}']</arg>
<doc>Click the element identified by ``locator``.</doc>
<msg timestamp="20260122 11:42:00.828" level="INFO">Clicking element 'xpath=//span[normalize-space()='Treks &amp; Tours']'.</msg>
<status status="PASS" starttime="20260122 11:42:00.827" endtime="20260122 11:42:01.199"/>
</kw>
<status status="PASS" starttime="20260122 11:41:57.869" endtime="20260122 11:42:01.199"/>
</iter>
<iter>
<var name="${item}">Declutter Your Mind</var>
<kw name="Wait Until Element Is Visible" library="SeleniumLibrary">
<arg>xpath=//ul[contains(@class,'subnav')]//a[normalize-space()='${item}']</arg>
<arg>10s</arg>
<doc>Waits until the element ``locator`` is visible.</doc>
<status status="PASS" starttime="20260122 11:42:01.200" endtime="20260122 11:42:01.447"/>
</kw>
<kw name="Click Element" library="SeleniumLibrary">
<arg>xpath=//ul[contains(@class,'subnav')]//a[normalize-space()='${item}']</arg>
<doc>Click the element identified by ``locator``.</doc>
<msg timestamp="20260122 11:42:01.448" level="INFO">Clicking element 'xpath=//ul[contains(@class,'subnav')]//a[normalize-space()='Declutter Your Mind']'.</msg>
<status status="PASS" starttime="20260122 11:42:01.448" endtime="20260122 11:42:03.064"/>
</kw>
<kw name="Wait Until Page Contains Element" library="SeleniumLibrary">
<arg>xpath=//body</arg>
<arg>5s</arg>
<doc>Waits until the element ``locator`` appears on the current page.</doc>
<status status="PASS" starttime="20260122 11:42:03.064" endtime="20260122 11:42:03.080"/>
</kw>
<kw name="Run Keyword And Return Status" library="BuiltIn">
<var>${mobile_menu_visible}</var>
<arg>Element Should Be Visible</arg>
<arg>xpath=//button[contains(@class,'icon-menu')]</arg>
<doc>Runs the given keyword with given arguments and returns the status as a Boolean value.</doc>
<kw name="Element Should Be Visible" library="SeleniumLibrary">
<arg>xpath=//button[contains(@class,'icon-menu')]</arg>
<doc>Verifies that the element identified by ``locator`` is visible.</doc>
<msg timestamp="20260122 11:42:03.290" level="INFO" html="true">&lt;/td&gt;&lt;/tr&gt;&lt;tr&gt;&lt;td colspan="3"&gt;&lt;a href="selenium-screenshot-749.png"&gt;&lt;img src="selenium-screenshot-749.png" width="800px"&gt;&lt;/a&gt;</msg>
<msg timestamp="20260122 11:42:03.290" level="FAIL">The element 'xpath=//button[contains(@class,'icon-menu')]' should be visible, but it is not.</msg>
<status status="FAIL" starttime="20260122 11:42:03.080" endtime="20260122 11:42:03.291"/>
</kw>
<msg timestamp="20260122 11:42:03.291" level="INFO">${mobile_menu_visible} = False</msg>
<status status="PASS" starttime="20260122 11:42:03.080" endtime="20260122 11:42:03.291"/>
</kw>
<if>
<branch type="IF" condition="${mobile_menu_visible}">
<kw name="Click Element" library="SeleniumLibrary">
<arg>xpath=//button[contains(@class,'icon-menu')]</arg>
<doc>Click the element identified by ``locator``.</doc>
<status status="NOT RUN" starttime="20260122 11:42:03.292" endtime="20260122 11:42:03.292"/>
</kw>
<status status="NOT RUN" starttime="20260122 11:42:03.291" endtime="20260122 11:42:03.292"/>
</branch>
<status status="PASS" starttime="20260122 11:42:03.291" endtime="20260122 11:42:03.292"/>
</if>
<kw name="Wait Until Element Is Visible" library="SeleniumLibrary">
<arg>xpath=//span[normalize-space()='${menu_name}']</arg>
<arg>10s</arg>
<doc>Waits until the element ``locator`` is visible.</doc>
<status status="PASS" starttime="20260122 11:42:03.292" endtime="20260122 11:42:03.308"/>
</kw>
<kw name="Click Element" library="SeleniumLibrary">
<arg>xpath=//span[normalize-space()='${menu_name}']</arg>
<doc>Click the element identified by ``locator``.</doc>
<msg timestamp="20260122 11:42:03.309" level="INFO">Clicking element 'xpath=//span[normalize-space()='Treks &amp; Tours']'.</msg>
<status status="PASS" starttime="20260122 11:42:03.309" endtime="20260122 11:42:03.820"/>
</kw>
<status status="PASS" starttime="20260122 11:42:01.199" endtime="20260122 11:42:03.820"/>
</iter>
<iter>
<var name="${item}">Explore The Ancients</var>
<kw name="Wait Until Element Is Visible" library="SeleniumLibrary">
<arg>xpath=//ul[contains(@class,'subnav')]//a[normalize-space()='${item}']</arg>
<arg>10s</arg>
<doc>Waits until the element ``locator`` is visible.</doc>
<status status="PASS" starttime="20260122 11:42:03.821" endtime="20260122 11:42:04.070"/>
</kw>
<kw name="Click Element" library="SeleniumLibrary">
<arg>xpath=//ul[contains(@class,'subnav')]//a[normalize-space()='${item}']</arg>
<doc>Click the element identified by ``locator``.</doc>
<msg timestamp="20260122 11:42:04.071" level="INFO">Clicking element 'xpath=//ul[contains(@class,'subnav')]//a[normalize-space()='Explore The Ancients']'.</msg>
<status status="PASS" starttime="20260122 11:42:04.070" endtime="20260122 11:42:07.471"/>
</kw>
<kw name="Wait Until Page Contains Element" library="SeleniumLibrary">
<arg>xpath=//body</arg>
<arg>5s</arg>
<doc>Waits until the element ``locator`` appears on the current page.</doc>
<status status="PASS" starttime="20260122 11:42:07.471" endtime="20260122 11:42:07.480"/>
</kw>
<kw name="Run Keyword And Return Status" library="BuiltIn">
<var>${mobile_menu_visible}</var>
<arg>Element Should Be Visible</arg>
<arg>xpath=//button[contains(@class,'icon-menu')]</arg>
<doc>Runs the given keyword with given arguments and returns the status as a Boolean value.</doc>
<kw name="Element Should Be Visible" library="SeleniumLibrary">
<arg>xpath=//button[contains(@class,'icon-menu')]</arg>
<doc>Verifies that the element identified by ``locator`` is visible.</doc>
<msg timestamp="20260122 11:42:07.672" level="INFO" html="true">&lt;/td&gt;&lt;/tr&gt;&lt;tr&gt;&lt;td colspan="3"&gt;&lt;a href="selenium-screenshot-750.png"&gt;&lt;img src="selenium-screenshot-750.png" width="800px"&gt;&lt;/a&gt;</msg>
<msg timestamp="20260122 11:42:07.672" level="FAIL">The element 'xpath=//button[contains(@class,'icon-menu')]' should be visible, but it is not.</msg>
<status status="FAIL" starttime="20260122 11:42:07.481" endtime="20260122 11:42:07.673"/>
</kw>
<msg timestamp="20260122 11:42:07.673" level="INFO">${mobile_menu_visible} = False</msg>
<status status="PASS" starttime="20260122 11:42:07.481" endtime="20260122 11:42:07.674"/>
</kw>
<if>
<branch type="IF" condition="${mobile_menu_visible}">
<kw name="Click Element" library="SeleniumLibrary">
<arg>xpath=//button[contains(@class,'icon-menu')]</arg>
<doc>Click the element identified by ``locator``.</doc>
<status status="NOT RUN" starttime="20260122 11:42:07.674" endtime="20260122 11:42:07.674"/>
</kw>
<status status="NOT RUN" starttime="20260122 11:42:07.674" endtime="20260122 11:42:07.674"/>
</branch>
<status status="PASS" starttime="20260122 11:42:07.674" endtime="20260122 11:42:07.674"/>
</if>
<kw name="Wait Until Element Is Visible" library="SeleniumLibrary">
<arg>xpath=//span[normalize-space()='${menu_name}']</arg>
<arg>10s</arg>
<doc>Waits until the element ``locator`` is visible.</doc>
<status status="PASS" starttime="20260122 11:42:07.674" endtime="20260122 11:42:07.692"/>
</kw>
<kw name="Click Element" library="SeleniumLibrary">
<arg>xpath=//span[normalize-space()='${menu_name}']</arg>
<doc>Click the element identified by ``locator``.</doc>
<msg timestamp="20260122 11:42:07.693" level="INFO">Clicking element 'xpath=//span[normalize-space()='Treks &amp; Tours']'.</msg>
<status status="PASS" starttime="20260122 11:42:07.692" endtime="20260122 11:42:08.192"/>
</kw>
<status status="PASS" starttime="20260122 11:42:03.820" endtime="20260122 11:42:08.192"/>
</iter>
<status status="PASS" starttime="20260122 11:41:54.548" endtime="20260122 11:42:08.192"/>
</for>
<status status="PASS" starttime="20260122 11:41:53.810" endtime="20260122 11:42:08.192"/>
</kw>
<kw name="Click Navbar Menu And Subitems" library="home_page">
<arg>About</arg>
<arg>Who We Are</arg>
<arg>Our Core Values</arg>
<arg>Why Choose trailQuest?</arg>
<arg>Our Squad</arg>
<arg>What We Rally For</arg>
<arg>Terms &amp; Conditions</arg>
<arg>Privacy Policy</arg>
<kw name="Wait Until Element Is Visible" library="SeleniumLibrary">
<arg>xpath=//span[normalize-space()='${menu_name}']</arg>
<arg>10s</arg>
<doc>Waits until the element ``locator`` is visible.</doc>
<status status="PASS" starttime="20260122 11:42:08.193" endtime="20260122 11:42:08.220"/>
</kw>
<kw name="Click Element" library="SeleniumLibrary">
<arg>xpath=//span[normalize-space()='${menu_name}']</arg>
<doc>Click the element identified by ``locator``.</doc>
<msg timestamp="20260122 11:42:08.221" level="INFO">Clicking element 'xpath=//span[normalize-space()='About']'.</msg>
<status status="PASS" starttime="20260122 11:42:08.220" endtime="20260122 11:42:08.291"/>
</kw>
<for flavor="IN">
<var>${item}</var>
<value>@{submenu_items}</value>
<iter>
<var name="${item}">Who We Are</var>
<kw name="Wait Until Element Is Visible" library="SeleniumLibrary">
<arg>xpath=//ul[contains(@class,'subnav')]//a[normalize-space()='${item}']</arg>
<arg>10s</arg>
<doc>Waits until the element ``locator`` is visible.</doc>
<status status="PASS" starttime="20260122 11:42:08.292" endtime="20260122 11:42:08.537"/>
</kw>
<kw name="Click Element" library="SeleniumLibrary">
<arg>xpath=//ul[contains(@class,'subnav')]//a[normalize-space()='${item}']</arg>
<doc>Click the element identified by ``locator``.</doc>
<msg timestamp="20260122 11:42:08.538" level="INFO">Clicking element 'xpath=//ul[contains(@class,'subnav')]//a[normalize-space()='Who We Are']'.</msg>
<status status="PASS" starttime="20260122 11:42:08.537" endtime="20260122 11:42:10.264"/>
</kw>
<kw name="Wait Until Page Contains Element" library="SeleniumLibrary">
<arg>xpath=//body</arg>
<arg>5s</arg>
<doc>Waits until the element ``locator`` appears on the current page.</doc>
<status status="PASS" starttime="20260122 11:42:10.264" endtime="20260122 11:42:10.277"/>
</kw>
<kw name="Run Keyword And Return Status" library="BuiltIn">
<var>${mobile_menu_visible}</var>
<arg>Element Should Be Visible</arg>
<arg>xpath=//button[contains(@class,'icon-menu')]</arg>
<doc>Runs the given keyword with given arguments and returns the status as a Boolean value.</doc>
<kw name="Element Should Be Visible" library="SeleniumLibrary">
<arg>xpath=//button[contains(@class,'icon-menu')]</arg>
<doc>Verifies that the element identified by ``locator`` is visible.</doc>
<msg timestamp="20260122 11:42:10.474" level="INFO" html="true">&lt;/td&gt;&lt;/tr&gt;&lt;tr&gt;&lt;td colspan="3"&gt;&lt;a href="selenium-screenshot-751.png"&gt;&lt;img src="selenium-screenshot-751.png" width="800px"&gt;&lt;/a&gt;</msg>
<msg timestamp="20260122 11:42:10.474" level="FAIL">The element 'xpath=//button[contains(@class,'icon-menu')]' should be visible, but it is not.</msg>
<status status="FAIL" starttime="20260122 11:42:10.278" endtime="20260122 11:42:10.476"/>
</kw>
<msg timestamp="20260122 11:42:10.476" level="INFO">${mobile_menu_visible} = False</msg>
<status status="PASS" starttime="20260122 11:42:10.277" endtime="20260122 11:42:10.476"/>
</kw>
<if>
<branch type="IF" condition="${mobile_menu_visible}">
<kw name="Click Element" library="SeleniumLibrary">
<arg>xpath=//button[contains(@class,'icon-menu')]</arg>
<doc>Click the element identified by ``locator``.</doc>
<status status="NOT RUN" starttime="20260122 11:42:10.476" endtime="20260122 11:42:10.476"/>
</kw>
<status status="NOT RUN" starttime="20260122 11:42:10.476" endtime="20260122 11:42:10.476"/>
</branch>
<status status="PASS" starttime="20260122 11:42:10.476" endtime="20260122 11:42:10.476"/>
</if>
<kw name="Wait Until Element Is Visible" library="SeleniumLibrary">
<arg>xpath=//span[normalize-space()='${menu_name}']</arg>
<arg>10s</arg>
<doc>Waits until the element ``locator`` is visible.</doc>
<status status="PASS" starttime="20260122 11:42:10.476" endtime="20260122 11:42:10.497"/>
</kw>
<kw name="Click Element" library="SeleniumLibrary">
<arg>xpath=//span[normalize-space()='${menu_name}']</arg>
<doc>Click the element identified by ``locator``.</doc>
<msg timestamp="20260122 11:42:10.497" level="INFO">Clicking element 'xpath=//span[normalize-space()='About']'.</msg>
<status status="PASS" starttime="20260122 11:42:10.497" endtime="20260122 11:42:11.023"/>
</kw>
<status status="PASS" starttime="20260122 11:42:08.291" endtime="20260122 11:42:11.023"/>
</iter>
<iter>
<var name="${item}">Our Core Values</var>
<kw name="Wait Until Element Is Visible" library="SeleniumLibrary">
<arg>xpath=//ul[contains(@class,'subnav')]//a[normalize-space()='${item}']</arg>
<arg>10s</arg>
<doc>Waits until the element ``locator`` is visible.</doc>
<status status="PASS" starttime="20260122 11:42:11.023" endtime="20260122 11:42:11.048"/>
</kw>
<kw name="Click Element" library="SeleniumLibrary">
<arg>xpath=//ul[contains(@class,'subnav')]//a[normalize-space()='${item}']</arg>
<doc>Click the element identified by ``locator``.</doc>
<msg timestamp="20260122 11:42:11.049" level="INFO">Clicking element 'xpath=//ul[contains(@class,'subnav')]//a[normalize-space()='Our Core Values']'.</msg>
<status status="PASS" starttime="20260122 11:42:11.048" endtime="20260122 11:42:12.364"/>
</kw>
<kw name="Wait Until Page Contains Element" library="SeleniumLibrary">
<arg>xpath=//body</arg>
<arg>5s</arg>
<doc>Waits until the element ``locator`` appears on the current page.</doc>
<status status="PASS" starttime="20260122 11:42:12.364" endtime="20260122 11:42:12.375"/>
</kw>
<kw name="Run Keyword And Return Status" library="BuiltIn">
<var>${mobile_menu_visible}</var>
<arg>Element Should Be Visible</arg>
<arg>xpath=//button[contains(@class,'icon-menu')]</arg>
<doc>Runs the given keyword with given arguments and returns the status as a Boolean value.</doc>
<kw name="Element Should Be Visible" library="SeleniumLibrary">
<arg>xpath=//button[contains(@class,'icon-menu')]</arg>
<doc>Verifies that the element identified by ``locator`` is visible.</doc>
<msg timestamp="20260122 11:42:12.570" level="INFO" html="true">&lt;/td&gt;&lt;/tr&gt;&lt;tr&gt;&lt;td colspan="3"&gt;&lt;a href="selenium-screenshot-752.png"&gt;&lt;img src="selenium-screenshot-752.png" width="800px"&gt;&lt;/a&gt;</msg>
<msg timestamp="20260122 11:42:12.571" level="FAIL">The element 'xpath=//button[contains(@class,'icon-menu')]' should be visible, but it is not.</msg>
<status status="FAIL" starttime="20260122 11:42:12.376" endtime="20260122 11:42:12.572"/>
</kw>
<msg timestamp="20260122 11:42:12.572" level="INFO">${mobile_menu_visible} = False</msg>
<status status="PASS" starttime="20260122 11:42:12.375" endtime="20260122 11:42:12.572"/>
</kw>
<if>
<branch type="IF" condition="${mobile_menu_visible}">
<kw name="Click Element" library="SeleniumLibrary">
<arg>xpath=//button[contains(@class,'icon-menu')]</arg>
<doc>Click the element identified by ``locator``.</doc>
<status status="NOT RUN" starttime="20260122 11:42:12.572" endtime="20260122 11:42:12.573"/>
</kw>
<status status="NOT RUN" starttime="20260122 11:42:12.572" endtime="20260122 11:42:12.573"/>
</branch>
<status status="PASS" starttime="20260122 11:42:12.572" endtime="20260122 11:42:12.573"/>
</if>
<kw name="Wait Until Element Is Visible" library="SeleniumLibrary">
<arg>xpath=//span[normalize-space()='${menu_name}']</arg>
<arg>10s</arg>
<doc>Waits until the element ``locator`` is visible.</doc>
<status status="PASS" starttime="20260122 11:42:12.573" endtime="20260122 11:42:12.593"/>
</kw>
<kw name="Click Element" library="SeleniumLibrary">
<arg>xpath=//span[normalize-space()='${menu_name}']</arg>
<doc>Click the element identified by ``locator``.</doc>
<msg timestamp="20260122 11:42:12.594" level="INFO">Clicking element 'xpath=//span[normalize-space()='About']'.</msg>
<status status="PASS" starttime="20260122 11:42:12.593" endtime="20260122 11:42:13.109"/>
</kw>
<status status="PASS" starttime="20260122 11:42:11.023" endtime="20260122 11:42:13.109"/>
</iter>
<iter>
<var name="${item}">Why Choose trailQuest?</var>
<kw name="Wait Until Element Is Visible" library="SeleniumLibrary">
<arg>xpath=//ul[contains(@class,'subnav')]//a[normalize-space()='${item}']</arg>
<arg>10s</arg>
<doc>Waits until the element ``locator`` is visible.</doc>
<status status="PASS" starttime="20260122 11:42:13.109" endtime="20260122 11:42:13.136"/>
</kw>
<kw name="Click Element" library="SeleniumLibrary">
<arg>xpath=//ul[contains(@class,'subnav')]//a[normalize-space()='${item}']</arg>
<doc>Click the element identified by ``locator``.</doc>
<msg timestamp="20260122 11:42:13.136" level="INFO">Clicking element 'xpath=//ul[contains(@class,'subnav')]//a[normalize-space()='Why Choose trailQuest?']'.</msg>
<status status="PASS" starttime="20260122 11:42:13.136" endtime="20260122 11:42:14.422"/>
</kw>
<kw name="Wait Until Page Contains Element" library="SeleniumLibrary">
<arg>xpath=//body</arg>
<arg>5s</arg>
<doc>Waits until the element ``locator`` appears on the current page.</doc>
<status status="PASS" starttime="20260122 11:42:14.422" endtime="20260122 11:42:14.431"/>
</kw>
<kw name="Run Keyword And Return Status" library="BuiltIn">
<var>${mobile_menu_visible}</var>
<arg>Element Should Be Visible</arg>
<arg>xpath=//button[contains(@class,'icon-menu')]</arg>
<doc>Runs the given keyword with given arguments and returns the status as a Boolean value.</doc>
<kw name="Element Should Be Visible" library="SeleniumLibrary">
<arg>xpath=//button[contains(@class,'icon-menu')]</arg>
<doc>Verifies that the element identified by ``locator`` is visible.</doc>
<msg timestamp="20260122 11:42:14.620" level="INFO" html="true">&lt;/td&gt;&lt;/tr&gt;&lt;tr&gt;&lt;td colspan="3"&gt;&lt;a href="selenium-screenshot-753.png"&gt;&lt;img src="selenium-screenshot-753.png" width="800px"&gt;&lt;/a&gt;</msg>
<msg timestamp="20260122 11:42:14.621" level="FAIL">The element 'xpath=//button[contains(@class,'icon-menu')]' should be visible, but it is not.</msg>
<status status="FAIL" starttime="20260122 11:42:14.431" endtime="20260122 11:42:14.622"/>
</kw>
<msg timestamp="20260122 11:42:14.622" level="INFO">${mobile_menu_visible} = False</msg>
<status status="PASS" starttime="20260122 11:42:14.431" endtime="20260122 11:42:14.622"/>
</kw>
<if>
<branch type="IF" condition="${mobile_menu_visible}">
<kw name="Click Element" library="SeleniumLibrary">
<arg>xpath=//button[contains(@class,'icon-menu')]</arg>
<doc>Click the element identified by ``locator``.</doc>
<status status="NOT RUN" starttime="20260122 11:42:14.622" endtime="20260122 11:42:14.622"/>
</kw>
<status status="NOT RUN" starttime="20260122 11:42:14.622" endtime="20260122 11:42:14.622"/>
</branch>
<status status="PASS" starttime="20260122 11:42:14.622" endtime="20260122 11:42:14.622"/>
</if>
<kw name="Wait Until Element Is Visible" library="SeleniumLibrary">
<arg>xpath=//span[normalize-space()='${menu_name}']</arg>
<arg>10s</arg>
<doc>Waits until the element ``locator`` is visible.</doc>
<status status="PASS" starttime="20260122 11:42:14.623" endtime="20260122 11:42:14.639"/>
</kw>
<kw name="Click Element" library="SeleniumLibrary">
<arg>xpath=//span[normalize-space()='${menu_name}']</arg>
<doc>Click the element identified by ``locator``.</doc>
<msg timestamp="20260122 11:42:14.639" level="INFO">Clicking element 'xpath=//span[normalize-space()='About']'.</msg>
<status status="PASS" starttime="20260122 11:42:14.639" endtime="20260122 11:42:15.148"/>
</kw>
<status status="PASS" starttime="20260122 11:42:13.109" endtime="20260122 11:42:15.149"/>
</iter>
<iter>
<var name="${item}">Our Squad</var>
<kw name="Wait Until Element Is Visible" library="SeleniumLibrary">
<arg>xpath=//ul[contains(@class,'subnav')]//a[normalize-space()='${item}']</arg>
<arg>10s</arg>
<doc>Waits until the element ``locator`` is visible.</doc>
<status status="PASS" starttime="20260122 11:42:15.150" endtime="20260122 11:42:15.392"/>
</kw>
<kw name="Click Element" library="SeleniumLibrary">
<arg>xpath=//ul[contains(@class,'subnav')]//a[normalize-space()='${item}']</arg>
<doc>Click the element identified by ``locator``.</doc>
<msg timestamp="20260122 11:42:15.393" level="INFO">Clicking element 'xpath=//ul[contains(@class,'subnav')]//a[normalize-space()='Our Squad']'.</msg>
<status status="PASS" starttime="20260122 11:42:15.392" endtime="20260122 11:42:16.716"/>
</kw>
<kw name="Wait Until Page Contains Element" library="SeleniumLibrary">
<arg>xpath=//body</arg>
<arg>5s</arg>
<doc>Waits until the element ``locator`` appears on the current page.</doc>
<status status="PASS" starttime="20260122 11:42:16.716" endtime="20260122 11:42:16.756"/>
</kw>
<kw name="Run Keyword And Return Status" library="BuiltIn">
<var>${mobile_menu_visible}</var>
<arg>Element Should Be Visible</arg>
<arg>xpath=//button[contains(@class,'icon-menu')]</arg>
<doc>Runs the given keyword with given arguments and returns the status as a Boolean value.</doc>
<kw name="Element Should Be Visible" library="SeleniumLibrary">
<arg>xpath=//button[contains(@class,'icon-menu')]</arg>
<doc>Verifies that the element identified by ``locator`` is visible.</doc>
<msg timestamp="20260122 11:42:16.987" level="INFO" html="true">&lt;/td&gt;&lt;/tr&gt;&lt;tr&gt;&lt;td colspan="3"&gt;&lt;a href="selenium-screenshot-754.png"&gt;&lt;img src="selenium-screenshot-754.png" width="800px"&gt;&lt;/a&gt;</msg>
<msg timestamp="20260122 11:42:16.987" level="FAIL">The element 'xpath=//button[contains(@class,'icon-menu')]' should be visible, but it is not.</msg>
<status status="FAIL" starttime="20260122 11:42:16.756" endtime="20260122 11:42:16.988"/>
</kw>
<msg timestamp="20260122 11:42:16.988" level="INFO">${mobile_menu_visible} = False</msg>
<status status="PASS" starttime="20260122 11:42:16.756" endtime="20260122 11:42:16.988"/>
</kw>
<if>
<branch type="IF" condition="${mobile_menu_visible}">
<kw name="Click Element" library="SeleniumLibrary">
<arg>xpath=//button[contains(@class,'icon-menu')]</arg>
<doc>Click the element identified by ``locator``.</doc>
<status status="NOT RUN" starttime="20260122 11:42:16.988" endtime="20260122 11:42:16.988"/>
</kw>
<status status="NOT RUN" starttime="20260122 11:42:16.988" endtime="20260122 11:42:16.988"/>
</branch>
<status status="PASS" starttime="20260122 11:42:16.988" endtime="20260122 11:42:16.989"/>
</if>
<kw name="Wait Until Element Is Visible" library="SeleniumLibrary">
<arg>xpath=//span[normalize-space()='${menu_name}']</arg>
<arg>10s</arg>
<doc>Waits until the element ``locator`` is visible.</doc>
<status status="PASS" starttime="20260122 11:42:16.989" endtime="20260122 11:42:17.007"/>
</kw>
<kw name="Click Element" library="SeleniumLibrary">
<arg>xpath=//span[normalize-space()='${menu_name}']</arg>
<doc>Click the element identified by ``locator``.</doc>
<msg timestamp="20260122 11:42:17.008" level="INFO">Clicking element 'xpath=//span[normalize-space()='About']'.</msg>
<status status="PASS" starttime="20260122 11:42:17.007" endtime="20260122 11:42:17.464"/>
</kw>
<status status="PASS" starttime="20260122 11:42:15.149" endtime="20260122 11:42:17.464"/>
</iter>
<iter>
<var name="${item}">What We Rally For</var>
<kw name="Wait Until Element Is Visible" library="SeleniumLibrary">
<arg>xpath=//ul[contains(@class,'subnav')]//a[normalize-space()='${item}']</arg>
<arg>10s</arg>
<doc>Waits until the element ``locator`` is visible.</doc>
<status status="PASS" starttime="20260122 11:42:17.464" endtime="20260122 11:42:17.717"/>
</kw>
<kw name="Click Element" library="SeleniumLibrary">
<arg>xpath=//ul[contains(@class,'subnav')]//a[normalize-space()='${item}']</arg>
<doc>Click the element identified by ``locator``.</doc>
<msg timestamp="20260122 11:42:17.719" level="INFO">Clicking element 'xpath=//ul[contains(@class,'subnav')]//a[normalize-space()='What We Rally For']'.</msg>
<status status="PASS" starttime="20260122 11:42:17.718" endtime="20260122 11:42:19.257"/>
</kw>
<kw name="Wait Until Page Contains Element" library="SeleniumLibrary">
<arg>xpath=//body</arg>
<arg>5s</arg>
<doc>Waits until the element ``locator`` appears on the current page.</doc>
<status status="PASS" starttime="20260122 11:42:19.258" endtime="20260122 11:42:19.269"/>
</kw>
<kw name="Run Keyword And Return Status" library="BuiltIn">
<var>${mobile_menu_visible}</var>
<arg>Element Should Be Visible</arg>
<arg>xpath=//button[contains(@class,'icon-menu')]</arg>
<doc>Runs the given keyword with given arguments and returns the status as a Boolean value.</doc>
<kw name="Element Should Be Visible" library="SeleniumLibrary">
<arg>xpath=//button[contains(@class,'icon-menu')]</arg>
<doc>Verifies that the element identified by ``locator`` is visible.</doc>
<msg timestamp="20260122 11:42:19.438" level="INFO" html="true">&lt;/td&gt;&lt;/tr&gt;&lt;tr&gt;&lt;td colspan="3"&gt;&lt;a href="selenium-screenshot-755.png"&gt;&lt;img src="selenium-screenshot-755.png" width="800px"&gt;&lt;/a&gt;</msg>
<msg timestamp="20260122 11:42:19.438" level="FAIL">The element 'xpath=//button[contains(@class,'icon-menu')]' should be visible, but it is not.</msg>
<status status="FAIL" starttime="20260122 11:42:19.269" endtime="20260122 11:42:19.439"/>
</kw>
<msg timestamp="20260122 11:42:19.439" level="INFO">${mobile_menu_visible} = False</msg>
<status status="PASS" starttime="20260122 11:42:19.269" endtime="20260122 11:42:19.439"/>
</kw>
<if>
<branch type="IF" condition="${mobile_menu_visible}">
<kw name="Click Element" library="SeleniumLibrary">
<arg>xpath=//button[contains(@class,'icon-menu')]</arg>
<doc>Click the element identified by ``locator``.</doc>
<status status="NOT RUN" starttime="20260122 11:42:19.440" endtime="20260122 11:42:19.440"/>
</kw>
<status status="NOT RUN" starttime="20260122 11:42:19.439" endtime="20260122 11:42:19.440"/>
</branch>
<status status="PASS" starttime="20260122 11:42:19.439" endtime="20260122 11:42:19.440"/>
</if>
<kw name="Wait Until Element Is Visible" library="SeleniumLibrary">
<arg>xpath=//span[normalize-space()='${menu_name}']</arg>
<arg>10s</arg>
<doc>Waits until the element ``locator`` is visible.</doc>
<status status="PASS" starttime="20260122 11:42:19.440" endtime="20260122 11:42:19.458"/>
</kw>
<kw name="Click Element" library="SeleniumLibrary">
<arg>xpath=//span[normalize-space()='${menu_name}']</arg>
<doc>Click the element identified by ``locator``.</doc>
<msg timestamp="20260122 11:42:19.458" level="INFO">Clicking element 'xpath=//span[normalize-space()='About']'.</msg>
<status status="PASS" starttime="20260122 11:42:19.458" endtime="20260122 11:42:20.094"/>
</kw>
<status status="PASS" starttime="20260122 11:42:17.464" endtime="20260122 11:42:20.094"/>
</iter>
<iter>
<var name="${item}">Terms &amp; Conditions</var>
<kw name="Wait Until Element Is Visible" library="SeleniumLibrary">
<arg>xpath=//ul[contains(@class,'subnav')]//a[normalize-space()='${item}']</arg>
<arg>10s</arg>
<doc>Waits until the element ``locator`` is visible.</doc>
<status status="PASS" starttime="20260122 11:42:20.094" endtime="20260122 11:42:20.338"/>
</kw>
<kw name="Click Element" library="SeleniumLibrary">
<arg>xpath=//ul[contains(@class,'subnav')]//a[normalize-space()='${item}']</arg>
<doc>Click the element identified by ``locator``.</doc>
<msg timestamp="20260122 11:42:20.339" level="INFO">Clicking element 'xpath=//ul[contains(@class,'subnav')]//a[normalize-space()='Terms &amp; Conditions']'.</msg>
<status status="PASS" starttime="20260122 11:42:20.339" endtime="20260122 11:42:21.570"/>
</kw>
<kw name="Wait Until Page Contains Element" library="SeleniumLibrary">
<arg>xpath=//body</arg>
<arg>5s</arg>
<doc>Waits until the element ``locator`` appears on the current page.</doc>
<status status="PASS" starttime="20260122 11:42:21.570" endtime="20260122 11:42:21.578"/>
</kw>
<kw name="Run Keyword And Return Status" library="BuiltIn">
<var>${mobile_menu_visible}</var>
<arg>Element Should Be Visible</arg>
<arg>xpath=//button[contains(@class,'icon-menu')]</arg>
<doc>Runs the given keyword with given arguments and returns the status as a Boolean value.</doc>
<kw name="Element Should Be Visible" library="SeleniumLibrary">
<arg>xpath=//button[contains(@class,'icon-menu')]</arg>
<doc>Verifies that the element identified by ``locator`` is visible.</doc>
<msg timestamp="20260122 11:42:21.883" level="INFO" html="true">&lt;/td&gt;&lt;/tr&gt;&lt;tr&gt;&lt;td colspan="3"&gt;&lt;a href="selenium-screenshot-756.png"&gt;&lt;img src="selenium-screenshot-756.png" width="800px"&gt;&lt;/a&gt;</msg>
<msg timestamp="20260122 11:42:21.883" level="FAIL">The element 'xpath=//button[contains(@class,'icon-menu')]' should be visible, but it is not.</msg>
<status status="FAIL" starttime="20260122 11:42:21.579" endtime="20260122 11:42:21.885"/>
</kw>
<msg timestamp="20260122 11:42:21.886" level="INFO">${mobile_menu_visible} = False</msg>
<status status="PASS" starttime="20260122 11:42:21.579" endtime="20260122 11:42:21.886"/>
</kw>
<if>
<branch type="IF" condition="${mobile_menu_visible}">
<kw name="Click Element" library="SeleniumLibrary">
<arg>xpath=//button[contains(@class,'icon-menu')]</arg>
<doc>Click the element identified by ``locator``.</doc>
<status status="NOT RUN" starttime="20260122 11:42:21.886" endtime="20260122 11:42:21.886"/>
</kw>
<status status="NOT RUN" starttime="20260122 11:42:21.886" endtime="20260122 11:42:21.886"/>
</branch>
<status status="PASS" starttime="20260122 11:42:21.886" endtime="20260122 11:42:21.887"/>
</if>
<kw name="Wait Until Element Is Visible" library="SeleniumLibrary">
<arg>xpath=//span[normalize-space()='${menu_name}']</arg>
<arg>10s</arg>
<doc>Waits until the element ``locator`` is visible.</doc>
<status status="PASS" starttime="20260122 11:42:21.887" endtime="20260122 11:42:21.914"/>
</kw>
<kw name="Click Element" library="SeleniumLibrary">
<arg>xpath=//span[normalize-space()='${menu_name}']</arg>
<doc>Click the element identified by ``locator``.</doc>
<msg timestamp="20260122 11:42:21.917" level="INFO">Clicking element 'xpath=//span[normalize-space()='About']'.</msg>
<status status="PASS" starttime="20260122 11:42:21.914" endtime="20260122 11:42:22.322"/>
</kw>
<status status="PASS" starttime="20260122 11:42:20.094" endtime="20260122 11:42:22.322"/>
</iter>
<iter>
<var name="${item}">Privacy Policy</var>
<kw name="Wait Until Element Is Visible" library="SeleniumLibrary">
<arg>xpath=//ul[contains(@class,'subnav')]//a[normalize-space()='${item}']</arg>
<arg>10s</arg>
<doc>Waits until the element ``locator`` is visible.</doc>
<status status="PASS" starttime="20260122 11:42:22.323" endtime="20260122 11:42:22.565"/>
</kw>
<kw name="Click Element" library="SeleniumLibrary">
<arg>xpath=//ul[contains(@class,'subnav')]//a[normalize-space()='${item}']</arg>
<doc>Click the element identified by ``locator``.</doc>
<msg timestamp="20260122 11:42:22.567" level="INFO">Clicking element 'xpath=//ul[contains(@class,'subnav')]//a[normalize-space()='Privacy Policy']'.</msg>
<status status="PASS" starttime="20260122 11:42:22.566" endtime="20260122 11:42:23.846"/>
</kw>
<kw name="Wait Until Page Contains Element" library="SeleniumLibrary">
<arg>xpath=//body</arg>
<arg>5s</arg>
<doc>Waits until the element ``locator`` appears on the current page.</doc>
<status status="PASS" starttime="20260122 11:42:23.847" endtime="20260122 11:42:23.859"/>
</kw>
<kw name="Run Keyword And Return Status" library="BuiltIn">
<var>${mobile_menu_visible}</var>
<arg>Element Should Be Visible</arg>
<arg>xpath=//button[contains(@class,'icon-menu')]</arg>
<doc>Runs the given keyword with given arguments and returns the status as a Boolean value.</doc>
<kw name="Element Should Be Visible" library="SeleniumLibrary">
<arg>xpath=//button[contains(@class,'icon-menu')]</arg>
<doc>Verifies that the element identified by ``locator`` is visible.</doc>
<msg timestamp="20260122 11:42:24.036" level="INFO" html="true">&lt;/td&gt;&lt;/tr&gt;&lt;tr&gt;&lt;td colspan="3"&gt;&lt;a href="selenium-screenshot-757.png"&gt;&lt;img src="selenium-screenshot-757.png" width="800px"&gt;&lt;/a&gt;</msg>
<msg timestamp="20260122 11:42:24.036" level="FAIL">The element 'xpath=//button[contains(@class,'icon-menu')]' should be visible, but it is not.</msg>
<status status="FAIL" starttime="20260122 11:42:23.859" endtime="20260122 11:42:24.037"/>
</kw>
<msg timestamp="20260122 11:42:24.037" level="INFO">${mobile_menu_visible} = False</msg>
<status status="PASS" starttime="20260122 11:42:23.859" endtime="20260122 11:42:24.037"/>
</kw>
<if>
<branch type="IF" condition="${mobile_menu_visible}">
<kw name="Click Element" library="SeleniumLibrary">
<arg>xpath=//button[contains(@class,'icon-menu')]</arg>
<doc>Click the element identified by ``locator``.</doc>
<status status="NOT RUN" starttime="20260122 11:42:24.037" endtime="20260122 11:42:24.037"/>
</kw>
<status status="NOT RUN" starttime="20260122 11:42:24.037" endtime="20260122 11:42:24.037"/>
</branch>
<status status="PASS" starttime="20260122 11:42:24.037" endtime="20260122 11:42:24.038"/>
</if>
<kw name="Wait Until Element Is Visible" library="SeleniumLibrary">
<arg>xpath=//span[normalize-space()='${menu_name}']</arg>
<arg>10s</arg>
<doc>Waits until the element ``locator`` is visible.</doc>
<status status="PASS" starttime="20260122 11:42:24.038" endtime="20260122 11:42:24.055"/>
</kw>
<kw name="Click Element" library="SeleniumLibrary">
<arg>xpath=//span[normalize-space()='${menu_name}']</arg>
<doc>Click the element identified by ``locator``.</doc>
<msg timestamp="20260122 11:42:24.056" level="INFO">Clicking element 'xpath=//span[normalize-space()='About']'.</msg>
<status status="PASS" starttime="20260122 11:42:24.055" endtime="20260122 11:42:24.563"/>
</kw>
<status status="PASS" starttime="20260122 11:42:22.323" endtime="20260122 11:42:24.563"/>
</iter>
<status status="PASS" starttime="20260122 11:42:08.291" endtime="20260122 11:42:24.563"/>
</for>
<status status="PASS" starttime="20260122 11:42:08.192" endtime="20260122 11:42:24.563"/>
</kw>
<kw name="Wait Until Element Is Visible" library="SeleniumLibrary">
<arg>xpath=//a[normalize-space()='FAQs']</arg>
<arg>10s</arg>
<doc>Waits until the element ``locator`` is visible.</doc>
<status status="PASS" starttime="20260122 11:42:24.563" endtime="20260122 11:42:24.594"/>
</kw>
<kw name="Click Element" library="SeleniumLibrary">
<arg>xpath=//a[normalize-space()='FAQs']</arg>
<doc>Click the element identified by ``locator``.</doc>
<msg timestamp="20260122 11:42:24.595" level="INFO">Clicking element 'xpath=//a[normalize-space()='FAQs']'.</msg>
<status status="PASS" starttime="20260122 11:42:24.594" endtime="20260122 11:42:26.442"/>
</kw>
<kw name="Wait Until Page Contains Element" library="SeleniumLibrary">
<arg>xpath=//body</arg>
<arg>5s</arg>
<doc>Waits until the element ``locator`` appears on the current page.</doc>
<status status="PASS" starttime="20260122 11:42:26.442" endtime="20260122 11:42:26.460"/>
</kw>
<kw name="Wait Until Element Is Visible" library="SeleniumLibrary">
<arg>xpath=//a[normalize-space()='Contact']</arg>
<arg>10s</arg>
<doc>Waits until the element ``locator`` is visible.</doc>
<status status="PASS" starttime="20260122 11:42:26.460" endtime="20260122 11:42:26.480"/>
</kw>
<kw name="Click Element" library="SeleniumLibrary">
<arg>xpath=//a[normalize-space()='Contact']</arg>
<doc>Click the element identified by ``locator``.</doc>
<msg timestamp="20260122 11:42:26.481" level="INFO">Clicking element 'xpath=//a[normalize-space()='Contact']'.</msg>
<status status="PASS" starttime="20260122 11:42:26.480" endtime="20260122 11:42:28.415"/>
</kw>
<status status="PASS" starttime="20260122 11:41:45.557" endtime="20260122 11:42:28.415"/>
</kw>
<kw name="Scroll Element Into View" library="SeleniumLibrary">
<arg>xpath=/html/body/div[4]/div/section/div</arg>
<doc>Scrolls the element identified by ``locator`` into view.</doc>
<status status="PASS" starttime="20260122 11:42:28.416" endtime="20260122 11:42:28.719"/>
</kw>
<status status="PASS" starttime="20260122 11:41:43.525" endtime="20260122 11:42:28.719"/>
</kw>
<kw name="Close Browser" library="SeleniumLibrary" type="TEARDOWN">
<doc>Closes the current browser.</doc>
<status status="PASS" starttime="20260122 11:42:28.720" endtime="20260122 11:42:30.994"/>
</kw>
<status status="PASS" starttime="20260122 11:41:35.218" endtime="20260122 11:42:30.994"/>
</test>
<status status="PASS" starttime="20260122 11:41:34.752" endtime="20260122 11:42:30.995"/>
</suite>
<statistics>
<total>
<stat pass="1" fail="0" skip="0">All Tests</stat>
</total>
<tag>
</tag>
<suite>
<stat pass="1" fail="0" skip="0" id="s1" name="Home Page Button">Home Page Button</stat>
</suite>
</statistics>
<errors>
</errors>
</robot>
