<?xml version="1.0" encoding="UTF-8"?>
<robot generator="Robot 6.1.1 (Python 3.13.9 on win32)" generated="20260127 17:39:18.181" rpa="false" schemaversion="4">
<suite id="s1" name="Treks Tours" source="C:\Users\Swarup Dahal\PycharmProjects\trail-quest\tests\treks_tours.robot">
<test id="s1-t1" name="Treks and Tours Test" line="9">
<kw name="Open Homepage" library="home_page">
<kw name="Open Browser To Application" library="browser">
<doc>Opens browser with specified window size 1920x1080</doc>
<kw name="Evaluate" library="BuiltIn">
<var>${chrome_options}</var>
<arg>selenium.webdriver.ChromeOptions()</arg>
<arg>modules=selenium.webdriver</arg>
<doc>Evaluates the given expression in Python and returns the result.</doc>
<msg timestamp="20260127 17:39:18.720" level="INFO">${chrome_options} = &lt;selenium.webdriver.chrome.options.Options object at 0x0000015098DCF620&gt;</msg>
<status status="PASS" starttime="20260127 17:39:18.720" endtime="20260127 17:39:18.720"/>
</kw>
<kw name="Set Variable" library="BuiltIn">
<var>${window_size_arg}</var>
<arg>--window-size\=${WINDOW_WIDTH},${WINDOW_HEIGHT}</arg>
<doc>Returns the given values which can then be assigned to a variables.</doc>
<msg timestamp="20260127 17:39:18.721" level="INFO">${window_size_arg} = --window-size=1920,1080</msg>
<status status="PASS" starttime="20260127 17:39:18.720" endtime="20260127 17:39:18.721"/>
</kw>
<kw name="Call Method" library="BuiltIn">
<arg>${chrome_options}</arg>
<arg>add_argument</arg>
<arg>${window_size_arg}</arg>
<doc>Calls the named method of the given object with the provided arguments.</doc>
<status status="PASS" starttime="20260127 17:39:18.721" endtime="20260127 17:39:18.721"/>
</kw>
<kw name="Call Method" library="BuiltIn">
<arg>${chrome_options}</arg>
<arg>add_argument</arg>
<arg>--start-maximized</arg>
<doc>Calls the named method of the given object with the provided arguments.</doc>
<status status="PASS" starttime="20260127 17:39:18.721" endtime="20260127 17:39:18.722"/>
</kw>
<kw name="Call Method" library="BuiltIn">
<arg>${chrome_options}</arg>
<arg>add_argument</arg>
<arg>--disable-gpu</arg>
<doc>Calls the named method of the given object with the provided arguments.</doc>
<status status="PASS" starttime="20260127 17:39:18.722" endtime="20260127 17:39:18.722"/>
</kw>
<kw name="Call Method" library="BuiltIn">
<arg>${chrome_options}</arg>
<arg>add_argument</arg>
<arg>--disable-extensions</arg>
<doc>Calls the named method of the given object with the provided arguments.</doc>
<status status="PASS" starttime="20260127 17:39:18.722" endtime="20260127 17:39:18.722"/>
</kw>
<kw name="Call Method" library="BuiltIn">
<arg>${chrome_options}</arg>
<arg>add_argument</arg>
<arg>--no-sandbox</arg>
<doc>Calls the named method of the given object with the provided arguments.</doc>
<status status="PASS" starttime="20260127 17:39:18.722" endtime="20260127 17:39:18.723"/>
</kw>
<kw name="Open Browser" library="SeleniumLibrary">
<arg>${BASE_URL}</arg>
<arg>${BROWSER}</arg>
<arg>options=${chrome_options}</arg>
<doc>Opens a new browser instance to the optional ``url``.</doc>
<msg timestamp="20260127 17:39:18.724" level="INFO">Opening browser 'chrome' to base url 'https://trailquest.global/'.</msg>
<status status="PASS" starttime="20260127 17:39:18.723" endtime="20260127 17:39:23.148"/>
</kw>
<kw name="Set Selenium Timeout" library="SeleniumLibrary">
<arg>${TIMEOUT}</arg>
<doc>Sets the timeout that is used by various keywords.</doc>
<status status="PASS" starttime="20260127 17:39:23.148" endtime="20260127 17:39:23.150"/>
</kw>
<kw name="Set Window Size" library="SeleniumLibrary">
<arg>${WINDOW_WIDTH}</arg>
<arg>${WINDOW_HEIGHT}</arg>
<doc>Sets current windows size to given ``width`` and ``height``.</doc>
<status status="PASS" starttime="20260127 17:39:23.150" endtime="20260127 17:39:23.530"/>
</kw>
<status status="PASS" starttime="20260127 17:39:18.719" endtime="20260127 17:39:23.530"/>
</kw>
<kw name="Sleep" library="BuiltIn">
<arg>2s</arg>
<doc>Pauses the test executed for the given time.</doc>
<msg timestamp="20260127 17:39:25.531" level="INFO">Slept 2 seconds</msg>
<status status="PASS" starttime="20260127 17:39:23.531" endtime="20260127 17:39:25.532"/>
</kw>
<status status="PASS" starttime="20260127 17:39:18.719" endtime="20260127 17:39:25.532"/>
</kw>
<kw name="Test The Push Your Limit" library="treks_tours">
<kw name="Verify Logo Is Visible" library="home_page">
<kw name="Wait Until Element Is Visible" library="SeleniumLibrary">
<arg>${logo}</arg>
<doc>Waits until the element ``locator`` is visible.</doc>
<status status="PASS" starttime="20260127 17:39:25.533" endtime="20260127 17:39:25.565"/>
</kw>
<kw name="Sleep" library="BuiltIn">
<arg>2s</arg>
<doc>Pauses the test executed for the given time.</doc>
<msg timestamp="20260127 17:39:27.566" level="INFO">Slept 2 seconds</msg>
<status status="PASS" starttime="20260127 17:39:25.566" endtime="20260127 17:39:27.566"/>
</kw>
<status status="PASS" starttime="20260127 17:39:25.532" endtime="20260127 17:39:27.566"/>
</kw>
<kw name="Open Trek And Tours Menu" library="home_page">
<kw name="Wait And Click" library="keywords">
<arg>${trek_and_tours}</arg>
<doc>Waits until element is visible &amp; enabled, scrolls into view, clicks, fallback to JS if normal click fails</doc>
<kw name="Wait Until Element Is Visible" library="SeleniumLibrary">
<arg>${locator}</arg>
<arg>${timeout}</arg>
<doc>Waits until the element ``locator`` is visible.</doc>
<status status="PASS" starttime="20260127 17:39:27.567" endtime="20260127 17:39:27.588"/>
</kw>
<kw name="Wait Until Element Is Enabled" library="SeleniumLibrary">
<arg>${locator}</arg>
<arg>${timeout}</arg>
<doc>Waits until the element ``locator`` is enabled.</doc>
<status status="PASS" starttime="20260127 17:39:27.588" endtime="20260127 17:39:27.614"/>
</kw>
<kw name="Scroll Element Into View" library="SeleniumLibrary">
<arg>${locator}</arg>
<doc>Scrolls the element identified by ``locator`` into view.</doc>
<status status="PASS" starttime="20260127 17:39:27.614" endtime="20260127 17:39:27.898"/>
</kw>
<kw name="Run Keyword And Return Status" library="BuiltIn">
<var>${clicked}</var>
<arg>Click Element</arg>
<arg>${locator}</arg>
<doc>Runs the given keyword with given arguments and returns the status as a Boolean value.</doc>
<kw name="Click Element" library="SeleniumLibrary">
<arg>${locator}</arg>
<doc>Click the element identified by ``locator``.</doc>
<msg timestamp="20260127 17:39:27.899" level="INFO">Clicking element 'xpath=/html/body/div[1]/header/div[1]/div/div/div/div/div[2]/div[2]/ul/li[2]/a/i'.</msg>
<status status="PASS" starttime="20260127 17:39:27.899" endtime="20260127 17:39:27.982"/>
</kw>
<msg timestamp="20260127 17:39:27.982" level="INFO">${clicked} = True</msg>
<status status="PASS" starttime="20260127 17:39:27.898" endtime="20260127 17:39:27.982"/>
</kw>
<if>
<branch type="IF" condition="not ${clicked}">
<kw name="Log" library="BuiltIn">
<arg>Using JS click fallback for ${locator}</arg>
<doc>Logs the given message with the given level.</doc>
<status status="NOT RUN" starttime="20260127 17:39:27.983" endtime="20260127 17:39:27.983"/>
</kw>
<kw name="Execute Javascript" library="SeleniumLibrary">
<arg>arguments[0].click();</arg>
<arg>document.evaluate("${locator.replace('xpath=','')}", document, null, XPathResult.FIRST_ORDERED_NODE_TYPE, null).singleNodeValue</arg>
<doc>Executes the given JavaScript code with possible arguments.</doc>
<status status="NOT RUN" starttime="20260127 17:39:27.983" endtime="20260127 17:39:27.983"/>
</kw>
<status status="NOT RUN" starttime="20260127 17:39:27.983" endtime="20260127 17:39:27.983"/>
</branch>
<status status="PASS" starttime="20260127 17:39:27.983" endtime="20260127 17:39:27.983"/>
</if>
<status status="PASS" starttime="20260127 17:39:27.567" endtime="20260127 17:39:27.983"/>
</kw>
<kw name="Sleep" library="BuiltIn">
<arg>2s</arg>
<doc>Pauses the test executed for the given time.</doc>
<msg timestamp="20260127 17:39:29.984" level="INFO">Slept 2 seconds</msg>
<status status="PASS" starttime="20260127 17:39:27.983" endtime="20260127 17:39:29.984"/>
</kw>
<status status="PASS" starttime="20260127 17:39:27.566" endtime="20260127 17:39:29.984"/>
</kw>
<kw name="Click Push Your Limit" library="home_page">
<kw name="Wait And Click" library="keywords">
<arg>${push_your_limit}</arg>
<doc>Waits until element is visible &amp; enabled, scrolls into view, clicks, fallback to JS if normal click fails</doc>
<kw name="Wait Until Element Is Visible" library="SeleniumLibrary">
<arg>${locator}</arg>
<arg>${timeout}</arg>
<doc>Waits until the element ``locator`` is visible.</doc>
<status status="PASS" starttime="20260127 17:39:29.985" endtime="20260127 17:39:30.007"/>
</kw>
<kw name="Wait Until Element Is Enabled" library="SeleniumLibrary">
<arg>${locator}</arg>
<arg>${timeout}</arg>
<doc>Waits until the element ``locator`` is enabled.</doc>
<status status="PASS" starttime="20260127 17:39:30.008" endtime="20260127 17:39:30.028"/>
</kw>
<kw name="Scroll Element Into View" library="SeleniumLibrary">
<arg>${locator}</arg>
<doc>Scrolls the element identified by ``locator`` into view.</doc>
<status status="PASS" starttime="20260127 17:39:30.028" endtime="20260127 17:39:30.310"/>
</kw>
<kw name="Run Keyword And Return Status" library="BuiltIn">
<var>${clicked}</var>
<arg>Click Element</arg>
<arg>${locator}</arg>
<doc>Runs the given keyword with given arguments and returns the status as a Boolean value.</doc>
<kw name="Click Element" library="SeleniumLibrary">
<arg>${locator}</arg>
<doc>Click the element identified by ``locator``.</doc>
<msg timestamp="20260127 17:39:30.311" level="INFO">Clicking element 'xpath=/html/body/div[1]/header/div[1]/div/div/div/div/div[2]/div[2]/ul/li[2]/ul/li[2]/a'.</msg>
<status status="PASS" starttime="20260127 17:39:30.311" endtime="20260127 17:39:32.358"/>
</kw>
<msg timestamp="20260127 17:39:32.359" level="INFO">${clicked} = True</msg>
<status status="PASS" starttime="20260127 17:39:30.310" endtime="20260127 17:39:32.359"/>
</kw>
<if>
<branch type="IF" condition="not ${clicked}">
<kw name="Log" library="BuiltIn">
<arg>Using JS click fallback for ${locator}</arg>
<doc>Logs the given message with the given level.</doc>
<status status="NOT RUN" starttime="20260127 17:39:32.361" endtime="20260127 17:39:32.362"/>
</kw>
<kw name="Execute Javascript" library="SeleniumLibrary">
<arg>arguments[0].click();</arg>
<arg>document.evaluate("${locator.replace('xpath=','')}", document, null, XPathResult.FIRST_ORDERED_NODE_TYPE, null).singleNodeValue</arg>
<doc>Executes the given JavaScript code with possible arguments.</doc>
<status status="NOT RUN" starttime="20260127 17:39:32.362" endtime="20260127 17:39:32.362"/>
</kw>
<status status="NOT RUN" starttime="20260127 17:39:32.360" endtime="20260127 17:39:32.362"/>
</branch>
<status status="PASS" starttime="20260127 17:39:32.360" endtime="20260127 17:39:32.362"/>
</if>
<status status="PASS" starttime="20260127 17:39:29.985" endtime="20260127 17:39:32.362"/>
</kw>
<kw name="Sleep" library="BuiltIn">
<arg>2s</arg>
<doc>Pauses the test executed for the given time.</doc>
<msg timestamp="20260127 17:39:34.363" level="INFO">Slept 2 seconds</msg>
<status status="PASS" starttime="20260127 17:39:32.362" endtime="20260127 17:39:34.363"/>
</kw>
<status status="PASS" starttime="20260127 17:39:29.985" endtime="20260127 17:39:34.363"/>
</kw>
<kw name="Go Down to" library="treks_tours">
<kw name="Scroll Element Into View" library="SeleniumLibrary">
<arg>${header}</arg>
<doc>Scrolls the element identified by ``locator`` into view.</doc>
<status status="PASS" starttime="20260127 17:39:34.364" endtime="20260127 17:39:34.653"/>
</kw>
<kw name="Sleep" library="BuiltIn">
<arg>2s</arg>
<doc>Pauses the test executed for the given time.</doc>
<msg timestamp="20260127 17:39:36.654" level="INFO">Slept 2 seconds</msg>
<status status="PASS" starttime="20260127 17:39:34.653" endtime="20260127 17:39:36.654"/>
</kw>
<status status="PASS" starttime="20260127 17:39:34.363" endtime="20260127 17:39:36.654"/>
</kw>
<kw name="Click Easy" library="treks_tours">
<kw name="Wait And Click" library="keywords">
<arg>${easy}</arg>
<doc>Waits until element is visible &amp; enabled, scrolls into view, clicks, fallback to JS if normal click fails</doc>
<kw name="Wait Until Element Is Visible" library="SeleniumLibrary">
<arg>${locator}</arg>
<arg>${timeout}</arg>
<doc>Waits until the element ``locator`` is visible.</doc>
<status status="PASS" starttime="20260127 17:39:36.656" endtime="20260127 17:39:36.676"/>
</kw>
<kw name="Wait Until Element Is Enabled" library="SeleniumLibrary">
<arg>${locator}</arg>
<arg>${timeout}</arg>
<doc>Waits until the element ``locator`` is enabled.</doc>
<status status="PASS" starttime="20260127 17:39:36.676" endtime="20260127 17:39:36.703"/>
</kw>
<kw name="Scroll Element Into View" library="SeleniumLibrary">
<arg>${locator}</arg>
<doc>Scrolls the element identified by ``locator`` into view.</doc>
<status status="PASS" starttime="20260127 17:39:36.704" endtime="20260127 17:39:36.994"/>
</kw>
<kw name="Run Keyword And Return Status" library="BuiltIn">
<var>${clicked}</var>
<arg>Click Element</arg>
<arg>${locator}</arg>
<doc>Runs the given keyword with given arguments and returns the status as a Boolean value.</doc>
<kw name="Click Element" library="SeleniumLibrary">
<arg>${locator}</arg>
<doc>Click the element identified by ``locator``.</doc>
<msg timestamp="20260127 17:39:36.995" level="INFO">Clicking element 'xpath=/html/body/div[3]/section/div/div/ul/li[1]/h3'.</msg>
<status status="PASS" starttime="20260127 17:39:36.994" endtime="20260127 17:39:37.056"/>
</kw>
<msg timestamp="20260127 17:39:37.056" level="INFO">${clicked} = True</msg>
<status status="PASS" starttime="20260127 17:39:36.994" endtime="20260127 17:39:37.056"/>
</kw>
<if>
<branch type="IF" condition="not ${clicked}">
<kw name="Log" library="BuiltIn">
<arg>Using JS click fallback for ${locator}</arg>
<doc>Logs the given message with the given level.</doc>
<status status="NOT RUN" starttime="20260127 17:39:37.057" endtime="20260127 17:39:37.057"/>
</kw>
<kw name="Execute Javascript" library="SeleniumLibrary">
<arg>arguments[0].click();</arg>
<arg>document.evaluate("${locator.replace('xpath=','')}", document, null, XPathResult.FIRST_ORDERED_NODE_TYPE, null).singleNodeValue</arg>
<doc>Executes the given JavaScript code with possible arguments.</doc>
<status status="NOT RUN" starttime="20260127 17:39:37.057" endtime="20260127 17:39:37.057"/>
</kw>
<status status="NOT RUN" starttime="20260127 17:39:37.056" endtime="20260127 17:39:37.057"/>
</branch>
<status status="PASS" starttime="20260127 17:39:37.056" endtime="20260127 17:39:37.057"/>
</if>
<status status="PASS" starttime="20260127 17:39:36.655" endtime="20260127 17:39:37.057"/>
</kw>
<status status="PASS" starttime="20260127 17:39:36.654" endtime="20260127 17:39:37.057"/>
</kw>
<kw name="Click Everest Picture" library="treks_tours">
<kw name="Wait And Click" library="keywords">
<arg>${everest_picture}</arg>
<doc>Waits until element is visible &amp; enabled, scrolls into view, clicks, fallback to JS if normal click fails</doc>
<kw name="Wait Until Element Is Visible" library="SeleniumLibrary">
<arg>${locator}</arg>
<arg>${timeout}</arg>
<doc>Waits until the element ``locator`` is visible.</doc>
<status status="PASS" starttime="20260127 17:39:37.058" endtime="20260127 17:39:37.077"/>
</kw>
<kw name="Wait Until Element Is Enabled" library="SeleniumLibrary">
<arg>${locator}</arg>
<arg>${timeout}</arg>
<doc>Waits until the element ``locator`` is enabled.</doc>
<status status="PASS" starttime="20260127 17:39:37.078" endtime="20260127 17:39:37.098"/>
</kw>
<kw name="Scroll Element Into View" library="SeleniumLibrary">
<arg>${locator}</arg>
<doc>Scrolls the element identified by ``locator`` into view.</doc>
<status status="PASS" starttime="20260127 17:39:37.098" endtime="20260127 17:39:37.382"/>
</kw>
<kw name="Run Keyword And Return Status" library="BuiltIn">
<var>${clicked}</var>
<arg>Click Element</arg>
<arg>${locator}</arg>
<doc>Runs the given keyword with given arguments and returns the status as a Boolean value.</doc>
<kw name="Click Element" library="SeleniumLibrary">
<arg>${locator}</arg>
<doc>Click the element identified by ``locator``.</doc>
<msg timestamp="20260127 17:39:37.383" level="INFO">Clicking element 'xpath=/html/body/div[3]/section/div/div/div[3]/section/div/div/div/div[2]/div[1]'.</msg>
<status status="PASS" starttime="20260127 17:39:37.382" endtime="20260127 17:39:38.978"/>
</kw>
<msg timestamp="20260127 17:39:38.978" level="INFO">${clicked} = True</msg>
<status status="PASS" starttime="20260127 17:39:37.382" endtime="20260127 17:39:38.978"/>
</kw>
<if>
<branch type="IF" condition="not ${clicked}">
<kw name="Log" library="BuiltIn">
<arg>Using JS click fallback for ${locator}</arg>
<doc>Logs the given message with the given level.</doc>
<status status="NOT RUN" starttime="20260127 17:39:38.980" endtime="20260127 17:39:38.980"/>
</kw>
<kw name="Execute Javascript" library="SeleniumLibrary">
<arg>arguments[0].click();</arg>
<arg>document.evaluate("${locator.replace('xpath=','')}", document, null, XPathResult.FIRST_ORDERED_NODE_TYPE, null).singleNodeValue</arg>
<doc>Executes the given JavaScript code with possible arguments.</doc>
<status status="NOT RUN" starttime="20260127 17:39:38.980" endtime="20260127 17:39:38.980"/>
</kw>
<status status="NOT RUN" starttime="20260127 17:39:38.979" endtime="20260127 17:39:38.980"/>
</branch>
<status status="PASS" starttime="20260127 17:39:38.979" endtime="20260127 17:39:38.980"/>
</if>
<status status="PASS" starttime="20260127 17:39:37.057" endtime="20260127 17:39:38.980"/>
</kw>
<kw name="Wait Until Element Is Visible" library="SeleniumLibrary">
<arg>${everest_header}</arg>
<doc>Waits until the element ``locator`` is visible.</doc>
<status status="PASS" starttime="20260127 17:39:38.980" endtime="20260127 17:39:39.018"/>
</kw>
<status status="PASS" starttime="20260127 17:39:37.057" endtime="20260127 17:39:39.018"/>
</kw>
<kw name="Click All Everest Sticky Navbar Links" library="treks_tours">
<kw name="Scroll Element Into View" library="SeleniumLibrary">
<arg>${nav_bar}</arg>
<doc>Scrolls the element identified by ``locator`` into view.</doc>
<status status="PASS" starttime="20260127 17:39:39.018" endtime="20260127 17:39:39.333"/>
</kw>
<kw name="Get WebElement" library="SeleniumLibrary">
<var>${section}</var>
<arg>xpath=//*[@data-section='nav-intro']</arg>
<doc>Returns the first WebElement matching the given ``locator``.</doc>
<msg timestamp="20260127 17:39:39.348" level="INFO">${section} = &lt;selenium.webdriver.remote.webelement.WebElement (session="e6bb243822e3e2423042b9ab98403cc6", element="f.CC336B1C1CE3EA80240A1BD468A9C865.d.FB8AA86B2F542876FD77BAB5D3BCF6AC.e.76")&gt;</msg>
<status status="PASS" starttime="20260127 17:39:39.334" endtime="20260127 17:39:39.348"/>
</kw>
<kw name="Get WebElements" library="SeleniumLibrary">
<var>${nav_links}</var>
<arg>xpath=//nav[contains(@class,'sticky-navbar')][1]//ul/li/a[contains(@class,'nav-link')]</arg>
<doc>Returns a list of WebElement objects matching the ``locator``.</doc>
<msg timestamp="20260127 17:39:39.362" level="INFO">${nav_links} = [&lt;selenium.webdriver.remote.webelement.WebElement (session="e6bb243822e3e2423042b9ab98403cc6", element="f.CC336B1C1CE3EA80240A1BD468A9C865.d.FB8AA86B2F542876FD77BAB5D3BCF6AC.e.76")&gt;, &lt;selenium.webdriv...</msg>
<status status="PASS" starttime="20260127 17:39:39.348" endtime="20260127 17:39:39.362"/>
</kw>
<for flavor="IN">
<var>${link}</var>
<value>@{nav_links}</value>
<iter>
<var name="${link}">&lt;selenium.webdriver.remote.webelement.WebElement (session="e6bb243822e3e2423042b9ab98403cc6", element="f.CC336B1C1CE3EA80240A1BD468A9C865.d.FB8AA86B2F542876FD77BAB5D3BCF6AC.e.76")&gt;</var>
<kw name="Get Text" library="SeleniumLibrary">
<var>${link_text}</var>
<arg>${link}</arg>
<doc>Returns the text value of the element identified by ``locator``.</doc>
<msg timestamp="20260127 17:39:39.379" level="INFO">${link_text} = Intro</msg>
<status status="PASS" starttime="20260127 17:39:39.363" endtime="20260127 17:39:39.379"/>
</kw>
<kw name="Log" library="BuiltIn">
<arg>Clicking navbar link: ${link_text}</arg>
<doc>Logs the given message with the given level.</doc>
<msg timestamp="20260127 17:39:39.379" level="INFO">Clicking navbar link: Intro</msg>
<status status="PASS" starttime="20260127 17:39:39.379" endtime="20260127 17:39:39.379"/>
</kw>
<kw name="Scroll Element Into View" library="SeleniumLibrary">
<arg>${link}</arg>
<doc>Scrolls the element identified by ``locator`` into view.</doc>
<status status="PASS" starttime="20260127 17:39:39.380" endtime="20260127 17:39:39.647"/>
</kw>
<kw name="Sleep" library="BuiltIn">
<arg>0.5s</arg>
<doc>Pauses the test executed for the given time.</doc>
<msg timestamp="20260127 17:39:40.148" level="INFO">Slept 500 milliseconds</msg>
<status status="PASS" starttime="20260127 17:39:39.647" endtime="20260127 17:39:40.149"/>
</kw>
<kw name="Click Element" library="SeleniumLibrary">
<arg>${link}</arg>
<doc>Click the element identified by ``locator``.</doc>
<msg timestamp="20260127 17:39:40.149" level="INFO">Clicking element '&lt;selenium.webdriver.remote.webelement.WebElement (session="e6bb243822e3e2423042b9ab98403cc6", element="f.CC336B1C1CE3EA80240A1BD468A9C865.d.FB8AA86B2F542876FD77BAB5D3BCF6AC.e.76")&gt;'.</msg>
<status status="PASS" starttime="20260127 17:39:40.149" endtime="20260127 17:39:40.219"/>
</kw>
<kw name="Sleep" library="BuiltIn">
<arg>1s</arg>
<doc>Pauses the test executed for the given time.</doc>
<msg timestamp="20260127 17:39:41.220" level="INFO">Slept 1 second</msg>
<status status="PASS" starttime="20260127 17:39:40.219" endtime="20260127 17:39:41.220"/>
</kw>
<kw name="Capture Page Screenshot" library="SeleniumLibrary">
<doc>Takes a screenshot of the current page and embeds it into a log file.</doc>
<msg timestamp="20260127 17:39:41.408" level="INFO" html="true">&lt;/td&gt;&lt;/tr&gt;&lt;tr&gt;&lt;td colspan="3"&gt;&lt;a href="selenium-screenshot-1694.png"&gt;&lt;img src="selenium-screenshot-1694.png" width="800px"&gt;&lt;/a&gt;</msg>
<status status="PASS" starttime="20260127 17:39:41.220" endtime="20260127 17:39:41.408"/>
</kw>
<status status="PASS" starttime="20260127 17:39:39.363" endtime="20260127 17:39:41.408"/>
</iter>
<iter>
<var name="${link}">&lt;selenium.webdriver.remote.webelement.WebElement (session="e6bb243822e3e2423042b9ab98403cc6", element="f.CC336B1C1CE3EA80240A1BD468A9C865.d.FB8AA86B2F542876FD77BAB5D3BCF6AC.e.77")&gt;</var>
<kw name="Get Text" library="SeleniumLibrary">
<var>${link_text}</var>
<arg>${link}</arg>
<doc>Returns the text value of the element identified by ``locator``.</doc>
<msg timestamp="20260127 17:39:41.417" level="INFO">${link_text} = KBYG</msg>
<status status="PASS" starttime="20260127 17:39:41.408" endtime="20260127 17:39:41.417"/>
</kw>
<kw name="Log" library="BuiltIn">
<arg>Clicking navbar link: ${link_text}</arg>
<doc>Logs the given message with the given level.</doc>
<msg timestamp="20260127 17:39:41.418" level="INFO">Clicking navbar link: KBYG</msg>
<status status="PASS" starttime="20260127 17:39:41.418" endtime="20260127 17:39:41.418"/>
</kw>
<kw name="Scroll Element Into View" library="SeleniumLibrary">
<arg>${link}</arg>
<doc>Scrolls the element identified by ``locator`` into view.</doc>
<status status="PASS" starttime="20260127 17:39:41.418" endtime="20260127 17:39:41.701"/>
</kw>
<kw name="Sleep" library="BuiltIn">
<arg>0.5s</arg>
<doc>Pauses the test executed for the given time.</doc>
<msg timestamp="20260127 17:39:42.203" level="INFO">Slept 500 milliseconds</msg>
<status status="PASS" starttime="20260127 17:39:41.701" endtime="20260127 17:39:42.203"/>
</kw>
<kw name="Click Element" library="SeleniumLibrary">
<arg>${link}</arg>
<doc>Click the element identified by ``locator``.</doc>
<msg timestamp="20260127 17:39:42.203" level="INFO">Clicking element '&lt;selenium.webdriver.remote.webelement.WebElement (session="e6bb243822e3e2423042b9ab98403cc6", element="f.CC336B1C1CE3EA80240A1BD468A9C865.d.FB8AA86B2F542876FD77BAB5D3BCF6AC.e.77")&gt;'.</msg>
<status status="PASS" starttime="20260127 17:39:42.203" endtime="20260127 17:39:42.250"/>
</kw>
<kw name="Sleep" library="BuiltIn">
<arg>1s</arg>
<doc>Pauses the test executed for the given time.</doc>
<msg timestamp="20260127 17:39:43.251" level="INFO">Slept 1 second</msg>
<status status="PASS" starttime="20260127 17:39:42.251" endtime="20260127 17:39:43.252"/>
</kw>
<kw name="Capture Page Screenshot" library="SeleniumLibrary">
<doc>Takes a screenshot of the current page and embeds it into a log file.</doc>
<msg timestamp="20260127 17:39:43.442" level="INFO" html="true">&lt;/td&gt;&lt;/tr&gt;&lt;tr&gt;&lt;td colspan="3"&gt;&lt;a href="selenium-screenshot-1695.png"&gt;&lt;img src="selenium-screenshot-1695.png" width="800px"&gt;&lt;/a&gt;</msg>
<status status="PASS" starttime="20260127 17:39:43.252" endtime="20260127 17:39:43.442"/>
</kw>
<status status="PASS" starttime="20260127 17:39:41.408" endtime="20260127 17:39:43.442"/>
</iter>
<iter>
<var name="${link}">&lt;selenium.webdriver.remote.webelement.WebElement (session="e6bb243822e3e2423042b9ab98403cc6", element="f.CC336B1C1CE3EA80240A1BD468A9C865.d.FB8AA86B2F542876FD77BAB5D3BCF6AC.e.78")&gt;</var>
<kw name="Get Text" library="SeleniumLibrary">
<var>${link_text}</var>
<arg>${link}</arg>
<doc>Returns the text value of the element identified by ``locator``.</doc>
<msg timestamp="20260127 17:39:43.451" level="INFO">${link_text} = Hightlights</msg>
<status status="PASS" starttime="20260127 17:39:43.443" endtime="20260127 17:39:43.452"/>
</kw>
<kw name="Log" library="BuiltIn">
<arg>Clicking navbar link: ${link_text}</arg>
<doc>Logs the given message with the given level.</doc>
<msg timestamp="20260127 17:39:43.452" level="INFO">Clicking navbar link: Hightlights</msg>
<status status="PASS" starttime="20260127 17:39:43.452" endtime="20260127 17:39:43.452"/>
</kw>
<kw name="Scroll Element Into View" library="SeleniumLibrary">
<arg>${link}</arg>
<doc>Scrolls the element identified by ``locator`` into view.</doc>
<status status="PASS" starttime="20260127 17:39:43.452" endtime="20260127 17:39:43.726"/>
</kw>
<kw name="Sleep" library="BuiltIn">
<arg>0.5s</arg>
<doc>Pauses the test executed for the given time.</doc>
<msg timestamp="20260127 17:39:44.227" level="INFO">Slept 500 milliseconds</msg>
<status status="PASS" starttime="20260127 17:39:43.726" endtime="20260127 17:39:44.227"/>
</kw>
<kw name="Click Element" library="SeleniumLibrary">
<arg>${link}</arg>
<doc>Click the element identified by ``locator``.</doc>
<msg timestamp="20260127 17:39:44.228" level="INFO">Clicking element '&lt;selenium.webdriver.remote.webelement.WebElement (session="e6bb243822e3e2423042b9ab98403cc6", element="f.CC336B1C1CE3EA80240A1BD468A9C865.d.FB8AA86B2F542876FD77BAB5D3BCF6AC.e.78")&gt;'.</msg>
<status status="PASS" starttime="20260127 17:39:44.227" endtime="20260127 17:39:44.275"/>
</kw>
<kw name="Sleep" library="BuiltIn">
<arg>1s</arg>
<doc>Pauses the test executed for the given time.</doc>
<msg timestamp="20260127 17:39:45.275" level="INFO">Slept 1 second</msg>
<status status="PASS" starttime="20260127 17:39:44.275" endtime="20260127 17:39:45.275"/>
</kw>
<kw name="Capture Page Screenshot" library="SeleniumLibrary">
<doc>Takes a screenshot of the current page and embeds it into a log file.</doc>
<msg timestamp="20260127 17:39:45.461" level="INFO" html="true">&lt;/td&gt;&lt;/tr&gt;&lt;tr&gt;&lt;td colspan="3"&gt;&lt;a href="selenium-screenshot-1696.png"&gt;&lt;img src="selenium-screenshot-1696.png" width="800px"&gt;&lt;/a&gt;</msg>
<status status="PASS" starttime="20260127 17:39:45.276" endtime="20260127 17:39:45.461"/>
</kw>
<status status="PASS" starttime="20260127 17:39:43.443" endtime="20260127 17:39:45.461"/>
</iter>
<iter>
<var name="${link}">&lt;selenium.webdriver.remote.webelement.WebElement (session="e6bb243822e3e2423042b9ab98403cc6", element="f.CC336B1C1CE3EA80240A1BD468A9C865.d.FB8AA86B2F542876FD77BAB5D3BCF6AC.e.79")&gt;</var>
<kw name="Get Text" library="SeleniumLibrary">
<var>${link_text}</var>
<arg>${link}</arg>
<doc>Returns the text value of the element identified by ``locator``.</doc>
<msg timestamp="20260127 17:39:45.470" level="INFO">${link_text} = Who For</msg>
<status status="PASS" starttime="20260127 17:39:45.461" endtime="20260127 17:39:45.470"/>
</kw>
<kw name="Log" library="BuiltIn">
<arg>Clicking navbar link: ${link_text}</arg>
<doc>Logs the given message with the given level.</doc>
<msg timestamp="20260127 17:39:45.471" level="INFO">Clicking navbar link: Who For</msg>
<status status="PASS" starttime="20260127 17:39:45.470" endtime="20260127 17:39:45.471"/>
</kw>
<kw name="Scroll Element Into View" library="SeleniumLibrary">
<arg>${link}</arg>
<doc>Scrolls the element identified by ``locator`` into view.</doc>
<status status="PASS" starttime="20260127 17:39:45.471" endtime="20260127 17:39:45.747"/>
</kw>
<kw name="Sleep" library="BuiltIn">
<arg>0.5s</arg>
<doc>Pauses the test executed for the given time.</doc>
<msg timestamp="20260127 17:39:46.247" level="INFO">Slept 500 milliseconds</msg>
<status status="PASS" starttime="20260127 17:39:45.747" endtime="20260127 17:39:46.248"/>
</kw>
<kw name="Click Element" library="SeleniumLibrary">
<arg>${link}</arg>
<doc>Click the element identified by ``locator``.</doc>
<msg timestamp="20260127 17:39:46.248" level="INFO">Clicking element '&lt;selenium.webdriver.remote.webelement.WebElement (session="e6bb243822e3e2423042b9ab98403cc6", element="f.CC336B1C1CE3EA80240A1BD468A9C865.d.FB8AA86B2F542876FD77BAB5D3BCF6AC.e.79")&gt;'.</msg>
<status status="PASS" starttime="20260127 17:39:46.248" endtime="20260127 17:39:46.296"/>
</kw>
<kw name="Sleep" library="BuiltIn">
<arg>1s</arg>
<doc>Pauses the test executed for the given time.</doc>
<msg timestamp="20260127 17:39:47.296" level="INFO">Slept 1 second</msg>
<status status="PASS" starttime="20260127 17:39:46.296" endtime="20260127 17:39:47.296"/>
</kw>
<kw name="Capture Page Screenshot" library="SeleniumLibrary">
<doc>Takes a screenshot of the current page and embeds it into a log file.</doc>
<msg timestamp="20260127 17:39:47.493" level="INFO" html="true">&lt;/td&gt;&lt;/tr&gt;&lt;tr&gt;&lt;td colspan="3"&gt;&lt;a href="selenium-screenshot-1697.png"&gt;&lt;img src="selenium-screenshot-1697.png" width="800px"&gt;&lt;/a&gt;</msg>
<status status="PASS" starttime="20260127 17:39:47.297" endtime="20260127 17:39:47.493"/>
</kw>
<status status="PASS" starttime="20260127 17:39:45.461" endtime="20260127 17:39:47.493"/>
</iter>
<iter>
<var name="${link}">&lt;selenium.webdriver.remote.webelement.WebElement (session="e6bb243822e3e2423042b9ab98403cc6", element="f.CC336B1C1CE3EA80240A1BD468A9C865.d.FB8AA86B2F542876FD77BAB5D3BCF6AC.e.80")&gt;</var>
<kw name="Get Text" library="SeleniumLibrary">
<var>${link_text}</var>
<arg>${link}</arg>
<doc>Returns the text value of the element identified by ``locator``.</doc>
<msg timestamp="20260127 17:39:47.502" level="INFO">${link_text} = Who Not For</msg>
<status status="PASS" starttime="20260127 17:39:47.494" endtime="20260127 17:39:47.502"/>
</kw>
<kw name="Log" library="BuiltIn">
<arg>Clicking navbar link: ${link_text}</arg>
<doc>Logs the given message with the given level.</doc>
<msg timestamp="20260127 17:39:47.503" level="INFO">Clicking navbar link: Who Not For</msg>
<status status="PASS" starttime="20260127 17:39:47.503" endtime="20260127 17:39:47.503"/>
</kw>
<kw name="Scroll Element Into View" library="SeleniumLibrary">
<arg>${link}</arg>
<doc>Scrolls the element identified by ``locator`` into view.</doc>
<status status="PASS" starttime="20260127 17:39:47.503" endtime="20260127 17:39:47.788"/>
</kw>
<kw name="Sleep" library="BuiltIn">
<arg>0.5s</arg>
<doc>Pauses the test executed for the given time.</doc>
<msg timestamp="20260127 17:39:48.289" level="INFO">Slept 500 milliseconds</msg>
<status status="PASS" starttime="20260127 17:39:47.788" endtime="20260127 17:39:48.289"/>
</kw>
<kw name="Click Element" library="SeleniumLibrary">
<arg>${link}</arg>
<doc>Click the element identified by ``locator``.</doc>
<msg timestamp="20260127 17:39:48.289" level="INFO">Clicking element '&lt;selenium.webdriver.remote.webelement.WebElement (session="e6bb243822e3e2423042b9ab98403cc6", element="f.CC336B1C1CE3EA80240A1BD468A9C865.d.FB8AA86B2F542876FD77BAB5D3BCF6AC.e.80")&gt;'.</msg>
<status status="PASS" starttime="20260127 17:39:48.289" endtime="20260127 17:39:48.337"/>
</kw>
<kw name="Sleep" library="BuiltIn">
<arg>1s</arg>
<doc>Pauses the test executed for the given time.</doc>
<msg timestamp="20260127 17:39:49.338" level="INFO">Slept 1 second</msg>
<status status="PASS" starttime="20260127 17:39:48.337" endtime="20260127 17:39:49.338"/>
</kw>
<kw name="Capture Page Screenshot" library="SeleniumLibrary">
<doc>Takes a screenshot of the current page and embeds it into a log file.</doc>
<msg timestamp="20260127 17:39:49.518" level="INFO" html="true">&lt;/td&gt;&lt;/tr&gt;&lt;tr&gt;&lt;td colspan="3"&gt;&lt;a href="selenium-screenshot-1698.png"&gt;&lt;img src="selenium-screenshot-1698.png" width="800px"&gt;&lt;/a&gt;</msg>
<status status="PASS" starttime="20260127 17:39:49.338" endtime="20260127 17:39:49.518"/>
</kw>
<status status="PASS" starttime="20260127 17:39:47.493" endtime="20260127 17:39:49.518"/>
</iter>
<iter>
<var name="${link}">&lt;selenium.webdriver.remote.webelement.WebElement (session="e6bb243822e3e2423042b9ab98403cc6", element="f.CC336B1C1CE3EA80240A1BD468A9C865.d.FB8AA86B2F542876FD77BAB5D3BCF6AC.e.81")&gt;</var>
<kw name="Get Text" library="SeleniumLibrary">
<var>${link_text}</var>
<arg>${link}</arg>
<doc>Returns the text value of the element identified by ``locator``.</doc>
<msg timestamp="20260127 17:39:49.529" level="INFO">${link_text} = Itinerary</msg>
<status status="PASS" starttime="20260127 17:39:49.518" endtime="20260127 17:39:49.529"/>
</kw>
<kw name="Log" library="BuiltIn">
<arg>Clicking navbar link: ${link_text}</arg>
<doc>Logs the given message with the given level.</doc>
<msg timestamp="20260127 17:39:49.530" level="INFO">Clicking navbar link: Itinerary</msg>
<status status="PASS" starttime="20260127 17:39:49.530" endtime="20260127 17:39:49.530"/>
</kw>
<kw name="Scroll Element Into View" library="SeleniumLibrary">
<arg>${link}</arg>
<doc>Scrolls the element identified by ``locator`` into view.</doc>
<status status="PASS" starttime="20260127 17:39:49.531" endtime="20260127 17:39:49.815"/>
</kw>
<kw name="Sleep" library="BuiltIn">
<arg>0.5s</arg>
<doc>Pauses the test executed for the given time.</doc>
<msg timestamp="20260127 17:39:50.316" level="INFO">Slept 500 milliseconds</msg>
<status status="PASS" starttime="20260127 17:39:49.815" endtime="20260127 17:39:50.316"/>
</kw>
<kw name="Click Element" library="SeleniumLibrary">
<arg>${link}</arg>
<doc>Click the element identified by ``locator``.</doc>
<msg timestamp="20260127 17:39:50.317" level="INFO">Clicking element '&lt;selenium.webdriver.remote.webelement.WebElement (session="e6bb243822e3e2423042b9ab98403cc6", element="f.CC336B1C1CE3EA80240A1BD468A9C865.d.FB8AA86B2F542876FD77BAB5D3BCF6AC.e.81")&gt;'.</msg>
<status status="PASS" starttime="20260127 17:39:50.316" endtime="20260127 17:39:50.373"/>
</kw>
<kw name="Sleep" library="BuiltIn">
<arg>1s</arg>
<doc>Pauses the test executed for the given time.</doc>
<msg timestamp="20260127 17:39:51.374" level="INFO">Slept 1 second</msg>
<status status="PASS" starttime="20260127 17:39:50.373" endtime="20260127 17:39:51.374"/>
</kw>
<kw name="Capture Page Screenshot" library="SeleniumLibrary">
<doc>Takes a screenshot of the current page and embeds it into a log file.</doc>
<msg timestamp="20260127 17:39:51.665" level="INFO" html="true">&lt;/td&gt;&lt;/tr&gt;&lt;tr&gt;&lt;td colspan="3"&gt;&lt;a href="selenium-screenshot-1699.png"&gt;&lt;img src="selenium-screenshot-1699.png" width="800px"&gt;&lt;/a&gt;</msg>
<status status="PASS" starttime="20260127 17:39:51.374" endtime="20260127 17:39:51.665"/>
</kw>
<status status="PASS" starttime="20260127 17:39:49.518" endtime="20260127 17:39:51.665"/>
</iter>
<iter>
<var name="${link}">&lt;selenium.webdriver.remote.webelement.WebElement (session="e6bb243822e3e2423042b9ab98403cc6", element="f.CC336B1C1CE3EA80240A1BD468A9C865.d.FB8AA86B2F542876FD77BAB5D3BCF6AC.e.82")&gt;</var>
<kw name="Get Text" library="SeleniumLibrary">
<var>${link_text}</var>
<arg>${link}</arg>
<doc>Returns the text value of the element identified by ``locator``.</doc>
<msg timestamp="20260127 17:39:51.675" level="INFO">${link_text} = Includes/Excludes</msg>
<status status="PASS" starttime="20260127 17:39:51.666" endtime="20260127 17:39:51.675"/>
</kw>
<kw name="Log" library="BuiltIn">
<arg>Clicking navbar link: ${link_text}</arg>
<doc>Logs the given message with the given level.</doc>
<msg timestamp="20260127 17:39:51.676" level="INFO">Clicking navbar link: Includes/Excludes</msg>
<status status="PASS" starttime="20260127 17:39:51.675" endtime="20260127 17:39:51.676"/>
</kw>
<kw name="Scroll Element Into View" library="SeleniumLibrary">
<arg>${link}</arg>
<doc>Scrolls the element identified by ``locator`` into view.</doc>
<status status="PASS" starttime="20260127 17:39:51.676" endtime="20260127 17:39:51.942"/>
</kw>
<kw name="Sleep" library="BuiltIn">
<arg>0.5s</arg>
<doc>Pauses the test executed for the given time.</doc>
<msg timestamp="20260127 17:39:52.443" level="INFO">Slept 500 milliseconds</msg>
<status status="PASS" starttime="20260127 17:39:51.943" endtime="20260127 17:39:52.443"/>
</kw>
<kw name="Click Element" library="SeleniumLibrary">
<arg>${link}</arg>
<doc>Click the element identified by ``locator``.</doc>
<msg timestamp="20260127 17:39:52.444" level="INFO">Clicking element '&lt;selenium.webdriver.remote.webelement.WebElement (session="e6bb243822e3e2423042b9ab98403cc6", element="f.CC336B1C1CE3EA80240A1BD468A9C865.d.FB8AA86B2F542876FD77BAB5D3BCF6AC.e.82")&gt;'.</msg>
<status status="PASS" starttime="20260127 17:39:52.443" endtime="20260127 17:39:52.490"/>
</kw>
<kw name="Sleep" library="BuiltIn">
<arg>1s</arg>
<doc>Pauses the test executed for the given time.</doc>
<msg timestamp="20260127 17:39:53.491" level="INFO">Slept 1 second</msg>
<status status="PASS" starttime="20260127 17:39:52.491" endtime="20260127 17:39:53.491"/>
</kw>
<kw name="Capture Page Screenshot" library="SeleniumLibrary">
<doc>Takes a screenshot of the current page and embeds it into a log file.</doc>
<msg timestamp="20260127 17:39:53.674" level="INFO" html="true">&lt;/td&gt;&lt;/tr&gt;&lt;tr&gt;&lt;td colspan="3"&gt;&lt;a href="selenium-screenshot-1700.png"&gt;&lt;img src="selenium-screenshot-1700.png" width="800px"&gt;&lt;/a&gt;</msg>
<status status="PASS" starttime="20260127 17:39:53.491" endtime="20260127 17:39:53.674"/>
</kw>
<status status="PASS" starttime="20260127 17:39:51.666" endtime="20260127 17:39:53.674"/>
</iter>
<iter>
<var name="${link}">&lt;selenium.webdriver.remote.webelement.WebElement (session="e6bb243822e3e2423042b9ab98403cc6", element="f.CC336B1C1CE3EA80240A1BD468A9C865.d.FB8AA86B2F542876FD77BAB5D3BCF6AC.e.83")&gt;</var>
<kw name="Get Text" library="SeleniumLibrary">
<var>${link_text}</var>
<arg>${link}</arg>
<doc>Returns the text value of the element identified by ``locator``.</doc>
<msg timestamp="20260127 17:39:53.684" level="INFO">${link_text} = Imp Info</msg>
<status status="PASS" starttime="20260127 17:39:53.674" endtime="20260127 17:39:53.684"/>
</kw>
<kw name="Log" library="BuiltIn">
<arg>Clicking navbar link: ${link_text}</arg>
<doc>Logs the given message with the given level.</doc>
<msg timestamp="20260127 17:39:53.684" level="INFO">Clicking navbar link: Imp Info</msg>
<status status="PASS" starttime="20260127 17:39:53.684" endtime="20260127 17:39:53.684"/>
</kw>
<kw name="Scroll Element Into View" library="SeleniumLibrary">
<arg>${link}</arg>
<doc>Scrolls the element identified by ``locator`` into view.</doc>
<status status="PASS" starttime="20260127 17:39:53.684" endtime="20260127 17:39:53.970"/>
</kw>
<kw name="Sleep" library="BuiltIn">
<arg>0.5s</arg>
<doc>Pauses the test executed for the given time.</doc>
<msg timestamp="20260127 17:39:54.471" level="INFO">Slept 500 milliseconds</msg>
<status status="PASS" starttime="20260127 17:39:53.970" endtime="20260127 17:39:54.471"/>
</kw>
<kw name="Click Element" library="SeleniumLibrary">
<arg>${link}</arg>
<doc>Click the element identified by ``locator``.</doc>
<msg timestamp="20260127 17:39:54.471" level="INFO">Clicking element '&lt;selenium.webdriver.remote.webelement.WebElement (session="e6bb243822e3e2423042b9ab98403cc6", element="f.CC336B1C1CE3EA80240A1BD468A9C865.d.FB8AA86B2F542876FD77BAB5D3BCF6AC.e.83")&gt;'.</msg>
<status status="PASS" starttime="20260127 17:39:54.471" endtime="20260127 17:39:54.517"/>
</kw>
<kw name="Sleep" library="BuiltIn">
<arg>1s</arg>
<doc>Pauses the test executed for the given time.</doc>
<msg timestamp="20260127 17:39:55.518" level="INFO">Slept 1 second</msg>
<status status="PASS" starttime="20260127 17:39:54.518" endtime="20260127 17:39:55.518"/>
</kw>
<kw name="Capture Page Screenshot" library="SeleniumLibrary">
<doc>Takes a screenshot of the current page and embeds it into a log file.</doc>
<msg timestamp="20260127 17:39:55.698" level="INFO" html="true">&lt;/td&gt;&lt;/tr&gt;&lt;tr&gt;&lt;td colspan="3"&gt;&lt;a href="selenium-screenshot-1701.png"&gt;&lt;img src="selenium-screenshot-1701.png" width="800px"&gt;&lt;/a&gt;</msg>
<status status="PASS" starttime="20260127 17:39:55.518" endtime="20260127 17:39:55.698"/>
</kw>
<status status="PASS" starttime="20260127 17:39:53.674" endtime="20260127 17:39:55.698"/>
</iter>
<iter>
<var name="${link}">&lt;selenium.webdriver.remote.webelement.WebElement (session="e6bb243822e3e2423042b9ab98403cc6", element="f.CC336B1C1CE3EA80240A1BD468A9C865.d.FB8AA86B2F542876FD77BAB5D3BCF6AC.e.84")&gt;</var>
<kw name="Get Text" library="SeleniumLibrary">
<var>${link_text}</var>
<arg>${link}</arg>
<doc>Returns the text value of the element identified by ``locator``.</doc>
<msg timestamp="20260127 17:39:55.707" level="INFO">${link_text} = FAQS</msg>
<status status="PASS" starttime="20260127 17:39:55.699" endtime="20260127 17:39:55.707"/>
</kw>
<kw name="Log" library="BuiltIn">
<arg>Clicking navbar link: ${link_text}</arg>
<doc>Logs the given message with the given level.</doc>
<msg timestamp="20260127 17:39:55.708" level="INFO">Clicking navbar link: FAQS</msg>
<status status="PASS" starttime="20260127 17:39:55.708" endtime="20260127 17:39:55.708"/>
</kw>
<kw name="Scroll Element Into View" library="SeleniumLibrary">
<arg>${link}</arg>
<doc>Scrolls the element identified by ``locator`` into view.</doc>
<status status="PASS" starttime="20260127 17:39:55.708" endtime="20260127 17:39:55.977"/>
</kw>
<kw name="Sleep" library="BuiltIn">
<arg>0.5s</arg>
<doc>Pauses the test executed for the given time.</doc>
<msg timestamp="20260127 17:39:56.478" level="INFO">Slept 500 milliseconds</msg>
<status status="PASS" starttime="20260127 17:39:55.977" endtime="20260127 17:39:56.478"/>
</kw>
<kw name="Click Element" library="SeleniumLibrary">
<arg>${link}</arg>
<doc>Click the element identified by ``locator``.</doc>
<msg timestamp="20260127 17:39:56.479" level="INFO">Clicking element '&lt;selenium.webdriver.remote.webelement.WebElement (session="e6bb243822e3e2423042b9ab98403cc6", element="f.CC336B1C1CE3EA80240A1BD468A9C865.d.FB8AA86B2F542876FD77BAB5D3BCF6AC.e.84")&gt;'.</msg>
<status status="PASS" starttime="20260127 17:39:56.478" endtime="20260127 17:39:56.527"/>
</kw>
<kw name="Sleep" library="BuiltIn">
<arg>1s</arg>
<doc>Pauses the test executed for the given time.</doc>
<msg timestamp="20260127 17:39:57.527" level="INFO">Slept 1 second</msg>
<status status="PASS" starttime="20260127 17:39:56.527" endtime="20260127 17:39:57.528"/>
</kw>
<kw name="Capture Page Screenshot" library="SeleniumLibrary">
<doc>Takes a screenshot of the current page and embeds it into a log file.</doc>
<msg timestamp="20260127 17:39:57.747" level="INFO" html="true">&lt;/td&gt;&lt;/tr&gt;&lt;tr&gt;&lt;td colspan="3"&gt;&lt;a href="selenium-screenshot-1702.png"&gt;&lt;img src="selenium-screenshot-1702.png" width="800px"&gt;&lt;/a&gt;</msg>
<status status="PASS" starttime="20260127 17:39:57.528" endtime="20260127 17:39:57.747"/>
</kw>
<status status="PASS" starttime="20260127 17:39:55.698" endtime="20260127 17:39:57.747"/>
</iter>
<status status="PASS" starttime="20260127 17:39:39.362" endtime="20260127 17:39:57.747"/>
</for>
<status status="PASS" starttime="20260127 17:39:39.018" endtime="20260127 17:39:57.747"/>
</kw>
<kw name="Scroll Element Into View" library="SeleniumLibrary">
<arg>${share}</arg>
<doc>Scrolls the element identified by ``locator`` into view.</doc>
<status status="PASS" starttime="20260127 17:39:57.747" endtime="20260127 17:39:58.029"/>
</kw>
<kw name="Sleep" library="BuiltIn">
<arg>1s</arg>
<doc>Pauses the test executed for the given time.</doc>
<msg timestamp="20260127 17:39:59.029" level="INFO">Slept 1 second</msg>
<status status="PASS" starttime="20260127 17:39:58.029" endtime="20260127 17:39:59.029"/>
</kw>
<kw name="Wait And Click" library="keywords">
<arg>${share}</arg>
<doc>Waits until element is visible &amp; enabled, scrolls into view, clicks, fallback to JS if normal click fails</doc>
<kw name="Wait Until Element Is Visible" library="SeleniumLibrary">
<arg>${locator}</arg>
<arg>${timeout}</arg>
<doc>Waits until the element ``locator`` is visible.</doc>
<status status="PASS" starttime="20260127 17:39:59.030" endtime="20260127 17:39:59.047"/>
</kw>
<kw name="Wait Until Element Is Enabled" library="SeleniumLibrary">
<arg>${locator}</arg>
<arg>${timeout}</arg>
<doc>Waits until the element ``locator`` is enabled.</doc>
<status status="PASS" starttime="20260127 17:39:59.047" endtime="20260127 17:39:59.067"/>
</kw>
<kw name="Scroll Element Into View" library="SeleniumLibrary">
<arg>${locator}</arg>
<doc>Scrolls the element identified by ``locator`` into view.</doc>
<status status="PASS" starttime="20260127 17:39:59.067" endtime="20260127 17:39:59.350"/>
</kw>
<kw name="Run Keyword And Return Status" library="BuiltIn">
<var>${clicked}</var>
<arg>Click Element</arg>
<arg>${locator}</arg>
<doc>Runs the given keyword with given arguments and returns the status as a Boolean value.</doc>
<kw name="Click Element" library="SeleniumLibrary">
<arg>${locator}</arg>
<doc>Click the element identified by ``locator``.</doc>
<msg timestamp="20260127 17:39:59.351" level="INFO">Clicking element 'xpath=//*[@id="dropdownMenuShare"]'.</msg>
<status status="PASS" starttime="20260127 17:39:59.350" endtime="20260127 17:39:59.420"/>
</kw>
<msg timestamp="20260127 17:39:59.420" level="INFO">${clicked} = True</msg>
<status status="PASS" starttime="20260127 17:39:59.350" endtime="20260127 17:39:59.420"/>
</kw>
<if>
<branch type="IF" condition="not ${clicked}">
<kw name="Log" library="BuiltIn">
<arg>Using JS click fallback for ${locator}</arg>
<doc>Logs the given message with the given level.</doc>
<status status="NOT RUN" starttime="20260127 17:39:59.421" endtime="20260127 17:39:59.421"/>
</kw>
<kw name="Execute Javascript" library="SeleniumLibrary">
<arg>arguments[0].click();</arg>
<arg>document.evaluate("${locator.replace('xpath=','')}", document, null, XPathResult.FIRST_ORDERED_NODE_TYPE, null).singleNodeValue</arg>
<doc>Executes the given JavaScript code with possible arguments.</doc>
<status status="NOT RUN" starttime="20260127 17:39:59.421" endtime="20260127 17:39:59.421"/>
</kw>
<status status="NOT RUN" starttime="20260127 17:39:59.420" endtime="20260127 17:39:59.421"/>
</branch>
<status status="PASS" starttime="20260127 17:39:59.420" endtime="20260127 17:39:59.421"/>
</if>
<status status="PASS" starttime="20260127 17:39:59.030" endtime="20260127 17:39:59.421"/>
</kw>
<kw name="Sleep" library="BuiltIn">
<arg>2s</arg>
<doc>Pauses the test executed for the given time.</doc>
<msg timestamp="20260127 17:40:01.422" level="INFO">Slept 2 seconds</msg>
<status status="PASS" starttime="20260127 17:39:59.421" endtime="20260127 17:40:01.422"/>
</kw>
<kw name="Wait Until Element Is Visible" library="SeleniumLibrary">
<arg>${facebook}</arg>
<doc>Waits until the element ``locator`` is visible.</doc>
<status status="PASS" starttime="20260127 17:40:01.422" endtime="20260127 17:40:01.442"/>
</kw>
<kw name="Sleep" library="BuiltIn">
<arg>1s</arg>
<doc>Pauses the test executed for the given time.</doc>
<msg timestamp="20260127 17:40:02.443" level="INFO">Slept 1 second</msg>
<status status="PASS" starttime="20260127 17:40:01.442" endtime="20260127 17:40:02.443"/>
</kw>
<kw name="Handle Share Button Click" library="treks_tours">
<var>${main}</var>
<arg>${facebook}</arg>
<doc>Clicks share button and switches to new window/tab</doc>
<kw name="Get Window Handles" library="SeleniumLibrary">
<var>${main_window}</var>
<doc>Returns all child window handles of the selected browser as a list.</doc>
<msg timestamp="20260127 17:40:02.446" level="INFO">${main_window} = ['CC336B1C1CE3EA80240A1BD468A9C865']</msg>
<status status="PASS" starttime="20260127 17:40:02.444" endtime="20260127 17:40:02.446"/>
</kw>
<kw name="Get From List" library="Collections">
<var>${main_window}</var>
<arg>${main_window}</arg>
<arg>0</arg>
<doc>Returns the value specified with an ``index`` from ``list``.</doc>
<msg timestamp="20260127 17:40:02.446" level="INFO">${main_window} = CC336B1C1CE3EA80240A1BD468A9C865</msg>
<status status="PASS" starttime="20260127 17:40:02.446" endtime="20260127 17:40:02.446"/>
</kw>
<kw name="Scroll Element Into View" library="SeleniumLibrary">
<arg>${share_button_locator}</arg>
<doc>Scrolls the element identified by ``locator`` into view.</doc>
<status status="PASS" starttime="20260127 17:40:02.446" endtime="20260127 17:40:02.742"/>
</kw>
<kw name="Sleep" library="BuiltIn">
<arg>1s</arg>
<doc>Pauses the test executed for the given time.</doc>
<msg timestamp="20260127 17:40:03.742" level="INFO">Slept 1 second</msg>
<status status="PASS" starttime="20260127 17:40:02.742" endtime="20260127 17:40:03.742"/>
</kw>
<kw name="Wait Until Element Is Visible" library="SeleniumLibrary">
<arg>${share_button_locator}</arg>
<arg>timeout=10s</arg>
<doc>Waits until the element ``locator`` is visible.</doc>
<status status="PASS" starttime="20260127 17:40:03.742" endtime="20260127 17:40:03.758"/>
</kw>
<kw name="Run Keyword And Return Status" library="BuiltIn">
<var>${status}</var>
<arg>Click Element</arg>
<arg>${share_button_locator}</arg>
<doc>Runs the given keyword with given arguments and returns the status as a Boolean value.</doc>
<kw name="Click Element" library="SeleniumLibrary">
<arg>${share_button_locator}</arg>
<doc>Click the element identified by ``locator``.</doc>
<msg timestamp="20260127 17:40:03.759" level="INFO">Clicking element 'xpath=/html/body/div[3]/div[1]/section[1]/div/div[1]/div[2]/div/div[1]/div/div/a[1]'.</msg>
<status status="PASS" starttime="20260127 17:40:03.759" endtime="20260127 17:40:03.865"/>
</kw>
<msg timestamp="20260127 17:40:03.866" level="INFO">${status} = True</msg>
<status status="PASS" starttime="20260127 17:40:03.759" endtime="20260127 17:40:03.866"/>
</kw>
<kw name="Run Keyword Unless" library="BuiltIn">
<arg>${status}</arg>
<arg>Click Element Using JavaScript</arg>
<arg>${share_button_locator}</arg>
<doc>*DEPRECATED since RF 5.0. Use Native IF/ELSE or `Run Keyword If` instead.*</doc>
<msg timestamp="20260127 17:40:03.866" level="WARN">Keyword 'BuiltIn.Run Keyword Unless' is deprecated. </msg>
<status status="PASS" starttime="20260127 17:40:03.866" endtime="20260127 17:40:03.867"/>
</kw>
<kw name="Sleep" library="BuiltIn">
<arg>3s</arg>
<doc>Pauses the test executed for the given time.</doc>
<msg timestamp="20260127 17:40:06.868" level="INFO">Slept 3 seconds</msg>
<status status="PASS" starttime="20260127 17:40:03.867" endtime="20260127 17:40:06.868"/>
</kw>
<kw name="Get Window Handles" library="SeleniumLibrary">
<var>${all_windows}</var>
<doc>Returns all child window handles of the selected browser as a list.</doc>
<msg timestamp="20260127 17:40:06.873" level="INFO">${all_windows} = ['CC336B1C1CE3EA80240A1BD468A9C865', '57AFFDF02A1E419B6D4FCBD7239C96CF']</msg>
<status status="PASS" starttime="20260127 17:40:06.868" endtime="20260127 17:40:06.873"/>
</kw>
<kw name="Get Length" library="BuiltIn">
<var>${window_count}</var>
<arg>${all_windows}</arg>
<doc>Returns and logs the length of the given item as an integer.</doc>
<msg timestamp="20260127 17:40:06.874" level="INFO">Length is 2</msg>
<msg timestamp="20260127 17:40:06.874" level="INFO">${window_count} = 2</msg>
<status status="PASS" starttime="20260127 17:40:06.873" endtime="20260127 17:40:06.874"/>
</kw>
<kw name="Run Keyword If" library="BuiltIn">
<arg>${window_count} &gt; 1</arg>
<arg>Switch To New Window</arg>
<arg>${all_windows}</arg>
<doc>Runs the given keyword with the given arguments, if ``condition`` is true.</doc>
<kw name="Switch To New Window" library="treks_tours">
<arg>${all_windows}</arg>
<doc>Switches to the newest window</doc>
<kw name="Get From List" library="Collections">
<var>${new_window}</var>
<arg>${all_windows}</arg>
<arg>-1</arg>
<doc>Returns the value specified with an ``index`` from ``list``.</doc>
<msg timestamp="20260127 17:40:06.875" level="INFO">${new_window} = 57AFFDF02A1E419B6D4FCBD7239C96CF</msg>
<status status="PASS" starttime="20260127 17:40:06.875" endtime="20260127 17:40:06.875"/>
</kw>
<kw name="Switch Window" library="SeleniumLibrary">
<arg>${new_window}</arg>
<doc>Switches to browser window matching ``locator``.</doc>
<status status="PASS" starttime="20260127 17:40:06.875" endtime="20260127 17:40:06.968"/>
</kw>
<kw name="Log" library="BuiltIn">
<arg>Switched to new window</arg>
<doc>Logs the given message with the given level.</doc>
<msg timestamp="20260127 17:40:06.969" level="INFO">Switched to new window</msg>
<status status="PASS" starttime="20260127 17:40:06.968" endtime="20260127 17:40:06.969"/>
</kw>
<status status="PASS" starttime="20260127 17:40:06.874" endtime="20260127 17:40:06.969"/>
</kw>
<status status="PASS" starttime="20260127 17:40:06.874" endtime="20260127 17:40:06.969"/>
</kw>
<msg timestamp="20260127 17:40:06.969" level="INFO">${main} = CC336B1C1CE3EA80240A1BD468A9C865</msg>
<status status="PASS" starttime="20260127 17:40:02.443" endtime="20260127 17:40:06.969"/>
</kw>
<kw name="Sleep" library="BuiltIn">
<arg>3s</arg>
<doc>Pauses the test executed for the given time.</doc>
<msg timestamp="20260127 17:40:09.970" level="INFO">Slept 3 seconds</msg>
<status status="PASS" starttime="20260127 17:40:06.969" endtime="20260127 17:40:09.971"/>
</kw>
<kw name="Capture Page Screenshot" library="SeleniumLibrary">
<arg>facebook_popup.png</arg>
<doc>Takes a screenshot of the current page and embeds it into a log file.</doc>
<msg timestamp="20260127 17:40:10.058" level="INFO" html="true">&lt;/td&gt;&lt;/tr&gt;&lt;tr&gt;&lt;td colspan="3"&gt;&lt;a href="facebook_popup.png"&gt;&lt;img src="facebook_popup.png" width="800px"&gt;&lt;/a&gt;</msg>
<status status="PASS" starttime="20260127 17:40:09.971" endtime="20260127 17:40:10.058"/>
</kw>
<kw name="Close Share Window And Return" library="treks_tours">
<arg>${main}</arg>
<doc>Closes current window and returns to main</doc>
<kw name="Get Window Handles" library="SeleniumLibrary">
<var>${all_windows}</var>
<doc>Returns all child window handles of the selected browser as a list.</doc>
<msg timestamp="20260127 17:40:10.060" level="INFO">${all_windows} = ['CC336B1C1CE3EA80240A1BD468A9C865', '57AFFDF02A1E419B6D4FCBD7239C96CF']</msg>
<status status="PASS" starttime="20260127 17:40:10.059" endtime="20260127 17:40:10.060"/>
</kw>
<kw name="Get Length" library="BuiltIn">
<var>${window_count}</var>
<arg>${all_windows}</arg>
<doc>Returns and logs the length of the given item as an integer.</doc>
<msg timestamp="20260127 17:40:10.061" level="INFO">Length is 2</msg>
<msg timestamp="20260127 17:40:10.061" level="INFO">${window_count} = 2</msg>
<status status="PASS" starttime="20260127 17:40:10.061" endtime="20260127 17:40:10.061"/>
</kw>
<kw name="Run Keyword If" library="BuiltIn">
<arg>${window_count} &gt; 1</arg>
<arg>Close Window</arg>
<doc>Runs the given keyword with the given arguments, if ``condition`` is true.</doc>
<kw name="Close Window" library="SeleniumLibrary">
<doc>Closes currently opened and selected browser window/tab.</doc>
<status status="PASS" starttime="20260127 17:40:10.061" endtime="20260127 17:40:10.119"/>
</kw>
<status status="PASS" starttime="20260127 17:40:10.061" endtime="20260127 17:40:10.119"/>
</kw>
<kw name="Switch Window" library="SeleniumLibrary">
<arg>${main_window}</arg>
<doc>Switches to browser window matching ``locator``.</doc>
<status status="PASS" starttime="20260127 17:40:10.119" endtime="20260127 17:40:10.128"/>
</kw>
<kw name="Log" library="BuiltIn">
<arg>Returned to main window</arg>
<doc>Logs the given message with the given level.</doc>
<msg timestamp="20260127 17:40:10.128" level="INFO">Returned to main window</msg>
<status status="PASS" starttime="20260127 17:40:10.128" endtime="20260127 17:40:10.128"/>
</kw>
<status status="PASS" starttime="20260127 17:40:10.058" endtime="20260127 17:40:10.128"/>
</kw>
<kw name="Log" library="BuiltIn">
<arg>Facebook share tested successfully</arg>
<doc>Logs the given message with the given level.</doc>
<msg timestamp="20260127 17:40:10.129" level="INFO">Facebook share tested successfully</msg>
<status status="PASS" starttime="20260127 17:40:10.128" endtime="20260127 17:40:10.129"/>
</kw>
<kw name="Scroll Element Into View" library="SeleniumLibrary">
<arg>${share}</arg>
<doc>Scrolls the element identified by ``locator`` into view.</doc>
<status status="PASS" starttime="20260127 17:40:10.129" endtime="20260127 17:40:10.415"/>
</kw>
<kw name="Sleep" library="BuiltIn">
<arg>1s</arg>
<doc>Pauses the test executed for the given time.</doc>
<msg timestamp="20260127 17:40:11.416" level="INFO">Slept 1 second</msg>
<status status="PASS" starttime="20260127 17:40:10.415" endtime="20260127 17:40:11.416"/>
</kw>
<kw name="Wait And Click" library="keywords">
<arg>${share}</arg>
<doc>Waits until element is visible &amp; enabled, scrolls into view, clicks, fallback to JS if normal click fails</doc>
<kw name="Wait Until Element Is Visible" library="SeleniumLibrary">
<arg>${locator}</arg>
<arg>${timeout}</arg>
<doc>Waits until the element ``locator`` is visible.</doc>
<status status="PASS" starttime="20260127 17:40:11.417" endtime="20260127 17:40:11.432"/>
</kw>
<kw name="Wait Until Element Is Enabled" library="SeleniumLibrary">
<arg>${locator}</arg>
<arg>${timeout}</arg>
<doc>Waits until the element ``locator`` is enabled.</doc>
<status status="PASS" starttime="20260127 17:40:11.433" endtime="20260127 17:40:11.451"/>
</kw>
<kw name="Scroll Element Into View" library="SeleniumLibrary">
<arg>${locator}</arg>
<doc>Scrolls the element identified by ``locator`` into view.</doc>
<status status="PASS" starttime="20260127 17:40:11.451" endtime="20260127 17:40:11.734"/>
</kw>
<kw name="Run Keyword And Return Status" library="BuiltIn">
<var>${clicked}</var>
<arg>Click Element</arg>
<arg>${locator}</arg>
<doc>Runs the given keyword with given arguments and returns the status as a Boolean value.</doc>
<kw name="Click Element" library="SeleniumLibrary">
<arg>${locator}</arg>
<doc>Click the element identified by ``locator``.</doc>
<msg timestamp="20260127 17:40:11.735" level="INFO">Clicking element 'xpath=//*[@id="dropdownMenuShare"]'.</msg>
<status status="PASS" starttime="20260127 17:40:11.734" endtime="20260127 17:40:11.789"/>
</kw>
<msg timestamp="20260127 17:40:11.789" level="INFO">${clicked} = True</msg>
<status status="PASS" starttime="20260127 17:40:11.734" endtime="20260127 17:40:11.789"/>
</kw>
<if>
<branch type="IF" condition="not ${clicked}">
<kw name="Log" library="BuiltIn">
<arg>Using JS click fallback for ${locator}</arg>
<doc>Logs the given message with the given level.</doc>
<status status="NOT RUN" starttime="20260127 17:40:11.790" endtime="20260127 17:40:11.790"/>
</kw>
<kw name="Execute Javascript" library="SeleniumLibrary">
<arg>arguments[0].click();</arg>
<arg>document.evaluate("${locator.replace('xpath=','')}", document, null, XPathResult.FIRST_ORDERED_NODE_TYPE, null).singleNodeValue</arg>
<doc>Executes the given JavaScript code with possible arguments.</doc>
<status status="NOT RUN" starttime="20260127 17:40:11.790" endtime="20260127 17:40:11.790"/>
</kw>
<status status="NOT RUN" starttime="20260127 17:40:11.789" endtime="20260127 17:40:11.790"/>
</branch>
<status status="PASS" starttime="20260127 17:40:11.789" endtime="20260127 17:40:11.790"/>
</if>
<status status="PASS" starttime="20260127 17:40:11.416" endtime="20260127 17:40:11.790"/>
</kw>
<kw name="Sleep" library="BuiltIn">
<arg>2s</arg>
<doc>Pauses the test executed for the given time.</doc>
<msg timestamp="20260127 17:40:13.791" level="INFO">Slept 2 seconds</msg>
<status status="PASS" starttime="20260127 17:40:11.790" endtime="20260127 17:40:13.791"/>
</kw>
<kw name="Wait Until Element Is Visible" library="SeleniumLibrary">
<arg>${twitter}</arg>
<doc>Waits until the element ``locator`` is visible.</doc>
<status status="PASS" starttime="20260127 17:40:13.792" endtime="20260127 17:40:13.812"/>
</kw>
<kw name="Sleep" library="BuiltIn">
<arg>1s</arg>
<doc>Pauses the test executed for the given time.</doc>
<msg timestamp="20260127 17:40:14.812" level="INFO">Slept 1 second</msg>
<status status="PASS" starttime="20260127 17:40:13.812" endtime="20260127 17:40:14.813"/>
</kw>
<kw name="Handle Share Button Click" library="treks_tours">
<var>${main}</var>
<arg>${twitter}</arg>
<doc>Clicks share button and switches to new window/tab</doc>
<kw name="Get Window Handles" library="SeleniumLibrary">
<var>${main_window}</var>
<doc>Returns all child window handles of the selected browser as a list.</doc>
<msg timestamp="20260127 17:40:14.815" level="INFO">${main_window} = ['CC336B1C1CE3EA80240A1BD468A9C865']</msg>
<status status="PASS" starttime="20260127 17:40:14.813" endtime="20260127 17:40:14.815"/>
</kw>
<kw name="Get From List" library="Collections">
<var>${main_window}</var>
<arg>${main_window}</arg>
<arg>0</arg>
<doc>Returns the value specified with an ``index`` from ``list``.</doc>
<msg timestamp="20260127 17:40:14.815" level="INFO">${main_window} = CC336B1C1CE3EA80240A1BD468A9C865</msg>
<status status="PASS" starttime="20260127 17:40:14.815" endtime="20260127 17:40:14.815"/>
</kw>
<kw name="Scroll Element Into View" library="SeleniumLibrary">
<arg>${share_button_locator}</arg>
<doc>Scrolls the element identified by ``locator`` into view.</doc>
<status status="PASS" starttime="20260127 17:40:14.816" endtime="20260127 17:40:15.106"/>
</kw>
<kw name="Sleep" library="BuiltIn">
<arg>1s</arg>
<doc>Pauses the test executed for the given time.</doc>
<msg timestamp="20260127 17:40:16.107" level="INFO">Slept 1 second</msg>
<status status="PASS" starttime="20260127 17:40:15.107" endtime="20260127 17:40:16.108"/>
</kw>
<kw name="Wait Until Element Is Visible" library="SeleniumLibrary">
<arg>${share_button_locator}</arg>
<arg>timeout=10s</arg>
<doc>Waits until the element ``locator`` is visible.</doc>
<status status="PASS" starttime="20260127 17:40:16.108" endtime="20260127 17:40:16.123"/>
</kw>
<kw name="Run Keyword And Return Status" library="BuiltIn">
<var>${status}</var>
<arg>Click Element</arg>
<arg>${share_button_locator}</arg>
<doc>Runs the given keyword with given arguments and returns the status as a Boolean value.</doc>
<kw name="Click Element" library="SeleniumLibrary">
<arg>${share_button_locator}</arg>
<doc>Click the element identified by ``locator``.</doc>
<msg timestamp="20260127 17:40:16.124" level="INFO">Clicking element 'xpath=/html/body/div[3]/div[1]/section[1]/div/div[1]/div[2]/div/div[1]/div/div/a[2]'.</msg>
<status status="PASS" starttime="20260127 17:40:16.124" endtime="20260127 17:40:16.223"/>
</kw>
<msg timestamp="20260127 17:40:16.223" level="INFO">${status} = True</msg>
<status status="PASS" starttime="20260127 17:40:16.123" endtime="20260127 17:40:16.223"/>
</kw>
<kw name="Run Keyword Unless" library="BuiltIn">
<arg>${status}</arg>
<arg>Click Element Using JavaScript</arg>
<arg>${share_button_locator}</arg>
<doc>*DEPRECATED since RF 5.0. Use Native IF/ELSE or `Run Keyword If` instead.*</doc>
<msg timestamp="20260127 17:40:16.223" level="WARN">Keyword 'BuiltIn.Run Keyword Unless' is deprecated. </msg>
<status status="PASS" starttime="20260127 17:40:16.223" endtime="20260127 17:40:16.224"/>
</kw>
<kw name="Sleep" library="BuiltIn">
<arg>3s</arg>
<doc>Pauses the test executed for the given time.</doc>
<msg timestamp="20260127 17:40:19.225" level="INFO">Slept 3 seconds</msg>
<status status="PASS" starttime="20260127 17:40:16.224" endtime="20260127 17:40:19.225"/>
</kw>
<kw name="Get Window Handles" library="SeleniumLibrary">
<var>${all_windows}</var>
<doc>Returns all child window handles of the selected browser as a list.</doc>
<msg timestamp="20260127 17:40:19.270" level="INFO">${all_windows} = ['CC336B1C1CE3EA80240A1BD468A9C865', '63F94CA6C760581AB03CA213BCC3FFCC']</msg>
<status status="PASS" starttime="20260127 17:40:19.226" endtime="20260127 17:40:19.270"/>
</kw>
<kw name="Get Length" library="BuiltIn">
<var>${window_count}</var>
<arg>${all_windows}</arg>
<doc>Returns and logs the length of the given item as an integer.</doc>
<msg timestamp="20260127 17:40:19.271" level="INFO">Length is 2</msg>
<msg timestamp="20260127 17:40:19.271" level="INFO">${window_count} = 2</msg>
<status status="PASS" starttime="20260127 17:40:19.271" endtime="20260127 17:40:19.272"/>
</kw>
<kw name="Run Keyword If" library="BuiltIn">
<arg>${window_count} &gt; 1</arg>
<arg>Switch To New Window</arg>
<arg>${all_windows}</arg>
<doc>Runs the given keyword with the given arguments, if ``condition`` is true.</doc>
<kw name="Switch To New Window" library="treks_tours">
<arg>${all_windows}</arg>
<doc>Switches to the newest window</doc>
<kw name="Get From List" library="Collections">
<var>${new_window}</var>
<arg>${all_windows}</arg>
<arg>-1</arg>
<doc>Returns the value specified with an ``index`` from ``list``.</doc>
<msg timestamp="20260127 17:40:19.274" level="INFO">${new_window} = 63F94CA6C760581AB03CA213BCC3FFCC</msg>
<status status="PASS" starttime="20260127 17:40:19.273" endtime="20260127 17:40:19.274"/>
</kw>
<kw name="Switch Window" library="SeleniumLibrary">
<arg>${new_window}</arg>
<doc>Switches to browser window matching ``locator``.</doc>
<status status="PASS" starttime="20260127 17:40:19.274" endtime="20260127 17:40:19.357"/>
</kw>
<kw name="Log" library="BuiltIn">
<arg>Switched to new window</arg>
<doc>Logs the given message with the given level.</doc>
<msg timestamp="20260127 17:40:19.357" level="INFO">Switched to new window</msg>
<status status="PASS" starttime="20260127 17:40:19.357" endtime="20260127 17:40:19.358"/>
</kw>
<status status="PASS" starttime="20260127 17:40:19.273" endtime="20260127 17:40:19.358"/>
</kw>
<status status="PASS" starttime="20260127 17:40:19.272" endtime="20260127 17:40:19.358"/>
</kw>
<msg timestamp="20260127 17:40:19.358" level="INFO">${main} = CC336B1C1CE3EA80240A1BD468A9C865</msg>
<status status="PASS" starttime="20260127 17:40:14.813" endtime="20260127 17:40:19.358"/>
</kw>
<kw name="Sleep" library="BuiltIn">
<arg>3s</arg>
<doc>Pauses the test executed for the given time.</doc>
<msg timestamp="20260127 17:40:22.359" level="INFO">Slept 3 seconds</msg>
<status status="PASS" starttime="20260127 17:40:19.358" endtime="20260127 17:40:22.359"/>
</kw>
<kw name="Capture Page Screenshot" library="SeleniumLibrary">
<arg>twitter_popup.png</arg>
<doc>Takes a screenshot of the current page and embeds it into a log file.</doc>
<msg timestamp="20260127 17:40:22.433" level="INFO" html="true">&lt;/td&gt;&lt;/tr&gt;&lt;tr&gt;&lt;td colspan="3"&gt;&lt;a href="twitter_popup.png"&gt;&lt;img src="twitter_popup.png" width="800px"&gt;&lt;/a&gt;</msg>
<status status="PASS" starttime="20260127 17:40:22.359" endtime="20260127 17:40:22.433"/>
</kw>
<kw name="Close Share Window And Return" library="treks_tours">
<arg>${main}</arg>
<doc>Closes current window and returns to main</doc>
<kw name="Get Window Handles" library="SeleniumLibrary">
<var>${all_windows}</var>
<doc>Returns all child window handles of the selected browser as a list.</doc>
<msg timestamp="20260127 17:40:22.435" level="INFO">${all_windows} = ['CC336B1C1CE3EA80240A1BD468A9C865', '63F94CA6C760581AB03CA213BCC3FFCC']</msg>
<status status="PASS" starttime="20260127 17:40:22.434" endtime="20260127 17:40:22.435"/>
</kw>
<kw name="Get Length" library="BuiltIn">
<var>${window_count}</var>
<arg>${all_windows}</arg>
<doc>Returns and logs the length of the given item as an integer.</doc>
<msg timestamp="20260127 17:40:22.436" level="INFO">Length is 2</msg>
<msg timestamp="20260127 17:40:22.436" level="INFO">${window_count} = 2</msg>
<status status="PASS" starttime="20260127 17:40:22.436" endtime="20260127 17:40:22.436"/>
</kw>
<kw name="Run Keyword If" library="BuiltIn">
<arg>${window_count} &gt; 1</arg>
<arg>Close Window</arg>
<doc>Runs the given keyword with the given arguments, if ``condition`` is true.</doc>
<kw name="Close Window" library="SeleniumLibrary">
<doc>Closes currently opened and selected browser window/tab.</doc>
<status status="PASS" starttime="20260127 17:40:22.437" endtime="20260127 17:40:22.500"/>
</kw>
<status status="PASS" starttime="20260127 17:40:22.436" endtime="20260127 17:40:22.500"/>
</kw>
<kw name="Switch Window" library="SeleniumLibrary">
<arg>${main_window}</arg>
<doc>Switches to browser window matching ``locator``.</doc>
<status status="PASS" starttime="20260127 17:40:22.501" endtime="20260127 17:40:22.510"/>
</kw>
<kw name="Log" library="BuiltIn">
<arg>Returned to main window</arg>
<doc>Logs the given message with the given level.</doc>
<msg timestamp="20260127 17:40:22.511" level="INFO">Returned to main window</msg>
<status status="PASS" starttime="20260127 17:40:22.511" endtime="20260127 17:40:22.511"/>
</kw>
<status status="PASS" starttime="20260127 17:40:22.433" endtime="20260127 17:40:22.511"/>
</kw>
<kw name="Log" library="BuiltIn">
<arg>Twitter share tested successfully</arg>
<doc>Logs the given message with the given level.</doc>
<msg timestamp="20260127 17:40:22.511" level="INFO">Twitter share tested successfully</msg>
<status status="PASS" starttime="20260127 17:40:22.511" endtime="20260127 17:40:22.511"/>
</kw>
<status status="PASS" starttime="20260127 17:39:25.532" endtime="20260127 17:40:22.511"/>
</kw>
<kw name="Test KanchenjungaTrek" library="treks_tours">
<kw name="Wait And Click" library="keywords">
<arg>xpath=/html/body/div[1]/header/div[1]/div/div/div/a/img[1]</arg>
<doc>Waits until element is visible &amp; enabled, scrolls into view, clicks, fallback to JS if normal click fails</doc>
<kw name="Wait Until Element Is Visible" library="SeleniumLibrary">
<arg>${locator}</arg>
<arg>${timeout}</arg>
<doc>Waits until the element ``locator`` is visible.</doc>
<status status="PASS" starttime="20260127 17:40:22.512" endtime="20260127 17:40:22.538"/>
</kw>
<kw name="Wait Until Element Is Enabled" library="SeleniumLibrary">
<arg>${locator}</arg>
<arg>${timeout}</arg>
<doc>Waits until the element ``locator`` is enabled.</doc>
<status status="PASS" starttime="20260127 17:40:22.539" endtime="20260127 17:40:22.571"/>
</kw>
<kw name="Scroll Element Into View" library="SeleniumLibrary">
<arg>${locator}</arg>
<doc>Scrolls the element identified by ``locator`` into view.</doc>
<status status="PASS" starttime="20260127 17:40:22.571" endtime="20260127 17:40:22.843"/>
</kw>
<kw name="Run Keyword And Return Status" library="BuiltIn">
<var>${clicked}</var>
<arg>Click Element</arg>
<arg>${locator}</arg>
<doc>Runs the given keyword with given arguments and returns the status as a Boolean value.</doc>
<kw name="Click Element" library="SeleniumLibrary">
<arg>${locator}</arg>
<doc>Click the element identified by ``locator``.</doc>
<msg timestamp="20260127 17:40:22.844" level="INFO">Clicking element 'xpath=/html/body/div[1]/header/div[1]/div/div/div/a/img[1]'.</msg>
<status status="PASS" starttime="20260127 17:40:22.843" endtime="20260127 17:40:24.969"/>
</kw>
<msg timestamp="20260127 17:40:24.969" level="INFO">${clicked} = True</msg>
<status status="PASS" starttime="20260127 17:40:22.843" endtime="20260127 17:40:24.969"/>
</kw>
<if>
<branch type="IF" condition="not ${clicked}">
<kw name="Log" library="BuiltIn">
<arg>Using JS click fallback for ${locator}</arg>
<doc>Logs the given message with the given level.</doc>
<status status="NOT RUN" starttime="20260127 17:40:24.969" endtime="20260127 17:40:24.969"/>
</kw>
<kw name="Execute Javascript" library="SeleniumLibrary">
<arg>arguments[0].click();</arg>
<arg>document.evaluate("${locator.replace('xpath=','')}", document, null, XPathResult.FIRST_ORDERED_NODE_TYPE, null).singleNodeValue</arg>
<doc>Executes the given JavaScript code with possible arguments.</doc>
<status status="NOT RUN" starttime="20260127 17:40:24.970" endtime="20260127 17:40:24.970"/>
</kw>
<status status="NOT RUN" starttime="20260127 17:40:24.969" endtime="20260127 17:40:24.970"/>
</branch>
<status status="PASS" starttime="20260127 17:40:24.969" endtime="20260127 17:40:24.970"/>
</if>
<status status="PASS" starttime="20260127 17:40:22.512" endtime="20260127 17:40:24.970"/>
</kw>
<kw name="Open Trek And Tours Menu" library="home_page">
<kw name="Wait And Click" library="keywords">
<arg>${trek_and_tours}</arg>
<doc>Waits until element is visible &amp; enabled, scrolls into view, clicks, fallback to JS if normal click fails</doc>
<kw name="Wait Until Element Is Visible" library="SeleniumLibrary">
<arg>${locator}</arg>
<arg>${timeout}</arg>
<doc>Waits until the element ``locator`` is visible.</doc>
<status status="PASS" starttime="20260127 17:40:24.973" endtime="20260127 17:40:25.007"/>
</kw>
<kw name="Wait Until Element Is Enabled" library="SeleniumLibrary">
<arg>${locator}</arg>
<arg>${timeout}</arg>
<doc>Waits until the element ``locator`` is enabled.</doc>
<status status="PASS" starttime="20260127 17:40:25.007" endtime="20260127 17:40:25.037"/>
</kw>
<kw name="Scroll Element Into View" library="SeleniumLibrary">
<arg>${locator}</arg>
<doc>Scrolls the element identified by ``locator`` into view.</doc>
<status status="PASS" starttime="20260127 17:40:25.037" endtime="20260127 17:40:25.345"/>
</kw>
<kw name="Run Keyword And Return Status" library="BuiltIn">
<var>${clicked}</var>
<arg>Click Element</arg>
<arg>${locator}</arg>
<doc>Runs the given keyword with given arguments and returns the status as a Boolean value.</doc>
<kw name="Click Element" library="SeleniumLibrary">
<arg>${locator}</arg>
<doc>Click the element identified by ``locator``.</doc>
<msg timestamp="20260127 17:40:25.346" level="INFO">Clicking element 'xpath=/html/body/div[1]/header/div[1]/div/div/div/div/div[2]/div[2]/ul/li[2]/a/i'.</msg>
<status status="PASS" starttime="20260127 17:40:25.345" endtime="20260127 17:40:25.701"/>
</kw>
<msg timestamp="20260127 17:40:25.701" level="INFO">${clicked} = True</msg>
<status status="PASS" starttime="20260127 17:40:25.345" endtime="20260127 17:40:25.701"/>
</kw>
<if>
<branch type="IF" condition="not ${clicked}">
<kw name="Log" library="BuiltIn">
<arg>Using JS click fallback for ${locator}</arg>
<doc>Logs the given message with the given level.</doc>
<status status="NOT RUN" starttime="20260127 17:40:25.702" endtime="20260127 17:40:25.702"/>
</kw>
<kw name="Execute Javascript" library="SeleniumLibrary">
<arg>arguments[0].click();</arg>
<arg>document.evaluate("${locator.replace('xpath=','')}", document, null, XPathResult.FIRST_ORDERED_NODE_TYPE, null).singleNodeValue</arg>
<doc>Executes the given JavaScript code with possible arguments.</doc>
<status status="NOT RUN" starttime="20260127 17:40:25.702" endtime="20260127 17:40:25.702"/>
</kw>
<status status="NOT RUN" starttime="20260127 17:40:25.702" endtime="20260127 17:40:25.702"/>
</branch>
<status status="PASS" starttime="20260127 17:40:25.701" endtime="20260127 17:40:25.702"/>
</if>
<status status="PASS" starttime="20260127 17:40:24.972" endtime="20260127 17:40:25.702"/>
</kw>
<kw name="Sleep" library="BuiltIn">
<arg>2s</arg>
<doc>Pauses the test executed for the given time.</doc>
<msg timestamp="20260127 17:40:27.704" level="INFO">Slept 2 seconds</msg>
<status status="PASS" starttime="20260127 17:40:25.702" endtime="20260127 17:40:27.704"/>
</kw>
<status status="PASS" starttime="20260127 17:40:24.970" endtime="20260127 17:40:27.704"/>
</kw>
<kw name="Wait And Click" library="keywords">
<arg>${push_your_limit}</arg>
<doc>Waits until element is visible &amp; enabled, scrolls into view, clicks, fallback to JS if normal click fails</doc>
<kw name="Wait Until Element Is Visible" library="SeleniumLibrary">
<arg>${locator}</arg>
<arg>${timeout}</arg>
<doc>Waits until the element ``locator`` is visible.</doc>
<status status="PASS" starttime="20260127 17:40:27.705" endtime="20260127 17:40:27.726"/>
</kw>
<kw name="Wait Until Element Is Enabled" library="SeleniumLibrary">
<arg>${locator}</arg>
<arg>${timeout}</arg>
<doc>Waits until the element ``locator`` is enabled.</doc>
<status status="PASS" starttime="20260127 17:40:27.727" endtime="20260127 17:40:27.746"/>
</kw>
<kw name="Scroll Element Into View" library="SeleniumLibrary">
<arg>${locator}</arg>
<doc>Scrolls the element identified by ``locator`` into view.</doc>
<status status="PASS" starttime="20260127 17:40:27.746" endtime="20260127 17:40:28.033"/>
</kw>
<kw name="Run Keyword And Return Status" library="BuiltIn">
<var>${clicked}</var>
<arg>Click Element</arg>
<arg>${locator}</arg>
<doc>Runs the given keyword with given arguments and returns the status as a Boolean value.</doc>
<kw name="Click Element" library="SeleniumLibrary">
<arg>${locator}</arg>
<doc>Click the element identified by ``locator``.</doc>
<msg timestamp="20260127 17:40:28.034" level="INFO">Clicking element 'xpath=/html/body/div[1]/header/div[1]/div/div/div/div/div[2]/div[2]/ul/li[2]/ul/li[2]/a'.</msg>
<status status="PASS" starttime="20260127 17:40:28.034" endtime="20260127 17:40:29.850"/>
</kw>
<msg timestamp="20260127 17:40:29.851" level="INFO">${clicked} = True</msg>
<status status="PASS" starttime="20260127 17:40:28.034" endtime="20260127 17:40:29.851"/>
</kw>
<if>
<branch type="IF" condition="not ${clicked}">
<kw name="Log" library="BuiltIn">
<arg>Using JS click fallback for ${locator}</arg>
<doc>Logs the given message with the given level.</doc>
<status status="NOT RUN" starttime="20260127 17:40:29.851" endtime="20260127 17:40:29.851"/>
</kw>
<kw name="Execute Javascript" library="SeleniumLibrary">
<arg>arguments[0].click();</arg>
<arg>document.evaluate("${locator.replace('xpath=','')}", document, null, XPathResult.FIRST_ORDERED_NODE_TYPE, null).singleNodeValue</arg>
<doc>Executes the given JavaScript code with possible arguments.</doc>
<status status="NOT RUN" starttime="20260127 17:40:29.851" endtime="20260127 17:40:29.851"/>
</kw>
<status status="NOT RUN" starttime="20260127 17:40:29.851" endtime="20260127 17:40:29.851"/>
</branch>
<status status="PASS" starttime="20260127 17:40:29.851" endtime="20260127 17:40:29.851"/>
</if>
<status status="PASS" starttime="20260127 17:40:27.704" endtime="20260127 17:40:29.851"/>
</kw>
<kw name="Go Down to" library="treks_tours">
<kw name="Scroll Element Into View" library="SeleniumLibrary">
<arg>${header}</arg>
<doc>Scrolls the element identified by ``locator`` into view.</doc>
<status status="PASS" starttime="20260127 17:40:29.852" endtime="20260127 17:40:30.151"/>
</kw>
<kw name="Sleep" library="BuiltIn">
<arg>2s</arg>
<doc>Pauses the test executed for the given time.</doc>
<msg timestamp="20260127 17:40:32.152" level="INFO">Slept 2 seconds</msg>
<status status="PASS" starttime="20260127 17:40:30.152" endtime="20260127 17:40:32.152"/>
</kw>
<status status="PASS" starttime="20260127 17:40:29.852" endtime="20260127 17:40:32.152"/>
</kw>
[...]
<branch type="IF" condition="not ${clicked}">
<kw name="Log" library="BuiltIn">
<arg>JS click fallback for: ${text}</arg>
<doc>Logs the given message with the given level.</doc>
<status status="NOT RUN" starttime="20260127 17:46:07.541" endtime="20260127 17:46:07.541"/>
</kw>
<kw name="Execute Javascript" library="SeleniumLibrary">
<arg>arguments[0].click();</arg>
<arg>${link}</arg>
<doc>Executes the given JavaScript code with possible arguments.</doc>
<status status="NOT RUN" starttime="20260127 17:46:07.541" endtime="20260127 17:46:07.541"/>
</kw>
<status status="NOT RUN" starttime="20260127 17:46:07.541" endtime="20260127 17:46:07.541"/>
</branch>
<status status="PASS" starttime="20260127 17:46:07.540" endtime="20260127 17:46:07.541"/>
</if>
<kw name="Sleep" library="BuiltIn">
<arg>0.6s</arg>
<doc>Pauses the test executed for the given time.</doc>
<msg timestamp="20260127 17:46:08.141" level="INFO">Slept 600 milliseconds</msg>
<status status="PASS" starttime="20260127 17:46:07.541" endtime="20260127 17:46:08.142"/>
</kw>
<kw name="Run Keyword And Ignore Error" library="BuiltIn">
<arg>Capture Page Screenshot</arg>
<doc>Runs the given keyword with the given arguments and ignores possible error.</doc>
<kw name="Capture Page Screenshot" library="SeleniumLibrary">
<doc>Takes a screenshot of the current page and embeds it into a log file.</doc>
<msg timestamp="20260127 17:46:08.329" level="INFO" html="true">&lt;/td&gt;&lt;/tr&gt;&lt;tr&gt;&lt;td colspan="3"&gt;&lt;a href="selenium-screenshot-1789.png"&gt;&lt;img src="selenium-screenshot-1789.png" width="800px"&gt;&lt;/a&gt;</msg>
<status status="PASS" starttime="20260127 17:46:08.142" endtime="20260127 17:46:08.329"/>
</kw>
<status status="PASS" starttime="20260127 17:46:08.142" endtime="20260127 17:46:08.329"/>
</kw>
<status status="PASS" starttime="20260127 17:46:06.881" endtime="20260127 17:46:08.329"/>
</iter>
<iter>
<var name="${index}">6</var>
<kw name="Get WebElements" library="SeleniumLibrary">
<var>${links}</var>
<arg>${NAV_LINKS}</arg>
<doc>Returns a list of WebElement objects matching the ``locator``.</doc>
<msg timestamp="20260127 17:46:08.340" level="INFO">${links} = [&lt;selenium.webdriver.remote.webelement.WebElement (session="e6bb243822e3e2423042b9ab98403cc6", element="f.CC336B1C1CE3EA80240A1BD468A9C865.d.994F09951D933AB2B6CC6412C76396BB.e.929")&gt;, &lt;selenium.webdri...</msg>
<status status="PASS" starttime="20260127 17:46:08.330" endtime="20260127 17:46:08.340"/>
</kw>
<kw name="Set Variable" library="BuiltIn">
<var>${link}</var>
<arg>${links}[${index}]</arg>
<doc>Returns the given values which can then be assigned to a variables.</doc>
<msg timestamp="20260127 17:46:08.341" level="INFO">${link} = &lt;selenium.webdriver.remote.webelement.WebElement (session="e6bb243822e3e2423042b9ab98403cc6", element="f.CC336B1C1CE3EA80240A1BD468A9C865.d.994F09951D933AB2B6CC6412C76396BB.e.935")&gt;</msg>
<status status="PASS" starttime="20260127 17:46:08.340" endtime="20260127 17:46:08.341"/>
</kw>
<kw name="Get Text" library="SeleniumLibrary">
<var>${text}</var>
<arg>${link}</arg>
<doc>Returns the text value of the element identified by ``locator``.</doc>
<msg timestamp="20260127 17:46:08.350" level="INFO">${text} = Includes/Excludes</msg>
<status status="PASS" starttime="20260127 17:46:08.341" endtime="20260127 17:46:08.350"/>
</kw>
<kw name="Log" library="BuiltIn">
<arg>Clicking: ${text}</arg>
<doc>Logs the given message with the given level.</doc>
<msg timestamp="20260127 17:46:08.351" level="INFO">Clicking: Includes/Excludes</msg>
<status status="PASS" starttime="20260127 17:46:08.350" endtime="20260127 17:46:08.351"/>
</kw>
<kw name="Scroll Element Into View" library="SeleniumLibrary">
<arg>${link}</arg>
<doc>Scrolls the element identified by ``locator`` into view.</doc>
<status status="PASS" starttime="20260127 17:46:08.351" endtime="20260127 17:46:08.623"/>
</kw>
<kw name="Sleep" library="BuiltIn">
<arg>0.3s</arg>
<doc>Pauses the test executed for the given time.</doc>
<msg timestamp="20260127 17:46:08.923" level="INFO">Slept 300 milliseconds</msg>
<status status="PASS" starttime="20260127 17:46:08.623" endtime="20260127 17:46:08.924"/>
</kw>
<kw name="Wait Until Element Is Visible" library="SeleniumLibrary">
<arg>${link}</arg>
<arg>10s</arg>
<doc>Waits until the element ``locator`` is visible.</doc>
<status status="PASS" starttime="20260127 17:46:08.924" endtime="20260127 17:46:08.932"/>
</kw>
<kw name="Wait Until Element Is Enabled" library="SeleniumLibrary">
<arg>${link}</arg>
<arg>10s</arg>
<doc>Waits until the element ``locator`` is enabled.</doc>
<status status="PASS" starttime="20260127 17:46:08.932" endtime="20260127 17:46:08.945"/>
</kw>
<kw name="Run Keyword And Return Status" library="BuiltIn">
<var>${clicked}</var>
<arg>Click Element</arg>
<arg>${link}</arg>
<doc>Runs the given keyword with given arguments and returns the status as a Boolean value.</doc>
<kw name="Click Element" library="SeleniumLibrary">
<arg>${link}</arg>
<doc>Click the element identified by ``locator``.</doc>
<msg timestamp="20260127 17:46:08.946" level="INFO">Clicking element '&lt;selenium.webdriver.remote.webelement.WebElement (session="e6bb243822e3e2423042b9ab98403cc6", element="f.CC336B1C1CE3EA80240A1BD468A9C865.d.994F09951D933AB2B6CC6412C76396BB.e.935")&gt;'.</msg>
<status status="PASS" starttime="20260127 17:46:08.946" endtime="20260127 17:46:08.987"/>
</kw>
<msg timestamp="20260127 17:46:08.988" level="INFO">${clicked} = True</msg>
<status status="PASS" starttime="20260127 17:46:08.946" endtime="20260127 17:46:08.988"/>
</kw>
<if>
<branch type="IF" condition="not ${clicked}">
<kw name="Log" library="BuiltIn">
<arg>JS click fallback for: ${text}</arg>
<doc>Logs the given message with the given level.</doc>
<status status="NOT RUN" starttime="20260127 17:46:08.988" endtime="20260127 17:46:08.988"/>
</kw>
<kw name="Execute Javascript" library="SeleniumLibrary">
<arg>arguments[0].click();</arg>
<arg>${link}</arg>
<doc>Executes the given JavaScript code with possible arguments.</doc>
<status status="NOT RUN" starttime="20260127 17:46:08.988" endtime="20260127 17:46:08.988"/>
</kw>
<status status="NOT RUN" starttime="20260127 17:46:08.988" endtime="20260127 17:46:08.988"/>
</branch>
<status status="PASS" starttime="20260127 17:46:08.988" endtime="20260127 17:46:08.988"/>
</if>
<kw name="Sleep" library="BuiltIn">
<arg>0.6s</arg>
<doc>Pauses the test executed for the given time.</doc>
<msg timestamp="20260127 17:46:09.589" level="INFO">Slept 600 milliseconds</msg>
<status status="PASS" starttime="20260127 17:46:08.989" endtime="20260127 17:46:09.589"/>
</kw>
<kw name="Run Keyword And Ignore Error" library="BuiltIn">
<arg>Capture Page Screenshot</arg>
<doc>Runs the given keyword with the given arguments and ignores possible error.</doc>
<kw name="Capture Page Screenshot" library="SeleniumLibrary">
<doc>Takes a screenshot of the current page and embeds it into a log file.</doc>
<msg timestamp="20260127 17:46:09.788" level="INFO" html="true">&lt;/td&gt;&lt;/tr&gt;&lt;tr&gt;&lt;td colspan="3"&gt;&lt;a href="selenium-screenshot-1790.png"&gt;&lt;img src="selenium-screenshot-1790.png" width="800px"&gt;&lt;/a&gt;</msg>
<status status="PASS" starttime="20260127 17:46:09.590" endtime="20260127 17:46:09.789"/>
</kw>
<status status="PASS" starttime="20260127 17:46:09.589" endtime="20260127 17:46:09.789"/>
</kw>
<status status="PASS" starttime="20260127 17:46:08.329" endtime="20260127 17:46:09.789"/>
</iter>
<iter>
<var name="${index}">7</var>
<kw name="Get WebElements" library="SeleniumLibrary">
<var>${links}</var>
<arg>${NAV_LINKS}</arg>
<doc>Returns a list of WebElement objects matching the ``locator``.</doc>
<msg timestamp="20260127 17:46:09.797" level="INFO">${links} = [&lt;selenium.webdriver.remote.webelement.WebElement (session="e6bb243822e3e2423042b9ab98403cc6", element="f.CC336B1C1CE3EA80240A1BD468A9C865.d.994F09951D933AB2B6CC6412C76396BB.e.929")&gt;, &lt;selenium.webdri...</msg>
<status status="PASS" starttime="20260127 17:46:09.789" endtime="20260127 17:46:09.797"/>
</kw>
<kw name="Set Variable" library="BuiltIn">
<var>${link}</var>
<arg>${links}[${index}]</arg>
<doc>Returns the given values which can then be assigned to a variables.</doc>
<msg timestamp="20260127 17:46:09.798" level="INFO">${link} = &lt;selenium.webdriver.remote.webelement.WebElement (session="e6bb243822e3e2423042b9ab98403cc6", element="f.CC336B1C1CE3EA80240A1BD468A9C865.d.994F09951D933AB2B6CC6412C76396BB.e.936")&gt;</msg>
<status status="PASS" starttime="20260127 17:46:09.798" endtime="20260127 17:46:09.798"/>
</kw>
<kw name="Get Text" library="SeleniumLibrary">
<var>${text}</var>
<arg>${link}</arg>
<doc>Returns the text value of the element identified by ``locator``.</doc>
<msg timestamp="20260127 17:46:09.807" level="INFO">${text} = Imp Info</msg>
<status status="PASS" starttime="20260127 17:46:09.798" endtime="20260127 17:46:09.807"/>
</kw>
<kw name="Log" library="BuiltIn">
<arg>Clicking: ${text}</arg>
<doc>Logs the given message with the given level.</doc>
<msg timestamp="20260127 17:46:09.807" level="INFO">Clicking: Imp Info</msg>
<status status="PASS" starttime="20260127 17:46:09.807" endtime="20260127 17:46:09.807"/>
</kw>
<kw name="Scroll Element Into View" library="SeleniumLibrary">
<arg>${link}</arg>
<doc>Scrolls the element identified by ``locator`` into view.</doc>
<status status="PASS" starttime="20260127 17:46:09.807" endtime="20260127 17:46:10.080"/>
</kw>
<kw name="Sleep" library="BuiltIn">
<arg>0.3s</arg>
<doc>Pauses the test executed for the given time.</doc>
<msg timestamp="20260127 17:46:10.381" level="INFO">Slept 300 milliseconds</msg>
<status status="PASS" starttime="20260127 17:46:10.080" endtime="20260127 17:46:10.381"/>
</kw>
<kw name="Wait Until Element Is Visible" library="SeleniumLibrary">
<arg>${link}</arg>
<arg>10s</arg>
<doc>Waits until the element ``locator`` is visible.</doc>
<status status="PASS" starttime="20260127 17:46:10.381" endtime="20260127 17:46:10.389"/>
</kw>
<kw name="Wait Until Element Is Enabled" library="SeleniumLibrary">
<arg>${link}</arg>
<arg>10s</arg>
<doc>Waits until the element ``locator`` is enabled.</doc>
<status status="PASS" starttime="20260127 17:46:10.390" endtime="20260127 17:46:10.401"/>
</kw>
<kw name="Run Keyword And Return Status" library="BuiltIn">
<var>${clicked}</var>
<arg>Click Element</arg>
<arg>${link}</arg>
<doc>Runs the given keyword with given arguments and returns the status as a Boolean value.</doc>
<kw name="Click Element" library="SeleniumLibrary">
<arg>${link}</arg>
<doc>Click the element identified by ``locator``.</doc>
<msg timestamp="20260127 17:46:10.402" level="INFO">Clicking element '&lt;selenium.webdriver.remote.webelement.WebElement (session="e6bb243822e3e2423042b9ab98403cc6", element="f.CC336B1C1CE3EA80240A1BD468A9C865.d.994F09951D933AB2B6CC6412C76396BB.e.936")&gt;'.</msg>
<status status="PASS" starttime="20260127 17:46:10.402" endtime="20260127 17:46:10.440"/>
</kw>
<msg timestamp="20260127 17:46:10.440" level="INFO">${clicked} = True</msg>
<status status="PASS" starttime="20260127 17:46:10.401" endtime="20260127 17:46:10.440"/>
</kw>
<if>
<branch type="IF" condition="not ${clicked}">
<kw name="Log" library="BuiltIn">
<arg>JS click fallback for: ${text}</arg>
<doc>Logs the given message with the given level.</doc>
<status status="NOT RUN" starttime="20260127 17:46:10.440" endtime="20260127 17:46:10.441"/>
</kw>
<kw name="Execute Javascript" library="SeleniumLibrary">
<arg>arguments[0].click();</arg>
<arg>${link}</arg>
<doc>Executes the given JavaScript code with possible arguments.</doc>
<status status="NOT RUN" starttime="20260127 17:46:10.441" endtime="20260127 17:46:10.441"/>
</kw>
<status status="NOT RUN" starttime="20260127 17:46:10.440" endtime="20260127 17:46:10.441"/>
</branch>
<status status="PASS" starttime="20260127 17:46:10.440" endtime="20260127 17:46:10.441"/>
</if>
<kw name="Sleep" library="BuiltIn">
<arg>0.6s</arg>
<doc>Pauses the test executed for the given time.</doc>
<msg timestamp="20260127 17:46:11.042" level="INFO">Slept 600 milliseconds</msg>
<status status="PASS" starttime="20260127 17:46:10.441" endtime="20260127 17:46:11.042"/>
</kw>
<kw name="Run Keyword And Ignore Error" library="BuiltIn">
<arg>Capture Page Screenshot</arg>
<doc>Runs the given keyword with the given arguments and ignores possible error.</doc>
<kw name="Capture Page Screenshot" library="SeleniumLibrary">
<doc>Takes a screenshot of the current page and embeds it into a log file.</doc>
<msg timestamp="20260127 17:46:11.226" level="INFO" html="true">&lt;/td&gt;&lt;/tr&gt;&lt;tr&gt;&lt;td colspan="3"&gt;&lt;a href="selenium-screenshot-1791.png"&gt;&lt;img src="selenium-screenshot-1791.png" width="800px"&gt;&lt;/a&gt;</msg>
<status status="PASS" starttime="20260127 17:46:11.042" endtime="20260127 17:46:11.226"/>
</kw>
<status status="PASS" starttime="20260127 17:46:11.042" endtime="20260127 17:46:11.226"/>
</kw>
<status status="PASS" starttime="20260127 17:46:09.789" endtime="20260127 17:46:11.226"/>
</iter>
<iter>
<var name="${index}">8</var>
<kw name="Get WebElements" library="SeleniumLibrary">
<var>${links}</var>
<arg>${NAV_LINKS}</arg>
<doc>Returns a list of WebElement objects matching the ``locator``.</doc>
<msg timestamp="20260127 17:46:11.235" level="INFO">${links} = [&lt;selenium.webdriver.remote.webelement.WebElement (session="e6bb243822e3e2423042b9ab98403cc6", element="f.CC336B1C1CE3EA80240A1BD468A9C865.d.994F09951D933AB2B6CC6412C76396BB.e.929")&gt;, &lt;selenium.webdri...</msg>
<status status="PASS" starttime="20260127 17:46:11.226" endtime="20260127 17:46:11.235"/>
</kw>
<kw name="Set Variable" library="BuiltIn">
<var>${link}</var>
<arg>${links}[${index}]</arg>
<doc>Returns the given values which can then be assigned to a variables.</doc>
<msg timestamp="20260127 17:46:11.235" level="INFO">${link} = &lt;selenium.webdriver.remote.webelement.WebElement (session="e6bb243822e3e2423042b9ab98403cc6", element="f.CC336B1C1CE3EA80240A1BD468A9C865.d.994F09951D933AB2B6CC6412C76396BB.e.937")&gt;</msg>
<status status="PASS" starttime="20260127 17:46:11.235" endtime="20260127 17:46:11.235"/>
</kw>
<kw name="Get Text" library="SeleniumLibrary">
<var>${text}</var>
<arg>${link}</arg>
<doc>Returns the text value of the element identified by ``locator``.</doc>
<msg timestamp="20260127 17:46:11.244" level="INFO">${text} = FAQS</msg>
<status status="PASS" starttime="20260127 17:46:11.236" endtime="20260127 17:46:11.244"/>
</kw>
<kw name="Log" library="BuiltIn">
<arg>Clicking: ${text}</arg>
<doc>Logs the given message with the given level.</doc>
<msg timestamp="20260127 17:46:11.244" level="INFO">Clicking: FAQS</msg>
<status status="PASS" starttime="20260127 17:46:11.244" endtime="20260127 17:46:11.244"/>
</kw>
<kw name="Scroll Element Into View" library="SeleniumLibrary">
<arg>${link}</arg>
<doc>Scrolls the element identified by ``locator`` into view.</doc>
<status status="PASS" starttime="20260127 17:46:11.244" endtime="20260127 17:46:11.509"/>
</kw>
<kw name="Sleep" library="BuiltIn">
<arg>0.3s</arg>
<doc>Pauses the test executed for the given time.</doc>
<msg timestamp="20260127 17:46:11.810" level="INFO">Slept 300 milliseconds</msg>
<status status="PASS" starttime="20260127 17:46:11.510" endtime="20260127 17:46:11.810"/>
</kw>
<kw name="Wait Until Element Is Visible" library="SeleniumLibrary">
<arg>${link}</arg>
<arg>10s</arg>
<doc>Waits until the element ``locator`` is visible.</doc>
<status status="PASS" starttime="20260127 17:46:11.810" endtime="20260127 17:46:11.819"/>
</kw>
<kw name="Wait Until Element Is Enabled" library="SeleniumLibrary">
<arg>${link}</arg>
<arg>10s</arg>
<doc>Waits until the element ``locator`` is enabled.</doc>
<status status="PASS" starttime="20260127 17:46:11.819" endtime="20260127 17:46:11.830"/>
</kw>
<kw name="Run Keyword And Return Status" library="BuiltIn">
<var>${clicked}</var>
<arg>Click Element</arg>
<arg>${link}</arg>
<doc>Runs the given keyword with given arguments and returns the status as a Boolean value.</doc>
<kw name="Click Element" library="SeleniumLibrary">
<arg>${link}</arg>
<doc>Click the element identified by ``locator``.</doc>
<msg timestamp="20260127 17:46:11.832" level="INFO">Clicking element '&lt;selenium.webdriver.remote.webelement.WebElement (session="e6bb243822e3e2423042b9ab98403cc6", element="f.CC336B1C1CE3EA80240A1BD468A9C865.d.994F09951D933AB2B6CC6412C76396BB.e.937")&gt;'.</msg>
<status status="PASS" starttime="20260127 17:46:11.831" endtime="20260127 17:46:11.873"/>
</kw>
<msg timestamp="20260127 17:46:11.873" level="INFO">${clicked} = True</msg>
<status status="PASS" starttime="20260127 17:46:11.831" endtime="20260127 17:46:11.873"/>
</kw>
<if>
<branch type="IF" condition="not ${clicked}">
<kw name="Log" library="BuiltIn">
<arg>JS click fallback for: ${text}</arg>
<doc>Logs the given message with the given level.</doc>
<status status="NOT RUN" starttime="20260127 17:46:11.873" endtime="20260127 17:46:11.873"/>
</kw>
<kw name="Execute Javascript" library="SeleniumLibrary">
<arg>arguments[0].click();</arg>
<arg>${link}</arg>
<doc>Executes the given JavaScript code with possible arguments.</doc>
<status status="NOT RUN" starttime="20260127 17:46:11.873" endtime="20260127 17:46:11.873"/>
</kw>
<status status="NOT RUN" starttime="20260127 17:46:11.873" endtime="20260127 17:46:11.873"/>
</branch>
<status status="PASS" starttime="20260127 17:46:11.873" endtime="20260127 17:46:11.873"/>
</if>
<kw name="Sleep" library="BuiltIn">
<arg>0.6s</arg>
<doc>Pauses the test executed for the given time.</doc>
<msg timestamp="20260127 17:46:12.474" level="INFO">Slept 600 milliseconds</msg>
<status status="PASS" starttime="20260127 17:46:11.874" endtime="20260127 17:46:12.474"/>
</kw>
<kw name="Run Keyword And Ignore Error" library="BuiltIn">
<arg>Capture Page Screenshot</arg>
<doc>Runs the given keyword with the given arguments and ignores possible error.</doc>
<kw name="Capture Page Screenshot" library="SeleniumLibrary">
<doc>Takes a screenshot of the current page and embeds it into a log file.</doc>
<msg timestamp="20260127 17:46:12.675" level="INFO" html="true">&lt;/td&gt;&lt;/tr&gt;&lt;tr&gt;&lt;td colspan="3"&gt;&lt;a href="selenium-screenshot-1792.png"&gt;&lt;img src="selenium-screenshot-1792.png" width="800px"&gt;&lt;/a&gt;</msg>
<status status="PASS" starttime="20260127 17:46:12.475" endtime="20260127 17:46:12.675"/>
</kw>
<status status="PASS" starttime="20260127 17:46:12.474" endtime="20260127 17:46:12.675"/>
</kw>
<status status="PASS" starttime="20260127 17:46:11.226" endtime="20260127 17:46:12.675"/>
</iter>
<status status="PASS" starttime="20260127 17:45:59.574" endtime="20260127 17:46:12.675"/>
</for>
<status status="PASS" starttime="20260127 17:45:58.757" endtime="20260127 17:46:12.676"/>
</kw>
<kw name="Scroll Element Into View" library="SeleniumLibrary">
<arg>${amayangri_content}</arg>
<doc>Scrolls the element identified by ``locator`` into view.</doc>
<status status="PASS" starttime="20260127 17:46:12.676" endtime="20260127 17:46:12.954"/>
</kw>
<status status="PASS" starttime="20260127 17:45:45.940" endtime="20260127 17:46:12.954"/>
</kw>
<kw name="Close Browser" library="SeleniumLibrary" type="TEARDOWN">
<doc>Closes the current browser.</doc>
<status status="PASS" starttime="20260127 17:46:12.955" endtime="20260127 17:46:15.279"/>
</kw>
<status status="PASS" starttime="20260127 17:39:18.718" endtime="20260127 17:46:15.279"/>
</test>
<status status="PASS" starttime="20260127 17:39:18.183" endtime="20260127 17:46:15.280"/>
</suite>
<statistics>
<total>
<stat pass="1" fail="0" skip="0">All Tests</stat>
</total>
<tag>
</tag>
<suite>
<stat pass="1" fail="0" skip="0" id="s1" name="Treks Tours">Treks Tours</stat>
</suite>
</statistics>
<errors>
<msg timestamp="20260127 17:40:03.866" level="WARN">Keyword 'BuiltIn.Run Keyword Unless' is deprecated. </msg>
<msg timestamp="20260127 17:40:16.223" level="WARN">Keyword 'BuiltIn.Run Keyword Unless' is deprecated. </msg>
</errors>
</robot>
