<?xml version="1.0" encoding="UTF-8"?>
<robot generator="Robot 6.1.1 (Python 3.13.9 on win32)" generated="20260116 12:12:59.445" rpa="false" schemaversion="4">
<suite id="s1" name="Treks Tours" source="C:\Users\Swarup Dahal\PycharmProjects\trail-quest\tests\treks_tours.robot">
<test id="s1-t1" name="Treks and Tours Test" line="9">
<kw name="Open Homepage" library="home_page">
<kw name="Open Browser To Application" library="browser">
<kw name="Evaluate" library="BuiltIn">
<var>${chrome_options}</var>
<arg>selenium.webdriver.ChromeOptions()</arg>
<arg>modules=selenium.webdriver</arg>
<doc>Evaluates the given expression in Python and returns the result.</doc>
<msg timestamp="20260116 12:12:59.918" level="INFO">${chrome_options} = &lt;selenium.webdriver.chrome.options.Options object at 0x000001F2BBD0AE40&gt;</msg>
<status status="PASS" starttime="20260116 12:12:59.918" endtime="20260116 12:12:59.918"/>
</kw>
<kw name="Create List" library="BuiltIn">
<var>${args}</var>
<arg>--window-size=1920,1080</arg>
<arg>--start-maximized</arg>
<arg>--no-sandbox</arg>
<arg>--disable-dev-shm-usage</arg>
<arg>--disable-gpu</arg>
<arg>--disable-software-rasterizer</arg>
<arg>--remote-debugging-port=9222</arg>
<arg>--disable-extensions</arg>
<arg>--disable-setuid-sandbox</arg>
<doc>Returns a list containing given items.</doc>
<msg timestamp="20260116 12:12:59.919" level="INFO">${args} = ['--window-size=1920,1080', '--start-maximized', '--no-sandbox', '--disable-dev-shm-usage', '--disable-gpu', '--disable-software-rasterizer', '--remote-debugging-port=9222', '--disable-extensions', '-...</msg>
<status status="PASS" starttime="20260116 12:12:59.918" endtime="20260116 12:12:59.919"/>
</kw>
<for flavor="IN">
<var>${arg}</var>
<value>@{args}</value>
<iter>
<var name="${arg}">--window-size=1920,1080</var>
<kw name="Call Method" library="BuiltIn">
<arg>${chrome_options}</arg>
<arg>add_argument</arg>
<arg>${arg}</arg>
<doc>Calls the named method of the given object with the provided arguments.</doc>
<status status="PASS" starttime="20260116 12:12:59.919" endtime="20260116 12:12:59.919"/>
</kw>
<status status="PASS" starttime="20260116 12:12:59.919" endtime="20260116 12:12:59.919"/>
</iter>
<iter>
<var name="${arg}">--start-maximized</var>
<kw name="Call Method" library="BuiltIn">
<arg>${chrome_options}</arg>
<arg>add_argument</arg>
<arg>${arg}</arg>
<doc>Calls the named method of the given object with the provided arguments.</doc>
<status status="PASS" starttime="20260116 12:12:59.919" endtime="20260116 12:12:59.920"/>
</kw>
<status status="PASS" starttime="20260116 12:12:59.919" endtime="20260116 12:12:59.920"/>
</iter>
<iter>
<var name="${arg}">--no-sandbox</var>
<kw name="Call Method" library="BuiltIn">
<arg>${chrome_options}</arg>
<arg>add_argument</arg>
<arg>${arg}</arg>
<doc>Calls the named method of the given object with the provided arguments.</doc>
<status status="PASS" starttime="20260116 12:12:59.920" endtime="20260116 12:12:59.920"/>
</kw>
<status status="PASS" starttime="20260116 12:12:59.920" endtime="20260116 12:12:59.920"/>
</iter>
<iter>
<var name="${arg}">--disable-dev-shm-usage</var>
<kw name="Call Method" library="BuiltIn">
<arg>${chrome_options}</arg>
<arg>add_argument</arg>
<arg>${arg}</arg>
<doc>Calls the named method of the given object with the provided arguments.</doc>
<status status="PASS" starttime="20260116 12:12:59.920" endtime="20260116 12:12:59.921"/>
</kw>
<status status="PASS" starttime="20260116 12:12:59.920" endtime="20260116 12:12:59.921"/>
</iter>
<iter>
<var name="${arg}">--disable-gpu</var>
<kw name="Call Method" library="BuiltIn">
<arg>${chrome_options}</arg>
<arg>add_argument</arg>
<arg>${arg}</arg>
<doc>Calls the named method of the given object with the provided arguments.</doc>
<status status="PASS" starttime="20260116 12:12:59.921" endtime="20260116 12:12:59.921"/>
</kw>
<status status="PASS" starttime="20260116 12:12:59.921" endtime="20260116 12:12:59.921"/>
</iter>
<iter>
<var name="${arg}">--disable-software-rasterizer</var>
<kw name="Call Method" library="BuiltIn">
<arg>${chrome_options}</arg>
<arg>add_argument</arg>
<arg>${arg}</arg>
<doc>Calls the named method of the given object with the provided arguments.</doc>
<status status="PASS" starttime="20260116 12:12:59.921" endtime="20260116 12:12:59.922"/>
</kw>
<status status="PASS" starttime="20260116 12:12:59.921" endtime="20260116 12:12:59.922"/>
</iter>
<iter>
<var name="${arg}">--remote-debugging-port=9222</var>
<kw name="Call Method" library="BuiltIn">
<arg>${chrome_options}</arg>
<arg>add_argument</arg>
<arg>${arg}</arg>
<doc>Calls the named method of the given object with the provided arguments.</doc>
<status status="PASS" starttime="20260116 12:12:59.922" endtime="20260116 12:12:59.922"/>
</kw>
<status status="PASS" starttime="20260116 12:12:59.922" endtime="20260116 12:12:59.922"/>
</iter>
<iter>
<var name="${arg}">--disable-extensions</var>
<kw name="Call Method" library="BuiltIn">
<arg>${chrome_options}</arg>
<arg>add_argument</arg>
<arg>${arg}</arg>
<doc>Calls the named method of the given object with the provided arguments.</doc>
<status status="PASS" starttime="20260116 12:12:59.922" endtime="20260116 12:12:59.923"/>
</kw>
<status status="PASS" starttime="20260116 12:12:59.922" endtime="20260116 12:12:59.923"/>
</iter>
<iter>
<var name="${arg}">--disable-setuid-sandbox</var>
<kw name="Call Method" library="BuiltIn">
<arg>${chrome_options}</arg>
<arg>add_argument</arg>
<arg>${arg}</arg>
<doc>Calls the named method of the given object with the provided arguments.</doc>
<status status="PASS" starttime="20260116 12:12:59.923" endtime="20260116 12:12:59.923"/>
</kw>
<status status="PASS" starttime="20260116 12:12:59.923" endtime="20260116 12:12:59.923"/>
</iter>
<status status="PASS" starttime="20260116 12:12:59.919" endtime="20260116 12:12:59.923"/>
</for>
<kw name="Open Browser" library="SeleniumLibrary">
<arg>${BASE_URL}</arg>
<arg>${BROWSER}</arg>
<arg>options=${chrome_options}</arg>
<doc>Opens a new browser instance to the optional ``url``.</doc>
<msg timestamp="20260116 12:12:59.924" level="INFO">Opening browser 'Chrome' to base url 'https://trailquest.global/'.</msg>
<status status="PASS" starttime="20260116 12:12:59.923" endtime="20260116 12:13:05.449"/>
</kw>
<status status="PASS" starttime="20260116 12:12:59.917" endtime="20260116 12:13:05.450"/>
</kw>
<kw name="Sleep" library="BuiltIn">
<arg>2s</arg>
<doc>Pauses the test executed for the given time.</doc>
<msg timestamp="20260116 12:13:07.451" level="INFO">Slept 2 seconds</msg>
<status status="PASS" starttime="20260116 12:13:05.450" endtime="20260116 12:13:07.451"/>
</kw>
<status status="PASS" starttime="20260116 12:12:59.917" endtime="20260116 12:13:07.451"/>
</kw>
<kw name="Test The Push Your Limit" library="treks_tours">
<kw name="Verify Logo Is Visible" library="treks_tours">
<kw name="Wait Until Element Is Visible" library="SeleniumLibrary">
<arg>${logo}</arg>
<doc>Waits until the element ``locator`` is visible.</doc>
<status status="PASS" starttime="20260116 12:13:07.452" endtime="20260116 12:13:07.484"/>
</kw>
<kw name="Sleep" library="BuiltIn">
<arg>2s</arg>
<doc>Pauses the test executed for the given time.</doc>
<msg timestamp="20260116 12:13:09.484" level="INFO">Slept 2 seconds</msg>
<status status="PASS" starttime="20260116 12:13:07.484" endtime="20260116 12:13:09.484"/>
</kw>
<status status="PASS" starttime="20260116 12:13:07.452" endtime="20260116 12:13:09.484"/>
</kw>
<kw name="Open Trek And Tours Menu" library="treks_tours">
<kw name="Wait And Click" library="keywords">
<arg>${trek_and_tours}</arg>
<kw name="Wait Until Element Is Visible" library="SeleniumLibrary">
<arg>${locator}</arg>
<doc>Waits until the element ``locator`` is visible.</doc>
<status status="PASS" starttime="20260116 12:13:09.485" endtime="20260116 12:13:09.505"/>
</kw>
<kw name="Click Element" library="SeleniumLibrary">
<arg>${locator}</arg>
<doc>Click the element identified by ``locator``.</doc>
<msg timestamp="20260116 12:13:09.506" level="INFO">Clicking element 'xpath=/html/body/div[1]/header/div[1]/div/div/div/div/div[2]/div[2]/ul/li[2]/a/i'.</msg>
<status status="PASS" starttime="20260116 12:13:09.505" endtime="20260116 12:13:09.577"/>
</kw>
<status status="PASS" starttime="20260116 12:13:09.485" endtime="20260116 12:13:09.577"/>
</kw>
<kw name="Sleep" library="BuiltIn">
<arg>2s</arg>
<doc>Pauses the test executed for the given time.</doc>
<msg timestamp="20260116 12:13:11.579" level="INFO">Slept 2 seconds</msg>
<status status="PASS" starttime="20260116 12:13:09.578" endtime="20260116 12:13:11.579"/>
</kw>
<status status="PASS" starttime="20260116 12:13:09.485" endtime="20260116 12:13:11.580"/>
</kw>
<kw name="Click Push Your Limit" library="treks_tours">
<kw name="Wait And Click" library="keywords">
<arg>${push_your_limit}</arg>
<kw name="Wait Until Element Is Visible" library="SeleniumLibrary">
<arg>${locator}</arg>
<doc>Waits until the element ``locator`` is visible.</doc>
<status status="PASS" starttime="20260116 12:13:11.580" endtime="20260116 12:13:11.601"/>
</kw>
<kw name="Click Element" library="SeleniumLibrary">
<arg>${locator}</arg>
<doc>Click the element identified by ``locator``.</doc>
<msg timestamp="20260116 12:13:11.602" level="INFO">Clicking element 'xpath=/html/body/div[1]/header/div[1]/div/div/div/div/div[2]/div[2]/ul/li[2]/ul/li[2]/a'.</msg>
<status status="PASS" starttime="20260116 12:13:11.601" endtime="20260116 12:13:13.800"/>
</kw>
<status status="PASS" starttime="20260116 12:13:11.580" endtime="20260116 12:13:13.800"/>
</kw>
<kw name="Sleep" library="BuiltIn">
<arg>2s</arg>
<doc>Pauses the test executed for the given time.</doc>
<msg timestamp="20260116 12:13:15.801" level="INFO">Slept 2 seconds</msg>
<status status="PASS" starttime="20260116 12:13:13.800" endtime="20260116 12:13:15.801"/>
</kw>
<status status="PASS" starttime="20260116 12:13:11.580" endtime="20260116 12:13:15.802"/>
</kw>
<kw name="Go Down to" library="treks_tours">
<kw name="Scroll Element Into View" library="SeleniumLibrary">
<arg>${header}</arg>
<doc>Scrolls the element identified by ``locator`` into view.</doc>
<status status="PASS" starttime="20260116 12:13:15.802" endtime="20260116 12:13:16.128"/>
</kw>
<kw name="Sleep" library="BuiltIn">
<arg>2s</arg>
<doc>Pauses the test executed for the given time.</doc>
<msg timestamp="20260116 12:13:18.128" level="INFO">Slept 2 seconds</msg>
<status status="PASS" starttime="20260116 12:13:16.128" endtime="20260116 12:13:18.128"/>
</kw>
<status status="PASS" starttime="20260116 12:13:15.802" endtime="20260116 12:13:18.129"/>
</kw>
<kw name="Click Easy" library="treks_tours">
<kw name="Wait And Click" library="keywords">
<arg>${easy}</arg>
<kw name="Wait Until Element Is Visible" library="SeleniumLibrary">
<arg>${locator}</arg>
<doc>Waits until the element ``locator`` is visible.</doc>
<status status="PASS" starttime="20260116 12:13:18.129" endtime="20260116 12:13:18.149"/>
</kw>
<kw name="Click Element" library="SeleniumLibrary">
<arg>${locator}</arg>
<doc>Click the element identified by ``locator``.</doc>
<msg timestamp="20260116 12:13:18.150" level="INFO">Clicking element 'xpath=/html/body/div[3]/section/div/div/ul/li[1]/h3'.</msg>
<status status="PASS" starttime="20260116 12:13:18.149" endtime="20260116 12:13:18.205"/>
</kw>
<status status="PASS" starttime="20260116 12:13:18.129" endtime="20260116 12:13:18.205"/>
</kw>
<status status="PASS" starttime="20260116 12:13:18.129" endtime="20260116 12:13:18.205"/>
</kw>
<kw name="Click Everest Picture" library="treks_tours">
<kw name="Wait And Click" library="keywords">
<arg>${everest_picture}</arg>
<kw name="Wait Until Element Is Visible" library="SeleniumLibrary">
<arg>${locator}</arg>
<doc>Waits until the element ``locator`` is visible.</doc>
<status status="PASS" starttime="20260116 12:13:18.206" endtime="20260116 12:13:18.225"/>
</kw>
<kw name="Click Element" library="SeleniumLibrary">
<arg>${locator}</arg>
<doc>Click the element identified by ``locator``.</doc>
<msg timestamp="20260116 12:13:18.225" level="INFO">Clicking element 'xpath=//img[contains(@alt,'Everest 3 Passes Trek')]'.</msg>
<status status="PASS" starttime="20260116 12:13:18.225" endtime="20260116 12:13:20.096"/>
</kw>
<status status="PASS" starttime="20260116 12:13:18.205" endtime="20260116 12:13:20.097"/>
</kw>
<kw name="Wait Until Element Is Visible" library="SeleniumLibrary">
<arg>${everest_header}</arg>
<doc>Waits until the element ``locator`` is visible.</doc>
<status status="PASS" starttime="20260116 12:13:20.097" endtime="20260116 12:13:20.136"/>
</kw>
<status status="PASS" starttime="20260116 12:13:18.205" endtime="20260116 12:13:20.137"/>
</kw>
<kw name="Click All Sticky Navbar Links" library="treks_tours">
<kw name="Scroll Element Into View" library="SeleniumLibrary">
<arg>${nav_bar}</arg>
<doc>Scrolls the element identified by ``locator`` into view.</doc>
<status status="PASS" starttime="20260116 12:13:20.137" endtime="20260116 12:13:20.454"/>
</kw>
<kw name="Get WebElement" library="SeleniumLibrary">
<var>${section}</var>
<arg>xpath=//*[@data-section='nav-intro']</arg>
<doc>Returns the first WebElement matching the given ``locator``.</doc>
<msg timestamp="20260116 12:13:20.467" level="INFO">${section} = &lt;selenium.webdriver.remote.webelement.WebElement (session="8a72b131a379f5252afe04c3d86b5da4", element="f.97364DDA6475D1086C4113A03A566707.d.988AD5DF1ADDB627E0927AD024EF2CA0.e.80")&gt;</msg>
<status status="PASS" starttime="20260116 12:13:20.454" endtime="20260116 12:13:20.467"/>
</kw>
<kw name="Get WebElements" library="SeleniumLibrary">
<var>${nav_links}</var>
<arg>xpath=//nav[contains(@class,'sticky-navbar')][1]//ul/li/a[contains(@class,'nav-link')]</arg>
<doc>Returns a list of WebElement objects matching the ``locator``.</doc>
<msg timestamp="20260116 12:13:20.481" level="INFO">${nav_links} = [&lt;selenium.webdriver.remote.webelement.WebElement (session="8a72b131a379f5252afe04c3d86b5da4", element="f.97364DDA6475D1086C4113A03A566707.d.988AD5DF1ADDB627E0927AD024EF2CA0.e.80")&gt;, &lt;selenium.webdriv...</msg>
<status status="PASS" starttime="20260116 12:13:20.468" endtime="20260116 12:13:20.481"/>
</kw>
<for flavor="IN">
<var>${link}</var>
<value>@{nav_links}</value>
<iter>
<var name="${link}">&lt;selenium.webdriver.remote.webelement.WebElement (session="8a72b131a379f5252afe04c3d86b5da4", element="f.97364DDA6475D1086C4113A03A566707.d.988AD5DF1ADDB627E0927AD024EF2CA0.e.80")&gt;</var>
<kw name="Get Text" library="SeleniumLibrary">
<var>${link_text}</var>
<arg>${link}</arg>
<doc>Returns the text value of the element identified by ``locator``.</doc>
<msg timestamp="20260116 12:13:20.498" level="INFO">${link_text} = Intro</msg>
<status status="PASS" starttime="20260116 12:13:20.482" endtime="20260116 12:13:20.498"/>
</kw>
<kw name="Log" library="BuiltIn">
<arg>Clicking navbar link: ${link_text}</arg>
<doc>Logs the given message with the given level.</doc>
<msg timestamp="20260116 12:13:20.498" level="INFO">Clicking navbar link: Intro</msg>
<status status="PASS" starttime="20260116 12:13:20.498" endtime="20260116 12:13:20.498"/>
</kw>
<kw name="Scroll Element Into View" library="SeleniumLibrary">
<arg>${link}</arg>
<doc>Scrolls the element identified by ``locator`` into view.</doc>
<status status="PASS" starttime="20260116 12:13:20.498" endtime="20260116 12:13:20.779"/>
</kw>
<kw name="Sleep" library="BuiltIn">
<arg>0.5s</arg>
<doc>Pauses the test executed for the given time.</doc>
<msg timestamp="20260116 12:13:21.281" level="INFO">Slept 500 milliseconds</msg>
<status status="PASS" starttime="20260116 12:13:20.779" endtime="20260116 12:13:21.281"/>
</kw>
<kw name="Click Element" library="SeleniumLibrary">
<arg>${link}</arg>
<doc>Click the element identified by ``locator``.</doc>
<msg timestamp="20260116 12:13:21.282" level="INFO">Clicking element '&lt;selenium.webdriver.remote.webelement.WebElement (session="8a72b131a379f5252afe04c3d86b5da4", element="f.97364DDA6475D1086C4113A03A566707.d.988AD5DF1ADDB627E0927AD024EF2CA0.e.80")&gt;'.</msg>
<status status="PASS" starttime="20260116 12:13:21.281" endtime="20260116 12:13:21.365"/>
</kw>
<kw name="Sleep" library="BuiltIn">
<arg>1s</arg>
<doc>Pauses the test executed for the given time.</doc>
<msg timestamp="20260116 12:13:22.366" level="INFO">Slept 1 second</msg>
<status status="PASS" starttime="20260116 12:13:21.365" endtime="20260116 12:13:22.366"/>
</kw>
<kw name="Capture Page Screenshot" library="SeleniumLibrary">
<doc>Takes a screenshot of the current page and embeds it into a log file.</doc>
<msg timestamp="20260116 12:13:22.490" level="INFO" html="true">&lt;/td&gt;&lt;/tr&gt;&lt;tr&gt;&lt;td colspan="3"&gt;&lt;a href="selenium-screenshot-154.png"&gt;&lt;img src="selenium-screenshot-154.png" width="800px"&gt;&lt;/a&gt;</msg>
<status status="PASS" starttime="20260116 12:13:22.366" endtime="20260116 12:13:22.490"/>
</kw>
<status status="PASS" starttime="20260116 12:13:20.482" endtime="20260116 12:13:22.490"/>
</iter>
<iter>
<var name="${link}">&lt;selenium.webdriver.remote.webelement.WebElement (session="8a72b131a379f5252afe04c3d86b5da4", element="f.97364DDA6475D1086C4113A03A566707.d.988AD5DF1ADDB627E0927AD024EF2CA0.e.81")&gt;</var>
<kw name="Get Text" library="SeleniumLibrary">
<var>${link_text}</var>
<arg>${link}</arg>
<doc>Returns the text value of the element identified by ``locator``.</doc>
<msg timestamp="20260116 12:13:22.500" level="INFO">${link_text} = KBYG</msg>
<status status="PASS" starttime="20260116 12:13:22.490" endtime="20260116 12:13:22.500"/>
</kw>
<kw name="Log" library="BuiltIn">
<arg>Clicking navbar link: ${link_text}</arg>
<doc>Logs the given message with the given level.</doc>
<msg timestamp="20260116 12:13:22.501" level="INFO">Clicking navbar link: KBYG</msg>
<status status="PASS" starttime="20260116 12:13:22.501" endtime="20260116 12:13:22.501"/>
</kw>
<kw name="Scroll Element Into View" library="SeleniumLibrary">
<arg>${link}</arg>
<doc>Scrolls the element identified by ``locator`` into view.</doc>
<status status="PASS" starttime="20260116 12:13:22.501" endtime="20260116 12:13:22.780"/>
</kw>
<kw name="Sleep" library="BuiltIn">
<arg>0.5s</arg>
<doc>Pauses the test executed for the given time.</doc>
<msg timestamp="20260116 12:13:23.281" level="INFO">Slept 500 milliseconds</msg>
<status status="PASS" starttime="20260116 12:13:22.780" endtime="20260116 12:13:23.281"/>
</kw>
<kw name="Click Element" library="SeleniumLibrary">
<arg>${link}</arg>
<doc>Click the element identified by ``locator``.</doc>
<msg timestamp="20260116 12:13:23.281" level="INFO">Clicking element '&lt;selenium.webdriver.remote.webelement.WebElement (session="8a72b131a379f5252afe04c3d86b5da4", element="f.97364DDA6475D1086C4113A03A566707.d.988AD5DF1ADDB627E0927AD024EF2CA0.e.81")&gt;'.</msg>
<status status="PASS" starttime="20260116 12:13:23.281" endtime="20260116 12:13:23.329"/>
</kw>
<kw name="Sleep" library="BuiltIn">
<arg>1s</arg>
<doc>Pauses the test executed for the given time.</doc>
<msg timestamp="20260116 12:13:24.330" level="INFO">Slept 1 second</msg>
<status status="PASS" starttime="20260116 12:13:23.329" endtime="20260116 12:13:24.330"/>
</kw>
<kw name="Capture Page Screenshot" library="SeleniumLibrary">
<doc>Takes a screenshot of the current page and embeds it into a log file.</doc>
<msg timestamp="20260116 12:13:24.453" level="INFO" html="true">&lt;/td&gt;&lt;/tr&gt;&lt;tr&gt;&lt;td colspan="3"&gt;&lt;a href="selenium-screenshot-155.png"&gt;&lt;img src="selenium-screenshot-155.png" width="800px"&gt;&lt;/a&gt;</msg>
<status status="PASS" starttime="20260116 12:13:24.330" endtime="20260116 12:13:24.453"/>
</kw>
<status status="PASS" starttime="20260116 12:13:22.490" endtime="20260116 12:13:24.453"/>
</iter>
<iter>
<var name="${link}">&lt;selenium.webdriver.remote.webelement.WebElement (session="8a72b131a379f5252afe04c3d86b5da4", element="f.97364DDA6475D1086C4113A03A566707.d.988AD5DF1ADDB627E0927AD024EF2CA0.e.82")&gt;</var>
<kw name="Get Text" library="SeleniumLibrary">
<var>${link_text}</var>
<arg>${link}</arg>
<doc>Returns the text value of the element identified by ``locator``.</doc>
<msg timestamp="20260116 12:13:24.462" level="INFO">${link_text} = Hightlights</msg>
<status status="PASS" starttime="20260116 12:13:24.454" endtime="20260116 12:13:24.462"/>
</kw>
<kw name="Log" library="BuiltIn">
<arg>Clicking navbar link: ${link_text}</arg>
<doc>Logs the given message with the given level.</doc>
<msg timestamp="20260116 12:13:24.463" level="INFO">Clicking navbar link: Hightlights</msg>
<status status="PASS" starttime="20260116 12:13:24.462" endtime="20260116 12:13:24.463"/>
</kw>
<kw name="Scroll Element Into View" library="SeleniumLibrary">
<arg>${link}</arg>
<doc>Scrolls the element identified by ``locator`` into view.</doc>
<status status="PASS" starttime="20260116 12:13:24.463" endtime="20260116 12:13:24.733"/>
</kw>
<kw name="Sleep" library="BuiltIn">
<arg>0.5s</arg>
<doc>Pauses the test executed for the given time.</doc>
<msg timestamp="20260116 12:13:25.234" level="INFO">Slept 500 milliseconds</msg>
<status status="PASS" starttime="20260116 12:13:24.733" endtime="20260116 12:13:25.234"/>
</kw>
<kw name="Click Element" library="SeleniumLibrary">
<arg>${link}</arg>
<doc>Click the element identified by ``locator``.</doc>
<msg timestamp="20260116 12:13:25.235" level="INFO">Clicking element '&lt;selenium.webdriver.remote.webelement.WebElement (session="8a72b131a379f5252afe04c3d86b5da4", element="f.97364DDA6475D1086C4113A03A566707.d.988AD5DF1ADDB627E0927AD024EF2CA0.e.82")&gt;'.</msg>
<status status="PASS" starttime="20260116 12:13:25.234" endtime="20260116 12:13:25.282"/>
</kw>
<kw name="Sleep" library="BuiltIn">
<arg>1s</arg>
<doc>Pauses the test executed for the given time.</doc>
<msg timestamp="20260116 12:13:26.282" level="INFO">Slept 1 second</msg>
<status status="PASS" starttime="20260116 12:13:25.282" endtime="20260116 12:13:26.283"/>
</kw>
<kw name="Capture Page Screenshot" library="SeleniumLibrary">
<doc>Takes a screenshot of the current page and embeds it into a log file.</doc>
<msg timestamp="20260116 12:13:26.426" level="INFO" html="true">&lt;/td&gt;&lt;/tr&gt;&lt;tr&gt;&lt;td colspan="3"&gt;&lt;a href="selenium-screenshot-156.png"&gt;&lt;img src="selenium-screenshot-156.png" width="800px"&gt;&lt;/a&gt;</msg>
<status status="PASS" starttime="20260116 12:13:26.283" endtime="20260116 12:13:26.426"/>
</kw>
<status status="PASS" starttime="20260116 12:13:24.453" endtime="20260116 12:13:26.426"/>
</iter>
<iter>
<var name="${link}">&lt;selenium.webdriver.remote.webelement.WebElement (session="8a72b131a379f5252afe04c3d86b5da4", element="f.97364DDA6475D1086C4113A03A566707.d.988AD5DF1ADDB627E0927AD024EF2CA0.e.83")&gt;</var>
<kw name="Get Text" library="SeleniumLibrary">
<var>${link_text}</var>
<arg>${link}</arg>
<doc>Returns the text value of the element identified by ``locator``.</doc>
<msg timestamp="20260116 12:13:26.435" level="INFO">${link_text} = Who For</msg>
<status status="PASS" starttime="20260116 12:13:26.426" endtime="20260116 12:13:26.435"/>
</kw>
<kw name="Log" library="BuiltIn">
<arg>Clicking navbar link: ${link_text}</arg>
<doc>Logs the given message with the given level.</doc>
<msg timestamp="20260116 12:13:26.436" level="INFO">Clicking navbar link: Who For</msg>
<status status="PASS" starttime="20260116 12:13:26.435" endtime="20260116 12:13:26.436"/>
</kw>
<kw name="Scroll Element Into View" library="SeleniumLibrary">
<arg>${link}</arg>
<doc>Scrolls the element identified by ``locator`` into view.</doc>
<status status="PASS" starttime="20260116 12:13:26.436" endtime="20260116 12:13:26.716"/>
</kw>
<kw name="Sleep" library="BuiltIn">
<arg>0.5s</arg>
<doc>Pauses the test executed for the given time.</doc>
<msg timestamp="20260116 12:13:27.216" level="INFO">Slept 500 milliseconds</msg>
<status status="PASS" starttime="20260116 12:13:26.716" endtime="20260116 12:13:27.216"/>
</kw>
<kw name="Click Element" library="SeleniumLibrary">
<arg>${link}</arg>
<doc>Click the element identified by ``locator``.</doc>
<msg timestamp="20260116 12:13:27.217" level="INFO">Clicking element '&lt;selenium.webdriver.remote.webelement.WebElement (session="8a72b131a379f5252afe04c3d86b5da4", element="f.97364DDA6475D1086C4113A03A566707.d.988AD5DF1ADDB627E0927AD024EF2CA0.e.83")&gt;'.</msg>
<status status="PASS" starttime="20260116 12:13:27.216" endtime="20260116 12:13:27.264"/>
</kw>
<kw name="Sleep" library="BuiltIn">
<arg>1s</arg>
<doc>Pauses the test executed for the given time.</doc>
<msg timestamp="20260116 12:13:28.265" level="INFO">Slept 1 second</msg>
<status status="PASS" starttime="20260116 12:13:27.264" endtime="20260116 12:13:28.265"/>
</kw>
<kw name="Capture Page Screenshot" library="SeleniumLibrary">
<doc>Takes a screenshot of the current page and embeds it into a log file.</doc>
<msg timestamp="20260116 12:13:28.401" level="INFO" html="true">&lt;/td&gt;&lt;/tr&gt;&lt;tr&gt;&lt;td colspan="3"&gt;&lt;a href="selenium-screenshot-157.png"&gt;&lt;img src="selenium-screenshot-157.png" width="800px"&gt;&lt;/a&gt;</msg>
<status status="PASS" starttime="20260116 12:13:28.265" endtime="20260116 12:13:28.401"/>
</kw>
<status status="PASS" starttime="20260116 12:13:26.426" endtime="20260116 12:13:28.401"/>
</iter>
<iter>
<var name="${link}">&lt;selenium.webdriver.remote.webelement.WebElement (session="8a72b131a379f5252afe04c3d86b5da4", element="f.97364DDA6475D1086C4113A03A566707.d.988AD5DF1ADDB627E0927AD024EF2CA0.e.84")&gt;</var>
<kw name="Get Text" library="SeleniumLibrary">
<var>${link_text}</var>
<arg>${link}</arg>
<doc>Returns the text value of the element identified by ``locator``.</doc>
<msg timestamp="20260116 12:13:28.411" level="INFO">${link_text} = Who Not For</msg>
<status status="PASS" starttime="20260116 12:13:28.401" endtime="20260116 12:13:28.411"/>
</kw>
<kw name="Log" library="BuiltIn">
<arg>Clicking navbar link: ${link_text}</arg>
<doc>Logs the given message with the given level.</doc>
<msg timestamp="20260116 12:13:28.411" level="INFO">Clicking navbar link: Who Not For</msg>
<status status="PASS" starttime="20260116 12:13:28.411" endtime="20260116 12:13:28.411"/>
</kw>
<kw name="Scroll Element Into View" library="SeleniumLibrary">
<arg>${link}</arg>
<doc>Scrolls the element identified by ``locator`` into view.</doc>
<status status="PASS" starttime="20260116 12:13:28.411" endtime="20260116 12:13:28.688"/>
</kw>
<kw name="Sleep" library="BuiltIn">
<arg>0.5s</arg>
<doc>Pauses the test executed for the given time.</doc>
<msg timestamp="20260116 12:13:29.189" level="INFO">Slept 500 milliseconds</msg>
<status status="PASS" starttime="20260116 12:13:28.688" endtime="20260116 12:13:29.189"/>
</kw>
<kw name="Click Element" library="SeleniumLibrary">
<arg>${link}</arg>
<doc>Click the element identified by ``locator``.</doc>
<msg timestamp="20260116 12:13:29.190" level="INFO">Clicking element '&lt;selenium.webdriver.remote.webelement.WebElement (session="8a72b131a379f5252afe04c3d86b5da4", element="f.97364DDA6475D1086C4113A03A566707.d.988AD5DF1ADDB627E0927AD024EF2CA0.e.84")&gt;'.</msg>
<status status="PASS" starttime="20260116 12:13:29.189" endtime="20260116 12:13:29.236"/>
</kw>
<kw name="Sleep" library="BuiltIn">
<arg>1s</arg>
<doc>Pauses the test executed for the given time.</doc>
<msg timestamp="20260116 12:13:30.238" level="INFO">Slept 1 second</msg>
<status status="PASS" starttime="20260116 12:13:29.237" endtime="20260116 12:13:30.238"/>
</kw>
<kw name="Capture Page Screenshot" library="SeleniumLibrary">
<doc>Takes a screenshot of the current page and embeds it into a log file.</doc>
<msg timestamp="20260116 12:13:30.361" level="INFO" html="true">&lt;/td&gt;&lt;/tr&gt;&lt;tr&gt;&lt;td colspan="3"&gt;&lt;a href="selenium-screenshot-158.png"&gt;&lt;img src="selenium-screenshot-158.png" width="800px"&gt;&lt;/a&gt;</msg>
<status status="PASS" starttime="20260116 12:13:30.238" endtime="20260116 12:13:30.362"/>
</kw>
<status status="PASS" starttime="20260116 12:13:28.401" endtime="20260116 12:13:30.362"/>
</iter>
<iter>
<var name="${link}">&lt;selenium.webdriver.remote.webelement.WebElement (session="8a72b131a379f5252afe04c3d86b5da4", element="f.97364DDA6475D1086C4113A03A566707.d.988AD5DF1ADDB627E0927AD024EF2CA0.e.85")&gt;</var>
<kw name="Get Text" library="SeleniumLibrary">
<var>${link_text}</var>
<arg>${link}</arg>
<doc>Returns the text value of the element identified by ``locator``.</doc>
<msg timestamp="20260116 12:13:30.371" level="INFO">${link_text} = Itinerary</msg>
<status status="PASS" starttime="20260116 12:13:30.362" endtime="20260116 12:13:30.371"/>
</kw>
<kw name="Log" library="BuiltIn">
<arg>Clicking navbar link: ${link_text}</arg>
<doc>Logs the given message with the given level.</doc>
<msg timestamp="20260116 12:13:30.371" level="INFO">Clicking navbar link: Itinerary</msg>
<status status="PASS" starttime="20260116 12:13:30.371" endtime="20260116 12:13:30.371"/>
</kw>
<kw name="Scroll Element Into View" library="SeleniumLibrary">
<arg>${link}</arg>
<doc>Scrolls the element identified by ``locator`` into view.</doc>
<status status="PASS" starttime="20260116 12:13:30.372" endtime="20260116 12:13:30.643"/>
</kw>
<kw name="Sleep" library="BuiltIn">
<arg>0.5s</arg>
<doc>Pauses the test executed for the given time.</doc>
<msg timestamp="20260116 12:13:31.144" level="INFO">Slept 500 milliseconds</msg>
<status status="PASS" starttime="20260116 12:13:30.643" endtime="20260116 12:13:31.144"/>
</kw>
<kw name="Click Element" library="SeleniumLibrary">
<arg>${link}</arg>
<doc>Click the element identified by ``locator``.</doc>
<msg timestamp="20260116 12:13:31.145" level="INFO">Clicking element '&lt;selenium.webdriver.remote.webelement.WebElement (session="8a72b131a379f5252afe04c3d86b5da4", element="f.97364DDA6475D1086C4113A03A566707.d.988AD5DF1ADDB627E0927AD024EF2CA0.e.85")&gt;'.</msg>
<status status="PASS" starttime="20260116 12:13:31.144" endtime="20260116 12:13:31.192"/>
</kw>
<kw name="Sleep" library="BuiltIn">
<arg>1s</arg>
<doc>Pauses the test executed for the given time.</doc>
<msg timestamp="20260116 12:13:32.192" level="INFO">Slept 1 second</msg>
<status status="PASS" starttime="20260116 12:13:31.192" endtime="20260116 12:13:32.192"/>
</kw>
<kw name="Capture Page Screenshot" library="SeleniumLibrary">
<doc>Takes a screenshot of the current page and embeds it into a log file.</doc>
<msg timestamp="20260116 12:13:32.416" level="INFO" html="true">&lt;/td&gt;&lt;/tr&gt;&lt;tr&gt;&lt;td colspan="3"&gt;&lt;a href="selenium-screenshot-159.png"&gt;&lt;img src="selenium-screenshot-159.png" width="800px"&gt;&lt;/a&gt;</msg>
<status status="PASS" starttime="20260116 12:13:32.193" endtime="20260116 12:13:32.416"/>
</kw>
<status status="PASS" starttime="20260116 12:13:30.362" endtime="20260116 12:13:32.416"/>
</iter>
<iter>
<var name="${link}">&lt;selenium.webdriver.remote.webelement.WebElement (session="8a72b131a379f5252afe04c3d86b5da4", element="f.97364DDA6475D1086C4113A03A566707.d.988AD5DF1ADDB627E0927AD024EF2CA0.e.86")&gt;</var>
<kw name="Get Text" library="SeleniumLibrary">
<var>${link_text}</var>
<arg>${link}</arg>
<doc>Returns the text value of the element identified by ``locator``.</doc>
<msg timestamp="20260116 12:13:32.426" level="INFO">${link_text} = Includes/Excludes</msg>
<status status="PASS" starttime="20260116 12:13:32.416" endtime="20260116 12:13:32.426"/>
</kw>
<kw name="Log" library="BuiltIn">
<arg>Clicking navbar link: ${link_text}</arg>
<doc>Logs the given message with the given level.</doc>
<msg timestamp="20260116 12:13:32.427" level="INFO">Clicking navbar link: Includes/Excludes</msg>
<status status="PASS" starttime="20260116 12:13:32.426" endtime="20260116 12:13:32.427"/>
</kw>
<kw name="Scroll Element Into View" library="SeleniumLibrary">
<arg>${link}</arg>
<doc>Scrolls the element identified by ``locator`` into view.</doc>
<status status="PASS" starttime="20260116 12:13:32.427" endtime="20260116 12:13:32.705"/>
</kw>
<kw name="Sleep" library="BuiltIn">
<arg>0.5s</arg>
<doc>Pauses the test executed for the given time.</doc>
<msg timestamp="20260116 12:13:33.206" level="INFO">Slept 500 milliseconds</msg>
<status status="PASS" starttime="20260116 12:13:32.705" endtime="20260116 12:13:33.206"/>
</kw>
<kw name="Click Element" library="SeleniumLibrary">
<arg>${link}</arg>
<doc>Click the element identified by ``locator``.</doc>
<msg timestamp="20260116 12:13:33.207" level="INFO">Clicking element '&lt;selenium.webdriver.remote.webelement.WebElement (session="8a72b131a379f5252afe04c3d86b5da4", element="f.97364DDA6475D1086C4113A03A566707.d.988AD5DF1ADDB627E0927AD024EF2CA0.e.86")&gt;'.</msg>
<status status="PASS" starttime="20260116 12:13:33.207" endtime="20260116 12:13:33.255"/>
</kw>
<kw name="Sleep" library="BuiltIn">
<arg>1s</arg>
<doc>Pauses the test executed for the given time.</doc>
<msg timestamp="20260116 12:13:34.255" level="INFO">Slept 1 second</msg>
<status status="PASS" starttime="20260116 12:13:33.255" endtime="20260116 12:13:34.255"/>
</kw>
<kw name="Capture Page Screenshot" library="SeleniumLibrary">
<doc>Takes a screenshot of the current page and embeds it into a log file.</doc>
<msg timestamp="20260116 12:13:34.380" level="INFO" html="true">&lt;/td&gt;&lt;/tr&gt;&lt;tr&gt;&lt;td colspan="3"&gt;&lt;a href="selenium-screenshot-160.png"&gt;&lt;img src="selenium-screenshot-160.png" width="800px"&gt;&lt;/a&gt;</msg>
<status status="PASS" starttime="20260116 12:13:34.255" endtime="20260116 12:13:34.380"/>
</kw>
<status status="PASS" starttime="20260116 12:13:32.416" endtime="20260116 12:13:34.380"/>
</iter>
<iter>
<var name="${link}">&lt;selenium.webdriver.remote.webelement.WebElement (session="8a72b131a379f5252afe04c3d86b5da4", element="f.97364DDA6475D1086C4113A03A566707.d.988AD5DF1ADDB627E0927AD024EF2CA0.e.87")&gt;</var>
<kw name="Get Text" library="SeleniumLibrary">
<var>${link_text}</var>
<arg>${link}</arg>
<doc>Returns the text value of the element identified by ``locator``.</doc>
<msg timestamp="20260116 12:13:34.390" level="INFO">${link_text} = Imp Info</msg>
<status status="PASS" starttime="20260116 12:13:34.381" endtime="20260116 12:13:34.390"/>
</kw>
<kw name="Log" library="BuiltIn">
<arg>Clicking navbar link: ${link_text}</arg>
<doc>Logs the given message with the given level.</doc>
<msg timestamp="20260116 12:13:34.391" level="INFO">Clicking navbar link: Imp Info</msg>
<status status="PASS" starttime="20260116 12:13:34.390" endtime="20260116 12:13:34.391"/>
</kw>
<kw name="Scroll Element Into View" library="SeleniumLibrary">
<arg>${link}</arg>
<doc>Scrolls the element identified by ``locator`` into view.</doc>
<status status="PASS" starttime="20260116 12:13:34.391" endtime="20260116 12:13:34.663"/>
</kw>
<kw name="Sleep" library="BuiltIn">
<arg>0.5s</arg>
<doc>Pauses the test executed for the given time.</doc>
<msg timestamp="20260116 12:13:35.164" level="INFO">Slept 500 milliseconds</msg>
<status status="PASS" starttime="20260116 12:13:34.663" endtime="20260116 12:13:35.164"/>
</kw>
<kw name="Click Element" library="SeleniumLibrary">
<arg>${link}</arg>
<doc>Click the element identified by ``locator``.</doc>
<msg timestamp="20260116 12:13:35.165" level="INFO">Clicking element '&lt;selenium.webdriver.remote.webelement.WebElement (session="8a72b131a379f5252afe04c3d86b5da4", element="f.97364DDA6475D1086C4113A03A566707.d.988AD5DF1ADDB627E0927AD024EF2CA0.e.87")&gt;'.</msg>
<status status="PASS" starttime="20260116 12:13:35.164" endtime="20260116 12:13:35.208"/>
</kw>
<kw name="Sleep" library="BuiltIn">
<arg>1s</arg>
<doc>Pauses the test executed for the given time.</doc>
<msg timestamp="20260116 12:13:36.209" level="INFO">Slept 1 second</msg>
<status status="PASS" starttime="20260116 12:13:35.209" endtime="20260116 12:13:36.209"/>
</kw>
<kw name="Capture Page Screenshot" library="SeleniumLibrary">
<doc>Takes a screenshot of the current page and embeds it into a log file.</doc>
<msg timestamp="20260116 12:13:36.315" level="INFO" html="true">&lt;/td&gt;&lt;/tr&gt;&lt;tr&gt;&lt;td colspan="3"&gt;&lt;a href="selenium-screenshot-161.png"&gt;&lt;img src="selenium-screenshot-161.png" width="800px"&gt;&lt;/a&gt;</msg>
<status status="PASS" starttime="20260116 12:13:36.209" endtime="20260116 12:13:36.315"/>
</kw>
<status status="PASS" starttime="20260116 12:13:34.381" endtime="20260116 12:13:36.315"/>
</iter>
<iter>
<var name="${link}">&lt;selenium.webdriver.remote.webelement.WebElement (session="8a72b131a379f5252afe04c3d86b5da4", element="f.97364DDA6475D1086C4113A03A566707.d.988AD5DF1ADDB627E0927AD024EF2CA0.e.88")&gt;</var>
<kw name="Get Text" library="SeleniumLibrary">
<var>${link_text}</var>
<arg>${link}</arg>
<doc>Returns the text value of the element identified by ``locator``.</doc>
<msg timestamp="20260116 12:13:36.325" level="INFO">${link_text} = FAQS</msg>
<status status="PASS" starttime="20260116 12:13:36.316" endtime="20260116 12:13:36.325"/>
</kw>
<kw name="Log" library="BuiltIn">
<arg>Clicking navbar link: ${link_text}</arg>
<doc>Logs the given message with the given level.</doc>
<msg timestamp="20260116 12:13:36.325" level="INFO">Clicking navbar link: FAQS</msg>
<status status="PASS" starttime="20260116 12:13:36.325" endtime="20260116 12:13:36.325"/>
</kw>
<kw name="Scroll Element Into View" library="SeleniumLibrary">
<arg>${link}</arg>
<doc>Scrolls the element identified by ``locator`` into view.</doc>
<status status="PASS" starttime="20260116 12:13:36.325" endtime="20260116 12:13:36.590"/>
</kw>
<kw name="Sleep" library="BuiltIn">
<arg>0.5s</arg>
<doc>Pauses the test executed for the given time.</doc>
<msg timestamp="20260116 12:13:37.091" level="INFO">Slept 500 milliseconds</msg>
<status status="PASS" starttime="20260116 12:13:36.590" endtime="20260116 12:13:37.091"/>
</kw>
<kw name="Click Element" library="SeleniumLibrary">
<arg>${link}</arg>
<doc>Click the element identified by ``locator``.</doc>
<msg timestamp="20260116 12:13:37.092" level="INFO">Clicking element '&lt;selenium.webdriver.remote.webelement.WebElement (session="8a72b131a379f5252afe04c3d86b5da4", element="f.97364DDA6475D1086C4113A03A566707.d.988AD5DF1ADDB627E0927AD024EF2CA0.e.88")&gt;'.</msg>
<status status="PASS" starttime="20260116 12:13:37.091" endtime="20260116 12:13:37.138"/>
</kw>
<kw name="Sleep" library="BuiltIn">
<arg>1s</arg>
<doc>Pauses the test executed for the given time.</doc>
<msg timestamp="20260116 12:13:38.139" level="INFO">Slept 1 second</msg>
<status status="PASS" starttime="20260116 12:13:37.138" endtime="20260116 12:13:38.139"/>
</kw>
<kw name="Capture Page Screenshot" library="SeleniumLibrary">
<doc>Takes a screenshot of the current page and embeds it into a log file.</doc>
<msg timestamp="20260116 12:13:38.286" level="INFO" html="true">&lt;/td&gt;&lt;/tr&gt;&lt;tr&gt;&lt;td colspan="3"&gt;&lt;a href="selenium-screenshot-162.png"&gt;&lt;img src="selenium-screenshot-162.png" width="800px"&gt;&lt;/a&gt;</msg>
<status status="PASS" starttime="20260116 12:13:38.140" endtime="20260116 12:13:38.286"/>
</kw>
<status status="PASS" starttime="20260116 12:13:36.315" endtime="20260116 12:13:38.286"/>
</iter>
<status status="PASS" starttime="20260116 12:13:20.481" endtime="20260116 12:13:38.286"/>
</for>
<status status="PASS" starttime="20260116 12:13:20.137" endtime="20260116 12:13:38.286"/>
</kw>
<status status="PASS" starttime="20260116 12:13:07.452" endtime="20260116 12:13:38.286"/>
</kw>
<kw name="Close Browser" library="SeleniumLibrary" type="TEARDOWN">
<doc>Closes the current browser.</doc>
<status status="PASS" starttime="20260116 12:13:38.287" endtime="20260116 12:13:40.558"/>
</kw>
<status status="PASS" starttime="20260116 12:12:59.916" endtime="20260116 12:13:40.559"/>
</test>
<test id="s1-t2" name="Facebook Button" line="12">
<kw name="Open Homepage" library="home_page">
<kw name="Open Browser To Application" library="browser">
<kw name="Evaluate" library="BuiltIn">
<var>${chrome_options}</var>
<arg>selenium.webdriver.ChromeOptions()</arg>
<arg>modules=selenium.webdriver</arg>
<doc>Evaluates the given expression in Python and returns the result.</doc>
<msg timestamp="20260116 12:13:40.565" level="INFO">${chrome_options} = &lt;selenium.webdriver.chrome.options.Options object at 0x000001F2BB70B9D0&gt;</msg>
<status status="PASS" starttime="20260116 12:13:40.561" endtime="20260116 12:13:40.565"/>
</kw>
<kw name="Create List" library="BuiltIn">
<var>${args}</var>
<arg>--window-size=1920,1080</arg>
<arg>--start-maximized</arg>
<arg>--no-sandbox</arg>
<arg>--disable-dev-shm-usage</arg>
<arg>--disable-gpu</arg>
<arg>--disable-software-rasterizer</arg>
<arg>--remote-debugging-port=9222</arg>
<arg>--disable-extensions</arg>
<arg>--disable-setuid-sandbox</arg>
<doc>Returns a list containing given items.</doc>
<msg timestamp="20260116 12:13:40.566" level="INFO">${args} = ['--window-size=1920,1080', '--start-maximized', '--no-sandbox', '--disable-dev-shm-usage', '--disable-gpu', '--disable-software-rasterizer', '--remote-debugging-port=9222', '--disable-extensions', '-...</msg>
<status status="PASS" starttime="20260116 12:13:40.565" endtime="20260116 12:13:40.566"/>
</kw>
<for flavor="IN">
<var>${arg}</var>
<value>@{args}</value>
<iter>
<var name="${arg}">--window-size=1920,1080</var>
<kw name="Call Method" library="BuiltIn">
<arg>${chrome_options}</arg>
<arg>add_argument</arg>
<arg>${arg}</arg>
<doc>Calls the named method of the given object with the provided arguments.</doc>
<status status="PASS" starttime="20260116 12:13:40.566" endtime="20260116 12:13:40.567"/>
</kw>
<status status="PASS" starttime="20260116 12:13:40.566" endtime="20260116 12:13:40.567"/>
</iter>
<iter>
<var name="${arg}">--start-maximized</var>
<kw name="Call Method" library="BuiltIn">
<arg>${chrome_options}</arg>
<arg>add_argument</arg>
<arg>${arg}</arg>
<doc>Calls the named method of the given object with the provided arguments.</doc>
<status status="PASS" starttime="20260116 12:13:40.567" endtime="20260116 12:13:40.567"/>
</kw>
<status status="PASS" starttime="20260116 12:13:40.567" endtime="20260116 12:13:40.567"/>
</iter>
<iter>
<var name="${arg}">--no-sandbox</var>
<kw name="Call Method" library="BuiltIn">
<arg>${chrome_options}</arg>
<arg>add_argument</arg>
<arg>${arg}</arg>
<doc>Calls the named method of the given object with the provided arguments.</doc>
<status status="PASS" starttime="20260116 12:13:40.567" endtime="20260116 12:13:40.568"/>
</kw>
<status status="PASS" starttime="20260116 12:13:40.567" endtime="20260116 12:13:40.568"/>
</iter>
<iter>
<var name="${arg}">--disable-dev-shm-usage</var>
<kw name="Call Method" library="BuiltIn">
<arg>${chrome_options}</arg>
<arg>add_argument</arg>
<arg>${arg}</arg>
<doc>Calls the named method of the given object with the provided arguments.</doc>
<status status="PASS" starttime="20260116 12:13:40.568" endtime="20260116 12:13:40.568"/>
</kw>
<status status="PASS" starttime="20260116 12:13:40.568" endtime="20260116 12:13:40.568"/>
</iter>
<iter>
<var name="${arg}">--disable-gpu</var>
<kw name="Call Method" library="BuiltIn">
<arg>${chrome_options}</arg>
<arg>add_argument</arg>
<arg>${arg}</arg>
<doc>Calls the named method of the given object with the provided arguments.</doc>
<status status="PASS" starttime="20260116 12:13:40.568" endtime="20260116 12:13:40.568"/>
</kw>
<status status="PASS" starttime="20260116 12:13:40.568" endtime="20260116 12:13:40.568"/>
</iter>
<iter>
<var name="${arg}">--disable-software-rasterizer</var>
<kw name="Call Method" library="BuiltIn">
<arg>${chrome_options}</arg>
<arg>add_argument</arg>
<arg>${arg}</arg>
<doc>Calls the named method of the given object with the provided arguments.</doc>
<status status="PASS" starttime="20260116 12:13:40.569" endtime="20260116 12:13:40.569"/>
</kw>
<status status="PASS" starttime="20260116 12:13:40.569" endtime="20260116 12:13:40.569"/>
</iter>
<iter>
<var name="${arg}">--remote-debugging-port=9222</var>
<kw name="Call Method" library="BuiltIn">
<arg>${chrome_options}</arg>
<arg>add_argument</arg>
<arg>${arg}</arg>
<doc>Calls the named method of the given object with the provided arguments.</doc>
<status status="PASS" starttime="20260116 12:13:40.569" endtime="20260116 12:13:40.569"/>
</kw>
<status status="PASS" starttime="20260116 12:13:40.569" endtime="20260116 12:13:40.569"/>
</iter>
<iter>
<var name="${arg}">--disable-extensions</var>
<kw name="Call Method" library="BuiltIn">
<arg>${chrome_options}</arg>
<arg>add_argument</arg>
<arg>${arg}</arg>
<doc>Calls the named method of the given object with the provided arguments.</doc>
<status status="PASS" starttime="20260116 12:13:40.570" endtime="20260116 12:13:40.570"/>
</kw>
<status status="PASS" starttime="20260116 12:13:40.569" endtime="20260116 12:13:40.570"/>
</iter>
<iter>
<var name="${arg}">--disable-setuid-sandbox</var>
<kw name="Call Method" library="BuiltIn">
<arg>${chrome_options}</arg>
<arg>add_argument</arg>
<arg>${arg}</arg>
<doc>Calls the named method of the given object with the provided arguments.</doc>
<status status="PASS" starttime="20260116 12:13:40.570" endtime="20260116 12:13:40.570"/>
</kw>
<status status="PASS" starttime="20260116 12:13:40.570" endtime="20260116 12:13:40.570"/>
</iter>
<status status="PASS" starttime="20260116 12:13:40.566" endtime="20260116 12:13:40.570"/>
</for>
<kw name="Open Browser" library="SeleniumLibrary">
<arg>${BASE_URL}</arg>
<arg>${BROWSER}</arg>
<arg>options=${chrome_options}</arg>
<doc>Opens a new browser instance to the optional ``url``.</doc>
<msg timestamp="20260116 12:13:40.571" level="INFO">Opening browser 'Chrome' to base url 'https://trailquest.global/'.</msg>
<status status="PASS" starttime="20260116 12:13:40.571" endtime="20260116 12:13:46.881"/>
</kw>
<status status="PASS" starttime="20260116 12:13:40.561" endtime="20260116 12:13:46.881"/>
</kw>
<kw name="Sleep" library="BuiltIn">
<arg>2s</arg>
<doc>Pauses the test executed for the given time.</doc>
<msg timestamp="20260116 12:13:48.882" level="INFO">Slept 2 seconds</msg>
<status status="PASS" starttime="20260116 12:13:46.882" endtime="20260116 12:13:48.882"/>
</kw>
<status status="PASS" starttime="20260116 12:13:40.561" endtime="20260116 12:13:48.882"/>
</kw>
<kw name="Test Facebook" library="treks_tours">
<kw name="Verify Logo Is Visible" library="treks_tours">
<kw name="Wait Until Element Is Visible" library="SeleniumLibrary">
<arg>${logo}</arg>
<doc>Waits until the element ``locator`` is visible.</doc>
<status status="PASS" starttime="20260116 12:13:48.883" endtime="20260116 12:13:48.914"/>
</kw>
<kw name="Sleep" library="BuiltIn">
<arg>2s</arg>
<doc>Pauses the test executed for the given time.</doc>
<msg timestamp="20260116 12:13:50.914" level="INFO">Slept 2 seconds</msg>
<status status="PASS" starttime="20260116 12:13:48.914" endtime="20260116 12:13:50.915"/>
</kw>
<status status="PASS" starttime="20260116 12:13:48.883" endtime="20260116 12:13:50.915"/>
</kw>
<kw name="Open Trek And Tours Menu" library="treks_tours">
<kw name="Wait And Click" library="keywords">
<arg>${trek_and_tours}</arg>
<kw name="Wait Until Element Is Visible" library="SeleniumLibrary">
<arg>${locator}</arg>
<doc>Waits until the element ``locator`` is visible.</doc>
<status status="PASS" starttime="20260116 12:13:50.916" endtime="20260116 12:13:50.936"/>
</kw>
<kw name="Click Element" library="SeleniumLibrary">
<arg>${locator}</arg>
<doc>Click the element identified by ``locator``.</doc>
<msg timestamp="20260116 12:13:50.937" level="INFO">Clicking element 'xpath=/html/body/div[1]/header/div[1]/div/div/div/div/div[2]/div[2]/ul/li[2]/a/i'.</msg>
<status status="PASS" starttime="20260116 12:13:50.936" endtime="20260116 12:13:51.008"/>
</kw>
<status status="PASS" starttime="20260116 12:13:50.915" endtime="20260116 12:13:51.008"/>
</kw>
<kw name="Sleep" library="BuiltIn">
<arg>2s</arg>
<doc>Pauses the test executed for the given time.</doc>
<msg timestamp="20260116 12:13:53.009" level="INFO">Slept 2 seconds</msg>
<status status="PASS" starttime="20260116 12:13:51.008" endtime="20260116 12:13:53.009"/>
</kw>
<status status="PASS" starttime="20260116 12:13:50.915" endtime="20260116 12:13:53.009"/>
</kw>
<kw name="Click Push Your Limit" library="treks_tours">
<kw name="Wait And Click" library="keywords">
<arg>${push_your_limit}</arg>
<kw name="Wait Until Element Is Visible" library="SeleniumLibrary">
<arg>${locator}</arg>
<doc>Waits until the element ``locator`` is visible.</doc>
<status status="PASS" starttime="20260116 12:13:53.010" endtime="20260116 12:13:53.031"/>
</kw>
<kw name="Click Element" library="SeleniumLibrary">
<arg>${locator}</arg>
<doc>Click the element identified by ``locator``.</doc>
<msg timestamp="20260116 12:13:53.032" level="INFO">Clicking element 'xpath=/html/body/div[1]/header/div[1]/div/div/div/div/div[2]/div[2]/ul/li[2]/ul/li[2]/a'.</msg>
<status status="PASS" starttime="20260116 12:13:53.031" endtime="20260116 12:13:55.641"/>
</kw>
<status status="PASS" starttime="20260116 12:13:53.009" endtime="20260116 12:13:55.641"/>
</kw>
<kw name="Sleep" library="BuiltIn">
<arg>2s</arg>
<doc>Pauses the test executed for the given time.</doc>
<msg timestamp="20260116 12:13:57.642" level="INFO">Slept 2 seconds</msg>
<status status="PASS" starttime="20260116 12:13:55.642" endtime="20260116 12:13:57.642"/>
</kw>
<status status="PASS" starttime="20260116 12:13:53.009" endtime="20260116 12:13:57.642"/>
</kw>
<kw name="Go Down to" library="treks_tours">
<kw name="Scroll Element Into View" library="SeleniumLibrary">
<arg>${header}</arg>
<doc>Scrolls the element identified by ``locator`` into view.</doc>
<status status="PASS" starttime="20260116 12:13:57.643" endtime="20260116 12:13:57.926"/>
</kw>
<kw name="Sleep" library="BuiltIn">
<arg>2s</arg>
<doc>Pauses the test executed for the given time.</doc>
<msg timestamp="20260116 12:13:59.926" level="INFO">Slept 2 seconds</msg>
<status status="PASS" starttime="20260116 12:13:57.926" endtime="20260116 12:13:59.927"/>
</kw>
<status status="PASS" starttime="20260116 12:13:57.642" endtime="20260116 12:13:59.927"/>
</kw>
<kw name="Click Easy" library="treks_tours">
<kw name="Wait And Click" library="keywords">
<arg>${easy}</arg>
<kw name="Wait Until Element Is Visible" library="SeleniumLibrary">
<arg>${locator}</arg>
<doc>Waits until the element ``locator`` is visible.</doc>
<status status="PASS" starttime="20260116 12:13:59.927" endtime="20260116 12:13:59.958"/>
</kw>
<kw name="Click Element" library="SeleniumLibrary">
<arg>${locator}</arg>
<doc>Click the element identified by ``locator``.</doc>
<msg timestamp="20260116 12:13:59.959" level="INFO">Clicking element 'xpath=/html/body/div[3]/section/div/div/ul/li[1]/h3'.</msg>
<status status="PASS" starttime="20260116 12:13:59.958" endtime="20260116 12:14:00.015"/>
</kw>
<status status="PASS" starttime="20260116 12:13:59.927" endtime="20260116 12:14:00.015"/>
</kw>
<status status="PASS" starttime="20260116 12:13:59.927" endtime="20260116 12:14:00.015"/>
</kw>
<kw name="Click Everest Picture" library="treks_tours">
<kw name="Wait And Click" library="keywords">
<arg>${everest_picture}</arg>
<kw name="Wait Until Element Is Visible" library="SeleniumLibrary">
<arg>${locator}</arg>
<doc>Waits until the element ``locator`` is visible.</doc>
<status status="PASS" starttime="20260116 12:14:00.016" endtime="20260116 12:14:00.038"/>
</kw>
<kw name="Click Element" library="SeleniumLibrary">
<arg>${locator}</arg>
<doc>Click the element identified by ``locator``.</doc>
<msg timestamp="20260116 12:14:00.039" level="INFO">Clicking element 'xpath=//img[contains(@alt,'Everest 3 Passes Trek')]'.</msg>
<status status="PASS" starttime="20260116 12:14:00.038" endtime="20260116 12:14:01.730"/>
</kw>
<status status="PASS" starttime="20260116 12:14:00.016" endtime="20260116 12:14:01.731"/>
</kw>
<kw name="Wait Until Element Is Visible" library="SeleniumLibrary">
<arg>${everest_header}</arg>
<doc>Waits until the element ``locator`` is visible.</doc>
<status status="PASS" starttime="20260116 12:14:01.731" endtime="20260116 12:14:01.767"/>
</kw>
<status status="PASS" starttime="20260116 12:14:00.015" endtime="20260116 12:14:01.767"/>
</kw>
<kw name="Wait And Click" library="keywords">
<arg>${share}</arg>
<kw name="Wait Until Element Is Visible" library="SeleniumLibrary">
<arg>${locator}</arg>
<doc>Waits until the element ``locator`` is visible.</doc>
<status status="PASS" starttime="20260116 12:14:01.768" endtime="20260116 12:14:01.801"/>
</kw>
<kw name="Click Element" library="SeleniumLibrary">
<arg>${locator}</arg>
<doc>Click the element identified by ``locator``.</doc>
<msg timestamp="20260116 12:14:01.802" level="INFO">Clicking element 'xpath=/html/body/div[3]/div[1]/section[1]/div/div[1]/div[2]/div/div[1]'.</msg>
<status status="PASS" starttime="20260116 12:14:01.801" endtime="20260116 12:14:02.488"/>
</kw>
<status status="PASS" starttime="20260116 12:14:01.767" endtime="20260116 12:14:02.489"/>
</kw>
<kw name="Sleep" library="BuiltIn">
<arg>2s</arg>
<doc>Pauses the test executed for the given time.</doc>
<msg timestamp="20260116 12:14:04.489" level="INFO">Slept 2 seconds</msg>
<status status="PASS" starttime="20260116 12:14:02.489" endtime="20260116 12:14:04.489"/>
</kw>
<kw name="Wait Until Element Is Visible" library="SeleniumLibrary">
<arg>${facebook}</arg>
<doc>Waits until the element ``locator`` is visible.</doc>
<status status="PASS" starttime="20260116 12:14:04.489" endtime="20260116 12:14:04.509"/>
</kw>
<kw name="Sleep" library="BuiltIn">
<arg>1s</arg>
<doc>Pauses the test executed for the given time.</doc>
<msg timestamp="20260116 12:14:05.509" level="INFO">Slept 1 second</msg>
<status status="PASS" starttime="20260116 12:14:04.509" endtime="20260116 12:14:05.509"/>
</kw>
<kw name="Wait And Click" library="keywords">
<arg>${facebook}</arg>
<kw name="Wait Until Element Is Visible" library="SeleniumLibrary">
<arg>${locator}</arg>
<doc>Waits until the element ``locator`` is visible.</doc>
<status status="PASS" starttime="20260116 12:14:05.510" endtime="20260116 12:14:05.525"/>
</kw>
<kw name="Click Element" library="SeleniumLibrary">
<arg>${locator}</arg>
<doc>Click the element identified by ``locator``.</doc>
<msg timestamp="20260116 12:14:05.526" level="INFO">Clicking element 'xpath=/html/body/div[3]/div[1]/section[1]/div/div[1]/div[2]/div/div[1]/div/div/a[1]'.</msg>
<status status="PASS" starttime="20260116 12:14:05.525" endtime="20260116 12:14:05.623"/>
</kw>
<status status="PASS" starttime="20260116 12:14:05.510" endtime="20260116 12:14:05.623"/>
</kw>
<kw name="Sleep" library="BuiltIn">
<arg>2s</arg>
<doc>Pauses the test executed for the given time.</doc>
<msg timestamp="20260116 12:14:07.625" level="INFO">Slept 2 seconds</msg>
<status status="PASS" starttime="20260116 12:14:05.624" endtime="20260116 12:14:07.625"/>
</kw>
<kw name="Capture Page Screenshot" library="SeleniumLibrary">
<doc>Takes a screenshot of the current page and embeds it into a log file.</doc>
<msg timestamp="20260116 12:14:08.051" level="INFO" html="true">&lt;/td&gt;&lt;/tr&gt;&lt;tr&gt;&lt;td colspan="3"&gt;&lt;a href="selenium-screenshot-163.png"&gt;&lt;img src="selenium-screenshot-163.png" width="800px"&gt;&lt;/a&gt;</msg>
<status status="PASS" starttime="20260116 12:14:07.625" endtime="20260116 12:14:08.051"/>
</kw>
<status status="PASS" starttime="20260116 12:13:48.883" endtime="20260116 12:14:08.051"/>
</kw>
<kw name="Close Browser" library="SeleniumLibrary" type="TEARDOWN">
<doc>Closes the current browser.</doc>
<status status="PASS" starttime="20260116 12:14:08.052" endtime="20260116 12:14:10.308"/>
</kw>
<status status="PASS" starttime="20260116 12:13:40.560" endtime="20260116 12:14:10.308"/>
</test>
<test id="s1-t3" name="Twitter Button" line="15">
<kw name="Open Homepage" library="home_page">
<kw name="Open Browser To Application" library="browser">
<kw name="Evaluate" library="BuiltIn">
<var>${chrome_options}</var>
<arg>selenium.webdriver.ChromeOptions()</arg>
<arg>modules=selenium.webdriver</arg>
<doc>Evaluates the given expression in Python and returns the result.</doc>
<msg timestamp="20260116 12:14:10.311" level="INFO">${chrome_options} = &lt;selenium.webdriver.chrome.options.Options object at 0x000001F2BBCB3890&gt;</msg>
<status status="PASS" starttime="20260116 12:14:10.310" endtime="20260116 12:14:10.311"/>
</kw>
<kw name="Create List" library="BuiltIn">
<var>${args}</var>
<arg>--window-size=1920,1080</arg>
<arg>--start-maximized</arg>
<arg>--no-sandbox</arg>
<arg>--disable-dev-shm-usage</arg>
<arg>--disable-gpu</arg>
<arg>--disable-software-rasterizer</arg>
<arg>--remote-debugging-port=9222</arg>
<arg>--disable-extensions</arg>
<arg>--disable-setuid-sandbox</arg>
<doc>Returns a list containing given items.</doc>
<msg timestamp="20260116 12:14:10.311" level="INFO">${args} = ['--window-size=1920,1080', '--start-maximized', '--no-sandbox', '--disable-dev-shm-usage', '--disable-gpu', '--disable-software-rasterizer', '--remote-debugging-port=9222', '--disable-extensions', '-...</msg>
<status status="PASS" starttime="20260116 12:14:10.311" endtime="20260116 12:14:10.311"/>
</kw>
<for flavor="IN">
<var>${arg}</var>
<value>@{args}</value>
<iter>
<var name="${arg}">--window-size=1920,1080</var>
<kw name="Call Method" library="BuiltIn">
<arg>${chrome_options}</arg>
<arg>add_argument</arg>
<arg>${arg}</arg>
<doc>Calls the named method of the given object with the provided arguments.</doc>
<status status="PASS" starttime="20260116 12:14:10.311" endtime="20260116 12:14:10.312"/>
</kw>
<status status="PASS" starttime="20260116 12:14:10.311" endtime="20260116 12:14:10.312"/>
</iter>
<iter>
<var name="${arg}">--start-maximized</var>
<kw name="Call Method" library="BuiltIn">
<arg>${chrome_options}</arg>
<arg>add_argument</arg>
<arg>${arg}</arg>
<doc>Calls the named method of the given object with the provided arguments.</doc>
<status status="PASS" starttime="20260116 12:14:10.312" endtime="20260116 12:14:10.312"/>
</kw>
<status status="PASS" starttime="20260116 12:14:10.312" endtime="20260116 12:14:10.312"/>
</iter>
<iter>
<var name="${arg}">--no-sandbox</var>
<kw name="Call Method" library="BuiltIn">
<arg>${chrome_options}</arg>
<arg>add_argument</arg>
<arg>${arg}</arg>
<doc>Calls the named method of the given object with the provided arguments.</doc>
<status status="PASS" starttime="20260116 12:14:10.312" endtime="20260116 12:14:10.313"/>
</kw>
<status status="PASS" starttime="20260116 12:14:10.312" endtime="20260116 12:14:10.313"/>
</iter>
<iter>
<var name="${arg}">--disable-dev-shm-usage</var>
<kw name="Call Method" library="BuiltIn">
<arg>${chrome_options}</arg>
<arg>add_argument</arg>
<arg>${arg}</arg>
<doc>Calls the named method of the given object with the provided arguments.</doc>
<status status="PASS" starttime="20260116 12:14:10.313" endtime="20260116 12:14:10.313"/>
</kw>
<status status="PASS" starttime="20260116 12:14:10.313" endtime="20260116 12:14:10.313"/>
</iter>
<iter>
<var name="${arg}">--disable-gpu</var>
<kw name="Call Method" library="BuiltIn">
<arg>${chrome_options}</arg>
<arg>add_argument</arg>
<arg>${arg}</arg>
<doc>Calls the named method of the given object with the provided arguments.</doc>
<status status="PASS" starttime="20260116 12:14:10.313" endtime="20260116 12:14:10.313"/>
</kw>
<status status="PASS" starttime="20260116 12:14:10.313" endtime="20260116 12:14:10.313"/>
</iter>
<iter>
<var name="${arg}">--disable-software-rasterizer</var>
<kw name="Call Method" library="BuiltIn">
<arg>${chrome_options}</arg>
<arg>add_argument</arg>
<arg>${arg}</arg>
<doc>Calls the named method of the given object with the provided arguments.</doc>
<status status="PASS" starttime="20260116 12:14:10.314" endtime="20260116 12:14:10.314"/>
</kw>
<status status="PASS" starttime="20260116 12:14:10.313" endtime="20260116 12:14:10.314"/>
</iter>
<iter>
<var name="${arg}">--remote-debugging-port=9222</var>
<kw name="Call Method" library="BuiltIn">
<arg>${chrome_options}</arg>
<arg>add_argument</arg>
<arg>${arg}</arg>
<doc>Calls the named method of the given object with the provided arguments.</doc>
<status status="PASS" starttime="20260116 12:14:10.314" endtime="20260116 12:14:10.314"/>
</kw>
<status status="PASS" starttime="20260116 12:14:10.314" endtime="20260116 12:14:10.314"/>
</iter>
<iter>
<var name="${arg}">--disable-extensions</var>
<kw name="Call Method" library="BuiltIn">
<arg>${chrome_options}</arg>
<arg>add_argument</arg>
<arg>${arg}</arg>
<doc>Calls the named method of the given object with the provided arguments.</doc>
<status status="PASS" starttime="20260116 12:14:10.314" endtime="20260116 12:14:10.315"/>
</kw>
<status status="PASS" starttime="20260116 12:14:10.314" endtime="20260116 12:14:10.315"/>
</iter>
<iter>
<var name="${arg}">--disable-setuid-sandbox</var>
<kw name="Call Method" library="BuiltIn">
<arg>${chrome_options}</arg>
<arg>add_argument</arg>
<arg>${arg}</arg>
<doc>Calls the named method of the given object with the provided arguments.</doc>
<status status="PASS" starttime="20260116 12:14:10.315" endtime="20260116 12:14:10.315"/>
</kw>
<status status="PASS" starttime="20260116 12:14:10.315" endtime="20260116 12:14:10.315"/>
</iter>
<status status="PASS" starttime="20260116 12:14:10.311" endtime="20260116 12:14:10.315"/>
</for>
<kw name="Open Browser" library="SeleniumLibrary">
<arg>${BASE_URL}</arg>
<arg>${BROWSER}</arg>
<arg>options=${chrome_options}</arg>
<doc>Opens a new browser instance to the optional ``url``.</doc>
<msg timestamp="20260116 12:14:10.316" level="INFO">Opening browser 'Chrome' to base url 'https://trailquest.global/'.</msg>
<status status="PASS" starttime="20260116 12:14:10.315" endtime="20260116 12:14:15.818"/>
</kw>
<status status="PASS" starttime="20260116 12:14:10.310" endtime="20260116 12:14:15.818"/>
</kw>
<kw name="Sleep" library="BuiltIn">
<arg>2s</arg>
<doc>Pauses the test executed for the given time.</doc>
<msg timestamp="20260116 12:14:17.820" level="INFO">Slept 2 seconds</msg>
<status status="PASS" starttime="20260116 12:14:15.819" endtime="20260116 12:14:17.821"/>
</kw>
<status status="PASS" starttime="20260116 12:14:10.310" endtime="20260116 12:14:17.821"/>
</kw>
<kw name="Test Twitter" library="treks_tours">
<kw name="Verify Logo Is Visible" library="treks_tours">
<kw name="Wait Until Element Is Visible" library="SeleniumLibrary">
<arg>${logo}</arg>
<doc>Waits until the element ``locator`` is visible.</doc>
<status status="PASS" starttime="20260116 12:14:17.823" endtime="20260116 12:14:17.851"/>
</kw>
<kw name="Sleep" library="BuiltIn">
<arg>2s</arg>
<doc>Pauses the test executed for the given time.</doc>
<msg timestamp="20260116 12:14:19.852" level="INFO">Slept 2 seconds</msg>
<status status="PASS" starttime="20260116 12:14:17.851" endtime="20260116 12:14:19.852"/>
</kw>
<status status="PASS" starttime="20260116 12:14:17.822" endtime="20260116 12:14:19.852"/>
</kw>
<kw name="Open Trek And Tours Menu" library="treks_tours">
<kw name="Wait And Click" library="keywords">
<arg>${trek_and_tours}</arg>
<kw name="Wait Until Element Is Visible" library="SeleniumLibrary">
<arg>${locator}</arg>
<doc>Waits until the element ``locator`` is visible.</doc>
<status status="PASS" starttime="20260116 12:14:19.853" endtime="20260116 12:14:19.875"/>
</kw>
<kw name="Click Element" library="SeleniumLibrary">
<arg>${locator}</arg>
<doc>Click the element identified by ``locator``.</doc>
<msg timestamp="20260116 12:14:19.875" level="INFO">Clicking element 'xpath=/html/body/div[1]/header/div[1]/div/div/div/div/div[2]/div[2]/ul/li[2]/a/i'.</msg>
<status status="PASS" starttime="20260116 12:14:19.875" endtime="20260116 12:14:19.946"/>
</kw>
<status status="PASS" starttime="20260116 12:14:19.853" endtime="20260116 12:14:19.946"/>
</kw>
<kw name="Sleep" library="BuiltIn">
<arg>2s</arg>
<doc>Pauses the test executed for the given time.</doc>
<msg timestamp="20260116 12:14:21.947" level="INFO">Slept 2 seconds</msg>
<status status="PASS" starttime="20260116 12:14:19.947" endtime="20260116 12:14:21.947"/>
</kw>
<status status="PASS" starttime="20260116 12:14:19.853" endtime="20260116 12:14:21.947"/>
</kw>
<kw name="Click Push Your Limit" library="treks_tours">
<kw name="Wait And Click" library="keywords">
<arg>${push_your_limit}</arg>
<kw name="Wait Until Element Is Visible" library="SeleniumLibrary">
<arg>${locator}</arg>
<doc>Waits until the element ``locator`` is visible.</doc>
<status status="PASS" starttime="20260116 12:14:21.948" endtime="20260116 12:14:21.969"/>
</kw>
<kw name="Click Element" library="SeleniumLibrary">
<arg>${locator}</arg>
<doc>Click the element identified by ``locator``.</doc>
<msg timestamp="20260116 12:14:21.970" level="INFO">Clicking element 'xpath=/html/body/div[1]/header/div[1]/div/div/div/div/div[2]/div[2]/ul/li[2]/ul/li[2]/a'.</msg>
<status status="PASS" starttime="20260116 12:14:21.969" endtime="20260116 12:14:26.094"/>
</kw>
<status status="PASS" starttime="20260116 12:14:21.948" endtime="20260116 12:14:26.094"/>
</kw>
<kw name="Sleep" library="BuiltIn">
<arg>2s</arg>
<doc>Pauses the test executed for the given time.</doc>
<msg timestamp="20260116 12:14:28.095" level="INFO">Slept 2 seconds</msg>
<status status="PASS" starttime="20260116 12:14:26.094" endtime="20260116 12:14:28.095"/>
</kw>
<status status="PASS" starttime="20260116 12:14:21.947" endtime="20260116 12:14:28.095"/>
</kw>
<kw name="Go Down to" library="treks_tours">
<kw name="Scroll Element Into View" library="SeleniumLibrary">
<arg>${header}</arg>
<doc>Scrolls the element identified by ``locator`` into view.</doc>
<status status="PASS" starttime="20260116 12:14:28.095" endtime="20260116 12:14:28.384"/>
</kw>
<kw name="Sleep" library="BuiltIn">
<arg>2s</arg>
<doc>Pauses the test executed for the given time.</doc>
<msg timestamp="20260116 12:14:30.385" level="INFO">Slept 2 seconds</msg>
<status status="PASS" starttime="20260116 12:14:28.384" endtime="20260116 12:14:30.385"/>
</kw>
<status status="PASS" starttime="20260116 12:14:28.095" endtime="20260116 12:14:30.385"/>
</kw>
<kw name="Click Easy" library="treks_tours">
<kw name="Wait And Click" library="keywords">
<arg>${easy}</arg>
<kw name="Wait Until Element Is Visible" library="SeleniumLibrary">
<arg>${locator}</arg>
<doc>Waits until the element ``locator`` is visible.</doc>
<status status="PASS" starttime="20260116 12:14:30.386" endtime="20260116 12:14:30.404"/>
</kw>
<kw name="Click Element" library="SeleniumLibrary">
<arg>${locator}</arg>
<doc>Click the element identified by ``locator``.</doc>
<msg timestamp="20260116 12:14:30.405" level="INFO">Clicking element 'xpath=/html/body/div[3]/section/div/div/ul/li[1]/h3'.</msg>
<status status="PASS" starttime="20260116 12:14:30.404" endtime="20260116 12:14:30.460"/>
</kw>
<status status="PASS" starttime="20260116 12:14:30.385" endtime="20260116 12:14:30.460"/>
</kw>
<status status="PASS" starttime="20260116 12:14:30.385" endtime="20260116 12:14:30.460"/>
</kw>
<kw name="Click Everest Picture" library="treks_tours">
<kw name="Wait And Click" library="keywords">
<arg>${everest_picture}</arg>
<kw name="Wait Until Element Is Visible" library="SeleniumLibrary">
<arg>${locator}</arg>
<doc>Waits until the element ``locator`` is visible.</doc>
<status status="PASS" starttime="20260116 12:14:30.460" endtime="20260116 12:14:30.480"/>
</kw>
<kw name="Click Element" library="SeleniumLibrary">
<arg>${locator}</arg>
<doc>Click the element identified by ``locator``.</doc>
<msg timestamp="20260116 12:14:30.480" level="INFO">Clicking element 'xpath=//img[contains(@alt,'Everest 3 Passes Trek')]'.</msg>
<status status="PASS" starttime="20260116 12:14:30.480" endtime="20260116 12:14:34.029"/>
</kw>
<status status="PASS" starttime="20260116 12:14:30.460" endtime="20260116 12:14:34.029"/>
</kw>
<kw name="Wait Until Element Is Visible" library="SeleniumLibrary">
<arg>${everest_header}</arg>
<doc>Waits until the element ``locator`` is visible.</doc>
<status status="PASS" starttime="20260116 12:14:34.029" endtime="20260116 12:14:34.065"/>
</kw>
<status status="PASS" starttime="20260116 12:14:30.460" endtime="20260116 12:14:34.065"/>
</kw>
<kw name="Wait And Click" library="keywords">
<arg>${share}</arg>
<kw name="Wait Until Element Is Visible" library="SeleniumLibrary">
<arg>${locator}</arg>
<doc>Waits until the element ``locator`` is visible.</doc>
<status status="PASS" starttime="20260116 12:14:34.065" endtime="20260116 12:14:34.097"/>
</kw>
<kw name="Click Element" library="SeleniumLibrary">
<arg>${locator}</arg>
<doc>Click the element identified by ``locator``.</doc>
<msg timestamp="20260116 12:14:34.098" level="INFO">Clicking element 'xpath=/html/body/div[3]/div[1]/section[1]/div/div[1]/div[2]/div/div[1]'.</msg>
<status status="PASS" starttime="20260116 12:14:34.097" endtime="20260116 12:14:34.761"/>
</kw>
<status status="PASS" starttime="20260116 12:14:34.065" endtime="20260116 12:14:34.761"/>
</kw>
<kw name="Sleep" library="BuiltIn">
<arg>2s</arg>
<doc>Pauses the test executed for the given time.</doc>
<msg timestamp="20260116 12:14:36.761" level="INFO">Slept 2 seconds</msg>
<status status="PASS" starttime="20260116 12:14:34.761" endtime="20260116 12:14:36.762"/>
</kw>
<kw name="Wait Until Element Is Visible" library="SeleniumLibrary">
<arg>${twitter}</arg>
<doc>Waits until the element ``locator`` is visible.</doc>
<status status="PASS" starttime="20260116 12:14:36.762" endtime="20260116 12:14:36.783"/>
</kw>
<kw name="Sleep" library="BuiltIn">
<arg>1s</arg>
<doc>Pauses the test executed for the given time.</doc>
<msg timestamp="20260116 12:14:37.783" level="INFO">Slept 1 second</msg>
<status status="PASS" starttime="20260116 12:14:36.783" endtime="20260116 12:14:37.783"/>
</kw>
<kw name="Wait And Click" library="keywords">
<arg>${twitter}</arg>
<kw name="Wait Until Element Is Visible" library="SeleniumLibrary">
<arg>${locator}</arg>
<doc>Waits until the element ``locator`` is visible.</doc>
<status status="PASS" starttime="20260116 12:14:37.784" endtime="20260116 12:14:37.799"/>
</kw>
<kw name="Click Element" library="SeleniumLibrary">
<arg>${locator}</arg>
<doc>Click the element identified by ``locator``.</doc>
<msg timestamp="20260116 12:14:37.799" level="INFO">Clicking element 'xpath=/html/body/div[3]/div[1]/section[1]/div/div[1]/div[2]/div/div[1]/div/div/a[2]'.</msg>
<status status="PASS" starttime="20260116 12:14:37.799" endtime="20260116 12:14:37.901"/>
</kw>
<status status="PASS" starttime="20260116 12:14:37.784" endtime="20260116 12:14:37.901"/>
</kw>
<kw name="Sleep" library="BuiltIn">
<arg>2s</arg>
<doc>Pauses the test executed for the given time.</doc>
<msg timestamp="20260116 12:14:39.902" level="INFO">Slept 2 seconds</msg>
<status status="PASS" starttime="20260116 12:14:37.901" endtime="20260116 12:14:39.902"/>
</kw>
<kw name="Capture Page Screenshot" library="SeleniumLibrary">
<doc>Takes a screenshot of the current page and embeds it into a log file.</doc>
<msg timestamp="20260116 12:14:40.405" level="INFO" html="true">&lt;/td&gt;&lt;/tr&gt;&lt;tr&gt;&lt;td colspan="3"&gt;&lt;a href="selenium-screenshot-164.png"&gt;&lt;img src="selenium-screenshot-164.png" width="800px"&gt;&lt;/a&gt;</msg>
<status status="PASS" starttime="20260116 12:14:39.902" endtime="20260116 12:14:40.405"/>
</kw>
<status status="PASS" starttime="20260116 12:14:17.822" endtime="20260116 12:14:40.406"/>
</kw>
<kw name="Close Browser" library="SeleniumLibrary" type="TEARDOWN">
<doc>Closes the current browser.</doc>
<status status="PASS" starttime="20260116 12:14:40.406" endtime="20260116 12:14:42.774"/>
</kw>
<status status="PASS" starttime="20260116 12:14:10.309" endtime="20260116 12:14:42.775"/>
</test>
<status status="PASS" starttime="20260116 12:12:59.446" endtime="20260116 12:14:42.776"/>
</suite>
<statistics>
<total>
<stat pass="3" fail="0" skip="0">All Tests</stat>
</total>
<tag>
</tag>
<suite>
<stat pass="3" fail="0" skip="0" id="s1" name="Treks Tours">Treks Tours</stat>
</suite>
</statistics>
<errors>
</errors>
</robot>
