<?xml version="1.0" encoding="UTF-8"?>
<robot generator="Robot 6.1.1 (Python 3.10.11 on win32)" generated="20260510 09:08:23.797" rpa="false" schemaversion="4">
<suite id="s1" name="Home Page Button" source="C:\Users\Swarup Dahal\Desktop\project_trailquest\trail-quest\tests\home_page_button.robot">
<test id="s1-t1" name="Verify Homepage Header Buttons Are Clickable" line="9">
<kw name="Open Homepage" library="home_page">
<kw name="Open Browser To Application" library="browser">
<doc>Opens browser with specified window size 1920x1080</doc>
<kw name="Evaluate" library="BuiltIn">
<var>${chrome_options}</var>
<arg>selenium.webdriver.ChromeOptions()</arg>
<arg>modules=selenium.webdriver</arg>
<doc>Evaluates the given expression in Python and returns the result.</doc>
<msg timestamp="20260510 09:08:24.468" level="INFO">${chrome_options} = &lt;selenium.webdriver.chrome.options.Options object at 0x000002748E3C5BD0&gt;</msg>
<status status="PASS" starttime="20260510 09:08:24.468" endtime="20260510 09:08:24.468"/>
</kw>
<kw name="Set Variable" library="BuiltIn">
<var>${window_size_arg}</var>
<arg>--window-size\=${WINDOW_WIDTH},${WINDOW_HEIGHT}</arg>
<doc>Returns the given values which can then be assigned to a variables.</doc>
<msg timestamp="20260510 09:08:24.468" level="INFO">${window_size_arg} = --window-size=1920,1080</msg>
<status status="PASS" starttime="20260510 09:08:24.468" endtime="20260510 09:08:24.483"/>
</kw>
<kw name="Call Method" library="BuiltIn">
<arg>${chrome_options}</arg>
<arg>add_argument</arg>
<arg>${window_size_arg}</arg>
<doc>Calls the named method of the given object with the provided arguments.</doc>
<status status="PASS" starttime="20260510 09:08:24.483" endtime="20260510 09:08:24.483"/>
</kw>
<kw name="Call Method" library="BuiltIn">
<arg>${chrome_options}</arg>
<arg>add_argument</arg>
<arg>--start-maximized</arg>
<doc>Calls the named method of the given object with the provided arguments.</doc>
<status status="PASS" starttime="20260510 09:08:24.483" endtime="20260510 09:08:24.483"/>
</kw>
<kw name="Call Method" library="BuiltIn">
<arg>${chrome_options}</arg>
<arg>add_argument</arg>
<arg>--disable-gpu</arg>
<doc>Calls the named method of the given object with the provided arguments.</doc>
<status status="PASS" starttime="20260510 09:08:24.483" endtime="20260510 09:08:24.483"/>
</kw>
<kw name="Call Method" library="BuiltIn">
<arg>${chrome_options}</arg>
<arg>add_argument</arg>
<arg>--disable-extensions</arg>
<doc>Calls the named method of the given object with the provided arguments.</doc>
<status status="PASS" starttime="20260510 09:08:24.483" endtime="20260510 09:08:24.483"/>
</kw>
<kw name="Call Method" library="BuiltIn">
<arg>${chrome_options}</arg>
<arg>add_argument</arg>
<arg>--no-sandbox</arg>
<doc>Calls the named method of the given object with the provided arguments.</doc>
<status status="PASS" starttime="20260510 09:08:24.483" endtime="20260510 09:08:24.483"/>
</kw>
<kw name="Open Browser" library="SeleniumLibrary">
<arg>${BASE_URL}</arg>
<arg>${BROWSER}</arg>
<arg>options=${chrome_options}</arg>
<doc>Opens a new browser instance to the optional ``url``.</doc>
<msg timestamp="20260510 09:08:24.483" level="INFO">Opening browser 'chrome' to base url 'https://trailquest.global/'.</msg>
<status status="PASS" starttime="20260510 09:08:24.483" endtime="20260510 09:08:34.928"/>
</kw>
<kw name="Set Selenium Timeout" library="SeleniumLibrary">
<arg>${TIMEOUT}</arg>
<doc>Sets the timeout that is used by various keywords.</doc>
<status status="PASS" starttime="20260510 09:08:34.932" endtime="20260510 09:08:35.120"/>
</kw>
<kw name="Set Window Size" library="SeleniumLibrary">
<arg>${WINDOW_WIDTH}</arg>
<arg>${WINDOW_HEIGHT}</arg>
<doc>Sets current windows size to given ``width`` and ``height``.</doc>
<status status="PASS" starttime="20260510 09:08:35.122" endtime="20260510 09:08:44.106"/>
</kw>
<status status="PASS" starttime="20260510 09:08:24.468" endtime="20260510 09:08:44.107"/>
</kw>
<kw name="Sleep" library="BuiltIn">
<arg>2s</arg>
<doc>Pauses the test executed for the given time.</doc>
<msg timestamp="20260510 09:08:46.109" level="INFO">Slept 2 seconds</msg>
<status status="PASS" starttime="20260510 09:08:44.107" endtime="20260510 09:08:46.109"/>
</kw>
<status status="PASS" starttime="20260510 09:08:24.468" endtime="20260510 09:08:46.109"/>
</kw>
<kw name="click all elements of homepage" library="home_page">
<kw name="Verify Logo Is Visible" library="home_page">
<kw name="Wait Until Element Is Visible" library="SeleniumLibrary">
<arg>${logo}</arg>
<doc>Waits until the element ``locator`` is visible.</doc>
<status status="PASS" starttime="20260510 09:08:46.109" endtime="20260510 09:08:46.468"/>
</kw>
<kw name="Sleep" library="BuiltIn">
<arg>2s</arg>
<doc>Pauses the test executed for the given time.</doc>
<msg timestamp="20260510 09:08:48.468" level="INFO">Slept 2 seconds</msg>
<status status="PASS" starttime="20260510 09:08:46.468" endtime="20260510 09:08:48.468"/>
</kw>
<status status="PASS" starttime="20260510 09:08:46.109" endtime="20260510 09:08:48.470"/>
</kw>
<kw name="Verify Homepage Header Buttons Are Clickable" library="home_page">
<kw name="Run Keyword And Return Status" library="BuiltIn">
<var>${mobile_menu_visible}</var>
<arg>Wait Until Element Is Visible</arg>
<arg>xpath=//button[contains(@class,'icon-menu')]</arg>
<arg>5s</arg>
<doc>Runs the given keyword with given arguments and returns the status as a Boolean value.</doc>
<kw name="Wait Until Element Is Visible" library="SeleniumLibrary">
<arg>xpath=//button[contains(@class,'icon-menu')]</arg>
<arg>5s</arg>
<doc>Waits until the element ``locator`` is visible.</doc>
<msg timestamp="20260510 09:08:57.456" level="INFO" html="true">&lt;/td&gt;&lt;/tr&gt;&lt;tr&gt;&lt;td colspan="3"&gt;&lt;a href="selenium-screenshot-2053.png"&gt;&lt;img src="selenium-screenshot-2053.png" width="800px"&gt;&lt;/a&gt;</msg>
<msg timestamp="20260510 09:08:57.458" level="FAIL">Element 'xpath=//button[contains(@class,'icon-menu')]' not visible after 5 seconds.</msg>
<status status="FAIL" starttime="20260510 09:08:48.473" endtime="20260510 09:08:57.470"/>
</kw>
<msg timestamp="20260510 09:08:57.471" level="INFO">${mobile_menu_visible} = False</msg>
<status status="PASS" starttime="20260510 09:08:48.471" endtime="20260510 09:08:57.471"/>
</kw>
<if>
<branch type="IF" condition="${mobile_menu_visible}">
<kw name="Wait And Click" library="keywords">
<arg>xpath=//button[contains(@class,'icon-menu')]</arg>
<doc>Waits until element is visible &amp; enabled, scrolls into view, clicks, fallback to JS if normal click fails</doc>
<status status="NOT RUN" starttime="20260510 09:08:57.475" endtime="20260510 09:08:57.554"/>
</kw>
<kw name="Wait Until Element Is Visible" library="SeleniumLibrary">
<arg>xpath=//div[contains(@class,'js-navList')]</arg>
<arg>10s</arg>
<doc>Waits until the element ``locator`` is visible.</doc>
<status status="NOT RUN" starttime="20260510 09:08:57.555" endtime="20260510 09:08:57.556"/>
</kw>
<status status="NOT RUN" starttime="20260510 09:08:57.473" endtime="20260510 09:08:57.556"/>
</branch>
<status status="PASS" starttime="20260510 09:08:57.472" endtime="20260510 09:08:57.556"/>
</if>
<kw name="Wait And Click" library="keywords">
<arg>xpath=//a[normalize-space()='Home']</arg>
<doc>Waits until element is visible &amp; enabled, scrolls into view, clicks, fallback to JS if normal click fails</doc>
<kw name="Wait Until Element Is Visible" library="SeleniumLibrary">
<arg>${locator}</arg>
<arg>${timeout}</arg>
<doc>Waits until the element ``locator`` is visible.</doc>
<status status="PASS" starttime="20260510 09:08:57.560" endtime="20260510 09:08:57.719"/>
</kw>
<kw name="Wait Until Element Is Enabled" library="SeleniumLibrary">
<arg>${locator}</arg>
<arg>${timeout}</arg>
<doc>Waits until the element ``locator`` is enabled.</doc>
<status status="PASS" starttime="20260510 09:08:57.721" endtime="20260510 09:08:57.958"/>
</kw>
<kw name="Scroll Element Into View" library="SeleniumLibrary">
<arg>${locator}</arg>
<doc>Scrolls the element identified by ``locator`` into view.</doc>
<status status="PASS" starttime="20260510 09:08:57.959" endtime="20260510 09:08:58.392"/>
</kw>
<kw name="Run Keyword And Return Status" library="BuiltIn">
<var>${clicked}</var>
<arg>Click Element</arg>
<arg>${locator}</arg>
<doc>Runs the given keyword with given arguments and returns the status as a Boolean value.</doc>
<kw name="Click Element" library="SeleniumLibrary">
<arg>${locator}</arg>
<doc>Click the element identified by ``locator``.</doc>
<msg timestamp="20260510 09:08:58.399" level="INFO">Clicking element 'xpath=//a[normalize-space()='Home']'.</msg>
<status status="PASS" starttime="20260510 09:08:58.395" endtime="20260510 09:09:06.271"/>
</kw>
<msg timestamp="20260510 09:09:06.272" level="INFO">${clicked} = True</msg>
<status status="PASS" starttime="20260510 09:08:58.393" endtime="20260510 09:09:06.272"/>
</kw>
<if>
<branch type="IF" condition="not ${clicked}">
<kw name="Log" library="BuiltIn">
<arg>Using JS click fallback for ${locator}</arg>
<doc>Logs the given message with the given level.</doc>
<status status="NOT RUN" starttime="20260510 09:09:06.275" endtime="20260510 09:09:06.275"/>
</kw>
<kw name="Execute Javascript" library="SeleniumLibrary">
<arg>arguments[0].click();</arg>
<arg>document.evaluate("${locator.replace('xpath=','')}", document, null, XPathResult.FIRST_ORDERED_NODE_TYPE, null).singleNodeValue</arg>
<doc>Executes the given JavaScript code with possible arguments.</doc>
<status status="NOT RUN" starttime="20260510 09:09:06.275" endtime="20260510 09:09:06.277"/>
</kw>
<status status="NOT RUN" starttime="20260510 09:09:06.273" endtime="20260510 09:09:06.277"/>
</branch>
<status status="PASS" starttime="20260510 09:09:06.273" endtime="20260510 09:09:06.277"/>
</if>
<status status="PASS" starttime="20260510 09:08:57.557" endtime="20260510 09:09:06.277"/>
</kw>
<kw name="Click Navbar Menu And Subitems" library="home_page">
<arg>Treks &amp; Tours</arg>
<arg>Push Your Limits</arg>
<arg>Reconnect With Nature</arg>
<arg>Declutter Your Mind</arg>
<arg>Explore The Ancients</arg>
<kw name="Wait And Click" library="keywords">
<arg>xpath=//span[normalize-space()='${menu_name}']</arg>
<doc>Waits until element is visible &amp; enabled, scrolls into view, clicks, fallback to JS if normal click fails</doc>
<kw name="Wait Until Element Is Visible" library="SeleniumLibrary">
<arg>${locator}</arg>
<arg>${timeout}</arg>
<doc>Waits until the element ``locator`` is visible.</doc>
<msg timestamp="20260510 09:09:27.769" level="INFO" html="true">&lt;/td&gt;&lt;/tr&gt;&lt;tr&gt;&lt;td colspan="3"&gt;&lt;a href="selenium-screenshot-2054.png"&gt;&lt;img src="selenium-screenshot-2054.png" width="800px"&gt;&lt;/a&gt;</msg>
<msg timestamp="20260510 09:09:27.770" level="FAIL">Element 'xpath=//span[normalize-space()='Treks &amp; Tours']' not visible after 20 seconds.</msg>
<status status="FAIL" starttime="20260510 09:09:06.289" endtime="20260510 09:09:27.771"/>
</kw>
<kw name="Wait Until Element Is Enabled" library="SeleniumLibrary">
<arg>${locator}</arg>
<arg>${timeout}</arg>
<doc>Waits until the element ``locator`` is enabled.</doc>
<status status="NOT RUN" starttime="20260510 09:09:27.771" endtime="20260510 09:09:27.771"/>
</kw>
<kw name="Scroll Element Into View" library="SeleniumLibrary">
<arg>${locator}</arg>
<doc>Scrolls the element identified by ``locator`` into view.</doc>
<status status="NOT RUN" starttime="20260510 09:09:27.771" endtime="20260510 09:09:27.771"/>
</kw>
<kw name="Run Keyword And Return Status" library="BuiltIn">
<var>${clicked}</var>
<arg>Click Element</arg>
<arg>${locator}</arg>
<doc>Runs the given keyword with given arguments and returns the status as a Boolean value.</doc>
<status status="NOT RUN" starttime="20260510 09:09:27.771" endtime="20260510 09:09:27.772"/>
</kw>
<if>
<branch type="IF" condition="not ${clicked}">
<kw name="Log" library="BuiltIn">
<arg>Using JS click fallback for ${locator}</arg>
<doc>Logs the given message with the given level.</doc>
<status status="NOT RUN" starttime="20260510 09:09:27.772" endtime="20260510 09:09:27.772"/>
</kw>
<kw name="Execute Javascript" library="SeleniumLibrary">
<arg>arguments[0].click();</arg>
<arg>document.evaluate("${locator.replace('xpath=','')}", document, null, XPathResult.FIRST_ORDERED_NODE_TYPE, null).singleNodeValue</arg>
<doc>Executes the given JavaScript code with possible arguments.</doc>
<status status="NOT RUN" starttime="20260510 09:09:27.772" endtime="20260510 09:09:27.772"/>
</kw>
<status status="NOT RUN" starttime="20260510 09:09:27.772" endtime="20260510 09:09:27.772"/>
</branch>
<status status="NOT RUN" starttime="20260510 09:09:27.772" endtime="20260510 09:09:27.772"/>
</if>
<status status="FAIL" starttime="20260510 09:09:06.283" endtime="20260510 09:09:27.773"/>
</kw>
<for flavor="IN">
<var>${item}</var>
<value>@{submenu_items}</value>
<iter>
<var name="${item}"/>
<kw name="Wait And Click" library="keywords">
<arg>xpath=//ul[contains(@class,'subnav')]//a[normalize-space()='${item}']</arg>
<doc>Waits until element is visible &amp; enabled, scrolls into view, clicks, fallback to JS if normal click fails</doc>
<status status="NOT RUN" starttime="20260510 09:09:27.773" endtime="20260510 09:09:27.773"/>
</kw>
<kw name="Wait Until Page Contains Element" library="SeleniumLibrary">
<arg>xpath=//body</arg>
<arg>5s</arg>
<doc>Waits until the element ``locator`` appears on the current page.</doc>
<status status="NOT RUN" starttime="20260510 09:09:27.773" endtime="20260510 09:09:27.774"/>
</kw>
<kw name="Run Keyword And Return Status" library="BuiltIn">
<var>${mobile_menu_visible}</var>
<arg>Element Should Be Visible</arg>
<arg>xpath=//button[contains(@class,'icon-menu')]</arg>
<doc>Runs the given keyword with given arguments and returns the status as a Boolean value.</doc>
<status status="NOT RUN" starttime="20260510 09:09:27.774" endtime="20260510 09:09:27.774"/>
</kw>
<if>
<branch type="IF" condition="${mobile_menu_visible}">
<kw name="Wait And Click" library="keywords">
<arg>xpath=//button[contains(@class,'icon-menu')]</arg>
<doc>Waits until element is visible &amp; enabled, scrolls into view, clicks, fallback to JS if normal click fails</doc>
<status status="NOT RUN" starttime="20260510 09:09:27.774" endtime="20260510 09:09:27.774"/>
</kw>
<status status="NOT RUN" starttime="20260510 09:09:27.774" endtime="20260510 09:09:27.774"/>
</branch>
<status status="NOT RUN" starttime="20260510 09:09:27.774" endtime="20260510 09:09:27.774"/>
</if>
<kw name="Wait And Click" library="keywords">
<arg>xpath=//span[normalize-space()='${menu_name}']</arg>
<doc>Waits until element is visible &amp; enabled, scrolls into view, clicks, fallback to JS if normal click fails</doc>
<status status="NOT RUN" starttime="20260510 09:09:27.774" endtime="20260510 09:09:27.775"/>
</kw>
<status status="NOT RUN" starttime="20260510 09:09:27.773" endtime="20260510 09:09:27.775"/>
</iter>
<status status="NOT RUN" starttime="20260510 09:09:27.773" endtime="20260510 09:09:27.775"/>
</for>
<status status="FAIL" starttime="20260510 09:09:06.279" endtime="20260510 09:09:27.775"/>
</kw>
<kw name="Click Navbar Menu And Subitems" library="home_page">
<arg>About</arg>
<arg>Who We Are</arg>
<arg>Our Core Values</arg>
<arg>Why Choose trailQuest?</arg>
<arg>Our Squad</arg>
<arg>What We Rally For</arg>
<arg>Terms &amp; Conditions</arg>
<arg>Privacy Policy</arg>
<status status="NOT RUN" starttime="20260510 09:09:27.775" endtime="20260510 09:09:27.775"/>
</kw>
<kw name="Wait And Click" library="keywords">
<arg>xpath=//a[normalize-space()='FAQs']</arg>
<doc>Waits until element is visible &amp; enabled, scrolls into view, clicks, fallback to JS if normal click fails</doc>
<status status="NOT RUN" starttime="20260510 09:09:27.775" endtime="20260510 09:09:27.775"/>
</kw>
<kw name="Wait And Click" library="keywords">
<arg>xpath=//a[normalize-space()='Contact']</arg>
<doc>Waits until element is visible &amp; enabled, scrolls into view, clicks, fallback to JS if normal click fails</doc>
<status status="NOT RUN" starttime="20260510 09:09:27.775" endtime="20260510 09:09:27.776"/>
</kw>
<status status="FAIL" starttime="20260510 09:08:48.470" endtime="20260510 09:09:27.776"/>
</kw>
<kw name="Scroll Element Into View" library="SeleniumLibrary">
<arg>xpath=/html/body/div[4]/div/section/div</arg>
<doc>Scrolls the element identified by ``locator`` into view.</doc>
<status status="NOT RUN" starttime="20260510 09:09:27.776" endtime="20260510 09:09:27.776"/>
</kw>
<status status="FAIL" starttime="20260510 09:08:46.109" endtime="20260510 09:09:27.776"/>
</kw>
<kw name="Close Browser" library="SeleniumLibrary" type="TEARDOWN">
<doc>Closes the current browser.</doc>
<status status="PASS" starttime="20260510 09:09:27.778" endtime="20260510 09:09:32.112"/>
</kw>
<status status="FAIL" starttime="20260510 09:08:24.468" endtime="20260510 09:09:32.113">Element 'xpath=//span[normalize-space()='Treks &amp; Tours']' not visible after 20 seconds.</status>
</test>
<status status="FAIL" starttime="20260510 09:08:23.797" endtime="20260510 09:09:32.117"/>
</suite>
<statistics>
<total>
<stat pass="0" fail="1" skip="0">All Tests</stat>
</total>
<tag>
</tag>
<suite>
<stat pass="0" fail="1" skip="0" id="s1" name="Home Page Button">Home Page Button</stat>
</suite>
</statistics>
<errors>
</errors>
</robot>
