<?xml version="1.0" encoding="UTF-8"?>
<robot generator="Robot 6.1.1 (Python 3.13.9 on win32)" generated="20260108 15:08:13.469" rpa="false" schemaversion="4">
<suite id="s1" name="Home Page Button" source="C:\Users\Swarup Dahal\PycharmProjects\trail-quest\tests\home_page_button.robot">
<test id="s1-t1" name="Verify Homepage Header Buttons Are Clickable" line="8">
<kw name="Open Homepage" library="home_page">
<kw name="Open Browser To Application" library="browser">
<kw name="Open Browser" library="SeleniumLibrary">
<arg>${BASE_URL}</arg>
<arg>${BROWSER}</arg>
<doc>Opens a new browser instance to the optional ``url``.</doc>
<msg timestamp="20260108 15:08:13.839" level="INFO">Opening browser 'chrome' to base url 'https://staging.trailquest.global/'.</msg>
<status status="PASS" starttime="20260108 15:08:13.838" endtime="20260108 15:08:21.360"/>
</kw>
<kw name="Maximize Browser Window" library="SeleniumLibrary">
<doc>Maximizes current browser window.</doc>
<status status="PASS" starttime="20260108 15:08:21.361" endtime="20260108 15:08:21.449"/>
</kw>
<kw name="Set Selenium Timeout" library="SeleniumLibrary">
<arg>${TIMEOUT}</arg>
<doc>Sets the timeout that is used by various keywords.</doc>
<status status="PASS" starttime="20260108 15:08:21.449" endtime="20260108 15:08:21.453"/>
</kw>
<status status="PASS" starttime="20260108 15:08:13.838" endtime="20260108 15:08:21.453"/>
</kw>
<kw name="Sleep" library="BuiltIn">
<arg>2s</arg>
<doc>Pauses the test executed for the given time.</doc>
<msg timestamp="20260108 15:08:23.455" level="INFO">Slept 2 seconds</msg>
<status status="PASS" starttime="20260108 15:08:21.454" endtime="20260108 15:08:23.455"/>
</kw>
<status status="PASS" starttime="20260108 15:08:13.837" endtime="20260108 15:08:23.455"/>
</kw>
<kw name="click all elements of homepage" library="home_page">
<kw name="Verify Logo Is Visible" library="home_page">
<kw name="Wait Until Element Is Visible" library="SeleniumLibrary">
<arg>${logo}</arg>
<doc>Waits until the element ``locator`` is visible.</doc>
<status status="PASS" starttime="20260108 15:08:23.456" endtime="20260108 15:08:23.492"/>
</kw>
<kw name="Sleep" library="BuiltIn">
<arg>2s</arg>
<doc>Pauses the test executed for the given time.</doc>
<msg timestamp="20260108 15:08:25.494" level="INFO">Slept 2 seconds</msg>
<status status="PASS" starttime="20260108 15:08:23.493" endtime="20260108 15:08:25.494"/>
</kw>
<status status="PASS" starttime="20260108 15:08:23.456" endtime="20260108 15:08:25.494"/>
</kw>
<kw name="Click Home Menu" library="home_page">
<kw name="Wait And Click" library="keywords">
<arg>${home}</arg>
<kw name="Wait Until Element Is Visible" library="SeleniumLibrary">
<arg>${locator}</arg>
<doc>Waits until the element ``locator`` is visible.</doc>
<status status="PASS" starttime="20260108 15:08:25.495" endtime="20260108 15:08:25.518"/>
</kw>
<kw name="Click Element" library="SeleniumLibrary">
<arg>${locator}</arg>
<doc>Click the element identified by ``locator``.</doc>
<msg timestamp="20260108 15:08:25.519" level="INFO">Clicking element 'xpath=/html/body/div[1]/header/div[1]/div/div/div/div/div[2]/div[2]/ul/li[1]/a'.</msg>
<status status="PASS" starttime="20260108 15:08:25.518" endtime="20260108 15:08:27.720"/>
</kw>
<status status="PASS" starttime="20260108 15:08:25.495" endtime="20260108 15:08:27.721"/>
</kw>
<kw name="Sleep" library="BuiltIn">
<arg>2s</arg>
<doc>Pauses the test executed for the given time.</doc>
<msg timestamp="20260108 15:08:29.722" level="INFO">Slept 2 seconds</msg>
<status status="PASS" starttime="20260108 15:08:27.721" endtime="20260108 15:08:29.722"/>
</kw>
<status status="PASS" starttime="20260108 15:08:25.495" endtime="20260108 15:08:29.722"/>
</kw>
<kw name="Open Trek And Tours Menu" library="home_page">
<kw name="Wait And Click" library="keywords">
<arg>${trek_and_tours}</arg>
<kw name="Wait Until Element Is Visible" library="SeleniumLibrary">
<arg>${locator}</arg>
<doc>Waits until the element ``locator`` is visible.</doc>
<status status="PASS" starttime="20260108 15:08:29.723" endtime="20260108 15:08:29.749"/>
</kw>
<kw name="Click Element" library="SeleniumLibrary">
<arg>${locator}</arg>
<doc>Click the element identified by ``locator``.</doc>
<msg timestamp="20260108 15:08:29.750" level="INFO">Clicking element 'xpath=/html/body/div[1]/header/div[1]/div/div/div/div/div[2]/div[2]/ul/li[2]/a/i'.</msg>
<status status="PASS" starttime="20260108 15:08:29.749" endtime="20260108 15:08:29.832"/>
</kw>
<status status="PASS" starttime="20260108 15:08:29.722" endtime="20260108 15:08:29.832"/>
</kw>
<kw name="Sleep" library="BuiltIn">
<arg>2s</arg>
<doc>Pauses the test executed for the given time.</doc>
<msg timestamp="20260108 15:08:31.834" level="INFO">Slept 2 seconds</msg>
<status status="PASS" starttime="20260108 15:08:29.833" endtime="20260108 15:08:31.834"/>
</kw>
<status status="PASS" starttime="20260108 15:08:29.722" endtime="20260108 15:08:31.834"/>
</kw>
<kw name="Click About Menu" library="home_page">
<kw name="Wait And Click" library="keywords">
<arg>${About}</arg>
<kw name="Wait Until Element Is Visible" library="SeleniumLibrary">
<arg>${locator}</arg>
<doc>Waits until the element ``locator`` is visible.</doc>
<status status="PASS" starttime="20260108 15:08:31.835" endtime="20260108 15:08:31.857"/>
</kw>
<kw name="Click Element" library="SeleniumLibrary">
<arg>${locator}</arg>
<doc>Click the element identified by ``locator``.</doc>
<msg timestamp="20260108 15:08:31.858" level="INFO">Clicking element 'xpath=/html/body/div[1]/header/div[1]/div/div/div/div/div[2]/div[2]/ul/li[3]/a/span'.</msg>
<status status="PASS" starttime="20260108 15:08:31.857" endtime="20260108 15:08:31.917"/>
</kw>
<status status="PASS" starttime="20260108 15:08:31.834" endtime="20260108 15:08:31.917"/>
</kw>
<kw name="Sleep" library="BuiltIn">
<arg>2s</arg>
<doc>Pauses the test executed for the given time.</doc>
<msg timestamp="20260108 15:08:33.917" level="INFO">Slept 2 seconds</msg>
<status status="PASS" starttime="20260108 15:08:31.917" endtime="20260108 15:08:33.918"/>
</kw>
<status status="PASS" starttime="20260108 15:08:31.834" endtime="20260108 15:08:33.918"/>
</kw>
<kw name="Click Contact Menu" library="home_page">
<kw name="Wait And Click" library="keywords">
<arg>${Contact}</arg>
<kw name="Wait Until Element Is Visible" library="SeleniumLibrary">
<arg>${locator}</arg>
<doc>Waits until the element ``locator`` is visible.</doc>
<status status="PASS" starttime="20260108 15:08:33.918" endtime="20260108 15:08:33.940"/>
</kw>
<kw name="Click Element" library="SeleniumLibrary">
<arg>${locator}</arg>
<doc>Click the element identified by ``locator``.</doc>
<msg timestamp="20260108 15:08:33.941" level="INFO">Clicking element 'xpath=/html/body/div[1]/header/div[1]/div/div/div/div/div[2]/div[2]/ul/li[4]/a'.</msg>
<status status="PASS" starttime="20260108 15:08:33.940" endtime="20260108 15:08:34.964"/>
</kw>
<status status="PASS" starttime="20260108 15:08:33.918" endtime="20260108 15:08:34.964"/>
</kw>
<kw name="Sleep" library="BuiltIn">
<arg>2s</arg>
<doc>Pauses the test executed for the given time.</doc>
<msg timestamp="20260108 15:08:36.966" level="INFO">Slept 2 seconds</msg>
<status status="PASS" starttime="20260108 15:08:34.964" endtime="20260108 15:08:36.966"/>
</kw>
<status status="PASS" starttime="20260108 15:08:33.918" endtime="20260108 15:08:36.966"/>
</kw>
<kw name="Click FAQ Menu" library="home_page">
<kw name="Wait And Click" library="keywords">
<arg>${FAQ}</arg>
<kw name="Wait Until Element Is Visible" library="SeleniumLibrary">
<arg>${locator}</arg>
<doc>Waits until the element ``locator`` is visible.</doc>
<status status="PASS" starttime="20260108 15:08:36.967" endtime="20260108 15:08:36.990"/>
</kw>
<kw name="Click Element" library="SeleniumLibrary">
<arg>${locator}</arg>
<doc>Click the element identified by ``locator``.</doc>
<msg timestamp="20260108 15:08:36.990" level="INFO">Clicking element 'xpath=/html/body/div[1]/header/div[1]/div/div/div/div/div[2]/div[2]/ul/li[5]/a'.</msg>
<status status="PASS" starttime="20260108 15:08:36.990" endtime="20260108 15:08:38.374"/>
</kw>
<status status="PASS" starttime="20260108 15:08:36.966" endtime="20260108 15:08:38.375"/>
</kw>
<kw name="Sleep" library="BuiltIn">
<arg>2s</arg>
<doc>Pauses the test executed for the given time.</doc>
<msg timestamp="20260108 15:08:40.375" level="INFO">Slept 2 seconds</msg>
<status status="PASS" starttime="20260108 15:08:38.375" endtime="20260108 15:08:40.375"/>
</kw>
<status status="PASS" starttime="20260108 15:08:36.966" endtime="20260108 15:08:40.376"/>
</kw>
<kw name="Scroll Element Into View" library="SeleniumLibrary">
<arg>xpath=/html/body/div[4]/div/section/div</arg>
<doc>Scrolls the element identified by ``locator`` into view.</doc>
<status status="PASS" starttime="20260108 15:08:40.376" endtime="20260108 15:08:40.665"/>
</kw>
<status status="PASS" starttime="20260108 15:08:23.456" endtime="20260108 15:08:40.665"/>
</kw>
<kw name="Close Browser" library="browser" type="TEARDOWN">
<kw name="Capture Page Screenshot" library="SeleniumLibrary">
<doc>Takes a screenshot of the current page and embeds it into a log file.</doc>
<msg timestamp="20260108 15:08:40.811" level="INFO" html="true">&lt;/td&gt;&lt;/tr&gt;&lt;tr&gt;&lt;td colspan="3"&gt;&lt;a href="selenium-screenshot-7.png"&gt;&lt;img src="selenium-screenshot-7.png" width="800px"&gt;&lt;/a&gt;</msg>
<status status="PASS" starttime="20260108 15:08:40.666" endtime="20260108 15:08:40.811"/>
</kw>
<kw name="Close All Browsers" library="SeleniumLibrary">
<doc>Closes all open browsers and resets the browser cache.</doc>
<status status="PASS" starttime="20260108 15:08:40.811" endtime="20260108 15:08:47.125"/>
</kw>
<status status="PASS" starttime="20260108 15:08:40.666" endtime="20260108 15:08:47.125"/>
</kw>
<status status="PASS" starttime="20260108 15:08:13.837" endtime="20260108 15:08:47.125"/>
</test>
<test id="s1-t2" name="Treks and Tours Test" line="11">
<kw name="Open Homepage" library="home_page">
<kw name="Open Browser To Application" library="browser">
<kw name="Open Browser" library="SeleniumLibrary">
<arg>${BASE_URL}</arg>
<arg>${BROWSER}</arg>
<doc>Opens a new browser instance to the optional ``url``.</doc>
<msg timestamp="20260108 15:08:47.128" level="INFO">Opening browser 'chrome' to base url 'https://staging.trailquest.global/'.</msg>
<status status="PASS" starttime="20260108 15:08:47.127" endtime="20260108 15:08:52.923"/>
</kw>
<kw name="Maximize Browser Window" library="SeleniumLibrary">
<doc>Maximizes current browser window.</doc>
<status status="PASS" starttime="20260108 15:08:52.923" endtime="20260108 15:08:52.995"/>
</kw>
<kw name="Set Selenium Timeout" library="SeleniumLibrary">
<arg>${TIMEOUT}</arg>
<doc>Sets the timeout that is used by various keywords.</doc>
<status status="PASS" starttime="20260108 15:08:52.995" endtime="20260108 15:08:52.997"/>
</kw>
<status status="PASS" starttime="20260108 15:08:47.127" endtime="20260108 15:08:52.997"/>
</kw>
<kw name="Sleep" library="BuiltIn">
<arg>2s</arg>
<doc>Pauses the test executed for the given time.</doc>
<msg timestamp="20260108 15:08:54.998" level="INFO">Slept 2 seconds</msg>
<status status="PASS" starttime="20260108 15:08:52.998" endtime="20260108 15:08:54.999"/>
</kw>
<status status="PASS" starttime="20260108 15:08:47.127" endtime="20260108 15:08:54.999"/>
</kw>
<kw name="Test The Push Your Limit" library="home_page">
<kw name="Verify Logo Is Visible" library="home_page">
<kw name="Wait Until Element Is Visible" library="SeleniumLibrary">
<arg>${logo}</arg>
<doc>Waits until the element ``locator`` is visible.</doc>
<status status="PASS" starttime="20260108 15:08:55.000" endtime="20260108 15:08:55.030"/>
</kw>
<kw name="Sleep" library="BuiltIn">
<arg>2s</arg>
<doc>Pauses the test executed for the given time.</doc>
<msg timestamp="20260108 15:08:57.030" level="INFO">Slept 2 seconds</msg>
<status status="PASS" starttime="20260108 15:08:55.030" endtime="20260108 15:08:57.031"/>
</kw>
<status status="PASS" starttime="20260108 15:08:55.000" endtime="20260108 15:08:57.031"/>
</kw>
<kw name="Open Trek And Tours Menu" library="home_page">
<kw name="Wait And Click" library="keywords">
<arg>${trek_and_tours}</arg>
<kw name="Wait Until Element Is Visible" library="SeleniumLibrary">
<arg>${locator}</arg>
<doc>Waits until the element ``locator`` is visible.</doc>
<status status="PASS" starttime="20260108 15:08:57.032" endtime="20260108 15:08:57.054"/>
</kw>
<kw name="Click Element" library="SeleniumLibrary">
<arg>${locator}</arg>
<doc>Click the element identified by ``locator``.</doc>
<msg timestamp="20260108 15:08:57.055" level="INFO">Clicking element 'xpath=/html/body/div[1]/header/div[1]/div/div/div/div/div[2]/div[2]/ul/li[2]/a/i'.</msg>
<status status="PASS" starttime="20260108 15:08:57.054" endtime="20260108 15:08:57.125"/>
</kw>
<status status="PASS" starttime="20260108 15:08:57.031" endtime="20260108 15:08:57.125"/>
</kw>
<kw name="Sleep" library="BuiltIn">
<arg>2s</arg>
<doc>Pauses the test executed for the given time.</doc>
<msg timestamp="20260108 15:08:59.126" level="INFO">Slept 2 seconds</msg>
<status status="PASS" starttime="20260108 15:08:57.125" endtime="20260108 15:08:59.126"/>
</kw>
<status status="PASS" starttime="20260108 15:08:57.031" endtime="20260108 15:08:59.126"/>
</kw>
<kw name="Click Push Your Limit" library="home_page">
<kw name="Wait And Click" library="keywords">
<arg>${push_your_limit}</arg>
<kw name="Wait Until Element Is Visible" library="SeleniumLibrary">
<arg>${locator}</arg>
<doc>Waits until the element ``locator`` is visible.</doc>
<status status="PASS" starttime="20260108 15:08:59.127" endtime="20260108 15:08:59.150"/>
</kw>
<kw name="Click Element" library="SeleniumLibrary">
<arg>${locator}</arg>
<doc>Click the element identified by ``locator``.</doc>
<msg timestamp="20260108 15:08:59.151" level="INFO">Clicking element 'xpath=/html/body/div[1]/header/div[1]/div/div/div/div/div[2]/div[2]/ul/li[2]/ul/li[2]/a'.</msg>
<status status="PASS" starttime="20260108 15:08:59.151" endtime="20260108 15:09:00.980"/>
</kw>
<status status="PASS" starttime="20260108 15:08:59.127" endtime="20260108 15:09:00.980"/>
</kw>
<kw name="Sleep" library="BuiltIn">
<arg>2s</arg>
<doc>Pauses the test executed for the given time.</doc>
<msg timestamp="20260108 15:09:02.981" level="INFO">Slept 2 seconds</msg>
<status status="PASS" starttime="20260108 15:09:00.980" endtime="20260108 15:09:02.981"/>
</kw>
<status status="PASS" starttime="20260108 15:08:59.126" endtime="20260108 15:09:02.981"/>
</kw>
<status status="PASS" starttime="20260108 15:08:54.999" endtime="20260108 15:09:02.981"/>
</kw>
<kw name="Close Browser" library="browser" type="TEARDOWN">
<kw name="Capture Page Screenshot" library="SeleniumLibrary">
<doc>Takes a screenshot of the current page and embeds it into a log file.</doc>
<msg timestamp="20260108 15:09:03.278" level="INFO" html="true">&lt;/td&gt;&lt;/tr&gt;&lt;tr&gt;&lt;td colspan="3"&gt;&lt;a href="selenium-screenshot-8.png"&gt;&lt;img src="selenium-screenshot-8.png" width="800px"&gt;&lt;/a&gt;</msg>
<status status="PASS" starttime="20260108 15:09:02.982" endtime="20260108 15:09:03.278"/>
</kw>
<kw name="Close All Browsers" library="SeleniumLibrary">
<doc>Closes all open browsers and resets the browser cache.</doc>
<status status="PASS" starttime="20260108 15:09:03.278" endtime="20260108 15:09:09.581"/>
</kw>
<status status="PASS" starttime="20260108 15:09:02.981" endtime="20260108 15:09:09.581"/>
</kw>
<status status="PASS" starttime="20260108 15:08:47.126" endtime="20260108 15:09:09.582"/>
</test>
<status status="PASS" starttime="20260108 15:08:13.470" endtime="20260108 15:09:09.583"/>
</suite>
<statistics>
<total>
<stat pass="2" fail="0" skip="0">All Tests</stat>
</total>
<tag>
</tag>
<suite>
<stat pass="2" fail="0" skip="0" id="s1" name="Home Page Button">Home Page Button</stat>
</suite>
</statistics>
<errors>
</errors>
</robot>
