<?xml version="1.0" encoding="UTF-8"?>
<robot generator="Robot 6.1.1 (Python 3.13.9 on win32)" generated="20260123 16:52:30.286" rpa="false" schemaversion="4">
<suite id="s1" name="Declutter Your Mind" source="C:\Users\Swarup Dahal\PycharmProjects\trail-quest\tests\declutter_your_mind.robot">
<test id="s1-t1" name="Declutter Your Mind Test" line="9">
<kw name="Open Homepage" library="home_page">
<kw name="Open Browser To Application" library="browser">
<kw name="Evaluate" library="BuiltIn">
<var>${chrome_options}</var>
<arg>selenium.webdriver.ChromeOptions()</arg>
<arg>modules=selenium.webdriver</arg>
<doc>Evaluates the given expression in Python and returns the result.</doc>
<msg timestamp="20260123 16:52:30.826" level="INFO">${chrome_options} = &lt;selenium.webdriver.chrome.options.Options object at 0x000001FCDBADB620&gt;</msg>
<status status="PASS" starttime="20260123 16:52:30.826" endtime="20260123 16:52:30.826"/>
</kw>
<kw name="Create List" library="BuiltIn">
<var>${args}</var>
<arg>--window-size=1920,1080</arg>
<arg>--start-maximized</arg>
<arg>--no-sandbox</arg>
<arg>--disable-dev-shm-usage</arg>
<arg>--disable-gpu</arg>
<arg>--disable-software-rasterizer</arg>
<arg>--remote-debugging-port=9222</arg>
<arg>--disable-extensions</arg>
<arg>--disable-setuid-sandbox</arg>
<doc>Returns a list containing given items.</doc>
<msg timestamp="20260123 16:52:30.827" level="INFO">${args} = ['--window-size=1920,1080', '--start-maximized', '--no-sandbox', '--disable-dev-shm-usage', '--disable-gpu', '--disable-software-rasterizer', '--remote-debugging-port=9222', '--disable-extensions', '-...</msg>
<status status="PASS" starttime="20260123 16:52:30.827" endtime="20260123 16:52:30.827"/>
</kw>
<for flavor="IN">
<var>${arg}</var>
<value>@{args}</value>
<iter>
<var name="${arg}">--window-size=1920,1080</var>
<kw name="Call Method" library="BuiltIn">
<arg>${chrome_options}</arg>
<arg>add_argument</arg>
<arg>${arg}</arg>
<doc>Calls the named method of the given object with the provided arguments.</doc>
<status status="PASS" starttime="20260123 16:52:30.827" endtime="20260123 16:52:30.828"/>
</kw>
<status status="PASS" starttime="20260123 16:52:30.827" endtime="20260123 16:52:30.828"/>
</iter>
<iter>
<var name="${arg}">--start-maximized</var>
<kw name="Call Method" library="BuiltIn">
<arg>${chrome_options}</arg>
<arg>add_argument</arg>
<arg>${arg}</arg>
<doc>Calls the named method of the given object with the provided arguments.</doc>
<status status="PASS" starttime="20260123 16:52:30.828" endtime="20260123 16:52:30.828"/>
</kw>
<status status="PASS" starttime="20260123 16:52:30.828" endtime="20260123 16:52:30.828"/>
</iter>
<iter>
<var name="${arg}">--no-sandbox</var>
<kw name="Call Method" library="BuiltIn">
<arg>${chrome_options}</arg>
<arg>add_argument</arg>
<arg>${arg}</arg>
<doc>Calls the named method of the given object with the provided arguments.</doc>
<status status="PASS" starttime="20260123 16:52:30.828" endtime="20260123 16:52:30.829"/>
</kw>
<status status="PASS" starttime="20260123 16:52:30.828" endtime="20260123 16:52:30.829"/>
</iter>
<iter>
<var name="${arg}">--disable-dev-shm-usage</var>
<kw name="Call Method" library="BuiltIn">
<arg>${chrome_options}</arg>
<arg>add_argument</arg>
<arg>${arg}</arg>
<doc>Calls the named method of the given object with the provided arguments.</doc>
<status status="PASS" starttime="20260123 16:52:30.829" endtime="20260123 16:52:30.829"/>
</kw>
<status status="PASS" starttime="20260123 16:52:30.829" endtime="20260123 16:52:30.829"/>
</iter>
<iter>
<var name="${arg}">--disable-gpu</var>
<kw name="Call Method" library="BuiltIn">
<arg>${chrome_options}</arg>
<arg>add_argument</arg>
<arg>${arg}</arg>
<doc>Calls the named method of the given object with the provided arguments.</doc>
<status status="PASS" starttime="20260123 16:52:30.829" endtime="20260123 16:52:30.830"/>
</kw>
<status status="PASS" starttime="20260123 16:52:30.829" endtime="20260123 16:52:30.830"/>
</iter>
<iter>
<var name="${arg}">--disable-software-rasterizer</var>
<kw name="Call Method" library="BuiltIn">
<arg>${chrome_options}</arg>
<arg>add_argument</arg>
<arg>${arg}</arg>
<doc>Calls the named method of the given object with the provided arguments.</doc>
<status status="PASS" starttime="20260123 16:52:30.830" endtime="20260123 16:52:30.830"/>
</kw>
<status status="PASS" starttime="20260123 16:52:30.830" endtime="20260123 16:52:30.830"/>
</iter>
<iter>
<var name="${arg}">--remote-debugging-port=9222</var>
<kw name="Call Method" library="BuiltIn">
<arg>${chrome_options}</arg>
<arg>add_argument</arg>
<arg>${arg}</arg>
<doc>Calls the named method of the given object with the provided arguments.</doc>
<status status="PASS" starttime="20260123 16:52:30.830" endtime="20260123 16:52:30.831"/>
</kw>
<status status="PASS" starttime="20260123 16:52:30.830" endtime="20260123 16:52:30.831"/>
</iter>
<iter>
<var name="${arg}">--disable-extensions</var>
<kw name="Call Method" library="BuiltIn">
<arg>${chrome_options}</arg>
<arg>add_argument</arg>
<arg>${arg}</arg>
<doc>Calls the named method of the given object with the provided arguments.</doc>
<status status="PASS" starttime="20260123 16:52:30.831" endtime="20260123 16:52:30.831"/>
</kw>
<status status="PASS" starttime="20260123 16:52:30.831" endtime="20260123 16:52:30.831"/>
</iter>
<iter>
<var name="${arg}">--disable-setuid-sandbox</var>
<kw name="Call Method" library="BuiltIn">
<arg>${chrome_options}</arg>
<arg>add_argument</arg>
<arg>${arg}</arg>
<doc>Calls the named method of the given object with the provided arguments.</doc>
<status status="PASS" starttime="20260123 16:52:30.831" endtime="20260123 16:52:30.831"/>
</kw>
<status status="PASS" starttime="20260123 16:52:30.831" endtime="20260123 16:52:30.831"/>
</iter>
<status status="PASS" starttime="20260123 16:52:30.827" endtime="20260123 16:52:30.832"/>
</for>
<kw name="Open Browser" library="SeleniumLibrary">
<arg>${BASE_URL}</arg>
<arg>${BROWSER}</arg>
<arg>options=${chrome_options}</arg>
<doc>Opens a new browser instance to the optional ``url``.</doc>
<msg timestamp="20260123 16:52:30.833" level="INFO">Opening browser 'Chrome' to base url 'https://trailquest.global/'.</msg>
<status status="PASS" starttime="20260123 16:52:30.832" endtime="20260123 16:52:37.538"/>
</kw>
<status status="PASS" starttime="20260123 16:52:30.826" endtime="20260123 16:52:37.538"/>
</kw>
<kw name="Sleep" library="BuiltIn">
<arg>2s</arg>
<doc>Pauses the test executed for the given time.</doc>
<msg timestamp="20260123 16:52:39.540" level="INFO">Slept 2 seconds</msg>
<status status="PASS" starttime="20260123 16:52:37.539" endtime="20260123 16:52:39.540"/>
</kw>
<status status="PASS" starttime="20260123 16:52:30.825" endtime="20260123 16:52:39.540"/>
</kw>
<kw name="Verify Logo Is Visible" library="home_page">
<kw name="Wait Until Element Is Visible" library="SeleniumLibrary">
<arg>${logo}</arg>
<doc>Waits until the element ``locator`` is visible.</doc>
<status status="PASS" starttime="20260123 16:52:39.541" endtime="20260123 16:52:39.572"/>
</kw>
<kw name="Sleep" library="BuiltIn">
<arg>2s</arg>
<doc>Pauses the test executed for the given time.</doc>
<msg timestamp="20260123 16:52:41.573" level="INFO">Slept 2 seconds</msg>
<status status="PASS" starttime="20260123 16:52:39.572" endtime="20260123 16:52:41.573"/>
</kw>
<status status="PASS" starttime="20260123 16:52:39.540" endtime="20260123 16:52:41.573"/>
</kw>
<kw name="Open Trek And Tours Menu" library="home_page">
<kw name="Wait And Click" library="keywords">
<arg>${trek_and_tours}</arg>
<doc>Waits until element is visible &amp; enabled, scrolls into view, clicks, fallback to JS if normal click fails</doc>
<kw name="Wait Until Element Is Visible" library="SeleniumLibrary">
<arg>${locator}</arg>
<arg>${timeout}</arg>
<doc>Waits until the element ``locator`` is visible.</doc>
<status status="PASS" starttime="20260123 16:52:41.574" endtime="20260123 16:52:41.596"/>
</kw>
<kw name="Wait Until Element Is Enabled" library="SeleniumLibrary">
<arg>${locator}</arg>
<arg>${timeout}</arg>
<doc>Waits until the element ``locator`` is enabled.</doc>
<status status="PASS" starttime="20260123 16:52:41.596" endtime="20260123 16:52:41.620"/>
</kw>
<kw name="Scroll Element Into View" library="SeleniumLibrary">
<arg>${locator}</arg>
<doc>Scrolls the element identified by ``locator`` into view.</doc>
<status status="PASS" starttime="20260123 16:52:41.620" endtime="20260123 16:52:41.899"/>
</kw>
<kw name="Run Keyword And Return Status" library="BuiltIn">
<var>${clicked}</var>
<arg>Click Element</arg>
<arg>${locator}</arg>
<doc>Runs the given keyword with given arguments and returns the status as a Boolean value.</doc>
<kw name="Click Element" library="SeleniumLibrary">
<arg>${locator}</arg>
<doc>Click the element identified by ``locator``.</doc>
<msg timestamp="20260123 16:52:41.901" level="INFO">Clicking element 'xpath=/html/body/div[1]/header/div[1]/div/div/div/div/div[2]/div[2]/ul/li[2]/a/i'.</msg>
<status status="PASS" starttime="20260123 16:52:41.900" endtime="20260123 16:52:41.970"/>
</kw>
<msg timestamp="20260123 16:52:41.970" level="INFO">${clicked} = True</msg>
<status status="PASS" starttime="20260123 16:52:41.900" endtime="20260123 16:52:41.970"/>
</kw>
<if>
<branch type="IF" condition="not ${clicked}">
<kw name="Log" library="BuiltIn">
<arg>Using JS click fallback for ${locator}</arg>
<doc>Logs the given message with the given level.</doc>
<status status="NOT RUN" starttime="20260123 16:52:41.970" endtime="20260123 16:52:41.970"/>
</kw>
<kw name="Execute Javascript" library="SeleniumLibrary">
<arg>arguments[0].click();</arg>
<arg>document.evaluate("${locator.replace('xpath=','')}", document, null, XPathResult.FIRST_ORDERED_NODE_TYPE, null).singleNodeValue</arg>
<doc>Executes the given JavaScript code with possible arguments.</doc>
<status status="NOT RUN" starttime="20260123 16:52:41.970" endtime="20260123 16:52:41.970"/>
</kw>
<status status="NOT RUN" starttime="20260123 16:52:41.970" endtime="20260123 16:52:41.970"/>
</branch>
<status status="PASS" starttime="20260123 16:52:41.970" endtime="20260123 16:52:41.970"/>
</if>
<status status="PASS" starttime="20260123 16:52:41.574" endtime="20260123 16:52:41.971"/>
</kw>
<kw name="Sleep" library="BuiltIn">
<arg>2s</arg>
<doc>Pauses the test executed for the given time.</doc>
<msg timestamp="20260123 16:52:43.972" level="INFO">Slept 2 seconds</msg>
<status status="PASS" starttime="20260123 16:52:41.971" endtime="20260123 16:52:43.972"/>
</kw>
<status status="PASS" starttime="20260123 16:52:41.573" endtime="20260123 16:52:43.972"/>
</kw>
<kw name="Test The Annapurna Reset" library="Declutter_your_mind">
<kw name="Test Indoor Retrests" library="Declutter_your_mind">
<kw name="Click Declutter Your Mind" library="Declutter_your_mind">
<kw name="Wait And Click" library="keywords">
<arg>${Declutter_your_mind}</arg>
<doc>Waits until element is visible &amp; enabled, scrolls into view, clicks, fallback to JS if normal click fails</doc>
<kw name="Wait Until Element Is Visible" library="SeleniumLibrary">
<arg>${locator}</arg>
<arg>${timeout}</arg>
<doc>Waits until the element ``locator`` is visible.</doc>
<status status="PASS" starttime="20260123 16:52:43.974" endtime="20260123 16:52:43.995"/>
</kw>
<kw name="Wait Until Element Is Enabled" library="SeleniumLibrary">
<arg>${locator}</arg>
<arg>${timeout}</arg>
<doc>Waits until the element ``locator`` is enabled.</doc>
<status status="PASS" starttime="20260123 16:52:43.995" endtime="20260123 16:52:44.014"/>
</kw>
<kw name="Scroll Element Into View" library="SeleniumLibrary">
<arg>${locator}</arg>
<doc>Scrolls the element identified by ``locator`` into view.</doc>
<status status="PASS" starttime="20260123 16:52:44.014" endtime="20260123 16:52:44.296"/>
</kw>
<kw name="Run Keyword And Return Status" library="BuiltIn">
<var>${clicked}</var>
<arg>Click Element</arg>
<arg>${locator}</arg>
<doc>Runs the given keyword with given arguments and returns the status as a Boolean value.</doc>
<kw name="Click Element" library="SeleniumLibrary">
<arg>${locator}</arg>
<doc>Click the element identified by ``locator``.</doc>
<msg timestamp="20260123 16:52:44.297" level="INFO">Clicking element 'xpath=/html/body/div[1]/header/div[1]/div/div/div/div/div[2]/div[2]/ul/li[2]/ul/li[4]/a'.</msg>
<status status="PASS" starttime="20260123 16:52:44.297" endtime="20260123 16:52:45.912"/>
</kw>
<msg timestamp="20260123 16:52:45.913" level="INFO">${clicked} = True</msg>
<status status="PASS" starttime="20260123 16:52:44.296" endtime="20260123 16:52:45.913"/>
</kw>
<if>
<branch type="IF" condition="not ${clicked}">
<kw name="Log" library="BuiltIn">
<arg>Using JS click fallback for ${locator}</arg>
<doc>Logs the given message with the given level.</doc>
<status status="NOT RUN" starttime="20260123 16:52:45.913" endtime="20260123 16:52:45.913"/>
</kw>
<kw name="Execute Javascript" library="SeleniumLibrary">
<arg>arguments[0].click();</arg>
<arg>document.evaluate("${locator.replace('xpath=','')}", document, null, XPathResult.FIRST_ORDERED_NODE_TYPE, null).singleNodeValue</arg>
<doc>Executes the given JavaScript code with possible arguments.</doc>
<status status="NOT RUN" starttime="20260123 16:52:45.914" endtime="20260123 16:52:45.914"/>
</kw>
<status status="NOT RUN" starttime="20260123 16:52:45.913" endtime="20260123 16:52:45.914"/>
</branch>
<status status="PASS" starttime="20260123 16:52:45.913" endtime="20260123 16:52:45.914"/>
</if>
<status status="PASS" starttime="20260123 16:52:43.973" endtime="20260123 16:52:45.914"/>
</kw>
<kw name="Sleep" library="BuiltIn">
<arg>2s</arg>
<doc>Pauses the test executed for the given time.</doc>
<msg timestamp="20260123 16:52:47.915" level="INFO">Slept 2 seconds</msg>
<status status="PASS" starttime="20260123 16:52:45.914" endtime="20260123 16:52:47.915"/>
</kw>
<status status="PASS" starttime="20260123 16:52:43.973" endtime="20260123 16:52:47.915"/>
</kw>
<kw name="Wait Until Element Is Visible" library="SeleniumLibrary">
<arg>${Declutter_content}</arg>
<doc>Waits until the element ``locator`` is visible.</doc>
<status status="PASS" starttime="20260123 16:52:47.915" endtime="20260123 16:52:47.936"/>
</kw>
<kw name="Go Down to" library="treks_tours">
<kw name="Scroll Element Into View" library="SeleniumLibrary">
<arg>${header}</arg>
<doc>Scrolls the element identified by ``locator`` into view.</doc>
<status status="PASS" starttime="20260123 16:52:47.937" endtime="20260123 16:52:48.212"/>
</kw>
<kw name="Sleep" library="BuiltIn">
<arg>2s</arg>
<doc>Pauses the test executed for the given time.</doc>
<msg timestamp="20260123 16:52:50.213" level="INFO">Slept 2 seconds</msg>
<status status="PASS" starttime="20260123 16:52:48.212" endtime="20260123 16:52:50.213"/>
</kw>
<status status="PASS" starttime="20260123 16:52:47.936" endtime="20260123 16:52:50.213"/>
</kw>
<kw name="Wait And Click" library="keywords">
<arg>${Indoor_Retreats}</arg>
<doc>Waits until element is visible &amp; enabled, scrolls into view, clicks, fallback to JS if normal click fails</doc>
<kw name="Wait Until Element Is Visible" library="SeleniumLibrary">
<arg>${locator}</arg>
<arg>${timeout}</arg>
<doc>Waits until the element ``locator`` is visible.</doc>
<status status="PASS" starttime="20260123 16:52:50.214" endtime="20260123 16:52:50.237"/>
</kw>
<kw name="Wait Until Element Is Enabled" library="SeleniumLibrary">
<arg>${locator}</arg>
<arg>${timeout}</arg>
<doc>Waits until the element ``locator`` is enabled.</doc>
<status status="PASS" starttime="20260123 16:52:50.237" endtime="20260123 16:52:50.255"/>
</kw>
<kw name="Scroll Element Into View" library="SeleniumLibrary">
<arg>${locator}</arg>
<doc>Scrolls the element identified by ``locator`` into view.</doc>
<status status="PASS" starttime="20260123 16:52:50.256" endtime="20260123 16:52:50.543"/>
</kw>
<kw name="Run Keyword And Return Status" library="BuiltIn">
<var>${clicked}</var>
<arg>Click Element</arg>
<arg>${locator}</arg>
<doc>Runs the given keyword with given arguments and returns the status as a Boolean value.</doc>
<kw name="Click Element" library="SeleniumLibrary">
<arg>${locator}</arg>
<doc>Click the element identified by ``locator``.</doc>
<msg timestamp="20260123 16:52:50.545" level="INFO">Clicking element 'xpath=/html/body/div[3]/section/div/div/ul/li[1]/h3'.</msg>
<status status="PASS" starttime="20260123 16:52:50.544" endtime="20260123 16:52:50.604"/>
</kw>
<msg timestamp="20260123 16:52:50.604" level="INFO">${clicked} = True</msg>
<status status="PASS" starttime="20260123 16:52:50.544" endtime="20260123 16:52:50.604"/>
</kw>
<if>
<branch type="IF" condition="not ${clicked}">
<kw name="Log" library="BuiltIn">
<arg>Using JS click fallback for ${locator}</arg>
<doc>Logs the given message with the given level.</doc>
<status status="NOT RUN" starttime="20260123 16:52:50.605" endtime="20260123 16:52:50.605"/>
</kw>
<kw name="Execute Javascript" library="SeleniumLibrary">
<arg>arguments[0].click();</arg>
<arg>document.evaluate("${locator.replace('xpath=','')}", document, null, XPathResult.FIRST_ORDERED_NODE_TYPE, null).singleNodeValue</arg>
<doc>Executes the given JavaScript code with possible arguments.</doc>
<status status="NOT RUN" starttime="20260123 16:52:50.605" endtime="20260123 16:52:50.605"/>
</kw>
<status status="NOT RUN" starttime="20260123 16:52:50.604" endtime="20260123 16:52:50.605"/>
</branch>
<status status="PASS" starttime="20260123 16:52:50.604" endtime="20260123 16:52:50.605"/>
</if>
<status status="PASS" starttime="20260123 16:52:50.214" endtime="20260123 16:52:50.605"/>
</kw>
<kw name="Sleep" library="BuiltIn">
<arg>2s</arg>
<doc>Pauses the test executed for the given time.</doc>
<msg timestamp="20260123 16:52:52.605" level="INFO">Slept 2 seconds</msg>
<status status="PASS" starttime="20260123 16:52:50.605" endtime="20260123 16:52:52.606"/>
</kw>
<kw name="Scroll Element Into View" library="SeleniumLibrary">
<arg>xpath=//*[@id="tab-indoor-retreats"]/section/div/div/div/div[2]</arg>
<doc>Scrolls the element identified by ``locator`` into view.</doc>
<status status="PASS" starttime="20260123 16:52:52.606" endtime="20260123 16:52:52.895"/>
</kw>
<kw name="Wait Until Element Is Visible" library="SeleniumLibrary">
<arg>xpath=//*[@id="tab-indoor-retreats"]/section/div/div/div/div[2]</arg>
<doc>Waits until the element ``locator`` is visible.</doc>
<status status="PASS" starttime="20260123 16:52:52.895" endtime="20260123 16:52:52.909"/>
</kw>
<kw name="Sleep" library="BuiltIn">
<arg>1s</arg>
<doc>Pauses the test executed for the given time.</doc>
<msg timestamp="20260123 16:52:53.910" level="INFO">Slept 1 second</msg>
<status status="PASS" starttime="20260123 16:52:52.909" endtime="20260123 16:52:53.910"/>
</kw>
<status status="PASS" starttime="20260123 16:52:43.973" endtime="20260123 16:52:53.910"/>
</kw>
<kw name="Wait And Click" library="keywords">
<arg>${The_Annapurna_Reset}</arg>
<doc>Waits until element is visible &amp; enabled, scrolls into view, clicks, fallback to JS if normal click fails</doc>
<kw name="Wait Until Element Is Visible" library="SeleniumLibrary">
<arg>${locator}</arg>
<arg>${timeout}</arg>
<doc>Waits until the element ``locator`` is visible.</doc>
<status status="PASS" starttime="20260123 16:52:53.911" endtime="20260123 16:52:53.929"/>
</kw>
<kw name="Wait Until Element Is Enabled" library="SeleniumLibrary">
<arg>${locator}</arg>
<arg>${timeout}</arg>
<doc>Waits until the element ``locator`` is enabled.</doc>
<status status="PASS" starttime="20260123 16:52:53.929" endtime="20260123 16:52:53.947"/>
</kw>
<kw name="Scroll Element Into View" library="SeleniumLibrary">
<arg>${locator}</arg>
<doc>Scrolls the element identified by ``locator`` into view.</doc>
<status status="PASS" starttime="20260123 16:52:53.947" endtime="20260123 16:52:54.227"/>
</kw>
<kw name="Run Keyword And Return Status" library="BuiltIn">
<var>${clicked}</var>
<arg>Click Element</arg>
<arg>${locator}</arg>
<doc>Runs the given keyword with given arguments and returns the status as a Boolean value.</doc>
<kw name="Click Element" library="SeleniumLibrary">
<arg>${locator}</arg>
<doc>Click the element identified by ``locator``.</doc>
<msg timestamp="20260123 16:52:54.228" level="INFO">Clicking element 'xpath=//*[@id="tab-indoor-retreats"]/section/div/div/div/div[2]/div[1]'.</msg>
<status status="PASS" starttime="20260123 16:52:54.227" endtime="20260123 16:52:55.717"/>
</kw>
<msg timestamp="20260123 16:52:55.717" level="INFO">${clicked} = True</msg>
<status status="PASS" starttime="20260123 16:52:54.227" endtime="20260123 16:52:55.717"/>
</kw>
<if>
<branch type="IF" condition="not ${clicked}">
<kw name="Log" library="BuiltIn">
<arg>Using JS click fallback for ${locator}</arg>
<doc>Logs the given message with the given level.</doc>
<status status="NOT RUN" starttime="20260123 16:52:55.718" endtime="20260123 16:52:55.718"/>
</kw>
<kw name="Execute Javascript" library="SeleniumLibrary">
<arg>arguments[0].click();</arg>
<arg>document.evaluate("${locator.replace('xpath=','')}", document, null, XPathResult.FIRST_ORDERED_NODE_TYPE, null).singleNodeValue</arg>
<doc>Executes the given JavaScript code with possible arguments.</doc>
<status status="NOT RUN" starttime="20260123 16:52:55.718" endtime="20260123 16:52:55.718"/>
</kw>
<status status="NOT RUN" starttime="20260123 16:52:55.717" endtime="20260123 16:52:55.718"/>
</branch>
<status status="PASS" starttime="20260123 16:52:55.717" endtime="20260123 16:52:55.718"/>
</if>
<status status="PASS" starttime="20260123 16:52:53.910" endtime="20260123 16:52:55.718"/>
</kw>
<kw name="Wait Until Element Is Visible" library="SeleniumLibrary">
<arg>${The_Annapurna_Content}</arg>
<doc>Waits until the element ``locator`` is visible.</doc>
<status status="PASS" starttime="20260123 16:52:55.718" endtime="20260123 16:52:55.751"/>
</kw>
<kw name="Scroll Element Into View" library="SeleniumLibrary">
<arg>xpath=/html/body/div[3]/div/nav</arg>
<doc>Scrolls the element identified by ``locator`` into view.</doc>
<status status="PASS" starttime="20260123 16:52:55.751" endtime="20260123 16:52:56.058"/>
</kw>
<kw name="Test The Annapurna Reset Navbar" library="Declutter_your_mind">
<doc>Click all section links inside sticky navbar (Intro → FAQS)</doc>
<kw name="Set Variable" library="BuiltIn">
<var>${NAVBAR}</var>
<arg>//nav[contains(@class,'sticky-navbar')]</arg>
<doc>Returns the given values which can then be assigned to a variables.</doc>
<msg timestamp="20260123 16:52:56.058" level="INFO">${NAVBAR} = //nav[contains(@class,'sticky-navbar')]</msg>
<status status="PASS" starttime="20260123 16:52:56.058" endtime="20260123 16:52:56.058"/>
</kw>
<kw name="Set Variable" library="BuiltIn">
<var>${NAV_LINKS}</var>
<arg>//nav[contains(@class,'sticky-navbar')]//ul/li/a[contains(@class,'nav-link')]</arg>
<doc>Returns the given values which can then be assigned to a variables.</doc>
<msg timestamp="20260123 16:52:56.059" level="INFO">${NAV_LINKS} = //nav[contains(@class,'sticky-navbar')]//ul/li/a[contains(@class,'nav-link')]</msg>
<status status="PASS" starttime="20260123 16:52:56.058" endtime="20260123 16:52:56.059"/>
</kw>
<kw name="Wait Until Element Is Visible" library="SeleniumLibrary">
<arg>${NAVBAR}</arg>
<arg>15s</arg>
<doc>Waits until the element ``locator`` is visible.</doc>
<status status="PASS" starttime="20260123 16:52:56.059" endtime="20260123 16:52:56.078"/>
</kw>
<kw name="Scroll Element Into View" library="SeleniumLibrary">
<arg>${NAVBAR}</arg>
<doc>Scrolls the element identified by ``locator`` into view.</doc>
<status status="PASS" starttime="20260123 16:52:56.079" endtime="20260123 16:52:56.372"/>
</kw>
<kw name="Get WebElements" library="SeleniumLibrary">
<var>${links}</var>
<arg>${NAV_LINKS}</arg>
<doc>Returns a list of WebElement objects matching the ``locator``.</doc>
<msg timestamp="20260123 16:52:56.386" level="INFO">${links} = [&lt;selenium.webdriver.remote.webelement.WebElement (session="293e9f95f858ab1a7b33aad45d4103c0", element="f.6D3DE7F6F83A901EED0CC2A838D55629.d.09A4E27E6BFEFD0EF9F1A700A74F8198.e.68")&gt;, &lt;selenium.webdriv...</msg>
<status status="PASS" starttime="20260123 16:52:56.373" endtime="20260123 16:52:56.386"/>
</kw>
<kw name="Get Length" library="BuiltIn">
<var>${count}</var>
<arg>${links}</arg>
<doc>Returns and logs the length of the given item as an integer.</doc>
<msg timestamp="20260123 16:52:56.386" level="INFO">Length is 9</msg>
<msg timestamp="20260123 16:52:56.386" level="INFO">${count} = 9</msg>
<status status="PASS" starttime="20260123 16:52:56.386" endtime="20260123 16:52:56.386"/>
</kw>
<for flavor="IN RANGE">
<var>${i}</var>
<value>${count}</value>
<iter>
<var name="${i}">0</var>
<kw name="Get WebElements" library="SeleniumLibrary">
<var>${links}</var>
<arg>${NAV_LINKS}</arg>
<doc>Returns a list of WebElement objects matching the ``locator``.</doc>
<msg timestamp="20260123 16:52:56.400" level="INFO">${links} = [&lt;selenium.webdriver.remote.webelement.WebElement (session="293e9f95f858ab1a7b33aad45d4103c0", element="f.6D3DE7F6F83A901EED0CC2A838D55629.d.09A4E27E6BFEFD0EF9F1A700A74F8198.e.68")&gt;, &lt;selenium.webdriv...</msg>
<status status="PASS" starttime="20260123 16:52:56.387" endtime="20260123 16:52:56.400"/>
</kw>
<kw name="Set Variable" library="BuiltIn">
<var>${link}</var>
<arg>${links}[${i}]</arg>
<doc>Returns the given values which can then be assigned to a variables.</doc>
<msg timestamp="20260123 16:52:56.401" level="INFO">${link} = &lt;selenium.webdriver.remote.webelement.WebElement (session="293e9f95f858ab1a7b33aad45d4103c0", element="f.6D3DE7F6F83A901EED0CC2A838D55629.d.09A4E27E6BFEFD0EF9F1A700A74F8198.e.68")&gt;</msg>
<status status="PASS" starttime="20260123 16:52:56.400" endtime="20260123 16:52:56.401"/>
</kw>
<kw name="Scroll Element Into View" library="SeleniumLibrary">
<arg>${link}</arg>
<doc>Scrolls the element identified by ``locator`` into view.</doc>
<status status="PASS" starttime="20260123 16:52:56.401" endtime="20260123 16:52:56.670"/>
</kw>
<kw name="Wait Until Element Is Visible" library="SeleniumLibrary">
<arg>${link}</arg>
<arg>10s</arg>
<doc>Waits until the element ``locator`` is visible.</doc>
<status status="PASS" starttime="20260123 16:52:56.670" endtime="20260123 16:52:56.681"/>
</kw>
<kw name="Run Keyword And Return Status" library="BuiltIn">
<var>${clicked}</var>
<arg>Click Element</arg>
<arg>${link}</arg>
<doc>Runs the given keyword with given arguments and returns the status as a Boolean value.</doc>
<kw name="Click Element" library="SeleniumLibrary">
<arg>${link}</arg>
<doc>Click the element identified by ``locator``.</doc>
<msg timestamp="20260123 16:52:56.682" level="INFO">Clicking element '&lt;selenium.webdriver.remote.webelement.WebElement (session="293e9f95f858ab1a7b33aad45d4103c0", element="f.6D3DE7F6F83A901EED0CC2A838D55629.d.09A4E27E6BFEFD0EF9F1A700A74F8198.e.68")&gt;'.</msg>
<status status="PASS" starttime="20260123 16:52:56.682" endtime="20260123 16:52:56.746"/>
</kw>
<msg timestamp="20260123 16:52:56.746" level="INFO">${clicked} = True</msg>
<status status="PASS" starttime="20260123 16:52:56.681" endtime="20260123 16:52:56.746"/>
</kw>
<if>
<branch type="IF" condition="not ${clicked}">
<kw name="Execute Javascript" library="SeleniumLibrary">
<arg>arguments[0].click();</arg>
<arg>${link}</arg>
<doc>Executes the given JavaScript code with possible arguments.</doc>
<status status="NOT RUN" starttime="20260123 16:52:56.746" endtime="20260123 16:52:56.747"/>
</kw>
<status status="NOT RUN" starttime="20260123 16:52:56.746" endtime="20260123 16:52:56.747"/>
</branch>
<status status="PASS" starttime="20260123 16:52:56.746" endtime="20260123 16:52:56.747"/>
</if>
<status status="PASS" starttime="20260123 16:52:56.387" endtime="20260123 16:52:56.747"/>
</iter>
<iter>
<var name="${i}">1</var>
<kw name="Get WebElements" library="SeleniumLibrary">
<var>${links}</var>
<arg>${NAV_LINKS}</arg>
<doc>Returns a list of WebElement objects matching the ``locator``.</doc>
<msg timestamp="20260123 16:52:56.757" level="INFO">${links} = [&lt;selenium.webdriver.remote.webelement.WebElement (session="293e9f95f858ab1a7b33aad45d4103c0", element="f.6D3DE7F6F83A901EED0CC2A838D55629.d.09A4E27E6BFEFD0EF9F1A700A74F8198.e.68")&gt;, &lt;selenium.webdriv...</msg>
<status status="PASS" starttime="20260123 16:52:56.747" endtime="20260123 16:52:56.757"/>
</kw>
<kw name="Set Variable" library="BuiltIn">
<var>${link}</var>
<arg>${links}[${i}]</arg>
<doc>Returns the given values which can then be assigned to a variables.</doc>
<msg timestamp="20260123 16:52:56.757" level="INFO">${link} = &lt;selenium.webdriver.remote.webelement.WebElement (session="293e9f95f858ab1a7b33aad45d4103c0", element="f.6D3DE7F6F83A901EED0CC2A838D55629.d.09A4E27E6BFEFD0EF9F1A700A74F8198.e.69")&gt;</msg>
<status status="PASS" starttime="20260123 16:52:56.757" endtime="20260123 16:52:56.757"/>
</kw>
<kw name="Scroll Element Into View" library="SeleniumLibrary">
<arg>${link}</arg>
<doc>Scrolls the element identified by ``locator`` into view.</doc>
<status status="PASS" starttime="20260123 16:52:56.757" endtime="20260123 16:52:57.049"/>
</kw>
<kw name="Wait Until Element Is Visible" library="SeleniumLibrary">
<arg>${link}</arg>
<arg>10s</arg>
<doc>Waits until the element ``locator`` is visible.</doc>
<status status="PASS" starttime="20260123 16:52:57.049" endtime="20260123 16:52:57.057"/>
</kw>
<kw name="Run Keyword And Return Status" library="BuiltIn">
<var>${clicked}</var>
<arg>Click Element</arg>
<arg>${link}</arg>
<doc>Runs the given keyword with given arguments and returns the status as a Boolean value.</doc>
<kw name="Click Element" library="SeleniumLibrary">
<arg>${link}</arg>
<doc>Click the element identified by ``locator``.</doc>
<msg timestamp="20260123 16:52:57.058" level="INFO">Clicking element '&lt;selenium.webdriver.remote.webelement.WebElement (session="293e9f95f858ab1a7b33aad45d4103c0", element="f.6D3DE7F6F83A901EED0CC2A838D55629.d.09A4E27E6BFEFD0EF9F1A700A74F8198.e.69")&gt;'.</msg>
<status status="PASS" starttime="20260123 16:52:57.057" endtime="20260123 16:52:57.108"/>
</kw>
<msg timestamp="20260123 16:52:57.109" level="INFO">${clicked} = True</msg>
<status status="PASS" starttime="20260123 16:52:57.057" endtime="20260123 16:52:57.109"/>
</kw>
<if>
<branch type="IF" condition="not ${clicked}">
<kw name="Execute Javascript" library="SeleniumLibrary">
<arg>arguments[0].click();</arg>
<arg>${link}</arg>
<doc>Executes the given JavaScript code with possible arguments.</doc>
<status status="NOT RUN" starttime="20260123 16:52:57.109" endtime="20260123 16:52:57.109"/>
</kw>
<status status="NOT RUN" starttime="20260123 16:52:57.109" endtime="20260123 16:52:57.109"/>
</branch>
<status status="PASS" starttime="20260123 16:52:57.109" endtime="20260123 16:52:57.109"/>
</if>
<status status="PASS" starttime="20260123 16:52:56.747" endtime="20260123 16:52:57.109"/>
</iter>
<iter>
<var name="${i}">2</var>
<kw name="Get WebElements" library="SeleniumLibrary">
<var>${links}</var>
<arg>${NAV_LINKS}</arg>
<doc>Returns a list of WebElement objects matching the ``locator``.</doc>
<msg timestamp="20260123 16:52:57.118" level="INFO">${links} = [&lt;selenium.webdriver.remote.webelement.WebElement (session="293e9f95f858ab1a7b33aad45d4103c0", element="f.6D3DE7F6F83A901EED0CC2A838D55629.d.09A4E27E6BFEFD0EF9F1A700A74F8198.e.68")&gt;, &lt;selenium.webdriv...</msg>
<status status="PASS" starttime="20260123 16:52:57.110" endtime="20260123 16:52:57.118"/>
</kw>
<kw name="Set Variable" library="BuiltIn">
<var>${link}</var>
<arg>${links}[${i}]</arg>
<doc>Returns the given values which can then be assigned to a variables.</doc>
<msg timestamp="20260123 16:52:57.118" level="INFO">${link} = &lt;selenium.webdriver.remote.webelement.WebElement (session="293e9f95f858ab1a7b33aad45d4103c0", element="f.6D3DE7F6F83A901EED0CC2A838D55629.d.09A4E27E6BFEFD0EF9F1A700A74F8198.e.70")&gt;</msg>
<status status="PASS" starttime="20260123 16:52:57.118" endtime="20260123 16:52:57.118"/>
</kw>
<kw name="Scroll Element Into View" library="SeleniumLibrary">
<arg>${link}</arg>
<doc>Scrolls the element identified by ``locator`` into view.</doc>
<status status="PASS" starttime="20260123 16:52:57.118" endtime="20260123 16:52:57.396"/>
</kw>
<kw name="Wait Until Element Is Visible" library="SeleniumLibrary">
<arg>${link}</arg>
<arg>10s</arg>
<doc>Waits until the element ``locator`` is visible.</doc>
<status status="PASS" starttime="20260123 16:52:57.397" endtime="20260123 16:52:57.405"/>
</kw>
<kw name="Run Keyword And Return Status" library="BuiltIn">
<var>${clicked}</var>
<arg>Click Element</arg>
<arg>${link}</arg>
<doc>Runs the given keyword with given arguments and returns the status as a Boolean value.</doc>
<kw name="Click Element" library="SeleniumLibrary">
<arg>${link}</arg>
<doc>Click the element identified by ``locator``.</doc>
<msg timestamp="20260123 16:52:57.406" level="INFO">Clicking element '&lt;selenium.webdriver.remote.webelement.WebElement (session="293e9f95f858ab1a7b33aad45d4103c0", element="f.6D3DE7F6F83A901EED0CC2A838D55629.d.09A4E27E6BFEFD0EF9F1A700A74F8198.e.70")&gt;'.</msg>
<status status="PASS" starttime="20260123 16:52:57.406" endtime="20260123 16:52:57.471"/>
</kw>
<msg timestamp="20260123 16:52:57.471" level="INFO">${clicked} = True</msg>
<status status="PASS" starttime="20260123 16:52:57.405" endtime="20260123 16:52:57.471"/>
</kw>
<if>
<branch type="IF" condition="not ${clicked}">
<kw name="Execute Javascript" library="SeleniumLibrary">
<arg>arguments[0].click();</arg>
<arg>${link}</arg>
<doc>Executes the given JavaScript code with possible arguments.</doc>
<status status="NOT RUN" starttime="20260123 16:52:57.472" endtime="20260123 16:52:57.472"/>
</kw>
<status status="NOT RUN" starttime="20260123 16:52:57.471" endtime="20260123 16:52:57.472"/>
</branch>
<status status="PASS" starttime="20260123 16:52:57.471" endtime="20260123 16:52:57.472"/>
</if>
<status status="PASS" starttime="20260123 16:52:57.109" endtime="20260123 16:52:57.472"/>
</iter>
<iter>
<var name="${i}">3</var>
<kw name="Get WebElements" library="SeleniumLibrary">
<var>${links}</var>
<arg>${NAV_LINKS}</arg>
<doc>Returns a list of WebElement objects matching the ``locator``.</doc>
<msg timestamp="20260123 16:52:57.481" level="INFO">${links} = [&lt;selenium.webdriver.remote.webelement.WebElement (session="293e9f95f858ab1a7b33aad45d4103c0", element="f.6D3DE7F6F83A901EED0CC2A838D55629.d.09A4E27E6BFEFD0EF9F1A700A74F8198.e.68")&gt;, &lt;selenium.webdriv...</msg>
<status status="PASS" starttime="20260123 16:52:57.472" endtime="20260123 16:52:57.481"/>
</kw>
<kw name="Set Variable" library="BuiltIn">
<var>${link}</var>
<arg>${links}[${i}]</arg>
<doc>Returns the given values which can then be assigned to a variables.</doc>
<msg timestamp="20260123 16:52:57.481" level="INFO">${link} = &lt;selenium.webdriver.remote.webelement.WebElement (session="293e9f95f858ab1a7b33aad45d4103c0", element="f.6D3DE7F6F83A901EED0CC2A838D55629.d.09A4E27E6BFEFD0EF9F1A700A74F8198.e.71")&gt;</msg>
<status status="PASS" starttime="20260123 16:52:57.481" endtime="20260123 16:52:57.481"/>
</kw>
<kw name="Scroll Element Into View" library="SeleniumLibrary">
<arg>${link}</arg>
<doc>Scrolls the element identified by ``locator`` into view.</doc>
<status status="PASS" starttime="20260123 16:52:57.481" endtime="20260123 16:52:57.748"/>
</kw>
<kw name="Wait Until Element Is Visible" library="SeleniumLibrary">
<arg>${link}</arg>
<arg>10s</arg>
<doc>Waits until the element ``locator`` is visible.</doc>
<status status="PASS" starttime="20260123 16:52:57.748" endtime="20260123 16:52:57.756"/>
</kw>
<kw name="Run Keyword And Return Status" library="BuiltIn">
<var>${clicked}</var>
<arg>Click Element</arg>
<arg>${link}</arg>
<doc>Runs the given keyword with given arguments and returns the status as a Boolean value.</doc>
<kw name="Click Element" library="SeleniumLibrary">
<arg>${link}</arg>
<doc>Click the element identified by ``locator``.</doc>
<msg timestamp="20260123 16:52:57.757" level="INFO">Clicking element '&lt;selenium.webdriver.remote.webelement.WebElement (session="293e9f95f858ab1a7b33aad45d4103c0", element="f.6D3DE7F6F83A901EED0CC2A838D55629.d.09A4E27E6BFEFD0EF9F1A700A74F8198.e.71")&gt;'.</msg>
<status status="PASS" starttime="20260123 16:52:57.757" endtime="20260123 16:52:57.820"/>
</kw>
<msg timestamp="20260123 16:52:57.820" level="INFO">${clicked} = True</msg>
<status status="PASS" starttime="20260123 16:52:57.756" endtime="20260123 16:52:57.820"/>
</kw>
<if>
<branch type="IF" condition="not ${clicked}">
<kw name="Execute Javascript" library="SeleniumLibrary">
<arg>arguments[0].click();</arg>
<arg>${link}</arg>
<doc>Executes the given JavaScript code with possible arguments.</doc>
<status status="NOT RUN" starttime="20260123 16:52:57.821" endtime="20260123 16:52:57.821"/>
</kw>
<status status="NOT RUN" starttime="20260123 16:52:57.820" endtime="20260123 16:52:57.821"/>
</branch>
<status status="PASS" starttime="20260123 16:52:57.820" endtime="20260123 16:52:57.821"/>
</if>
<status status="PASS" starttime="20260123 16:52:57.472" endtime="20260123 16:52:57.821"/>
</iter>
<iter>
<var name="${i}">4</var>
<kw name="Get WebElements" library="SeleniumLibrary">
<var>${links}</var>
<arg>${NAV_LINKS}</arg>
<doc>Returns a list of WebElement objects matching the ``locator``.</doc>
<msg timestamp="20260123 16:52:57.830" level="INFO">${links} = [&lt;selenium.webdriver.remote.webelement.WebElement (session="293e9f95f858ab1a7b33aad45d4103c0", element="f.6D3DE7F6F83A901EED0CC2A838D55629.d.09A4E27E6BFEFD0EF9F1A700A74F8198.e.68")&gt;, &lt;selenium.webdriv...</msg>
<status status="PASS" starttime="20260123 16:52:57.821" endtime="20260123 16:52:57.830"/>
</kw>
<kw name="Set Variable" library="BuiltIn">
<var>${link}</var>
<arg>${links}[${i}]</arg>
<doc>Returns the given values which can then be assigned to a variables.</doc>
<msg timestamp="20260123 16:52:57.830" level="INFO">${link} = &lt;selenium.webdriver.remote.webelement.WebElement (session="293e9f95f858ab1a7b33aad45d4103c0", element="f.6D3DE7F6F83A901EED0CC2A838D55629.d.09A4E27E6BFEFD0EF9F1A700A74F8198.e.72")&gt;</msg>
<status status="PASS" starttime="20260123 16:52:57.830" endtime="20260123 16:52:57.830"/>
</kw>
<kw name="Scroll Element Into View" library="SeleniumLibrary">
<arg>${link}</arg>
<doc>Scrolls the element identified by ``locator`` into view.</doc>
<status status="PASS" starttime="20260123 16:52:57.831" endtime="20260123 16:52:58.096"/>
</kw>
<kw name="Wait Until Element Is Visible" library="SeleniumLibrary">
<arg>${link}</arg>
<arg>10s</arg>
<doc>Waits until the element ``locator`` is visible.</doc>
<status status="PASS" starttime="20260123 16:52:58.096" endtime="20260123 16:52:58.104"/>
</kw>
<kw name="Run Keyword And Return Status" library="BuiltIn">
<var>${clicked}</var>
<arg>Click Element</arg>
<arg>${link}</arg>
<doc>Runs the given keyword with given arguments and returns the status as a Boolean value.</doc>
<kw name="Click Element" library="SeleniumLibrary">
<arg>${link}</arg>
<doc>Click the element identified by ``locator``.</doc>
<msg timestamp="20260123 16:52:58.105" level="INFO">Clicking element '&lt;selenium.webdriver.remote.webelement.WebElement (session="293e9f95f858ab1a7b33aad45d4103c0", element="f.6D3DE7F6F83A901EED0CC2A838D55629.d.09A4E27E6BFEFD0EF9F1A700A74F8198.e.72")&gt;'.</msg>
<status status="PASS" starttime="20260123 16:52:58.105" endtime="20260123 16:52:58.161"/>
</kw>
<msg timestamp="20260123 16:52:58.161" level="INFO">${clicked} = True</msg>
<status status="PASS" starttime="20260123 16:52:58.105" endtime="20260123 16:52:58.161"/>
</kw>
<if>
<branch type="IF" condition="not ${clicked}">
<kw name="Execute Javascript" library="SeleniumLibrary">
<arg>arguments[0].click();</arg>
<arg>${link}</arg>
<doc>Executes the given JavaScript code with possible arguments.</doc>
<status status="NOT RUN" starttime="20260123 16:52:58.162" endtime="20260123 16:52:58.162"/>
</kw>
<status status="NOT RUN" starttime="20260123 16:52:58.161" endtime="20260123 16:52:58.162"/>
</branch>
<status status="PASS" starttime="20260123 16:52:58.161" endtime="20260123 16:52:58.162"/>
</if>
<status status="PASS" starttime="20260123 16:52:57.821" endtime="20260123 16:52:58.162"/>
</iter>
<iter>
<var name="${i}">5</var>
<kw name="Get WebElements" library="SeleniumLibrary">
<var>${links}</var>
<arg>${NAV_LINKS}</arg>
<doc>Returns a list of WebElement objects matching the ``locator``.</doc>
<msg timestamp="20260123 16:52:58.171" level="INFO">${links} = [&lt;selenium.webdriver.remote.webelement.WebElement (session="293e9f95f858ab1a7b33aad45d4103c0", element="f.6D3DE7F6F83A901EED0CC2A838D55629.d.09A4E27E6BFEFD0EF9F1A700A74F8198.e.68")&gt;, &lt;selenium.webdriv...</msg>
<status status="PASS" starttime="20260123 16:52:58.162" endtime="20260123 16:52:58.171"/>
</kw>
<kw name="Set Variable" library="BuiltIn">
<var>${link}</var>
<arg>${links}[${i}]</arg>
<doc>Returns the given values which can then be assigned to a variables.</doc>
<msg timestamp="20260123 16:52:58.171" level="INFO">${link} = &lt;selenium.webdriver.remote.webelement.WebElement (session="293e9f95f858ab1a7b33aad45d4103c0", element="f.6D3DE7F6F83A901EED0CC2A838D55629.d.09A4E27E6BFEFD0EF9F1A700A74F8198.e.73")&gt;</msg>
<status status="PASS" starttime="20260123 16:52:58.171" endtime="20260123 16:52:58.171"/>
</kw>
<kw name="Scroll Element Into View" library="SeleniumLibrary">
<arg>${link}</arg>
<doc>Scrolls the element identified by ``locator`` into view.</doc>
<status status="PASS" starttime="20260123 16:52:58.171" endtime="20260123 16:52:58.446"/>
</kw>
<kw name="Wait Until Element Is Visible" library="SeleniumLibrary">
<arg>${link}</arg>
<arg>10s</arg>
<doc>Waits until the element ``locator`` is visible.</doc>
<status status="PASS" starttime="20260123 16:52:58.446" endtime="20260123 16:52:58.455"/>
</kw>
<kw name="Run Keyword And Return Status" library="BuiltIn">
<var>${clicked}</var>
<arg>Click Element</arg>
<arg>${link}</arg>
<doc>Runs the given keyword with given arguments and returns the status as a Boolean value.</doc>
<kw name="Click Element" library="SeleniumLibrary">
<arg>${link}</arg>
<doc>Click the element identified by ``locator``.</doc>
<msg timestamp="20260123 16:52:58.456" level="INFO">Clicking element '&lt;selenium.webdriver.remote.webelement.WebElement (session="293e9f95f858ab1a7b33aad45d4103c0", element="f.6D3DE7F6F83A901EED0CC2A838D55629.d.09A4E27E6BFEFD0EF9F1A700A74F8198.e.73")&gt;'.</msg>
<status status="PASS" starttime="20260123 16:52:58.456" endtime="20260123 16:52:58.520"/>
</kw>
<msg timestamp="20260123 16:52:58.520" level="INFO">${clicked} = True</msg>
<status status="PASS" starttime="20260123 16:52:58.455" endtime="20260123 16:52:58.520"/>
</kw>
<if>
<branch type="IF" condition="not ${clicked}">
<kw name="Execute Javascript" library="SeleniumLibrary">
<arg>arguments[0].click();</arg>
<arg>${link}</arg>
<doc>Executes the given JavaScript code with possible arguments.</doc>
<status status="NOT RUN" starttime="20260123 16:52:58.521" endtime="20260123 16:52:58.521"/>
</kw>
<status status="NOT RUN" starttime="20260123 16:52:58.520" endtime="20260123 16:52:58.521"/>
</branch>
<status status="PASS" starttime="20260123 16:52:58.520" endtime="20260123 16:52:58.521"/>
</if>
<status status="PASS" starttime="20260123 16:52:58.162" endtime="20260123 16:52:58.521"/>
</iter>
<iter>
<var name="${i}">6</var>
<kw name="Get WebElements" library="SeleniumLibrary">
<var>${links}</var>
<arg>${NAV_LINKS}</arg>
<doc>Returns a list of WebElement objects matching the ``locator``.</doc>
<msg timestamp="20260123 16:52:58.530" level="INFO">${links} = [&lt;selenium.webdriver.remote.webelement.WebElement (session="293e9f95f858ab1a7b33aad45d4103c0", element="f.6D3DE7F6F83A901EED0CC2A838D55629.d.09A4E27E6BFEFD0EF9F1A700A74F8198.e.68")&gt;, &lt;selenium.webdriv...</msg>
<status status="PASS" starttime="20260123 16:52:58.521" endtime="20260123 16:52:58.531"/>
</kw>
<kw name="Set Variable" library="BuiltIn">
<var>${link}</var>
<arg>${links}[${i}]</arg>
<doc>Returns the given values which can then be assigned to a variables.</doc>
<msg timestamp="20260123 16:52:58.531" level="INFO">${link} = &lt;selenium.webdriver.remote.webelement.WebElement (session="293e9f95f858ab1a7b33aad45d4103c0", element="f.6D3DE7F6F83A901EED0CC2A838D55629.d.09A4E27E6BFEFD0EF9F1A700A74F8198.e.74")&gt;</msg>
<status status="PASS" starttime="20260123 16:52:58.531" endtime="20260123 16:52:58.531"/>
</kw>
<kw name="Scroll Element Into View" library="SeleniumLibrary">
<arg>${link}</arg>
<doc>Scrolls the element identified by ``locator`` into view.</doc>
<status status="PASS" starttime="20260123 16:52:58.531" endtime="20260123 16:52:58.795"/>
</kw>
<kw name="Wait Until Element Is Visible" library="SeleniumLibrary">
<arg>${link}</arg>
<arg>10s</arg>
<doc>Waits until the element ``locator`` is visible.</doc>
<status status="PASS" starttime="20260123 16:52:58.796" endtime="20260123 16:52:58.805"/>
</kw>
<kw name="Run Keyword And Return Status" library="BuiltIn">
<var>${clicked}</var>
<arg>Click Element</arg>
<arg>${link}</arg>
<doc>Runs the given keyword with given arguments and returns the status as a Boolean value.</doc>
<kw name="Click Element" library="SeleniumLibrary">
<arg>${link}</arg>
<doc>Click the element identified by ``locator``.</doc>
<msg timestamp="20260123 16:52:58.806" level="INFO">Clicking element '&lt;selenium.webdriver.remote.webelement.WebElement (session="293e9f95f858ab1a7b33aad45d4103c0", element="f.6D3DE7F6F83A901EED0CC2A838D55629.d.09A4E27E6BFEFD0EF9F1A700A74F8198.e.74")&gt;'.</msg>
<status status="PASS" starttime="20260123 16:52:58.805" endtime="20260123 16:52:58.868"/>
</kw>
<msg timestamp="20260123 16:52:58.868" level="INFO">${clicked} = True</msg>
<status status="PASS" starttime="20260123 16:52:58.805" endtime="20260123 16:52:58.868"/>
</kw>
<if>
<branch type="IF" condition="not ${clicked}">
<kw name="Execute Javascript" library="SeleniumLibrary">
<arg>arguments[0].click();</arg>
<arg>${link}</arg>
<doc>Executes the given JavaScript code with possible arguments.</doc>
<status status="NOT RUN" starttime="20260123 16:52:58.869" endtime="20260123 16:52:58.869"/>
</kw>
<status status="NOT RUN" starttime="20260123 16:52:58.869" endtime="20260123 16:52:58.869"/>
</branch>
<status status="PASS" starttime="20260123 16:52:58.869" endtime="20260123 16:52:58.869"/>
</if>
<status status="PASS" starttime="20260123 16:52:58.521" endtime="20260123 16:52:58.869"/>
</iter>
<iter>
<var name="${i}">7</var>
<kw name="Get WebElements" library="SeleniumLibrary">
<var>${links}</var>
<arg>${NAV_LINKS}</arg>
<doc>Returns a list of WebElement objects matching the ``locator``.</doc>
<msg timestamp="20260123 16:52:58.879" level="INFO">${links} = [&lt;selenium.webdriver.remote.webelement.WebElement (session="293e9f95f858ab1a7b33aad45d4103c0", element="f.6D3DE7F6F83A901EED0CC2A838D55629.d.09A4E27E6BFEFD0EF9F1A700A74F8198.e.68")&gt;, &lt;selenium.webdriv...</msg>
<status status="PASS" starttime="20260123 16:52:58.869" endtime="20260123 16:52:58.879"/>
</kw>
<kw name="Set Variable" library="BuiltIn">
<var>${link}</var>
<arg>${links}[${i}]</arg>
<doc>Returns the given values which can then be assigned to a variables.</doc>
<msg timestamp="20260123 16:52:58.880" level="INFO">${link} = &lt;selenium.webdriver.remote.webelement.WebElement (session="293e9f95f858ab1a7b33aad45d4103c0", element="f.6D3DE7F6F83A901EED0CC2A838D55629.d.09A4E27E6BFEFD0EF9F1A700A74F8198.e.75")&gt;</msg>
<status status="PASS" starttime="20260123 16:52:58.880" endtime="20260123 16:52:58.880"/>
</kw>
<kw name="Scroll Element Into View" library="SeleniumLibrary">
<arg>${link}</arg>
<doc>Scrolls the element identified by ``locator`` into view.</doc>
<status status="PASS" starttime="20260123 16:52:58.880" endtime="20260123 16:52:59.146"/>
</kw>
<kw name="Wait Until Element Is Visible" library="SeleniumLibrary">
<arg>${link}</arg>
<arg>10s</arg>
<doc>Waits until the element ``locator`` is visible.</doc>
<status status="PASS" starttime="20260123 16:52:59.146" endtime="20260123 16:52:59.155"/>
</kw>
<kw name="Run Keyword And Return Status" library="BuiltIn">
<var>${clicked}</var>
<arg>Click Element</arg>
<arg>${link}</arg>
<doc>Runs the given keyword with given arguments and returns the status as a Boolean value.</doc>
<kw name="Click Element" library="SeleniumLibrary">
<arg>${link}</arg>
<doc>Click the element identified by ``locator``.</doc>
<msg timestamp="20260123 16:52:59.156" level="INFO">Clicking element '&lt;selenium.webdriver.remote.webelement.WebElement (session="293e9f95f858ab1a7b33aad45d4103c0", element="f.6D3DE7F6F83A901EED0CC2A838D55629.d.09A4E27E6BFEFD0EF9F1A700A74F8198.e.75")&gt;'.</msg>
<status status="PASS" starttime="20260123 16:52:59.155" endtime="20260123 16:52:59.216"/>
</kw>
<msg timestamp="20260123 16:52:59.216" level="INFO">${clicked} = True</msg>
<status status="PASS" starttime="20260123 16:52:59.155" endtime="20260123 16:52:59.216"/>
</kw>
<if>
<branch type="IF" condition="not ${clicked}">
<kw name="Execute Javascript" library="SeleniumLibrary">
<arg>arguments[0].click();</arg>
<arg>${link}</arg>
<doc>Executes the given JavaScript code with possible arguments.</doc>
<status status="NOT RUN" starttime="20260123 16:52:59.216" endtime="20260123 16:52:59.216"/>
</kw>
<status status="NOT RUN" starttime="20260123 16:52:59.216" endtime="20260123 16:52:59.216"/>
</branch>
<status status="PASS" starttime="20260123 16:52:59.216" endtime="20260123 16:52:59.216"/>
</if>
<status status="PASS" starttime="20260123 16:52:58.869" endtime="20260123 16:52:59.216"/>
</iter>
<iter>
<var name="${i}">8</var>
<kw name="Get WebElements" library="SeleniumLibrary">
<var>${links}</var>
<arg>${NAV_LINKS}</arg>
<doc>Returns a list of WebElement objects matching the ``locator``.</doc>
<msg timestamp="20260123 16:52:59.226" level="INFO">${links} = [&lt;selenium.webdriver.remote.webelement.WebElement (session="293e9f95f858ab1a7b33aad45d4103c0", element="f.6D3DE7F6F83A901EED0CC2A838D55629.d.09A4E27E6BFEFD0EF9F1A700A74F8198.e.68")&gt;, &lt;selenium.webdriv...</msg>
<status status="PASS" starttime="20260123 16:52:59.217" endtime="20260123 16:52:59.226"/>
</kw>
<kw name="Set Variable" library="BuiltIn">
<var>${link}</var>
<arg>${links}[${i}]</arg>
<doc>Returns the given values which can then be assigned to a variables.</doc>
<msg timestamp="20260123 16:52:59.226" level="INFO">${link} = &lt;selenium.webdriver.remote.webelement.WebElement (session="293e9f95f858ab1a7b33aad45d4103c0", element="f.6D3DE7F6F83A901EED0CC2A838D55629.d.09A4E27E6BFEFD0EF9F1A700A74F8198.e.76")&gt;</msg>
<status status="PASS" starttime="20260123 16:52:59.226" endtime="20260123 16:52:59.227"/>
</kw>
<kw name="Scroll Element Into View" library="SeleniumLibrary">
<arg>${link}</arg>
<doc>Scrolls the element identified by ``locator`` into view.</doc>
<status status="PASS" starttime="20260123 16:52:59.227" endtime="20260123 16:52:59.504"/>
</kw>
<kw name="Wait Until Element Is Visible" library="SeleniumLibrary">
<arg>${link}</arg>
<arg>10s</arg>
<doc>Waits until the element ``locator`` is visible.</doc>
<status status="PASS" starttime="20260123 16:52:59.505" endtime="20260123 16:52:59.517"/>
</kw>
<kw name="Run Keyword And Return Status" library="BuiltIn">
<var>${clicked}</var>
<arg>Click Element</arg>
<arg>${link}</arg>
<doc>Runs the given keyword with given arguments and returns the status as a Boolean value.</doc>
<kw name="Click Element" library="SeleniumLibrary">
<arg>${link}</arg>
<doc>Click the element identified by ``locator``.</doc>
<msg timestamp="20260123 16:52:59.518" level="INFO">Clicking element '&lt;selenium.webdriver.remote.webelement.WebElement (session="293e9f95f858ab1a7b33aad45d4103c0", element="f.6D3DE7F6F83A901EED0CC2A838D55629.d.09A4E27E6BFEFD0EF9F1A700A74F8198.e.76")&gt;'.</msg>
<status status="PASS" starttime="20260123 16:52:59.517" endtime="20260123 16:52:59.587"/>
</kw>
<msg timestamp="20260123 16:52:59.587" level="INFO">${clicked} = True</msg>
<status status="PASS" starttime="20260123 16:52:59.517" endtime="20260123 16:52:59.588"/>
</kw>
<if>
<branch type="IF" condition="not ${clicked}">
<kw name="Execute Javascript" library="SeleniumLibrary">
<arg>arguments[0].click();</arg>
<arg>${link}</arg>
<doc>Executes the given JavaScript code with possible arguments.</doc>
<status status="NOT RUN" starttime="20260123 16:52:59.588" endtime="20260123 16:52:59.588"/>
</kw>
<status status="NOT RUN" starttime="20260123 16:52:59.588" endtime="20260123 16:52:59.588"/>
</branch>
<status status="PASS" starttime="20260123 16:52:59.588" endtime="20260123 16:52:59.588"/>
</if>
<status status="PASS" starttime="20260123 16:52:59.216" endtime="20260123 16:52:59.588"/>
</iter>
<status status="PASS" starttime="20260123 16:52:56.387" endtime="20260123 16:52:59.588"/>
</for>
<status status="PASS" starttime="20260123 16:52:56.058" endtime="20260123 16:52:59.588"/>
</kw>
<kw name="Scroll Element Into View" library="SeleniumLibrary">
<arg>${The_Annapurna_Content}</arg>
<doc>Scrolls the element identified by ``locator`` into view.</doc>
<status status="PASS" starttime="20260123 16:52:59.589" endtime="20260123 16:52:59.888"/>
</kw>
<status status="PASS" starttime="20260123 16:52:43.972" endtime="20260123 16:52:59.888"/>
</kw>
<kw name="Test The Mardi Path" library="Declutter_your_mind">
<kw name="Open Trek And Tours Menu" library="home_page">
<kw name="Wait And Click" library="keywords">
<arg>${trek_and_tours}</arg>
<doc>Waits until element is visible &amp; enabled, scrolls into view, clicks, fallback to JS if normal click fails</doc>
<kw name="Wait Until Element Is Visible" library="SeleniumLibrary">
<arg>${locator}</arg>
<arg>${timeout}</arg>
<doc>Waits until the element ``locator`` is visible.</doc>
<status status="PASS" starttime="20260123 16:52:59.890" endtime="20260123 16:52:59.906"/>
</kw>
<kw name="Wait Until Element Is Enabled" library="SeleniumLibrary">
<arg>${locator}</arg>
<arg>${timeout}</arg>
<doc>Waits until the element ``locator`` is enabled.</doc>
<status status="PASS" starttime="20260123 16:52:59.906" endtime="20260123 16:52:59.927"/>
</kw>
<kw name="Scroll Element Into View" library="SeleniumLibrary">
<arg>${locator}</arg>
<doc>Scrolls the element identified by ``locator`` into view.</doc>
<status status="PASS" starttime="20260123 16:52:59.928" endtime="20260123 16:53:00.207"/>
</kw>
<kw name="Run Keyword And Return Status" library="BuiltIn">
<var>${clicked}</var>
<arg>Click Element</arg>
<arg>${locator}</arg>
<doc>Runs the given keyword with given arguments and returns the status as a Boolean value.</doc>
<kw name="Click Element" library="SeleniumLibrary">
<arg>${locator}</arg>
<doc>Click the element identified by ``locator``.</doc>
<msg timestamp="20260123 16:53:00.208" level="INFO">Clicking element 'xpath=/html/body/div[1]/header/div[1]/div/div/div/div/div[2]/div[2]/ul/li[2]/a/i'.</msg>
<status status="PASS" starttime="20260123 16:53:00.208" endtime="20260123 16:53:00.261"/>
</kw>
<msg timestamp="20260123 16:53:00.261" level="INFO">${clicked} = True</msg>
<status status="PASS" starttime="20260123 16:53:00.207" endtime="20260123 16:53:00.261"/>
</kw>
<if>
<branch type="IF" condition="not ${clicked}">
<kw name="Log" library="BuiltIn">
<arg>Using JS click fallback for ${locator}</arg>
<doc>Logs the given message with the given level.</doc>
<status status="NOT RUN" starttime="20260123 16:53:00.262" endtime="20260123 16:53:00.262"/>
</kw>
<kw name="Execute Javascript" library="SeleniumLibrary">
<arg>arguments[0].click();</arg>
<arg>document.evaluate("${locator.replace('xpath=','')}", document, null, XPathResult.FIRST_ORDERED_NODE_TYPE, null).singleNodeValue</arg>
<doc>Executes the given JavaScript code with possible arguments.</doc>
<status status="NOT RUN" starttime="20260123 16:53:00.262" endtime="20260123 16:53:00.262"/>
</kw>
<status status="NOT RUN" starttime="20260123 16:53:00.262" endtime="20260123 16:53:00.262"/>
</branch>
<status status="PASS" starttime="20260123 16:53:00.261" endtime="20260123 16:53:00.262"/>
</if>
<status status="PASS" starttime="20260123 16:52:59.889" endtime="20260123 16:53:00.262"/>
</kw>
<kw name="Sleep" library="BuiltIn">
<arg>2s</arg>
<doc>Pauses the test executed for the given time.</doc>
<msg timestamp="20260123 16:53:02.263" level="INFO">Slept 2 seconds</msg>
<status status="PASS" starttime="20260123 16:53:00.262" endtime="20260123 16:53:02.263"/>
</kw>
<status status="PASS" starttime="20260123 16:52:59.889" endtime="20260123 16:53:02.263"/>
</kw>
<kw name="Test Indoor Retrests" library="Declutter_your_mind">
<kw name="Click Declutter Your Mind" library="Declutter_your_mind">
<kw name="Wait And Click" library="keywords">
<arg>${Declutter_your_mind}</arg>
<doc>Waits until element is visible &amp; enabled, scrolls into view, clicks, fallback to JS if normal click fails</doc>
<kw name="Wait Until Element Is Visible" library="SeleniumLibrary">
<arg>${locator}</arg>
<arg>${timeout}</arg>
<doc>Waits until the element ``locator`` is visible.</doc>
<status status="PASS" starttime="20260123 16:53:02.264" endtime="20260123 16:53:02.279"/>
</kw>
<kw name="Wait Until Element Is Enabled" library="SeleniumLibrary">
<arg>${locator}</arg>
<arg>${timeout}</arg>
<doc>Waits until the element ``locator`` is enabled.</doc>
<status status="PASS" starttime="20260123 16:53:02.279" endtime="20260123 16:53:02.297"/>
</kw>
<kw name="Scroll Element Into View" library="SeleniumLibrary">
<arg>${locator}</arg>
<doc>Scrolls the element identified by ``locator`` into view.</doc>
<status status="PASS" starttime="20260123 16:53:02.297" endtime="20260123 16:53:02.592"/>
</kw>
<kw name="Run Keyword And Return Status" library="BuiltIn">
<var>${clicked}</var>
<arg>Click Element</arg>
<arg>${locator}</arg>
<doc>Runs the given keyword with given arguments and returns the status as a Boolean value.</doc>
<kw name="Click Element" library="SeleniumLibrary">
<arg>${locator}</arg>
<doc>Click the element identified by ``locator``.</doc>
<msg timestamp="20260123 16:53:02.593" level="INFO">Clicking element 'xpath=/html/body/div[1]/header/div[1]/div/div/div/div/div[2]/div[2]/ul/li[2]/ul/li[4]/a'.</msg>
<status status="PASS" starttime="20260123 16:53:02.592" endtime="20260123 16:53:04.020"/>
</kw>
<msg timestamp="20260123 16:53:04.020" level="INFO">${clicked} = True</msg>
<status status="PASS" starttime="20260123 16:53:02.592" endtime="20260123 16:53:04.020"/>
</kw>
<if>
<branch type="IF" condition="not ${clicked}">
<kw name="Log" library="BuiltIn">
<arg>Using JS click fallback for ${locator}</arg>
<doc>Logs the given message with the given level.</doc>
<status status="NOT RUN" starttime="20260123 16:53:04.021" endtime="20260123 16:53:04.021"/>
</kw>
<kw name="Execute Javascript" library="SeleniumLibrary">
<arg>arguments[0].click();</arg>
<arg>document.evaluate("${locator.replace('xpath=','')}", document, null, XPathResult.FIRST_ORDERED_NODE_TYPE, null).singleNodeValue</arg>
<doc>Executes the given JavaScript code with possible arguments.</doc>
<status status="NOT RUN" starttime="20260123 16:53:04.021" endtime="20260123 16:53:04.021"/>
</kw>
<status status="NOT RUN" starttime="20260123 16:53:04.020" endtime="20260123 16:53:04.021"/>
</branch>
<status status="PASS" starttime="20260123 16:53:04.020" endtime="20260123 16:53:04.021"/>
</if>
<status status="PASS" starttime="20260123 16:53:02.264" endtime="20260123 16:53:04.021"/>
</kw>
<kw name="Sleep" library="BuiltIn">
<arg>2s</arg>
<doc>Pauses the test executed for the given time.</doc>
<msg timestamp="20260123 16:53:06.022" level="INFO">Slept 2 seconds</msg>
<status status="PASS" starttime="20260123 16:53:04.021" endtime="20260123 16:53:06.022"/>
</kw>
<status status="PASS" starttime="20260123 16:53:02.263" endtime="20260123 16:53:06.022"/>
</kw>
<kw name="Wait Until Element Is Visible" library="SeleniumLibrary">
<arg>${Declutter_content}</arg>
<doc>Waits until the element ``locator`` is visible.</doc>
<status status="PASS" starttime="20260123 16:53:06.022" endtime="20260123 16:53:06.037"/>
</kw>
<kw name="Go Down to" library="treks_tours">
<kw name="Scroll Element Into View" library="SeleniumLibrary">
<arg>${header}</arg>
<doc>Scrolls the element identified by ``locator`` into view.</doc>
<status status="PASS" starttime="20260123 16:53:06.038" endtime="20260123 16:53:06.318"/>
</kw>
<kw name="Sleep" library="BuiltIn">
<arg>2s</arg>
<doc>Pauses the test executed for the given time.</doc>
<msg timestamp="20260123 16:53:08.319" level="INFO">Slept 2 seconds</msg>
<status status="PASS" starttime="20260123 16:53:06.319" endtime="20260123 16:53:08.319"/>
</kw>
<status status="PASS" starttime="20260123 16:53:06.037" endtime="20260123 16:53:08.319"/>
</kw>
<kw name="Wait And Click" library="keywords">
<arg>${Indoor_Retreats}</arg>
<doc>Waits until element is visible &amp; enabled, scrolls into view, clicks, fallback to JS if normal click fails</doc>
<kw name="Wait Until Element Is Visible" library="SeleniumLibrary">
<arg>${locator}</arg>
<arg>${timeout}</arg>
<doc>Waits until the element ``locator`` is visible.</doc>
<status status="PASS" starttime="20260123 16:53:08.320" endtime="20260123 16:53:08.335"/>
</kw>
<kw name="Wait Until Element Is Enabled" library="SeleniumLibrary">
<arg>${locator}</arg>
<arg>${timeout}</arg>
<doc>Waits until the element ``locator`` is enabled.</doc>
<status status="PASS" starttime="20260123 16:53:08.336" endtime="20260123 16:53:08.353"/>
</kw>
<kw name="Scroll Element Into View" library="SeleniumLibrary">
<arg>${locator}</arg>
<doc>Scrolls the element identified by ``locator`` into view.</doc>
<status status="PASS" starttime="20260123 16:53:08.354" endtime="20260123 16:53:08.631"/>
</kw>
<kw name="Run Keyword And Return Status" library="BuiltIn">
<var>${clicked}</var>
<arg>Click Element</arg>
<arg>${locator}</arg>
<doc>Runs the given keyword with given arguments and returns the status as a Boolean value.</doc>
<kw name="Click Element" library="SeleniumLibrary">
<arg>${locator}</arg>
<doc>Click the element identified by ``locator``.</doc>
<msg timestamp="20260123 16:53:08.632" level="INFO">Clicking element 'xpath=/html/body/div[3]/section/div/div/ul/li[1]/h3'.</msg>
<status status="PASS" starttime="20260123 16:53:08.631" endtime="20260123 16:53:08.681"/>
</kw>
<msg timestamp="20260123 16:53:08.681" level="INFO">${clicked} = True</msg>
<status status="PASS" starttime="20260123 16:53:08.631" endtime="20260123 16:53:08.681"/>
</kw>
<if>
<branch type="IF" condition="not ${clicked}">
<kw name="Log" library="BuiltIn">
<arg>Using JS click fallback for ${locator}</arg>
<doc>Logs the given message with the given level.</doc>
<status status="NOT RUN" starttime="20260123 16:53:08.682" endtime="20260123 16:53:08.682"/>
</kw>
<kw name="Execute Javascript" library="SeleniumLibrary">
<arg>arguments[0].click();</arg>
<arg>document.evaluate("${locator.replace('xpath=','')}", document, null, XPathResult.FIRST_ORDERED_NODE_TYPE, null).singleNodeValue</arg>
<doc>Executes the given JavaScript code with possible arguments.</doc>
<status status="NOT RUN" starttime="20260123 16:53:08.682" endtime="20260123 16:53:08.682"/>
</kw>
<status status="NOT RUN" starttime="20260123 16:53:08.681" endtime="20260123 16:53:08.682"/>
</branch>
<status status="PASS" starttime="20260123 16:53:08.681" endtime="20260123 16:53:08.682"/>
</if>
<status status="PASS" starttime="20260123 16:53:08.319" endtime="20260123 16:53:08.682"/>
</kw>
<kw name="Sleep" library="BuiltIn">
<arg>2s</arg>
<doc>Pauses the test executed for the given time.</doc>
<msg timestamp="20260123 16:53:10.682" level="INFO">Slept 2 seconds</msg>
<status status="PASS" starttime="20260123 16:53:08.682" endtime="20260123 16:53:10.683"/>
</kw>
<kw name="Scroll Element Into View" library="SeleniumLibrary">
<arg>xpath=//*[@id="tab-indoor-retreats"]/section/div/div/div/div[2]</arg>
<doc>Scrolls the element identified by ``locator`` into view.</doc>
<status status="PASS" starttime="20260123 16:53:10.683" endtime="20260123 16:53:10.980"/>
</kw>
<kw name="Wait Until Element Is Visible" library="SeleniumLibrary">
<arg>xpath=//*[@id="tab-indoor-retreats"]/section/div/div/div/div[2]</arg>
<doc>Waits until the element ``locator`` is visible.</doc>
<status status="PASS" starttime="20260123 16:53:10.980" endtime="20260123 16:53:10.994"/>
</kw>
<kw name="Sleep" library="BuiltIn">
<arg>1s</arg>
<doc>Pauses the test executed for the given time.</doc>
<msg timestamp="20260123 16:53:11.995" level="INFO">Slept 1 second</msg>
<status status="PASS" starttime="20260123 16:53:10.994" endtime="20260123 16:53:11.995"/>
</kw>
<status status="PASS" starttime="20260123 16:53:02.263" endtime="20260123 16:53:11.995"/>
</kw>
<kw name="Wait And Click" library="keywords">
<arg>${The_mardi_path}</arg>
<doc>Waits until element is visible &amp; enabled, scrolls into view, clicks, fallback to JS if normal click fails</doc>
<kw name="Wait Until Element Is Visible" library="SeleniumLibrary">
<arg>${locator}</arg>
<arg>${timeout}</arg>
<doc>Waits until the element ``locator`` is visible.</doc>
<status status="PASS" starttime="20260123 16:53:11.996" endtime="20260123 16:53:12.016"/>
</kw>
<kw name="Wait Until Element Is Enabled" library="SeleniumLibrary">
<arg>${locator}</arg>
<arg>${timeout}</arg>
<doc>Waits until the element ``locator`` is enabled.</doc>
<status status="PASS" starttime="20260123 16:53:12.016" endtime="20260123 16:53:12.035"/>
</kw>
<kw name="Scroll Element Into View" library="SeleniumLibrary">
<arg>${locator}</arg>
<doc>Scrolls the element identified by ``locator`` into view.</doc>
<status status="PASS" starttime="20260123 16:53:12.036" endtime="20260123 16:53:12.327"/>
</kw>
<kw name="Run Keyword And Return Status" library="BuiltIn">
<var>${clicked}</var>
<arg>Click Element</arg>
<arg>${locator}</arg>
<doc>Runs the given keyword with given arguments and returns the status as a Boolean value.</doc>
<kw name="Click Element" library="SeleniumLibrary">
<arg>${locator}</arg>
<doc>Click the element identified by ``locator``.</doc>
<msg timestamp="20260123 16:53:12.329" level="INFO">Clicking element 'xpath=//*[@id="tab-indoor-retreats"]/section/div/div/div/div[2]/div[2]'.</msg>
<status status="PASS" starttime="20260123 16:53:12.328" endtime="20260123 16:53:14.138"/>
</kw>
<msg timestamp="20260123 16:53:14.138" level="INFO">${clicked} = True</msg>
<status status="PASS" starttime="20260123 16:53:12.327" endtime="20260123 16:53:14.138"/>
</kw>
<if>
<branch type="IF" condition="not ${clicked}">
<kw name="Log" library="BuiltIn">
<arg>Using JS click fallback for ${locator}</arg>
<doc>Logs the given message with the given level.</doc>
<status status="NOT RUN" starttime="20260123 16:53:14.138" endtime="20260123 16:53:14.139"/>
</kw>
<kw name="Execute Javascript" library="SeleniumLibrary">
<arg>arguments[0].click();</arg>
<arg>document.evaluate("${locator.replace('xpath=','')}", document, null, XPathResult.FIRST_ORDERED_NODE_TYPE, null).singleNodeValue</arg>
<doc>Executes the given JavaScript code with possible arguments.</doc>
<status status="NOT RUN" starttime="20260123 16:53:14.139" endtime="20260123 16:53:14.139"/>
</kw>
<status status="NOT RUN" starttime="20260123 16:53:14.138" endtime="20260123 16:53:14.139"/>
</branch>
<status status="PASS" starttime="20260123 16:53:14.138" endtime="20260123 16:53:14.139"/>
</if>
<status status="PASS" starttime="20260123 16:53:11.995" endtime="20260123 16:53:14.139"/>
</kw>
<kw name="Wait Until Element Is Visible" library="SeleniumLibrary">
<arg>${The_mardi_path_content}</arg>
<doc>Waits until the element ``locator`` is visible.</doc>
<status status="PASS" starttime="20260123 16:53:14.139" endtime="20260123 16:53:14.201"/>
</kw>
<kw name="Scroll Element Into View" library="SeleniumLibrary">
<arg>xpath=/html/body/div[3]/nav</arg>
<doc>Scrolls the element identified by ``locator`` into view.</doc>
<status status="PASS" starttime="20260123 16:53:14.202" endtime="20260123 16:53:14.509"/>
</kw>
<kw name="Test The Mardi Path Navbar" library="Declutter_your_mind">
<doc>Click all section links inside sticky navbar (Intro → FAQS)</doc>
<kw name="Set Variable" library="BuiltIn">
<var>${NAVBAR}</var>
<arg>xpath=//nav[contains(@class,'sticky-navbar')]</arg>
<doc>Returns the given values which can then be assigned to a variables.</doc>
<msg timestamp="20260123 16:53:14.510" level="INFO">${NAVBAR} = xpath=//nav[contains(@class,'sticky-navbar')]</msg>
<status status="PASS" starttime="20260123 16:53:14.510" endtime="20260123 16:53:14.510"/>
</kw>
<kw name="Set Variable" library="BuiltIn">
<var>${NAV_LINKS}</var>
<arg>xpath=//nav[contains(@class,'sticky-navbar')]//ul/li/a[contains(@class,'nav-link')]</arg>
<doc>Returns the given values which can then be assigned to a variables.</doc>
<msg timestamp="20260123 16:53:14.510" level="INFO">${NAV_LINKS} = xpath=//nav[contains(@class,'sticky-navbar')]//ul/li/a[contains(@class,'nav-link')]</msg>
<status status="PASS" starttime="20260123 16:53:14.510" endtime="20260123 16:53:14.510"/>
</kw>
<kw name="Wait Until Element Is Visible" library="SeleniumLibrary">
<arg>${NAVBAR}</arg>
<arg>15s</arg>
<doc>Waits until the element ``locator`` is visible.</doc>
<status status="PASS" starttime="20260123 16:53:14.510" endtime="20260123 16:53:14.525"/>
</kw>
<kw name="Scroll Element Into View" library="SeleniumLibrary">
<arg>${NAVBAR}</arg>
<doc>Scrolls the element identified by ``locator`` into view.</doc>
<status status="PASS" starttime="20260123 16:53:14.526" endtime="20260123 16:53:14.808"/>
</kw>
<kw name="Sleep" library="BuiltIn">
<arg>0.5s</arg>
<doc>Pauses the test executed for the given time.</doc>
<msg timestamp="20260123 16:53:15.310" level="INFO">Slept 500 milliseconds</msg>
<status status="PASS" starttime="20260123 16:53:14.809" endtime="20260123 16:53:15.311"/>
</kw>
<kw name="Get WebElements" library="SeleniumLibrary">
<var>${links}</var>
<arg>${NAV_LINKS}</arg>
<doc>Returns a list of WebElement objects matching the ``locator``.</doc>
<msg timestamp="20260123 16:53:15.322" level="INFO">${links} = [&lt;selenium.webdriver.remote.webelement.WebElement (session="293e9f95f858ab1a7b33aad45d4103c0", element="f.6D3DE7F6F83A901EED0CC2A838D55629.d.67ACC57FA4A5B88668B7738892BAD775.e.128")&gt;, &lt;selenium.webdri...</msg>
<status status="PASS" starttime="20260123 16:53:15.311" endtime="20260123 16:53:15.322"/>
</kw>
<kw name="Get Length" library="BuiltIn">
<var>${count}</var>
<arg>${links}</arg>
<doc>Returns and logs the length of the given item as an integer.</doc>
<msg timestamp="20260123 16:53:15.322" level="INFO">Length is 9</msg>
<msg timestamp="20260123 16:53:15.322" level="INFO">${count} = 9</msg>
<status status="PASS" starttime="20260123 16:53:15.322" endtime="20260123 16:53:15.322"/>
</kw>
<kw name="Log" library="BuiltIn">
<arg>Found ${count} sticky navbar links</arg>
<doc>Logs the given message with the given level.</doc>
<msg timestamp="20260123 16:53:15.323" level="INFO">Found 9 sticky navbar links</msg>
<status status="PASS" starttime="20260123 16:53:15.322" endtime="20260123 16:53:15.323"/>
</kw>
<for flavor="IN RANGE">
<var>${i}</var>
<value>${count}</value>
<iter>
<var name="${i}">0</var>
<kw name="Get WebElements" library="SeleniumLibrary">
<var>${links}</var>
<arg>${NAV_LINKS}</arg>
<doc>Returns a list of WebElement objects matching the ``locator``.</doc>
<msg timestamp="20260123 16:53:15.334" level="INFO">${links} = [&lt;selenium.webdriver.remote.webelement.WebElement (session="293e9f95f858ab1a7b33aad45d4103c0", element="f.6D3DE7F6F83A901EED0CC2A838D55629.d.67ACC57FA4A5B88668B7738892BAD775.e.128")&gt;, &lt;selenium.webdri...</msg>
<status status="PASS" starttime="20260123 16:53:15.323" endtime="20260123 16:53:15.334"/>
</kw>
<kw name="Set Variable" library="BuiltIn">
<var>${link}</var>
<arg>${links}[${i}]</arg>
<doc>Returns the given values which can then be assigned to a variables.</doc>
<msg timestamp="20260123 16:53:15.334" level="INFO">${link} = &lt;selenium.webdriver.remote.webelement.WebElement (session="293e9f95f858ab1a7b33aad45d4103c0", element="f.6D3DE7F6F83A901EED0CC2A838D55629.d.67ACC57FA4A5B88668B7738892BAD775.e.128")&gt;</msg>
<status status="PASS" starttime="20260123 16:53:15.334" endtime="20260123 16:53:15.334"/>
</kw>
<kw name="Get Text" library="SeleniumLibrary">
<var>${text}</var>
<arg>${link}</arg>
<doc>Returns the text value of the element identified by ``locator``.</doc>
<msg timestamp="20260123 16:53:15.352" level="INFO">${text} = Intro</msg>
<status status="PASS" starttime="20260123 16:53:15.335" endtime="20260123 16:53:15.352"/>
</kw>
<kw name="Log" library="BuiltIn">
<arg>Clicking sticky navbar link: ${text}</arg>
<doc>Logs the given message with the given level.</doc>
<msg timestamp="20260123 16:53:15.353" level="INFO">Clicking sticky navbar link: Intro</msg>
<status status="PASS" starttime="20260123 16:53:15.353" endtime="20260123 16:53:15.353"/>
</kw>
<kw name="Scroll Element Into View" library="SeleniumLibrary">
<arg>${link}</arg>
<doc>Scrolls the element identified by ``locator`` into view.</doc>
<status status="PASS" starttime="20260123 16:53:15.353" endtime="20260123 16:53:15.639"/>
</kw>
<kw name="Wait Until Element Is Visible" library="SeleniumLibrary">
<arg>${link}</arg>
<arg>10s</arg>
<doc>Waits until the element ``locator`` is visible.</doc>
<status status="PASS" starttime="20260123 16:53:15.640" endtime="20260123 16:53:15.648"/>
</kw>
<kw name="Wait Until Element Is Enabled" library="SeleniumLibrary">
<arg>${link}</arg>
<arg>10s</arg>
<doc>Waits until the element ``locator`` is enabled.</doc>
<status status="PASS" starttime="20260123 16:53:15.649" endtime="20260123 16:53:15.661"/>
</kw>
<kw name="Run Keyword And Return Status" library="BuiltIn">
<var>${clicked}</var>
<arg>Click Element</arg>
<arg>${link}</arg>
<doc>Runs the given keyword with given arguments and returns the status as a Boolean value.</doc>
<kw name="Click Element" library="SeleniumLibrary">
<arg>${link}</arg>
<doc>Click the element identified by ``locator``.</doc>
<msg timestamp="20260123 16:53:15.662" level="INFO">Clicking element '&lt;selenium.webdriver.remote.webelement.WebElement (session="293e9f95f858ab1a7b33aad45d4103c0", element="f.6D3DE7F6F83A901EED0CC2A838D55629.d.67ACC57FA4A5B88668B7738892BAD775.e.128")&gt;'.</msg>
<status status="PASS" starttime="20260123 16:53:15.662" endtime="20260123 16:53:15.710"/>
</kw>
<msg timestamp="20260123 16:53:15.710" level="INFO">${clicked} = True</msg>
<status status="PASS" starttime="20260123 16:53:15.661" endtime="20260123 16:53:15.710"/>
</kw>
<if>
<branch type="IF" condition="not ${clicked}">
<kw name="Execute Javascript" library="SeleniumLibrary">
<arg>arguments[0].click();</arg>
<arg>${link}</arg>
<doc>Executes the given JavaScript code with possible arguments.</doc>
<status status="NOT RUN" starttime="20260123 16:53:15.710" endtime="20260123 16:53:15.710"/>
</kw>
<status status="NOT RUN" starttime="20260123 16:53:15.710" endtime="20260123 16:53:15.710"/>
</branch>
<status status="PASS" starttime="20260123 16:53:15.710" endtime="20260123 16:53:15.711"/>
</if>
<kw name="Sleep" library="BuiltIn">
<arg>0.6s</arg>
<doc>Pauses the test executed for the given time.</doc>
<msg timestamp="20260123 16:53:16.311" level="INFO">Slept 600 milliseconds</msg>
<status status="PASS" starttime="20260123 16:53:15.711" endtime="20260123 16:53:16.311"/>
</kw>
<status status="PASS" starttime="20260123 16:53:15.323" endtime="20260123 16:53:16.311"/>
</iter>
<iter>
<var name="${i}">1</var>
<kw name="Get WebElements" library="SeleniumLibrary">
<var>${links}</var>
<arg>${NAV_LINKS}</arg>
<doc>Returns a list of WebElement objects matching the ``locator``.</doc>
<msg timestamp="20260123 16:53:16.321" level="INFO">${links} = [&lt;selenium.webdriver.remote.webelement.WebElement (session="293e9f95f858ab1a7b33aad45d4103c0", element="f.6D3DE7F6F83A901EED0CC2A838D55629.d.67ACC57FA4A5B88668B7738892BAD775.e.128")&gt;, &lt;selenium.webdri...</msg>
<status status="PASS" starttime="20260123 16:53:16.312" endtime="20260123 16:53:16.321"/>
</kw>
<kw name="Set Variable" library="BuiltIn">
<var>${link}</var>
<arg>${links}[${i}]</arg>
<doc>Returns the given values which can then be assigned to a variables.</doc>
<msg timestamp="20260123 16:53:16.321" level="INFO">${link} = &lt;selenium.webdriver.remote.webelement.WebElement (session="293e9f95f858ab1a7b33aad45d4103c0", element="f.6D3DE7F6F83A901EED0CC2A838D55629.d.67ACC57FA4A5B88668B7738892BAD775.e.129")&gt;</msg>
<status status="PASS" starttime="20260123 16:53:16.321" endtime="20260123 16:53:16.321"/>
</kw>
<kw name="Get Text" library="SeleniumLibrary">
<var>${text}</var>
<arg>${link}</arg>
<doc>Returns the text value of the element identified by ``locator``.</doc>
<msg timestamp="20260123 16:53:16.330" level="INFO">${text} = KBYG</msg>
<status status="PASS" starttime="20260123 16:53:16.321" endtime="20260123 16:53:16.330"/>
</kw>
<kw name="Log" library="BuiltIn">
<arg>Clicking sticky navbar link: ${text}</arg>
<doc>Logs the given message with the given level.</doc>
<msg timestamp="20260123 16:53:16.330" level="INFO">Clicking sticky navbar link: KBYG</msg>
<status status="PASS" starttime="20260123 16:53:16.330" endtime="20260123 16:53:16.331"/>
</kw>
<kw name="Scroll Element Into View" library="SeleniumLibrary">
<arg>${link}</arg>
<doc>Scrolls the element identified by ``locator`` into view.</doc>
<status status="PASS" starttime="20260123 16:53:16.331" endtime="20260123 16:53:16.607"/>
</kw>
<kw name="Wait Until Element Is Visible" library="SeleniumLibrary">
<arg>${link}</arg>
<arg>10s</arg>
<doc>Waits until the element ``locator`` is visible.</doc>
<status status="PASS" starttime="20260123 16:53:16.607" endtime="20260123 16:53:16.615"/>
</kw>
<kw name="Wait Until Element Is Enabled" library="SeleniumLibrary">
<arg>${link}</arg>
<arg>10s</arg>
<doc>Waits until the element ``locator`` is enabled.</doc>
<status status="PASS" starttime="20260123 16:53:16.615" endtime="20260123 16:53:16.649"/>
</kw>
<kw name="Run Keyword And Return Status" library="BuiltIn">
<var>${clicked}</var>
<arg>Click Element</arg>
<arg>${link}</arg>
<doc>Runs the given keyword with given arguments and returns the status as a Boolean value.</doc>
<kw name="Click Element" library="SeleniumLibrary">
<arg>${link}</arg>
<doc>Click the element identified by ``locator``.</doc>
<msg timestamp="20260123 16:53:16.650" level="INFO">Clicking element '&lt;selenium.webdriver.remote.webelement.WebElement (session="293e9f95f858ab1a7b33aad45d4103c0", element="f.6D3DE7F6F83A901EED0CC2A838D55629.d.67ACC57FA4A5B88668B7738892BAD775.e.129")&gt;'.</msg>
<status status="PASS" starttime="20260123 16:53:16.649" endtime="20260123 16:53:16.690"/>
</kw>
<msg timestamp="20260123 16:53:16.690" level="INFO">${clicked} = True</msg>
<status status="PASS" starttime="20260123 16:53:16.649" endtime="20260123 16:53:16.690"/>
</kw>
<if>
<branch type="IF" condition="not ${clicked}">
<kw name="Execute Javascript" library="SeleniumLibrary">
<arg>arguments[0].click();</arg>
<arg>${link}</arg>
<doc>Executes the given JavaScript code with possible arguments.</doc>
<status status="NOT RUN" starttime="20260123 16:53:16.691" endtime="20260123 16:53:16.691"/>
</kw>
<status status="NOT RUN" starttime="20260123 16:53:16.690" endtime="20260123 16:53:16.691"/>
</branch>
<status status="PASS" starttime="20260123 16:53:16.690" endtime="20260123 16:53:16.691"/>
</if>
<kw name="Sleep" library="BuiltIn">
<arg>0.6s</arg>
<doc>Pauses the test executed for the given time.</doc>
<msg timestamp="20260123 16:53:17.291" level="INFO">Slept 600 milliseconds</msg>
<status status="PASS" starttime="20260123 16:53:16.691" endtime="20260123 16:53:17.291"/>
</kw>
<status status="PASS" starttime="20260123 16:53:16.311" endtime="20260123 16:53:17.291"/>
</iter>
<iter>
<var name="${i}">2</var>
<kw name="Get WebElements" library="SeleniumLibrary">
<var>${links}</var>
<arg>${NAV_LINKS}</arg>
<doc>Returns a list of WebElement objects matching the ``locator``.</doc>
[...]
<kw name="Click Element" library="SeleniumLibrary">
<arg>${link}</arg>
<doc>Click the element identified by ``locator``.</doc>
<msg timestamp="20260123 16:54:08.121" level="INFO">Clicking element '&lt;selenium.webdriver.remote.webelement.WebElement (session="293e9f95f858ab1a7b33aad45d4103c0", element="f.6D3DE7F6F83A901EED0CC2A838D55629.d.A70352189905BD3C6E8452220E874DA2.e.258")&gt;'.</msg>
<status status="PASS" starttime="20260123 16:54:08.121" endtime="20260123 16:54:08.164"/>
</kw>
<msg timestamp="20260123 16:54:08.164" level="INFO">${clicked} = True</msg>
<status status="PASS" starttime="20260123 16:54:08.120" endtime="20260123 16:54:08.164"/>
</kw>
<if>
<branch type="IF" condition="not ${clicked}">
<kw name="Execute Javascript" library="SeleniumLibrary">
<arg>arguments[0].click();</arg>
<arg>${link}</arg>
<doc>Executes the given JavaScript code with possible arguments.</doc>
<status status="NOT RUN" starttime="20260123 16:54:08.165" endtime="20260123 16:54:08.165"/>
</kw>
<status status="NOT RUN" starttime="20260123 16:54:08.164" endtime="20260123 16:54:08.165"/>
</branch>
<status status="PASS" starttime="20260123 16:54:08.164" endtime="20260123 16:54:08.165"/>
</if>
<kw name="Sleep" library="BuiltIn">
<arg>0.6s</arg>
<doc>Pauses the test executed for the given time.</doc>
<msg timestamp="20260123 16:54:08.765" level="INFO">Slept 600 milliseconds</msg>
<status status="PASS" starttime="20260123 16:54:08.165" endtime="20260123 16:54:08.765"/>
</kw>
<status status="PASS" starttime="20260123 16:54:07.805" endtime="20260123 16:54:08.765"/>
</iter>
<iter>
<var name="${i}">5</var>
<kw name="Get WebElements" library="SeleniumLibrary">
<var>${links}</var>
<arg>${NAV_LINKS}</arg>
<doc>Returns a list of WebElement objects matching the ``locator``.</doc>
<msg timestamp="20260123 16:54:08.775" level="INFO">${links} = [&lt;selenium.webdriver.remote.webelement.WebElement (session="293e9f95f858ab1a7b33aad45d4103c0", element="f.6D3DE7F6F83A901EED0CC2A838D55629.d.A70352189905BD3C6E8452220E874DA2.e.254")&gt;, &lt;selenium.webdri...</msg>
<status status="PASS" starttime="20260123 16:54:08.766" endtime="20260123 16:54:08.775"/>
</kw>
<kw name="Set Variable" library="BuiltIn">
<var>${link}</var>
<arg>${links}[${i}]</arg>
<doc>Returns the given values which can then be assigned to a variables.</doc>
<msg timestamp="20260123 16:54:08.776" level="INFO">${link} = &lt;selenium.webdriver.remote.webelement.WebElement (session="293e9f95f858ab1a7b33aad45d4103c0", element="f.6D3DE7F6F83A901EED0CC2A838D55629.d.A70352189905BD3C6E8452220E874DA2.e.259")&gt;</msg>
<status status="PASS" starttime="20260123 16:54:08.776" endtime="20260123 16:54:08.776"/>
</kw>
<kw name="Get Text" library="SeleniumLibrary">
<var>${text}</var>
<arg>${link}</arg>
<doc>Returns the text value of the element identified by ``locator``.</doc>
<msg timestamp="20260123 16:54:08.784" level="INFO">${text} = Itinerary</msg>
<status status="PASS" starttime="20260123 16:54:08.776" endtime="20260123 16:54:08.784"/>
</kw>
<kw name="Log" library="BuiltIn">
<arg>Clicking section: ${text}</arg>
<doc>Logs the given message with the given level.</doc>
<msg timestamp="20260123 16:54:08.785" level="INFO">Clicking section: Itinerary</msg>
<status status="PASS" starttime="20260123 16:54:08.784" endtime="20260123 16:54:08.785"/>
</kw>
<kw name="Scroll Element Into View" library="SeleniumLibrary">
<arg>${link}</arg>
<doc>Scrolls the element identified by ``locator`` into view.</doc>
<status status="PASS" starttime="20260123 16:54:08.785" endtime="20260123 16:54:09.061"/>
</kw>
<kw name="Wait Until Element Is Visible" library="SeleniumLibrary">
<arg>${link}</arg>
<arg>10s</arg>
<doc>Waits until the element ``locator`` is visible.</doc>
<status status="PASS" starttime="20260123 16:54:09.061" endtime="20260123 16:54:09.068"/>
</kw>
<kw name="Wait Until Element Is Enabled" library="SeleniumLibrary">
<arg>${link}</arg>
<arg>10s</arg>
<doc>Waits until the element ``locator`` is enabled.</doc>
<status status="PASS" starttime="20260123 16:54:09.069" endtime="20260123 16:54:09.082"/>
</kw>
<kw name="Run Keyword And Return Status" library="BuiltIn">
<var>${clicked}</var>
<arg>Click Element</arg>
<arg>${link}</arg>
<doc>Runs the given keyword with given arguments and returns the status as a Boolean value.</doc>
<kw name="Click Element" library="SeleniumLibrary">
<arg>${link}</arg>
<doc>Click the element identified by ``locator``.</doc>
<msg timestamp="20260123 16:54:09.083" level="INFO">Clicking element '&lt;selenium.webdriver.remote.webelement.WebElement (session="293e9f95f858ab1a7b33aad45d4103c0", element="f.6D3DE7F6F83A901EED0CC2A838D55629.d.A70352189905BD3C6E8452220E874DA2.e.259")&gt;'.</msg>
<status status="PASS" starttime="20260123 16:54:09.082" endtime="20260123 16:54:09.121"/>
</kw>
<msg timestamp="20260123 16:54:09.121" level="INFO">${clicked} = True</msg>
<status status="PASS" starttime="20260123 16:54:09.082" endtime="20260123 16:54:09.121"/>
</kw>
<if>
<branch type="IF" condition="not ${clicked}">
<kw name="Execute Javascript" library="SeleniumLibrary">
<arg>arguments[0].click();</arg>
<arg>${link}</arg>
<doc>Executes the given JavaScript code with possible arguments.</doc>
<status status="NOT RUN" starttime="20260123 16:54:09.121" endtime="20260123 16:54:09.121"/>
</kw>
<status status="NOT RUN" starttime="20260123 16:54:09.121" endtime="20260123 16:54:09.121"/>
</branch>
<status status="PASS" starttime="20260123 16:54:09.121" endtime="20260123 16:54:09.122"/>
</if>
<kw name="Sleep" library="BuiltIn">
<arg>0.6s</arg>
<doc>Pauses the test executed for the given time.</doc>
<msg timestamp="20260123 16:54:09.722" level="INFO">Slept 600 milliseconds</msg>
<status status="PASS" starttime="20260123 16:54:09.122" endtime="20260123 16:54:09.722"/>
</kw>
<status status="PASS" starttime="20260123 16:54:08.766" endtime="20260123 16:54:09.722"/>
</iter>
<iter>
<var name="${i}">6</var>
<kw name="Get WebElements" library="SeleniumLibrary">
<var>${links}</var>
<arg>${NAV_LINKS}</arg>
<doc>Returns a list of WebElement objects matching the ``locator``.</doc>
<msg timestamp="20260123 16:54:09.734" level="INFO">${links} = [&lt;selenium.webdriver.remote.webelement.WebElement (session="293e9f95f858ab1a7b33aad45d4103c0", element="f.6D3DE7F6F83A901EED0CC2A838D55629.d.A70352189905BD3C6E8452220E874DA2.e.254")&gt;, &lt;selenium.webdri...</msg>
<status status="PASS" starttime="20260123 16:54:09.723" endtime="20260123 16:54:09.734"/>
</kw>
<kw name="Set Variable" library="BuiltIn">
<var>${link}</var>
<arg>${links}[${i}]</arg>
<doc>Returns the given values which can then be assigned to a variables.</doc>
<msg timestamp="20260123 16:54:09.734" level="INFO">${link} = &lt;selenium.webdriver.remote.webelement.WebElement (session="293e9f95f858ab1a7b33aad45d4103c0", element="f.6D3DE7F6F83A901EED0CC2A838D55629.d.A70352189905BD3C6E8452220E874DA2.e.260")&gt;</msg>
<status status="PASS" starttime="20260123 16:54:09.734" endtime="20260123 16:54:09.735"/>
</kw>
<kw name="Get Text" library="SeleniumLibrary">
<var>${text}</var>
<arg>${link}</arg>
<doc>Returns the text value of the element identified by ``locator``.</doc>
<msg timestamp="20260123 16:54:09.744" level="INFO">${text} = Includes/Excludes</msg>
<status status="PASS" starttime="20260123 16:54:09.735" endtime="20260123 16:54:09.744"/>
</kw>
<kw name="Log" library="BuiltIn">
<arg>Clicking section: ${text}</arg>
<doc>Logs the given message with the given level.</doc>
<msg timestamp="20260123 16:54:09.745" level="INFO">Clicking section: Includes/Excludes</msg>
<status status="PASS" starttime="20260123 16:54:09.745" endtime="20260123 16:54:09.745"/>
</kw>
<kw name="Scroll Element Into View" library="SeleniumLibrary">
<arg>${link}</arg>
<doc>Scrolls the element identified by ``locator`` into view.</doc>
<status status="PASS" starttime="20260123 16:54:09.745" endtime="20260123 16:54:10.018"/>
</kw>
<kw name="Wait Until Element Is Visible" library="SeleniumLibrary">
<arg>${link}</arg>
<arg>10s</arg>
<doc>Waits until the element ``locator`` is visible.</doc>
<status status="PASS" starttime="20260123 16:54:10.018" endtime="20260123 16:54:10.026"/>
</kw>
<kw name="Wait Until Element Is Enabled" library="SeleniumLibrary">
<arg>${link}</arg>
<arg>10s</arg>
<doc>Waits until the element ``locator`` is enabled.</doc>
<status status="PASS" starttime="20260123 16:54:10.027" endtime="20260123 16:54:10.037"/>
</kw>
<kw name="Run Keyword And Return Status" library="BuiltIn">
<var>${clicked}</var>
<arg>Click Element</arg>
<arg>${link}</arg>
<doc>Runs the given keyword with given arguments and returns the status as a Boolean value.</doc>
<kw name="Click Element" library="SeleniumLibrary">
<arg>${link}</arg>
<doc>Click the element identified by ``locator``.</doc>
<msg timestamp="20260123 16:54:10.038" level="INFO">Clicking element '&lt;selenium.webdriver.remote.webelement.WebElement (session="293e9f95f858ab1a7b33aad45d4103c0", element="f.6D3DE7F6F83A901EED0CC2A838D55629.d.A70352189905BD3C6E8452220E874DA2.e.260")&gt;'.</msg>
<status status="PASS" starttime="20260123 16:54:10.038" endtime="20260123 16:54:10.078"/>
</kw>
<msg timestamp="20260123 16:54:10.079" level="INFO">${clicked} = True</msg>
<status status="PASS" starttime="20260123 16:54:10.038" endtime="20260123 16:54:10.079"/>
</kw>
<if>
<branch type="IF" condition="not ${clicked}">
<kw name="Execute Javascript" library="SeleniumLibrary">
<arg>arguments[0].click();</arg>
<arg>${link}</arg>
<doc>Executes the given JavaScript code with possible arguments.</doc>
<status status="NOT RUN" starttime="20260123 16:54:10.079" endtime="20260123 16:54:10.079"/>
</kw>
<status status="NOT RUN" starttime="20260123 16:54:10.079" endtime="20260123 16:54:10.079"/>
</branch>
<status status="PASS" starttime="20260123 16:54:10.079" endtime="20260123 16:54:10.079"/>
</if>
<kw name="Sleep" library="BuiltIn">
<arg>0.6s</arg>
<doc>Pauses the test executed for the given time.</doc>
<msg timestamp="20260123 16:54:10.680" level="INFO">Slept 600 milliseconds</msg>
<status status="PASS" starttime="20260123 16:54:10.079" endtime="20260123 16:54:10.680"/>
</kw>
<status status="PASS" starttime="20260123 16:54:09.722" endtime="20260123 16:54:10.680"/>
</iter>
<iter>
<var name="${i}">7</var>
<kw name="Get WebElements" library="SeleniumLibrary">
<var>${links}</var>
<arg>${NAV_LINKS}</arg>
<doc>Returns a list of WebElement objects matching the ``locator``.</doc>
<msg timestamp="20260123 16:54:10.690" level="INFO">${links} = [&lt;selenium.webdriver.remote.webelement.WebElement (session="293e9f95f858ab1a7b33aad45d4103c0", element="f.6D3DE7F6F83A901EED0CC2A838D55629.d.A70352189905BD3C6E8452220E874DA2.e.254")&gt;, &lt;selenium.webdri...</msg>
<status status="PASS" starttime="20260123 16:54:10.680" endtime="20260123 16:54:10.690"/>
</kw>
<kw name="Set Variable" library="BuiltIn">
<var>${link}</var>
<arg>${links}[${i}]</arg>
<doc>Returns the given values which can then be assigned to a variables.</doc>
<msg timestamp="20260123 16:54:10.690" level="INFO">${link} = &lt;selenium.webdriver.remote.webelement.WebElement (session="293e9f95f858ab1a7b33aad45d4103c0", element="f.6D3DE7F6F83A901EED0CC2A838D55629.d.A70352189905BD3C6E8452220E874DA2.e.261")&gt;</msg>
<status status="PASS" starttime="20260123 16:54:10.690" endtime="20260123 16:54:10.690"/>
</kw>
<kw name="Get Text" library="SeleniumLibrary">
<var>${text}</var>
<arg>${link}</arg>
<doc>Returns the text value of the element identified by ``locator``.</doc>
<msg timestamp="20260123 16:54:10.702" level="INFO">${text} = Imp Info</msg>
<status status="PASS" starttime="20260123 16:54:10.691" endtime="20260123 16:54:10.702"/>
</kw>
<kw name="Log" library="BuiltIn">
<arg>Clicking section: ${text}</arg>
<doc>Logs the given message with the given level.</doc>
<msg timestamp="20260123 16:54:10.702" level="INFO">Clicking section: Imp Info</msg>
<status status="PASS" starttime="20260123 16:54:10.702" endtime="20260123 16:54:10.703"/>
</kw>
<kw name="Scroll Element Into View" library="SeleniumLibrary">
<arg>${link}</arg>
<doc>Scrolls the element identified by ``locator`` into view.</doc>
<status status="PASS" starttime="20260123 16:54:10.703" endtime="20260123 16:54:10.990"/>
</kw>
<kw name="Wait Until Element Is Visible" library="SeleniumLibrary">
<arg>${link}</arg>
<arg>10s</arg>
<doc>Waits until the element ``locator`` is visible.</doc>
<status status="PASS" starttime="20260123 16:54:10.990" endtime="20260123 16:54:10.997"/>
</kw>
<kw name="Wait Until Element Is Enabled" library="SeleniumLibrary">
<arg>${link}</arg>
<arg>10s</arg>
<doc>Waits until the element ``locator`` is enabled.</doc>
<status status="PASS" starttime="20260123 16:54:10.998" endtime="20260123 16:54:11.009"/>
</kw>
<kw name="Run Keyword And Return Status" library="BuiltIn">
<var>${clicked}</var>
<arg>Click Element</arg>
<arg>${link}</arg>
<doc>Runs the given keyword with given arguments and returns the status as a Boolean value.</doc>
<kw name="Click Element" library="SeleniumLibrary">
<arg>${link}</arg>
<doc>Click the element identified by ``locator``.</doc>
<msg timestamp="20260123 16:54:11.010" level="INFO">Clicking element '&lt;selenium.webdriver.remote.webelement.WebElement (session="293e9f95f858ab1a7b33aad45d4103c0", element="f.6D3DE7F6F83A901EED0CC2A838D55629.d.A70352189905BD3C6E8452220E874DA2.e.261")&gt;'.</msg>
<status status="PASS" starttime="20260123 16:54:11.009" endtime="20260123 16:54:11.049"/>
</kw>
<msg timestamp="20260123 16:54:11.049" level="INFO">${clicked} = True</msg>
<status status="PASS" starttime="20260123 16:54:11.009" endtime="20260123 16:54:11.049"/>
</kw>
<if>
<branch type="IF" condition="not ${clicked}">
<kw name="Execute Javascript" library="SeleniumLibrary">
<arg>arguments[0].click();</arg>
<arg>${link}</arg>
<doc>Executes the given JavaScript code with possible arguments.</doc>
<status status="NOT RUN" starttime="20260123 16:54:11.050" endtime="20260123 16:54:11.050"/>
</kw>
<status status="NOT RUN" starttime="20260123 16:54:11.049" endtime="20260123 16:54:11.050"/>
</branch>
<status status="PASS" starttime="20260123 16:54:11.049" endtime="20260123 16:54:11.050"/>
</if>
<kw name="Sleep" library="BuiltIn">
<arg>0.6s</arg>
<doc>Pauses the test executed for the given time.</doc>
<msg timestamp="20260123 16:54:11.651" level="INFO">Slept 600 milliseconds</msg>
<status status="PASS" starttime="20260123 16:54:11.050" endtime="20260123 16:54:11.651"/>
</kw>
<status status="PASS" starttime="20260123 16:54:10.680" endtime="20260123 16:54:11.651"/>
</iter>
<iter>
<var name="${i}">8</var>
<kw name="Get WebElements" library="SeleniumLibrary">
<var>${links}</var>
<arg>${NAV_LINKS}</arg>
<doc>Returns a list of WebElement objects matching the ``locator``.</doc>
<msg timestamp="20260123 16:54:11.660" level="INFO">${links} = [&lt;selenium.webdriver.remote.webelement.WebElement (session="293e9f95f858ab1a7b33aad45d4103c0", element="f.6D3DE7F6F83A901EED0CC2A838D55629.d.A70352189905BD3C6E8452220E874DA2.e.254")&gt;, &lt;selenium.webdri...</msg>
<status status="PASS" starttime="20260123 16:54:11.651" endtime="20260123 16:54:11.660"/>
</kw>
<kw name="Set Variable" library="BuiltIn">
<var>${link}</var>
<arg>${links}[${i}]</arg>
<doc>Returns the given values which can then be assigned to a variables.</doc>
<msg timestamp="20260123 16:54:11.660" level="INFO">${link} = &lt;selenium.webdriver.remote.webelement.WebElement (session="293e9f95f858ab1a7b33aad45d4103c0", element="f.6D3DE7F6F83A901EED0CC2A838D55629.d.A70352189905BD3C6E8452220E874DA2.e.262")&gt;</msg>
<status status="PASS" starttime="20260123 16:54:11.660" endtime="20260123 16:54:11.660"/>
</kw>
<kw name="Get Text" library="SeleniumLibrary">
<var>${text}</var>
<arg>${link}</arg>
<doc>Returns the text value of the element identified by ``locator``.</doc>
<msg timestamp="20260123 16:54:11.669" level="INFO">${text} = FAQS</msg>
<status status="PASS" starttime="20260123 16:54:11.661" endtime="20260123 16:54:11.669"/>
</kw>
<kw name="Log" library="BuiltIn">
<arg>Clicking section: ${text}</arg>
<doc>Logs the given message with the given level.</doc>
<msg timestamp="20260123 16:54:11.670" level="INFO">Clicking section: FAQS</msg>
<status status="PASS" starttime="20260123 16:54:11.669" endtime="20260123 16:54:11.670"/>
</kw>
<kw name="Scroll Element Into View" library="SeleniumLibrary">
<arg>${link}</arg>
<doc>Scrolls the element identified by ``locator`` into view.</doc>
<status status="PASS" starttime="20260123 16:54:11.670" endtime="20260123 16:54:11.943"/>
</kw>
<kw name="Wait Until Element Is Visible" library="SeleniumLibrary">
<arg>${link}</arg>
<arg>10s</arg>
<doc>Waits until the element ``locator`` is visible.</doc>
<status status="PASS" starttime="20260123 16:54:11.943" endtime="20260123 16:54:11.951"/>
</kw>
<kw name="Wait Until Element Is Enabled" library="SeleniumLibrary">
<arg>${link}</arg>
<arg>10s</arg>
<doc>Waits until the element ``locator`` is enabled.</doc>
<status status="PASS" starttime="20260123 16:54:11.951" endtime="20260123 16:54:11.961"/>
</kw>
<kw name="Run Keyword And Return Status" library="BuiltIn">
<var>${clicked}</var>
<arg>Click Element</arg>
<arg>${link}</arg>
<doc>Runs the given keyword with given arguments and returns the status as a Boolean value.</doc>
<kw name="Click Element" library="SeleniumLibrary">
<arg>${link}</arg>
<doc>Click the element identified by ``locator``.</doc>
<msg timestamp="20260123 16:54:11.962" level="INFO">Clicking element '&lt;selenium.webdriver.remote.webelement.WebElement (session="293e9f95f858ab1a7b33aad45d4103c0", element="f.6D3DE7F6F83A901EED0CC2A838D55629.d.A70352189905BD3C6E8452220E874DA2.e.262")&gt;'.</msg>
<status status="PASS" starttime="20260123 16:54:11.961" endtime="20260123 16:54:12.001"/>
</kw>
<msg timestamp="20260123 16:54:12.001" level="INFO">${clicked} = True</msg>
<status status="PASS" starttime="20260123 16:54:11.961" endtime="20260123 16:54:12.001"/>
</kw>
<if>
<branch type="IF" condition="not ${clicked}">
<kw name="Execute Javascript" library="SeleniumLibrary">
<arg>arguments[0].click();</arg>
<arg>${link}</arg>
<doc>Executes the given JavaScript code with possible arguments.</doc>
<status status="NOT RUN" starttime="20260123 16:54:12.001" endtime="20260123 16:54:12.002"/>
</kw>
<status status="NOT RUN" starttime="20260123 16:54:12.001" endtime="20260123 16:54:12.002"/>
</branch>
<status status="PASS" starttime="20260123 16:54:12.001" endtime="20260123 16:54:12.002"/>
</if>
<kw name="Sleep" library="BuiltIn">
<arg>0.6s</arg>
<doc>Pauses the test executed for the given time.</doc>
<msg timestamp="20260123 16:54:12.602" level="INFO">Slept 600 milliseconds</msg>
<status status="PASS" starttime="20260123 16:54:12.002" endtime="20260123 16:54:12.602"/>
</kw>
<status status="PASS" starttime="20260123 16:54:11.651" endtime="20260123 16:54:12.602"/>
</iter>
<status status="PASS" starttime="20260123 16:54:03.985" endtime="20260123 16:54:12.602"/>
</for>
<status status="PASS" starttime="20260123 16:54:03.177" endtime="20260123 16:54:12.602"/>
</kw>
<kw name="Scroll Element Into View" library="SeleniumLibrary">
<arg>${The_Ghandruk_Reset_Contents}</arg>
<doc>Scrolls the element identified by ``locator`` into view.</doc>
<status status="PASS" starttime="20260123 16:54:12.603" endtime="20260123 16:54:12.918"/>
</kw>
<status status="PASS" starttime="20260123 16:53:48.627" endtime="20260123 16:54:12.918"/>
</kw>
<kw name="Close Browser" library="SeleniumLibrary" type="TEARDOWN">
<doc>Closes the current browser.</doc>
<status status="PASS" starttime="20260123 16:54:12.919" endtime="20260123 16:54:15.160"/>
</kw>
<status status="PASS" starttime="20260123 16:52:30.824" endtime="20260123 16:54:15.161"/>
</test>
<status status="PASS" starttime="20260123 16:52:30.288" endtime="20260123 16:54:15.163"/>
</suite>
<statistics>
<total>
<stat pass="1" fail="0" skip="0">All Tests</stat>
</total>
<tag>
</tag>
<suite>
<stat pass="1" fail="0" skip="0" id="s1" name="Declutter Your Mind">Declutter Your Mind</stat>
</suite>
</statistics>
<errors>
</errors>
</robot>
