<?xml version="1.0" encoding="UTF-8"?>
<robot generator="Robot 6.1.1 (Python 3.13.9 on win32)" generated="20260116 17:10:00.301" rpa="false" schemaversion="4">
<suite id="s1" name="Treks Tours" source="C:\Users\Swarup Dahal\PycharmProjects\trail-quest\tests\treks_tours.robot">
<test id="s1-t1" name="Treks and Tours Test" line="9">
<kw name="Open Homepage" library="home_page">
<kw name="Open Browser To Application" library="browser">
<kw name="Evaluate" library="BuiltIn">
<var>${chrome_options}</var>
<arg>selenium.webdriver.ChromeOptions()</arg>
<arg>modules=selenium.webdriver</arg>
<doc>Evaluates the given expression in Python and returns the result.</doc>
<msg timestamp="20260116 17:10:00.764" level="INFO">${chrome_options} = &lt;selenium.webdriver.chrome.options.Options object at 0x000002C96066AE40&gt;</msg>
<status status="PASS" starttime="20260116 17:10:00.764" endtime="20260116 17:10:00.764"/>
</kw>
<kw name="Create List" library="BuiltIn">
<var>${args}</var>
<arg>--window-size=1920,1080</arg>
<arg>--start-maximized</arg>
<arg>--no-sandbox</arg>
<arg>--disable-dev-shm-usage</arg>
<arg>--disable-gpu</arg>
<arg>--disable-software-rasterizer</arg>
<arg>--remote-debugging-port=9222</arg>
<arg>--disable-extensions</arg>
<arg>--disable-setuid-sandbox</arg>
<doc>Returns a list containing given items.</doc>
<msg timestamp="20260116 17:10:00.765" level="INFO">${args} = ['--window-size=1920,1080', '--start-maximized', '--no-sandbox', '--disable-dev-shm-usage', '--disable-gpu', '--disable-software-rasterizer', '--remote-debugging-port=9222', '--disable-extensions', '-...</msg>
<status status="PASS" starttime="20260116 17:10:00.764" endtime="20260116 17:10:00.765"/>
</kw>
<for flavor="IN">
<var>${arg}</var>
<value>@{args}</value>
<iter>
<var name="${arg}">--window-size=1920,1080</var>
<kw name="Call Method" library="BuiltIn">
<arg>${chrome_options}</arg>
<arg>add_argument</arg>
<arg>${arg}</arg>
<doc>Calls the named method of the given object with the provided arguments.</doc>
<status status="PASS" starttime="20260116 17:10:00.765" endtime="20260116 17:10:00.765"/>
</kw>
<status status="PASS" starttime="20260116 17:10:00.765" endtime="20260116 17:10:00.765"/>
</iter>
<iter>
<var name="${arg}">--start-maximized</var>
<kw name="Call Method" library="BuiltIn">
<arg>${chrome_options}</arg>
<arg>add_argument</arg>
<arg>${arg}</arg>
<doc>Calls the named method of the given object with the provided arguments.</doc>
<status status="PASS" starttime="20260116 17:10:00.766" endtime="20260116 17:10:00.766"/>
</kw>
<status status="PASS" starttime="20260116 17:10:00.766" endtime="20260116 17:10:00.766"/>
</iter>
<iter>
<var name="${arg}">--no-sandbox</var>
<kw name="Call Method" library="BuiltIn">
<arg>${chrome_options}</arg>
<arg>add_argument</arg>
<arg>${arg}</arg>
<doc>Calls the named method of the given object with the provided arguments.</doc>
<status status="PASS" starttime="20260116 17:10:00.766" endtime="20260116 17:10:00.766"/>
</kw>
<status status="PASS" starttime="20260116 17:10:00.766" endtime="20260116 17:10:00.766"/>
</iter>
<iter>
<var name="${arg}">--disable-dev-shm-usage</var>
<kw name="Call Method" library="BuiltIn">
<arg>${chrome_options}</arg>
<arg>add_argument</arg>
<arg>${arg}</arg>
<doc>Calls the named method of the given object with the provided arguments.</doc>
<status status="PASS" starttime="20260116 17:10:00.767" endtime="20260116 17:10:00.767"/>
</kw>
<status status="PASS" starttime="20260116 17:10:00.767" endtime="20260116 17:10:00.767"/>
</iter>
<iter>
<var name="${arg}">--disable-gpu</var>
<kw name="Call Method" library="BuiltIn">
<arg>${chrome_options}</arg>
<arg>add_argument</arg>
<arg>${arg}</arg>
<doc>Calls the named method of the given object with the provided arguments.</doc>
<status status="PASS" starttime="20260116 17:10:00.767" endtime="20260116 17:10:00.767"/>
</kw>
<status status="PASS" starttime="20260116 17:10:00.767" endtime="20260116 17:10:00.767"/>
</iter>
<iter>
<var name="${arg}">--disable-software-rasterizer</var>
<kw name="Call Method" library="BuiltIn">
<arg>${chrome_options}</arg>
<arg>add_argument</arg>
<arg>${arg}</arg>
<doc>Calls the named method of the given object with the provided arguments.</doc>
<status status="PASS" starttime="20260116 17:10:00.768" endtime="20260116 17:10:00.768"/>
</kw>
<status status="PASS" starttime="20260116 17:10:00.768" endtime="20260116 17:10:00.768"/>
</iter>
<iter>
<var name="${arg}">--remote-debugging-port=9222</var>
<kw name="Call Method" library="BuiltIn">
<arg>${chrome_options}</arg>
<arg>add_argument</arg>
<arg>${arg}</arg>
<doc>Calls the named method of the given object with the provided arguments.</doc>
<status status="PASS" starttime="20260116 17:10:00.768" endtime="20260116 17:10:00.768"/>
</kw>
<status status="PASS" starttime="20260116 17:10:00.768" endtime="20260116 17:10:00.768"/>
</iter>
<iter>
<var name="${arg}">--disable-extensions</var>
<kw name="Call Method" library="BuiltIn">
<arg>${chrome_options}</arg>
<arg>add_argument</arg>
<arg>${arg}</arg>
<doc>Calls the named method of the given object with the provided arguments.</doc>
<status status="PASS" starttime="20260116 17:10:00.769" endtime="20260116 17:10:00.769"/>
</kw>
<status status="PASS" starttime="20260116 17:10:00.768" endtime="20260116 17:10:00.769"/>
</iter>
<iter>
<var name="${arg}">--disable-setuid-sandbox</var>
<kw name="Call Method" library="BuiltIn">
<arg>${chrome_options}</arg>
<arg>add_argument</arg>
<arg>${arg}</arg>
<doc>Calls the named method of the given object with the provided arguments.</doc>
<status status="PASS" starttime="20260116 17:10:00.769" endtime="20260116 17:10:00.769"/>
</kw>
<status status="PASS" starttime="20260116 17:10:00.769" endtime="20260116 17:10:00.769"/>
</iter>
<status status="PASS" starttime="20260116 17:10:00.765" endtime="20260116 17:10:00.769"/>
</for>
<kw name="Open Browser" library="SeleniumLibrary">
<arg>${BASE_URL}</arg>
<arg>${BROWSER}</arg>
<arg>options=${chrome_options}</arg>
<doc>Opens a new browser instance to the optional ``url``.</doc>
<msg timestamp="20260116 17:10:00.770" level="INFO">Opening browser 'Chrome' to base url 'https://trailquest.global/'.</msg>
<status status="PASS" starttime="20260116 17:10:00.769" endtime="20260116 17:10:06.631"/>
</kw>
<status status="PASS" starttime="20260116 17:10:00.763" endtime="20260116 17:10:06.631"/>
</kw>
<kw name="Sleep" library="BuiltIn">
<arg>2s</arg>
<doc>Pauses the test executed for the given time.</doc>
<msg timestamp="20260116 17:10:08.632" level="INFO">Slept 2 seconds</msg>
<status status="PASS" starttime="20260116 17:10:06.632" endtime="20260116 17:10:08.632"/>
</kw>
<status status="PASS" starttime="20260116 17:10:00.763" endtime="20260116 17:10:08.632"/>
</kw>
<kw name="Test The Push Your Limit" library="treks_tours">
<kw name="Verify Logo Is Visible" library="treks_tours">
<kw name="Wait Until Element Is Visible" library="SeleniumLibrary">
<arg>${logo}</arg>
<doc>Waits until the element ``locator`` is visible.</doc>
<status status="PASS" starttime="20260116 17:10:08.634" endtime="20260116 17:10:08.664"/>
</kw>
<kw name="Sleep" library="BuiltIn">
<arg>2s</arg>
<doc>Pauses the test executed for the given time.</doc>
<msg timestamp="20260116 17:10:10.665" level="INFO">Slept 2 seconds</msg>
<status status="PASS" starttime="20260116 17:10:08.664" endtime="20260116 17:10:10.665"/>
</kw>
<status status="PASS" starttime="20260116 17:10:08.633" endtime="20260116 17:10:10.665"/>
</kw>
<kw name="Open Trek And Tours Menu" library="treks_tours">
<kw name="Wait And Click" library="keywords">
<arg>${trek_and_tours}</arg>
<kw name="Wait Until Element Is Visible" library="SeleniumLibrary">
<arg>${locator}</arg>
<doc>Waits until the element ``locator`` is visible.</doc>
<status status="PASS" starttime="20260116 17:10:10.666" endtime="20260116 17:10:10.687"/>
</kw>
<kw name="Click Element" library="SeleniumLibrary">
<arg>${locator}</arg>
<doc>Click the element identified by ``locator``.</doc>
<msg timestamp="20260116 17:10:10.687" level="INFO">Clicking element 'xpath=/html/body/div[1]/header/div[1]/div/div/div/div/div[2]/div[2]/ul/li[2]/a/i'.</msg>
<status status="PASS" starttime="20260116 17:10:10.687" endtime="20260116 17:10:10.761"/>
</kw>
<status status="PASS" starttime="20260116 17:10:10.666" endtime="20260116 17:10:10.761"/>
</kw>
<kw name="Sleep" library="BuiltIn">
<arg>2s</arg>
<doc>Pauses the test executed for the given time.</doc>
<msg timestamp="20260116 17:10:12.762" level="INFO">Slept 2 seconds</msg>
<status status="PASS" starttime="20260116 17:10:10.761" endtime="20260116 17:10:12.762"/>
</kw>
<status status="PASS" starttime="20260116 17:10:10.665" endtime="20260116 17:10:12.762"/>
</kw>
<kw name="Click Push Your Limit" library="treks_tours">
<kw name="Wait And Click" library="keywords">
<arg>${push_your_limit}</arg>
<kw name="Wait Until Element Is Visible" library="SeleniumLibrary">
<arg>${locator}</arg>
<doc>Waits until the element ``locator`` is visible.</doc>
<status status="PASS" starttime="20260116 17:10:12.763" endtime="20260116 17:10:12.785"/>
</kw>
<kw name="Click Element" library="SeleniumLibrary">
<arg>${locator}</arg>
<doc>Click the element identified by ``locator``.</doc>
<msg timestamp="20260116 17:10:12.786" level="INFO">Clicking element 'xpath=/html/body/div[1]/header/div[1]/div/div/div/div/div[2]/div[2]/ul/li[2]/ul/li[2]/a'.</msg>
<status status="PASS" starttime="20260116 17:10:12.785" endtime="20260116 17:10:15.061"/>
</kw>
<status status="PASS" starttime="20260116 17:10:12.763" endtime="20260116 17:10:15.061"/>
</kw>
<kw name="Sleep" library="BuiltIn">
<arg>2s</arg>
<doc>Pauses the test executed for the given time.</doc>
<msg timestamp="20260116 17:10:17.061" level="INFO">Slept 2 seconds</msg>
<status status="PASS" starttime="20260116 17:10:15.061" endtime="20260116 17:10:17.062"/>
</kw>
<status status="PASS" starttime="20260116 17:10:12.762" endtime="20260116 17:10:17.062"/>
</kw>
<kw name="Go Down to" library="treks_tours">
<kw name="Scroll Element Into View" library="SeleniumLibrary">
<arg>${header}</arg>
<doc>Scrolls the element identified by ``locator`` into view.</doc>
<status status="PASS" starttime="20260116 17:10:17.062" endtime="20260116 17:10:17.350"/>
</kw>
<kw name="Sleep" library="BuiltIn">
<arg>2s</arg>
<doc>Pauses the test executed for the given time.</doc>
<msg timestamp="20260116 17:10:19.351" level="INFO">Slept 2 seconds</msg>
<status status="PASS" starttime="20260116 17:10:17.350" endtime="20260116 17:10:19.351"/>
</kw>
<status status="PASS" starttime="20260116 17:10:17.062" endtime="20260116 17:10:19.351"/>
</kw>
<kw name="Click Easy" library="treks_tours">
<kw name="Wait And Click" library="keywords">
<arg>${easy}</arg>
<kw name="Wait Until Element Is Visible" library="SeleniumLibrary">
<arg>${locator}</arg>
<doc>Waits until the element ``locator`` is visible.</doc>
<status status="PASS" starttime="20260116 17:10:19.352" endtime="20260116 17:10:19.372"/>
</kw>
<kw name="Click Element" library="SeleniumLibrary">
<arg>${locator}</arg>
<doc>Click the element identified by ``locator``.</doc>
<msg timestamp="20260116 17:10:19.373" level="INFO">Clicking element 'xpath=/html/body/div[3]/section/div/div/ul/li[1]/h3'.</msg>
<status status="PASS" starttime="20260116 17:10:19.372" endtime="20260116 17:10:19.429"/>
</kw>
<status status="PASS" starttime="20260116 17:10:19.352" endtime="20260116 17:10:19.429"/>
</kw>
<status status="PASS" starttime="20260116 17:10:19.351" endtime="20260116 17:10:19.429"/>
</kw>
<kw name="Click Everest Picture" library="treks_tours">
<kw name="Wait And Click" library="keywords">
<arg>${everest_picture}</arg>
<kw name="Wait Until Element Is Visible" library="SeleniumLibrary">
<arg>${locator}</arg>
<doc>Waits until the element ``locator`` is visible.</doc>
<status status="PASS" starttime="20260116 17:10:19.429" endtime="20260116 17:10:19.449"/>
</kw>
<kw name="Click Element" library="SeleniumLibrary">
<arg>${locator}</arg>
<doc>Click the element identified by ``locator``.</doc>
<msg timestamp="20260116 17:10:19.449" level="INFO">Clicking element 'xpath=//img[contains(@alt,'Everest 3 Passes Trek')]'.</msg>
<status status="PASS" starttime="20260116 17:10:19.449" endtime="20260116 17:10:21.251"/>
</kw>
<status status="PASS" starttime="20260116 17:10:19.429" endtime="20260116 17:10:21.251"/>
</kw>
<kw name="Wait Until Element Is Visible" library="SeleniumLibrary">
<arg>${everest_header}</arg>
<doc>Waits until the element ``locator`` is visible.</doc>
<status status="PASS" starttime="20260116 17:10:21.251" endtime="20260116 17:10:21.288"/>
</kw>
<status status="PASS" starttime="20260116 17:10:19.429" endtime="20260116 17:10:21.288"/>
</kw>
<kw name="Click All Sticky Navbar Links" library="treks_tours">
<kw name="Scroll Element Into View" library="SeleniumLibrary">
<arg>${nav_bar}</arg>
<doc>Scrolls the element identified by ``locator`` into view.</doc>
<status status="PASS" starttime="20260116 17:10:21.289" endtime="20260116 17:10:21.590"/>
</kw>
<kw name="Get WebElement" library="SeleniumLibrary">
<var>${section}</var>
<arg>xpath=//*[@data-section='nav-intro']</arg>
<doc>Returns the first WebElement matching the given ``locator``.</doc>
<msg timestamp="20260116 17:10:21.603" level="INFO">${section} = &lt;selenium.webdriver.remote.webelement.WebElement (session="172c759399380b65b87d841837d4f10e", element="f.3D70DB0FD8EADF66DA82498A907DFBFC.d.711B124267C05CFA5A4221DE930110B7.e.77")&gt;</msg>
<status status="PASS" starttime="20260116 17:10:21.590" endtime="20260116 17:10:21.603"/>
</kw>
<kw name="Get WebElements" library="SeleniumLibrary">
<var>${nav_links}</var>
<arg>xpath=//nav[contains(@class,'sticky-navbar')][1]//ul/li/a[contains(@class,'nav-link')]</arg>
<doc>Returns a list of WebElement objects matching the ``locator``.</doc>
<msg timestamp="20260116 17:10:21.618" level="INFO">${nav_links} = [&lt;selenium.webdriver.remote.webelement.WebElement (session="172c759399380b65b87d841837d4f10e", element="f.3D70DB0FD8EADF66DA82498A907DFBFC.d.711B124267C05CFA5A4221DE930110B7.e.77")&gt;, &lt;selenium.webdriv...</msg>
<status status="PASS" starttime="20260116 17:10:21.604" endtime="20260116 17:10:21.618"/>
</kw>
<for flavor="IN">
<var>${link}</var>
<value>@{nav_links}</value>
<iter>
<var name="${link}">&lt;selenium.webdriver.remote.webelement.WebElement (session="172c759399380b65b87d841837d4f10e", element="f.3D70DB0FD8EADF66DA82498A907DFBFC.d.711B124267C05CFA5A4221DE930110B7.e.77")&gt;</var>
<kw name="Get Text" library="SeleniumLibrary">
<var>${link_text}</var>
<arg>${link}</arg>
<doc>Returns the text value of the element identified by ``locator``.</doc>
<msg timestamp="20260116 17:10:21.633" level="INFO">${link_text} = Intro</msg>
<status status="PASS" starttime="20260116 17:10:21.618" endtime="20260116 17:10:21.633"/>
</kw>
<kw name="Log" library="BuiltIn">
<arg>Clicking navbar link: ${link_text}</arg>
<doc>Logs the given message with the given level.</doc>
<msg timestamp="20260116 17:10:21.634" level="INFO">Clicking navbar link: Intro</msg>
<status status="PASS" starttime="20260116 17:10:21.634" endtime="20260116 17:10:21.634"/>
</kw>
<kw name="Scroll Element Into View" library="SeleniumLibrary">
<arg>${link}</arg>
<doc>Scrolls the element identified by ``locator`` into view.</doc>
<status status="PASS" starttime="20260116 17:10:21.634" endtime="20260116 17:10:21.923"/>
</kw>
<kw name="Sleep" library="BuiltIn">
<arg>0.5s</arg>
<doc>Pauses the test executed for the given time.</doc>
<msg timestamp="20260116 17:10:22.426" level="INFO">Slept 500 milliseconds</msg>
<status status="PASS" starttime="20260116 17:10:21.924" endtime="20260116 17:10:22.426"/>
</kw>
<kw name="Click Element" library="SeleniumLibrary">
<arg>${link}</arg>
<doc>Click the element identified by ``locator``.</doc>
<msg timestamp="20260116 17:10:22.427" level="INFO">Clicking element '&lt;selenium.webdriver.remote.webelement.WebElement (session="172c759399380b65b87d841837d4f10e", element="f.3D70DB0FD8EADF66DA82498A907DFBFC.d.711B124267C05CFA5A4221DE930110B7.e.77")&gt;'.</msg>
<status status="PASS" starttime="20260116 17:10:22.426" endtime="20260116 17:10:22.494"/>
</kw>
<kw name="Sleep" library="BuiltIn">
<arg>1s</arg>
<doc>Pauses the test executed for the given time.</doc>
<msg timestamp="20260116 17:10:23.496" level="INFO">Slept 1 second</msg>
<status status="PASS" starttime="20260116 17:10:22.496" endtime="20260116 17:10:23.496"/>
</kw>
<kw name="Capture Page Screenshot" library="SeleniumLibrary">
<doc>Takes a screenshot of the current page and embeds it into a log file.</doc>
<msg timestamp="20260116 17:10:23.615" level="INFO" html="true">&lt;/td&gt;&lt;/tr&gt;&lt;tr&gt;&lt;td colspan="3"&gt;&lt;a href="selenium-screenshot-175.png"&gt;&lt;img src="selenium-screenshot-175.png" width="800px"&gt;&lt;/a&gt;</msg>
<status status="PASS" starttime="20260116 17:10:23.497" endtime="20260116 17:10:23.615"/>
</kw>
<status status="PASS" starttime="20260116 17:10:21.618" endtime="20260116 17:10:23.615"/>
</iter>
<iter>
<var name="${link}">&lt;selenium.webdriver.remote.webelement.WebElement (session="172c759399380b65b87d841837d4f10e", element="f.3D70DB0FD8EADF66DA82498A907DFBFC.d.711B124267C05CFA5A4221DE930110B7.e.78")&gt;</var>
<kw name="Get Text" library="SeleniumLibrary">
<var>${link_text}</var>
<arg>${link}</arg>
<doc>Returns the text value of the element identified by ``locator``.</doc>
<msg timestamp="20260116 17:10:23.625" level="INFO">${link_text} = KBYG</msg>
<status status="PASS" starttime="20260116 17:10:23.615" endtime="20260116 17:10:23.625"/>
</kw>
<kw name="Log" library="BuiltIn">
<arg>Clicking navbar link: ${link_text}</arg>
<doc>Logs the given message with the given level.</doc>
<msg timestamp="20260116 17:10:23.626" level="INFO">Clicking navbar link: KBYG</msg>
<status status="PASS" starttime="20260116 17:10:23.625" endtime="20260116 17:10:23.626"/>
</kw>
<kw name="Scroll Element Into View" library="SeleniumLibrary">
<arg>${link}</arg>
<doc>Scrolls the element identified by ``locator`` into view.</doc>
<status status="PASS" starttime="20260116 17:10:23.626" endtime="20260116 17:10:23.895"/>
</kw>
<kw name="Sleep" library="BuiltIn">
<arg>0.5s</arg>
<doc>Pauses the test executed for the given time.</doc>
<msg timestamp="20260116 17:10:24.396" level="INFO">Slept 500 milliseconds</msg>
<status status="PASS" starttime="20260116 17:10:23.895" endtime="20260116 17:10:24.396"/>
</kw>
<kw name="Click Element" library="SeleniumLibrary">
<arg>${link}</arg>
<doc>Click the element identified by ``locator``.</doc>
<msg timestamp="20260116 17:10:24.397" level="INFO">Clicking element '&lt;selenium.webdriver.remote.webelement.WebElement (session="172c759399380b65b87d841837d4f10e", element="f.3D70DB0FD8EADF66DA82498A907DFBFC.d.711B124267C05CFA5A4221DE930110B7.e.78")&gt;'.</msg>
<status status="PASS" starttime="20260116 17:10:24.396" endtime="20260116 17:10:24.445"/>
</kw>
<kw name="Sleep" library="BuiltIn">
<arg>1s</arg>
<doc>Pauses the test executed for the given time.</doc>
<msg timestamp="20260116 17:10:25.446" level="INFO">Slept 1 second</msg>
<status status="PASS" starttime="20260116 17:10:24.445" endtime="20260116 17:10:25.446"/>
</kw>
<kw name="Capture Page Screenshot" library="SeleniumLibrary">
<doc>Takes a screenshot of the current page and embeds it into a log file.</doc>
<msg timestamp="20260116 17:10:25.565" level="INFO" html="true">&lt;/td&gt;&lt;/tr&gt;&lt;tr&gt;&lt;td colspan="3"&gt;&lt;a href="selenium-screenshot-176.png"&gt;&lt;img src="selenium-screenshot-176.png" width="800px"&gt;&lt;/a&gt;</msg>
<status status="PASS" starttime="20260116 17:10:25.446" endtime="20260116 17:10:25.565"/>
</kw>
<status status="PASS" starttime="20260116 17:10:23.615" endtime="20260116 17:10:25.565"/>
</iter>
<iter>
<var name="${link}">&lt;selenium.webdriver.remote.webelement.WebElement (session="172c759399380b65b87d841837d4f10e", element="f.3D70DB0FD8EADF66DA82498A907DFBFC.d.711B124267C05CFA5A4221DE930110B7.e.79")&gt;</var>
<kw name="Get Text" library="SeleniumLibrary">
<var>${link_text}</var>
<arg>${link}</arg>
<doc>Returns the text value of the element identified by ``locator``.</doc>
<msg timestamp="20260116 17:10:25.574" level="INFO">${link_text} = Hightlights</msg>
<status status="PASS" starttime="20260116 17:10:25.565" endtime="20260116 17:10:25.574"/>
</kw>
<kw name="Log" library="BuiltIn">
<arg>Clicking navbar link: ${link_text}</arg>
<doc>Logs the given message with the given level.</doc>
<msg timestamp="20260116 17:10:25.574" level="INFO">Clicking navbar link: Hightlights</msg>
<status status="PASS" starttime="20260116 17:10:25.574" endtime="20260116 17:10:25.574"/>
</kw>
<kw name="Scroll Element Into View" library="SeleniumLibrary">
<arg>${link}</arg>
<doc>Scrolls the element identified by ``locator`` into view.</doc>
<status status="PASS" starttime="20260116 17:10:25.574" endtime="20260116 17:10:25.853"/>
</kw>
<kw name="Sleep" library="BuiltIn">
<arg>0.5s</arg>
<doc>Pauses the test executed for the given time.</doc>
<msg timestamp="20260116 17:10:26.353" level="INFO">Slept 500 milliseconds</msg>
<status status="PASS" starttime="20260116 17:10:25.853" endtime="20260116 17:10:26.353"/>
</kw>
<kw name="Click Element" library="SeleniumLibrary">
<arg>${link}</arg>
<doc>Click the element identified by ``locator``.</doc>
<msg timestamp="20260116 17:10:26.354" level="INFO">Clicking element '&lt;selenium.webdriver.remote.webelement.WebElement (session="172c759399380b65b87d841837d4f10e", element="f.3D70DB0FD8EADF66DA82498A907DFBFC.d.711B124267C05CFA5A4221DE930110B7.e.79")&gt;'.</msg>
<status status="PASS" starttime="20260116 17:10:26.354" endtime="20260116 17:10:26.402"/>
</kw>
<kw name="Sleep" library="BuiltIn">
<arg>1s</arg>
<doc>Pauses the test executed for the given time.</doc>
<msg timestamp="20260116 17:10:27.404" level="INFO">Slept 1 second</msg>
<status status="PASS" starttime="20260116 17:10:26.402" endtime="20260116 17:10:27.404"/>
</kw>
<kw name="Capture Page Screenshot" library="SeleniumLibrary">
<doc>Takes a screenshot of the current page and embeds it into a log file.</doc>
<msg timestamp="20260116 17:10:27.537" level="INFO" html="true">&lt;/td&gt;&lt;/tr&gt;&lt;tr&gt;&lt;td colspan="3"&gt;&lt;a href="selenium-screenshot-177.png"&gt;&lt;img src="selenium-screenshot-177.png" width="800px"&gt;&lt;/a&gt;</msg>
<status status="PASS" starttime="20260116 17:10:27.404" endtime="20260116 17:10:27.537"/>
</kw>
<status status="PASS" starttime="20260116 17:10:25.565" endtime="20260116 17:10:27.537"/>
</iter>
<iter>
<var name="${link}">&lt;selenium.webdriver.remote.webelement.WebElement (session="172c759399380b65b87d841837d4f10e", element="f.3D70DB0FD8EADF66DA82498A907DFBFC.d.711B124267C05CFA5A4221DE930110B7.e.80")&gt;</var>
<kw name="Get Text" library="SeleniumLibrary">
<var>${link_text}</var>
<arg>${link}</arg>
<doc>Returns the text value of the element identified by ``locator``.</doc>
<msg timestamp="20260116 17:10:27.545" level="INFO">${link_text} = Who For</msg>
<status status="PASS" starttime="20260116 17:10:27.537" endtime="20260116 17:10:27.545"/>
</kw>
<kw name="Log" library="BuiltIn">
<arg>Clicking navbar link: ${link_text}</arg>
<doc>Logs the given message with the given level.</doc>
<msg timestamp="20260116 17:10:27.546" level="INFO">Clicking navbar link: Who For</msg>
<status status="PASS" starttime="20260116 17:10:27.546" endtime="20260116 17:10:27.546"/>
</kw>
<kw name="Scroll Element Into View" library="SeleniumLibrary">
<arg>${link}</arg>
<doc>Scrolls the element identified by ``locator`` into view.</doc>
<status status="PASS" starttime="20260116 17:10:27.546" endtime="20260116 17:10:27.824"/>
</kw>
<kw name="Sleep" library="BuiltIn">
<arg>0.5s</arg>
<doc>Pauses the test executed for the given time.</doc>
<msg timestamp="20260116 17:10:28.325" level="INFO">Slept 500 milliseconds</msg>
<status status="PASS" starttime="20260116 17:10:27.824" endtime="20260116 17:10:28.325"/>
</kw>
<kw name="Click Element" library="SeleniumLibrary">
<arg>${link}</arg>
<doc>Click the element identified by ``locator``.</doc>
<msg timestamp="20260116 17:10:28.326" level="INFO">Clicking element '&lt;selenium.webdriver.remote.webelement.WebElement (session="172c759399380b65b87d841837d4f10e", element="f.3D70DB0FD8EADF66DA82498A907DFBFC.d.711B124267C05CFA5A4221DE930110B7.e.80")&gt;'.</msg>
<status status="PASS" starttime="20260116 17:10:28.325" endtime="20260116 17:10:28.375"/>
</kw>
<kw name="Sleep" library="BuiltIn">
<arg>1s</arg>
<doc>Pauses the test executed for the given time.</doc>
<msg timestamp="20260116 17:10:29.376" level="INFO">Slept 1 second</msg>
<status status="PASS" starttime="20260116 17:10:28.375" endtime="20260116 17:10:29.376"/>
</kw>
<kw name="Capture Page Screenshot" library="SeleniumLibrary">
<doc>Takes a screenshot of the current page and embeds it into a log file.</doc>
<msg timestamp="20260116 17:10:29.496" level="INFO" html="true">&lt;/td&gt;&lt;/tr&gt;&lt;tr&gt;&lt;td colspan="3"&gt;&lt;a href="selenium-screenshot-178.png"&gt;&lt;img src="selenium-screenshot-178.png" width="800px"&gt;&lt;/a&gt;</msg>
<status status="PASS" starttime="20260116 17:10:29.376" endtime="20260116 17:10:29.496"/>
</kw>
<status status="PASS" starttime="20260116 17:10:27.537" endtime="20260116 17:10:29.496"/>
</iter>
<iter>
<var name="${link}">&lt;selenium.webdriver.remote.webelement.WebElement (session="172c759399380b65b87d841837d4f10e", element="f.3D70DB0FD8EADF66DA82498A907DFBFC.d.711B124267C05CFA5A4221DE930110B7.e.81")&gt;</var>
<kw name="Get Text" library="SeleniumLibrary">
<var>${link_text}</var>
<arg>${link}</arg>
<doc>Returns the text value of the element identified by ``locator``.</doc>
<msg timestamp="20260116 17:10:29.505" level="INFO">${link_text} = Who Not For</msg>
<status status="PASS" starttime="20260116 17:10:29.496" endtime="20260116 17:10:29.505"/>
</kw>
<kw name="Log" library="BuiltIn">
<arg>Clicking navbar link: ${link_text}</arg>
<doc>Logs the given message with the given level.</doc>
<msg timestamp="20260116 17:10:29.505" level="INFO">Clicking navbar link: Who Not For</msg>
<status status="PASS" starttime="20260116 17:10:29.505" endtime="20260116 17:10:29.505"/>
</kw>
<kw name="Scroll Element Into View" library="SeleniumLibrary">
<arg>${link}</arg>
<doc>Scrolls the element identified by ``locator`` into view.</doc>
<status status="PASS" starttime="20260116 17:10:29.505" endtime="20260116 17:10:29.788"/>
</kw>
<kw name="Sleep" library="BuiltIn">
<arg>0.5s</arg>
<doc>Pauses the test executed for the given time.</doc>
<msg timestamp="20260116 17:10:30.289" level="INFO">Slept 500 milliseconds</msg>
<status status="PASS" starttime="20260116 17:10:29.788" endtime="20260116 17:10:30.289"/>
</kw>
<kw name="Click Element" library="SeleniumLibrary">
<arg>${link}</arg>
<doc>Click the element identified by ``locator``.</doc>
<msg timestamp="20260116 17:10:30.290" level="INFO">Clicking element '&lt;selenium.webdriver.remote.webelement.WebElement (session="172c759399380b65b87d841837d4f10e", element="f.3D70DB0FD8EADF66DA82498A907DFBFC.d.711B124267C05CFA5A4221DE930110B7.e.81")&gt;'.</msg>
<status status="PASS" starttime="20260116 17:10:30.289" endtime="20260116 17:10:30.339"/>
</kw>
<kw name="Sleep" library="BuiltIn">
<arg>1s</arg>
<doc>Pauses the test executed for the given time.</doc>
<msg timestamp="20260116 17:10:31.340" level="INFO">Slept 1 second</msg>
<status status="PASS" starttime="20260116 17:10:30.340" endtime="20260116 17:10:31.340"/>
</kw>
<kw name="Capture Page Screenshot" library="SeleniumLibrary">
<doc>Takes a screenshot of the current page and embeds it into a log file.</doc>
<msg timestamp="20260116 17:10:31.464" level="INFO" html="true">&lt;/td&gt;&lt;/tr&gt;&lt;tr&gt;&lt;td colspan="3"&gt;&lt;a href="selenium-screenshot-179.png"&gt;&lt;img src="selenium-screenshot-179.png" width="800px"&gt;&lt;/a&gt;</msg>
<status status="PASS" starttime="20260116 17:10:31.340" endtime="20260116 17:10:31.464"/>
</kw>
<status status="PASS" starttime="20260116 17:10:29.496" endtime="20260116 17:10:31.464"/>
</iter>
<iter>
<var name="${link}">&lt;selenium.webdriver.remote.webelement.WebElement (session="172c759399380b65b87d841837d4f10e", element="f.3D70DB0FD8EADF66DA82498A907DFBFC.d.711B124267C05CFA5A4221DE930110B7.e.82")&gt;</var>
<kw name="Get Text" library="SeleniumLibrary">
<var>${link_text}</var>
<arg>${link}</arg>
<doc>Returns the text value of the element identified by ``locator``.</doc>
<msg timestamp="20260116 17:10:31.473" level="INFO">${link_text} = Itinerary</msg>
<status status="PASS" starttime="20260116 17:10:31.464" endtime="20260116 17:10:31.473"/>
</kw>
<kw name="Log" library="BuiltIn">
<arg>Clicking navbar link: ${link_text}</arg>
<doc>Logs the given message with the given level.</doc>
<msg timestamp="20260116 17:10:31.473" level="INFO">Clicking navbar link: Itinerary</msg>
<status status="PASS" starttime="20260116 17:10:31.473" endtime="20260116 17:10:31.473"/>
</kw>
<kw name="Scroll Element Into View" library="SeleniumLibrary">
<arg>${link}</arg>
<doc>Scrolls the element identified by ``locator`` into view.</doc>
<status status="PASS" starttime="20260116 17:10:31.473" endtime="20260116 17:10:31.758"/>
</kw>
<kw name="Sleep" library="BuiltIn">
<arg>0.5s</arg>
<doc>Pauses the test executed for the given time.</doc>
<msg timestamp="20260116 17:10:32.259" level="INFO">Slept 500 milliseconds</msg>
<status status="PASS" starttime="20260116 17:10:31.758" endtime="20260116 17:10:32.259"/>
</kw>
<kw name="Click Element" library="SeleniumLibrary">
<arg>${link}</arg>
<doc>Click the element identified by ``locator``.</doc>
<msg timestamp="20260116 17:10:32.260" level="INFO">Clicking element '&lt;selenium.webdriver.remote.webelement.WebElement (session="172c759399380b65b87d841837d4f10e", element="f.3D70DB0FD8EADF66DA82498A907DFBFC.d.711B124267C05CFA5A4221DE930110B7.e.82")&gt;'.</msg>
<status status="PASS" starttime="20260116 17:10:32.259" endtime="20260116 17:10:32.328"/>
</kw>
<kw name="Sleep" library="BuiltIn">
<arg>1s</arg>
<doc>Pauses the test executed for the given time.</doc>
<msg timestamp="20260116 17:10:33.328" level="INFO">Slept 1 second</msg>
<status status="PASS" starttime="20260116 17:10:32.328" endtime="20260116 17:10:33.328"/>
</kw>
<kw name="Capture Page Screenshot" library="SeleniumLibrary">
<doc>Takes a screenshot of the current page and embeds it into a log file.</doc>
<msg timestamp="20260116 17:10:33.559" level="INFO" html="true">&lt;/td&gt;&lt;/tr&gt;&lt;tr&gt;&lt;td colspan="3"&gt;&lt;a href="selenium-screenshot-180.png"&gt;&lt;img src="selenium-screenshot-180.png" width="800px"&gt;&lt;/a&gt;</msg>
<status status="PASS" starttime="20260116 17:10:33.329" endtime="20260116 17:10:33.559"/>
</kw>
<status status="PASS" starttime="20260116 17:10:31.464" endtime="20260116 17:10:33.559"/>
</iter>
<iter>
<var name="${link}">&lt;selenium.webdriver.remote.webelement.WebElement (session="172c759399380b65b87d841837d4f10e", element="f.3D70DB0FD8EADF66DA82498A907DFBFC.d.711B124267C05CFA5A4221DE930110B7.e.83")&gt;</var>
<kw name="Get Text" library="SeleniumLibrary">
<var>${link_text}</var>
<arg>${link}</arg>
<doc>Returns the text value of the element identified by ``locator``.</doc>
<msg timestamp="20260116 17:10:33.568" level="INFO">${link_text} = Includes/Excludes</msg>
<status status="PASS" starttime="20260116 17:10:33.559" endtime="20260116 17:10:33.568"/>
</kw>
<kw name="Log" library="BuiltIn">
<arg>Clicking navbar link: ${link_text}</arg>
<doc>Logs the given message with the given level.</doc>
<msg timestamp="20260116 17:10:33.569" level="INFO">Clicking navbar link: Includes/Excludes</msg>
<status status="PASS" starttime="20260116 17:10:33.568" endtime="20260116 17:10:33.569"/>
</kw>
<kw name="Scroll Element Into View" library="SeleniumLibrary">
<arg>${link}</arg>
<doc>Scrolls the element identified by ``locator`` into view.</doc>
<status status="PASS" starttime="20260116 17:10:33.569" endtime="20260116 17:10:33.853"/>
</kw>
<kw name="Sleep" library="BuiltIn">
<arg>0.5s</arg>
<doc>Pauses the test executed for the given time.</doc>
<msg timestamp="20260116 17:10:34.354" level="INFO">Slept 500 milliseconds</msg>
<status status="PASS" starttime="20260116 17:10:33.854" endtime="20260116 17:10:34.354"/>
</kw>
<kw name="Click Element" library="SeleniumLibrary">
<arg>${link}</arg>
<doc>Click the element identified by ``locator``.</doc>
<msg timestamp="20260116 17:10:34.355" level="INFO">Clicking element '&lt;selenium.webdriver.remote.webelement.WebElement (session="172c759399380b65b87d841837d4f10e", element="f.3D70DB0FD8EADF66DA82498A907DFBFC.d.711B124267C05CFA5A4221DE930110B7.e.83")&gt;'.</msg>
<status status="PASS" starttime="20260116 17:10:34.354" endtime="20260116 17:10:34.404"/>
</kw>
<kw name="Sleep" library="BuiltIn">
<arg>1s</arg>
<doc>Pauses the test executed for the given time.</doc>
<msg timestamp="20260116 17:10:35.404" level="INFO">Slept 1 second</msg>
<status status="PASS" starttime="20260116 17:10:34.404" endtime="20260116 17:10:35.404"/>
</kw>
<kw name="Capture Page Screenshot" library="SeleniumLibrary">
<doc>Takes a screenshot of the current page and embeds it into a log file.</doc>
<msg timestamp="20260116 17:10:35.535" level="INFO" html="true">&lt;/td&gt;&lt;/tr&gt;&lt;tr&gt;&lt;td colspan="3"&gt;&lt;a href="selenium-screenshot-181.png"&gt;&lt;img src="selenium-screenshot-181.png" width="800px"&gt;&lt;/a&gt;</msg>
<status status="PASS" starttime="20260116 17:10:35.405" endtime="20260116 17:10:35.535"/>
</kw>
<status status="PASS" starttime="20260116 17:10:33.559" endtime="20260116 17:10:35.535"/>
</iter>
<iter>
<var name="${link}">&lt;selenium.webdriver.remote.webelement.WebElement (session="172c759399380b65b87d841837d4f10e", element="f.3D70DB0FD8EADF66DA82498A907DFBFC.d.711B124267C05CFA5A4221DE930110B7.e.84")&gt;</var>
<kw name="Get Text" library="SeleniumLibrary">
<var>${link_text}</var>
<arg>${link}</arg>
<doc>Returns the text value of the element identified by ``locator``.</doc>
<msg timestamp="20260116 17:10:35.546" level="INFO">${link_text} = Imp Info</msg>
<status status="PASS" starttime="20260116 17:10:35.535" endtime="20260116 17:10:35.546"/>
</kw>
<kw name="Log" library="BuiltIn">
<arg>Clicking navbar link: ${link_text}</arg>
<doc>Logs the given message with the given level.</doc>
<msg timestamp="20260116 17:10:35.547" level="INFO">Clicking navbar link: Imp Info</msg>
<status status="PASS" starttime="20260116 17:10:35.546" endtime="20260116 17:10:35.547"/>
</kw>
<kw name="Scroll Element Into View" library="SeleniumLibrary">
<arg>${link}</arg>
<doc>Scrolls the element identified by ``locator`` into view.</doc>
<status status="PASS" starttime="20260116 17:10:35.547" endtime="20260116 17:10:35.825"/>
</kw>
<kw name="Sleep" library="BuiltIn">
<arg>0.5s</arg>
<doc>Pauses the test executed for the given time.</doc>
<msg timestamp="20260116 17:10:36.326" level="INFO">Slept 500 milliseconds</msg>
<status status="PASS" starttime="20260116 17:10:35.825" endtime="20260116 17:10:36.327"/>
</kw>
<kw name="Click Element" library="SeleniumLibrary">
<arg>${link}</arg>
<doc>Click the element identified by ``locator``.</doc>
<msg timestamp="20260116 17:10:36.327" level="INFO">Clicking element '&lt;selenium.webdriver.remote.webelement.WebElement (session="172c759399380b65b87d841837d4f10e", element="f.3D70DB0FD8EADF66DA82498A907DFBFC.d.711B124267C05CFA5A4221DE930110B7.e.84")&gt;'.</msg>
<status status="PASS" starttime="20260116 17:10:36.327" endtime="20260116 17:10:36.373"/>
</kw>
<kw name="Sleep" library="BuiltIn">
<arg>1s</arg>
<doc>Pauses the test executed for the given time.</doc>
<msg timestamp="20260116 17:10:37.374" level="INFO">Slept 1 second</msg>
<status status="PASS" starttime="20260116 17:10:36.373" endtime="20260116 17:10:37.374"/>
</kw>
<kw name="Capture Page Screenshot" library="SeleniumLibrary">
<doc>Takes a screenshot of the current page and embeds it into a log file.</doc>
<msg timestamp="20260116 17:10:37.487" level="INFO" html="true">&lt;/td&gt;&lt;/tr&gt;&lt;tr&gt;&lt;td colspan="3"&gt;&lt;a href="selenium-screenshot-182.png"&gt;&lt;img src="selenium-screenshot-182.png" width="800px"&gt;&lt;/a&gt;</msg>
<status status="PASS" starttime="20260116 17:10:37.374" endtime="20260116 17:10:37.487"/>
</kw>
<status status="PASS" starttime="20260116 17:10:35.535" endtime="20260116 17:10:37.487"/>
</iter>
<iter>
<var name="${link}">&lt;selenium.webdriver.remote.webelement.WebElement (session="172c759399380b65b87d841837d4f10e", element="f.3D70DB0FD8EADF66DA82498A907DFBFC.d.711B124267C05CFA5A4221DE930110B7.e.85")&gt;</var>
<kw name="Get Text" library="SeleniumLibrary">
<var>${link_text}</var>
<arg>${link}</arg>
<doc>Returns the text value of the element identified by ``locator``.</doc>
<msg timestamp="20260116 17:10:37.495" level="INFO">${link_text} = FAQS</msg>
<status status="PASS" starttime="20260116 17:10:37.487" endtime="20260116 17:10:37.496"/>
</kw>
<kw name="Log" library="BuiltIn">
<arg>Clicking navbar link: ${link_text}</arg>
<doc>Logs the given message with the given level.</doc>
<msg timestamp="20260116 17:10:37.496" level="INFO">Clicking navbar link: FAQS</msg>
<status status="PASS" starttime="20260116 17:10:37.496" endtime="20260116 17:10:37.496"/>
</kw>
<kw name="Scroll Element Into View" library="SeleniumLibrary">
<arg>${link}</arg>
<doc>Scrolls the element identified by ``locator`` into view.</doc>
<status status="PASS" starttime="20260116 17:10:37.496" endtime="20260116 17:10:37.765"/>
</kw>
<kw name="Sleep" library="BuiltIn">
<arg>0.5s</arg>
<doc>Pauses the test executed for the given time.</doc>
<msg timestamp="20260116 17:10:38.265" level="INFO">Slept 500 milliseconds</msg>
<status status="PASS" starttime="20260116 17:10:37.765" endtime="20260116 17:10:38.265"/>
</kw>
<kw name="Click Element" library="SeleniumLibrary">
<arg>${link}</arg>
<doc>Click the element identified by ``locator``.</doc>
<msg timestamp="20260116 17:10:38.266" level="INFO">Clicking element '&lt;selenium.webdriver.remote.webelement.WebElement (session="172c759399380b65b87d841837d4f10e", element="f.3D70DB0FD8EADF66DA82498A907DFBFC.d.711B124267C05CFA5A4221DE930110B7.e.85")&gt;'.</msg>
<status status="PASS" starttime="20260116 17:10:38.266" endtime="20260116 17:10:38.313"/>
</kw>
<kw name="Sleep" library="BuiltIn">
<arg>1s</arg>
<doc>Pauses the test executed for the given time.</doc>
<msg timestamp="20260116 17:10:39.314" level="INFO">Slept 1 second</msg>
<status status="PASS" starttime="20260116 17:10:38.313" endtime="20260116 17:10:39.314"/>
</kw>
<kw name="Capture Page Screenshot" library="SeleniumLibrary">
<doc>Takes a screenshot of the current page and embeds it into a log file.</doc>
<msg timestamp="20260116 17:10:39.476" level="INFO" html="true">&lt;/td&gt;&lt;/tr&gt;&lt;tr&gt;&lt;td colspan="3"&gt;&lt;a href="selenium-screenshot-183.png"&gt;&lt;img src="selenium-screenshot-183.png" width="800px"&gt;&lt;/a&gt;</msg>
<status status="PASS" starttime="20260116 17:10:39.314" endtime="20260116 17:10:39.476"/>
</kw>
<status status="PASS" starttime="20260116 17:10:37.487" endtime="20260116 17:10:39.476"/>
</iter>
<status status="PASS" starttime="20260116 17:10:21.618" endtime="20260116 17:10:39.476"/>
</for>
<status status="PASS" starttime="20260116 17:10:21.289" endtime="20260116 17:10:39.476"/>
</kw>
<kw name="Wait And Click" library="keywords">
<arg>${need_help}</arg>
<kw name="Wait Until Element Is Visible" library="SeleniumLibrary">
<arg>${locator}</arg>
<doc>Waits until the element ``locator`` is visible.</doc>
<status status="PASS" starttime="20260116 17:10:39.477" endtime="20260116 17:10:39.496"/>
</kw>
<kw name="Click Element" library="SeleniumLibrary">
<arg>${locator}</arg>
<doc>Click the element identified by ``locator``.</doc>
<msg timestamp="20260116 17:10:39.497" level="INFO">Clicking element 'xpath=/html/body/div[3]/nav/div/div/div/a'.</msg>
<status status="PASS" starttime="20260116 17:10:39.496" endtime="20260116 17:10:40.941"/>
</kw>
<status status="PASS" starttime="20260116 17:10:39.477" endtime="20260116 17:10:40.941"/>
</kw>
<status status="PASS" starttime="20260116 17:10:08.633" endtime="20260116 17:10:40.941"/>
</kw>
<kw name="Close Browser" library="SeleniumLibrary" type="TEARDOWN">
<doc>Closes the current browser.</doc>
<status status="PASS" starttime="20260116 17:10:40.942" endtime="20260116 17:10:43.180"/>
</kw>
<status status="PASS" starttime="20260116 17:10:00.762" endtime="20260116 17:10:43.181"/>
</test>
<test id="s1-t2" name="Facebook Button" line="12">
<kw name="Open Homepage" library="home_page">
<kw name="Open Browser To Application" library="browser">
<kw name="Evaluate" library="BuiltIn">
<var>${chrome_options}</var>
<arg>selenium.webdriver.ChromeOptions()</arg>
<arg>modules=selenium.webdriver</arg>
<doc>Evaluates the given expression in Python and returns the result.</doc>
<msg timestamp="20260116 17:10:43.186" level="INFO">${chrome_options} = &lt;selenium.webdriver.chrome.options.Options object at 0x000002C96006B9D0&gt;</msg>
<status status="PASS" starttime="20260116 17:10:43.186" endtime="20260116 17:10:43.186"/>
</kw>
<kw name="Create List" library="BuiltIn">
<var>${args}</var>
<arg>--window-size=1920,1080</arg>
<arg>--start-maximized</arg>
<arg>--no-sandbox</arg>
<arg>--disable-dev-shm-usage</arg>
<arg>--disable-gpu</arg>
<arg>--disable-software-rasterizer</arg>
<arg>--remote-debugging-port=9222</arg>
<arg>--disable-extensions</arg>
<arg>--disable-setuid-sandbox</arg>
<doc>Returns a list containing given items.</doc>
<msg timestamp="20260116 17:10:43.187" level="INFO">${args} = ['--window-size=1920,1080', '--start-maximized', '--no-sandbox', '--disable-dev-shm-usage', '--disable-gpu', '--disable-software-rasterizer', '--remote-debugging-port=9222', '--disable-extensions', '-...</msg>
<status status="PASS" starttime="20260116 17:10:43.186" endtime="20260116 17:10:43.187"/>
</kw>
<for flavor="IN">
<var>${arg}</var>
<value>@{args}</value>
<iter>
<var name="${arg}">--window-size=1920,1080</var>
<kw name="Call Method" library="BuiltIn">
<arg>${chrome_options}</arg>
<arg>add_argument</arg>
<arg>${arg}</arg>
<doc>Calls the named method of the given object with the provided arguments.</doc>
<status status="PASS" starttime="20260116 17:10:43.187" endtime="20260116 17:10:43.187"/>
</kw>
<status status="PASS" starttime="20260116 17:10:43.187" endtime="20260116 17:10:43.187"/>
</iter>
<iter>
<var name="${arg}">--start-maximized</var>
<kw name="Call Method" library="BuiltIn">
<arg>${chrome_options}</arg>
<arg>add_argument</arg>
<arg>${arg}</arg>
<doc>Calls the named method of the given object with the provided arguments.</doc>
<status status="PASS" starttime="20260116 17:10:43.187" endtime="20260116 17:10:43.188"/>
</kw>
<status status="PASS" starttime="20260116 17:10:43.187" endtime="20260116 17:10:43.188"/>
</iter>
<iter>
<var name="${arg}">--no-sandbox</var>
<kw name="Call Method" library="BuiltIn">
<arg>${chrome_options}</arg>
<arg>add_argument</arg>
<arg>${arg}</arg>
<doc>Calls the named method of the given object with the provided arguments.</doc>
<status status="PASS" starttime="20260116 17:10:43.188" endtime="20260116 17:10:43.188"/>
</kw>
<status status="PASS" starttime="20260116 17:10:43.188" endtime="20260116 17:10:43.188"/>
</iter>
<iter>
<var name="${arg}">--disable-dev-shm-usage</var>
<kw name="Call Method" library="BuiltIn">
<arg>${chrome_options}</arg>
<arg>add_argument</arg>
<arg>${arg}</arg>
<doc>Calls the named method of the given object with the provided arguments.</doc>
<status status="PASS" starttime="20260116 17:10:43.188" endtime="20260116 17:10:43.188"/>
</kw>
<status status="PASS" starttime="20260116 17:10:43.188" endtime="20260116 17:10:43.189"/>
</iter>
<iter>
<var name="${arg}">--disable-gpu</var>
<kw name="Call Method" library="BuiltIn">
<arg>${chrome_options}</arg>
<arg>add_argument</arg>
<arg>${arg}</arg>
<doc>Calls the named method of the given object with the provided arguments.</doc>
<status status="PASS" starttime="20260116 17:10:43.189" endtime="20260116 17:10:43.189"/>
</kw>
<status status="PASS" starttime="20260116 17:10:43.189" endtime="20260116 17:10:43.189"/>
</iter>
<iter>
<var name="${arg}">--disable-software-rasterizer</var>
<kw name="Call Method" library="BuiltIn">
<arg>${chrome_options}</arg>
<arg>add_argument</arg>
<arg>${arg}</arg>
<doc>Calls the named method of the given object with the provided arguments.</doc>
<status status="PASS" starttime="20260116 17:10:43.189" endtime="20260116 17:10:43.189"/>
</kw>
<status status="PASS" starttime="20260116 17:10:43.189" endtime="20260116 17:10:43.189"/>
</iter>
<iter>
<var name="${arg}">--remote-debugging-port=9222</var>
<kw name="Call Method" library="BuiltIn">
<arg>${chrome_options}</arg>
<arg>add_argument</arg>
<arg>${arg}</arg>
<doc>Calls the named method of the given object with the provided arguments.</doc>
<status status="PASS" starttime="20260116 17:10:43.190" endtime="20260116 17:10:43.190"/>
</kw>
<status status="PASS" starttime="20260116 17:10:43.189" endtime="20260116 17:10:43.190"/>
</iter>
<iter>
<var name="${arg}">--disable-extensions</var>
<kw name="Call Method" library="BuiltIn">
<arg>${chrome_options}</arg>
<arg>add_argument</arg>
<arg>${arg}</arg>
<doc>Calls the named method of the given object with the provided arguments.</doc>
<status status="PASS" starttime="20260116 17:10:43.190" endtime="20260116 17:10:43.190"/>
</kw>
<status status="PASS" starttime="20260116 17:10:43.190" endtime="20260116 17:10:43.190"/>
</iter>
<iter>
<var name="${arg}">--disable-setuid-sandbox</var>
<kw name="Call Method" library="BuiltIn">
<arg>${chrome_options}</arg>
<arg>add_argument</arg>
<arg>${arg}</arg>
<doc>Calls the named method of the given object with the provided arguments.</doc>
<status status="PASS" starttime="20260116 17:10:43.190" endtime="20260116 17:10:43.191"/>
</kw>
<status status="PASS" starttime="20260116 17:10:43.190" endtime="20260116 17:10:43.191"/>
</iter>
<status status="PASS" starttime="20260116 17:10:43.187" endtime="20260116 17:10:43.191"/>
</for>
<kw name="Open Browser" library="SeleniumLibrary">
<arg>${BASE_URL}</arg>
<arg>${BROWSER}</arg>
<arg>options=${chrome_options}</arg>
<doc>Opens a new browser instance to the optional ``url``.</doc>
<msg timestamp="20260116 17:10:43.191" level="INFO">Opening browser 'Chrome' to base url 'https://trailquest.global/'.</msg>
<status status="PASS" starttime="20260116 17:10:43.191" endtime="20260116 17:10:48.817"/>
</kw>
<status status="PASS" starttime="20260116 17:10:43.186" endtime="20260116 17:10:48.817"/>
</kw>
<kw name="Sleep" library="BuiltIn">
<arg>2s</arg>
<doc>Pauses the test executed for the given time.</doc>
<msg timestamp="20260116 17:10:50.817" level="INFO">Slept 2 seconds</msg>
<status status="PASS" starttime="20260116 17:10:48.817" endtime="20260116 17:10:50.818"/>
</kw>
<status status="PASS" starttime="20260116 17:10:43.182" endtime="20260116 17:10:50.818"/>
</kw>
<kw name="Test Facebook" library="treks_tours">
<kw name="Verify Logo Is Visible" library="treks_tours">
<kw name="Wait Until Element Is Visible" library="SeleniumLibrary">
<arg>${logo}</arg>
<doc>Waits until the element ``locator`` is visible.</doc>
<status status="PASS" starttime="20260116 17:10:50.819" endtime="20260116 17:10:50.848"/>
</kw>
<kw name="Sleep" library="BuiltIn">
<arg>2s</arg>
<doc>Pauses the test executed for the given time.</doc>
<msg timestamp="20260116 17:10:52.849" level="INFO">Slept 2 seconds</msg>
<status status="PASS" starttime="20260116 17:10:50.849" endtime="20260116 17:10:52.849"/>
</kw>
<status status="PASS" starttime="20260116 17:10:50.818" endtime="20260116 17:10:52.849"/>
</kw>
<kw name="Open Trek And Tours Menu" library="treks_tours">
<kw name="Wait And Click" library="keywords">
<arg>${trek_and_tours}</arg>
<kw name="Wait Until Element Is Visible" library="SeleniumLibrary">
<arg>${locator}</arg>
<doc>Waits until the element ``locator`` is visible.</doc>
<status status="PASS" starttime="20260116 17:10:52.850" endtime="20260116 17:10:52.870"/>
</kw>
<kw name="Click Element" library="SeleniumLibrary">
<arg>${locator}</arg>
<doc>Click the element identified by ``locator``.</doc>
<msg timestamp="20260116 17:10:52.871" level="INFO">Clicking element 'xpath=/html/body/div[1]/header/div[1]/div/div/div/div/div[2]/div[2]/ul/li[2]/a/i'.</msg>
<status status="PASS" starttime="20260116 17:10:52.870" endtime="20260116 17:10:52.940"/>
</kw>
<status status="PASS" starttime="20260116 17:10:52.850" endtime="20260116 17:10:52.940"/>
</kw>
<kw name="Sleep" library="BuiltIn">
<arg>2s</arg>
<doc>Pauses the test executed for the given time.</doc>
<msg timestamp="20260116 17:10:54.941" level="INFO">Slept 2 seconds</msg>
<status status="PASS" starttime="20260116 17:10:52.940" endtime="20260116 17:10:54.941"/>
</kw>
<status status="PASS" starttime="20260116 17:10:52.849" endtime="20260116 17:10:54.941"/>
</kw>
<kw name="Click Push Your Limit" library="treks_tours">
<kw name="Wait And Click" library="keywords">
<arg>${push_your_limit}</arg>
<kw name="Wait Until Element Is Visible" library="SeleniumLibrary">
<arg>${locator}</arg>
<doc>Waits until the element ``locator`` is visible.</doc>
<status status="PASS" starttime="20260116 17:10:54.942" endtime="20260116 17:10:54.964"/>
</kw>
<kw name="Click Element" library="SeleniumLibrary">
<arg>${locator}</arg>
<doc>Click the element identified by ``locator``.</doc>
<msg timestamp="20260116 17:10:54.965" level="INFO">Clicking element 'xpath=/html/body/div[1]/header/div[1]/div/div/div/div/div[2]/div[2]/ul/li[2]/ul/li[2]/a'.</msg>
<status status="PASS" starttime="20260116 17:10:54.964" endtime="20260116 17:10:57.250"/>
</kw>
<status status="PASS" starttime="20260116 17:10:54.941" endtime="20260116 17:10:57.251"/>
</kw>
<kw name="Sleep" library="BuiltIn">
<arg>2s</arg>
<doc>Pauses the test executed for the given time.</doc>
<msg timestamp="20260116 17:10:59.252" level="INFO">Slept 2 seconds</msg>
<status status="PASS" starttime="20260116 17:10:57.251" endtime="20260116 17:10:59.252"/>
</kw>
<status status="PASS" starttime="20260116 17:10:54.941" endtime="20260116 17:10:59.252"/>
</kw>
<kw name="Go Down to" library="treks_tours">
<kw name="Scroll Element Into View" library="SeleniumLibrary">
<arg>${header}</arg>
<doc>Scrolls the element identified by ``locator`` into view.</doc>
<status status="PASS" starttime="20260116 17:10:59.253" endtime="20260116 17:10:59.557"/>
</kw>
<kw name="Sleep" library="BuiltIn">
<arg>2s</arg>
<doc>Pauses the test executed for the given time.</doc>
<msg timestamp="20260116 17:11:01.557" level="INFO">Slept 2 seconds</msg>
<status status="PASS" starttime="20260116 17:10:59.557" endtime="20260116 17:11:01.558"/>
</kw>
<status status="PASS" starttime="20260116 17:10:59.253" endtime="20260116 17:11:01.558"/>
</kw>
<kw name="Click Easy" library="treks_tours">
<kw name="Wait And Click" library="keywords">
<arg>${easy}</arg>
<kw name="Wait Until Element Is Visible" library="SeleniumLibrary">
<arg>${locator}</arg>
<doc>Waits until the element ``locator`` is visible.</doc>
<status status="PASS" starttime="20260116 17:11:01.558" endtime="20260116 17:11:01.578"/>
</kw>
<kw name="Click Element" library="SeleniumLibrary">
<arg>${locator}</arg>
<doc>Click the element identified by ``locator``.</doc>
<msg timestamp="20260116 17:11:01.579" level="INFO">Clicking element 'xpath=/html/body/div[3]/section/div/div/ul/li[1]/h3'.</msg>
<status status="PASS" starttime="20260116 17:11:01.578" endtime="20260116 17:11:01.634"/>
</kw>
<status status="PASS" starttime="20260116 17:11:01.558" endtime="20260116 17:11:01.634"/>
</kw>
<status status="PASS" starttime="20260116 17:11:01.558" endtime="20260116 17:11:01.634"/>
</kw>
<kw name="Click Everest Picture" library="treks_tours">
<kw name="Wait And Click" library="keywords">
<arg>${everest_picture}</arg>
<kw name="Wait Until Element Is Visible" library="SeleniumLibrary">
<arg>${locator}</arg>
<doc>Waits until the element ``locator`` is visible.</doc>
<status status="PASS" starttime="20260116 17:11:01.635" endtime="20260116 17:11:01.654"/>
</kw>
<kw name="Click Element" library="SeleniumLibrary">
<arg>${locator}</arg>
<doc>Click the element identified by ``locator``.</doc>
<msg timestamp="20260116 17:11:01.655" level="INFO">Clicking element 'xpath=//img[contains(@alt,'Everest 3 Passes Trek')]'.</msg>
<status status="PASS" starttime="20260116 17:11:01.654" endtime="20260116 17:11:03.420"/>
</kw>
<status status="PASS" starttime="20260116 17:11:01.634" endtime="20260116 17:11:03.420"/>
</kw>
<kw name="Wait Until Element Is Visible" library="SeleniumLibrary">
<arg>${everest_header}</arg>
<doc>Waits until the element ``locator`` is visible.</doc>
<status status="PASS" starttime="20260116 17:11:03.420" endtime="20260116 17:11:03.472"/>
</kw>
<status status="PASS" starttime="20260116 17:11:01.634" endtime="20260116 17:11:03.472"/>
</kw>
<kw name="Wait And Click" library="keywords">
<arg>${share}</arg>
<kw name="Wait Until Element Is Visible" library="SeleniumLibrary">
<arg>${locator}</arg>
<doc>Waits until the element ``locator`` is visible.</doc>
<status status="PASS" starttime="20260116 17:11:03.472" endtime="20260116 17:11:03.506"/>
</kw>
<kw name="Click Element" library="SeleniumLibrary">
<arg>${locator}</arg>
<doc>Click the element identified by ``locator``.</doc>
<msg timestamp="20260116 17:11:03.508" level="INFO">Clicking element 'xpath=/html/body/div[3]/div[1]/section[1]/div/div[1]/div[2]/div/div[1]'.</msg>
<status status="PASS" starttime="20260116 17:11:03.507" endtime="20260116 17:11:04.134"/>
</kw>
<status status="PASS" starttime="20260116 17:11:03.472" endtime="20260116 17:11:04.135"/>
</kw>
<kw name="Sleep" library="BuiltIn">
<arg>2s</arg>
<doc>Pauses the test executed for the given time.</doc>
<msg timestamp="20260116 17:11:06.135" level="INFO">Slept 2 seconds</msg>
<status status="PASS" starttime="20260116 17:11:04.135" endtime="20260116 17:11:06.135"/>
</kw>
<kw name="Wait Until Element Is Visible" library="SeleniumLibrary">
<arg>${facebook}</arg>
<doc>Waits until the element ``locator`` is visible.</doc>
<status status="PASS" starttime="20260116 17:11:06.135" endtime="20260116 17:11:06.155"/>
</kw>
<kw name="Sleep" library="BuiltIn">
<arg>1s</arg>
<doc>Pauses the test executed for the given time.</doc>
<msg timestamp="20260116 17:11:07.156" level="INFO">Slept 1 second</msg>
<status status="PASS" starttime="20260116 17:11:06.155" endtime="20260116 17:11:07.156"/>
</kw>
<kw name="Wait And Click" library="keywords">
<arg>${facebook}</arg>
<kw name="Wait Until Element Is Visible" library="SeleniumLibrary">
<arg>${locator}</arg>
<doc>Waits until the element ``locator`` is visible.</doc>
<status status="PASS" starttime="20260116 17:11:07.157" endtime="20260116 17:11:07.172"/>
</kw>
<kw name="Click Element" library="SeleniumLibrary">
<arg>${locator}</arg>
<doc>Click the element identified by ``locator``.</doc>
<msg timestamp="20260116 17:11:07.172" level="INFO">Clicking element 'xpath=/html/body/div[3]/div[1]/section[1]/div/div[1]/div[2]/div/div[1]/div/div/a[1]'.</msg>
<status status="PASS" starttime="20260116 17:11:07.172" endtime="20260116 17:11:07.274"/>
</kw>
<status status="PASS" starttime="20260116 17:11:07.156" endtime="20260116 17:11:07.274"/>
</kw>
<kw name="Sleep" library="BuiltIn">
<arg>2s</arg>
<doc>Pauses the test executed for the given time.</doc>
<msg timestamp="20260116 17:11:09.275" level="INFO">Slept 2 seconds</msg>
<status status="PASS" starttime="20260116 17:11:07.275" endtime="20260116 17:11:09.276"/>
</kw>
<kw name="Capture Page Screenshot" library="SeleniumLibrary">
<doc>Takes a screenshot of the current page and embeds it into a log file.</doc>
<msg timestamp="20260116 17:11:09.695" level="INFO" html="true">&lt;/td&gt;&lt;/tr&gt;&lt;tr&gt;&lt;td colspan="3"&gt;&lt;a href="selenium-screenshot-184.png"&gt;&lt;img src="selenium-screenshot-184.png" width="800px"&gt;&lt;/a&gt;</msg>
<status status="PASS" starttime="20260116 17:11:09.276" endtime="20260116 17:11:09.695"/>
</kw>
<status status="PASS" starttime="20260116 17:10:50.818" endtime="20260116 17:11:09.696"/>
</kw>
<kw name="Close Browser" library="SeleniumLibrary" type="TEARDOWN">
<doc>Closes the current browser.</doc>
<status status="PASS" starttime="20260116 17:11:09.696" endtime="20260116 17:11:11.918"/>
</kw>
<status status="PASS" starttime="20260116 17:10:43.182" endtime="20260116 17:11:11.918"/>
</test>
<test id="s1-t3" name="Twitter Button" line="15">
<kw name="Open Homepage" library="home_page">
<kw name="Open Browser To Application" library="browser">
<kw name="Evaluate" library="BuiltIn">
<var>${chrome_options}</var>
<arg>selenium.webdriver.ChromeOptions()</arg>
<arg>modules=selenium.webdriver</arg>
<doc>Evaluates the given expression in Python and returns the result.</doc>
<msg timestamp="20260116 17:11:11.921" level="INFO">${chrome_options} = &lt;selenium.webdriver.chrome.options.Options object at 0x000002C960613890&gt;</msg>
<status status="PASS" starttime="20260116 17:11:11.920" endtime="20260116 17:11:11.921"/>
</kw>
<kw name="Create List" library="BuiltIn">
<var>${args}</var>
<arg>--window-size=1920,1080</arg>
<arg>--start-maximized</arg>
<arg>--no-sandbox</arg>
<arg>--disable-dev-shm-usage</arg>
<arg>--disable-gpu</arg>
<arg>--disable-software-rasterizer</arg>
<arg>--remote-debugging-port=9222</arg>
<arg>--disable-extensions</arg>
<arg>--disable-setuid-sandbox</arg>
<doc>Returns a list containing given items.</doc>
<msg timestamp="20260116 17:11:11.921" level="INFO">${args} = ['--window-size=1920,1080', '--start-maximized', '--no-sandbox', '--disable-dev-shm-usage', '--disable-gpu', '--disable-software-rasterizer', '--remote-debugging-port=9222', '--disable-extensions', '-...</msg>
<status status="PASS" starttime="20260116 17:11:11.921" endtime="20260116 17:11:11.921"/>
</kw>
<for flavor="IN">
<var>${arg}</var>
<value>@{args}</value>
<iter>
<var name="${arg}">--window-size=1920,1080</var>
<kw name="Call Method" library="BuiltIn">
<arg>${chrome_options}</arg>
<arg>add_argument</arg>
<arg>${arg}</arg>
<doc>Calls the named method of the given object with the provided arguments.</doc>
<status status="PASS" starttime="20260116 17:11:11.922" endtime="20260116 17:11:11.922"/>
</kw>
<status status="PASS" starttime="20260116 17:11:11.922" endtime="20260116 17:11:11.922"/>
</iter>
<iter>
<var name="${arg}">--start-maximized</var>
<kw name="Call Method" library="BuiltIn">
<arg>${chrome_options}</arg>
<arg>add_argument</arg>
<arg>${arg}</arg>
<doc>Calls the named method of the given object with the provided arguments.</doc>
<status status="PASS" starttime="20260116 17:11:11.922" endtime="20260116 17:11:11.922"/>
</kw>
<status status="PASS" starttime="20260116 17:11:11.922" endtime="20260116 17:11:11.923"/>
</iter>
<iter>
<var name="${arg}">--no-sandbox</var>
<kw name="Call Method" library="BuiltIn">
<arg>${chrome_options}</arg>
<arg>add_argument</arg>
<arg>${arg}</arg>
<doc>Calls the named method of the given object with the provided arguments.</doc>
<status status="PASS" starttime="20260116 17:11:11.923" endtime="20260116 17:11:11.923"/>
</kw>
<status status="PASS" starttime="20260116 17:11:11.923" endtime="20260116 17:11:11.923"/>
</iter>
<iter>
<var name="${arg}">--disable-dev-shm-usage</var>
<kw name="Call Method" library="BuiltIn">
<arg>${chrome_options}</arg>
<arg>add_argument</arg>
<arg>${arg}</arg>
<doc>Calls the named method of the given object with the provided arguments.</doc>
<status status="PASS" starttime="20260116 17:11:11.923" endtime="20260116 17:11:11.923"/>
</kw>
<status status="PASS" starttime="20260116 17:11:11.923" endtime="20260116 17:11:11.923"/>
</iter>
<iter>
<var name="${arg}">--disable-gpu</var>
<kw name="Call Method" library="BuiltIn">
<arg>${chrome_options}</arg>
<arg>add_argument</arg>
<arg>${arg}</arg>
<doc>Calls the named method of the given object with the provided arguments.</doc>
<status status="PASS" starttime="20260116 17:11:11.924" endtime="20260116 17:11:11.924"/>
</kw>
<status status="PASS" starttime="20260116 17:11:11.924" endtime="20260116 17:11:11.924"/>
</iter>
<iter>
<var name="${arg}">--disable-software-rasterizer</var>
<kw name="Call Method" library="BuiltIn">
<arg>${chrome_options}</arg>
<arg>add_argument</arg>
<arg>${arg}</arg>
<doc>Calls the named method of the given object with the provided arguments.</doc>
<status status="PASS" starttime="20260116 17:11:11.924" endtime="20260116 17:11:11.924"/>
</kw>
<status status="PASS" starttime="20260116 17:11:11.924" endtime="20260116 17:11:11.924"/>
</iter>
<iter>
<var name="${arg}">--remote-debugging-port=9222</var>
<kw name="Call Method" library="BuiltIn">
<arg>${chrome_options}</arg>
<arg>add_argument</arg>
<arg>${arg}</arg>
<doc>Calls the named method of the given object with the provided arguments.</doc>
<status status="PASS" starttime="20260116 17:11:11.925" endtime="20260116 17:11:11.925"/>
</kw>
<status status="PASS" starttime="20260116 17:11:11.925" endtime="20260116 17:11:11.925"/>
</iter>
<iter>
<var name="${arg}">--disable-extensions</var>
<kw name="Call Method" library="BuiltIn">
<arg>${chrome_options}</arg>
<arg>add_argument</arg>
<arg>${arg}</arg>
<doc>Calls the named method of the given object with the provided arguments.</doc>
<status status="PASS" starttime="20260116 17:11:11.925" endtime="20260116 17:11:11.925"/>
</kw>
<status status="PASS" starttime="20260116 17:11:11.925" endtime="20260116 17:11:11.925"/>
</iter>
<iter>
<var name="${arg}">--disable-setuid-sandbox</var>
<kw name="Call Method" library="BuiltIn">
<arg>${chrome_options}</arg>
<arg>add_argument</arg>
<arg>${arg}</arg>
<doc>Calls the named method of the given object with the provided arguments.</doc>
<status status="PASS" starttime="20260116 17:11:11.926" endtime="20260116 17:11:11.926"/>
</kw>
<status status="PASS" starttime="20260116 17:11:11.925" endtime="20260116 17:11:11.926"/>
</iter>
<status status="PASS" starttime="20260116 17:11:11.921" endtime="20260116 17:11:11.926"/>
</for>
<kw name="Open Browser" library="SeleniumLibrary">
<arg>${BASE_URL}</arg>
<arg>${BROWSER}</arg>
<arg>options=${chrome_options}</arg>
<doc>Opens a new browser instance to the optional ``url``.</doc>
<msg timestamp="20260116 17:11:11.927" level="INFO">Opening browser 'Chrome' to base url 'https://trailquest.global/'.</msg>
<status status="PASS" starttime="20260116 17:11:11.926" endtime="20260116 17:11:18.446"/>
</kw>
<status status="PASS" starttime="20260116 17:11:11.920" endtime="20260116 17:11:18.447"/>
</kw>
<kw name="Sleep" library="BuiltIn">
<arg>2s</arg>
<doc>Pauses the test executed for the given time.</doc>
<msg timestamp="20260116 17:11:20.448" level="INFO">Slept 2 seconds</msg>
<status status="PASS" starttime="20260116 17:11:18.447" endtime="20260116 17:11:20.448"/>
</kw>
<status status="PASS" starttime="20260116 17:11:11.920" endtime="20260116 17:11:20.448"/>
</kw>
<kw name="Test Twitter" library="treks_tours">
<kw name="Verify Logo Is Visible" library="treks_tours">
<kw name="Wait Until Element Is Visible" library="SeleniumLibrary">
<arg>${logo}</arg>
<doc>Waits until the element ``locator`` is visible.</doc>
<status status="PASS" starttime="20260116 17:11:20.449" endtime="20260116 17:11:20.481"/>
</kw>
<kw name="Sleep" library="BuiltIn">
<arg>2s</arg>
<doc>Pauses the test executed for the given time.</doc>
<msg timestamp="20260116 17:11:22.481" level="INFO">Slept 2 seconds</msg>
<status status="PASS" starttime="20260116 17:11:20.481" endtime="20260116 17:11:22.481"/>
</kw>
<status status="PASS" starttime="20260116 17:11:20.449" endtime="20260116 17:11:22.482"/>
</kw>
<kw name="Open Trek And Tours Menu" library="treks_tours">
<kw name="Wait And Click" library="keywords">
<arg>${trek_and_tours}</arg>
<kw name="Wait Until Element Is Visible" library="SeleniumLibrary">
<arg>${locator}</arg>
<doc>Waits until the element ``locator`` is visible.</doc>
<status status="PASS" starttime="20260116 17:11:22.482" endtime="20260116 17:11:22.503"/>
</kw>
<kw name="Click Element" library="SeleniumLibrary">
<arg>${locator}</arg>
<doc>Click the element identified by ``locator``.</doc>
<msg timestamp="20260116 17:11:22.504" level="INFO">Clicking element 'xpath=/html/body/div[1]/header/div[1]/div/div/div/div/div[2]/div[2]/ul/li[2]/a/i'.</msg>
<status status="PASS" starttime="20260116 17:11:22.503" endtime="20260116 17:11:22.578"/>
</kw>
<status status="PASS" starttime="20260116 17:11:22.482" endtime="20260116 17:11:22.578"/>
</kw>
<kw name="Sleep" library="BuiltIn">
<arg>2s</arg>
<doc>Pauses the test executed for the given time.</doc>
<msg timestamp="20260116 17:11:24.579" level="INFO">Slept 2 seconds</msg>
<status status="PASS" starttime="20260116 17:11:22.578" endtime="20260116 17:11:24.580"/>
</kw>
<status status="PASS" starttime="20260116 17:11:22.482" endtime="20260116 17:11:24.580"/>
</kw>
<kw name="Click Push Your Limit" library="treks_tours">
<kw name="Wait And Click" library="keywords">
<arg>${push_your_limit}</arg>
<kw name="Wait Until Element Is Visible" library="SeleniumLibrary">
<arg>${locator}</arg>
<doc>Waits until the element ``locator`` is visible.</doc>
<status status="PASS" starttime="20260116 17:11:24.581" endtime="20260116 17:11:24.601"/>
</kw>
<kw name="Click Element" library="SeleniumLibrary">
<arg>${locator}</arg>
<doc>Click the element identified by ``locator``.</doc>
<msg timestamp="20260116 17:11:24.602" level="INFO">Clicking element 'xpath=/html/body/div[1]/header/div[1]/div/div/div/div/div[2]/div[2]/ul/li[2]/ul/li[2]/a'.</msg>
<status status="PASS" starttime="20260116 17:11:24.602" endtime="20260116 17:11:28.687"/>
</kw>
<status status="PASS" starttime="20260116 17:11:24.580" endtime="20260116 17:11:28.687"/>
</kw>
<kw name="Sleep" library="BuiltIn">
<arg>2s</arg>
<doc>Pauses the test executed for the given time.</doc>
<msg timestamp="20260116 17:11:30.688" level="INFO">Slept 2 seconds</msg>
<status status="PASS" starttime="20260116 17:11:28.687" endtime="20260116 17:11:30.688"/>
</kw>
<status status="PASS" starttime="20260116 17:11:24.580" endtime="20260116 17:11:30.688"/>
</kw>
<kw name="Go Down to" library="treks_tours">
<kw name="Scroll Element Into View" library="SeleniumLibrary">
<arg>${header}</arg>
<doc>Scrolls the element identified by ``locator`` into view.</doc>
<status status="PASS" starttime="20260116 17:11:30.688" endtime="20260116 17:11:30.982"/>
</kw>
<kw name="Sleep" library="BuiltIn">
<arg>2s</arg>
<doc>Pauses the test executed for the given time.</doc>
<msg timestamp="20260116 17:11:32.983" level="INFO">Slept 2 seconds</msg>
<status status="PASS" starttime="20260116 17:11:30.983" endtime="20260116 17:11:32.983"/>
</kw>
<status status="PASS" starttime="20260116 17:11:30.688" endtime="20260116 17:11:32.983"/>
</kw>
<kw name="Click Easy" library="treks_tours">
<kw name="Wait And Click" library="keywords">
<arg>${easy}</arg>
<kw name="Wait Until Element Is Visible" library="SeleniumLibrary">
<arg>${locator}</arg>
<doc>Waits until the element ``locator`` is visible.</doc>
<status status="PASS" starttime="20260116 17:11:32.984" endtime="20260116 17:11:33.004"/>
</kw>
<kw name="Click Element" library="SeleniumLibrary">
<arg>${locator}</arg>
<doc>Click the element identified by ``locator``.</doc>
<msg timestamp="20260116 17:11:33.004" level="INFO">Clicking element 'xpath=/html/body/div[3]/section/div/div/ul/li[1]/h3'.</msg>
<status status="PASS" starttime="20260116 17:11:33.004" endtime="20260116 17:11:33.060"/>
</kw>
<status status="PASS" starttime="20260116 17:11:32.984" endtime="20260116 17:11:33.060"/>
</kw>
<status status="PASS" starttime="20260116 17:11:32.983" endtime="20260116 17:11:33.060"/>
</kw>
<kw name="Click Everest Picture" library="treks_tours">
<kw name="Wait And Click" library="keywords">
<arg>${everest_picture}</arg>
<kw name="Wait Until Element Is Visible" library="SeleniumLibrary">
<arg>${locator}</arg>
<doc>Waits until the element ``locator`` is visible.</doc>
<status status="PASS" starttime="20260116 17:11:33.061" endtime="20260116 17:11:33.080"/>
</kw>
<kw name="Click Element" library="SeleniumLibrary">
<arg>${locator}</arg>
<doc>Click the element identified by ``locator``.</doc>
<msg timestamp="20260116 17:11:33.081" level="INFO">Clicking element 'xpath=//img[contains(@alt,'Everest 3 Passes Trek')]'.</msg>
<status status="PASS" starttime="20260116 17:11:33.081" endtime="20260116 17:11:36.616"/>
</kw>
<status status="PASS" starttime="20260116 17:11:33.061" endtime="20260116 17:11:36.616"/>
</kw>
<kw name="Wait Until Element Is Visible" library="SeleniumLibrary">
<arg>${everest_header}</arg>
<doc>Waits until the element ``locator`` is visible.</doc>
<status status="PASS" starttime="20260116 17:11:36.616" endtime="20260116 17:11:36.650"/>
</kw>
<status status="PASS" starttime="20260116 17:11:33.060" endtime="20260116 17:11:36.650"/>
</kw>
<kw name="Wait And Click" library="keywords">
<arg>${share}</arg>
<kw name="Wait Until Element Is Visible" library="SeleniumLibrary">
<arg>${locator}</arg>
<doc>Waits until the element ``locator`` is visible.</doc>
<status status="PASS" starttime="20260116 17:11:36.651" endtime="20260116 17:11:36.684"/>
</kw>
<kw name="Click Element" library="SeleniumLibrary">
<arg>${locator}</arg>
<doc>Click the element identified by ``locator``.</doc>
<msg timestamp="20260116 17:11:36.684" level="INFO">Clicking element 'xpath=/html/body/div[3]/div[1]/section[1]/div/div[1]/div[2]/div/div[1]'.</msg>
<status status="PASS" starttime="20260116 17:11:36.684" endtime="20260116 17:11:37.389"/>
</kw>
<status status="PASS" starttime="20260116 17:11:36.650" endtime="20260116 17:11:37.389"/>
</kw>
<kw name="Sleep" library="BuiltIn">
<arg>2s</arg>
<doc>Pauses the test executed for the given time.</doc>
<msg timestamp="20260116 17:11:39.390" level="INFO">Slept 2 seconds</msg>
<status status="PASS" starttime="20260116 17:11:37.389" endtime="20260116 17:11:39.390"/>
</kw>
<kw name="Wait Until Element Is Visible" library="SeleniumLibrary">
<arg>${twitter}</arg>
<doc>Waits until the element ``locator`` is visible.</doc>
<status status="PASS" starttime="20260116 17:11:39.390" endtime="20260116 17:11:39.410"/>
</kw>
<kw name="Sleep" library="BuiltIn">
<arg>1s</arg>
<doc>Pauses the test executed for the given time.</doc>
<msg timestamp="20260116 17:11:40.411" level="INFO">Slept 1 second</msg>
<status status="PASS" starttime="20260116 17:11:39.410" endtime="20260116 17:11:40.411"/>
</kw>
<kw name="Wait And Click" library="keywords">
<arg>${twitter}</arg>
<kw name="Wait Until Element Is Visible" library="SeleniumLibrary">
<arg>${locator}</arg>
<doc>Waits until the element ``locator`` is visible.</doc>
<status status="PASS" starttime="20260116 17:11:40.412" endtime="20260116 17:11:40.427"/>
</kw>
<kw name="Click Element" library="SeleniumLibrary">
<arg>${locator}</arg>
<doc>Click the element identified by ``locator``.</doc>
<msg timestamp="20260116 17:11:40.427" level="INFO">Clicking element 'xpath=/html/body/div[3]/div[1]/section[1]/div/div[1]/div[2]/div/div[1]/div/div/a[2]'.</msg>
<status status="PASS" starttime="20260116 17:11:40.427" endtime="20260116 17:11:40.529"/>
</kw>
<status status="PASS" starttime="20260116 17:11:40.411" endtime="20260116 17:11:40.529"/>
</kw>
<kw name="Sleep" library="BuiltIn">
<arg>2s</arg>
<doc>Pauses the test executed for the given time.</doc>
<msg timestamp="20260116 17:11:42.531" level="INFO">Slept 2 seconds</msg>
<status status="PASS" starttime="20260116 17:11:40.530" endtime="20260116 17:11:42.531"/>
</kw>
<kw name="Capture Page Screenshot" library="SeleniumLibrary">
<doc>Takes a screenshot of the current page and embeds it into a log file.</doc>
<msg timestamp="20260116 17:11:43.024" level="INFO" html="true">&lt;/td&gt;&lt;/tr&gt;&lt;tr&gt;&lt;td colspan="3"&gt;&lt;a href="selenium-screenshot-185.png"&gt;&lt;img src="selenium-screenshot-185.png" width="800px"&gt;&lt;/a&gt;</msg>
<status status="PASS" starttime="20260116 17:11:42.531" endtime="20260116 17:11:43.024"/>
</kw>
<status status="PASS" starttime="20260116 17:11:20.448" endtime="20260116 17:11:43.024"/>
</kw>
<kw name="Close Browser" library="SeleniumLibrary" type="TEARDOWN">
<doc>Closes the current browser.</doc>
<status status="PASS" starttime="20260116 17:11:43.025" endtime="20260116 17:11:45.412"/>
</kw>
<status status="PASS" starttime="20260116 17:11:11.919" endtime="20260116 17:11:45.412"/>
</test>
<status status="PASS" starttime="20260116 17:10:00.303" endtime="20260116 17:11:45.414"/>
</suite>
<statistics>
<total>
<stat pass="3" fail="0" skip="0">All Tests</stat>
</total>
<tag>
</tag>
<suite>
<stat pass="3" fail="0" skip="0" id="s1" name="Treks Tours">Treks Tours</stat>
</suite>
</statistics>
<errors>
</errors>
</robot>
