<?xml version="1.0" encoding="UTF-8"?>
<robot generator="Robot 6.1.1 (Python 3.13.9 on win32)" generated="20260123 15:12:46.235" rpa="false" schemaversion="4">
<suite id="s1" name="Reconnect With Nature" source="C:\Users\Swarup Dahal\PycharmProjects\trail-quest\tests\reconnect_with_nature.robot">
<test id="s1-t1" name="Reconnect With Nature Test" line="8">
<kw name="Open Homepage" library="home_page">
<kw name="Open Browser To Application" library="browser">
<kw name="Evaluate" library="BuiltIn">
<var>${chrome_options}</var>
<arg>selenium.webdriver.ChromeOptions()</arg>
<arg>modules=selenium.webdriver</arg>
<doc>Evaluates the given expression in Python and returns the result.</doc>
<msg timestamp="20260123 15:12:46.768" level="INFO">${chrome_options} = &lt;selenium.webdriver.chrome.options.Options object at 0x0000021118EAB620&gt;</msg>
<status status="PASS" starttime="20260123 15:12:46.767" endtime="20260123 15:12:46.768"/>
</kw>
<kw name="Create List" library="BuiltIn">
<var>${args}</var>
<arg>--window-size=1920,1080</arg>
<arg>--start-maximized</arg>
<arg>--no-sandbox</arg>
<arg>--disable-dev-shm-usage</arg>
<arg>--disable-gpu</arg>
<arg>--disable-software-rasterizer</arg>
<arg>--remote-debugging-port=9222</arg>
<arg>--disable-extensions</arg>
<arg>--disable-setuid-sandbox</arg>
<doc>Returns a list containing given items.</doc>
<msg timestamp="20260123 15:12:46.768" level="INFO">${args} = ['--window-size=1920,1080', '--start-maximized', '--no-sandbox', '--disable-dev-shm-usage', '--disable-gpu', '--disable-software-rasterizer', '--remote-debugging-port=9222', '--disable-extensions', '-...</msg>
<status status="PASS" starttime="20260123 15:12:46.768" endtime="20260123 15:12:46.768"/>
</kw>
<for flavor="IN">
<var>${arg}</var>
<value>@{args}</value>
<iter>
<var name="${arg}">--window-size=1920,1080</var>
<kw name="Call Method" library="BuiltIn">
<arg>${chrome_options}</arg>
<arg>add_argument</arg>
<arg>${arg}</arg>
<doc>Calls the named method of the given object with the provided arguments.</doc>
<status status="PASS" starttime="20260123 15:12:46.769" endtime="20260123 15:12:46.769"/>
</kw>
<status status="PASS" starttime="20260123 15:12:46.769" endtime="20260123 15:12:46.769"/>
</iter>
<iter>
<var name="${arg}">--start-maximized</var>
<kw name="Call Method" library="BuiltIn">
<arg>${chrome_options}</arg>
<arg>add_argument</arg>
<arg>${arg}</arg>
<doc>Calls the named method of the given object with the provided arguments.</doc>
<status status="PASS" starttime="20260123 15:12:46.769" endtime="20260123 15:12:46.770"/>
</kw>
<status status="PASS" starttime="20260123 15:12:46.769" endtime="20260123 15:12:46.770"/>
</iter>
<iter>
<var name="${arg}">--no-sandbox</var>
<kw name="Call Method" library="BuiltIn">
<arg>${chrome_options}</arg>
<arg>add_argument</arg>
<arg>${arg}</arg>
<doc>Calls the named method of the given object with the provided arguments.</doc>
<status status="PASS" starttime="20260123 15:12:46.770" endtime="20260123 15:12:46.770"/>
</kw>
<status status="PASS" starttime="20260123 15:12:46.770" endtime="20260123 15:12:46.770"/>
</iter>
<iter>
<var name="${arg}">--disable-dev-shm-usage</var>
<kw name="Call Method" library="BuiltIn">
<arg>${chrome_options}</arg>
<arg>add_argument</arg>
<arg>${arg}</arg>
<doc>Calls the named method of the given object with the provided arguments.</doc>
<status status="PASS" starttime="20260123 15:12:46.770" endtime="20260123 15:12:46.770"/>
</kw>
<status status="PASS" starttime="20260123 15:12:46.770" endtime="20260123 15:12:46.771"/>
</iter>
<iter>
<var name="${arg}">--disable-gpu</var>
<kw name="Call Method" library="BuiltIn">
<arg>${chrome_options}</arg>
<arg>add_argument</arg>
<arg>${arg}</arg>
<doc>Calls the named method of the given object with the provided arguments.</doc>
<status status="PASS" starttime="20260123 15:12:46.771" endtime="20260123 15:12:46.771"/>
</kw>
<status status="PASS" starttime="20260123 15:12:46.771" endtime="20260123 15:12:46.771"/>
</iter>
<iter>
<var name="${arg}">--disable-software-rasterizer</var>
<kw name="Call Method" library="BuiltIn">
<arg>${chrome_options}</arg>
<arg>add_argument</arg>
<arg>${arg}</arg>
<doc>Calls the named method of the given object with the provided arguments.</doc>
<status status="PASS" starttime="20260123 15:12:46.771" endtime="20260123 15:12:46.771"/>
</kw>
<status status="PASS" starttime="20260123 15:12:46.771" endtime="20260123 15:12:46.771"/>
</iter>
<iter>
<var name="${arg}">--remote-debugging-port=9222</var>
<kw name="Call Method" library="BuiltIn">
<arg>${chrome_options}</arg>
<arg>add_argument</arg>
<arg>${arg}</arg>
<doc>Calls the named method of the given object with the provided arguments.</doc>
<status status="PASS" starttime="20260123 15:12:46.772" endtime="20260123 15:12:46.772"/>
</kw>
<status status="PASS" starttime="20260123 15:12:46.772" endtime="20260123 15:12:46.772"/>
</iter>
<iter>
<var name="${arg}">--disable-extensions</var>
<kw name="Call Method" library="BuiltIn">
<arg>${chrome_options}</arg>
<arg>add_argument</arg>
<arg>${arg}</arg>
<doc>Calls the named method of the given object with the provided arguments.</doc>
<status status="PASS" starttime="20260123 15:12:46.772" endtime="20260123 15:12:46.772"/>
</kw>
<status status="PASS" starttime="20260123 15:12:46.772" endtime="20260123 15:12:46.772"/>
</iter>
<iter>
<var name="${arg}">--disable-setuid-sandbox</var>
<kw name="Call Method" library="BuiltIn">
<arg>${chrome_options}</arg>
<arg>add_argument</arg>
<arg>${arg}</arg>
<doc>Calls the named method of the given object with the provided arguments.</doc>
<status status="PASS" starttime="20260123 15:12:46.773" endtime="20260123 15:12:46.773"/>
</kw>
<status status="PASS" starttime="20260123 15:12:46.772" endtime="20260123 15:12:46.773"/>
</iter>
<status status="PASS" starttime="20260123 15:12:46.768" endtime="20260123 15:12:46.773"/>
</for>
<kw name="Open Browser" library="SeleniumLibrary">
<arg>${BASE_URL}</arg>
<arg>${BROWSER}</arg>
<arg>options=${chrome_options}</arg>
<doc>Opens a new browser instance to the optional ``url``.</doc>
<msg timestamp="20260123 15:12:46.774" level="INFO">Opening browser 'Chrome' to base url 'https://trailquest.global/'.</msg>
<status status="PASS" starttime="20260123 15:12:46.773" endtime="20260123 15:12:53.351"/>
</kw>
<status status="PASS" starttime="20260123 15:12:46.767" endtime="20260123 15:12:53.351"/>
</kw>
<kw name="Sleep" library="BuiltIn">
<arg>2s</arg>
<doc>Pauses the test executed for the given time.</doc>
<msg timestamp="20260123 15:12:55.352" level="INFO">Slept 2 seconds</msg>
<status status="PASS" starttime="20260123 15:12:53.352" endtime="20260123 15:12:55.352"/>
</kw>
<status status="PASS" starttime="20260123 15:12:46.767" endtime="20260123 15:12:55.352"/>
</kw>
<kw name="Verify Logo Is Visible" library="home_page">
<kw name="Wait Until Element Is Visible" library="SeleniumLibrary">
<arg>${logo}</arg>
<doc>Waits until the element ``locator`` is visible.</doc>
<status status="PASS" starttime="20260123 15:12:55.353" endtime="20260123 15:12:55.384"/>
</kw>
<kw name="Sleep" library="BuiltIn">
<arg>2s</arg>
<doc>Pauses the test executed for the given time.</doc>
<msg timestamp="20260123 15:12:57.385" level="INFO">Slept 2 seconds</msg>
<status status="PASS" starttime="20260123 15:12:55.385" endtime="20260123 15:12:57.385"/>
</kw>
<status status="PASS" starttime="20260123 15:12:55.353" endtime="20260123 15:12:57.385"/>
</kw>
<kw name="Open Trek And Tours Menu" library="home_page">
<kw name="Wait And Click" library="keywords">
<arg>${trek_and_tours}</arg>
<doc>Waits until element is visible &amp; enabled, scrolls into view, clicks, fallback to JS if normal click fails</doc>
<kw name="Wait Until Element Is Visible" library="SeleniumLibrary">
<arg>${locator}</arg>
<arg>${timeout}</arg>
<doc>Waits until the element ``locator`` is visible.</doc>
<status status="PASS" starttime="20260123 15:12:57.386" endtime="20260123 15:12:57.408"/>
</kw>
<kw name="Wait Until Element Is Enabled" library="SeleniumLibrary">
<arg>${locator}</arg>
<arg>${timeout}</arg>
<doc>Waits until the element ``locator`` is enabled.</doc>
<status status="PASS" starttime="20260123 15:12:57.408" endtime="20260123 15:12:57.442"/>
</kw>
<kw name="Scroll Element Into View" library="SeleniumLibrary">
<arg>${locator}</arg>
<doc>Scrolls the element identified by ``locator`` into view.</doc>
<status status="PASS" starttime="20260123 15:12:57.443" endtime="20260123 15:12:57.730"/>
</kw>
<kw name="Run Keyword And Return Status" library="BuiltIn">
<var>${clicked}</var>
<arg>Click Element</arg>
<arg>${locator}</arg>
<doc>Runs the given keyword with given arguments and returns the status as a Boolean value.</doc>
<kw name="Click Element" library="SeleniumLibrary">
<arg>${locator}</arg>
<doc>Click the element identified by ``locator``.</doc>
<msg timestamp="20260123 15:12:57.731" level="INFO">Clicking element 'xpath=/html/body/div[1]/header/div[1]/div/div/div/div/div[2]/div[2]/ul/li[2]/a/i'.</msg>
<status status="PASS" starttime="20260123 15:12:57.730" endtime="20260123 15:12:57.801"/>
</kw>
<msg timestamp="20260123 15:12:57.801" level="INFO">${clicked} = True</msg>
<status status="PASS" starttime="20260123 15:12:57.730" endtime="20260123 15:12:57.801"/>
</kw>
<if>
<branch type="IF" condition="not ${clicked}">
<kw name="Log" library="BuiltIn">
<arg>Using JS click fallback for ${locator}</arg>
<doc>Logs the given message with the given level.</doc>
<status status="NOT RUN" starttime="20260123 15:12:57.802" endtime="20260123 15:12:57.802"/>
</kw>
<kw name="Execute Javascript" library="SeleniumLibrary">
<arg>arguments[0].click();</arg>
<arg>document.evaluate("${locator.replace('xpath=','')}", document, null, XPathResult.FIRST_ORDERED_NODE_TYPE, null).singleNodeValue</arg>
<doc>Executes the given JavaScript code with possible arguments.</doc>
<status status="NOT RUN" starttime="20260123 15:12:57.802" endtime="20260123 15:12:57.802"/>
</kw>
<status status="NOT RUN" starttime="20260123 15:12:57.801" endtime="20260123 15:12:57.802"/>
</branch>
<status status="PASS" starttime="20260123 15:12:57.801" endtime="20260123 15:12:57.802"/>
</if>
<status status="PASS" starttime="20260123 15:12:57.386" endtime="20260123 15:12:57.802"/>
</kw>
<kw name="Sleep" library="BuiltIn">
<arg>2s</arg>
<doc>Pauses the test executed for the given time.</doc>
<msg timestamp="20260123 15:12:59.803" level="INFO">Slept 2 seconds</msg>
<status status="PASS" starttime="20260123 15:12:57.802" endtime="20260123 15:12:59.803"/>
</kw>
<status status="PASS" starttime="20260123 15:12:57.386" endtime="20260123 15:12:59.803"/>
</kw>
<kw name="Test Nepal Unbound Heritage to the pulse of wild" library="reconnect_with_nature">
<kw name="Test Reconnect With Nature" library="reconnect_with_nature">
<kw name="Click Reconnect With Nature" library="reconnect_with_nature">
<kw name="Wait And Click" library="keywords">
<arg>${Reconnect_nature}</arg>
<doc>Waits until element is visible &amp; enabled, scrolls into view, clicks, fallback to JS if normal click fails</doc>
<kw name="Wait Until Element Is Visible" library="SeleniumLibrary">
<arg>${locator}</arg>
<arg>${timeout}</arg>
<doc>Waits until the element ``locator`` is visible.</doc>
<status status="PASS" starttime="20260123 15:12:59.805" endtime="20260123 15:12:59.825"/>
</kw>
<kw name="Wait Until Element Is Enabled" library="SeleniumLibrary">
<arg>${locator}</arg>
<arg>${timeout}</arg>
<doc>Waits until the element ``locator`` is enabled.</doc>
<status status="PASS" starttime="20260123 15:12:59.825" endtime="20260123 15:12:59.845"/>
</kw>
<kw name="Scroll Element Into View" library="SeleniumLibrary">
<arg>${locator}</arg>
<doc>Scrolls the element identified by ``locator`` into view.</doc>
<status status="PASS" starttime="20260123 15:12:59.845" endtime="20260123 15:13:00.135"/>
</kw>
<kw name="Run Keyword And Return Status" library="BuiltIn">
<var>${clicked}</var>
<arg>Click Element</arg>
<arg>${locator}</arg>
<doc>Runs the given keyword with given arguments and returns the status as a Boolean value.</doc>
<kw name="Click Element" library="SeleniumLibrary">
<arg>${locator}</arg>
<doc>Click the element identified by ``locator``.</doc>
<msg timestamp="20260123 15:13:00.136" level="INFO">Clicking element 'xpath=/html/body/div[1]/header/div[1]/div/div/div/div/div[2]/div[2]/ul/li[2]/ul/li[3]/a'.</msg>
<status status="PASS" starttime="20260123 15:13:00.136" endtime="20260123 15:13:04.999"/>
</kw>
<msg timestamp="20260123 15:13:04.999" level="INFO">${clicked} = True</msg>
<status status="PASS" starttime="20260123 15:13:00.135" endtime="20260123 15:13:04.999"/>
</kw>
<if>
<branch type="IF" condition="not ${clicked}">
<kw name="Log" library="BuiltIn">
<arg>Using JS click fallback for ${locator}</arg>
<doc>Logs the given message with the given level.</doc>
<status status="NOT RUN" starttime="20260123 15:13:04.999" endtime="20260123 15:13:04.999"/>
</kw>
<kw name="Execute Javascript" library="SeleniumLibrary">
<arg>arguments[0].click();</arg>
<arg>document.evaluate("${locator.replace('xpath=','')}", document, null, XPathResult.FIRST_ORDERED_NODE_TYPE, null).singleNodeValue</arg>
<doc>Executes the given JavaScript code with possible arguments.</doc>
<status status="NOT RUN" starttime="20260123 15:13:04.999" endtime="20260123 15:13:04.999"/>
</kw>
<status status="NOT RUN" starttime="20260123 15:13:04.999" endtime="20260123 15:13:04.999"/>
</branch>
<status status="PASS" starttime="20260123 15:13:04.999" endtime="20260123 15:13:04.999"/>
</if>
<status status="PASS" starttime="20260123 15:12:59.804" endtime="20260123 15:13:05.000"/>
</kw>
<kw name="Sleep" library="BuiltIn">
<arg>2s</arg>
<doc>Pauses the test executed for the given time.</doc>
<msg timestamp="20260123 15:13:07.000" level="INFO">Slept 2 seconds</msg>
<status status="PASS" starttime="20260123 15:13:05.000" endtime="20260123 15:13:07.000"/>
</kw>
<status status="PASS" starttime="20260123 15:12:59.804" endtime="20260123 15:13:07.000"/>
</kw>
<kw name="Wait Until Element Is Visible" library="SeleniumLibrary">
<arg>${Reconnect_with_nature_contents}</arg>
<doc>Waits until the element ``locator`` is visible.</doc>
<status status="PASS" starttime="20260123 15:13:07.000" endtime="20260123 15:13:07.023"/>
</kw>
<kw name="Go Down to" library="treks_tours">
<kw name="Scroll Element Into View" library="SeleniumLibrary">
<arg>${header}</arg>
<doc>Scrolls the element identified by ``locator`` into view.</doc>
<status status="PASS" starttime="20260123 15:13:07.023" endtime="20260123 15:13:07.309"/>
</kw>
<kw name="Sleep" library="BuiltIn">
<arg>2s</arg>
<doc>Pauses the test executed for the given time.</doc>
<msg timestamp="20260123 15:13:09.310" level="INFO">Slept 2 seconds</msg>
<status status="PASS" starttime="20260123 15:13:07.309" endtime="20260123 15:13:09.310"/>
</kw>
<status status="PASS" starttime="20260123 15:13:07.023" endtime="20260123 15:13:09.310"/>
</kw>
<kw name="Wait And Click" library="keywords">
<arg>${wildlife_encounter}</arg>
<doc>Waits until element is visible &amp; enabled, scrolls into view, clicks, fallback to JS if normal click fails</doc>
<kw name="Wait Until Element Is Visible" library="SeleniumLibrary">
<arg>${locator}</arg>
<arg>${timeout}</arg>
<doc>Waits until the element ``locator`` is visible.</doc>
<status status="PASS" starttime="20260123 15:13:09.311" endtime="20260123 15:13:09.329"/>
</kw>
<kw name="Wait Until Element Is Enabled" library="SeleniumLibrary">
<arg>${locator}</arg>
<arg>${timeout}</arg>
<doc>Waits until the element ``locator`` is enabled.</doc>
<status status="PASS" starttime="20260123 15:13:09.330" endtime="20260123 15:13:09.347"/>
</kw>
<kw name="Scroll Element Into View" library="SeleniumLibrary">
<arg>${locator}</arg>
<doc>Scrolls the element identified by ``locator`` into view.</doc>
<status status="PASS" starttime="20260123 15:13:09.347" endtime="20260123 15:13:09.625"/>
</kw>
<kw name="Run Keyword And Return Status" library="BuiltIn">
<var>${clicked}</var>
<arg>Click Element</arg>
<arg>${locator}</arg>
<doc>Runs the given keyword with given arguments and returns the status as a Boolean value.</doc>
<kw name="Click Element" library="SeleniumLibrary">
<arg>${locator}</arg>
<doc>Click the element identified by ``locator``.</doc>
<msg timestamp="20260123 15:13:09.627" level="INFO">Clicking element 'xpath=/html/body/div[3]/section/div/div/ul/li[1]'.</msg>
<status status="PASS" starttime="20260123 15:13:09.626" endtime="20260123 15:13:09.681"/>
</kw>
<msg timestamp="20260123 15:13:09.681" level="INFO">${clicked} = True</msg>
<status status="PASS" starttime="20260123 15:13:09.626" endtime="20260123 15:13:09.681"/>
</kw>
<if>
<branch type="IF" condition="not ${clicked}">
<kw name="Log" library="BuiltIn">
<arg>Using JS click fallback for ${locator}</arg>
<doc>Logs the given message with the given level.</doc>
<status status="NOT RUN" starttime="20260123 15:13:09.682" endtime="20260123 15:13:09.682"/>
</kw>
<kw name="Execute Javascript" library="SeleniumLibrary">
<arg>arguments[0].click();</arg>
<arg>document.evaluate("${locator.replace('xpath=','')}", document, null, XPathResult.FIRST_ORDERED_NODE_TYPE, null).singleNodeValue</arg>
<doc>Executes the given JavaScript code with possible arguments.</doc>
<status status="NOT RUN" starttime="20260123 15:13:09.682" endtime="20260123 15:13:09.682"/>
</kw>
<status status="NOT RUN" starttime="20260123 15:13:09.681" endtime="20260123 15:13:09.682"/>
</branch>
<status status="PASS" starttime="20260123 15:13:09.681" endtime="20260123 15:13:09.682"/>
</if>
<status status="PASS" starttime="20260123 15:13:09.310" endtime="20260123 15:13:09.682"/>
</kw>
<kw name="Sleep" library="BuiltIn">
<arg>2s</arg>
<doc>Pauses the test executed for the given time.</doc>
<msg timestamp="20260123 15:13:11.683" level="INFO">Slept 2 seconds</msg>
<status status="PASS" starttime="20260123 15:13:09.682" endtime="20260123 15:13:11.683"/>
</kw>
<kw name="Wait And Click" library="keywords">
<arg>${Soulful_Returns}</arg>
<doc>Waits until element is visible &amp; enabled, scrolls into view, clicks, fallback to JS if normal click fails</doc>
<kw name="Wait Until Element Is Visible" library="SeleniumLibrary">
<arg>${locator}</arg>
<arg>${timeout}</arg>
<doc>Waits until the element ``locator`` is visible.</doc>
<status status="PASS" starttime="20260123 15:13:11.683" endtime="20260123 15:13:11.702"/>
</kw>
<kw name="Wait Until Element Is Enabled" library="SeleniumLibrary">
<arg>${locator}</arg>
<arg>${timeout}</arg>
<doc>Waits until the element ``locator`` is enabled.</doc>
<status status="PASS" starttime="20260123 15:13:11.703" endtime="20260123 15:13:11.720"/>
</kw>
<kw name="Scroll Element Into View" library="SeleniumLibrary">
<arg>${locator}</arg>
<doc>Scrolls the element identified by ``locator`` into view.</doc>
<status status="PASS" starttime="20260123 15:13:11.720" endtime="20260123 15:13:12.007"/>
</kw>
<kw name="Run Keyword And Return Status" library="BuiltIn">
<var>${clicked}</var>
<arg>Click Element</arg>
<arg>${locator}</arg>
<doc>Runs the given keyword with given arguments and returns the status as a Boolean value.</doc>
<kw name="Click Element" library="SeleniumLibrary">
<arg>${locator}</arg>
<doc>Click the element identified by ``locator``.</doc>
<msg timestamp="20260123 15:13:12.008" level="INFO">Clicking element 'xpath=/html/body/div[3]/section/div/div/ul/li[2]'.</msg>
<status status="PASS" starttime="20260123 15:13:12.007" endtime="20260123 15:13:12.068"/>
</kw>
<msg timestamp="20260123 15:13:12.069" level="INFO">${clicked} = True</msg>
<status status="PASS" starttime="20260123 15:13:12.007" endtime="20260123 15:13:12.069"/>
</kw>
<if>
<branch type="IF" condition="not ${clicked}">
<kw name="Log" library="BuiltIn">
<arg>Using JS click fallback for ${locator}</arg>
<doc>Logs the given message with the given level.</doc>
<status status="NOT RUN" starttime="20260123 15:13:12.069" endtime="20260123 15:13:12.070"/>
</kw>
<kw name="Execute Javascript" library="SeleniumLibrary">
<arg>arguments[0].click();</arg>
<arg>document.evaluate("${locator.replace('xpath=','')}", document, null, XPathResult.FIRST_ORDERED_NODE_TYPE, null).singleNodeValue</arg>
<doc>Executes the given JavaScript code with possible arguments.</doc>
<status status="NOT RUN" starttime="20260123 15:13:12.070" endtime="20260123 15:13:12.070"/>
</kw>
<status status="NOT RUN" starttime="20260123 15:13:12.069" endtime="20260123 15:13:12.070"/>
</branch>
<status status="PASS" starttime="20260123 15:13:12.069" endtime="20260123 15:13:12.070"/>
</if>
<status status="PASS" starttime="20260123 15:13:11.683" endtime="20260123 15:13:12.070"/>
</kw>
<kw name="Sleep" library="BuiltIn">
<arg>2s</arg>
<doc>Pauses the test executed for the given time.</doc>
<msg timestamp="20260123 15:13:14.071" level="INFO">Slept 2 seconds</msg>
<status status="PASS" starttime="20260123 15:13:12.070" endtime="20260123 15:13:14.071"/>
</kw>
<kw name="Scroll Element Into View" library="SeleniumLibrary">
<arg>xpath=/html/body/section[2]</arg>
<doc>Scrolls the element identified by ``locator`` into view.</doc>
<status status="PASS" starttime="20260123 15:13:14.071" endtime="20260123 15:13:14.350"/>
</kw>
<kw name="Wait Until Element Is Visible" library="SeleniumLibrary">
<arg>${Soulful_Returns_contents}</arg>
<doc>Waits until the element ``locator`` is visible.</doc>
<status status="PASS" starttime="20260123 15:13:14.350" endtime="20260123 15:13:14.369"/>
</kw>
<kw name="Sleep" library="BuiltIn">
<arg>1.5s</arg>
<doc>Pauses the test executed for the given time.</doc>
<msg timestamp="20260123 15:13:15.869" level="INFO">Slept 1 second 500 milliseconds</msg>
<status status="PASS" starttime="20260123 15:13:14.369" endtime="20260123 15:13:15.869"/>
</kw>
<status status="PASS" starttime="20260123 15:12:59.804" endtime="20260123 15:13:15.869"/>
</kw>
<kw name="Wait And Click" library="keywords">
<arg>${Nepal_Unbound_Heritage}</arg>
<doc>Waits until element is visible &amp; enabled, scrolls into view, clicks, fallback to JS if normal click fails</doc>
<kw name="Wait Until Element Is Visible" library="SeleniumLibrary">
<arg>${locator}</arg>
<arg>${timeout}</arg>
<doc>Waits until the element ``locator`` is visible.</doc>
<status status="PASS" starttime="20260123 15:13:15.870" endtime="20260123 15:13:15.889"/>
</kw>
<kw name="Wait Until Element Is Enabled" library="SeleniumLibrary">
<arg>${locator}</arg>
<arg>${timeout}</arg>
<doc>Waits until the element ``locator`` is enabled.</doc>
<status status="PASS" starttime="20260123 15:13:15.889" endtime="20260123 15:13:15.908"/>
</kw>
<kw name="Scroll Element Into View" library="SeleniumLibrary">
<arg>${locator}</arg>
<doc>Scrolls the element identified by ``locator`` into view.</doc>
<status status="PASS" starttime="20260123 15:13:15.908" endtime="20260123 15:13:16.178"/>
</kw>
<kw name="Run Keyword And Return Status" library="BuiltIn">
<var>${clicked}</var>
<arg>Click Element</arg>
<arg>${locator}</arg>
<doc>Runs the given keyword with given arguments and returns the status as a Boolean value.</doc>
<kw name="Click Element" library="SeleniumLibrary">
<arg>${locator}</arg>
<doc>Click the element identified by ``locator``.</doc>
<msg timestamp="20260123 15:13:16.179" level="INFO">Clicking element 'xpath=//*[@id="tab-soulful-returns"]/section/div/div/div/div[2]/div[1]'.</msg>
<status status="PASS" starttime="20260123 15:13:16.179" endtime="20260123 15:13:18.164"/>
</kw>
<msg timestamp="20260123 15:13:18.164" level="INFO">${clicked} = True</msg>
<status status="PASS" starttime="20260123 15:13:16.178" endtime="20260123 15:13:18.164"/>
</kw>
<if>
<branch type="IF" condition="not ${clicked}">
<kw name="Log" library="BuiltIn">
<arg>Using JS click fallback for ${locator}</arg>
<doc>Logs the given message with the given level.</doc>
<status status="NOT RUN" starttime="20260123 15:13:18.165" endtime="20260123 15:13:18.165"/>
</kw>
<kw name="Execute Javascript" library="SeleniumLibrary">
<arg>arguments[0].click();</arg>
<arg>document.evaluate("${locator.replace('xpath=','')}", document, null, XPathResult.FIRST_ORDERED_NODE_TYPE, null).singleNodeValue</arg>
<doc>Executes the given JavaScript code with possible arguments.</doc>
<status status="NOT RUN" starttime="20260123 15:13:18.165" endtime="20260123 15:13:18.165"/>
</kw>
<status status="NOT RUN" starttime="20260123 15:13:18.165" endtime="20260123 15:13:18.165"/>
</branch>
<status status="PASS" starttime="20260123 15:13:18.164" endtime="20260123 15:13:18.165"/>
</if>
<status status="PASS" starttime="20260123 15:13:15.869" endtime="20260123 15:13:18.165"/>
</kw>
<kw name="Wait Until Element Is Visible" library="SeleniumLibrary">
<arg>${Nepal_Unbound_Heritage_Content}</arg>
<doc>Waits until the element ``locator`` is visible.</doc>
<status status="PASS" starttime="20260123 15:13:18.165" endtime="20260123 15:13:18.189"/>
</kw>
<kw name="Scroll Element Into View" library="SeleniumLibrary">
<arg>xpath=/html/body/div[3]/nav</arg>
<doc>Scrolls the element identified by ``locator`` into view.</doc>
<status status="PASS" starttime="20260123 15:13:18.189" endtime="20260123 15:13:18.492"/>
</kw>
<kw name="Test Nepal Unbound Heritage to the pulse of wild Navbar" library="reconnect_with_nature">
<doc>Click all sticky navbar section links (Intro → FAQS)</doc>
<kw name="Set Variable" library="BuiltIn">
<var>${NAVBAR}</var>
<arg>//nav[contains(@class,'sticky-navbar')]</arg>
<doc>Returns the given values which can then be assigned to a variables.</doc>
<msg timestamp="20260123 15:13:18.493" level="INFO">${NAVBAR} = //nav[contains(@class,'sticky-navbar')]</msg>
<status status="PASS" starttime="20260123 15:13:18.492" endtime="20260123 15:13:18.493"/>
</kw>
<kw name="Set Variable" library="BuiltIn">
<var>${NAV_LINKS}</var>
<arg>//nav[contains(@class,'sticky-navbar')]//ul/li/a[contains(@class,'nav-link')]</arg>
<doc>Returns the given values which can then be assigned to a variables.</doc>
<msg timestamp="20260123 15:13:18.493" level="INFO">${NAV_LINKS} = //nav[contains(@class,'sticky-navbar')]//ul/li/a[contains(@class,'nav-link')]</msg>
<status status="PASS" starttime="20260123 15:13:18.493" endtime="20260123 15:13:18.493"/>
</kw>
<kw name="Wait Until Element Is Visible" library="SeleniumLibrary">
<arg>${NAVBAR}</arg>
<arg>15s</arg>
<doc>Waits until the element ``locator`` is visible.</doc>
<status status="PASS" starttime="20260123 15:13:18.493" endtime="20260123 15:13:18.514"/>
</kw>
<kw name="Scroll Element Into View" library="SeleniumLibrary">
<arg>${NAVBAR}</arg>
<doc>Scrolls the element identified by ``locator`` into view.</doc>
<status status="PASS" starttime="20260123 15:13:18.514" endtime="20260123 15:13:18.805"/>
</kw>
<kw name="Sleep" library="BuiltIn">
<arg>0.5s</arg>
<doc>Pauses the test executed for the given time.</doc>
<msg timestamp="20260123 15:13:19.306" level="INFO">Slept 500 milliseconds</msg>
<status status="PASS" starttime="20260123 15:13:18.805" endtime="20260123 15:13:19.306"/>
</kw>
<kw name="Get WebElements" library="SeleniumLibrary">
<var>${links}</var>
<arg>${NAV_LINKS}</arg>
<doc>Returns a list of WebElement objects matching the ``locator``.</doc>
<msg timestamp="20260123 15:13:19.321" level="INFO">${links} = [&lt;selenium.webdriver.remote.webelement.WebElement (session="01ab8041d3aa92b4fe6b7b3b270df770", element="f.0700B177E297B1FC82A0946FBC2FD30D.d.BF846A75D86279D3E7A9C041B8007506.e.71")&gt;, &lt;selenium.webdriv...</msg>
<status status="PASS" starttime="20260123 15:13:19.307" endtime="20260123 15:13:19.321"/>
</kw>
<kw name="Get Length" library="BuiltIn">
<var>${count}</var>
<arg>${links}</arg>
<doc>Returns and logs the length of the given item as an integer.</doc>
<msg timestamp="20260123 15:13:19.321" level="INFO">Length is 9</msg>
<msg timestamp="20260123 15:13:19.321" level="INFO">${count} = 9</msg>
<status status="PASS" starttime="20260123 15:13:19.321" endtime="20260123 15:13:19.321"/>
</kw>
<kw name="Log" library="BuiltIn">
<arg>Found ${count} sticky navbar links</arg>
<doc>Logs the given message with the given level.</doc>
<msg timestamp="20260123 15:13:19.322" level="INFO">Found 9 sticky navbar links</msg>
<status status="PASS" starttime="20260123 15:13:19.322" endtime="20260123 15:13:19.322"/>
</kw>
<for flavor="IN RANGE">
<var>${index}</var>
<value>${count}</value>
<iter>
<var name="${index}">0</var>
<kw name="Get WebElements" library="SeleniumLibrary">
<var>${links}</var>
<arg>${NAV_LINKS}</arg>
<doc>Returns a list of WebElement objects matching the ``locator``.</doc>
<msg timestamp="20260123 15:13:19.333" level="INFO">${links} = [&lt;selenium.webdriver.remote.webelement.WebElement (session="01ab8041d3aa92b4fe6b7b3b270df770", element="f.0700B177E297B1FC82A0946FBC2FD30D.d.BF846A75D86279D3E7A9C041B8007506.e.71")&gt;, &lt;selenium.webdriv...</msg>
<status status="PASS" starttime="20260123 15:13:19.323" endtime="20260123 15:13:19.333"/>
</kw>
<kw name="Set Variable" library="BuiltIn">
<var>${link}</var>
<arg>${links}[${index}]</arg>
<doc>Returns the given values which can then be assigned to a variables.</doc>
<msg timestamp="20260123 15:13:19.334" level="INFO">${link} = &lt;selenium.webdriver.remote.webelement.WebElement (session="01ab8041d3aa92b4fe6b7b3b270df770", element="f.0700B177E297B1FC82A0946FBC2FD30D.d.BF846A75D86279D3E7A9C041B8007506.e.71")&gt;</msg>
<status status="PASS" starttime="20260123 15:13:19.334" endtime="20260123 15:13:19.334"/>
</kw>
<kw name="Get Text" library="SeleniumLibrary">
<var>${text}</var>
<arg>${link}</arg>
<doc>Returns the text value of the element identified by ``locator``.</doc>
<msg timestamp="20260123 15:13:19.351" level="INFO">${text} = Intro</msg>
<status status="PASS" starttime="20260123 15:13:19.334" endtime="20260123 15:13:19.351"/>
</kw>
<kw name="Log" library="BuiltIn">
<arg>Clicking: ${text}</arg>
<doc>Logs the given message with the given level.</doc>
<msg timestamp="20260123 15:13:19.351" level="INFO">Clicking: Intro</msg>
<status status="PASS" starttime="20260123 15:13:19.351" endtime="20260123 15:13:19.352"/>
</kw>
<kw name="Scroll Element Into View" library="SeleniumLibrary">
<arg>${link}</arg>
<doc>Scrolls the element identified by ``locator`` into view.</doc>
<status status="PASS" starttime="20260123 15:13:19.352" endtime="20260123 15:13:19.632"/>
</kw>
<kw name="Sleep" library="BuiltIn">
<arg>0.3s</arg>
<doc>Pauses the test executed for the given time.</doc>
<msg timestamp="20260123 15:13:19.932" level="INFO">Slept 300 milliseconds</msg>
<status status="PASS" starttime="20260123 15:13:19.632" endtime="20260123 15:13:19.932"/>
</kw>
<kw name="Wait Until Element Is Visible" library="SeleniumLibrary">
<arg>${link}</arg>
<arg>10s</arg>
<doc>Waits until the element ``locator`` is visible.</doc>
<status status="PASS" starttime="20260123 15:13:19.933" endtime="20260123 15:13:19.941"/>
</kw>
<kw name="Wait Until Element Is Enabled" library="SeleniumLibrary">
<arg>${link}</arg>
<arg>10s</arg>
<doc>Waits until the element ``locator`` is enabled.</doc>
<status status="PASS" starttime="20260123 15:13:19.941" endtime="20260123 15:13:19.952"/>
</kw>
<kw name="Run Keyword And Return Status" library="BuiltIn">
<var>${clicked}</var>
<arg>Click Element</arg>
<arg>${link}</arg>
<doc>Runs the given keyword with given arguments and returns the status as a Boolean value.</doc>
<kw name="Click Element" library="SeleniumLibrary">
<arg>${link}</arg>
<doc>Click the element identified by ``locator``.</doc>
<msg timestamp="20260123 15:13:19.952" level="INFO">Clicking element '&lt;selenium.webdriver.remote.webelement.WebElement (session="01ab8041d3aa92b4fe6b7b3b270df770", element="f.0700B177E297B1FC82A0946FBC2FD30D.d.BF846A75D86279D3E7A9C041B8007506.e.71")&gt;'.</msg>
<status status="PASS" starttime="20260123 15:13:19.952" endtime="20260123 15:13:20.002"/>
</kw>
<msg timestamp="20260123 15:13:20.002" level="INFO">${clicked} = True</msg>
<status status="PASS" starttime="20260123 15:13:19.952" endtime="20260123 15:13:20.002"/>
</kw>
<if>
<branch type="IF" condition="not ${clicked}">
<kw name="Execute Javascript" library="SeleniumLibrary">
<arg>arguments[0].click();</arg>
<arg>${link}</arg>
<doc>Executes the given JavaScript code with possible arguments.</doc>
<status status="NOT RUN" starttime="20260123 15:13:20.003" endtime="20260123 15:13:20.003"/>
</kw>
<status status="NOT RUN" starttime="20260123 15:13:20.002" endtime="20260123 15:13:20.003"/>
</branch>
<status status="PASS" starttime="20260123 15:13:20.002" endtime="20260123 15:13:20.003"/>
</if>
<kw name="Sleep" library="BuiltIn">
<arg>0.6s</arg>
<doc>Pauses the test executed for the given time.</doc>
<msg timestamp="20260123 15:13:20.604" level="INFO">Slept 600 milliseconds</msg>
<status status="PASS" starttime="20260123 15:13:20.003" endtime="20260123 15:13:20.604"/>
</kw>
<status status="PASS" starttime="20260123 15:13:19.323" endtime="20260123 15:13:20.604"/>
</iter>
<iter>
<var name="${index}">1</var>
<kw name="Get WebElements" library="SeleniumLibrary">
<var>${links}</var>
<arg>${NAV_LINKS}</arg>
<doc>Returns a list of WebElement objects matching the ``locator``.</doc>
<msg timestamp="20260123 15:13:20.614" level="INFO">${links} = [&lt;selenium.webdriver.remote.webelement.WebElement (session="01ab8041d3aa92b4fe6b7b3b270df770", element="f.0700B177E297B1FC82A0946FBC2FD30D.d.BF846A75D86279D3E7A9C041B8007506.e.71")&gt;, &lt;selenium.webdriv...</msg>
<status status="PASS" starttime="20260123 15:13:20.604" endtime="20260123 15:13:20.614"/>
</kw>
<kw name="Set Variable" library="BuiltIn">
<var>${link}</var>
<arg>${links}[${index}]</arg>
<doc>Returns the given values which can then be assigned to a variables.</doc>
<msg timestamp="20260123 15:13:20.615" level="INFO">${link} = &lt;selenium.webdriver.remote.webelement.WebElement (session="01ab8041d3aa92b4fe6b7b3b270df770", element="f.0700B177E297B1FC82A0946FBC2FD30D.d.BF846A75D86279D3E7A9C041B8007506.e.72")&gt;</msg>
<status status="PASS" starttime="20260123 15:13:20.614" endtime="20260123 15:13:20.615"/>
</kw>
<kw name="Get Text" library="SeleniumLibrary">
<var>${text}</var>
<arg>${link}</arg>
<doc>Returns the text value of the element identified by ``locator``.</doc>
<msg timestamp="20260123 15:13:20.625" level="INFO">${text} = KBYG</msg>
<status status="PASS" starttime="20260123 15:13:20.615" endtime="20260123 15:13:20.625"/>
</kw>
<kw name="Log" library="BuiltIn">
<arg>Clicking: ${text}</arg>
<doc>Logs the given message with the given level.</doc>
<msg timestamp="20260123 15:13:20.626" level="INFO">Clicking: KBYG</msg>
<status status="PASS" starttime="20260123 15:13:20.625" endtime="20260123 15:13:20.626"/>
</kw>
<kw name="Scroll Element Into View" library="SeleniumLibrary">
<arg>${link}</arg>
<doc>Scrolls the element identified by ``locator`` into view.</doc>
<status status="PASS" starttime="20260123 15:13:20.626" endtime="20260123 15:13:20.908"/>
</kw>
<kw name="Sleep" library="BuiltIn">
<arg>0.3s</arg>
<doc>Pauses the test executed for the given time.</doc>
<msg timestamp="20260123 15:13:21.209" level="INFO">Slept 300 milliseconds</msg>
<status status="PASS" starttime="20260123 15:13:20.908" endtime="20260123 15:13:21.209"/>
</kw>
<kw name="Wait Until Element Is Visible" library="SeleniumLibrary">
<arg>${link}</arg>
<arg>10s</arg>
<doc>Waits until the element ``locator`` is visible.</doc>
<status status="PASS" starttime="20260123 15:13:21.209" endtime="20260123 15:13:21.217"/>
</kw>
<kw name="Wait Until Element Is Enabled" library="SeleniumLibrary">
<arg>${link}</arg>
<arg>10s</arg>
<doc>Waits until the element ``locator`` is enabled.</doc>
<status status="PASS" starttime="20260123 15:13:21.217" endtime="20260123 15:13:21.228"/>
</kw>
<kw name="Run Keyword And Return Status" library="BuiltIn">
<var>${clicked}</var>
<arg>Click Element</arg>
<arg>${link}</arg>
<doc>Runs the given keyword with given arguments and returns the status as a Boolean value.</doc>
<kw name="Click Element" library="SeleniumLibrary">
<arg>${link}</arg>
<doc>Click the element identified by ``locator``.</doc>
<msg timestamp="20260123 15:13:21.229" level="INFO">Clicking element '&lt;selenium.webdriver.remote.webelement.WebElement (session="01ab8041d3aa92b4fe6b7b3b270df770", element="f.0700B177E297B1FC82A0946FBC2FD30D.d.BF846A75D86279D3E7A9C041B8007506.e.72")&gt;'.</msg>
<status status="PASS" starttime="20260123 15:13:21.229" endtime="20260123 15:13:21.275"/>
</kw>
<msg timestamp="20260123 15:13:21.275" level="INFO">${clicked} = True</msg>
<status status="PASS" starttime="20260123 15:13:21.228" endtime="20260123 15:13:21.275"/>
</kw>
<if>
<branch type="IF" condition="not ${clicked}">
<kw name="Execute Javascript" library="SeleniumLibrary">
<arg>arguments[0].click();</arg>
<arg>${link}</arg>
<doc>Executes the given JavaScript code with possible arguments.</doc>
<status status="NOT RUN" starttime="20260123 15:13:21.275" endtime="20260123 15:13:21.275"/>
</kw>
<status status="NOT RUN" starttime="20260123 15:13:21.275" endtime="20260123 15:13:21.276"/>
</branch>
<status status="PASS" starttime="20260123 15:13:21.275" endtime="20260123 15:13:21.276"/>
</if>
<kw name="Sleep" library="BuiltIn">
<arg>0.6s</arg>
<doc>Pauses the test executed for the given time.</doc>
<msg timestamp="20260123 15:13:21.876" level="INFO">Slept 600 milliseconds</msg>
<status status="PASS" starttime="20260123 15:13:21.276" endtime="20260123 15:13:21.876"/>
</kw>
<status status="PASS" starttime="20260123 15:13:20.604" endtime="20260123 15:13:21.876"/>
</iter>
<iter>
<var name="${index}">2</var>
<kw name="Get WebElements" library="SeleniumLibrary">
<var>${links}</var>
<arg>${NAV_LINKS}</arg>
<doc>Returns a list of WebElement objects matching the ``locator``.</doc>
<msg timestamp="20260123 15:13:21.885" level="INFO">${links} = [&lt;selenium.webdriver.remote.webelement.WebElement (session="01ab8041d3aa92b4fe6b7b3b270df770", element="f.0700B177E297B1FC82A0946FBC2FD30D.d.BF846A75D86279D3E7A9C041B8007506.e.71")&gt;, &lt;selenium.webdriv...</msg>
<status status="PASS" starttime="20260123 15:13:21.877" endtime="20260123 15:13:21.885"/>
</kw>
<kw name="Set Variable" library="BuiltIn">
<var>${link}</var>
<arg>${links}[${index}]</arg>
<doc>Returns the given values which can then be assigned to a variables.</doc>
<msg timestamp="20260123 15:13:21.886" level="INFO">${link} = &lt;selenium.webdriver.remote.webelement.WebElement (session="01ab8041d3aa92b4fe6b7b3b270df770", element="f.0700B177E297B1FC82A0946FBC2FD30D.d.BF846A75D86279D3E7A9C041B8007506.e.73")&gt;</msg>
<status status="PASS" starttime="20260123 15:13:21.886" endtime="20260123 15:13:21.886"/>
</kw>
<kw name="Get Text" library="SeleniumLibrary">
<var>${text}</var>
<arg>${link}</arg>
<doc>Returns the text value of the element identified by ``locator``.</doc>
<msg timestamp="20260123 15:13:21.895" level="INFO">${text} = Hightlights</msg>
<status status="PASS" starttime="20260123 15:13:21.886" endtime="20260123 15:13:21.895"/>
</kw>
<kw name="Log" library="BuiltIn">
<arg>Clicking: ${text}</arg>
<doc>Logs the given message with the given level.</doc>
<msg timestamp="20260123 15:13:21.895" level="INFO">Clicking: Hightlights</msg>
<status status="PASS" starttime="20260123 15:13:21.895" endtime="20260123 15:13:21.895"/>
</kw>
<kw name="Scroll Element Into View" library="SeleniumLibrary">
<arg>${link}</arg>
<doc>Scrolls the element identified by ``locator`` into view.</doc>
<status status="PASS" starttime="20260123 15:13:21.895" endtime="20260123 15:13:22.160"/>
</kw>
<kw name="Sleep" library="BuiltIn">
<arg>0.3s</arg>
<doc>Pauses the test executed for the given time.</doc>
<msg timestamp="20260123 15:13:22.461" level="INFO">Slept 300 milliseconds</msg>
<status status="PASS" starttime="20260123 15:13:22.160" endtime="20260123 15:13:22.461"/>
</kw>
<kw name="Wait Until Element Is Visible" library="SeleniumLibrary">
<arg>${link}</arg>
<arg>10s</arg>
<doc>Waits until the element ``locator`` is visible.</doc>
<status status="PASS" starttime="20260123 15:13:22.461" endtime="20260123 15:13:22.469"/>
</kw>
<kw name="Wait Until Element Is Enabled" library="SeleniumLibrary">
<arg>${link}</arg>
<arg>10s</arg>
<doc>Waits until the element ``locator`` is enabled.</doc>
<status status="PASS" starttime="20260123 15:13:22.469" endtime="20260123 15:13:22.481"/>
</kw>
<kw name="Run Keyword And Return Status" library="BuiltIn">
<var>${clicked}</var>
<arg>Click Element</arg>
<arg>${link}</arg>
<doc>Runs the given keyword with given arguments and returns the status as a Boolean value.</doc>
<kw name="Click Element" library="SeleniumLibrary">
<arg>${link}</arg>
<doc>Click the element identified by ``locator``.</doc>
<msg timestamp="20260123 15:13:22.482" level="INFO">Clicking element '&lt;selenium.webdriver.remote.webelement.WebElement (session="01ab8041d3aa92b4fe6b7b3b270df770", element="f.0700B177E297B1FC82A0946FBC2FD30D.d.BF846A75D86279D3E7A9C041B8007506.e.73")&gt;'.</msg>
<status status="PASS" starttime="20260123 15:13:22.481" endtime="20260123 15:13:22.527"/>
</kw>
<msg timestamp="20260123 15:13:22.527" level="INFO">${clicked} = True</msg>
<status status="PASS" starttime="20260123 15:13:22.481" endtime="20260123 15:13:22.527"/>
</kw>
<if>
<branch type="IF" condition="not ${clicked}">
<kw name="Execute Javascript" library="SeleniumLibrary">
<arg>arguments[0].click();</arg>
<arg>${link}</arg>
<doc>Executes the given JavaScript code with possible arguments.</doc>
<status status="NOT RUN" starttime="20260123 15:13:22.527" endtime="20260123 15:13:22.528"/>
</kw>
<status status="NOT RUN" starttime="20260123 15:13:22.527" endtime="20260123 15:13:22.528"/>
</branch>
<status status="PASS" starttime="20260123 15:13:22.527" endtime="20260123 15:13:22.528"/>
</if>
<kw name="Sleep" library="BuiltIn">
<arg>0.6s</arg>
<doc>Pauses the test executed for the given time.</doc>
<msg timestamp="20260123 15:13:23.128" level="INFO">Slept 600 milliseconds</msg>
<status status="PASS" starttime="20260123 15:13:22.528" endtime="20260123 15:13:23.128"/>
</kw>
<status status="PASS" starttime="20260123 15:13:21.876" endtime="20260123 15:13:23.128"/>
</iter>
<iter>
<var name="${index}">3</var>
<kw name="Get WebElements" library="SeleniumLibrary">
<var>${links}</var>
<arg>${NAV_LINKS}</arg>
<doc>Returns a list of WebElement objects matching the ``locator``.</doc>
<msg timestamp="20260123 15:13:23.138" level="INFO">${links} = [&lt;selenium.webdriver.remote.webelement.WebElement (session="01ab8041d3aa92b4fe6b7b3b270df770", element="f.0700B177E297B1FC82A0946FBC2FD30D.d.BF846A75D86279D3E7A9C041B8007506.e.71")&gt;, &lt;selenium.webdriv...</msg>
<status status="PASS" starttime="20260123 15:13:23.129" endtime="20260123 15:13:23.138"/>
</kw>
<kw name="Set Variable" library="BuiltIn">
<var>${link}</var>
<arg>${links}[${index}]</arg>
<doc>Returns the given values which can then be assigned to a variables.</doc>
<msg timestamp="20260123 15:13:23.139" level="INFO">${link} = &lt;selenium.webdriver.remote.webelement.WebElement (session="01ab8041d3aa92b4fe6b7b3b270df770", element="f.0700B177E297B1FC82A0946FBC2FD30D.d.BF846A75D86279D3E7A9C041B8007506.e.74")&gt;</msg>
<status status="PASS" starttime="20260123 15:13:23.138" endtime="20260123 15:13:23.139"/>
</kw>
<kw name="Get Text" library="SeleniumLibrary">
<var>${text}</var>
<arg>${link}</arg>
<doc>Returns the text value of the element identified by ``locator``.</doc>
<msg timestamp="20260123 15:13:23.148" level="INFO">${text} = Who For</msg>
<status status="PASS" starttime="20260123 15:13:23.139" endtime="20260123 15:13:23.148"/>
</kw>
<kw name="Log" library="BuiltIn">
<arg>Clicking: ${text}</arg>
<doc>Logs the given message with the given level.</doc>
<msg timestamp="20260123 15:13:23.148" level="INFO">Clicking: Who For</msg>
<status status="PASS" starttime="20260123 15:13:23.148" endtime="20260123 15:13:23.148"/>
</kw>
<kw name="Scroll Element Into View" library="SeleniumLibrary">
<arg>${link}</arg>
<doc>Scrolls the element identified by ``locator`` into view.</doc>
<status status="PASS" starttime="20260123 15:13:23.149" endtime="20260123 15:13:23.436"/>
</kw>
<kw name="Sleep" library="BuiltIn">
<arg>0.3s</arg>
<doc>Pauses the test executed for the given time.</doc>
<msg timestamp="20260123 15:13:23.737" level="INFO">Slept 300 milliseconds</msg>
<status status="PASS" starttime="20260123 15:13:23.436" endtime="20260123 15:13:23.737"/>
</kw>
<kw name="Wait Until Element Is Visible" library="SeleniumLibrary">
<arg>${link}</arg>
<arg>10s</arg>
<doc>Waits until the element ``locator`` is visible.</doc>
<status status="PASS" starttime="20260123 15:13:23.737" endtime="20260123 15:13:23.745"/>
</kw>
<kw name="Wait Until Element Is Enabled" library="SeleniumLibrary">
<arg>${link}</arg>
<arg>10s</arg>
<doc>Waits until the element ``locator`` is enabled.</doc>
<status status="PASS" starttime="20260123 15:13:23.745" endtime="20260123 15:13:23.758"/>
</kw>
<kw name="Run Keyword And Return Status" library="BuiltIn">
<var>${clicked}</var>
<arg>Click Element</arg>
<arg>${link}</arg>
<doc>Runs the given keyword with given arguments and returns the status as a Boolean value.</doc>
<kw name="Click Element" library="SeleniumLibrary">
<arg>${link}</arg>
<doc>Click the element identified by ``locator``.</doc>
<msg timestamp="20260123 15:13:23.759" level="INFO">Clicking element '&lt;selenium.webdriver.remote.webelement.WebElement (session="01ab8041d3aa92b4fe6b7b3b270df770", element="f.0700B177E297B1FC82A0946FBC2FD30D.d.BF846A75D86279D3E7A9C041B8007506.e.74")&gt;'.</msg>
<status status="PASS" starttime="20260123 15:13:23.759" endtime="20260123 15:13:23.805"/>
</kw>
<msg timestamp="20260123 15:13:23.805" level="INFO">${clicked} = True</msg>
<status status="PASS" starttime="20260123 15:13:23.758" endtime="20260123 15:13:23.805"/>
</kw>
<if>
<branch type="IF" condition="not ${clicked}">
<kw name="Execute Javascript" library="SeleniumLibrary">
<arg>arguments[0].click();</arg>
<arg>${link}</arg>
<doc>Executes the given JavaScript code with possible arguments.</doc>
<status status="NOT RUN" starttime="20260123 15:13:23.805" endtime="20260123 15:13:23.805"/>
</kw>
<status status="NOT RUN" starttime="20260123 15:13:23.805" endtime="20260123 15:13:23.805"/>
</branch>
<status status="PASS" starttime="20260123 15:13:23.805" endtime="20260123 15:13:23.806"/>
</if>
<kw name="Sleep" library="BuiltIn">
<arg>0.6s</arg>
<doc>Pauses the test executed for the given time.</doc>
<msg timestamp="20260123 15:13:24.406" level="INFO">Slept 600 milliseconds</msg>
<status status="PASS" starttime="20260123 15:13:23.806" endtime="20260123 15:13:24.407"/>
</kw>
<status status="PASS" starttime="20260123 15:13:23.128" endtime="20260123 15:13:24.407"/>
</iter>
<iter>
<var name="${index}">4</var>
<kw name="Get WebElements" library="SeleniumLibrary">
<var>${links}</var>
<arg>${NAV_LINKS}</arg>
<doc>Returns a list of WebElement objects matching the ``locator``.</doc>
<msg timestamp="20260123 15:13:24.418" level="INFO">${links} = [&lt;selenium.webdriver.remote.webelement.WebElement (session="01ab8041d3aa92b4fe6b7b3b270df770", element="f.0700B177E297B1FC82A0946FBC2FD30D.d.BF846A75D86279D3E7A9C041B8007506.e.71")&gt;, &lt;selenium.webdriv...</msg>
<status status="PASS" starttime="20260123 15:13:24.407" endtime="20260123 15:13:24.418"/>
</kw>
<kw name="Set Variable" library="BuiltIn">
<var>${link}</var>
<arg>${links}[${index}]</arg>
<doc>Returns the given values which can then be assigned to a variables.</doc>
<msg timestamp="20260123 15:13:24.418" level="INFO">${link} = &lt;selenium.webdriver.remote.webelement.WebElement (session="01ab8041d3aa92b4fe6b7b3b270df770", element="f.0700B177E297B1FC82A0946FBC2FD30D.d.BF846A75D86279D3E7A9C041B8007506.e.75")&gt;</msg>
<status status="PASS" starttime="20260123 15:13:24.418" endtime="20260123 15:13:24.418"/>
</kw>
<kw name="Get Text" library="SeleniumLibrary">
<var>${text}</var>
<arg>${link}</arg>
<doc>Returns the text value of the element identified by ``locator``.</doc>
<msg timestamp="20260123 15:13:24.428" level="INFO">${text} = Who Not For</msg>
<status status="PASS" starttime="20260123 15:13:24.419" endtime="20260123 15:13:24.428"/>
</kw>
<kw name="Log" library="BuiltIn">
<arg>Clicking: ${text}</arg>
<doc>Logs the given message with the given level.</doc>
<msg timestamp="20260123 15:13:24.429" level="INFO">Clicking: Who Not For</msg>
<status status="PASS" starttime="20260123 15:13:24.428" endtime="20260123 15:13:24.429"/>
</kw>
<kw name="Scroll Element Into View" library="SeleniumLibrary">
<arg>${link}</arg>
<doc>Scrolls the element identified by ``locator`` into view.</doc>
<status status="PASS" starttime="20260123 15:13:24.429" endtime="20260123 15:13:24.695"/>
</kw>
<kw name="Sleep" library="BuiltIn">
<arg>0.3s</arg>
<doc>Pauses the test executed for the given time.</doc>
<msg timestamp="20260123 15:13:24.996" level="INFO">Slept 300 milliseconds</msg>
<status status="PASS" starttime="20260123 15:13:24.696" endtime="20260123 15:13:24.996"/>
</kw>
<kw name="Wait Until Element Is Visible" library="SeleniumLibrary">
<arg>${link}</arg>
<arg>10s</arg>
<doc>Waits until the element ``locator`` is visible.</doc>
<status status="PASS" starttime="20260123 15:13:24.997" endtime="20260123 15:13:25.005"/>
</kw>
<kw name="Wait Until Element Is Enabled" library="SeleniumLibrary">
<arg>${link}</arg>
<arg>10s</arg>
<doc>Waits until the element ``locator`` is enabled.</doc>
<status status="PASS" starttime="20260123 15:13:25.005" endtime="20260123 15:13:25.017"/>
</kw>
<kw name="Run Keyword And Return Status" library="BuiltIn">
<var>${clicked}</var>
<arg>Click Element</arg>
<arg>${link}</arg>
<doc>Runs the given keyword with given arguments and returns the status as a Boolean value.</doc>
<kw name="Click Element" library="SeleniumLibrary">
<arg>${link}</arg>
<doc>Click the element identified by ``locator``.</doc>
<msg timestamp="20260123 15:13:25.018" level="INFO">Clicking element '&lt;selenium.webdriver.remote.webelement.WebElement (session="01ab8041d3aa92b4fe6b7b3b270df770", element="f.0700B177E297B1FC82A0946FBC2FD30D.d.BF846A75D86279D3E7A9C041B8007506.e.75")&gt;'.</msg>
<status status="PASS" starttime="20260123 15:13:25.017" endtime="20260123 15:13:25.063"/>
</kw>
<msg timestamp="20260123 15:13:25.063" level="INFO">${clicked} = True</msg>
<status status="PASS" starttime="20260123 15:13:25.017" endtime="20260123 15:13:25.063"/>
</kw>
<if>
<branch type="IF" condition="not ${clicked}">
<kw name="Execute Javascript" library="SeleniumLibrary">
<arg>arguments[0].click();</arg>
<arg>${link}</arg>
<doc>Executes the given JavaScript code with possible arguments.</doc>
<status status="NOT RUN" starttime="20260123 15:13:25.063" endtime="20260123 15:13:25.063"/>
</kw>
<status status="NOT RUN" starttime="20260123 15:13:25.063" endtime="20260123 15:13:25.063"/>
</branch>
<status status="PASS" starttime="20260123 15:13:25.063" endtime="20260123 15:13:25.063"/>
</if>
<kw name="Sleep" library="BuiltIn">
<arg>0.6s</arg>
<doc>Pauses the test executed for the given time.</doc>
<msg timestamp="20260123 15:13:25.665" level="INFO">Slept 600 milliseconds</msg>
<status status="PASS" starttime="20260123 15:13:25.063" endtime="20260123 15:13:25.665"/>
</kw>
<status status="PASS" starttime="20260123 15:13:24.407" endtime="20260123 15:13:25.665"/>
</iter>
<iter>
<var name="${index}">5</var>
<kw name="Get WebElements" library="SeleniumLibrary">
<var>${links}</var>
<arg>${NAV_LINKS}</arg>
<doc>Returns a list of WebElement objects matching the ``locator``.</doc>
<msg timestamp="20260123 15:13:25.711" level="INFO">${links} = [&lt;selenium.webdriver.remote.webelement.WebElement (session="01ab8041d3aa92b4fe6b7b3b270df770", element="f.0700B177E297B1FC82A0946FBC2FD30D.d.BF846A75D86279D3E7A9C041B8007506.e.71")&gt;, &lt;selenium.webdriv...</msg>
<status status="PASS" starttime="20260123 15:13:25.666" endtime="20260123 15:13:25.711"/>
</kw>
<kw name="Set Variable" library="BuiltIn">
<var>${link}</var>
<arg>${links}[${index}]</arg>
<doc>Returns the given values which can then be assigned to a variables.</doc>
<msg timestamp="20260123 15:13:25.712" level="INFO">${link} = &lt;selenium.webdriver.remote.webelement.WebElement (session="01ab8041d3aa92b4fe6b7b3b270df770", element="f.0700B177E297B1FC82A0946FBC2FD30D.d.BF846A75D86279D3E7A9C041B8007506.e.76")&gt;</msg>
<status status="PASS" starttime="20260123 15:13:25.711" endtime="20260123 15:13:25.712"/>
</kw>
<kw name="Get Text" library="SeleniumLibrary">
<var>${text}</var>
<arg>${link}</arg>
<doc>Returns the text value of the element identified by ``locator``.</doc>
<msg timestamp="20260123 15:13:25.731" level="INFO">${text} = Itinerary</msg>
<status status="PASS" starttime="20260123 15:13:25.712" endtime="20260123 15:13:25.731"/>
</kw>
<kw name="Log" library="BuiltIn">
<arg>Clicking: ${text}</arg>
<doc>Logs the given message with the given level.</doc>
<msg timestamp="20260123 15:13:25.732" level="INFO">Clicking: Itinerary</msg>
<status status="PASS" starttime="20260123 15:13:25.732" endtime="20260123 15:13:25.732"/>
</kw>
<kw name="Scroll Element Into View" library="SeleniumLibrary">
<arg>${link}</arg>
<doc>Scrolls the element identified by ``locator`` into view.</doc>
<status status="PASS" starttime="20260123 15:13:25.732" endtime="20260123 15:13:26.013"/>
</kw>
<kw name="Sleep" library="BuiltIn">
<arg>0.3s</arg>
<doc>Pauses the test executed for the given time.</doc>
<msg timestamp="20260123 15:13:26.314" level="INFO">Slept 300 milliseconds</msg>
<status status="PASS" starttime="20260123 15:13:26.014" endtime="20260123 15:13:26.314"/>
</kw>
<kw name="Wait Until Element Is Visible" library="SeleniumLibrary">
<arg>${link}</arg>
<arg>10s</arg>
<doc>Waits until the element ``locator`` is visible.</doc>
<status status="PASS" starttime="20260123 15:13:26.315" endtime="20260123 15:13:26.323"/>
</kw>
<kw name="Wait Until Element Is Enabled" library="SeleniumLibrary">
<arg>${link}</arg>
<arg>10s</arg>
<doc>Waits until the element ``locator`` is enabled.</doc>
<status status="PASS" starttime="20260123 15:13:26.324" endtime="20260123 15:13:26.340"/>
</kw>
<kw name="Run Keyword And Return Status" library="BuiltIn">
<var>${clicked}</var>
<arg>Click Element</arg>
<arg>${link}</arg>
<doc>Runs the given keyword with given arguments and returns the status as a Boolean value.</doc>
<kw name="Click Element" library="SeleniumLibrary">
<arg>${link}</arg>
<doc>Click the element identified by ``locator``.</doc>
<msg timestamp="20260123 15:13:26.341" level="INFO">Clicking element '&lt;selenium.webdriver.remote.webelement.WebElement (session="01ab8041d3aa92b4fe6b7b3b270df770", element="f.0700B177E297B1FC82A0946FBC2FD30D.d.BF846A75D86279D3E7A9C041B8007506.e.76")&gt;'.</msg>
<status status="PASS" starttime="20260123 15:13:26.341" endtime="20260123 15:13:26.396"/>
</kw>
<msg timestamp="20260123 15:13:26.396" level="INFO">${clicked} = True</msg>
<status status="PASS" starttime="20260123 15:13:26.340" endtime="20260123 15:13:26.396"/>
</kw>
<if>
<branch type="IF" condition="not ${clicked}">
<kw name="Execute Javascript" library="SeleniumLibrary">
<arg>arguments[0].click();</arg>
<arg>${link}</arg>
<doc>Executes the given JavaScript code with possible arguments.</doc>
<status status="NOT RUN" starttime="20260123 15:13:26.397" endtime="20260123 15:13:26.397"/>
</kw>
<status status="NOT RUN" starttime="20260123 15:13:26.396" endtime="20260123 15:13:26.397"/>
</branch>
<status status="PASS" starttime="20260123 15:13:26.396" endtime="20260123 15:13:26.397"/>
</if>
<kw name="Sleep" library="BuiltIn">
<arg>0.6s</arg>
<doc>Pauses the test executed for the given time.</doc>
<msg timestamp="20260123 15:13:26.998" level="INFO">Slept 600 milliseconds</msg>
<status status="PASS" starttime="20260123 15:13:26.397" endtime="20260123 15:13:26.998"/>
</kw>
<status status="PASS" starttime="20260123 15:13:25.666" endtime="20260123 15:13:26.998"/>
</iter>
<iter>
<var name="${index}">6</var>
<kw name="Get WebElements" library="SeleniumLibrary">
<var>${links}</var>
<arg>${NAV_LINKS}</arg>
<doc>Returns a list of WebElement objects matching the ``locator``.</doc>
<msg timestamp="20260123 15:13:27.015" level="INFO">${links} = [&lt;selenium.webdriver.remote.webelement.WebElement (session="01ab8041d3aa92b4fe6b7b3b270df770", element="f.0700B177E297B1FC82A0946FBC2FD30D.d.BF846A75D86279D3E7A9C041B8007506.e.71")&gt;, &lt;selenium.webdriv...</msg>
<status status="PASS" starttime="20260123 15:13:26.998" endtime="20260123 15:13:27.015"/>
</kw>
<kw name="Set Variable" library="BuiltIn">
<var>${link}</var>
<arg>${links}[${index}]</arg>
<doc>Returns the given values which can then be assigned to a variables.</doc>
<msg timestamp="20260123 15:13:27.016" level="INFO">${link} = &lt;selenium.webdriver.remote.webelement.WebElement (session="01ab8041d3aa92b4fe6b7b3b270df770", element="f.0700B177E297B1FC82A0946FBC2FD30D.d.BF846A75D86279D3E7A9C041B8007506.e.77")&gt;</msg>
<status status="PASS" starttime="20260123 15:13:27.015" endtime="20260123 15:13:27.016"/>
</kw>
<kw name="Get Text" library="SeleniumLibrary">
<var>${text}</var>
<arg>${link}</arg>
<doc>Returns the text value of the element identified by ``locator``.</doc>
<msg timestamp="20260123 15:13:27.031" level="INFO">${text} = Includes/Excludes</msg>
<status status="PASS" starttime="20260123 15:13:27.016" endtime="20260123 15:13:27.031"/>
</kw>
<kw name="Log" library="BuiltIn">
<arg>Clicking: ${text}</arg>
<doc>Logs the given message with the given level.</doc>
<msg timestamp="20260123 15:13:27.031" level="INFO">Clicking: Includes/Excludes</msg>
<status status="PASS" starttime="20260123 15:13:27.031" endtime="20260123 15:13:27.031"/>
</kw>
<kw name="Scroll Element Into View" library="SeleniumLibrary">
<arg>${link}</arg>
<doc>Scrolls the element identified by ``locator`` into view.</doc>
<status status="PASS" starttime="20260123 15:13:27.031" endtime="20260123 15:13:27.313"/>
</kw>
<kw name="Sleep" library="BuiltIn">
<arg>0.3s</arg>
<doc>Pauses the test executed for the given time.</doc>
<msg timestamp="20260123 15:13:27.614" level="INFO">Slept 300 milliseconds</msg>
<status status="PASS" starttime="20260123 15:13:27.313" endtime="20260123 15:13:27.614"/>
</kw>
<kw name="Wait Until Element Is Visible" library="SeleniumLibrary">
<arg>${link}</arg>
<arg>10s</arg>
<doc>Waits until the element ``locator`` is visible.</doc>
<status status="PASS" starttime="20260123 15:13:27.614" endtime="20260123 15:13:27.624"/>
</kw>
<kw name="Wait Until Element Is Enabled" library="SeleniumLibrary">
<arg>${link}</arg>
<arg>10s</arg>
<doc>Waits until the element ``locator`` is enabled.</doc>
<status status="PASS" starttime="20260123 15:13:27.624" endtime="20260123 15:13:27.636"/>
</kw>
<kw name="Run Keyword And Return Status" library="BuiltIn">
<var>${clicked}</var>
<arg>Click Element</arg>
<arg>${link}</arg>
<doc>Runs the given keyword with given arguments and returns the status as a Boolean value.</doc>
<kw name="Click Element" library="SeleniumLibrary">
<arg>${link}</arg>
<doc>Click the element identified by ``locator``.</doc>
<msg timestamp="20260123 15:13:27.637" level="INFO">Clicking element '&lt;selenium.webdriver.remote.webelement.WebElement (session="01ab8041d3aa92b4fe6b7b3b270df770", element="f.0700B177E297B1FC82A0946FBC2FD30D.d.BF846A75D86279D3E7A9C041B8007506.e.77")&gt;'.</msg>
<status status="PASS" starttime="20260123 15:13:27.637" endtime="20260123 15:13:27.687"/>
</kw>
<msg timestamp="20260123 15:13:27.687" level="INFO">${clicked} = True</msg>
<status status="PASS" starttime="20260123 15:13:27.636" endtime="20260123 15:13:27.687"/>
</kw>
<if>
<branch type="IF" condition="not ${clicked}">
<kw name="Execute Javascript" library="SeleniumLibrary">
<arg>arguments[0].click();</arg>
<arg>${link}</arg>
<doc>Executes the given JavaScript code with possible arguments.</doc>
<status status="NOT RUN" starttime="20260123 15:13:27.688" endtime="20260123 15:13:27.688"/>
</kw>
<status status="NOT RUN" starttime="20260123 15:13:27.687" endtime="20260123 15:13:27.688"/>
</branch>
<status status="PASS" starttime="20260123 15:13:27.687" endtime="20260123 15:13:27.688"/>
</if>
<kw name="Sleep" library="BuiltIn">
<arg>0.6s</arg>
<doc>Pauses the test executed for the given time.</doc>
<msg timestamp="20260123 15:13:28.289" level="INFO">Slept 600 milliseconds</msg>
<status status="PASS" starttime="20260123 15:13:27.688" endtime="20260123 15:13:28.290"/>
</kw>
<status status="PASS" starttime="20260123 15:13:26.998" endtime="20260123 15:13:28.290"/>
</iter>
<iter>
<var name="${index}">7</var>
<kw name="Get WebElements" library="SeleniumLibrary">
<var>${links}</var>
<arg>${NAV_LINKS}</arg>
<doc>Returns a list of WebElement objects matching the ``locator``.</doc>
<msg timestamp="20260123 15:13:28.300" level="INFO">${links} = [&lt;selenium.webdriver.remote.webelement.WebElement (session="01ab8041d3aa92b4fe6b7b3b270df770", element="f.0700B177E297B1FC82A0946FBC2FD30D.d.BF846A75D86279D3E7A9C041B8007506.e.71")&gt;, &lt;selenium.webdriv...</msg>
<status status="PASS" starttime="20260123 15:13:28.290" endtime="20260123 15:13:28.300"/>
</kw>
<kw name="Set Variable" library="BuiltIn">
<var>${link}</var>
<arg>${links}[${index}]</arg>
<doc>Returns the given values which can then be assigned to a variables.</doc>
<msg timestamp="20260123 15:13:28.300" level="INFO">${link} = &lt;selenium.webdriver.remote.webelement.WebElement (session="01ab8041d3aa92b4fe6b7b3b270df770", element="f.0700B177E297B1FC82A0946FBC2FD30D.d.BF846A75D86279D3E7A9C041B8007506.e.78")&gt;</msg>
<status status="PASS" starttime="20260123 15:13:28.300" endtime="20260123 15:13:28.300"/>
</kw>
<kw name="Get Text" library="SeleniumLibrary">
<var>${text}</var>
<arg>${link}</arg>
<doc>Returns the text value of the element identified by ``locator``.</doc>
<msg timestamp="20260123 15:13:28.310" level="INFO">${text} = Imp Info</msg>
<status status="PASS" starttime="20260123 15:13:28.300" endtime="20260123 15:13:28.311"/>
</kw>
<kw name="Log" library="BuiltIn">
<arg>Clicking: ${text}</arg>
<doc>Logs the given message with the given level.</doc>
<msg timestamp="20260123 15:13:28.311" level="INFO">Clicking: Imp Info</msg>
<status status="PASS" starttime="20260123 15:13:28.311" endtime="20260123 15:13:28.311"/>
</kw>
<kw name="Scroll Element Into View" library="SeleniumLibrary">
<arg>${link}</arg>
<doc>Scrolls the element identified by ``locator`` into view.</doc>
<status status="PASS" starttime="20260123 15:13:28.311" endtime="20260123 15:13:28.588"/>
</kw>
<kw name="Sleep" library="BuiltIn">
<arg>0.3s</arg>
<doc>Pauses the test executed for the given time.</doc>
<msg timestamp="20260123 15:13:28.889" level="INFO">Slept 300 milliseconds</msg>
<status status="PASS" starttime="20260123 15:13:28.589" endtime="20260123 15:13:28.889"/>
</kw>
<kw name="Wait Until Element Is Visible" library="SeleniumLibrary">
<arg>${link}</arg>
<arg>10s</arg>
<doc>Waits until the element ``locator`` is visible.</doc>
<status status="PASS" starttime="20260123 15:13:28.889" endtime="20260123 15:13:28.898"/>
</kw>
<kw name="Wait Until Element Is Enabled" library="SeleniumLibrary">
<arg>${link}</arg>
<arg>10s</arg>
<doc>Waits until the element ``locator`` is enabled.</doc>
<status status="PASS" starttime="20260123 15:13:28.898" endtime="20260123 15:13:28.911"/>
</kw>
<kw name="Run Keyword And Return Status" library="BuiltIn">
<var>${clicked}</var>
<arg>Click Element</arg>
<arg>${link}</arg>
<doc>Runs the given keyword with given arguments and returns the status as a Boolean value.</doc>
<kw name="Click Element" library="SeleniumLibrary">
<arg>${link}</arg>
<doc>Click the element identified by ``locator``.</doc>
<msg timestamp="20260123 15:13:28.912" level="INFO">Clicking element '&lt;selenium.webdriver.remote.webelement.WebElement (session="01ab8041d3aa92b4fe6b7b3b270df770", element="f.0700B177E297B1FC82A0946FBC2FD30D.d.BF846A75D86279D3E7A9C041B8007506.e.78")&gt;'.</msg>
<status status="PASS" starttime="20260123 15:13:28.911" endtime="20260123 15:13:28.959"/>
</kw>
<msg timestamp="20260123 15:13:28.959" level="INFO">${clicked} = True</msg>
<status status="PASS" starttime="20260123 15:13:28.911" endtime="20260123 15:13:28.959"/>
</kw>
<if>
<branch type="IF" condition="not ${clicked}">
<kw name="Execute Javascript" library="SeleniumLibrary">
<arg>arguments[0].click();</arg>
<arg>${link}</arg>
<doc>Executes the given JavaScript code with possible arguments.</doc>
<status status="NOT RUN" starttime="20260123 15:13:28.959" endtime="20260123 15:13:28.959"/>
</kw>
<status status="NOT RUN" starttime="20260123 15:13:28.959" endtime="20260123 15:13:28.960"/>
</branch>
<status status="PASS" starttime="20260123 15:13:28.959" endtime="20260123 15:13:28.960"/>
</if>
<kw name="Sleep" library="BuiltIn">
<arg>0.6s</arg>
<doc>Pauses the test executed for the given time.</doc>
<msg timestamp="20260123 15:13:29.560" level="INFO">Slept 600 milliseconds</msg>
<status status="PASS" starttime="20260123 15:13:28.960" endtime="20260123 15:13:29.561"/>
</kw>
<status status="PASS" starttime="20260123 15:13:28.290" endtime="20260123 15:13:29.561"/>
</iter>
<iter>
<var name="${index}">8</var>
<kw name="Get WebElements" library="SeleniumLibrary">
<var>${links}</var>
<arg>${NAV_LINKS}</arg>
<doc>Returns a list of WebElement objects matching the ``locator``.</doc>
<msg timestamp="20260123 15:13:29.570" level="INFO">${links} = [&lt;selenium.webdriver.remote.webelement.WebElement (session="01ab8041d3aa92b4fe6b7b3b270df770", element="f.0700B177E297B1FC82A0946FBC2FD30D.d.BF846A75D86279D3E7A9C041B8007506.e.71")&gt;, &lt;selenium.webdriv...</msg>
<status status="PASS" starttime="20260123 15:13:29.561" endtime="20260123 15:13:29.570"/>
</kw>
<kw name="Set Variable" library="BuiltIn">
<var>${link}</var>
<arg>${links}[${index}]</arg>
<doc>Returns the given values which can then be assigned to a variables.</doc>
<msg timestamp="20260123 15:13:29.571" level="INFO">${link} = &lt;selenium.webdriver.remote.webelement.WebElement (session="01ab8041d3aa92b4fe6b7b3b270df770", element="f.0700B177E297B1FC82A0946FBC2FD30D.d.BF846A75D86279D3E7A9C041B8007506.e.79")&gt;</msg>
<status status="PASS" starttime="20260123 15:13:29.570" endtime="20260123 15:13:29.571"/>
</kw>
<kw name="Get Text" library="SeleniumLibrary">
<var>${text}</var>
<arg>${link}</arg>
<doc>Returns the text value of the element identified by ``locator``.</doc>
<msg timestamp="20260123 15:13:29.582" level="INFO">${text} = FAQS</msg>
<status status="PASS" starttime="20260123 15:13:29.571" endtime="20260123 15:13:29.582"/>
</kw>
<kw name="Log" library="BuiltIn">
<arg>Clicking: ${text}</arg>
<doc>Logs the given message with the given level.</doc>
<msg timestamp="20260123 15:13:29.582" level="INFO">Clicking: FAQS</msg>
<status status="PASS" starttime="20260123 15:13:29.582" endtime="20260123 15:13:29.582"/>
</kw>
<kw name="Scroll Element Into View" library="SeleniumLibrary">
<arg>${link}</arg>
<doc>Scrolls the element identified by ``locator`` into view.</doc>
<status status="PASS" starttime="20260123 15:13:29.582" endtime="20260123 15:13:29.873"/>
</kw>
<kw name="Sleep" library="BuiltIn">
<arg>0.3s</arg>
<doc>Pauses the test executed for the given time.</doc>
<msg timestamp="20260123 15:13:30.173" level="INFO">Slept 300 milliseconds</msg>
<status status="PASS" starttime="20260123 15:13:29.873" endtime="20260123 15:13:30.173"/>
</kw>
<kw name="Wait Until Element Is Visible" library="SeleniumLibrary">
<arg>${link}</arg>
<arg>10s</arg>
<doc>Waits until the element ``locator`` is visible.</doc>
<status status="PASS" starttime="20260123 15:13:30.174" endtime="20260123 15:13:30.182"/>
</kw>
<kw name="Wait Until Element Is Enabled" library="SeleniumLibrary">
<arg>${link}</arg>
<arg>10s</arg>
<doc>Waits until the element ``locator`` is enabled.</doc>
<status status="PASS" starttime="20260123 15:13:30.183" endtime="20260123 15:13:30.196"/>
</kw>
<kw name="Run Keyword And Return Status" library="BuiltIn">
<var>${clicked}</var>
<arg>Click Element</arg>
<arg>${link}</arg>
<doc>Runs the given keyword with given arguments and returns the status as a Boolean value.</doc>
<kw name="Click Element" library="SeleniumLibrary">
<arg>${link}</arg>
<doc>Click the element identified by ``locator``.</doc>
<msg timestamp="20260123 15:13:30.197" level="INFO">Clicking element '&lt;selenium.webdriver.remote.webelement.WebElement (session="01ab8041d3aa92b4fe6b7b3b270df770", element="f.0700B177E297B1FC82A0946FBC2FD30D.d.BF846A75D86279D3E7A9C041B8007506.e.79")&gt;'.</msg>
<status status="PASS" starttime="20260123 15:13:30.196" endtime="20260123 15:13:30.246"/>
</kw>
<msg timestamp="20260123 15:13:30.246" level="INFO">${clicked} = True</msg>
<status status="PASS" starttime="20260123 15:13:30.196" endtime="20260123 15:13:30.246"/>
</kw>
<if>
<branch type="IF" condition="not ${clicked}">
<kw name="Execute Javascript" library="SeleniumLibrary">
<arg>arguments[0].click();</arg>
<arg>${link}</arg>
<doc>Executes the given JavaScript code with possible arguments.</doc>
<status status="NOT RUN" starttime="20260123 15:13:30.247" endtime="20260123 15:13:30.247"/>
</kw>
<status status="NOT RUN" starttime="20260123 15:13:30.246" endtime="20260123 15:13:30.247"/>
</branch>
<status status="PASS" starttime="20260123 15:13:30.246" endtime="20260123 15:13:30.247"/>
</if>
<kw name="Sleep" library="BuiltIn">
<arg>0.6s</arg>
<doc>Pauses the test executed for the given time.</doc>
<msg timestamp="20260123 15:13:30.847" level="INFO">Slept 600 milliseconds</msg>
<status status="PASS" starttime="20260123 15:13:30.247" endtime="20260123 15:13:30.847"/>
</kw>
<status status="PASS" starttime="20260123 15:13:29.561" endtime="20260123 15:13:30.847"/>
</iter>
<status status="PASS" starttime="20260123 15:13:19.322" endtime="20260123 15:13:30.847"/>
</for>
<status status="PASS" starttime="20260123 15:13:18.492" endtime="20260123 15:13:30.847"/>
</kw>
<kw name="Scroll Element Into View" library="SeleniumLibrary">
<arg>${Nepal_Unbound_Heritage_Content}</arg>
<doc>Scrolls the element identified by ``locator`` into view.</doc>
<status status="PASS" starttime="20260123 15:13:30.848" endtime="20260123 15:13:31.139"/>
</kw>
<status status="PASS" starttime="20260123 15:12:59.803" endtime="20260123 15:13:31.140"/>
</kw>
<kw name="Test The Valley Tales" library="reconnect_with_nature">
<kw name="Open Trek And Tours Menu" library="home_page">
<kw name="Wait And Click" library="keywords">
<arg>${trek_and_tours}</arg>
<doc>Waits until element is visible &amp; enabled, scrolls into view, clicks, fallback to JS if normal click fails</doc>
<kw name="Wait Until Element Is Visible" library="SeleniumLibrary">
<arg>${locator}</arg>
<arg>${timeout}</arg>
<doc>Waits until the element ``locator`` is visible.</doc>
<status status="PASS" starttime="20260123 15:13:31.142" endtime="20260123 15:13:31.163"/>
</kw>
<kw name="Wait Until Element Is Enabled" library="SeleniumLibrary">
<arg>${locator}</arg>
<arg>${timeout}</arg>
<doc>Waits until the element ``locator`` is enabled.</doc>
<status status="PASS" starttime="20260123 15:13:31.163" endtime="20260123 15:13:31.185"/>
</kw>
<kw name="Scroll Element Into View" library="SeleniumLibrary">
<arg>${locator}</arg>
<doc>Scrolls the element identified by ``locator`` into view.</doc>
<status status="PASS" starttime="20260123 15:13:31.185" endtime="20260123 15:13:31.465"/>
</kw>
<kw name="Run Keyword And Return Status" library="BuiltIn">
<var>${clicked}</var>
<arg>Click Element</arg>
<arg>${locator}</arg>
<doc>Runs the given keyword with given arguments and returns the status as a Boolean value.</doc>
<kw name="Click Element" library="SeleniumLibrary">
<arg>${locator}</arg>
<doc>Click the element identified by ``locator``.</doc>
<msg timestamp="20260123 15:13:31.466" level="INFO">Clicking element 'xpath=/html/body/div[1]/header/div[1]/div/div/div/div/div[2]/div[2]/ul/li[2]/a/i'.</msg>
<status status="PASS" starttime="20260123 15:13:31.466" endtime="20260123 15:13:31.520"/>
</kw>
<msg timestamp="20260123 15:13:31.521" level="INFO">${clicked} = True</msg>
<status status="PASS" starttime="20260123 15:13:31.466" endtime="20260123 15:13:31.521"/>
</kw>
<if>
<branch type="IF" condition="not ${clicked}">
<kw name="Log" library="BuiltIn">
<arg>Using JS click fallback for ${locator}</arg>
<doc>Logs the given message with the given level.</doc>
<status status="NOT RUN" starttime="20260123 15:13:31.521" endtime="20260123 15:13:31.521"/>
</kw>
<kw name="Execute Javascript" library="SeleniumLibrary">
<arg>arguments[0].click();</arg>
<arg>document.evaluate("${locator.replace('xpath=','')}", document, null, XPathResult.FIRST_ORDERED_NODE_TYPE, null).singleNodeValue</arg>
<doc>Executes the given JavaScript code with possible arguments.</doc>
<status status="NOT RUN" starttime="20260123 15:13:31.521" endtime="20260123 15:13:31.521"/>
</kw>
<status status="NOT RUN" starttime="20260123 15:13:31.521" endtime="20260123 15:13:31.521"/>
</branch>
<status status="PASS" starttime="20260123 15:13:31.521" endtime="20260123 15:13:31.521"/>
</if>
<status status="PASS" starttime="20260123 15:13:31.141" endtime="20260123 15:13:31.522"/>
</kw>
<kw name="Sleep" library="BuiltIn">
<arg>2s</arg>
<doc>Pauses the test executed for the given time.</doc>
<msg timestamp="20260123 15:13:33.522" level="INFO">Slept 2 seconds</msg>
<status status="PASS" starttime="20260123 15:13:31.522" endtime="20260123 15:13:33.523"/>
</kw>
<status status="PASS" starttime="20260123 15:13:31.141" endtime="20260123 15:13:33.523"/>
</kw>
<kw name="Test Reconnect With Nature" library="reconnect_with_nature">
<kw name="Click Reconnect With Nature" library="reconnect_with_nature">
<kw name="Wait And Click" library="keywords">
<arg>${Reconnect_nature}</arg>
<doc>Waits until element is visible &amp; enabled, scrolls into view, clicks, fallback to JS if normal click fails</doc>
<kw name="Wait Until Element Is Visible" library="SeleniumLibrary">
<arg>${locator}</arg>
<arg>${timeout}</arg>
<doc>Waits until the element ``locator`` is visible.</doc>
<status status="PASS" starttime="20260123 15:13:33.524" endtime="20260123 15:13:33.543"/>
</kw>
<kw name="Wait Until Element Is Enabled" library="SeleniumLibrary">
<arg>${locator}</arg>
<arg>${timeout}</arg>
<doc>Waits until the element ``locator`` is enabled.</doc>
<status status="PASS" starttime="20260123 15:13:33.543" endtime="20260123 15:13:33.561"/>
</kw>
<kw name="Scroll Element Into View" library="SeleniumLibrary">
<arg>${locator}</arg>
<doc>Scrolls the element identified by ``locator`` into view.</doc>
<status status="PASS" starttime="20260123 15:13:33.561" endtime="20260123 15:13:33.833"/>
</kw>
<kw name="Run Keyword And Return Status" library="BuiltIn">
<var>${clicked}</var>
<arg>Click Element</arg>
<arg>${locator}</arg>
<doc>Runs the given keyword with given arguments and returns the status as a Boolean value.</doc>
<kw name="Click Element" library="SeleniumLibrary">
<arg>${locator}</arg>
<doc>Click the element identified by ``locator``.</doc>
<msg timestamp="20260123 15:13:33.834" level="INFO">Clicking element 'xpath=/html/body/div[1]/header/div[1]/div/div/div/div/div[2]/div[2]/ul/li[2]/ul/li[3]/a'.</msg>
<status status="PASS" starttime="20260123 15:13:33.833" endtime="20260123 15:13:35.585"/>
</kw>
<msg timestamp="20260123 15:13:35.586" level="INFO">${clicked} = True</msg>
<status status="PASS" starttime="20260123 15:13:33.833" endtime="20260123 15:13:35.586"/>
</kw>
<if>
<branch type="IF" condition="not ${clicked}">
<kw name="Log" library="BuiltIn">
<arg>Using JS click fallback for ${locator}</arg>
<doc>Logs the given message with the given level.</doc>
<status status="NOT RUN" starttime="20260123 15:13:35.586" endtime="20260123 15:13:35.586"/>
</kw>
<kw name="Execute Javascript" library="SeleniumLibrary">
<arg>arguments[0].click();</arg>
<arg>document.evaluate("${locator.replace('xpath=','')}", document, null, XPathResult.FIRST_ORDERED_NODE_TYPE, null).singleNodeValue</arg>
<doc>Executes the given JavaScript code with possible arguments.</doc>
<status status="NOT RUN" starttime="20260123 15:13:35.586" endtime="20260123 15:13:35.586"/>
</kw>
<status status="NOT RUN" starttime="20260123 15:13:35.586" endtime="20260123 15:13:35.586"/>
</branch>
<status status="PASS" starttime="20260123 15:13:35.586" endtime="20260123 15:13:35.586"/>
</if>
<status status="PASS" starttime="20260123 15:13:33.524" endtime="20260123 15:13:35.587"/>
</kw>
<kw name="Sleep" library="BuiltIn">
<arg>2s</arg>
<doc>Pauses the test executed for the given time.</doc>
<msg timestamp="20260123 15:13:37.587" level="INFO">Slept 2 seconds</msg>
<status status="PASS" starttime="20260123 15:13:35.587" endtime="20260123 15:13:37.587"/>
</kw>
<status status="PASS" starttime="20260123 15:13:33.523" endtime="20260123 15:13:37.587"/>
</kw>
<kw name="Wait Until Element Is Visible" library="SeleniumLibrary">
<arg>${Reconnect_with_nature_contents}</arg>
<doc>Waits until the element ``locator`` is visible.</doc>
<status status="PASS" starttime="20260123 15:13:37.587" endtime="20260123 15:13:37.602"/>
</kw>
<kw name="Go Down to" library="treks_tours">
<kw name="Scroll Element Into View" library="SeleniumLibrary">
<arg>${header}</arg>
<doc>Scrolls the element identified by ``locator`` into view.</doc>
<status status="PASS" starttime="20260123 15:13:37.603" endtime="20260123 15:13:37.881"/>
</kw>
<kw name="Sleep" library="BuiltIn">
<arg>2s</arg>
<doc>Pauses the test executed for the given time.</doc>
<msg timestamp="20260123 15:13:39.882" level="INFO">Slept 2 seconds</msg>
<status status="PASS" starttime="20260123 15:13:37.881" endtime="20260123 15:13:39.882"/>
</kw>
<status status="PASS" starttime="20260123 15:13:37.602" endtime="20260123 15:13:39.883"/>
</kw>
<kw name="Wait And Click" library="keywords">
<arg>${wildlife_encounter}</arg>
<doc>Waits until element is visible &amp; enabled, scrolls into view, clicks, fallback to JS if normal click fails</doc>
<kw name="Wait Until Element Is Visible" library="SeleniumLibrary">
<arg>${locator}</arg>
<arg>${timeout}</arg>
<doc>Waits until the element ``locator`` is visible.</doc>
<status status="PASS" starttime="20260123 15:13:39.883" endtime="20260123 15:13:39.898"/>
</kw>
<kw name="Wait Until Element Is Enabled" library="SeleniumLibrary">
<arg>${locator}</arg>
<arg>${timeout}</arg>
<doc>Waits until the element ``locator`` is enabled.</doc>
<status status="PASS" starttime="20260123 15:13:39.899" endtime="20260123 15:13:39.916"/>
</kw>
<kw name="Scroll Element Into View" library="SeleniumLibrary">
<arg>${locator}</arg>
<doc>Scrolls the element identified by ``locator`` into view.</doc>
<status status="PASS" starttime="20260123 15:13:39.916" endtime="20260123 15:13:40.201"/>
</kw>
<kw name="Run Keyword And Return Status" library="BuiltIn">
<var>${clicked}</var>
<arg>Click Element</arg>
<arg>${locator}</arg>
<doc>Runs the given keyword with given arguments and returns the status as a Boolean value.</doc>
<kw name="Click Element" library="SeleniumLibrary">
<arg>${locator}</arg>
<doc>Click the element identified by ``locator``.</doc>
<msg timestamp="20260123 15:13:40.202" level="INFO">Clicking element 'xpath=/html/body/div[3]/section/div/div/ul/li[1]'.</msg>
<status status="PASS" starttime="20260123 15:13:40.201" endtime="20260123 15:13:40.250"/>
</kw>
<msg timestamp="20260123 15:13:40.250" level="INFO">${clicked} = True</msg>
<status status="PASS" starttime="20260123 15:13:40.201" endtime="20260123 15:13:40.250"/>
</kw>
<if>
<branch type="IF" condition="not ${clicked}">
<kw name="Log" library="BuiltIn">
<arg>Using JS click fallback for ${locator}</arg>
<doc>Logs the given message with the given level.</doc>
<status status="NOT RUN" starttime="20260123 15:13:40.250" endtime="20260123 15:13:40.250"/>
</kw>
<kw name="Execute Javascript" library="SeleniumLibrary">
<arg>arguments[0].click();</arg>
<arg>document.evaluate("${locator.replace('xpath=','')}", document, null, XPathResult.FIRST_ORDERED_NODE_TYPE, null).singleNodeValue</arg>
<doc>Executes the given JavaScript code with possible arguments.</doc>
<status status="NOT RUN" starttime="20260123 15:13:40.250" endtime="20260123 15:13:40.250"/>
</kw>
<status status="NOT RUN" starttime="20260123 15:13:40.250" endtime="20260123 15:13:40.250"/>
</branch>
[...]
</kw>
<status status="NOT RUN" starttime="20260123 15:14:40.941" endtime="20260123 15:14:40.941"/>
</branch>
<status status="PASS" starttime="20260123 15:14:40.941" endtime="20260123 15:14:40.941"/>
</if>
<kw name="Sleep" library="BuiltIn">
<arg>0.5s</arg>
<doc>Pauses the test executed for the given time.</doc>
<msg timestamp="20260123 15:14:41.442" level="INFO">Slept 500 milliseconds</msg>
<status status="PASS" starttime="20260123 15:14:40.941" endtime="20260123 15:14:41.442"/>
</kw>
<status status="PASS" starttime="20260123 15:14:40.576" endtime="20260123 15:14:41.442"/>
</iter>
<iter>
<var name="${i}">5</var>
<kw name="Get WebElements" library="SeleniumLibrary">
<var>${links}</var>
<arg>${STICKY_LINKS}</arg>
<doc>Returns a list of WebElement objects matching the ``locator``.</doc>
<msg timestamp="20260123 15:14:41.451" level="INFO">${links} = [&lt;selenium.webdriver.remote.webelement.WebElement (session="01ab8041d3aa92b4fe6b7b3b270df770", element="f.0700B177E297B1FC82A0946FBC2FD30D.d.1D152D18B7A35655A23BC10E74585E96.e.266")&gt;, &lt;selenium.webdri...</msg>
<status status="PASS" starttime="20260123 15:14:41.442" endtime="20260123 15:14:41.452"/>
</kw>
<kw name="Set Variable" library="BuiltIn">
<var>${link}</var>
<arg>${links}[${i}]</arg>
<doc>Returns the given values which can then be assigned to a variables.</doc>
<msg timestamp="20260123 15:14:41.452" level="INFO">${link} = &lt;selenium.webdriver.remote.webelement.WebElement (session="01ab8041d3aa92b4fe6b7b3b270df770", element="f.0700B177E297B1FC82A0946FBC2FD30D.d.1D152D18B7A35655A23BC10E74585E96.e.270")&gt;</msg>
<status status="PASS" starttime="20260123 15:14:41.452" endtime="20260123 15:14:41.452"/>
</kw>
<kw name="Get Text" library="SeleniumLibrary">
<var>${text}</var>
<arg>${link}</arg>
<doc>Returns the text value of the element identified by ``locator``.</doc>
<msg timestamp="20260123 15:14:41.464" level="INFO">${text} = Itinerary</msg>
<status status="PASS" starttime="20260123 15:14:41.452" endtime="20260123 15:14:41.464"/>
</kw>
<kw name="Log" library="BuiltIn">
<arg>Clicking navbar link: ${text}</arg>
<doc>Logs the given message with the given level.</doc>
<msg timestamp="20260123 15:14:41.464" level="INFO">Clicking navbar link: Itinerary</msg>
<status status="PASS" starttime="20260123 15:14:41.464" endtime="20260123 15:14:41.464"/>
</kw>
<kw name="Scroll Element Into View" library="SeleniumLibrary">
<arg>${link}</arg>
<doc>Scrolls the element identified by ``locator`` into view.</doc>
<status status="PASS" starttime="20260123 15:14:41.464" endtime="20260123 15:14:41.733"/>
</kw>
<kw name="Wait Until Element Is Visible" library="SeleniumLibrary">
<arg>${link}</arg>
<arg>10s</arg>
<doc>Waits until the element ``locator`` is visible.</doc>
<status status="PASS" starttime="20260123 15:14:41.733" endtime="20260123 15:14:41.740"/>
</kw>
<kw name="Wait Until Element Is Enabled" library="SeleniumLibrary">
<arg>${link}</arg>
<arg>10s</arg>
<doc>Waits until the element ``locator`` is enabled.</doc>
<status status="PASS" starttime="20260123 15:14:41.740" endtime="20260123 15:14:41.751"/>
</kw>
<kw name="Run Keyword And Return Status" library="BuiltIn">
<var>${clicked}</var>
<arg>Click Element</arg>
<arg>${link}</arg>
<doc>Runs the given keyword with given arguments and returns the status as a Boolean value.</doc>
<kw name="Click Element" library="SeleniumLibrary">
<arg>${link}</arg>
<doc>Click the element identified by ``locator``.</doc>
<msg timestamp="20260123 15:14:41.752" level="INFO">Clicking element '&lt;selenium.webdriver.remote.webelement.WebElement (session="01ab8041d3aa92b4fe6b7b3b270df770", element="f.0700B177E297B1FC82A0946FBC2FD30D.d.1D152D18B7A35655A23BC10E74585E96.e.270")&gt;'.</msg>
<status status="PASS" starttime="20260123 15:14:41.751" endtime="20260123 15:14:41.790"/>
</kw>
<msg timestamp="20260123 15:14:41.791" level="INFO">${clicked} = True</msg>
<status status="PASS" starttime="20260123 15:14:41.751" endtime="20260123 15:14:41.791"/>
</kw>
<if>
<branch type="IF" condition="not ${clicked}">
<kw name="Log" library="BuiltIn">
<arg>JS fallback click for: ${text}</arg>
<doc>Logs the given message with the given level.</doc>
<status status="NOT RUN" starttime="20260123 15:14:41.791" endtime="20260123 15:14:41.791"/>
</kw>
<kw name="Execute Javascript" library="SeleniumLibrary">
<arg>arguments[0].click();</arg>
<arg>${link}</arg>
<doc>Executes the given JavaScript code with possible arguments.</doc>
<status status="NOT RUN" starttime="20260123 15:14:41.791" endtime="20260123 15:14:41.791"/>
</kw>
<status status="NOT RUN" starttime="20260123 15:14:41.791" endtime="20260123 15:14:41.791"/>
</branch>
<status status="PASS" starttime="20260123 15:14:41.791" endtime="20260123 15:14:41.791"/>
</if>
<kw name="Sleep" library="BuiltIn">
<arg>0.5s</arg>
<doc>Pauses the test executed for the given time.</doc>
<msg timestamp="20260123 15:14:42.292" level="INFO">Slept 500 milliseconds</msg>
<status status="PASS" starttime="20260123 15:14:41.791" endtime="20260123 15:14:42.292"/>
</kw>
<status status="PASS" starttime="20260123 15:14:41.442" endtime="20260123 15:14:42.292"/>
</iter>
<iter>
<var name="${i}">6</var>
<kw name="Get WebElements" library="SeleniumLibrary">
<var>${links}</var>
<arg>${STICKY_LINKS}</arg>
<doc>Returns a list of WebElement objects matching the ``locator``.</doc>
<msg timestamp="20260123 15:14:42.301" level="INFO">${links} = [&lt;selenium.webdriver.remote.webelement.WebElement (session="01ab8041d3aa92b4fe6b7b3b270df770", element="f.0700B177E297B1FC82A0946FBC2FD30D.d.1D152D18B7A35655A23BC10E74585E96.e.266")&gt;, &lt;selenium.webdri...</msg>
<status status="PASS" starttime="20260123 15:14:42.292" endtime="20260123 15:14:42.301"/>
</kw>
<kw name="Set Variable" library="BuiltIn">
<var>${link}</var>
<arg>${links}[${i}]</arg>
<doc>Returns the given values which can then be assigned to a variables.</doc>
<msg timestamp="20260123 15:14:42.302" level="INFO">${link} = &lt;selenium.webdriver.remote.webelement.WebElement (session="01ab8041d3aa92b4fe6b7b3b270df770", element="f.0700B177E297B1FC82A0946FBC2FD30D.d.1D152D18B7A35655A23BC10E74585E96.e.271")&gt;</msg>
<status status="PASS" starttime="20260123 15:14:42.301" endtime="20260123 15:14:42.302"/>
</kw>
<kw name="Get Text" library="SeleniumLibrary">
<var>${text}</var>
<arg>${link}</arg>
<doc>Returns the text value of the element identified by ``locator``.</doc>
<msg timestamp="20260123 15:14:42.312" level="INFO">${text} = Includes/Excludes</msg>
<status status="PASS" starttime="20260123 15:14:42.302" endtime="20260123 15:14:42.312"/>
</kw>
<kw name="Log" library="BuiltIn">
<arg>Clicking navbar link: ${text}</arg>
<doc>Logs the given message with the given level.</doc>
<msg timestamp="20260123 15:14:42.313" level="INFO">Clicking navbar link: Includes/Excludes</msg>
<status status="PASS" starttime="20260123 15:14:42.312" endtime="20260123 15:14:42.313"/>
</kw>
<kw name="Scroll Element Into View" library="SeleniumLibrary">
<arg>${link}</arg>
<doc>Scrolls the element identified by ``locator`` into view.</doc>
<status status="PASS" starttime="20260123 15:14:42.313" endtime="20260123 15:14:42.588"/>
</kw>
<kw name="Wait Until Element Is Visible" library="SeleniumLibrary">
<arg>${link}</arg>
<arg>10s</arg>
<doc>Waits until the element ``locator`` is visible.</doc>
<status status="PASS" starttime="20260123 15:14:42.588" endtime="20260123 15:14:42.596"/>
</kw>
<kw name="Wait Until Element Is Enabled" library="SeleniumLibrary">
<arg>${link}</arg>
<arg>10s</arg>
<doc>Waits until the element ``locator`` is enabled.</doc>
<status status="PASS" starttime="20260123 15:14:42.596" endtime="20260123 15:14:42.607"/>
</kw>
<kw name="Run Keyword And Return Status" library="BuiltIn">
<var>${clicked}</var>
<arg>Click Element</arg>
<arg>${link}</arg>
<doc>Runs the given keyword with given arguments and returns the status as a Boolean value.</doc>
<kw name="Click Element" library="SeleniumLibrary">
<arg>${link}</arg>
<doc>Click the element identified by ``locator``.</doc>
<msg timestamp="20260123 15:14:42.608" level="INFO">Clicking element '&lt;selenium.webdriver.remote.webelement.WebElement (session="01ab8041d3aa92b4fe6b7b3b270df770", element="f.0700B177E297B1FC82A0946FBC2FD30D.d.1D152D18B7A35655A23BC10E74585E96.e.271")&gt;'.</msg>
<status status="PASS" starttime="20260123 15:14:42.607" endtime="20260123 15:14:42.646"/>
</kw>
<msg timestamp="20260123 15:14:42.647" level="INFO">${clicked} = True</msg>
<status status="PASS" starttime="20260123 15:14:42.607" endtime="20260123 15:14:42.647"/>
</kw>
<if>
<branch type="IF" condition="not ${clicked}">
<kw name="Log" library="BuiltIn">
<arg>JS fallback click for: ${text}</arg>
<doc>Logs the given message with the given level.</doc>
<status status="NOT RUN" starttime="20260123 15:14:42.647" endtime="20260123 15:14:42.647"/>
</kw>
<kw name="Execute Javascript" library="SeleniumLibrary">
<arg>arguments[0].click();</arg>
<arg>${link}</arg>
<doc>Executes the given JavaScript code with possible arguments.</doc>
<status status="NOT RUN" starttime="20260123 15:14:42.647" endtime="20260123 15:14:42.647"/>
</kw>
<status status="NOT RUN" starttime="20260123 15:14:42.647" endtime="20260123 15:14:42.647"/>
</branch>
<status status="PASS" starttime="20260123 15:14:42.647" endtime="20260123 15:14:42.647"/>
</if>
<kw name="Sleep" library="BuiltIn">
<arg>0.5s</arg>
<doc>Pauses the test executed for the given time.</doc>
<msg timestamp="20260123 15:14:43.148" level="INFO">Slept 500 milliseconds</msg>
<status status="PASS" starttime="20260123 15:14:42.647" endtime="20260123 15:14:43.148"/>
</kw>
<status status="PASS" starttime="20260123 15:14:42.292" endtime="20260123 15:14:43.148"/>
</iter>
<iter>
<var name="${i}">7</var>
<kw name="Get WebElements" library="SeleniumLibrary">
<var>${links}</var>
<arg>${STICKY_LINKS}</arg>
<doc>Returns a list of WebElement objects matching the ``locator``.</doc>
<msg timestamp="20260123 15:14:43.159" level="INFO">${links} = [&lt;selenium.webdriver.remote.webelement.WebElement (session="01ab8041d3aa92b4fe6b7b3b270df770", element="f.0700B177E297B1FC82A0946FBC2FD30D.d.1D152D18B7A35655A23BC10E74585E96.e.266")&gt;, &lt;selenium.webdri...</msg>
<status status="PASS" starttime="20260123 15:14:43.148" endtime="20260123 15:14:43.159"/>
</kw>
<kw name="Set Variable" library="BuiltIn">
<var>${link}</var>
<arg>${links}[${i}]</arg>
<doc>Returns the given values which can then be assigned to a variables.</doc>
<msg timestamp="20260123 15:14:43.160" level="INFO">${link} = &lt;selenium.webdriver.remote.webelement.WebElement (session="01ab8041d3aa92b4fe6b7b3b270df770", element="f.0700B177E297B1FC82A0946FBC2FD30D.d.1D152D18B7A35655A23BC10E74585E96.e.272")&gt;</msg>
<status status="PASS" starttime="20260123 15:14:43.159" endtime="20260123 15:14:43.160"/>
</kw>
<kw name="Get Text" library="SeleniumLibrary">
<var>${text}</var>
<arg>${link}</arg>
<doc>Returns the text value of the element identified by ``locator``.</doc>
<msg timestamp="20260123 15:14:43.170" level="INFO">${text} = Imp Info</msg>
<status status="PASS" starttime="20260123 15:14:43.160" endtime="20260123 15:14:43.170"/>
</kw>
<kw name="Log" library="BuiltIn">
<arg>Clicking navbar link: ${text}</arg>
<doc>Logs the given message with the given level.</doc>
<msg timestamp="20260123 15:14:43.170" level="INFO">Clicking navbar link: Imp Info</msg>
<status status="PASS" starttime="20260123 15:14:43.170" endtime="20260123 15:14:43.170"/>
</kw>
<kw name="Scroll Element Into View" library="SeleniumLibrary">
<arg>${link}</arg>
<doc>Scrolls the element identified by ``locator`` into view.</doc>
<status status="PASS" starttime="20260123 15:14:43.170" endtime="20260123 15:14:43.451"/>
</kw>
<kw name="Wait Until Element Is Visible" library="SeleniumLibrary">
<arg>${link}</arg>
<arg>10s</arg>
<doc>Waits until the element ``locator`` is visible.</doc>
<status status="PASS" starttime="20260123 15:14:43.451" endtime="20260123 15:14:43.459"/>
</kw>
<kw name="Wait Until Element Is Enabled" library="SeleniumLibrary">
<arg>${link}</arg>
<arg>10s</arg>
<doc>Waits until the element ``locator`` is enabled.</doc>
<status status="PASS" starttime="20260123 15:14:43.459" endtime="20260123 15:14:43.470"/>
</kw>
<kw name="Run Keyword And Return Status" library="BuiltIn">
<var>${clicked}</var>
<arg>Click Element</arg>
<arg>${link}</arg>
<doc>Runs the given keyword with given arguments and returns the status as a Boolean value.</doc>
<kw name="Click Element" library="SeleniumLibrary">
<arg>${link}</arg>
<doc>Click the element identified by ``locator``.</doc>
<msg timestamp="20260123 15:14:43.471" level="INFO">Clicking element '&lt;selenium.webdriver.remote.webelement.WebElement (session="01ab8041d3aa92b4fe6b7b3b270df770", element="f.0700B177E297B1FC82A0946FBC2FD30D.d.1D152D18B7A35655A23BC10E74585E96.e.272")&gt;'.</msg>
<status status="PASS" starttime="20260123 15:14:43.471" endtime="20260123 15:14:43.509"/>
</kw>
<msg timestamp="20260123 15:14:43.509" level="INFO">${clicked} = True</msg>
<status status="PASS" starttime="20260123 15:14:43.470" endtime="20260123 15:14:43.509"/>
</kw>
<if>
<branch type="IF" condition="not ${clicked}">
<kw name="Log" library="BuiltIn">
<arg>JS fallback click for: ${text}</arg>
<doc>Logs the given message with the given level.</doc>
<status status="NOT RUN" starttime="20260123 15:14:43.510" endtime="20260123 15:14:43.510"/>
</kw>
<kw name="Execute Javascript" library="SeleniumLibrary">
<arg>arguments[0].click();</arg>
<arg>${link}</arg>
<doc>Executes the given JavaScript code with possible arguments.</doc>
<status status="NOT RUN" starttime="20260123 15:14:43.510" endtime="20260123 15:14:43.510"/>
</kw>
<status status="NOT RUN" starttime="20260123 15:14:43.510" endtime="20260123 15:14:43.510"/>
</branch>
<status status="PASS" starttime="20260123 15:14:43.510" endtime="20260123 15:14:43.510"/>
</if>
<kw name="Sleep" library="BuiltIn">
<arg>0.5s</arg>
<doc>Pauses the test executed for the given time.</doc>
<msg timestamp="20260123 15:14:44.011" level="INFO">Slept 500 milliseconds</msg>
<status status="PASS" starttime="20260123 15:14:43.510" endtime="20260123 15:14:44.011"/>
</kw>
<status status="PASS" starttime="20260123 15:14:43.148" endtime="20260123 15:14:44.011"/>
</iter>
<iter>
<var name="${i}">8</var>
<kw name="Get WebElements" library="SeleniumLibrary">
<var>${links}</var>
<arg>${STICKY_LINKS}</arg>
<doc>Returns a list of WebElement objects matching the ``locator``.</doc>
<msg timestamp="20260123 15:14:44.021" level="INFO">${links} = [&lt;selenium.webdriver.remote.webelement.WebElement (session="01ab8041d3aa92b4fe6b7b3b270df770", element="f.0700B177E297B1FC82A0946FBC2FD30D.d.1D152D18B7A35655A23BC10E74585E96.e.266")&gt;, &lt;selenium.webdri...</msg>
<status status="PASS" starttime="20260123 15:14:44.011" endtime="20260123 15:14:44.021"/>
</kw>
<kw name="Set Variable" library="BuiltIn">
<var>${link}</var>
<arg>${links}[${i}]</arg>
<doc>Returns the given values which can then be assigned to a variables.</doc>
<msg timestamp="20260123 15:14:44.021" level="INFO">${link} = &lt;selenium.webdriver.remote.webelement.WebElement (session="01ab8041d3aa92b4fe6b7b3b270df770", element="f.0700B177E297B1FC82A0946FBC2FD30D.d.1D152D18B7A35655A23BC10E74585E96.e.273")&gt;</msg>
<status status="PASS" starttime="20260123 15:14:44.021" endtime="20260123 15:14:44.021"/>
</kw>
<kw name="Get Text" library="SeleniumLibrary">
<var>${text}</var>
<arg>${link}</arg>
<doc>Returns the text value of the element identified by ``locator``.</doc>
<msg timestamp="20260123 15:14:44.030" level="INFO">${text} = FAQS</msg>
<status status="PASS" starttime="20260123 15:14:44.021" endtime="20260123 15:14:44.030"/>
</kw>
<kw name="Log" library="BuiltIn">
<arg>Clicking navbar link: ${text}</arg>
<doc>Logs the given message with the given level.</doc>
<msg timestamp="20260123 15:14:44.030" level="INFO">Clicking navbar link: FAQS</msg>
<status status="PASS" starttime="20260123 15:14:44.030" endtime="20260123 15:14:44.030"/>
</kw>
<kw name="Scroll Element Into View" library="SeleniumLibrary">
<arg>${link}</arg>
<doc>Scrolls the element identified by ``locator`` into view.</doc>
<status status="PASS" starttime="20260123 15:14:44.030" endtime="20260123 15:14:44.305"/>
</kw>
<kw name="Wait Until Element Is Visible" library="SeleniumLibrary">
<arg>${link}</arg>
<arg>10s</arg>
<doc>Waits until the element ``locator`` is visible.</doc>
<status status="PASS" starttime="20260123 15:14:44.305" endtime="20260123 15:14:44.313"/>
</kw>
<kw name="Wait Until Element Is Enabled" library="SeleniumLibrary">
<arg>${link}</arg>
<arg>10s</arg>
<doc>Waits until the element ``locator`` is enabled.</doc>
<status status="PASS" starttime="20260123 15:14:44.313" endtime="20260123 15:14:44.324"/>
</kw>
<kw name="Run Keyword And Return Status" library="BuiltIn">
<var>${clicked}</var>
<arg>Click Element</arg>
<arg>${link}</arg>
<doc>Runs the given keyword with given arguments and returns the status as a Boolean value.</doc>
<kw name="Click Element" library="SeleniumLibrary">
<arg>${link}</arg>
<doc>Click the element identified by ``locator``.</doc>
<msg timestamp="20260123 15:14:44.325" level="INFO">Clicking element '&lt;selenium.webdriver.remote.webelement.WebElement (session="01ab8041d3aa92b4fe6b7b3b270df770", element="f.0700B177E297B1FC82A0946FBC2FD30D.d.1D152D18B7A35655A23BC10E74585E96.e.273")&gt;'.</msg>
<status status="PASS" starttime="20260123 15:14:44.325" endtime="20260123 15:14:44.364"/>
</kw>
<msg timestamp="20260123 15:14:44.364" level="INFO">${clicked} = True</msg>
<status status="PASS" starttime="20260123 15:14:44.324" endtime="20260123 15:14:44.364"/>
</kw>
<if>
<branch type="IF" condition="not ${clicked}">
<kw name="Log" library="BuiltIn">
<arg>JS fallback click for: ${text}</arg>
<doc>Logs the given message with the given level.</doc>
<status status="NOT RUN" starttime="20260123 15:14:44.365" endtime="20260123 15:14:44.365"/>
</kw>
<kw name="Execute Javascript" library="SeleniumLibrary">
<arg>arguments[0].click();</arg>
<arg>${link}</arg>
<doc>Executes the given JavaScript code with possible arguments.</doc>
<status status="NOT RUN" starttime="20260123 15:14:44.365" endtime="20260123 15:14:44.365"/>
</kw>
<status status="NOT RUN" starttime="20260123 15:14:44.364" endtime="20260123 15:14:44.365"/>
</branch>
<status status="PASS" starttime="20260123 15:14:44.364" endtime="20260123 15:14:44.365"/>
</if>
<kw name="Sleep" library="BuiltIn">
<arg>0.5s</arg>
<doc>Pauses the test executed for the given time.</doc>
<msg timestamp="20260123 15:14:44.866" level="INFO">Slept 500 milliseconds</msg>
<status status="PASS" starttime="20260123 15:14:44.365" endtime="20260123 15:14:44.866"/>
</kw>
<status status="PASS" starttime="20260123 15:14:44.011" endtime="20260123 15:14:44.866"/>
</iter>
<status status="PASS" starttime="20260123 15:14:37.097" endtime="20260123 15:14:44.866"/>
</for>
<status status="PASS" starttime="20260123 15:14:36.771" endtime="20260123 15:14:44.866"/>
</kw>
<kw name="Scroll Element Into View" library="SeleniumLibrary">
<arg>${Kalinchwok_crest_content}</arg>
<doc>Scrolls the element identified by ``locator`` into view.</doc>
<status status="PASS" starttime="20260123 15:14:44.866" endtime="20260123 15:14:45.154"/>
</kw>
<status status="PASS" starttime="20260123 15:14:18.968" endtime="20260123 15:14:45.154"/>
</kw>
<kw name="Close Browser" library="SeleniumLibrary" type="TEARDOWN">
<doc>Closes the current browser.</doc>
<status status="PASS" starttime="20260123 15:14:45.154" endtime="20260123 15:14:47.409"/>
</kw>
<status status="PASS" starttime="20260123 15:12:46.766" endtime="20260123 15:14:47.409"/>
</test>
<status status="PASS" starttime="20260123 15:12:46.237" endtime="20260123 15:14:47.410"/>
</suite>
<statistics>
<total>
<stat pass="1" fail="0" skip="0">All Tests</stat>
</total>
<tag>
</tag>
<suite>
<stat pass="1" fail="0" skip="0" id="s1" name="Reconnect With Nature">Reconnect With Nature</stat>
</suite>
</statistics>
<errors>
</errors>
</robot>
