<?xml version="1.0" encoding="UTF-8"?>
<robot generator="Robot 6.1.1 (Python 3.13.9 on win32)" generated="20260121 11:44:34.232" rpa="false" schemaversion="4">
<suite id="s1" name="Treks Tours" source="C:\Users\Swarup Dahal\PycharmProjects\trail-quest\tests\treks_tours.robot">
<test id="s1-t1" name="Treks and Tours Test" line="9">
<kw name="Open Homepage" library="home_page">
<kw name="Open Browser To Application" library="browser">
<kw name="Evaluate" library="BuiltIn">
<var>${chrome_options}</var>
<arg>selenium.webdriver.ChromeOptions()</arg>
<arg>modules=selenium.webdriver</arg>
<doc>Evaluates the given expression in Python and returns the result.</doc>
<msg timestamp="20260121 11:44:34.703" level="INFO">${chrome_options} = &lt;selenium.webdriver.chrome.options.Options object at 0x000001A177BCAE40&gt;</msg>
<status status="PASS" starttime="20260121 11:44:34.702" endtime="20260121 11:44:34.703"/>
</kw>
<kw name="Create List" library="BuiltIn">
<var>${args}</var>
<arg>--window-size=1920,1080</arg>
<arg>--start-maximized</arg>
<arg>--no-sandbox</arg>
<arg>--disable-dev-shm-usage</arg>
<arg>--disable-gpu</arg>
<arg>--disable-software-rasterizer</arg>
<arg>--remote-debugging-port=9222</arg>
<arg>--disable-extensions</arg>
<arg>--disable-setuid-sandbox</arg>
<doc>Returns a list containing given items.</doc>
<msg timestamp="20260121 11:44:34.703" level="INFO">${args} = ['--window-size=1920,1080', '--start-maximized', '--no-sandbox', '--disable-dev-shm-usage', '--disable-gpu', '--disable-software-rasterizer', '--remote-debugging-port=9222', '--disable-extensions', '-...</msg>
<status status="PASS" starttime="20260121 11:44:34.703" endtime="20260121 11:44:34.703"/>
</kw>
<for flavor="IN">
<var>${arg}</var>
<value>@{args}</value>
<iter>
<var name="${arg}">--window-size=1920,1080</var>
<kw name="Call Method" library="BuiltIn">
<arg>${chrome_options}</arg>
<arg>add_argument</arg>
<arg>${arg}</arg>
<doc>Calls the named method of the given object with the provided arguments.</doc>
<status status="PASS" starttime="20260121 11:44:34.704" endtime="20260121 11:44:34.704"/>
</kw>
<status status="PASS" starttime="20260121 11:44:34.703" endtime="20260121 11:44:34.704"/>
</iter>
<iter>
<var name="${arg}">--start-maximized</var>
<kw name="Call Method" library="BuiltIn">
<arg>${chrome_options}</arg>
<arg>add_argument</arg>
<arg>${arg}</arg>
<doc>Calls the named method of the given object with the provided arguments.</doc>
<status status="PASS" starttime="20260121 11:44:34.704" endtime="20260121 11:44:34.704"/>
</kw>
<status status="PASS" starttime="20260121 11:44:34.704" endtime="20260121 11:44:34.704"/>
</iter>
<iter>
<var name="${arg}">--no-sandbox</var>
<kw name="Call Method" library="BuiltIn">
<arg>${chrome_options}</arg>
<arg>add_argument</arg>
<arg>${arg}</arg>
<doc>Calls the named method of the given object with the provided arguments.</doc>
<status status="PASS" starttime="20260121 11:44:34.705" endtime="20260121 11:44:34.705"/>
</kw>
<status status="PASS" starttime="20260121 11:44:34.704" endtime="20260121 11:44:34.705"/>
</iter>
<iter>
<var name="${arg}">--disable-dev-shm-usage</var>
<kw name="Call Method" library="BuiltIn">
<arg>${chrome_options}</arg>
<arg>add_argument</arg>
<arg>${arg}</arg>
<doc>Calls the named method of the given object with the provided arguments.</doc>
<status status="PASS" starttime="20260121 11:44:34.705" endtime="20260121 11:44:34.705"/>
</kw>
<status status="PASS" starttime="20260121 11:44:34.705" endtime="20260121 11:44:34.705"/>
</iter>
<iter>
<var name="${arg}">--disable-gpu</var>
<kw name="Call Method" library="BuiltIn">
<arg>${chrome_options}</arg>
<arg>add_argument</arg>
<arg>${arg}</arg>
<doc>Calls the named method of the given object with the provided arguments.</doc>
<status status="PASS" starttime="20260121 11:44:34.705" endtime="20260121 11:44:34.706"/>
</kw>
<status status="PASS" starttime="20260121 11:44:34.705" endtime="20260121 11:44:34.706"/>
</iter>
<iter>
<var name="${arg}">--disable-software-rasterizer</var>
<kw name="Call Method" library="BuiltIn">
<arg>${chrome_options}</arg>
<arg>add_argument</arg>
<arg>${arg}</arg>
<doc>Calls the named method of the given object with the provided arguments.</doc>
<status status="PASS" starttime="20260121 11:44:34.706" endtime="20260121 11:44:34.706"/>
</kw>
<status status="PASS" starttime="20260121 11:44:34.706" endtime="20260121 11:44:34.706"/>
</iter>
<iter>
<var name="${arg}">--remote-debugging-port=9222</var>
<kw name="Call Method" library="BuiltIn">
<arg>${chrome_options}</arg>
<arg>add_argument</arg>
<arg>${arg}</arg>
<doc>Calls the named method of the given object with the provided arguments.</doc>
<status status="PASS" starttime="20260121 11:44:34.706" endtime="20260121 11:44:34.707"/>
</kw>
<status status="PASS" starttime="20260121 11:44:34.706" endtime="20260121 11:44:34.707"/>
</iter>
<iter>
<var name="${arg}">--disable-extensions</var>
<kw name="Call Method" library="BuiltIn">
<arg>${chrome_options}</arg>
<arg>add_argument</arg>
<arg>${arg}</arg>
<doc>Calls the named method of the given object with the provided arguments.</doc>
<status status="PASS" starttime="20260121 11:44:34.707" endtime="20260121 11:44:34.707"/>
</kw>
<status status="PASS" starttime="20260121 11:44:34.707" endtime="20260121 11:44:34.707"/>
</iter>
<iter>
<var name="${arg}">--disable-setuid-sandbox</var>
<kw name="Call Method" library="BuiltIn">
<arg>${chrome_options}</arg>
<arg>add_argument</arg>
<arg>${arg}</arg>
<doc>Calls the named method of the given object with the provided arguments.</doc>
<status status="PASS" starttime="20260121 11:44:34.707" endtime="20260121 11:44:34.708"/>
</kw>
<status status="PASS" starttime="20260121 11:44:34.707" endtime="20260121 11:44:34.708"/>
</iter>
<status status="PASS" starttime="20260121 11:44:34.703" endtime="20260121 11:44:34.708"/>
</for>
<kw name="Open Browser" library="SeleniumLibrary">
<arg>${BASE_URL}</arg>
<arg>${BROWSER}</arg>
<arg>options=${chrome_options}</arg>
<doc>Opens a new browser instance to the optional ``url``.</doc>
<msg timestamp="20260121 11:44:34.709" level="INFO">Opening browser 'Chrome' to base url 'https://trailquest.global/'.</msg>
<status status="PASS" starttime="20260121 11:44:34.708" endtime="20260121 11:44:40.393"/>
</kw>
<status status="PASS" starttime="20260121 11:44:34.702" endtime="20260121 11:44:40.394"/>
</kw>
<kw name="Sleep" library="BuiltIn">
<arg>2s</arg>
<doc>Pauses the test executed for the given time.</doc>
<msg timestamp="20260121 11:44:42.395" level="INFO">Slept 2 seconds</msg>
<status status="PASS" starttime="20260121 11:44:40.394" endtime="20260121 11:44:42.395"/>
</kw>
<status status="PASS" starttime="20260121 11:44:34.702" endtime="20260121 11:44:42.395"/>
</kw>
<kw name="Test The Push Your Limit" library="treks_tours">
<kw name="Verify Logo Is Visible" library="treks_tours">
<kw name="Wait Until Element Is Visible" library="SeleniumLibrary">
<arg>${logo}</arg>
<doc>Waits until the element ``locator`` is visible.</doc>
<status status="PASS" starttime="20260121 11:44:42.396" endtime="20260121 11:44:42.426"/>
</kw>
<kw name="Sleep" library="BuiltIn">
<arg>2s</arg>
<doc>Pauses the test executed for the given time.</doc>
<msg timestamp="20260121 11:44:44.427" level="INFO">Slept 2 seconds</msg>
<status status="PASS" starttime="20260121 11:44:42.427" endtime="20260121 11:44:44.427"/>
</kw>
<status status="PASS" starttime="20260121 11:44:42.396" endtime="20260121 11:44:44.427"/>
</kw>
<kw name="Open Trek And Tours Menu" library="treks_tours">
<kw name="Wait And Click" library="keywords">
<arg>${trek_and_tours}</arg>
<kw name="Wait Until Element Is Visible" library="SeleniumLibrary">
<arg>${locator}</arg>
<doc>Waits until the element ``locator`` is visible.</doc>
<status status="PASS" starttime="20260121 11:44:44.428" endtime="20260121 11:44:44.449"/>
</kw>
<kw name="Click Element" library="SeleniumLibrary">
<arg>${locator}</arg>
<doc>Click the element identified by ``locator``.</doc>
<msg timestamp="20260121 11:44:44.450" level="INFO">Clicking element 'xpath=/html/body/div[1]/header/div[1]/div/div/div/div/div[2]/div[2]/ul/li[2]/a/i'.</msg>
<status status="PASS" starttime="20260121 11:44:44.450" endtime="20260121 11:44:44.528"/>
</kw>
<status status="PASS" starttime="20260121 11:44:44.428" endtime="20260121 11:44:44.528"/>
</kw>
<kw name="Sleep" library="BuiltIn">
<arg>2s</arg>
<doc>Pauses the test executed for the given time.</doc>
<msg timestamp="20260121 11:44:46.529" level="INFO">Slept 2 seconds</msg>
<status status="PASS" starttime="20260121 11:44:44.528" endtime="20260121 11:44:46.529"/>
</kw>
<status status="PASS" starttime="20260121 11:44:44.427" endtime="20260121 11:44:46.529"/>
</kw>
<kw name="Click Push Your Limit" library="treks_tours">
<kw name="Wait And Click" library="keywords">
<arg>${push_your_limit}</arg>
<kw name="Wait Until Element Is Visible" library="SeleniumLibrary">
<arg>${locator}</arg>
<doc>Waits until the element ``locator`` is visible.</doc>
<status status="PASS" starttime="20260121 11:44:46.530" endtime="20260121 11:44:46.551"/>
</kw>
<kw name="Click Element" library="SeleniumLibrary">
<arg>${locator}</arg>
<doc>Click the element identified by ``locator``.</doc>
<msg timestamp="20260121 11:44:46.552" level="INFO">Clicking element 'xpath=/html/body/div[1]/header/div[1]/div/div/div/div/div[2]/div[2]/ul/li[2]/ul/li[2]/a'.</msg>
<status status="PASS" starttime="20260121 11:44:46.551" endtime="20260121 11:44:48.741"/>
</kw>
<status status="PASS" starttime="20260121 11:44:46.530" endtime="20260121 11:44:48.742"/>
</kw>
<kw name="Sleep" library="BuiltIn">
<arg>2s</arg>
<doc>Pauses the test executed for the given time.</doc>
<msg timestamp="20260121 11:44:50.744" level="INFO">Slept 2 seconds</msg>
<status status="PASS" starttime="20260121 11:44:48.742" endtime="20260121 11:44:50.744"/>
</kw>
<status status="PASS" starttime="20260121 11:44:46.529" endtime="20260121 11:44:50.744"/>
</kw>
<kw name="Go Down to" library="treks_tours">
<kw name="Scroll Element Into View" library="SeleniumLibrary">
<arg>${header}</arg>
<doc>Scrolls the element identified by ``locator`` into view.</doc>
<status status="PASS" starttime="20260121 11:44:50.745" endtime="20260121 11:44:51.038"/>
</kw>
<kw name="Sleep" library="BuiltIn">
<arg>2s</arg>
<doc>Pauses the test executed for the given time.</doc>
<msg timestamp="20260121 11:44:53.039" level="INFO">Slept 2 seconds</msg>
<status status="PASS" starttime="20260121 11:44:51.038" endtime="20260121 11:44:53.040"/>
</kw>
<status status="PASS" starttime="20260121 11:44:50.744" endtime="20260121 11:44:53.040"/>
</kw>
<kw name="Click Easy" library="treks_tours">
<kw name="Wait And Click" library="keywords">
<arg>${easy}</arg>
<kw name="Wait Until Element Is Visible" library="SeleniumLibrary">
<arg>${locator}</arg>
<doc>Waits until the element ``locator`` is visible.</doc>
<status status="PASS" starttime="20260121 11:44:53.041" endtime="20260121 11:44:53.061"/>
</kw>
<kw name="Click Element" library="SeleniumLibrary">
<arg>${locator}</arg>
<doc>Click the element identified by ``locator``.</doc>
<msg timestamp="20260121 11:44:53.062" level="INFO">Clicking element 'xpath=/html/body/div[3]/section/div/div/ul/li[1]/h3'.</msg>
<status status="PASS" starttime="20260121 11:44:53.062" endtime="20260121 11:44:53.121"/>
</kw>
<status status="PASS" starttime="20260121 11:44:53.040" endtime="20260121 11:44:53.121"/>
</kw>
<status status="PASS" starttime="20260121 11:44:53.040" endtime="20260121 11:44:53.121"/>
</kw>
<kw name="Click Everest Picture" library="treks_tours">
<kw name="Wait And Click" library="keywords">
<arg>${everest_picture}</arg>
<kw name="Wait Until Element Is Visible" library="SeleniumLibrary">
<arg>${locator}</arg>
<doc>Waits until the element ``locator`` is visible.</doc>
<status status="PASS" starttime="20260121 11:44:53.122" endtime="20260121 11:44:53.142"/>
</kw>
<kw name="Click Element" library="SeleniumLibrary">
<arg>${locator}</arg>
<doc>Click the element identified by ``locator``.</doc>
<msg timestamp="20260121 11:44:53.142" level="INFO">Clicking element 'xpath=//img[contains(@alt,'Everest 3 Passes Trek')]'.</msg>
<status status="PASS" starttime="20260121 11:44:53.142" endtime="20260121 11:44:54.895"/>
</kw>
<status status="PASS" starttime="20260121 11:44:53.122" endtime="20260121 11:44:54.895"/>
</kw>
<kw name="Wait Until Element Is Visible" library="SeleniumLibrary">
<arg>${everest_header}</arg>
<doc>Waits until the element ``locator`` is visible.</doc>
<status status="PASS" starttime="20260121 11:44:54.896" endtime="20260121 11:44:54.931"/>
</kw>
<status status="PASS" starttime="20260121 11:44:53.122" endtime="20260121 11:44:54.932"/>
</kw>
<kw name="Click All Everest Sticky Navbar Links" library="treks_tours">
<kw name="Scroll Element Into View" library="SeleniumLibrary">
<arg>${nav_bar}</arg>
<doc>Scrolls the element identified by ``locator`` into view.</doc>
<status status="PASS" starttime="20260121 11:44:54.932" endtime="20260121 11:44:55.240"/>
</kw>
<kw name="Get WebElement" library="SeleniumLibrary">
<var>${section}</var>
<arg>xpath=//*[@data-section='nav-intro']</arg>
<doc>Returns the first WebElement matching the given ``locator``.</doc>
<msg timestamp="20260121 11:44:55.254" level="INFO">${section} = &lt;selenium.webdriver.remote.webelement.WebElement (session="9151168e737ba4204d5a7d75dfc54faf", element="f.A986F976688C600A2370ABFD45C5545D.d.4D1F68FBE55FA02382F69A27B80D0D90.e.77")&gt;</msg>
<status status="PASS" starttime="20260121 11:44:55.240" endtime="20260121 11:44:55.254"/>
</kw>
<kw name="Get WebElements" library="SeleniumLibrary">
<var>${nav_links}</var>
<arg>xpath=//nav[contains(@class,'sticky-navbar')][1]//ul/li/a[contains(@class,'nav-link')]</arg>
<doc>Returns a list of WebElement objects matching the ``locator``.</doc>
<msg timestamp="20260121 11:44:55.269" level="INFO">${nav_links} = [&lt;selenium.webdriver.remote.webelement.WebElement (session="9151168e737ba4204d5a7d75dfc54faf", element="f.A986F976688C600A2370ABFD45C5545D.d.4D1F68FBE55FA02382F69A27B80D0D90.e.77")&gt;, &lt;selenium.webdriv...</msg>
<status status="PASS" starttime="20260121 11:44:55.254" endtime="20260121 11:44:55.269"/>
</kw>
<for flavor="IN">
<var>${link}</var>
<value>@{nav_links}</value>
<iter>
<var name="${link}">&lt;selenium.webdriver.remote.webelement.WebElement (session="9151168e737ba4204d5a7d75dfc54faf", element="f.A986F976688C600A2370ABFD45C5545D.d.4D1F68FBE55FA02382F69A27B80D0D90.e.77")&gt;</var>
<kw name="Get Text" library="SeleniumLibrary">
<var>${link_text}</var>
<arg>${link}</arg>
<doc>Returns the text value of the element identified by ``locator``.</doc>
<msg timestamp="20260121 11:44:55.287" level="INFO">${link_text} = Intro</msg>
<status status="PASS" starttime="20260121 11:44:55.269" endtime="20260121 11:44:55.287"/>
</kw>
<kw name="Log" library="BuiltIn">
<arg>Clicking navbar link: ${link_text}</arg>
<doc>Logs the given message with the given level.</doc>
<msg timestamp="20260121 11:44:55.288" level="INFO">Clicking navbar link: Intro</msg>
<status status="PASS" starttime="20260121 11:44:55.287" endtime="20260121 11:44:55.288"/>
</kw>
<kw name="Scroll Element Into View" library="SeleniumLibrary">
<arg>${link}</arg>
<doc>Scrolls the element identified by ``locator`` into view.</doc>
<status status="PASS" starttime="20260121 11:44:55.288" endtime="20260121 11:44:55.575"/>
</kw>
<kw name="Sleep" library="BuiltIn">
<arg>0.5s</arg>
<doc>Pauses the test executed for the given time.</doc>
<msg timestamp="20260121 11:44:56.076" level="INFO">Slept 500 milliseconds</msg>
<status status="PASS" starttime="20260121 11:44:55.575" endtime="20260121 11:44:56.077"/>
</kw>
<kw name="Click Element" library="SeleniumLibrary">
<arg>${link}</arg>
<doc>Click the element identified by ``locator``.</doc>
<msg timestamp="20260121 11:44:56.078" level="INFO">Clicking element '&lt;selenium.webdriver.remote.webelement.WebElement (session="9151168e737ba4204d5a7d75dfc54faf", element="f.A986F976688C600A2370ABFD45C5545D.d.4D1F68FBE55FA02382F69A27B80D0D90.e.77")&gt;'.</msg>
<status status="PASS" starttime="20260121 11:44:56.077" endtime="20260121 11:44:56.150"/>
</kw>
<kw name="Sleep" library="BuiltIn">
<arg>1s</arg>
<doc>Pauses the test executed for the given time.</doc>
<msg timestamp="20260121 11:44:57.151" level="INFO">Slept 1 second</msg>
<status status="PASS" starttime="20260121 11:44:56.150" endtime="20260121 11:44:57.151"/>
</kw>
<kw name="Capture Page Screenshot" library="SeleniumLibrary">
<doc>Takes a screenshot of the current page and embeds it into a log file.</doc>
<msg timestamp="20260121 11:44:57.290" level="INFO" html="true">&lt;/td&gt;&lt;/tr&gt;&lt;tr&gt;&lt;td colspan="3"&gt;&lt;a href="selenium-screenshot-434.png"&gt;&lt;img src="selenium-screenshot-434.png" width="800px"&gt;&lt;/a&gt;</msg>
<status status="PASS" starttime="20260121 11:44:57.151" endtime="20260121 11:44:57.290"/>
</kw>
<status status="PASS" starttime="20260121 11:44:55.269" endtime="20260121 11:44:57.290"/>
</iter>
<iter>
<var name="${link}">&lt;selenium.webdriver.remote.webelement.WebElement (session="9151168e737ba4204d5a7d75dfc54faf", element="f.A986F976688C600A2370ABFD45C5545D.d.4D1F68FBE55FA02382F69A27B80D0D90.e.78")&gt;</var>
<kw name="Get Text" library="SeleniumLibrary">
<var>${link_text}</var>
<arg>${link}</arg>
<doc>Returns the text value of the element identified by ``locator``.</doc>
<msg timestamp="20260121 11:44:57.300" level="INFO">${link_text} = KBYG</msg>
<status status="PASS" starttime="20260121 11:44:57.290" endtime="20260121 11:44:57.300"/>
</kw>
<kw name="Log" library="BuiltIn">
<arg>Clicking navbar link: ${link_text}</arg>
<doc>Logs the given message with the given level.</doc>
<msg timestamp="20260121 11:44:57.300" level="INFO">Clicking navbar link: KBYG</msg>
<status status="PASS" starttime="20260121 11:44:57.300" endtime="20260121 11:44:57.300"/>
</kw>
<kw name="Scroll Element Into View" library="SeleniumLibrary">
<arg>${link}</arg>
<doc>Scrolls the element identified by ``locator`` into view.</doc>
<status status="PASS" starttime="20260121 11:44:57.300" endtime="20260121 11:44:57.589"/>
</kw>
<kw name="Sleep" library="BuiltIn">
<arg>0.5s</arg>
<doc>Pauses the test executed for the given time.</doc>
<msg timestamp="20260121 11:44:58.090" level="INFO">Slept 500 milliseconds</msg>
<status status="PASS" starttime="20260121 11:44:57.589" endtime="20260121 11:44:58.090"/>
</kw>
<kw name="Click Element" library="SeleniumLibrary">
<arg>${link}</arg>
<doc>Click the element identified by ``locator``.</doc>
<msg timestamp="20260121 11:44:58.091" level="INFO">Clicking element '&lt;selenium.webdriver.remote.webelement.WebElement (session="9151168e737ba4204d5a7d75dfc54faf", element="f.A986F976688C600A2370ABFD45C5545D.d.4D1F68FBE55FA02382F69A27B80D0D90.e.78")&gt;'.</msg>
<status status="PASS" starttime="20260121 11:44:58.090" endtime="20260121 11:44:58.139"/>
</kw>
<kw name="Sleep" library="BuiltIn">
<arg>1s</arg>
<doc>Pauses the test executed for the given time.</doc>
<msg timestamp="20260121 11:44:59.141" level="INFO">Slept 1 second</msg>
<status status="PASS" starttime="20260121 11:44:58.140" endtime="20260121 11:44:59.141"/>
</kw>
<kw name="Capture Page Screenshot" library="SeleniumLibrary">
<doc>Takes a screenshot of the current page and embeds it into a log file.</doc>
<msg timestamp="20260121 11:44:59.276" level="INFO" html="true">&lt;/td&gt;&lt;/tr&gt;&lt;tr&gt;&lt;td colspan="3"&gt;&lt;a href="selenium-screenshot-435.png"&gt;&lt;img src="selenium-screenshot-435.png" width="800px"&gt;&lt;/a&gt;</msg>
<status status="PASS" starttime="20260121 11:44:59.141" endtime="20260121 11:44:59.276"/>
</kw>
<status status="PASS" starttime="20260121 11:44:57.290" endtime="20260121 11:44:59.276"/>
</iter>
<iter>
<var name="${link}">&lt;selenium.webdriver.remote.webelement.WebElement (session="9151168e737ba4204d5a7d75dfc54faf", element="f.A986F976688C600A2370ABFD45C5545D.d.4D1F68FBE55FA02382F69A27B80D0D90.e.79")&gt;</var>
<kw name="Get Text" library="SeleniumLibrary">
<var>${link_text}</var>
<arg>${link}</arg>
<doc>Returns the text value of the element identified by ``locator``.</doc>
<msg timestamp="20260121 11:44:59.286" level="INFO">${link_text} = Hightlights</msg>
<status status="PASS" starttime="20260121 11:44:59.277" endtime="20260121 11:44:59.286"/>
</kw>
<kw name="Log" library="BuiltIn">
<arg>Clicking navbar link: ${link_text}</arg>
<doc>Logs the given message with the given level.</doc>
<msg timestamp="20260121 11:44:59.287" level="INFO">Clicking navbar link: Hightlights</msg>
<status status="PASS" starttime="20260121 11:44:59.286" endtime="20260121 11:44:59.287"/>
</kw>
<kw name="Scroll Element Into View" library="SeleniumLibrary">
<arg>${link}</arg>
<doc>Scrolls the element identified by ``locator`` into view.</doc>
<status status="PASS" starttime="20260121 11:44:59.287" endtime="20260121 11:44:59.560"/>
</kw>
<kw name="Sleep" library="BuiltIn">
<arg>0.5s</arg>
<doc>Pauses the test executed for the given time.</doc>
<msg timestamp="20260121 11:45:00.061" level="INFO">Slept 500 milliseconds</msg>
<status status="PASS" starttime="20260121 11:44:59.560" endtime="20260121 11:45:00.061"/>
</kw>
<kw name="Click Element" library="SeleniumLibrary">
<arg>${link}</arg>
<doc>Click the element identified by ``locator``.</doc>
<msg timestamp="20260121 11:45:00.062" level="INFO">Clicking element '&lt;selenium.webdriver.remote.webelement.WebElement (session="9151168e737ba4204d5a7d75dfc54faf", element="f.A986F976688C600A2370ABFD45C5545D.d.4D1F68FBE55FA02382F69A27B80D0D90.e.79")&gt;'.</msg>
<status status="PASS" starttime="20260121 11:45:00.061" endtime="20260121 11:45:00.110"/>
</kw>
<kw name="Sleep" library="BuiltIn">
<arg>1s</arg>
<doc>Pauses the test executed for the given time.</doc>
<msg timestamp="20260121 11:45:01.111" level="INFO">Slept 1 second</msg>
<status status="PASS" starttime="20260121 11:45:00.110" endtime="20260121 11:45:01.111"/>
</kw>
<kw name="Capture Page Screenshot" library="SeleniumLibrary">
<doc>Takes a screenshot of the current page and embeds it into a log file.</doc>
<msg timestamp="20260121 11:45:01.245" level="INFO" html="true">&lt;/td&gt;&lt;/tr&gt;&lt;tr&gt;&lt;td colspan="3"&gt;&lt;a href="selenium-screenshot-436.png"&gt;&lt;img src="selenium-screenshot-436.png" width="800px"&gt;&lt;/a&gt;</msg>
<status status="PASS" starttime="20260121 11:45:01.111" endtime="20260121 11:45:01.245"/>
</kw>
<status status="PASS" starttime="20260121 11:44:59.277" endtime="20260121 11:45:01.245"/>
</iter>
<iter>
<var name="${link}">&lt;selenium.webdriver.remote.webelement.WebElement (session="9151168e737ba4204d5a7d75dfc54faf", element="f.A986F976688C600A2370ABFD45C5545D.d.4D1F68FBE55FA02382F69A27B80D0D90.e.80")&gt;</var>
<kw name="Get Text" library="SeleniumLibrary">
<var>${link_text}</var>
<arg>${link}</arg>
<doc>Returns the text value of the element identified by ``locator``.</doc>
<msg timestamp="20260121 11:45:01.255" level="INFO">${link_text} = Who For</msg>
<status status="PASS" starttime="20260121 11:45:01.246" endtime="20260121 11:45:01.255"/>
</kw>
<kw name="Log" library="BuiltIn">
<arg>Clicking navbar link: ${link_text}</arg>
<doc>Logs the given message with the given level.</doc>
<msg timestamp="20260121 11:45:01.255" level="INFO">Clicking navbar link: Who For</msg>
<status status="PASS" starttime="20260121 11:45:01.255" endtime="20260121 11:45:01.255"/>
</kw>
<kw name="Scroll Element Into View" library="SeleniumLibrary">
<arg>${link}</arg>
<doc>Scrolls the element identified by ``locator`` into view.</doc>
<status status="PASS" starttime="20260121 11:45:01.255" endtime="20260121 11:45:01.536"/>
</kw>
<kw name="Sleep" library="BuiltIn">
<arg>0.5s</arg>
<doc>Pauses the test executed for the given time.</doc>
<msg timestamp="20260121 11:45:02.037" level="INFO">Slept 500 milliseconds</msg>
<status status="PASS" starttime="20260121 11:45:01.536" endtime="20260121 11:45:02.037"/>
</kw>
<kw name="Click Element" library="SeleniumLibrary">
<arg>${link}</arg>
<doc>Click the element identified by ``locator``.</doc>
<msg timestamp="20260121 11:45:02.038" level="INFO">Clicking element '&lt;selenium.webdriver.remote.webelement.WebElement (session="9151168e737ba4204d5a7d75dfc54faf", element="f.A986F976688C600A2370ABFD45C5545D.d.4D1F68FBE55FA02382F69A27B80D0D90.e.80")&gt;'.</msg>
<status status="PASS" starttime="20260121 11:45:02.037" endtime="20260121 11:45:02.092"/>
</kw>
<kw name="Sleep" library="BuiltIn">
<arg>1s</arg>
<doc>Pauses the test executed for the given time.</doc>
<msg timestamp="20260121 11:45:03.093" level="INFO">Slept 1 second</msg>
<status status="PASS" starttime="20260121 11:45:02.092" endtime="20260121 11:45:03.093"/>
</kw>
<kw name="Capture Page Screenshot" library="SeleniumLibrary">
<doc>Takes a screenshot of the current page and embeds it into a log file.</doc>
<msg timestamp="20260121 11:45:03.275" level="INFO" html="true">&lt;/td&gt;&lt;/tr&gt;&lt;tr&gt;&lt;td colspan="3"&gt;&lt;a href="selenium-screenshot-437.png"&gt;&lt;img src="selenium-screenshot-437.png" width="800px"&gt;&lt;/a&gt;</msg>
<status status="PASS" starttime="20260121 11:45:03.093" endtime="20260121 11:45:03.275"/>
</kw>
<status status="PASS" starttime="20260121 11:45:01.245" endtime="20260121 11:45:03.275"/>
</iter>
<iter>
<var name="${link}">&lt;selenium.webdriver.remote.webelement.WebElement (session="9151168e737ba4204d5a7d75dfc54faf", element="f.A986F976688C600A2370ABFD45C5545D.d.4D1F68FBE55FA02382F69A27B80D0D90.e.81")&gt;</var>
<kw name="Get Text" library="SeleniumLibrary">
<var>${link_text}</var>
<arg>${link}</arg>
<doc>Returns the text value of the element identified by ``locator``.</doc>
<msg timestamp="20260121 11:45:03.286" level="INFO">${link_text} = Who Not For</msg>
<status status="PASS" starttime="20260121 11:45:03.276" endtime="20260121 11:45:03.286"/>
</kw>
<kw name="Log" library="BuiltIn">
<arg>Clicking navbar link: ${link_text}</arg>
<doc>Logs the given message with the given level.</doc>
<msg timestamp="20260121 11:45:03.286" level="INFO">Clicking navbar link: Who Not For</msg>
<status status="PASS" starttime="20260121 11:45:03.286" endtime="20260121 11:45:03.286"/>
</kw>
<kw name="Scroll Element Into View" library="SeleniumLibrary">
<arg>${link}</arg>
<doc>Scrolls the element identified by ``locator`` into view.</doc>
<status status="PASS" starttime="20260121 11:45:03.286" endtime="20260121 11:45:03.565"/>
</kw>
<kw name="Sleep" library="BuiltIn">
<arg>0.5s</arg>
<doc>Pauses the test executed for the given time.</doc>
<msg timestamp="20260121 11:45:04.066" level="INFO">Slept 500 milliseconds</msg>
<status status="PASS" starttime="20260121 11:45:03.565" endtime="20260121 11:45:04.066"/>
</kw>
<kw name="Click Element" library="SeleniumLibrary">
<arg>${link}</arg>
<doc>Click the element identified by ``locator``.</doc>
<msg timestamp="20260121 11:45:04.067" level="INFO">Clicking element '&lt;selenium.webdriver.remote.webelement.WebElement (session="9151168e737ba4204d5a7d75dfc54faf", element="f.A986F976688C600A2370ABFD45C5545D.d.4D1F68FBE55FA02382F69A27B80D0D90.e.81")&gt;'.</msg>
<status status="PASS" starttime="20260121 11:45:04.066" endtime="20260121 11:45:04.119"/>
</kw>
<kw name="Sleep" library="BuiltIn">
<arg>1s</arg>
<doc>Pauses the test executed for the given time.</doc>
<msg timestamp="20260121 11:45:05.121" level="INFO">Slept 1 second</msg>
<status status="PASS" starttime="20260121 11:45:04.120" endtime="20260121 11:45:05.121"/>
</kw>
<kw name="Capture Page Screenshot" library="SeleniumLibrary">
<doc>Takes a screenshot of the current page and embeds it into a log file.</doc>
<msg timestamp="20260121 11:45:05.270" level="INFO" html="true">&lt;/td&gt;&lt;/tr&gt;&lt;tr&gt;&lt;td colspan="3"&gt;&lt;a href="selenium-screenshot-438.png"&gt;&lt;img src="selenium-screenshot-438.png" width="800px"&gt;&lt;/a&gt;</msg>
<status status="PASS" starttime="20260121 11:45:05.121" endtime="20260121 11:45:05.271"/>
</kw>
<status status="PASS" starttime="20260121 11:45:03.275" endtime="20260121 11:45:05.271"/>
</iter>
<iter>
<var name="${link}">&lt;selenium.webdriver.remote.webelement.WebElement (session="9151168e737ba4204d5a7d75dfc54faf", element="f.A986F976688C600A2370ABFD45C5545D.d.4D1F68FBE55FA02382F69A27B80D0D90.e.82")&gt;</var>
<kw name="Get Text" library="SeleniumLibrary">
<var>${link_text}</var>
<arg>${link}</arg>
<doc>Returns the text value of the element identified by ``locator``.</doc>
<msg timestamp="20260121 11:45:05.280" level="INFO">${link_text} = Itinerary</msg>
<status status="PASS" starttime="20260121 11:45:05.271" endtime="20260121 11:45:05.280"/>
</kw>
<kw name="Log" library="BuiltIn">
<arg>Clicking navbar link: ${link_text}</arg>
<doc>Logs the given message with the given level.</doc>
<msg timestamp="20260121 11:45:05.281" level="INFO">Clicking navbar link: Itinerary</msg>
<status status="PASS" starttime="20260121 11:45:05.281" endtime="20260121 11:45:05.281"/>
</kw>
<kw name="Scroll Element Into View" library="SeleniumLibrary">
<arg>${link}</arg>
<doc>Scrolls the element identified by ``locator`` into view.</doc>
<status status="PASS" starttime="20260121 11:45:05.281" endtime="20260121 11:45:05.563"/>
</kw>
<kw name="Sleep" library="BuiltIn">
<arg>0.5s</arg>
<doc>Pauses the test executed for the given time.</doc>
<msg timestamp="20260121 11:45:06.063" level="INFO">Slept 500 milliseconds</msg>
<status status="PASS" starttime="20260121 11:45:05.563" endtime="20260121 11:45:06.064"/>
</kw>
<kw name="Click Element" library="SeleniumLibrary">
<arg>${link}</arg>
<doc>Click the element identified by ``locator``.</doc>
<msg timestamp="20260121 11:45:06.064" level="INFO">Clicking element '&lt;selenium.webdriver.remote.webelement.WebElement (session="9151168e737ba4204d5a7d75dfc54faf", element="f.A986F976688C600A2370ABFD45C5545D.d.4D1F68FBE55FA02382F69A27B80D0D90.e.82")&gt;'.</msg>
<status status="PASS" starttime="20260121 11:45:06.064" endtime="20260121 11:45:06.128"/>
</kw>
<kw name="Sleep" library="BuiltIn">
<arg>1s</arg>
<doc>Pauses the test executed for the given time.</doc>
<msg timestamp="20260121 11:45:07.129" level="INFO">Slept 1 second</msg>
<status status="PASS" starttime="20260121 11:45:06.128" endtime="20260121 11:45:07.129"/>
</kw>
<kw name="Capture Page Screenshot" library="SeleniumLibrary">
<doc>Takes a screenshot of the current page and embeds it into a log file.</doc>
<msg timestamp="20260121 11:45:07.406" level="INFO" html="true">&lt;/td&gt;&lt;/tr&gt;&lt;tr&gt;&lt;td colspan="3"&gt;&lt;a href="selenium-screenshot-439.png"&gt;&lt;img src="selenium-screenshot-439.png" width="800px"&gt;&lt;/a&gt;</msg>
<status status="PASS" starttime="20260121 11:45:07.129" endtime="20260121 11:45:07.406"/>
</kw>
<status status="PASS" starttime="20260121 11:45:05.271" endtime="20260121 11:45:07.406"/>
</iter>
<iter>
<var name="${link}">&lt;selenium.webdriver.remote.webelement.WebElement (session="9151168e737ba4204d5a7d75dfc54faf", element="f.A986F976688C600A2370ABFD45C5545D.d.4D1F68FBE55FA02382F69A27B80D0D90.e.83")&gt;</var>
<kw name="Get Text" library="SeleniumLibrary">
<var>${link_text}</var>
<arg>${link}</arg>
<doc>Returns the text value of the element identified by ``locator``.</doc>
<msg timestamp="20260121 11:45:07.417" level="INFO">${link_text} = Includes/Excludes</msg>
<status status="PASS" starttime="20260121 11:45:07.407" endtime="20260121 11:45:07.417"/>
</kw>
<kw name="Log" library="BuiltIn">
<arg>Clicking navbar link: ${link_text}</arg>
<doc>Logs the given message with the given level.</doc>
<msg timestamp="20260121 11:45:07.418" level="INFO">Clicking navbar link: Includes/Excludes</msg>
<status status="PASS" starttime="20260121 11:45:07.417" endtime="20260121 11:45:07.418"/>
</kw>
<kw name="Scroll Element Into View" library="SeleniumLibrary">
<arg>${link}</arg>
<doc>Scrolls the element identified by ``locator`` into view.</doc>
<status status="PASS" starttime="20260121 11:45:07.418" endtime="20260121 11:45:07.691"/>
</kw>
<kw name="Sleep" library="BuiltIn">
<arg>0.5s</arg>
<doc>Pauses the test executed for the given time.</doc>
<msg timestamp="20260121 11:45:08.193" level="INFO">Slept 500 milliseconds</msg>
<status status="PASS" starttime="20260121 11:45:07.692" endtime="20260121 11:45:08.193"/>
</kw>
<kw name="Click Element" library="SeleniumLibrary">
<arg>${link}</arg>
<doc>Click the element identified by ``locator``.</doc>
<msg timestamp="20260121 11:45:08.194" level="INFO">Clicking element '&lt;selenium.webdriver.remote.webelement.WebElement (session="9151168e737ba4204d5a7d75dfc54faf", element="f.A986F976688C600A2370ABFD45C5545D.d.4D1F68FBE55FA02382F69A27B80D0D90.e.83")&gt;'.</msg>
<status status="PASS" starttime="20260121 11:45:08.193" endtime="20260121 11:45:08.247"/>
</kw>
<kw name="Sleep" library="BuiltIn">
<arg>1s</arg>
<doc>Pauses the test executed for the given time.</doc>
<msg timestamp="20260121 11:45:09.247" level="INFO">Slept 1 second</msg>
<status status="PASS" starttime="20260121 11:45:08.247" endtime="20260121 11:45:09.247"/>
</kw>
<kw name="Capture Page Screenshot" library="SeleniumLibrary">
<doc>Takes a screenshot of the current page and embeds it into a log file.</doc>
<msg timestamp="20260121 11:45:09.388" level="INFO" html="true">&lt;/td&gt;&lt;/tr&gt;&lt;tr&gt;&lt;td colspan="3"&gt;&lt;a href="selenium-screenshot-440.png"&gt;&lt;img src="selenium-screenshot-440.png" width="800px"&gt;&lt;/a&gt;</msg>
<status status="PASS" starttime="20260121 11:45:09.248" endtime="20260121 11:45:09.388"/>
</kw>
<status status="PASS" starttime="20260121 11:45:07.406" endtime="20260121 11:45:09.388"/>
</iter>
<iter>
<var name="${link}">&lt;selenium.webdriver.remote.webelement.WebElement (session="9151168e737ba4204d5a7d75dfc54faf", element="f.A986F976688C600A2370ABFD45C5545D.d.4D1F68FBE55FA02382F69A27B80D0D90.e.84")&gt;</var>
<kw name="Get Text" library="SeleniumLibrary">
<var>${link_text}</var>
<arg>${link}</arg>
<doc>Returns the text value of the element identified by ``locator``.</doc>
<msg timestamp="20260121 11:45:09.397" level="INFO">${link_text} = Imp Info</msg>
<status status="PASS" starttime="20260121 11:45:09.388" endtime="20260121 11:45:09.397"/>
</kw>
<kw name="Log" library="BuiltIn">
<arg>Clicking navbar link: ${link_text}</arg>
<doc>Logs the given message with the given level.</doc>
<msg timestamp="20260121 11:45:09.398" level="INFO">Clicking navbar link: Imp Info</msg>
<status status="PASS" starttime="20260121 11:45:09.398" endtime="20260121 11:45:09.398"/>
</kw>
<kw name="Scroll Element Into View" library="SeleniumLibrary">
<arg>${link}</arg>
<doc>Scrolls the element identified by ``locator`` into view.</doc>
<status status="PASS" starttime="20260121 11:45:09.398" endtime="20260121 11:45:09.682"/>
</kw>
<kw name="Sleep" library="BuiltIn">
<arg>0.5s</arg>
<doc>Pauses the test executed for the given time.</doc>
<msg timestamp="20260121 11:45:10.182" level="INFO">Slept 500 milliseconds</msg>
<status status="PASS" starttime="20260121 11:45:09.682" endtime="20260121 11:45:10.182"/>
</kw>
<kw name="Click Element" library="SeleniumLibrary">
<arg>${link}</arg>
<doc>Click the element identified by ``locator``.</doc>
<msg timestamp="20260121 11:45:10.183" level="INFO">Clicking element '&lt;selenium.webdriver.remote.webelement.WebElement (session="9151168e737ba4204d5a7d75dfc54faf", element="f.A986F976688C600A2370ABFD45C5545D.d.4D1F68FBE55FA02382F69A27B80D0D90.e.84")&gt;'.</msg>
<status status="PASS" starttime="20260121 11:45:10.182" endtime="20260121 11:45:10.227"/>
</kw>
<kw name="Sleep" library="BuiltIn">
<arg>1s</arg>
<doc>Pauses the test executed for the given time.</doc>
<msg timestamp="20260121 11:45:11.228" level="INFO">Slept 1 second</msg>
<status status="PASS" starttime="20260121 11:45:10.227" endtime="20260121 11:45:11.228"/>
</kw>
<kw name="Capture Page Screenshot" library="SeleniumLibrary">
<doc>Takes a screenshot of the current page and embeds it into a log file.</doc>
<msg timestamp="20260121 11:45:11.349" level="INFO" html="true">&lt;/td&gt;&lt;/tr&gt;&lt;tr&gt;&lt;td colspan="3"&gt;&lt;a href="selenium-screenshot-441.png"&gt;&lt;img src="selenium-screenshot-441.png" width="800px"&gt;&lt;/a&gt;</msg>
<status status="PASS" starttime="20260121 11:45:11.228" endtime="20260121 11:45:11.349"/>
</kw>
<status status="PASS" starttime="20260121 11:45:09.388" endtime="20260121 11:45:11.349"/>
</iter>
<iter>
<var name="${link}">&lt;selenium.webdriver.remote.webelement.WebElement (session="9151168e737ba4204d5a7d75dfc54faf", element="f.A986F976688C600A2370ABFD45C5545D.d.4D1F68FBE55FA02382F69A27B80D0D90.e.85")&gt;</var>
<kw name="Get Text" library="SeleniumLibrary">
<var>${link_text}</var>
<arg>${link}</arg>
<doc>Returns the text value of the element identified by ``locator``.</doc>
<msg timestamp="20260121 11:45:11.359" level="INFO">${link_text} = FAQS</msg>
<status status="PASS" starttime="20260121 11:45:11.349" endtime="20260121 11:45:11.359"/>
</kw>
<kw name="Log" library="BuiltIn">
<arg>Clicking navbar link: ${link_text}</arg>
<doc>Logs the given message with the given level.</doc>
<msg timestamp="20260121 11:45:11.359" level="INFO">Clicking navbar link: FAQS</msg>
<status status="PASS" starttime="20260121 11:45:11.359" endtime="20260121 11:45:11.359"/>
</kw>
<kw name="Scroll Element Into View" library="SeleniumLibrary">
<arg>${link}</arg>
<doc>Scrolls the element identified by ``locator`` into view.</doc>
<status status="PASS" starttime="20260121 11:45:11.359" endtime="20260121 11:45:11.639"/>
</kw>
<kw name="Sleep" library="BuiltIn">
<arg>0.5s</arg>
<doc>Pauses the test executed for the given time.</doc>
<msg timestamp="20260121 11:45:12.141" level="INFO">Slept 500 milliseconds</msg>
<status status="PASS" starttime="20260121 11:45:11.639" endtime="20260121 11:45:12.141"/>
</kw>
<kw name="Click Element" library="SeleniumLibrary">
<arg>${link}</arg>
<doc>Click the element identified by ``locator``.</doc>
<msg timestamp="20260121 11:45:12.142" level="INFO">Clicking element '&lt;selenium.webdriver.remote.webelement.WebElement (session="9151168e737ba4204d5a7d75dfc54faf", element="f.A986F976688C600A2370ABFD45C5545D.d.4D1F68FBE55FA02382F69A27B80D0D90.e.85")&gt;'.</msg>
<status status="PASS" starttime="20260121 11:45:12.141" endtime="20260121 11:45:12.191"/>
</kw>
<kw name="Sleep" library="BuiltIn">
<arg>1s</arg>
<doc>Pauses the test executed for the given time.</doc>
<msg timestamp="20260121 11:45:13.192" level="INFO">Slept 1 second</msg>
<status status="PASS" starttime="20260121 11:45:12.191" endtime="20260121 11:45:13.192"/>
</kw>
<kw name="Capture Page Screenshot" library="SeleniumLibrary">
<doc>Takes a screenshot of the current page and embeds it into a log file.</doc>
<msg timestamp="20260121 11:45:13.358" level="INFO" html="true">&lt;/td&gt;&lt;/tr&gt;&lt;tr&gt;&lt;td colspan="3"&gt;&lt;a href="selenium-screenshot-442.png"&gt;&lt;img src="selenium-screenshot-442.png" width="800px"&gt;&lt;/a&gt;</msg>
<status status="PASS" starttime="20260121 11:45:13.192" endtime="20260121 11:45:13.358"/>
</kw>
<status status="PASS" starttime="20260121 11:45:11.349" endtime="20260121 11:45:13.358"/>
</iter>
<status status="PASS" starttime="20260121 11:44:55.269" endtime="20260121 11:45:13.359"/>
</for>
<status status="PASS" starttime="20260121 11:44:54.932" endtime="20260121 11:45:13.359"/>
</kw>
<kw name="Click All Days of Itinerary" library="treks_tours">
<kw name="Get WebElements" library="SeleniumLibrary">
<var>${accordion_items}</var>
<arg>xpath=//div[contains(@class,'accordion__item')]</arg>
<doc>Returns a list of WebElement objects matching the ``locator``.</doc>
<msg timestamp="20260121 11:45:13.377" level="INFO">${accordion_items} = [&lt;selenium.webdriver.remote.webelement.WebElement (session="9151168e737ba4204d5a7d75dfc54faf", element="f.A986F976688C600A2370ABFD45C5545D.d.4D1F68FBE55FA02382F69A27B80D0D90.e.106")&gt;, &lt;selenium.webdri...</msg>
<status status="PASS" starttime="20260121 11:45:13.359" endtime="20260121 11:45:13.377"/>
</kw>
<for flavor="IN">
<var>${item}</var>
<value>@{accordion_items}</value>
<iter>
<var name="${item}">&lt;selenium.webdriver.remote.webelement.WebElement (session="9151168e737ba4204d5a7d75dfc54faf", element="f.A986F976688C600A2370ABFD45C5545D.d.4D1F68FBE55FA02382F69A27B80D0D90.e.106")&gt;</var>
<kw name="Run Keyword And Ignore Error" library="BuiltIn">
<var>${status}</var>
<var>${day_number}</var>
<arg>Get Text</arg>
<arg>xpath=.//span</arg>
<doc>Runs the given keyword with the given arguments and ignores possible error.</doc>
<kw name="Get Text" library="SeleniumLibrary">
<arg>xpath=.//span</arg>
<doc>Returns the text value of the element identified by ``locator``.</doc>
<status status="PASS" starttime="20260121 11:45:13.378" endtime="20260121 11:45:13.413"/>
</kw>
<msg timestamp="20260121 11:45:13.413" level="INFO">${status} = PASS</msg>
<msg timestamp="20260121 11:45:13.413" level="INFO">${day_number} = Treks &amp; Tours</msg>
<status status="PASS" starttime="20260121 11:45:13.377" endtime="20260121 11:45:13.413"/>
</kw>
<kw name="Run Keyword If" library="BuiltIn">
<var>${day_number}</var>
<arg>'${status}'=='FAIL'</arg>
<arg>Set Variable</arg>
<arg>Unknown Day</arg>
<doc>Runs the given keyword with the given arguments, if ``condition`` is true.</doc>
<msg timestamp="20260121 11:45:13.413" level="INFO">${day_number} = None</msg>
<status status="PASS" starttime="20260121 11:45:13.413" endtime="20260121 11:45:13.413"/>
</kw>
<kw name="Log" library="BuiltIn">
<arg>Expanding itinerary Day: ${day_number}</arg>
<doc>Logs the given message with the given level.</doc>
<msg timestamp="20260121 11:45:13.414" level="INFO">Expanding itinerary Day: None</msg>
<status status="PASS" starttime="20260121 11:45:13.414" endtime="20260121 11:45:13.414"/>
</kw>
<kw name="Run Keyword And Ignore Error" library="BuiltIn">
<arg>Click Element</arg>
<arg>xpath=.//div[contains(@class,'accordion__button')]</arg>
<doc>Runs the given keyword with the given arguments and ignores possible error.</doc>
<kw name="Click Element" library="SeleniumLibrary">
<arg>xpath=.//div[contains(@class,'accordion__button')]</arg>
<doc>Click the element identified by ``locator``.</doc>
<msg timestamp="20260121 11:45:13.415" level="INFO">Clicking element 'xpath=.//div[contains(@class,'accordion__button')]'.</msg>
<msg timestamp="20260121 11:45:14.670" level="INFO" html="true">&lt;/td&gt;&lt;/tr&gt;&lt;tr&gt;&lt;td colspan="3"&gt;&lt;a href="selenium-screenshot-443.png"&gt;&lt;img src="selenium-screenshot-443.png" width="800px"&gt;&lt;/a&gt;</msg>
<msg timestamp="20260121 11:45:14.670" level="FAIL">ElementClickInterceptedException: Message: element click intercepted: Element is not clickable at point (575, -4447)
  (Session info: chrome=143.0.7499.170); For documentation on this error, please visit: https://www.selenium.dev/documentation/webdriver/troubleshooting/errors#elementclickinterceptedexception
Stacktrace:
Symbols not available. Dumping unresolved backtrace:
	0x7ff717cb88d5
	0x7ff717cb8930
	0x7ff717a9165d
	0x7ff717af19e8
	0x7ff717aef40f
	0x7ff717aec417
	0x7ff717aeb338
	0x7ff717adce7f
	0x7ff717b11fda
	0x7ff717adc746
	0x7ff717b3ac97
	0x7ff717adac29
	0x7ff717adba93
	0x7ff717fd0620
	0x7ff717fcaf60
	0x7ff717fe96c6
	0x7ff717cd5dd4
	0x7ff717cded7c
	0x7ff717cc1ff4
	0x7ff717cc21a5
	0x7ff717ca7ed2
	0x7ffb66967374
	0x7ffb6753cc91
</msg>
<status status="FAIL" starttime="20260121 11:45:13.414" endtime="20260121 11:45:14.678"/>
</kw>
<status status="PASS" starttime="20260121 11:45:13.414" endtime="20260121 11:45:14.678"/>
</kw>
<kw name="Run Keyword And Ignore Error" library="BuiltIn">
<arg>Wait Until Element Is Visible</arg>
<arg>xpath=.//div[contains(@class,'accordion__content')]</arg>
<arg>timeout=5s</arg>
<doc>Runs the given keyword with the given arguments and ignores possible error.</doc>
<kw name="Wait Until Element Is Visible" library="SeleniumLibrary">
<arg>xpath=.//div[contains(@class,'accordion__content')]</arg>
<arg>timeout=5s</arg>
<doc>Waits until the element ``locator`` is visible.</doc>
<status status="PASS" starttime="20260121 11:45:14.679" endtime="20260121 11:45:14.702"/>
</kw>
<status status="PASS" starttime="20260121 11:45:14.678" endtime="20260121 11:45:14.702"/>
</kw>
<status status="PASS" starttime="20260121 11:45:13.377" endtime="20260121 11:45:14.702"/>
</iter>
<iter>
<var name="${item}">&lt;selenium.webdriver.remote.webelement.WebElement (session="9151168e737ba4204d5a7d75dfc54faf", element="f.A986F976688C600A2370ABFD45C5545D.d.4D1F68FBE55FA02382F69A27B80D0D90.e.107")&gt;</var>
<kw name="Run Keyword And Ignore Error" library="BuiltIn">
<var>${status}</var>
<var>${day_number}</var>
<arg>Get Text</arg>
<arg>xpath=.//span</arg>
<doc>Runs the given keyword with the given arguments and ignores possible error.</doc>
<kw name="Get Text" library="SeleniumLibrary">
<arg>xpath=.//span</arg>
<doc>Returns the text value of the element identified by ``locator``.</doc>
<status status="PASS" starttime="20260121 11:45:14.703" endtime="20260121 11:45:14.734"/>
</kw>
<msg timestamp="20260121 11:45:14.734" level="INFO">${status} = PASS</msg>
<msg timestamp="20260121 11:45:14.734" level="INFO">${day_number} = Treks &amp; Tours</msg>
<status status="PASS" starttime="20260121 11:45:14.702" endtime="20260121 11:45:14.734"/>
</kw>
<kw name="Run Keyword If" library="BuiltIn">
<var>${day_number}</var>
<arg>'${status}'=='FAIL'</arg>
<arg>Set Variable</arg>
<arg>Unknown Day</arg>
<doc>Runs the given keyword with the given arguments, if ``condition`` is true.</doc>
<msg timestamp="20260121 11:45:14.735" level="INFO">${day_number} = None</msg>
<status status="PASS" starttime="20260121 11:45:14.734" endtime="20260121 11:45:14.735"/>
</kw>
<kw name="Log" library="BuiltIn">
<arg>Expanding itinerary Day: ${day_number}</arg>
<doc>Logs the given message with the given level.</doc>
<msg timestamp="20260121 11:45:14.735" level="INFO">Expanding itinerary Day: None</msg>
<status status="PASS" starttime="20260121 11:45:14.735" endtime="20260121 11:45:14.735"/>
</kw>
<kw name="Run Keyword And Ignore Error" library="BuiltIn">
<arg>Click Element</arg>
<arg>xpath=.//div[contains(@class,'accordion__button')]</arg>
<doc>Runs the given keyword with the given arguments and ignores possible error.</doc>
<kw name="Click Element" library="SeleniumLibrary">
<arg>xpath=.//div[contains(@class,'accordion__button')]</arg>
<doc>Click the element identified by ``locator``.</doc>
<msg timestamp="20260121 11:45:14.736" level="INFO">Clicking element 'xpath=.//div[contains(@class,'accordion__button')]'.</msg>
<msg timestamp="20260121 11:45:15.936" level="INFO" html="true">&lt;/td&gt;&lt;/tr&gt;&lt;tr&gt;&lt;td colspan="3"&gt;&lt;a href="selenium-screenshot-444.png"&gt;&lt;img src="selenium-screenshot-444.png" width="800px"&gt;&lt;/a&gt;</msg>
<msg timestamp="20260121 11:45:15.936" level="FAIL">ElementClickInterceptedException: Message: element click intercepted: Element is not clickable at point (575, -4445)
  (Session info: chrome=143.0.7499.170); For documentation on this error, please visit: https://www.selenium.dev/documentation/webdriver/troubleshooting/errors#elementclickinterceptedexception
Stacktrace:
Symbols not available. Dumping unresolved backtrace:
	0x7ff717cb88d5
	0x7ff717cb8930
	0x7ff717a9165d
	0x7ff717af19e8
	0x7ff717aef40f
	0x7ff717aec417
	0x7ff717aeb338
	0x7ff717adce7f
	0x7ff717b11fda
	0x7ff717adc746
	0x7ff717b3ac97
	0x7ff717adac29
	0x7ff717adba93
	0x7ff717fd0620
	0x7ff717fcaf60
	0x7ff717fe96c6
	0x7ff717cd5dd4
	0x7ff717cded7c
	0x7ff717cc1ff4
	0x7ff717cc21a5
	0x7ff717ca7ed2
	0x7ffb66967374
	0x7ffb6753cc91
</msg>
<status status="FAIL" starttime="20260121 11:45:14.735" endtime="20260121 11:45:15.938"/>
</kw>
<status status="PASS" starttime="20260121 11:45:14.735" endtime="20260121 11:45:15.938"/>
</kw>
<kw name="Run Keyword And Ignore Error" library="BuiltIn">
<arg>Wait Until Element Is Visible</arg>
<arg>xpath=.//div[contains(@class,'accordion__content')]</arg>
<arg>timeout=5s</arg>
<doc>Runs the given keyword with the given arguments and ignores possible error.</doc>
<kw name="Wait Until Element Is Visible" library="SeleniumLibrary">
<arg>xpath=.//div[contains(@class,'accordion__content')]</arg>
<arg>timeout=5s</arg>
<doc>Waits until the element ``locator`` is visible.</doc>
<status status="PASS" starttime="20260121 11:45:15.939" endtime="20260121 11:45:15.956"/>
</kw>
<status status="PASS" starttime="20260121 11:45:15.939" endtime="20260121 11:45:15.956"/>
</kw>
<status status="PASS" starttime="20260121 11:45:14.702" endtime="20260121 11:45:15.956"/>
</iter>
<iter>
<var name="${item}">&lt;selenium.webdriver.remote.webelement.WebElement (session="9151168e737ba4204d5a7d75dfc54faf", element="f.A986F976688C600A2370ABFD45C5545D.d.4D1F68FBE55FA02382F69A27B80D0D90.e.108")&gt;</var>
<kw name="Run Keyword And Ignore Error" library="BuiltIn">
<var>${status}</var>
<var>${day_number}</var>
<arg>Get Text</arg>
<arg>xpath=.//span</arg>
<doc>Runs the given keyword with the given arguments and ignores possible error.</doc>
<kw name="Get Text" library="SeleniumLibrary">
<arg>xpath=.//span</arg>
<doc>Returns the text value of the element identified by ``locator``.</doc>
<status status="PASS" starttime="20260121 11:45:15.956" endtime="20260121 11:45:15.984"/>
</kw>
<msg timestamp="20260121 11:45:15.984" level="INFO">${status} = PASS</msg>
<msg timestamp="20260121 11:45:15.984" level="INFO">${day_number} = Treks &amp; Tours</msg>
<status status="PASS" starttime="20260121 11:45:15.956" endtime="20260121 11:45:15.984"/>
</kw>
<kw name="Run Keyword If" library="BuiltIn">
<var>${day_number}</var>
<arg>'${status}'=='FAIL'</arg>
<arg>Set Variable</arg>
<arg>Unknown Day</arg>
<doc>Runs the given keyword with the given arguments, if ``condition`` is true.</doc>
<msg timestamp="20260121 11:45:15.985" level="INFO">${day_number} = None</msg>
<status status="PASS" starttime="20260121 11:45:15.984" endtime="20260121 11:45:15.985"/>
</kw>
<kw name="Log" library="BuiltIn">
<arg>Expanding itinerary Day: ${day_number}</arg>
<doc>Logs the given message with the given level.</doc>
<msg timestamp="20260121 11:45:15.985" level="INFO">Expanding itinerary Day: None</msg>
<status status="PASS" starttime="20260121 11:45:15.985" endtime="20260121 11:45:15.985"/>
</kw>
<kw name="Run Keyword And Ignore Error" library="BuiltIn">
<arg>Click Element</arg>
<arg>xpath=.//div[contains(@class,'accordion__button')]</arg>
<doc>Runs the given keyword with the given arguments and ignores possible error.</doc>
<kw name="Click Element" library="SeleniumLibrary">
<arg>xpath=.//div[contains(@class,'accordion__button')]</arg>
<doc>Click the element identified by ``locator``.</doc>
<msg timestamp="20260121 11:45:15.986" level="INFO">Clicking element 'xpath=.//div[contains(@class,'accordion__button')]'.</msg>
<msg timestamp="20260121 11:45:17.208" level="INFO" html="true">&lt;/td&gt;&lt;/tr&gt;&lt;tr&gt;&lt;td colspan="3"&gt;&lt;a href="selenium-screenshot-445.png"&gt;&lt;img src="selenium-screenshot-445.png" width="800px"&gt;&lt;/a&gt;</msg>
<msg timestamp="20260121 11:45:17.209" level="FAIL">ElementClickInterceptedException: Message: element click intercepted: Element is not clickable at point (575, -4443)
  (Session info: chrome=143.0.7499.170); For documentation on this error, please visit: https://www.selenium.dev/documentation/webdriver/troubleshooting/errors#elementclickinterceptedexception
Stacktrace:
Symbols not available. Dumping unresolved backtrace:
	0x7ff717cb88d5
	0x7ff717cb8930
	0x7ff717a9165d
	0x7ff717af19e8
	0x7ff717aef40f
	0x7ff717aec417
	0x7ff717aeb338
	0x7ff717adce7f
	0x7ff717b11fda
	0x7ff717adc746
	0x7ff717b3ac97
	0x7ff717adac29
	0x7ff717adba93
	0x7ff717fd0620
	0x7ff717fcaf60
	0x7ff717fe96c6
	0x7ff717cd5dd4
	0x7ff717cded7c
	0x7ff717cc1ff4
	0x7ff717cc21a5
	0x7ff717ca7ed2
	0x7ffb66967374
	0x7ffb6753cc91
</msg>
<status status="FAIL" starttime="20260121 11:45:15.986" endtime="20260121 11:45:17.211"/>
</kw>
<status status="PASS" starttime="20260121 11:45:15.985" endtime="20260121 11:45:17.211"/>
</kw>
<kw name="Run Keyword And Ignore Error" library="BuiltIn">
<arg>Wait Until Element Is Visible</arg>
<arg>xpath=.//div[contains(@class,'accordion__content')]</arg>
<arg>timeout=5s</arg>
<doc>Runs the given keyword with the given arguments and ignores possible error.</doc>
<kw name="Wait Until Element Is Visible" library="SeleniumLibrary">
<arg>xpath=.//div[contains(@class,'accordion__content')]</arg>
<arg>timeout=5s</arg>
<doc>Waits until the element ``locator`` is visible.</doc>
<status status="PASS" starttime="20260121 11:45:17.211" endtime="20260121 11:45:17.230"/>
</kw>
<status status="PASS" starttime="20260121 11:45:17.211" endtime="20260121 11:45:17.230"/>
</kw>
<status status="PASS" starttime="20260121 11:45:15.956" endtime="20260121 11:45:17.230"/>
</iter>
<iter>
<var name="${item}">&lt;selenium.webdriver.remote.webelement.WebElement (session="9151168e737ba4204d5a7d75dfc54faf", element="f.A986F976688C600A2370ABFD45C5545D.d.4D1F68FBE55FA02382F69A27B80D0D90.e.109")&gt;</var>
<kw name="Run Keyword And Ignore Error" library="BuiltIn">
<var>${status}</var>
<var>${day_number}</var>
<arg>Get Text</arg>
<arg>xpath=.//span</arg>
<doc>Runs the given keyword with the given arguments and ignores possible error.</doc>
<kw name="Get Text" library="SeleniumLibrary">
<arg>xpath=.//span</arg>
<doc>Returns the text value of the element identified by ``locator``.</doc>
<status status="PASS" starttime="20260121 11:45:17.231" endtime="20260121 11:45:17.261"/>
</kw>
<msg timestamp="20260121 11:45:17.262" level="INFO">${status} = PASS</msg>
<msg timestamp="20260121 11:45:17.262" level="INFO">${day_number} = Treks &amp; Tours</msg>
<status status="PASS" starttime="20260121 11:45:17.230" endtime="20260121 11:45:17.262"/>
</kw>
<kw name="Run Keyword If" library="BuiltIn">
<var>${day_number}</var>
<arg>'${status}'=='FAIL'</arg>
<arg>Set Variable</arg>
<arg>Unknown Day</arg>
<doc>Runs the given keyword with the given arguments, if ``condition`` is true.</doc>
<msg timestamp="20260121 11:45:17.262" level="INFO">${day_number} = None</msg>
<status status="PASS" starttime="20260121 11:45:17.262" endtime="20260121 11:45:17.262"/>
</kw>
<kw name="Log" library="BuiltIn">
<arg>Expanding itinerary Day: ${day_number}</arg>
<doc>Logs the given message with the given level.</doc>
<msg timestamp="20260121 11:45:17.263" level="INFO">Expanding itinerary Day: None</msg>
<status status="PASS" starttime="20260121 11:45:17.262" endtime="20260121 11:45:17.263"/>
</kw>
<kw name="Run Keyword And Ignore Error" library="BuiltIn">
<arg>Click Element</arg>
<arg>xpath=.//div[contains(@class,'accordion__button')]</arg>
<doc>Runs the given keyword with the given arguments and ignores possible error.</doc>
<kw name="Click Element" library="SeleniumLibrary">
<arg>xpath=.//div[contains(@class,'accordion__button')]</arg>
<doc>Click the element identified by ``locator``.</doc>
<msg timestamp="20260121 11:45:17.263" level="INFO">Clicking element 'xpath=.//div[contains(@class,'accordion__button')]'.</msg>
<msg timestamp="20260121 11:45:18.630" level="INFO" html="true">&lt;/td&gt;&lt;/tr&gt;&lt;tr&gt;&lt;td colspan="3"&gt;&lt;a href="selenium-screenshot-446.png"&gt;&lt;img src="selenium-screenshot-446.png" width="800px"&gt;&lt;/a&gt;</msg>
<msg timestamp="20260121 11:45:18.630" level="FAIL">ElementClickInterceptedException: Message: element click intercepted: Element is not clickable at point (575, -4441)
  (Session info: chrome=143.0.7499.170); For documentation on this error, please visit: https://www.selenium.dev/documentation/webdriver/troubleshooting/errors#elementclickinterceptedexception
Stacktrace:
Symbols not available. Dumping unresolved backtrace:
	0x7ff717cb88d5
	0x7ff717cb8930
	0x7ff717a9165d
	0x7ff717af19e8
	0x7ff717aef40f
	0x7ff717aec417
	0x7ff717aeb338
	0x7ff717adce7f
	0x7ff717b11fda
	0x7ff717adc746
	0x7ff717b3ac97
	0x7ff717adac29
	0x7ff717adba93
	0x7ff717fd0620
	0x7ff717fcaf60
	0x7ff717fe96c6
	0x7ff717cd5dd4
	0x7ff717cded7c
	0x7ff717cc1ff4
	0x7ff717cc21a5
	0x7ff717ca7ed2
	0x7ffb66967374
	0x7ffb6753cc91
</msg>
<status status="FAIL" starttime="20260121 11:45:17.263" endtime="20260121 11:45:18.632"/>
</kw>
<status status="PASS" starttime="20260121 11:45:17.263" endtime="20260121 11:45:18.633"/>
</kw>
<kw name="Run Keyword And Ignore Error" library="BuiltIn">
<arg>Wait Until Element Is Visible</arg>
<arg>xpath=.//div[contains(@class,'accordion__content')]</arg>
<arg>timeout=5s</arg>
<doc>Runs the given keyword with the given arguments and ignores possible error.</doc>
<kw name="Wait Until Element Is Visible" library="SeleniumLibrary">
<arg>xpath=.//div[contains(@class,'accordion__content')]</arg>
<arg>timeout=5s</arg>
<doc>Waits until the element ``locator`` is visible.</doc>
<status status="PASS" starttime="20260121 11:45:18.633" endtime="20260121 11:45:18.651"/>
</kw>
<status status="PASS" starttime="20260121 11:45:18.633" endtime="20260121 11:45:18.651"/>
</kw>
<status status="PASS" starttime="20260121 11:45:17.230" endtime="20260121 11:45:18.651"/>
</iter>
<iter>
<var name="${item}">&lt;selenium.webdriver.remote.webelement.WebElement (session="9151168e737ba4204d5a7d75dfc54faf", element="f.A986F976688C600A2370ABFD45C5545D.d.4D1F68FBE55FA02382F69A27B80D0D90.e.110")&gt;</var>
<kw name="Run Keyword And Ignore Error" library="BuiltIn">
<var>${status}</var>
<var>${day_number}</var>
<arg>Get Text</arg>
<arg>xpath=.//span</arg>
<doc>Runs the given keyword with the given arguments and ignores possible error.</doc>
<kw name="Get Text" library="SeleniumLibrary">
<arg>xpath=.//span</arg>
<doc>Returns the text value of the element identified by ``locator``.</doc>
<status status="PASS" starttime="20260121 11:45:18.651" endtime="20260121 11:45:18.679"/>
</kw>
<msg timestamp="20260121 11:45:18.679" level="INFO">${status} = PASS</msg>
<msg timestamp="20260121 11:45:18.680" level="INFO">${day_number} = Treks &amp; Tours</msg>
<status status="PASS" starttime="20260121 11:45:18.651" endtime="20260121 11:45:18.680"/>
</kw>
<kw name="Run Keyword If" library="BuiltIn">
<var>${day_number}</var>
<arg>'${status}'=='FAIL'</arg>
<arg>Set Variable</arg>
<arg>Unknown Day</arg>
<doc>Runs the given keyword with the given arguments, if ``condition`` is true.</doc>
<msg timestamp="20260121 11:45:18.680" level="INFO">${day_number} = None</msg>
<status status="PASS" starttime="20260121 11:45:18.680" endtime="20260121 11:45:18.680"/>
</kw>
<kw name="Log" library="BuiltIn">
<arg>Expanding itinerary Day: ${day_number}</arg>
<doc>Logs the given message with the given level.</doc>
<msg timestamp="20260121 11:45:18.680" level="INFO">Expanding itinerary Day: None</msg>
<status status="PASS" starttime="20260121 11:45:18.680" endtime="20260121 11:45:18.681"/>
</kw>
<kw name="Run Keyword And Ignore Error" library="BuiltIn">
<arg>Click Element</arg>
<arg>xpath=.//div[contains(@class,'accordion__button')]</arg>
<doc>Runs the given keyword with the given arguments and ignores possible error.</doc>
<kw name="Click Element" library="SeleniumLibrary">
<arg>xpath=.//div[contains(@class,'accordion__button')]</arg>
<doc>Click the element identified by ``locator``.</doc>
<msg timestamp="20260121 11:45:18.681" level="INFO">Clicking element 'xpath=.//div[contains(@class,'accordion__button')]'.</msg>
<status status="PASS" starttime="20260121 11:45:18.681" endtime="20260121 11:45:18.741"/>
</kw>
<status status="PASS" starttime="20260121 11:45:18.681" endtime="20260121 11:45:18.741"/>
</kw>
<kw name="Run Keyword And Ignore Error" library="BuiltIn">
<arg>Wait Until Element Is Visible</arg>
<arg>xpath=.//div[contains(@class,'accordion__content')]</arg>
<arg>timeout=5s</arg>
<doc>Runs the given keyword with the given arguments and ignores possible error.</doc>
<kw name="Wait Until Element Is Visible" library="SeleniumLibrary">
<arg>xpath=.//div[contains(@class,'accordion__content')]</arg>
<arg>timeout=5s</arg>
<doc>Waits until the element ``locator`` is visible.</doc>
<status status="PASS" starttime="20260121 11:45:18.742" endtime="20260121 11:45:18.763"/>
</kw>
<status status="PASS" starttime="20260121 11:45:18.741" endtime="20260121 11:45:18.763"/>
</kw>
<status status="PASS" starttime="20260121 11:45:18.651" endtime="20260121 11:45:18.763"/>
</iter>
<iter>
<var name="${item}">&lt;selenium.webdriver.remote.webelement.WebElement (session="9151168e737ba4204d5a7d75dfc54faf", element="f.A986F976688C600A2370ABFD45C5545D.d.4D1F68FBE55FA02382F69A27B80D0D90.e.111")&gt;</var>
<kw name="Run Keyword And Ignore Error" library="BuiltIn">
<var>${status}</var>
<var>${day_number}</var>
<arg>Get Text</arg>
<arg>xpath=.//span</arg>
<doc>Runs the given keyword with the given arguments and ignores possible error.</doc>
<kw name="Get Text" library="SeleniumLibrary">
<arg>xpath=.//span</arg>
<doc>Returns the text value of the element identified by ``locator``.</doc>
<status status="PASS" starttime="20260121 11:45:18.764" endtime="20260121 11:45:18.816"/>
</kw>
<msg timestamp="20260121 11:45:18.816" level="INFO">${status} = PASS</msg>
<msg timestamp="20260121 11:45:18.816" level="INFO">${day_number} = Treks &amp; Tours</msg>
<status status="PASS" starttime="20260121 11:45:18.763" endtime="20260121 11:45:18.816"/>
</kw>
<kw name="Run Keyword If" library="BuiltIn">
<var>${day_number}</var>
<arg>'${status}'=='FAIL'</arg>
<arg>Set Variable</arg>
<arg>Unknown Day</arg>
<doc>Runs the given keyword with the given arguments, if ``condition`` is true.</doc>
<msg timestamp="20260121 11:45:18.817" level="INFO">${day_number} = None</msg>
<status status="PASS" starttime="20260121 11:45:18.816" endtime="20260121 11:45:18.817"/>
</kw>
<kw name="Log" library="BuiltIn">
<arg>Expanding itinerary Day: ${day_number}</arg>
<doc>Logs the given message with the given level.</doc>
<msg timestamp="20260121 11:45:18.817" level="INFO">Expanding itinerary Day: None</msg>
<status status="PASS" starttime="20260121 11:45:18.817" endtime="20260121 11:45:18.817"/>
</kw>
<kw name="Run Keyword And Ignore Error" library="BuiltIn">
<arg>Click Element</arg>
<arg>xpath=.//div[contains(@class,'accordion__button')]</arg>
<doc>Runs the given keyword with the given arguments and ignores possible error.</doc>
<kw name="Click Element" library="SeleniumLibrary">
<arg>xpath=.//div[contains(@class,'accordion__button')]</arg>
<doc>Click the element identified by ``locator``.</doc>
<msg timestamp="20260121 11:45:18.818" level="INFO">Clicking element 'xpath=.//div[contains(@class,'accordion__button')]'.</msg>
<msg timestamp="20260121 11:45:20.033" level="INFO" html="true">&lt;/td&gt;&lt;/tr&gt;&lt;tr&gt;&lt;td colspan="3"&gt;&lt;a href="selenium-screenshot-447.png"&gt;&lt;img src="selenium-screenshot-447.png" width="800px"&gt;&lt;/a&gt;</msg>
<msg timestamp="20260121 11:45:20.033" level="FAIL">ElementClickInterceptedException: Message: element click intercepted: Element &lt;div class="ml-20 box-accordion accordion__button"&gt;...&lt;/div&gt; is not clickable at point (575, 98). Other element would receive the click: &lt;div class="col-12"&gt;...&lt;/div&gt;
  (Session info: chrome=143.0.7499.170); For documentation on this error, please visit: https://www.selenium.dev/documentation/webdriver/troubleshooting/errors#elementclickinterceptedexception
Stacktrace:
Symbols not available. Dumping unresolved backtrace:
	0x7ff717cb88d5
	0x7ff717cb8930
	0x7ff717a9165d
	0x7ff717af19e8
	0x7ff717aef40f
	0x7ff717aec417
	0x7ff717aeb338
	0x7ff717adce7f
	0x7ff717b11fda
	0x7ff717adc746
	0x7ff717b3ac97
	0x7ff717adac29
	0x7ff717adba93
	0x7ff717fd0620
	0x7ff717fcaf60
	0x7ff717fe96c6
	0x7ff717cd5dd4
	0x7ff717cded7c
	0x7ff717cc1ff4
	0x7ff717cc21a5
	0x7ff717ca7ed2
	0x7ffb66967374
	0x7ffb6753cc91
</msg>
<status status="FAIL" starttime="20260121 11:45:18.817" endtime="20260121 11:45:20.035"/>
</kw>
<status status="PASS" starttime="20260121 11:45:18.817" endtime="20260121 11:45:20.035"/>
</kw>
<kw name="Run Keyword And Ignore Error" library="BuiltIn">
<arg>Wait Until Element Is Visible</arg>
<arg>xpath=.//div[contains(@class,'accordion__content')]</arg>
<arg>timeout=5s</arg>
<doc>Runs the given keyword with the given arguments and ignores possible error.</doc>
<kw name="Wait Until Element Is Visible" library="SeleniumLibrary">
<arg>xpath=.//div[contains(@class,'accordion__content')]</arg>
<arg>timeout=5s</arg>
<doc>Waits until the element ``locator`` is visible.</doc>
<msg timestamp="20260121 11:45:25.189" level="INFO" html="true">&lt;/td&gt;&lt;/tr&gt;&lt;tr&gt;&lt;td colspan="3"&gt;&lt;a href="selenium-screenshot-448.png"&gt;&lt;img src="selenium-screenshot-448.png" width="800px"&gt;&lt;/a&gt;</msg>
<msg timestamp="20260121 11:45:25.189" level="FAIL">Element 'xpath=.//div[contains(@class,'accordion__content')]' not visible after 5 seconds.</msg>
<status status="FAIL" starttime="20260121 11:45:20.036" endtime="20260121 11:45:25.192"/>
</kw>
<status status="PASS" starttime="20260121 11:45:20.035" endtime="20260121 11:45:25.192"/>
</kw>
<status status="PASS" starttime="20260121 11:45:18.763" endtime="20260121 11:45:25.192"/>
</iter>
<iter>
<var name="${item}">&lt;selenium.webdriver.remote.webelement.WebElement (session="9151168e737ba4204d5a7d75dfc54faf", element="f.A986F976688C600A2370ABFD45C5545D.d.4D1F68FBE55FA02382F69A27B80D0D90.e.112")&gt;</var>
<kw name="Run Keyword And Ignore Error" library="BuiltIn">
<var>${status}</var>
<var>${day_number}</var>
<arg>Get Text</arg>
<arg>xpath=.//span</arg>
<doc>Runs the given keyword with the given arguments and ignores possible error.</doc>
<kw name="Get Text" library="SeleniumLibrary">
<arg>xpath=.//span</arg>
<doc>Returns the text value of the element identified by ``locator``.</doc>
<status status="PASS" starttime="20260121 11:45:25.192" endtime="20260121 11:45:25.223"/>
</kw>
<msg timestamp="20260121 11:45:25.223" level="INFO">${status} = PASS</msg>
<msg timestamp="20260121 11:45:25.223" level="INFO">${day_number} = Treks &amp; Tours</msg>
<status status="PASS" starttime="20260121 11:45:25.192" endtime="20260121 11:45:25.223"/>
</kw>
<kw name="Run Keyword If" library="BuiltIn">
<var>${day_number}</var>
<arg>'${status}'=='FAIL'</arg>
<arg>Set Variable</arg>
<arg>Unknown Day</arg>
<doc>Runs the given keyword with the given arguments, if ``condition`` is true.</doc>
<msg timestamp="20260121 11:45:25.223" level="INFO">${day_number} = None</msg>
<status status="PASS" starttime="20260121 11:45:25.223" endtime="20260121 11:45:25.224"/>
</kw>
<kw name="Log" library="BuiltIn">
<arg>Expanding itinerary Day: ${day_number}</arg>
<doc>Logs the given message with the given level.</doc>
<msg timestamp="20260121 11:45:25.224" level="INFO">Expanding itinerary Day: None</msg>
<status status="PASS" starttime="20260121 11:45:25.224" endtime="20260121 11:45:25.224"/>
</kw>
<kw name="Run Keyword And Ignore Error" library="BuiltIn">
<arg>Click Element</arg>
<arg>xpath=.//div[contains(@class,'accordion__button')]</arg>
<doc>Runs the given keyword with the given arguments and ignores possible error.</doc>
<kw name="Click Element" library="SeleniumLibrary">
<arg>xpath=.//div[contains(@class,'accordion__button')]</arg>
<doc>Click the element identified by ``locator``.</doc>
<msg timestamp="20260121 11:45:25.225" level="INFO">Clicking element 'xpath=.//div[contains(@class,'accordion__button')]'.</msg>
<msg timestamp="20260121 11:45:26.454" level="INFO" html="true">&lt;/td&gt;&lt;/tr&gt;&lt;tr&gt;&lt;td colspan="3"&gt;&lt;a href="selenium-screenshot-449.png"&gt;&lt;img src="selenium-screenshot-449.png" width="800px"&gt;&lt;/a&gt;</msg>
<msg timestamp="20260121 11:45:26.455" level="FAIL">ElementClickInterceptedException: Message: element click intercepted: Element &lt;div class="ml-20 box-accordion accordion__button"&gt;...&lt;/div&gt; is not clickable at point (575, 10). Other element would receive the click: &lt;div class="d-flex items-center justify-between m-auto"&gt;...&lt;/div&gt;
  (Session info: chrome=143.0.7499.170); For documentation on this error, please visit: https://www.selenium.dev/documentation/webdriver/troubleshooting/errors#elementclickinterceptedexception
Stacktrace:
Symbols not available. Dumping unresolved backtrace:
	0x7ff717cb88d5
	0x7ff717cb8930
	0x7ff717a9165d
	0x7ff717af19e8
	0x7ff717aef40f
	0x7ff717aec417
	0x7ff717aeb338
	0x7ff717adce7f
	0x7ff717b11fda
	0x7ff717adc746
	0x7ff717b3ac97
	0x7ff717adac29
	0x7ff717adba93
	0x7ff717fd0620
	0x7ff717fcaf60
	0x7ff717fe96c6
	0x7ff717cd5dd4
	0x7ff717cded7c
	0x7ff717cc1ff4
	0x7ff717cc21a5
	0x7ff717ca7ed2
	0x7ffb66967374
	0x7ffb6753cc91
</msg>
<status status="FAIL" starttime="20260121 11:45:25.224" endtime="20260121 11:45:26.457"/>
</kw>
<status status="PASS" starttime="20260121 11:45:25.224" endtime="20260121 11:45:26.457"/>
</kw>
<kw name="Run Keyword And Ignore Error" library="BuiltIn">
<arg>Wait Until Element Is Visible</arg>
<arg>xpath=.//div[contains(@class,'accordion__content')]</arg>
<arg>timeout=5s</arg>
<doc>Runs the given keyword with the given arguments and ignores possible error.</doc>
<kw name="Wait Until Element Is Visible" library="SeleniumLibrary">
<arg>xpath=.//div[contains(@class,'accordion__content')]</arg>
<arg>timeout=5s</arg>
<doc>Waits until the element ``locator`` is visible.</doc>
<msg timestamp="20260121 11:45:31.789" level="INFO" html="true">&lt;/td&gt;&lt;/tr&gt;&lt;tr&gt;&lt;td colspan="3"&gt;&lt;a href="selenium-screenshot-450.png"&gt;&lt;img src="selenium-screenshot-450.png" width="800px"&gt;&lt;/a&gt;</msg>
<msg timestamp="20260121 11:45:31.790" level="FAIL">Element 'xpath=.//div[contains(@class,'accordion__content')]' not visible after 5 seconds.</msg>
<status status="FAIL" starttime="20260121 11:45:26.458" endtime="20260121 11:45:31.791"/>
</kw>
<status status="PASS" starttime="20260121 11:45:26.458" endtime="20260121 11:45:31.791"/>
</kw>
<status status="PASS" starttime="20260121 11:45:25.192" endtime="20260121 11:45:31.791"/>
</iter>
<iter>
<var name="${item}">&lt;selenium.webdriver.remote.webelement.WebElement (session="9151168e737ba4204d5a7d75dfc54faf", element="f.A986F976688C600A2370ABFD45C5545D.d.4D1F68FBE55FA02382F69A27B80D0D90.e.113")&gt;</var>
<kw name="Run Keyword And Ignore Error" library="BuiltIn">
<var>${status}</var>
<var>${day_number}</var>
<arg>Get Text</arg>
<arg>xpath=.//span</arg>
<doc>Runs the given keyword with the given arguments and ignores possible error.</doc>
<kw name="Get Text" library="SeleniumLibrary">
<arg>xpath=.//span</arg>
<doc>Returns the text value of the element identified by ``locator``.</doc>
<status status="PASS" starttime="20260121 11:45:31.792" endtime="20260121 11:45:31.831"/>
</kw>
<msg timestamp="20260121 11:45:31.831" level="INFO">${status} = PASS</msg>
<msg timestamp="20260121 11:45:31.831" level="INFO">${day_number} = Treks &amp; Tours</msg>
<status status="PASS" starttime="20260121 11:45:31.791" endtime="20260121 11:45:31.831"/>
</kw>
<kw name="Run Keyword If" library="BuiltIn">
<var>${day_number}</var>
<arg>'${status}'=='FAIL'</arg>
<arg>Set Variable</arg>
<arg>Unknown Day</arg>
<doc>Runs the given keyword with the given arguments, if ``condition`` is true.</doc>
<msg timestamp="20260121 11:45:31.831" level="INFO">${day_number} = None</msg>
<status status="PASS" starttime="20260121 11:45:31.831" endtime="20260121 11:45:31.831"/>
</kw>
<kw name="Log" library="BuiltIn">
<arg>Expanding itinerary Day: ${day_number}</arg>
<doc>Logs the given message with the given level.</doc>
<msg timestamp="20260121 11:45:31.832" level="INFO">Expanding itinerary Day: None</msg>
<status status="PASS" starttime="20260121 11:45:31.831" endtime="20260121 11:45:31.832"/>
</kw>
<kw name="Run Keyword And Ignore Error" library="BuiltIn">
<arg>Click Element</arg>
<arg>xpath=.//div[contains(@class,'accordion__button')]</arg>
<doc>Runs the given keyword with the given arguments and ignores possible error.</doc>
<kw name="Click Element" library="SeleniumLibrary">
<arg>xpath=.//div[contains(@class,'accordion__button')]</arg>
<doc>Click the element identified by ``locator``.</doc>
<msg timestamp="20260121 11:45:31.832" level="INFO">Clicking element 'xpath=.//div[contains(@class,'accordion__button')]'.</msg>
<msg timestamp="20260121 11:45:33.067" level="INFO" html="true">&lt;/td&gt;&lt;/tr&gt;&lt;tr&gt;&lt;td colspan="3"&gt;&lt;a href="selenium-screenshot-451.png"&gt;&lt;img src="selenium-screenshot-451.png" width="800px"&gt;&lt;/a&gt;</msg>
<msg timestamp="20260121 11:45:33.067" level="FAIL">ElementClickInterceptedException: Message: element click intercepted: Element &lt;div class="ml-20 box-accordion accordion__button"&gt;...&lt;/div&gt; is not clickable at point (575, 10). Other element would receive the click: &lt;div class="d-flex items-center justify-between m-auto"&gt;...&lt;/div&gt;
  (Session info: chrome=143.0.7499.170); For documentation on this error, please visit: https://www.selenium.dev/documentation/webdriver/troubleshooting/errors#elementclickinterceptedexception
Stacktrace:
Symbols not available. Dumping unresolved backtrace:
	0x7ff717cb88d5
	0x7ff717cb8930
	0x7ff717a9165d
	0x7ff717af19e8
	0x7ff717aef40f
	0x7ff717aec417
	0x7ff717aeb338
	0x7ff717adce7f
	0x7ff717b11fda
	0x7ff717adc746
	0x7ff717b3ac97
	0x7ff717adac29
	0x7ff717adba93
	0x7ff717fd0620
	0x7ff717fcaf60
	0x7ff717fe96c6
	0x7ff717cd5dd4
	0x7ff717cded7c
	0x7ff717cc1ff4
	0x7ff717cc21a5
	0x7ff717ca7ed2
	0x7ffb66967374
	0x7ffb6753cc91
</msg>
<status status="FAIL" starttime="20260121 11:45:31.832" endtime="20260121 11:45:33.070"/>
</kw>
<status status="PASS" starttime="20260121 11:45:31.832" endtime="20260121 11:45:33.070"/>
</kw>
<kw name="Run Keyword And Ignore Error" library="BuiltIn">
<arg>Wait Until Element Is Visible</arg>
<arg>xpath=.//div[contains(@class,'accordion__content')]</arg>
<arg>timeout=5s</arg>
<doc>Runs the given keyword with the given arguments and ignores possible error.</doc>
<kw name="Wait Until Element Is Visible" library="SeleniumLibrary">
<arg>xpath=.//div[contains(@class,'accordion__content')]</arg>
<arg>timeout=5s</arg>
<doc>Waits until the element ``locator`` is visible.</doc>
<msg timestamp="20260121 11:45:38.242" level="INFO" html="true">&lt;/td&gt;&lt;/tr&gt;&lt;tr&gt;&lt;td colspan="3"&gt;&lt;a href="selenium-screenshot-452.png"&gt;&lt;img src="selenium-screenshot-452.png" width="800px"&gt;&lt;/a&gt;</msg>
<msg timestamp="20260121 11:45:38.242" level="FAIL">Element 'xpath=.//div[contains(@class,'accordion__content')]' not visible after 5 seconds.</msg>
<status status="FAIL" starttime="20260121 11:45:33.070" endtime="20260121 11:45:38.243"/>
</kw>
<status status="PASS" starttime="20260121 11:45:33.070" endtime="20260121 11:45:38.243"/>
</kw>
<status status="PASS" starttime="20260121 11:45:31.791" endtime="20260121 11:45:38.244"/>
</iter>
<iter>
<var name="${item}">&lt;selenium.webdriver.remote.webelement.WebElement (session="9151168e737ba4204d5a7d75dfc54faf", element="f.A986F976688C600A2370ABFD45C5545D.d.4D1F68FBE55FA02382F69A27B80D0D90.e.114")&gt;</var>
<kw name="Run Keyword And Ignore Error" library="BuiltIn">
<var>${status}</var>
<var>${day_number}</var>
<arg>Get Text</arg>
<arg>xpath=.//span</arg>
<doc>Runs the given keyword with the given arguments and ignores possible error.</doc>
<kw name="Get Text" library="SeleniumLibrary">
<arg>xpath=.//span</arg>
<doc>Returns the text value of the element identified by ``locator``.</doc>
<status status="PASS" starttime="20260121 11:45:38.244" endtime="20260121 11:45:38.274"/>
</kw>
<msg timestamp="20260121 11:45:38.274" level="INFO">${status} = PASS</msg>
<msg timestamp="20260121 11:45:38.274" level="INFO">${day_number} = Treks &amp; Tours</msg>
<status status="PASS" starttime="20260121 11:45:38.244" endtime="20260121 11:45:38.274"/>
</kw>
<kw name="Run Keyword If" library="BuiltIn">
<var>${day_number}</var>
<arg>'${status}'=='FAIL'</arg>
<arg>Set Variable</arg>
<arg>Unknown Day</arg>
<doc>Runs the given keyword with the given arguments, if ``condition`` is true.</doc>
<msg timestamp="20260121 11:45:38.274" level="INFO">${day_number} = None</msg>
<status status="PASS" starttime="20260121 11:45:38.274" endtime="20260121 11:45:38.274"/>
</kw>
<kw name="Log" library="BuiltIn">
<arg>Expanding itinerary Day: ${day_number}</arg>
<doc>Logs the given message with the given level.</doc>
<msg timestamp="20260121 11:45:38.275" level="INFO">Expanding itinerary Day: None</msg>
<status status="PASS" starttime="20260121 11:45:38.275" endtime="20260121 11:45:38.275"/>
</kw>
<kw name="Run Keyword And Ignore Error" library="BuiltIn">
<arg>Click Element</arg>
<arg>xpath=.//div[contains(@class,'accordion__button')]</arg>
<doc>Runs the given keyword with the given arguments and ignores possible error.</doc>
<kw name="Click Element" library="SeleniumLibrary">
<arg>xpath=.//div[contains(@class,'accordion__button')]</arg>
<doc>Click the element identified by ``locator``.</doc>
<msg timestamp="20260121 11:45:38.276" level="INFO">Clicking element 'xpath=.//div[contains(@class,'accordion__button')]'.</msg>
<msg timestamp="20260121 11:45:39.498" level="INFO" html="true">&lt;/td&gt;&lt;/tr&gt;&lt;tr&gt;&lt;td colspan="3"&gt;&lt;a href="selenium-screenshot-453.png"&gt;&lt;img src="selenium-screenshot-453.png" width="800px"&gt;&lt;/a&gt;</msg>
<msg timestamp="20260121 11:45:39.498" level="FAIL">ElementClickInterceptedException: Message: element click intercepted: Element &lt;div class="ml-20 box-accordion accordion__button"&gt;...&lt;/div&gt; is not clickable at point (575, 10). Other element would receive the click: &lt;div class="d-flex items-center justify-between m-auto"&gt;...&lt;/div&gt;
  (Session info: chrome=143.0.7499.170); For documentation on this error, please visit: https://www.selenium.dev/documentation/webdriver/troubleshooting/errors#elementclickinterceptedexception
Stacktrace:
Symbols not available. Dumping unresolved backtrace:
	0x7ff717cb88d5
	0x7ff717cb8930
	0x7ff717a9165d
	0x7ff717af19e8
	0x7ff717aef40f
	0x7ff717aec417
	0x7ff717aeb338
	0x7ff717adce7f
	0x7ff717b11fda
	0x7ff717adc746
	0x7ff717b3ac97
	0x7ff717adac29
	0x7ff717adba93
	0x7ff717fd0620
	0x7ff717fcaf60
	0x7ff717fe96c6
	0x7ff717cd5dd4
	0x7ff717cded7c
	0x7ff717cc1ff4
	0x7ff717cc21a5
	0x7ff717ca7ed2
	0x7ffb66967374
	0x7ffb6753cc91
</msg>
<status status="FAIL" starttime="20260121 11:45:38.275" endtime="20260121 11:45:39.500"/>
</kw>
<status status="PASS" starttime="20260121 11:45:38.275" endtime="20260121 11:45:39.501"/>
</kw>
<kw name="Run Keyword And Ignore Error" library="BuiltIn">
<arg>Wait Until Element Is Visible</arg>
<arg>xpath=.//div[contains(@class,'accordion__content')]</arg>
<arg>timeout=5s</arg>
<doc>Runs the given keyword with the given arguments and ignores possible error.</doc>
<kw name="Wait Until Element Is Visible" library="SeleniumLibrary">
<arg>xpath=.//div[contains(@class,'accordion__content')]</arg>
<arg>timeout=5s</arg>
<doc>Waits until the element ``locator`` is visible.</doc>
<msg timestamp="20260121 11:45:44.842" level="INFO" html="true">&lt;/td&gt;&lt;/tr&gt;&lt;tr&gt;&lt;td colspan="3"&gt;&lt;a href="selenium-screenshot-454.png"&gt;&lt;img src="selenium-screenshot-454.png" width="800px"&gt;&lt;/a&gt;</msg>
<msg timestamp="20260121 11:45:44.842" level="FAIL">Element 'xpath=.//div[contains(@class,'accordion__content')]' not visible after 5 seconds.</msg>
<status status="FAIL" starttime="20260121 11:45:39.501" endtime="20260121 11:45:44.843"/>
</kw>
<status status="PASS" starttime="20260121 11:45:39.501" endtime="20260121 11:45:44.843"/>
</kw>
<status status="PASS" starttime="20260121 11:45:38.244" endtime="20260121 11:45:44.843"/>
</iter>
<iter>
<var name="${item}">&lt;selenium.webdriver.remote.webelement.WebElement (session="9151168e737ba4204d5a7d75dfc54faf", element="f.A986F976688C600A2370ABFD45C5545D.d.4D1F68FBE55FA02382F69A27B80D0D90.e.115")&gt;</var>
<kw name="Run Keyword And Ignore Error" library="BuiltIn">
<var>${status}</var>
<var>${day_number}</var>
<arg>Get Text</arg>
<arg>xpath=.//span</arg>
<doc>Runs the given keyword with the given arguments and ignores possible error.</doc>
<kw name="Get Text" library="SeleniumLibrary">
<arg>xpath=.//span</arg>
<doc>Returns the text value of the element identified by ``locator``.</doc>
[...]
</kw>
<kw name="Run Keyword If" library="BuiltIn">
<var>${day_number}</var>
<arg>'${status}'=='FAIL'</arg>
<arg>Set Variable</arg>
<arg>Unknown Day</arg>
<doc>Runs the given keyword with the given arguments, if ``condition`` is true.</doc>
<msg timestamp="20260121 11:46:43.839" level="INFO">${day_number} = None</msg>
<status status="PASS" starttime="20260121 11:46:43.838" endtime="20260121 11:46:43.839"/>
</kw>
<kw name="Log" library="BuiltIn">
<arg>Expanding itinerary Day: ${day_number}</arg>
<doc>Logs the given message with the given level.</doc>
<msg timestamp="20260121 11:46:43.839" level="INFO">Expanding itinerary Day: None</msg>
<status status="PASS" starttime="20260121 11:46:43.839" endtime="20260121 11:46:43.839"/>
</kw>
<kw name="Run Keyword And Ignore Error" library="BuiltIn">
<arg>Click Element</arg>
<arg>xpath=.//div[contains(@class,'accordion__button')]</arg>
<doc>Runs the given keyword with the given arguments and ignores possible error.</doc>
<kw name="Click Element" library="SeleniumLibrary">
<arg>xpath=.//div[contains(@class,'accordion__button')]</arg>
<doc>Click the element identified by ``locator``.</doc>
<msg timestamp="20260121 11:46:43.840" level="INFO">Clicking element 'xpath=.//div[contains(@class,'accordion__button')]'.</msg>
<msg timestamp="20260121 11:46:45.065" level="INFO" html="true">&lt;/td&gt;&lt;/tr&gt;&lt;tr&gt;&lt;td colspan="3"&gt;&lt;a href="selenium-screenshot-473.png"&gt;&lt;img src="selenium-screenshot-473.png" width="800px"&gt;&lt;/a&gt;</msg>
<msg timestamp="20260121 11:46:45.065" level="FAIL">ElementClickInterceptedException: Message: element click intercepted: Element &lt;div class="ml-20 box-accordion accordion__button"&gt;...&lt;/div&gt; is not clickable at point (575, 10). Other element would receive the click: &lt;div class="d-flex items-center justify-between m-auto"&gt;...&lt;/div&gt;
  (Session info: chrome=143.0.7499.170); For documentation on this error, please visit: https://www.selenium.dev/documentation/webdriver/troubleshooting/errors#elementclickinterceptedexception
Stacktrace:
Symbols not available. Dumping unresolved backtrace:
	0x7ff717cb88d5
	0x7ff717cb8930
	0x7ff717a9165d
	0x7ff717af19e8
	0x7ff717aef40f
	0x7ff717aec417
	0x7ff717aeb338
	0x7ff717adce7f
	0x7ff717b11fda
	0x7ff717adc746
	0x7ff717b3ac97
	0x7ff717adac29
	0x7ff717adba93
	0x7ff717fd0620
	0x7ff717fcaf60
	0x7ff717fe96c6
	0x7ff717cd5dd4
	0x7ff717cded7c
	0x7ff717cc1ff4
	0x7ff717cc21a5
	0x7ff717ca7ed2
	0x7ffb66967374
	0x7ffb6753cc91
</msg>
<status status="FAIL" starttime="20260121 11:46:43.840" endtime="20260121 11:46:45.067"/>
</kw>
<status status="PASS" starttime="20260121 11:46:43.839" endtime="20260121 11:46:45.067"/>
</kw>
<kw name="Run Keyword And Ignore Error" library="BuiltIn">
<arg>Wait Until Element Is Visible</arg>
<arg>xpath=.//div[contains(@class,'accordion__content')]</arg>
<arg>timeout=5s</arg>
<doc>Runs the given keyword with the given arguments and ignores possible error.</doc>
<kw name="Wait Until Element Is Visible" library="SeleniumLibrary">
<arg>xpath=.//div[contains(@class,'accordion__content')]</arg>
<arg>timeout=5s</arg>
<doc>Waits until the element ``locator`` is visible.</doc>
<msg timestamp="20260121 11:46:50.392" level="INFO" html="true">&lt;/td&gt;&lt;/tr&gt;&lt;tr&gt;&lt;td colspan="3"&gt;&lt;a href="selenium-screenshot-474.png"&gt;&lt;img src="selenium-screenshot-474.png" width="800px"&gt;&lt;/a&gt;</msg>
<msg timestamp="20260121 11:46:50.392" level="FAIL">Element 'xpath=.//div[contains(@class,'accordion__content')]' not visible after 5 seconds.</msg>
<status status="FAIL" starttime="20260121 11:46:45.068" endtime="20260121 11:46:50.394"/>
</kw>
<status status="PASS" starttime="20260121 11:46:45.067" endtime="20260121 11:46:50.394"/>
</kw>
<status status="PASS" starttime="20260121 11:46:43.808" endtime="20260121 11:46:50.394"/>
</iter>
<iter>
<var name="${item}">&lt;selenium.webdriver.remote.webelement.WebElement (session="9151168e737ba4204d5a7d75dfc54faf", element="f.A986F976688C600A2370ABFD45C5545D.d.4D1F68FBE55FA02382F69A27B80D0D90.e.125")&gt;</var>
<kw name="Run Keyword And Ignore Error" library="BuiltIn">
<var>${status}</var>
<var>${day_number}</var>
<arg>Get Text</arg>
<arg>xpath=.//span</arg>
<doc>Runs the given keyword with the given arguments and ignores possible error.</doc>
<kw name="Get Text" library="SeleniumLibrary">
<arg>xpath=.//span</arg>
<doc>Returns the text value of the element identified by ``locator``.</doc>
<status status="PASS" starttime="20260121 11:46:50.395" endtime="20260121 11:46:50.431"/>
</kw>
<msg timestamp="20260121 11:46:50.431" level="INFO">${status} = PASS</msg>
<msg timestamp="20260121 11:46:50.431" level="INFO">${day_number} = Treks &amp; Tours</msg>
<status status="PASS" starttime="20260121 11:46:50.395" endtime="20260121 11:46:50.431"/>
</kw>
<kw name="Run Keyword If" library="BuiltIn">
<var>${day_number}</var>
<arg>'${status}'=='FAIL'</arg>
<arg>Set Variable</arg>
<arg>Unknown Day</arg>
<doc>Runs the given keyword with the given arguments, if ``condition`` is true.</doc>
<msg timestamp="20260121 11:46:50.431" level="INFO">${day_number} = None</msg>
<status status="PASS" starttime="20260121 11:46:50.431" endtime="20260121 11:46:50.431"/>
</kw>
<kw name="Log" library="BuiltIn">
<arg>Expanding itinerary Day: ${day_number}</arg>
<doc>Logs the given message with the given level.</doc>
<msg timestamp="20260121 11:46:50.432" level="INFO">Expanding itinerary Day: None</msg>
<status status="PASS" starttime="20260121 11:46:50.432" endtime="20260121 11:46:50.432"/>
</kw>
<kw name="Run Keyword And Ignore Error" library="BuiltIn">
<arg>Click Element</arg>
<arg>xpath=.//div[contains(@class,'accordion__button')]</arg>
<doc>Runs the given keyword with the given arguments and ignores possible error.</doc>
<kw name="Click Element" library="SeleniumLibrary">
<arg>xpath=.//div[contains(@class,'accordion__button')]</arg>
<doc>Click the element identified by ``locator``.</doc>
<msg timestamp="20260121 11:46:50.433" level="INFO">Clicking element 'xpath=.//div[contains(@class,'accordion__button')]'.</msg>
<msg timestamp="20260121 11:46:51.619" level="INFO" html="true">&lt;/td&gt;&lt;/tr&gt;&lt;tr&gt;&lt;td colspan="3"&gt;&lt;a href="selenium-screenshot-475.png"&gt;&lt;img src="selenium-screenshot-475.png" width="800px"&gt;&lt;/a&gt;</msg>
<msg timestamp="20260121 11:46:51.620" level="FAIL">ElementClickInterceptedException: Message: element click intercepted: Element &lt;div class="ml-20 box-accordion accordion__button"&gt;...&lt;/div&gt; is not clickable at point (575, 10). Other element would receive the click: &lt;div class="d-flex items-center justify-between m-auto"&gt;...&lt;/div&gt;
  (Session info: chrome=143.0.7499.170); For documentation on this error, please visit: https://www.selenium.dev/documentation/webdriver/troubleshooting/errors#elementclickinterceptedexception
Stacktrace:
Symbols not available. Dumping unresolved backtrace:
	0x7ff717cb88d5
	0x7ff717cb8930
	0x7ff717a9165d
	0x7ff717af19e8
	0x7ff717aef40f
	0x7ff717aec417
	0x7ff717aeb338
	0x7ff717adce7f
	0x7ff717b11fda
	0x7ff717adc746
	0x7ff717b3ac97
	0x7ff717adac29
	0x7ff717adba93
	0x7ff717fd0620
	0x7ff717fcaf60
	0x7ff717fe96c6
	0x7ff717cd5dd4
	0x7ff717cded7c
	0x7ff717cc1ff4
	0x7ff717cc21a5
	0x7ff717ca7ed2
	0x7ffb66967374
	0x7ffb6753cc91
</msg>
<status status="FAIL" starttime="20260121 11:46:50.432" endtime="20260121 11:46:51.622"/>
</kw>
<status status="PASS" starttime="20260121 11:46:50.432" endtime="20260121 11:46:51.622"/>
</kw>
<kw name="Run Keyword And Ignore Error" library="BuiltIn">
<arg>Wait Until Element Is Visible</arg>
<arg>xpath=.//div[contains(@class,'accordion__content')]</arg>
<arg>timeout=5s</arg>
<doc>Runs the given keyword with the given arguments and ignores possible error.</doc>
<kw name="Wait Until Element Is Visible" library="SeleniumLibrary">
<arg>xpath=.//div[contains(@class,'accordion__content')]</arg>
<arg>timeout=5s</arg>
<doc>Waits until the element ``locator`` is visible.</doc>
<msg timestamp="20260121 11:46:56.961" level="INFO" html="true">&lt;/td&gt;&lt;/tr&gt;&lt;tr&gt;&lt;td colspan="3"&gt;&lt;a href="selenium-screenshot-476.png"&gt;&lt;img src="selenium-screenshot-476.png" width="800px"&gt;&lt;/a&gt;</msg>
<msg timestamp="20260121 11:46:56.961" level="FAIL">Element 'xpath=.//div[contains(@class,'accordion__content')]' not visible after 5 seconds.</msg>
<status status="FAIL" starttime="20260121 11:46:51.622" endtime="20260121 11:46:56.963"/>
</kw>
<status status="PASS" starttime="20260121 11:46:51.622" endtime="20260121 11:46:56.963"/>
</kw>
<status status="PASS" starttime="20260121 11:46:50.394" endtime="20260121 11:46:56.963"/>
</iter>
<iter>
<var name="${item}">&lt;selenium.webdriver.remote.webelement.WebElement (session="9151168e737ba4204d5a7d75dfc54faf", element="f.A986F976688C600A2370ABFD45C5545D.d.4D1F68FBE55FA02382F69A27B80D0D90.e.126")&gt;</var>
<kw name="Run Keyword And Ignore Error" library="BuiltIn">
<var>${status}</var>
<var>${day_number}</var>
<arg>Get Text</arg>
<arg>xpath=.//span</arg>
<doc>Runs the given keyword with the given arguments and ignores possible error.</doc>
<kw name="Get Text" library="SeleniumLibrary">
<arg>xpath=.//span</arg>
<doc>Returns the text value of the element identified by ``locator``.</doc>
<status status="PASS" starttime="20260121 11:46:56.963" endtime="20260121 11:46:56.995"/>
</kw>
<msg timestamp="20260121 11:46:56.995" level="INFO">${status} = PASS</msg>
<msg timestamp="20260121 11:46:56.995" level="INFO">${day_number} = Treks &amp; Tours</msg>
<status status="PASS" starttime="20260121 11:46:56.963" endtime="20260121 11:46:56.996"/>
</kw>
<kw name="Run Keyword If" library="BuiltIn">
<var>${day_number}</var>
<arg>'${status}'=='FAIL'</arg>
<arg>Set Variable</arg>
<arg>Unknown Day</arg>
<doc>Runs the given keyword with the given arguments, if ``condition`` is true.</doc>
<msg timestamp="20260121 11:46:56.996" level="INFO">${day_number} = None</msg>
<status status="PASS" starttime="20260121 11:46:56.996" endtime="20260121 11:46:56.996"/>
</kw>
<kw name="Log" library="BuiltIn">
<arg>Expanding itinerary Day: ${day_number}</arg>
<doc>Logs the given message with the given level.</doc>
<msg timestamp="20260121 11:46:56.996" level="INFO">Expanding itinerary Day: None</msg>
<status status="PASS" starttime="20260121 11:46:56.996" endtime="20260121 11:46:56.997"/>
</kw>
<kw name="Run Keyword And Ignore Error" library="BuiltIn">
<arg>Click Element</arg>
<arg>xpath=.//div[contains(@class,'accordion__button')]</arg>
<doc>Runs the given keyword with the given arguments and ignores possible error.</doc>
<kw name="Click Element" library="SeleniumLibrary">
<arg>xpath=.//div[contains(@class,'accordion__button')]</arg>
<doc>Click the element identified by ``locator``.</doc>
<msg timestamp="20260121 11:46:56.997" level="INFO">Clicking element 'xpath=.//div[contains(@class,'accordion__button')]'.</msg>
<msg timestamp="20260121 11:46:58.168" level="INFO" html="true">&lt;/td&gt;&lt;/tr&gt;&lt;tr&gt;&lt;td colspan="3"&gt;&lt;a href="selenium-screenshot-477.png"&gt;&lt;img src="selenium-screenshot-477.png" width="800px"&gt;&lt;/a&gt;</msg>
<msg timestamp="20260121 11:46:58.168" level="FAIL">ElementClickInterceptedException: Message: element click intercepted: Element &lt;div class="ml-20 box-accordion accordion__button"&gt;...&lt;/div&gt; is not clickable at point (575, 10). Other element would receive the click: &lt;div class="d-flex items-center justify-between m-auto"&gt;...&lt;/div&gt;
  (Session info: chrome=143.0.7499.170); For documentation on this error, please visit: https://www.selenium.dev/documentation/webdriver/troubleshooting/errors#elementclickinterceptedexception
Stacktrace:
Symbols not available. Dumping unresolved backtrace:
	0x7ff717cb88d5
	0x7ff717cb8930
	0x7ff717a9165d
	0x7ff717af19e8
	0x7ff717aef40f
	0x7ff717aec417
	0x7ff717aeb338
	0x7ff717adce7f
	0x7ff717b11fda
	0x7ff717adc746
	0x7ff717b3ac97
	0x7ff717adac29
	0x7ff717adba93
	0x7ff717fd0620
	0x7ff717fcaf60
	0x7ff717fe96c6
	0x7ff717cd5dd4
	0x7ff717cded7c
	0x7ff717cc1ff4
	0x7ff717cc21a5
	0x7ff717ca7ed2
	0x7ffb66967374
	0x7ffb6753cc91
</msg>
<status status="FAIL" starttime="20260121 11:46:56.997" endtime="20260121 11:46:58.171"/>
</kw>
<status status="PASS" starttime="20260121 11:46:56.997" endtime="20260121 11:46:58.171"/>
</kw>
<kw name="Run Keyword And Ignore Error" library="BuiltIn">
<arg>Wait Until Element Is Visible</arg>
<arg>xpath=.//div[contains(@class,'accordion__content')]</arg>
<arg>timeout=5s</arg>
<doc>Runs the given keyword with the given arguments and ignores possible error.</doc>
<kw name="Wait Until Element Is Visible" library="SeleniumLibrary">
<arg>xpath=.//div[contains(@class,'accordion__content')]</arg>
<arg>timeout=5s</arg>
<doc>Waits until the element ``locator`` is visible.</doc>
<msg timestamp="20260121 11:47:03.509" level="INFO" html="true">&lt;/td&gt;&lt;/tr&gt;&lt;tr&gt;&lt;td colspan="3"&gt;&lt;a href="selenium-screenshot-478.png"&gt;&lt;img src="selenium-screenshot-478.png" width="800px"&gt;&lt;/a&gt;</msg>
<msg timestamp="20260121 11:47:03.509" level="FAIL">Element 'xpath=.//div[contains(@class,'accordion__content')]' not visible after 5 seconds.</msg>
<status status="FAIL" starttime="20260121 11:46:58.171" endtime="20260121 11:47:03.511"/>
</kw>
<status status="PASS" starttime="20260121 11:46:58.171" endtime="20260121 11:47:03.511"/>
</kw>
<status status="PASS" starttime="20260121 11:46:56.963" endtime="20260121 11:47:03.511"/>
</iter>
<iter>
<var name="${item}">&lt;selenium.webdriver.remote.webelement.WebElement (session="9151168e737ba4204d5a7d75dfc54faf", element="f.A986F976688C600A2370ABFD45C5545D.d.4D1F68FBE55FA02382F69A27B80D0D90.e.127")&gt;</var>
<kw name="Run Keyword And Ignore Error" library="BuiltIn">
<var>${status}</var>
<var>${day_number}</var>
<arg>Get Text</arg>
<arg>xpath=.//span</arg>
<doc>Runs the given keyword with the given arguments and ignores possible error.</doc>
<kw name="Get Text" library="SeleniumLibrary">
<arg>xpath=.//span</arg>
<doc>Returns the text value of the element identified by ``locator``.</doc>
<status status="PASS" starttime="20260121 11:47:03.512" endtime="20260121 11:47:03.541"/>
</kw>
<msg timestamp="20260121 11:47:03.542" level="INFO">${status} = PASS</msg>
<msg timestamp="20260121 11:47:03.542" level="INFO">${day_number} = Treks &amp; Tours</msg>
<status status="PASS" starttime="20260121 11:47:03.511" endtime="20260121 11:47:03.542"/>
</kw>
<kw name="Run Keyword If" library="BuiltIn">
<var>${day_number}</var>
<arg>'${status}'=='FAIL'</arg>
<arg>Set Variable</arg>
<arg>Unknown Day</arg>
<doc>Runs the given keyword with the given arguments, if ``condition`` is true.</doc>
<msg timestamp="20260121 11:47:03.542" level="INFO">${day_number} = None</msg>
<status status="PASS" starttime="20260121 11:47:03.542" endtime="20260121 11:47:03.542"/>
</kw>
<kw name="Log" library="BuiltIn">
<arg>Expanding itinerary Day: ${day_number}</arg>
<doc>Logs the given message with the given level.</doc>
<msg timestamp="20260121 11:47:03.543" level="INFO">Expanding itinerary Day: None</msg>
<status status="PASS" starttime="20260121 11:47:03.542" endtime="20260121 11:47:03.543"/>
</kw>
<kw name="Run Keyword And Ignore Error" library="BuiltIn">
<arg>Click Element</arg>
<arg>xpath=.//div[contains(@class,'accordion__button')]</arg>
<doc>Runs the given keyword with the given arguments and ignores possible error.</doc>
<kw name="Click Element" library="SeleniumLibrary">
<arg>xpath=.//div[contains(@class,'accordion__button')]</arg>
<doc>Click the element identified by ``locator``.</doc>
<msg timestamp="20260121 11:47:03.543" level="INFO">Clicking element 'xpath=.//div[contains(@class,'accordion__button')]'.</msg>
<msg timestamp="20260121 11:47:04.755" level="INFO" html="true">&lt;/td&gt;&lt;/tr&gt;&lt;tr&gt;&lt;td colspan="3"&gt;&lt;a href="selenium-screenshot-479.png"&gt;&lt;img src="selenium-screenshot-479.png" width="800px"&gt;&lt;/a&gt;</msg>
<msg timestamp="20260121 11:47:04.756" level="FAIL">ElementClickInterceptedException: Message: element click intercepted: Element &lt;div class="ml-20 box-accordion accordion__button"&gt;...&lt;/div&gt; is not clickable at point (575, 10). Other element would receive the click: &lt;div class="d-flex items-center justify-between m-auto"&gt;...&lt;/div&gt;
  (Session info: chrome=143.0.7499.170); For documentation on this error, please visit: https://www.selenium.dev/documentation/webdriver/troubleshooting/errors#elementclickinterceptedexception
Stacktrace:
Symbols not available. Dumping unresolved backtrace:
	0x7ff717cb88d5
	0x7ff717cb8930
	0x7ff717a9165d
	0x7ff717af19e8
	0x7ff717aef40f
	0x7ff717aec417
	0x7ff717aeb338
	0x7ff717adce7f
	0x7ff717b11fda
	0x7ff717adc746
	0x7ff717b3ac97
	0x7ff717adac29
	0x7ff717adba93
	0x7ff717fd0620
	0x7ff717fcaf60
	0x7ff717fe96c6
	0x7ff717cd5dd4
	0x7ff717cded7c
	0x7ff717cc1ff4
	0x7ff717cc21a5
	0x7ff717ca7ed2
	0x7ffb66967374
	0x7ffb6753cc91
</msg>
<status status="FAIL" starttime="20260121 11:47:03.543" endtime="20260121 11:47:04.758"/>
</kw>
<status status="PASS" starttime="20260121 11:47:03.543" endtime="20260121 11:47:04.758"/>
</kw>
<kw name="Run Keyword And Ignore Error" library="BuiltIn">
<arg>Wait Until Element Is Visible</arg>
<arg>xpath=.//div[contains(@class,'accordion__content')]</arg>
<arg>timeout=5s</arg>
<doc>Runs the given keyword with the given arguments and ignores possible error.</doc>
<kw name="Wait Until Element Is Visible" library="SeleniumLibrary">
<arg>xpath=.//div[contains(@class,'accordion__content')]</arg>
<arg>timeout=5s</arg>
<doc>Waits until the element ``locator`` is visible.</doc>
<msg timestamp="20260121 11:47:09.907" level="INFO" html="true">&lt;/td&gt;&lt;/tr&gt;&lt;tr&gt;&lt;td colspan="3"&gt;&lt;a href="selenium-screenshot-480.png"&gt;&lt;img src="selenium-screenshot-480.png" width="800px"&gt;&lt;/a&gt;</msg>
<msg timestamp="20260121 11:47:09.907" level="FAIL">Element 'xpath=.//div[contains(@class,'accordion__content')]' not visible after 5 seconds.</msg>
<status status="FAIL" starttime="20260121 11:47:04.758" endtime="20260121 11:47:09.909"/>
</kw>
<status status="PASS" starttime="20260121 11:47:04.758" endtime="20260121 11:47:09.909"/>
</kw>
<status status="PASS" starttime="20260121 11:47:03.511" endtime="20260121 11:47:09.909"/>
</iter>
<status status="PASS" starttime="20260121 11:45:13.377" endtime="20260121 11:47:09.909"/>
</for>
<status status="PASS" starttime="20260121 11:45:13.359" endtime="20260121 11:47:09.909"/>
</kw>
<kw name="Wait And Click" library="keywords">
<arg>${need_help}</arg>
<kw name="Wait Until Element Is Visible" library="SeleniumLibrary">
<arg>${locator}</arg>
<doc>Waits until the element ``locator`` is visible.</doc>
<status status="PASS" starttime="20260121 11:47:09.909" endtime="20260121 11:47:09.929"/>
</kw>
<kw name="Click Element" library="SeleniumLibrary">
<arg>${locator}</arg>
<doc>Click the element identified by ``locator``.</doc>
<msg timestamp="20260121 11:47:09.930" level="INFO">Clicking element 'xpath=/html/body/div[3]/nav/div/div/div/a'.</msg>
<status status="PASS" starttime="20260121 11:47:09.929" endtime="20260121 11:47:11.866"/>
</kw>
<status status="PASS" starttime="20260121 11:47:09.909" endtime="20260121 11:47:11.866"/>
</kw>
<status status="PASS" starttime="20260121 11:44:42.396" endtime="20260121 11:47:11.866"/>
</kw>
<kw name="Close Browser" library="SeleniumLibrary" type="TEARDOWN">
<doc>Closes the current browser.</doc>
<status status="PASS" starttime="20260121 11:47:11.867" endtime="20260121 11:47:14.183"/>
</kw>
<status status="PASS" starttime="20260121 11:44:34.701" endtime="20260121 11:47:14.183"/>
</test>
<status status="PASS" starttime="20260121 11:44:34.234" endtime="20260121 11:47:14.185"/>
</suite>
<statistics>
<total>
<stat pass="1" fail="0" skip="0">All Tests</stat>
</total>
<tag>
</tag>
<suite>
<stat pass="1" fail="0" skip="0" id="s1" name="Treks Tours">Treks Tours</stat>
</suite>
</statistics>
<errors>
</errors>
</robot>
