<?xml version="1.0" encoding="UTF-8"?>
<robot generator="Robot 6.1.1 (Python 3.13.9 on win32)" generated="20260129 15:13:25.171" rpa="false" schemaversion="4">
<suite id="s1" name="Treks Tours" source="C:\Users\Swarup Dahal\PycharmProjects\trail-quest\tests\treks_tours.robot">
<test id="s1-t1" name="Treks and Tours Test" line="9">
<kw name="Open Homepage" library="home_page">
<kw name="Open Browser To Application" library="browser">
<doc>Opens browser with specified window size 1920x1080</doc>
<kw name="Evaluate" library="BuiltIn">
<var>${chrome_options}</var>
<arg>selenium.webdriver.ChromeOptions()</arg>
<arg>modules=selenium.webdriver</arg>
<doc>Evaluates the given expression in Python and returns the result.</doc>
<msg timestamp="20260129 15:13:25.742" level="INFO">${chrome_options} = &lt;selenium.webdriver.chrome.options.Options object at 0x00000276B0A3F620&gt;</msg>
<status status="PASS" starttime="20260129 15:13:25.742" endtime="20260129 15:13:25.742"/>
</kw>
<kw name="Set Variable" library="BuiltIn">
<var>${window_size_arg}</var>
<arg>--window-size\=${WINDOW_WIDTH},${WINDOW_HEIGHT}</arg>
<doc>Returns the given values which can then be assigned to a variables.</doc>
<msg timestamp="20260129 15:13:25.743" level="INFO">${window_size_arg} = --window-size=1920,1080</msg>
<status status="PASS" starttime="20260129 15:13:25.742" endtime="20260129 15:13:25.743"/>
</kw>
<kw name="Call Method" library="BuiltIn">
<arg>${chrome_options}</arg>
<arg>add_argument</arg>
<arg>${window_size_arg}</arg>
<doc>Calls the named method of the given object with the provided arguments.</doc>
<status status="PASS" starttime="20260129 15:13:25.743" endtime="20260129 15:13:25.743"/>
</kw>
<kw name="Call Method" library="BuiltIn">
<arg>${chrome_options}</arg>
<arg>add_argument</arg>
<arg>--start-maximized</arg>
<doc>Calls the named method of the given object with the provided arguments.</doc>
<status status="PASS" starttime="20260129 15:13:25.743" endtime="20260129 15:13:25.743"/>
</kw>
<kw name="Call Method" library="BuiltIn">
<arg>${chrome_options}</arg>
<arg>add_argument</arg>
<arg>--disable-gpu</arg>
<doc>Calls the named method of the given object with the provided arguments.</doc>
<status status="PASS" starttime="20260129 15:13:25.744" endtime="20260129 15:13:25.744"/>
</kw>
<kw name="Call Method" library="BuiltIn">
<arg>${chrome_options}</arg>
<arg>add_argument</arg>
<arg>--disable-extensions</arg>
<doc>Calls the named method of the given object with the provided arguments.</doc>
<status status="PASS" starttime="20260129 15:13:25.744" endtime="20260129 15:13:25.744"/>
</kw>
<kw name="Call Method" library="BuiltIn">
<arg>${chrome_options}</arg>
<arg>add_argument</arg>
<arg>--no-sandbox</arg>
<doc>Calls the named method of the given object with the provided arguments.</doc>
<status status="PASS" starttime="20260129 15:13:25.744" endtime="20260129 15:13:25.744"/>
</kw>
<kw name="Open Browser" library="SeleniumLibrary">
<arg>${BASE_URL}</arg>
<arg>${BROWSER}</arg>
<arg>options=${chrome_options}</arg>
<doc>Opens a new browser instance to the optional ``url``.</doc>
<msg timestamp="20260129 15:13:25.745" level="INFO">Opening browser 'chrome' to base url 'https://trailquest.global/'.</msg>
<status status="PASS" starttime="20260129 15:13:25.744" endtime="20260129 15:13:29.786"/>
</kw>
<kw name="Set Selenium Timeout" library="SeleniumLibrary">
<arg>${TIMEOUT}</arg>
<doc>Sets the timeout that is used by various keywords.</doc>
<status status="PASS" starttime="20260129 15:13:29.786" endtime="20260129 15:13:29.790"/>
</kw>
<kw name="Set Window Size" library="SeleniumLibrary">
<arg>${WINDOW_WIDTH}</arg>
<arg>${WINDOW_HEIGHT}</arg>
<doc>Sets current windows size to given ``width`` and ``height``.</doc>
<status status="PASS" starttime="20260129 15:13:29.790" endtime="20260129 15:13:32.289"/>
</kw>
<status status="PASS" starttime="20260129 15:13:25.742" endtime="20260129 15:13:32.289"/>
</kw>
<kw name="Sleep" library="BuiltIn">
<arg>2s</arg>
<doc>Pauses the test executed for the given time.</doc>
<msg timestamp="20260129 15:13:34.290" level="INFO">Slept 2 seconds</msg>
<status status="PASS" starttime="20260129 15:13:32.290" endtime="20260129 15:13:34.290"/>
</kw>
<status status="PASS" starttime="20260129 15:13:25.741" endtime="20260129 15:13:34.291"/>
</kw>
<kw name="Test The Push Your Limit" library="treks_tours">
<kw name="Verify Logo Is Visible" library="home_page">
<kw name="Wait Until Element Is Visible" library="SeleniumLibrary">
<arg>${logo}</arg>
<doc>Waits until the element ``locator`` is visible.</doc>
<status status="PASS" starttime="20260129 15:13:34.292" endtime="20260129 15:13:34.330"/>
</kw>
<kw name="Sleep" library="BuiltIn">
<arg>2s</arg>
<doc>Pauses the test executed for the given time.</doc>
<msg timestamp="20260129 15:13:36.332" level="INFO">Slept 2 seconds</msg>
<status status="PASS" starttime="20260129 15:13:34.330" endtime="20260129 15:13:36.332"/>
</kw>
<status status="PASS" starttime="20260129 15:13:34.292" endtime="20260129 15:13:36.332"/>
</kw>
<kw name="Open Trek And Tours Menu" library="home_page">
<kw name="Wait And Click" library="keywords">
<arg>${trek_and_tours}</arg>
<doc>Waits until element is visible &amp; enabled, scrolls into view, clicks, fallback to JS if normal click fails</doc>
<kw name="Wait Until Element Is Visible" library="SeleniumLibrary">
<arg>${locator}</arg>
<arg>${timeout}</arg>
<doc>Waits until the element ``locator`` is visible.</doc>
<status status="PASS" starttime="20260129 15:13:36.333" endtime="20260129 15:13:36.355"/>
</kw>
<kw name="Wait Until Element Is Enabled" library="SeleniumLibrary">
<arg>${locator}</arg>
<arg>${timeout}</arg>
<doc>Waits until the element ``locator`` is enabled.</doc>
<status status="PASS" starttime="20260129 15:13:36.355" endtime="20260129 15:13:36.384"/>
</kw>
<kw name="Scroll Element Into View" library="SeleniumLibrary">
<arg>${locator}</arg>
<doc>Scrolls the element identified by ``locator`` into view.</doc>
<status status="PASS" starttime="20260129 15:13:36.385" endtime="20260129 15:13:36.681"/>
</kw>
<kw name="Run Keyword And Return Status" library="BuiltIn">
<var>${clicked}</var>
<arg>Click Element</arg>
<arg>${locator}</arg>
<doc>Runs the given keyword with given arguments and returns the status as a Boolean value.</doc>
<kw name="Click Element" library="SeleniumLibrary">
<arg>${locator}</arg>
<doc>Click the element identified by ``locator``.</doc>
<msg timestamp="20260129 15:13:36.683" level="INFO">Clicking element 'xpath=/html/body/div[1]/header/div[1]/div/div/div/div/div[2]/div[2]/ul/li[2]/a/i'.</msg>
<status status="PASS" starttime="20260129 15:13:36.682" endtime="20260129 15:13:36.755"/>
</kw>
<msg timestamp="20260129 15:13:36.755" level="INFO">${clicked} = True</msg>
<status status="PASS" starttime="20260129 15:13:36.682" endtime="20260129 15:13:36.755"/>
</kw>
<if>
<branch type="IF" condition="not ${clicked}">
<kw name="Log" library="BuiltIn">
<arg>Using JS click fallback for ${locator}</arg>
<doc>Logs the given message with the given level.</doc>
<status status="NOT RUN" starttime="20260129 15:13:36.756" endtime="20260129 15:13:36.756"/>
</kw>
<kw name="Execute Javascript" library="SeleniumLibrary">
<arg>arguments[0].click();</arg>
<arg>document.evaluate("${locator.replace('xpath=','')}", document, null, XPathResult.FIRST_ORDERED_NODE_TYPE, null).singleNodeValue</arg>
<doc>Executes the given JavaScript code with possible arguments.</doc>
<status status="NOT RUN" starttime="20260129 15:13:36.756" endtime="20260129 15:13:36.756"/>
</kw>
<status status="NOT RUN" starttime="20260129 15:13:36.755" endtime="20260129 15:13:36.756"/>
</branch>
<status status="PASS" starttime="20260129 15:13:36.755" endtime="20260129 15:13:36.756"/>
</if>
<status status="PASS" starttime="20260129 15:13:36.332" endtime="20260129 15:13:36.756"/>
</kw>
<kw name="Sleep" library="BuiltIn">
<arg>2s</arg>
<doc>Pauses the test executed for the given time.</doc>
<msg timestamp="20260129 15:13:38.757" level="INFO">Slept 2 seconds</msg>
<status status="PASS" starttime="20260129 15:13:36.756" endtime="20260129 15:13:38.757"/>
</kw>
<status status="PASS" starttime="20260129 15:13:36.332" endtime="20260129 15:13:38.758"/>
</kw>
<kw name="Click Push Your Limit" library="home_page">
<kw name="Wait And Click" library="keywords">
<arg>${push_your_limit}</arg>
<doc>Waits until element is visible &amp; enabled, scrolls into view, clicks, fallback to JS if normal click fails</doc>
<kw name="Wait Until Element Is Visible" library="SeleniumLibrary">
<arg>${locator}</arg>
<arg>${timeout}</arg>
<doc>Waits until the element ``locator`` is visible.</doc>
<status status="PASS" starttime="20260129 15:13:38.759" endtime="20260129 15:13:38.780"/>
</kw>
<kw name="Wait Until Element Is Enabled" library="SeleniumLibrary">
<arg>${locator}</arg>
<arg>${timeout}</arg>
<doc>Waits until the element ``locator`` is enabled.</doc>
<status status="PASS" starttime="20260129 15:13:38.781" endtime="20260129 15:13:38.803"/>
</kw>
<kw name="Scroll Element Into View" library="SeleniumLibrary">
<arg>${locator}</arg>
<doc>Scrolls the element identified by ``locator`` into view.</doc>
<status status="PASS" starttime="20260129 15:13:38.803" endtime="20260129 15:13:39.088"/>
</kw>
<kw name="Run Keyword And Return Status" library="BuiltIn">
<var>${clicked}</var>
<arg>Click Element</arg>
<arg>${locator}</arg>
<doc>Runs the given keyword with given arguments and returns the status as a Boolean value.</doc>
<kw name="Click Element" library="SeleniumLibrary">
<arg>${locator}</arg>
<doc>Click the element identified by ``locator``.</doc>
<msg timestamp="20260129 15:13:39.090" level="INFO">Clicking element 'xpath=/html/body/div[1]/header/div[1]/div/div/div/div/div[2]/div[2]/ul/li[2]/ul/li[2]/a'.</msg>
<msg timestamp="20260129 15:13:48.765" level="WARN">Keyword 'Capture Page Screenshot' could not be run on failure: Execution terminated by signal</msg>
<msg timestamp="20260129 15:13:48.766" level="FAIL">ProtocolError: ('Connection aborted.', ConnectionResetError(10054, 'An existing connection was forcibly closed by the remote host', None, 10054, None))</msg>
<status status="FAIL" starttime="20260129 15:13:39.090" endtime="20260129 15:13:48.798"/>
</kw>
<msg timestamp="20260129 15:13:48.798" level="INFO">${clicked} = False</msg>
<status status="PASS" starttime="20260129 15:13:39.089" endtime="20260129 15:13:48.798"/>
</kw>
<if>
<branch type="IF" condition="not ${clicked}">
<kw name="Log" library="BuiltIn">
<arg>Using JS click fallback for ${locator}</arg>
<doc>Logs the given message with the given level.</doc>
<status status="FAIL" starttime="20260129 15:13:48.798" endtime="20260129 15:13:48.799"/>
</kw>
<kw name="Execute Javascript" library="SeleniumLibrary">
<arg>arguments[0].click();</arg>
<arg>document.evaluate("${locator.replace('xpath=','')}", document, null, XPathResult.FIRST_ORDERED_NODE_TYPE, null).singleNodeValue</arg>
<doc>Executes the given JavaScript code with possible arguments.</doc>
<status status="NOT RUN" starttime="20260129 15:13:48.799" endtime="20260129 15:13:48.799"/>
</kw>
<status status="FAIL" starttime="20260129 15:13:48.798" endtime="20260129 15:13:48.799"/>
</branch>
<status status="FAIL" starttime="20260129 15:13:48.798" endtime="20260129 15:13:48.799"/>
</if>
<status status="FAIL" starttime="20260129 15:13:38.758" endtime="20260129 15:13:48.799"/>
</kw>
<kw name="Sleep" library="BuiltIn">
<arg>2s</arg>
<doc>Pauses the test executed for the given time.</doc>
<status status="NOT RUN" starttime="20260129 15:13:48.799" endtime="20260129 15:13:48.799"/>
</kw>
<status status="FAIL" starttime="20260129 15:13:38.758" endtime="20260129 15:13:48.800"/>
</kw>
<kw name="Go Down to" library="treks_tours">
<status status="NOT RUN" starttime="20260129 15:13:48.800" endtime="20260129 15:13:48.800"/>
</kw>
<kw name="Click Easy" library="treks_tours">
<status status="NOT RUN" starttime="20260129 15:13:48.800" endtime="20260129 15:13:48.800"/>
</kw>
<kw name="Click Everest Picture" library="treks_tours">
<status status="NOT RUN" starttime="20260129 15:13:48.800" endtime="20260129 15:13:48.800"/>
</kw>
<kw name="Click All Everest Sticky Navbar Links" library="treks_tours">
<status status="NOT RUN" starttime="20260129 15:13:48.800" endtime="20260129 15:13:48.800"/>
</kw>
<kw name="Scroll Element Into View" library="SeleniumLibrary">
<arg>${share}</arg>
<doc>Scrolls the element identified by ``locator`` into view.</doc>
<status status="NOT RUN" starttime="20260129 15:13:48.800" endtime="20260129 15:13:48.800"/>
</kw>
<kw name="Sleep" library="BuiltIn">
<arg>1s</arg>
<doc>Pauses the test executed for the given time.</doc>
<status status="NOT RUN" starttime="20260129 15:13:48.800" endtime="20260129 15:13:48.800"/>
</kw>
<kw name="Wait And Click" library="keywords">
<arg>${share}</arg>
<doc>Waits until element is visible &amp; enabled, scrolls into view, clicks, fallback to JS if normal click fails</doc>
<status status="NOT RUN" starttime="20260129 15:13:48.801" endtime="20260129 15:13:48.801"/>
</kw>
<kw name="Sleep" library="BuiltIn">
<arg>2s</arg>
<doc>Pauses the test executed for the given time.</doc>
<status status="NOT RUN" starttime="20260129 15:13:48.801" endtime="20260129 15:13:48.801"/>
</kw>
<kw name="Wait Until Element Is Visible" library="SeleniumLibrary">
<arg>${facebook}</arg>
<doc>Waits until the element ``locator`` is visible.</doc>
<status status="NOT RUN" starttime="20260129 15:13:48.801" endtime="20260129 15:13:48.801"/>
</kw>
<kw name="Sleep" library="BuiltIn">
<arg>1s</arg>
<doc>Pauses the test executed for the given time.</doc>
<status status="NOT RUN" starttime="20260129 15:13:48.801" endtime="20260129 15:13:48.801"/>
</kw>
<kw name="Handle Share Button Click" library="treks_tours">
<var>${main}</var>
<arg>${facebook}</arg>
<doc>Clicks share button and switches to new window/tab</doc>
<status status="NOT RUN" starttime="20260129 15:13:48.801" endtime="20260129 15:13:48.801"/>
</kw>
<kw name="Sleep" library="BuiltIn">
<arg>3s</arg>
<doc>Pauses the test executed for the given time.</doc>
<status status="NOT RUN" starttime="20260129 15:13:48.801" endtime="20260129 15:13:48.801"/>
</kw>
<kw name="Capture Page Screenshot" library="SeleniumLibrary">
<arg>facebook_popup.png</arg>
<doc>Takes a screenshot of the current page and embeds it into a log file.</doc>
<status status="NOT RUN" starttime="20260129 15:13:48.802" endtime="20260129 15:13:48.802"/>
</kw>
<kw name="Close Share Window And Return" library="treks_tours">
<arg>${main}</arg>
<doc>Closes current window and returns to main</doc>
<status status="NOT RUN" starttime="20260129 15:13:48.802" endtime="20260129 15:13:48.802"/>
</kw>
<kw name="Log" library="BuiltIn">
<arg>Facebook share tested successfully</arg>
<doc>Logs the given message with the given level.</doc>
<status status="NOT RUN" starttime="20260129 15:13:48.802" endtime="20260129 15:13:48.802"/>
</kw>
<kw name="Scroll Element Into View" library="SeleniumLibrary">
<arg>${share}</arg>
<doc>Scrolls the element identified by ``locator`` into view.</doc>
<status status="NOT RUN" starttime="20260129 15:13:48.802" endtime="20260129 15:13:48.802"/>
</kw>
<kw name="Sleep" library="BuiltIn">
<arg>1s</arg>
<doc>Pauses the test executed for the given time.</doc>
<status status="NOT RUN" starttime="20260129 15:13:48.802" endtime="20260129 15:13:48.802"/>
</kw>
<kw name="Wait And Click" library="keywords">
<arg>${share}</arg>
<doc>Waits until element is visible &amp; enabled, scrolls into view, clicks, fallback to JS if normal click fails</doc>
<status status="NOT RUN" starttime="20260129 15:13:48.802" endtime="20260129 15:13:48.802"/>
</kw>
<kw name="Sleep" library="BuiltIn">
<arg>2s</arg>
<doc>Pauses the test executed for the given time.</doc>
<status status="NOT RUN" starttime="20260129 15:13:48.802" endtime="20260129 15:13:48.802"/>
</kw>
<kw name="Wait Until Element Is Visible" library="SeleniumLibrary">
<arg>${twitter}</arg>
<doc>Waits until the element ``locator`` is visible.</doc>
<status status="NOT RUN" starttime="20260129 15:13:48.803" endtime="20260129 15:13:48.803"/>
</kw>
<kw name="Sleep" library="BuiltIn">
<arg>1s</arg>
<doc>Pauses the test executed for the given time.</doc>
<status status="NOT RUN" starttime="20260129 15:13:48.803" endtime="20260129 15:13:48.803"/>
</kw>
<kw name="Handle Share Button Click" library="treks_tours">
<var>${main}</var>
<arg>${twitter}</arg>
<doc>Clicks share button and switches to new window/tab</doc>
<status status="NOT RUN" starttime="20260129 15:13:48.803" endtime="20260129 15:13:48.803"/>
</kw>
<kw name="Sleep" library="BuiltIn">
<arg>3s</arg>
<doc>Pauses the test executed for the given time.</doc>
<status status="NOT RUN" starttime="20260129 15:13:48.803" endtime="20260129 15:13:48.803"/>
</kw>
<kw name="Capture Page Screenshot" library="SeleniumLibrary">
<arg>twitter_popup.png</arg>
<doc>Takes a screenshot of the current page and embeds it into a log file.</doc>
<status status="NOT RUN" starttime="20260129 15:13:48.803" endtime="20260129 15:13:48.803"/>
</kw>
<kw name="Close Share Window And Return" library="treks_tours">
<arg>${main}</arg>
<doc>Closes current window and returns to main</doc>
<status status="NOT RUN" starttime="20260129 15:13:48.804" endtime="20260129 15:13:48.804"/>
</kw>
<kw name="Log" library="BuiltIn">
<arg>Twitter share tested successfully</arg>
<doc>Logs the given message with the given level.</doc>
<status status="NOT RUN" starttime="20260129 15:13:48.804" endtime="20260129 15:13:48.804"/>
</kw>
<status status="FAIL" starttime="20260129 15:13:34.291" endtime="20260129 15:13:48.804"/>
</kw>
<kw name="Test KanchenjungaTrek" library="treks_tours">
<status status="NOT RUN" starttime="20260129 15:13:48.804" endtime="20260129 15:13:48.804"/>
</kw>
<kw name="Test Everest Via Gokyo_Trek" library="treks_tours">
<status status="NOT RUN" starttime="20260129 15:13:48.805" endtime="20260129 15:13:48.805"/>
</kw>
<kw name="Scroll Element Into View" library="SeleniumLibrary">
<arg>xpath=/html/body/div[1]/header/div[1]/div/div/div/a/img[1]</arg>
<doc>Scrolls the element identified by ``locator`` into view.</doc>
<status status="NOT RUN" starttime="20260129 15:13:48.805" endtime="20260129 15:13:48.805"/>
</kw>
<kw name="Test Annapurna Circuit Trek" library="treks_tours">
<status status="NOT RUN" starttime="20260129 15:13:48.806" endtime="20260129 15:13:48.806"/>
</kw>
<kw name="Scroll Element Into View" library="SeleniumLibrary">
<arg>xpath=/html/body/div[1]/header/div[1]/div/div/div</arg>
<doc>Scrolls the element identified by ``locator`` into view.</doc>
<status status="NOT RUN" starttime="20260129 15:13:48.806" endtime="20260129 15:13:48.806"/>
</kw>
<kw name="Test Manaslu Circuit Trek" library="treks_tours">
<status status="NOT RUN" starttime="20260129 15:13:48.806" endtime="20260129 15:13:48.807"/>
</kw>
<kw name="Test Annapurna Base Camp" library="treks_tours">
<status status="NOT RUN" starttime="20260129 15:13:48.807" endtime="20260129 15:13:48.807"/>
</kw>
<kw name="Test Everest Base Camp" library="treks_tours">
<status status="NOT RUN" starttime="20260129 15:13:48.807" endtime="20260129 15:13:48.807"/>
</kw>
<kw name="Scroll Element Into View" library="SeleniumLibrary">
<arg>xpath=/html/body/div[3]/div[1]/section[1]/div/div[1]</arg>
<doc>Scrolls the element identified by ``locator`` into view.</doc>
<status status="NOT RUN" starttime="20260129 15:13:48.808" endtime="20260129 15:13:48.808"/>
</kw>
<kw name="Test Mardi" library="treks_tours">
<status status="NOT RUN" starttime="20260129 15:13:48.808" endtime="20260129 15:13:48.808"/>
</kw>
<kw name="Test Langtang" library="treks_tours">
<status status="NOT RUN" starttime="20260129 15:13:48.808" endtime="20260129 15:13:48.808"/>
</kw>
<kw name="Test Poon Hill" library="treks_tours">
<status status="NOT RUN" starttime="20260129 15:13:48.808" endtime="20260129 15:13:48.808"/>
</kw>
<kw name="Test Amayangri" library="treks_tours">
<status status="NOT RUN" starttime="20260129 15:13:48.809" endtime="20260129 15:13:48.809"/>
</kw>
<kw name="Close Browser" library="SeleniumLibrary" type="TEARDOWN">
<doc>Closes the current browser.</doc>
<errors>
<msg timestamp="20260129 15:13:48.765" level="WARN">Keyword 'Capture Page Screenshot' could not be run on failure: Execution terminated by signal</msg>
<msg timestamp="20260129 15:13:50.855" level="ERROR">Execution stopped by user.</msg>
</errors>
</robot>
