<?xml version="1.0" encoding="UTF-8"?>
<robot generator="Robot 6.1.1 (Python 3.13.9 on win32)" generated="20260123 11:35:36.746" rpa="false" schemaversion="4">
<suite id="s1" name="Treks Tours" source="C:\Users\Swarup Dahal\PycharmProjects\trail-quest\tests\treks_tours.robot">
<test id="s1-t1" name="Treks and Tours Test" line="9">
<kw name="Open Homepage" library="home_page">
<kw name="Open Browser To Application" library="browser">
<kw name="Evaluate" library="BuiltIn">
<var>${chrome_options}</var>
<arg>selenium.webdriver.ChromeOptions()</arg>
<arg>modules=selenium.webdriver</arg>
<doc>Evaluates the given expression in Python and returns the result.</doc>
<msg timestamp="20260123 11:35:37.256" level="INFO">${chrome_options} = &lt;selenium.webdriver.chrome.options.Options object at 0x000001FC21C0B620&gt;</msg>
<status status="PASS" starttime="20260123 11:35:37.256" endtime="20260123 11:35:37.256"/>
</kw>
<kw name="Create List" library="BuiltIn">
<var>${args}</var>
<arg>--window-size=1920,1080</arg>
<arg>--start-maximized</arg>
<arg>--no-sandbox</arg>
<arg>--disable-dev-shm-usage</arg>
<arg>--disable-gpu</arg>
<arg>--disable-software-rasterizer</arg>
<arg>--remote-debugging-port=9222</arg>
<arg>--disable-extensions</arg>
<arg>--disable-setuid-sandbox</arg>
<doc>Returns a list containing given items.</doc>
<msg timestamp="20260123 11:35:37.257" level="INFO">${args} = ['--window-size=1920,1080', '--start-maximized', '--no-sandbox', '--disable-dev-shm-usage', '--disable-gpu', '--disable-software-rasterizer', '--remote-debugging-port=9222', '--disable-extensions', '-...</msg>
<status status="PASS" starttime="20260123 11:35:37.257" endtime="20260123 11:35:37.257"/>
</kw>
<for flavor="IN">
<var>${arg}</var>
<value>@{args}</value>
<iter>
<var name="${arg}">--window-size=1920,1080</var>
<kw name="Call Method" library="BuiltIn">
<arg>${chrome_options}</arg>
<arg>add_argument</arg>
<arg>${arg}</arg>
<doc>Calls the named method of the given object with the provided arguments.</doc>
<status status="PASS" starttime="20260123 11:35:37.257" endtime="20260123 11:35:37.257"/>
</kw>
<status status="PASS" starttime="20260123 11:35:37.257" endtime="20260123 11:35:37.258"/>
</iter>
<iter>
<var name="${arg}">--start-maximized</var>
<kw name="Call Method" library="BuiltIn">
<arg>${chrome_options}</arg>
<arg>add_argument</arg>
<arg>${arg}</arg>
<doc>Calls the named method of the given object with the provided arguments.</doc>
<status status="PASS" starttime="20260123 11:35:37.258" endtime="20260123 11:35:37.258"/>
</kw>
<status status="PASS" starttime="20260123 11:35:37.258" endtime="20260123 11:35:37.258"/>
</iter>
<iter>
<var name="${arg}">--no-sandbox</var>
<kw name="Call Method" library="BuiltIn">
<arg>${chrome_options}</arg>
<arg>add_argument</arg>
<arg>${arg}</arg>
<doc>Calls the named method of the given object with the provided arguments.</doc>
<status status="PASS" starttime="20260123 11:35:37.258" endtime="20260123 11:35:37.258"/>
</kw>
<status status="PASS" starttime="20260123 11:35:37.258" endtime="20260123 11:35:37.258"/>
</iter>
<iter>
<var name="${arg}">--disable-dev-shm-usage</var>
<kw name="Call Method" library="BuiltIn">
<arg>${chrome_options}</arg>
<arg>add_argument</arg>
<arg>${arg}</arg>
<doc>Calls the named method of the given object with the provided arguments.</doc>
<status status="PASS" starttime="20260123 11:35:37.259" endtime="20260123 11:35:37.259"/>
</kw>
<status status="PASS" starttime="20260123 11:35:37.258" endtime="20260123 11:35:37.259"/>
</iter>
<iter>
<var name="${arg}">--disable-gpu</var>
<kw name="Call Method" library="BuiltIn">
<arg>${chrome_options}</arg>
<arg>add_argument</arg>
<arg>${arg}</arg>
<doc>Calls the named method of the given object with the provided arguments.</doc>
<status status="PASS" starttime="20260123 11:35:37.259" endtime="20260123 11:35:37.259"/>
</kw>
<status status="PASS" starttime="20260123 11:35:37.259" endtime="20260123 11:35:37.259"/>
</iter>
<iter>
<var name="${arg}">--disable-software-rasterizer</var>
<kw name="Call Method" library="BuiltIn">
<arg>${chrome_options}</arg>
<arg>add_argument</arg>
<arg>${arg}</arg>
<doc>Calls the named method of the given object with the provided arguments.</doc>
<status status="PASS" starttime="20260123 11:35:37.259" endtime="20260123 11:35:37.260"/>
</kw>
<status status="PASS" starttime="20260123 11:35:37.259" endtime="20260123 11:35:37.260"/>
</iter>
<iter>
<var name="${arg}">--remote-debugging-port=9222</var>
<kw name="Call Method" library="BuiltIn">
<arg>${chrome_options}</arg>
<arg>add_argument</arg>
<arg>${arg}</arg>
<doc>Calls the named method of the given object with the provided arguments.</doc>
<status status="PASS" starttime="20260123 11:35:37.260" endtime="20260123 11:35:37.260"/>
</kw>
<status status="PASS" starttime="20260123 11:35:37.260" endtime="20260123 11:35:37.260"/>
</iter>
<iter>
<var name="${arg}">--disable-extensions</var>
<kw name="Call Method" library="BuiltIn">
<arg>${chrome_options}</arg>
<arg>add_argument</arg>
<arg>${arg}</arg>
<doc>Calls the named method of the given object with the provided arguments.</doc>
<status status="PASS" starttime="20260123 11:35:37.260" endtime="20260123 11:35:37.261"/>
</kw>
<status status="PASS" starttime="20260123 11:35:37.260" endtime="20260123 11:35:37.261"/>
</iter>
<iter>
<var name="${arg}">--disable-setuid-sandbox</var>
<kw name="Call Method" library="BuiltIn">
<arg>${chrome_options}</arg>
<arg>add_argument</arg>
<arg>${arg}</arg>
<doc>Calls the named method of the given object with the provided arguments.</doc>
<status status="PASS" starttime="20260123 11:35:37.261" endtime="20260123 11:35:37.261"/>
</kw>
<status status="PASS" starttime="20260123 11:35:37.261" endtime="20260123 11:35:37.261"/>
</iter>
<status status="PASS" starttime="20260123 11:35:37.257" endtime="20260123 11:35:37.261"/>
</for>
<kw name="Open Browser" library="SeleniumLibrary">
<arg>${BASE_URL}</arg>
<arg>${BROWSER}</arg>
<arg>options=${chrome_options}</arg>
<doc>Opens a new browser instance to the optional ``url``.</doc>
<msg timestamp="20260123 11:35:37.262" level="INFO">Opening browser 'Chrome' to base url 'https://trailquest.global/'.</msg>
<status status="PASS" starttime="20260123 11:35:37.261" endtime="20260123 11:35:44.132"/>
</kw>
<status status="PASS" starttime="20260123 11:35:37.256" endtime="20260123 11:35:44.132"/>
</kw>
<kw name="Sleep" library="BuiltIn">
<arg>2s</arg>
<doc>Pauses the test executed for the given time.</doc>
<msg timestamp="20260123 11:35:46.134" level="INFO">Slept 2 seconds</msg>
<status status="PASS" starttime="20260123 11:35:44.132" endtime="20260123 11:35:46.134"/>
</kw>
<status status="PASS" starttime="20260123 11:35:37.255" endtime="20260123 11:35:46.134"/>
</kw>
<kw name="Test The Push Your Limit" library="treks_tours">
<kw name="Verify Logo Is Visible" library="home_page">
<kw name="Wait Until Element Is Visible" library="SeleniumLibrary">
<arg>${logo}</arg>
<doc>Waits until the element ``locator`` is visible.</doc>
<status status="PASS" starttime="20260123 11:35:46.137" endtime="20260123 11:35:46.168"/>
</kw>
<kw name="Sleep" library="BuiltIn">
<arg>2s</arg>
<doc>Pauses the test executed for the given time.</doc>
<msg timestamp="20260123 11:35:48.169" level="INFO">Slept 2 seconds</msg>
<status status="PASS" starttime="20260123 11:35:46.168" endtime="20260123 11:35:48.169"/>
</kw>
<status status="PASS" starttime="20260123 11:35:46.136" endtime="20260123 11:35:48.169"/>
</kw>
<kw name="Open Trek And Tours Menu" library="home_page">
<kw name="Wait And Click" library="keywords">
<arg>${trek_and_tours}</arg>
<doc>Waits until element is visible &amp; enabled, scrolls into view, clicks, fallback to JS if normal click fails</doc>
<kw name="Wait Until Element Is Visible" library="SeleniumLibrary">
<arg>${locator}</arg>
<arg>${timeout}</arg>
<doc>Waits until the element ``locator`` is visible.</doc>
<status status="PASS" starttime="20260123 11:35:48.170" endtime="20260123 11:35:48.191"/>
</kw>
<kw name="Wait Until Element Is Enabled" library="SeleniumLibrary">
<arg>${locator}</arg>
<arg>${timeout}</arg>
<doc>Waits until the element ``locator`` is enabled.</doc>
<status status="PASS" starttime="20260123 11:35:48.191" endtime="20260123 11:35:48.215"/>
</kw>
<kw name="Scroll Element Into View" library="SeleniumLibrary">
<arg>${locator}</arg>
<doc>Scrolls the element identified by ``locator`` into view.</doc>
<status status="PASS" starttime="20260123 11:35:48.215" endtime="20260123 11:35:48.507"/>
</kw>
<kw name="Run Keyword And Return Status" library="BuiltIn">
<var>${clicked}</var>
<arg>Click Element</arg>
<arg>${locator}</arg>
<doc>Runs the given keyword with given arguments and returns the status as a Boolean value.</doc>
<kw name="Click Element" library="SeleniumLibrary">
<arg>${locator}</arg>
<doc>Click the element identified by ``locator``.</doc>
<msg timestamp="20260123 11:35:48.508" level="INFO">Clicking element 'xpath=/html/body/div[1]/header/div[1]/div/div/div/div/div[2]/div[2]/ul/li[2]/a/i'.</msg>
<status status="PASS" starttime="20260123 11:35:48.507" endtime="20260123 11:35:48.574"/>
</kw>
<msg timestamp="20260123 11:35:48.574" level="INFO">${clicked} = True</msg>
<status status="PASS" starttime="20260123 11:35:48.507" endtime="20260123 11:35:48.574"/>
</kw>
<if>
<branch type="IF" condition="not ${clicked}">
<kw name="Log" library="BuiltIn">
<arg>Using JS click fallback for ${locator}</arg>
<doc>Logs the given message with the given level.</doc>
<status status="NOT RUN" starttime="20260123 11:35:48.574" endtime="20260123 11:35:48.574"/>
</kw>
<kw name="Execute Javascript" library="SeleniumLibrary">
<arg>arguments[0].click();</arg>
<arg>document.evaluate("${locator.replace('xpath=','')}", document, null, XPathResult.FIRST_ORDERED_NODE_TYPE, null).singleNodeValue</arg>
<doc>Executes the given JavaScript code with possible arguments.</doc>
<status status="NOT RUN" starttime="20260123 11:35:48.575" endtime="20260123 11:35:48.575"/>
</kw>
<status status="NOT RUN" starttime="20260123 11:35:48.574" endtime="20260123 11:35:48.575"/>
</branch>
<status status="PASS" starttime="20260123 11:35:48.574" endtime="20260123 11:35:48.575"/>
</if>
<status status="PASS" starttime="20260123 11:35:48.170" endtime="20260123 11:35:48.575"/>
</kw>
<kw name="Sleep" library="BuiltIn">
<arg>2s</arg>
<doc>Pauses the test executed for the given time.</doc>
<msg timestamp="20260123 11:35:50.575" level="INFO">Slept 2 seconds</msg>
<status status="PASS" starttime="20260123 11:35:48.575" endtime="20260123 11:35:50.575"/>
</kw>
<status status="PASS" starttime="20260123 11:35:48.169" endtime="20260123 11:35:50.576"/>
</kw>
<kw name="Click Push Your Limit" library="home_page">
<kw name="Wait And Click" library="keywords">
<arg>${push_your_limit}</arg>
<doc>Waits until element is visible &amp; enabled, scrolls into view, clicks, fallback to JS if normal click fails</doc>
<kw name="Wait Until Element Is Visible" library="SeleniumLibrary">
<arg>${locator}</arg>
<arg>${timeout}</arg>
<doc>Waits until the element ``locator`` is visible.</doc>
<status status="PASS" starttime="20260123 11:35:50.576" endtime="20260123 11:35:50.597"/>
</kw>
<kw name="Wait Until Element Is Enabled" library="SeleniumLibrary">
<arg>${locator}</arg>
<arg>${timeout}</arg>
<doc>Waits until the element ``locator`` is enabled.</doc>
<status status="PASS" starttime="20260123 11:35:50.598" endtime="20260123 11:35:50.617"/>
</kw>
<kw name="Scroll Element Into View" library="SeleniumLibrary">
<arg>${locator}</arg>
<doc>Scrolls the element identified by ``locator`` into view.</doc>
<status status="PASS" starttime="20260123 11:35:50.617" endtime="20260123 11:35:50.906"/>
</kw>
<kw name="Run Keyword And Return Status" library="BuiltIn">
<var>${clicked}</var>
<arg>Click Element</arg>
<arg>${locator}</arg>
<doc>Runs the given keyword with given arguments and returns the status as a Boolean value.</doc>
<kw name="Click Element" library="SeleniumLibrary">
<arg>${locator}</arg>
<doc>Click the element identified by ``locator``.</doc>
<msg timestamp="20260123 11:35:50.907" level="INFO">Clicking element 'xpath=/html/body/div[1]/header/div[1]/div/div/div/div/div[2]/div[2]/ul/li[2]/ul/li[2]/a'.</msg>
<status status="PASS" starttime="20260123 11:35:50.907" endtime="20260123 11:35:53.091"/>
</kw>
<msg timestamp="20260123 11:35:53.091" level="INFO">${clicked} = True</msg>
<status status="PASS" starttime="20260123 11:35:50.907" endtime="20260123 11:35:53.091"/>
</kw>
<if>
<branch type="IF" condition="not ${clicked}">
<kw name="Log" library="BuiltIn">
<arg>Using JS click fallback for ${locator}</arg>
<doc>Logs the given message with the given level.</doc>
<status status="NOT RUN" starttime="20260123 11:35:53.092" endtime="20260123 11:35:53.092"/>
</kw>
<kw name="Execute Javascript" library="SeleniumLibrary">
<arg>arguments[0].click();</arg>
<arg>document.evaluate("${locator.replace('xpath=','')}", document, null, XPathResult.FIRST_ORDERED_NODE_TYPE, null).singleNodeValue</arg>
<doc>Executes the given JavaScript code with possible arguments.</doc>
<status status="NOT RUN" starttime="20260123 11:35:53.092" endtime="20260123 11:35:53.092"/>
</kw>
<status status="NOT RUN" starttime="20260123 11:35:53.091" endtime="20260123 11:35:53.092"/>
</branch>
<status status="PASS" starttime="20260123 11:35:53.091" endtime="20260123 11:35:53.092"/>
</if>
<status status="PASS" starttime="20260123 11:35:50.576" endtime="20260123 11:35:53.092"/>
</kw>
<kw name="Sleep" library="BuiltIn">
<arg>2s</arg>
<doc>Pauses the test executed for the given time.</doc>
<msg timestamp="20260123 11:35:55.094" level="INFO">Slept 2 seconds</msg>
<status status="PASS" starttime="20260123 11:35:53.092" endtime="20260123 11:35:55.094"/>
</kw>
<status status="PASS" starttime="20260123 11:35:50.576" endtime="20260123 11:35:55.094"/>
</kw>
<kw name="Go Down to" library="treks_tours">
<kw name="Scroll Element Into View" library="SeleniumLibrary">
<arg>${header}</arg>
<doc>Scrolls the element identified by ``locator`` into view.</doc>
<status status="PASS" starttime="20260123 11:35:55.094" endtime="20260123 11:35:55.380"/>
</kw>
<kw name="Sleep" library="BuiltIn">
<arg>2s</arg>
<doc>Pauses the test executed for the given time.</doc>
<msg timestamp="20260123 11:35:57.380" level="INFO">Slept 2 seconds</msg>
<status status="PASS" starttime="20260123 11:35:55.380" endtime="20260123 11:35:57.381"/>
</kw>
<status status="PASS" starttime="20260123 11:35:55.094" endtime="20260123 11:35:57.381"/>
</kw>
<kw name="Click Easy" library="treks_tours">
<kw name="Wait And Click" library="keywords">
<arg>${easy}</arg>
<doc>Waits until element is visible &amp; enabled, scrolls into view, clicks, fallback to JS if normal click fails</doc>
<kw name="Wait Until Element Is Visible" library="SeleniumLibrary">
<arg>${locator}</arg>
<arg>${timeout}</arg>
<doc>Waits until the element ``locator`` is visible.</doc>
<status status="PASS" starttime="20260123 11:35:57.381" endtime="20260123 11:35:57.401"/>
</kw>
<kw name="Wait Until Element Is Enabled" library="SeleniumLibrary">
<arg>${locator}</arg>
<arg>${timeout}</arg>
<doc>Waits until the element ``locator`` is enabled.</doc>
<status status="PASS" starttime="20260123 11:35:57.401" endtime="20260123 11:35:57.419"/>
</kw>
<kw name="Scroll Element Into View" library="SeleniumLibrary">
<arg>${locator}</arg>
<doc>Scrolls the element identified by ``locator`` into view.</doc>
<status status="PASS" starttime="20260123 11:35:57.419" endtime="20260123 11:35:57.692"/>
</kw>
<kw name="Run Keyword And Return Status" library="BuiltIn">
<var>${clicked}</var>
<arg>Click Element</arg>
<arg>${locator}</arg>
<doc>Runs the given keyword with given arguments and returns the status as a Boolean value.</doc>
<kw name="Click Element" library="SeleniumLibrary">
<arg>${locator}</arg>
<doc>Click the element identified by ``locator``.</doc>
<msg timestamp="20260123 11:35:57.693" level="INFO">Clicking element 'xpath=/html/body/div[3]/section/div/div/ul/li[1]/h3'.</msg>
<status status="PASS" starttime="20260123 11:35:57.693" endtime="20260123 11:35:57.759"/>
</kw>
<msg timestamp="20260123 11:35:57.759" level="INFO">${clicked} = True</msg>
<status status="PASS" starttime="20260123 11:35:57.692" endtime="20260123 11:35:57.759"/>
</kw>
<if>
<branch type="IF" condition="not ${clicked}">
<kw name="Log" library="BuiltIn">
<arg>Using JS click fallback for ${locator}</arg>
<doc>Logs the given message with the given level.</doc>
<status status="NOT RUN" starttime="20260123 11:35:57.759" endtime="20260123 11:35:57.759"/>
</kw>
<kw name="Execute Javascript" library="SeleniumLibrary">
<arg>arguments[0].click();</arg>
<arg>document.evaluate("${locator.replace('xpath=','')}", document, null, XPathResult.FIRST_ORDERED_NODE_TYPE, null).singleNodeValue</arg>
<doc>Executes the given JavaScript code with possible arguments.</doc>
<status status="NOT RUN" starttime="20260123 11:35:57.759" endtime="20260123 11:35:57.760"/>
</kw>
<status status="NOT RUN" starttime="20260123 11:35:57.759" endtime="20260123 11:35:57.760"/>
</branch>
<status status="PASS" starttime="20260123 11:35:57.759" endtime="20260123 11:35:57.760"/>
</if>
<status status="PASS" starttime="20260123 11:35:57.381" endtime="20260123 11:35:57.760"/>
</kw>
<status status="PASS" starttime="20260123 11:35:57.381" endtime="20260123 11:35:57.760"/>
</kw>
<kw name="Click Everest Picture" library="treks_tours">
<kw name="Wait And Click" library="keywords">
<arg>${everest_picture}</arg>
<doc>Waits until element is visible &amp; enabled, scrolls into view, clicks, fallback to JS if normal click fails</doc>
<kw name="Wait Until Element Is Visible" library="SeleniumLibrary">
<arg>${locator}</arg>
<arg>${timeout}</arg>
<doc>Waits until the element ``locator`` is visible.</doc>
<status status="PASS" starttime="20260123 11:35:57.761" endtime="20260123 11:35:57.780"/>
</kw>
<kw name="Wait Until Element Is Enabled" library="SeleniumLibrary">
<arg>${locator}</arg>
<arg>${timeout}</arg>
<doc>Waits until the element ``locator`` is enabled.</doc>
<status status="PASS" starttime="20260123 11:35:57.780" endtime="20260123 11:35:57.799"/>
</kw>
<kw name="Scroll Element Into View" library="SeleniumLibrary">
<arg>${locator}</arg>
<doc>Scrolls the element identified by ``locator`` into view.</doc>
<status status="PASS" starttime="20260123 11:35:57.799" endtime="20260123 11:35:58.086"/>
</kw>
<kw name="Run Keyword And Return Status" library="BuiltIn">
<var>${clicked}</var>
<arg>Click Element</arg>
<arg>${locator}</arg>
<doc>Runs the given keyword with given arguments and returns the status as a Boolean value.</doc>
<kw name="Click Element" library="SeleniumLibrary">
<arg>${locator}</arg>
<doc>Click the element identified by ``locator``.</doc>
<msg timestamp="20260123 11:35:58.089" level="INFO">Clicking element 'xpath=/html/body/div[3]/section/div/div/div[3]/section/div/div/div/div[2]/div[1]'.</msg>
<status status="PASS" starttime="20260123 11:35:58.087" endtime="20260123 11:35:59.789"/>
</kw>
<msg timestamp="20260123 11:35:59.789" level="INFO">${clicked} = True</msg>
<status status="PASS" starttime="20260123 11:35:58.087" endtime="20260123 11:35:59.789"/>
</kw>
<if>
<branch type="IF" condition="not ${clicked}">
<kw name="Log" library="BuiltIn">
<arg>Using JS click fallback for ${locator}</arg>
<doc>Logs the given message with the given level.</doc>
<status status="NOT RUN" starttime="20260123 11:35:59.789" endtime="20260123 11:35:59.789"/>
</kw>
<kw name="Execute Javascript" library="SeleniumLibrary">
<arg>arguments[0].click();</arg>
<arg>document.evaluate("${locator.replace('xpath=','')}", document, null, XPathResult.FIRST_ORDERED_NODE_TYPE, null).singleNodeValue</arg>
<doc>Executes the given JavaScript code with possible arguments.</doc>
<status status="NOT RUN" starttime="20260123 11:35:59.789" endtime="20260123 11:35:59.790"/>
</kw>
<status status="NOT RUN" starttime="20260123 11:35:59.789" endtime="20260123 11:35:59.790"/>
</branch>
<status status="PASS" starttime="20260123 11:35:59.789" endtime="20260123 11:35:59.790"/>
</if>
<status status="PASS" starttime="20260123 11:35:57.760" endtime="20260123 11:35:59.790"/>
</kw>
<kw name="Wait Until Element Is Visible" library="SeleniumLibrary">
<arg>${everest_header}</arg>
<doc>Waits until the element ``locator`` is visible.</doc>
<status status="PASS" starttime="20260123 11:35:59.790" endtime="20260123 11:35:59.823"/>
</kw>
<status status="PASS" starttime="20260123 11:35:57.760" endtime="20260123 11:35:59.823"/>
</kw>
<kw name="Click All Everest Sticky Navbar Links" library="treks_tours">
<kw name="Scroll Element Into View" library="SeleniumLibrary">
<arg>${nav_bar}</arg>
<doc>Scrolls the element identified by ``locator`` into view.</doc>
<status status="PASS" starttime="20260123 11:35:59.824" endtime="20260123 11:36:00.127"/>
</kw>
<kw name="Get WebElement" library="SeleniumLibrary">
<var>${section}</var>
<arg>xpath=//*[@data-section='nav-intro']</arg>
<doc>Returns the first WebElement matching the given ``locator``.</doc>
<msg timestamp="20260123 11:36:00.141" level="INFO">${section} = &lt;selenium.webdriver.remote.webelement.WebElement (session="51e8c5cf2292a855941448f1ac8f1aa2", element="f.D85568AC82DBCD608A21889CA87D8618.d.57527C54846948FFFFF0031C8E0FF56B.e.75")&gt;</msg>
<status status="PASS" starttime="20260123 11:36:00.127" endtime="20260123 11:36:00.141"/>
</kw>
<kw name="Get WebElements" library="SeleniumLibrary">
<var>${nav_links}</var>
<arg>xpath=//nav[contains(@class,'sticky-navbar')][1]//ul/li/a[contains(@class,'nav-link')]</arg>
<doc>Returns a list of WebElement objects matching the ``locator``.</doc>
<msg timestamp="20260123 11:36:00.155" level="INFO">${nav_links} = [&lt;selenium.webdriver.remote.webelement.WebElement (session="51e8c5cf2292a855941448f1ac8f1aa2", element="f.D85568AC82DBCD608A21889CA87D8618.d.57527C54846948FFFFF0031C8E0FF56B.e.75")&gt;, &lt;selenium.webdriv...</msg>
<status status="PASS" starttime="20260123 11:36:00.141" endtime="20260123 11:36:00.155"/>
</kw>
<for flavor="IN">
<var>${link}</var>
<value>@{nav_links}</value>
<iter>
<var name="${link}">&lt;selenium.webdriver.remote.webelement.WebElement (session="51e8c5cf2292a855941448f1ac8f1aa2", element="f.D85568AC82DBCD608A21889CA87D8618.d.57527C54846948FFFFF0031C8E0FF56B.e.75")&gt;</var>
<kw name="Get Text" library="SeleniumLibrary">
<var>${link_text}</var>
<arg>${link}</arg>
<doc>Returns the text value of the element identified by ``locator``.</doc>
<msg timestamp="20260123 11:36:00.170" level="INFO">${link_text} = Intro</msg>
<status status="PASS" starttime="20260123 11:36:00.155" endtime="20260123 11:36:00.170"/>
</kw>
<kw name="Log" library="BuiltIn">
<arg>Clicking navbar link: ${link_text}</arg>
<doc>Logs the given message with the given level.</doc>
<msg timestamp="20260123 11:36:00.170" level="INFO">Clicking navbar link: Intro</msg>
<status status="PASS" starttime="20260123 11:36:00.170" endtime="20260123 11:36:00.170"/>
</kw>
<kw name="Scroll Element Into View" library="SeleniumLibrary">
<arg>${link}</arg>
<doc>Scrolls the element identified by ``locator`` into view.</doc>
<status status="PASS" starttime="20260123 11:36:00.171" endtime="20260123 11:36:00.452"/>
</kw>
<kw name="Sleep" library="BuiltIn">
<arg>0.5s</arg>
<doc>Pauses the test executed for the given time.</doc>
<msg timestamp="20260123 11:36:00.954" level="INFO">Slept 500 milliseconds</msg>
<status status="PASS" starttime="20260123 11:36:00.453" endtime="20260123 11:36:00.954"/>
</kw>
<kw name="Click Element" library="SeleniumLibrary">
<arg>${link}</arg>
<doc>Click the element identified by ``locator``.</doc>
<msg timestamp="20260123 11:36:00.954" level="INFO">Clicking element '&lt;selenium.webdriver.remote.webelement.WebElement (session="51e8c5cf2292a855941448f1ac8f1aa2", element="f.D85568AC82DBCD608A21889CA87D8618.d.57527C54846948FFFFF0031C8E0FF56B.e.75")&gt;'.</msg>
<status status="PASS" starttime="20260123 11:36:00.954" endtime="20260123 11:36:01.022"/>
</kw>
<kw name="Sleep" library="BuiltIn">
<arg>1s</arg>
<doc>Pauses the test executed for the given time.</doc>
<msg timestamp="20260123 11:36:02.023" level="INFO">Slept 1 second</msg>
<status status="PASS" starttime="20260123 11:36:01.022" endtime="20260123 11:36:02.023"/>
</kw>
<kw name="Capture Page Screenshot" library="SeleniumLibrary">
<doc>Takes a screenshot of the current page and embeds it into a log file.</doc>
<msg timestamp="20260123 11:36:02.206" level="INFO" html="true">&lt;/td&gt;&lt;/tr&gt;&lt;tr&gt;&lt;td colspan="3"&gt;&lt;a href="selenium-screenshot-1541.png"&gt;&lt;img src="selenium-screenshot-1541.png" width="800px"&gt;&lt;/a&gt;</msg>
<status status="PASS" starttime="20260123 11:36:02.023" endtime="20260123 11:36:02.206"/>
</kw>
<status status="PASS" starttime="20260123 11:36:00.155" endtime="20260123 11:36:02.206"/>
</iter>
<iter>
<var name="${link}">&lt;selenium.webdriver.remote.webelement.WebElement (session="51e8c5cf2292a855941448f1ac8f1aa2", element="f.D85568AC82DBCD608A21889CA87D8618.d.57527C54846948FFFFF0031C8E0FF56B.e.76")&gt;</var>
<kw name="Get Text" library="SeleniumLibrary">
<var>${link_text}</var>
<arg>${link}</arg>
<doc>Returns the text value of the element identified by ``locator``.</doc>
<msg timestamp="20260123 11:36:02.215" level="INFO">${link_text} = KBYG</msg>
<status status="PASS" starttime="20260123 11:36:02.206" endtime="20260123 11:36:02.215"/>
</kw>
<kw name="Log" library="BuiltIn">
<arg>Clicking navbar link: ${link_text}</arg>
<doc>Logs the given message with the given level.</doc>
<msg timestamp="20260123 11:36:02.215" level="INFO">Clicking navbar link: KBYG</msg>
<status status="PASS" starttime="20260123 11:36:02.215" endtime="20260123 11:36:02.215"/>
</kw>
<kw name="Scroll Element Into View" library="SeleniumLibrary">
<arg>${link}</arg>
<doc>Scrolls the element identified by ``locator`` into view.</doc>
<status status="PASS" starttime="20260123 11:36:02.215" endtime="20260123 11:36:02.497"/>
</kw>
<kw name="Sleep" library="BuiltIn">
<arg>0.5s</arg>
<doc>Pauses the test executed for the given time.</doc>
<msg timestamp="20260123 11:36:02.997" level="INFO">Slept 500 milliseconds</msg>
<status status="PASS" starttime="20260123 11:36:02.497" endtime="20260123 11:36:02.997"/>
</kw>
<kw name="Click Element" library="SeleniumLibrary">
<arg>${link}</arg>
<doc>Click the element identified by ``locator``.</doc>
<msg timestamp="20260123 11:36:02.998" level="INFO">Clicking element '&lt;selenium.webdriver.remote.webelement.WebElement (session="51e8c5cf2292a855941448f1ac8f1aa2", element="f.D85568AC82DBCD608A21889CA87D8618.d.57527C54846948FFFFF0031C8E0FF56B.e.76")&gt;'.</msg>
<status status="PASS" starttime="20260123 11:36:02.997" endtime="20260123 11:36:03.044"/>
</kw>
<kw name="Sleep" library="BuiltIn">
<arg>1s</arg>
<doc>Pauses the test executed for the given time.</doc>
<msg timestamp="20260123 11:36:04.044" level="INFO">Slept 1 second</msg>
<status status="PASS" starttime="20260123 11:36:03.044" endtime="20260123 11:36:04.044"/>
</kw>
<kw name="Capture Page Screenshot" library="SeleniumLibrary">
<doc>Takes a screenshot of the current page and embeds it into a log file.</doc>
<msg timestamp="20260123 11:36:04.217" level="INFO" html="true">&lt;/td&gt;&lt;/tr&gt;&lt;tr&gt;&lt;td colspan="3"&gt;&lt;a href="selenium-screenshot-1542.png"&gt;&lt;img src="selenium-screenshot-1542.png" width="800px"&gt;&lt;/a&gt;</msg>
<status status="PASS" starttime="20260123 11:36:04.044" endtime="20260123 11:36:04.217"/>
</kw>
<status status="PASS" starttime="20260123 11:36:02.206" endtime="20260123 11:36:04.217"/>
</iter>
<iter>
<var name="${link}">&lt;selenium.webdriver.remote.webelement.WebElement (session="51e8c5cf2292a855941448f1ac8f1aa2", element="f.D85568AC82DBCD608A21889CA87D8618.d.57527C54846948FFFFF0031C8E0FF56B.e.77")&gt;</var>
<kw name="Get Text" library="SeleniumLibrary">
<var>${link_text}</var>
<arg>${link}</arg>
<doc>Returns the text value of the element identified by ``locator``.</doc>
<msg timestamp="20260123 11:36:04.226" level="INFO">${link_text} = Hightlights</msg>
<status status="PASS" starttime="20260123 11:36:04.217" endtime="20260123 11:36:04.226"/>
</kw>
<kw name="Log" library="BuiltIn">
<arg>Clicking navbar link: ${link_text}</arg>
<doc>Logs the given message with the given level.</doc>
<msg timestamp="20260123 11:36:04.226" level="INFO">Clicking navbar link: Hightlights</msg>
<status status="PASS" starttime="20260123 11:36:04.226" endtime="20260123 11:36:04.226"/>
</kw>
<kw name="Scroll Element Into View" library="SeleniumLibrary">
<arg>${link}</arg>
<doc>Scrolls the element identified by ``locator`` into view.</doc>
<status status="PASS" starttime="20260123 11:36:04.226" endtime="20260123 11:36:04.507"/>
</kw>
<kw name="Sleep" library="BuiltIn">
<arg>0.5s</arg>
<doc>Pauses the test executed for the given time.</doc>
<msg timestamp="20260123 11:36:05.008" level="INFO">Slept 500 milliseconds</msg>
<status status="PASS" starttime="20260123 11:36:04.507" endtime="20260123 11:36:05.008"/>
</kw>
<kw name="Click Element" library="SeleniumLibrary">
<arg>${link}</arg>
<doc>Click the element identified by ``locator``.</doc>
<msg timestamp="20260123 11:36:05.009" level="INFO">Clicking element '&lt;selenium.webdriver.remote.webelement.WebElement (session="51e8c5cf2292a855941448f1ac8f1aa2", element="f.D85568AC82DBCD608A21889CA87D8618.d.57527C54846948FFFFF0031C8E0FF56B.e.77")&gt;'.</msg>
<status status="PASS" starttime="20260123 11:36:05.008" endtime="20260123 11:36:05.055"/>
</kw>
<kw name="Sleep" library="BuiltIn">
<arg>1s</arg>
<doc>Pauses the test executed for the given time.</doc>
<msg timestamp="20260123 11:36:06.055" level="INFO">Slept 1 second</msg>
<status status="PASS" starttime="20260123 11:36:05.055" endtime="20260123 11:36:06.056"/>
</kw>
<kw name="Capture Page Screenshot" library="SeleniumLibrary">
<doc>Takes a screenshot of the current page and embeds it into a log file.</doc>
<msg timestamp="20260123 11:36:06.236" level="INFO" html="true">&lt;/td&gt;&lt;/tr&gt;&lt;tr&gt;&lt;td colspan="3"&gt;&lt;a href="selenium-screenshot-1543.png"&gt;&lt;img src="selenium-screenshot-1543.png" width="800px"&gt;&lt;/a&gt;</msg>
<status status="PASS" starttime="20260123 11:36:06.056" endtime="20260123 11:36:06.236"/>
</kw>
<status status="PASS" starttime="20260123 11:36:04.217" endtime="20260123 11:36:06.236"/>
</iter>
<iter>
<var name="${link}">&lt;selenium.webdriver.remote.webelement.WebElement (session="51e8c5cf2292a855941448f1ac8f1aa2", element="f.D85568AC82DBCD608A21889CA87D8618.d.57527C54846948FFFFF0031C8E0FF56B.e.78")&gt;</var>
<kw name="Get Text" library="SeleniumLibrary">
<var>${link_text}</var>
<arg>${link}</arg>
<doc>Returns the text value of the element identified by ``locator``.</doc>
<msg timestamp="20260123 11:36:06.246" level="INFO">${link_text} = Who For</msg>
<status status="PASS" starttime="20260123 11:36:06.237" endtime="20260123 11:36:06.246"/>
</kw>
<kw name="Log" library="BuiltIn">
<arg>Clicking navbar link: ${link_text}</arg>
<doc>Logs the given message with the given level.</doc>
<msg timestamp="20260123 11:36:06.246" level="INFO">Clicking navbar link: Who For</msg>
<status status="PASS" starttime="20260123 11:36:06.246" endtime="20260123 11:36:06.246"/>
</kw>
<kw name="Scroll Element Into View" library="SeleniumLibrary">
<arg>${link}</arg>
<doc>Scrolls the element identified by ``locator`` into view.</doc>
<status status="PASS" starttime="20260123 11:36:06.246" endtime="20260123 11:36:06.530"/>
</kw>
<kw name="Sleep" library="BuiltIn">
<arg>0.5s</arg>
<doc>Pauses the test executed for the given time.</doc>
<msg timestamp="20260123 11:36:07.031" level="INFO">Slept 500 milliseconds</msg>
<status status="PASS" starttime="20260123 11:36:06.530" endtime="20260123 11:36:07.031"/>
</kw>
<kw name="Click Element" library="SeleniumLibrary">
<arg>${link}</arg>
<doc>Click the element identified by ``locator``.</doc>
<msg timestamp="20260123 11:36:07.032" level="INFO">Clicking element '&lt;selenium.webdriver.remote.webelement.WebElement (session="51e8c5cf2292a855941448f1ac8f1aa2", element="f.D85568AC82DBCD608A21889CA87D8618.d.57527C54846948FFFFF0031C8E0FF56B.e.78")&gt;'.</msg>
<status status="PASS" starttime="20260123 11:36:07.031" endtime="20260123 11:36:07.079"/>
</kw>
<kw name="Sleep" library="BuiltIn">
<arg>1s</arg>
<doc>Pauses the test executed for the given time.</doc>
<msg timestamp="20260123 11:36:08.080" level="INFO">Slept 1 second</msg>
<status status="PASS" starttime="20260123 11:36:07.079" endtime="20260123 11:36:08.081"/>
</kw>
<kw name="Capture Page Screenshot" library="SeleniumLibrary">
<doc>Takes a screenshot of the current page and embeds it into a log file.</doc>
<msg timestamp="20260123 11:36:08.267" level="INFO" html="true">&lt;/td&gt;&lt;/tr&gt;&lt;tr&gt;&lt;td colspan="3"&gt;&lt;a href="selenium-screenshot-1544.png"&gt;&lt;img src="selenium-screenshot-1544.png" width="800px"&gt;&lt;/a&gt;</msg>
<status status="PASS" starttime="20260123 11:36:08.081" endtime="20260123 11:36:08.267"/>
</kw>
<status status="PASS" starttime="20260123 11:36:06.236" endtime="20260123 11:36:08.267"/>
</iter>
<iter>
<var name="${link}">&lt;selenium.webdriver.remote.webelement.WebElement (session="51e8c5cf2292a855941448f1ac8f1aa2", element="f.D85568AC82DBCD608A21889CA87D8618.d.57527C54846948FFFFF0031C8E0FF56B.e.79")&gt;</var>
<kw name="Get Text" library="SeleniumLibrary">
<var>${link_text}</var>
<arg>${link}</arg>
<doc>Returns the text value of the element identified by ``locator``.</doc>
<msg timestamp="20260123 11:36:08.276" level="INFO">${link_text} = Who Not For</msg>
<status status="PASS" starttime="20260123 11:36:08.268" endtime="20260123 11:36:08.276"/>
</kw>
<kw name="Log" library="BuiltIn">
<arg>Clicking navbar link: ${link_text}</arg>
<doc>Logs the given message with the given level.</doc>
<msg timestamp="20260123 11:36:08.276" level="INFO">Clicking navbar link: Who Not For</msg>
<status status="PASS" starttime="20260123 11:36:08.276" endtime="20260123 11:36:08.276"/>
</kw>
<kw name="Scroll Element Into View" library="SeleniumLibrary">
<arg>${link}</arg>
<doc>Scrolls the element identified by ``locator`` into view.</doc>
<status status="PASS" starttime="20260123 11:36:08.277" endtime="20260123 11:36:08.559"/>
</kw>
<kw name="Sleep" library="BuiltIn">
<arg>0.5s</arg>
<doc>Pauses the test executed for the given time.</doc>
<msg timestamp="20260123 11:36:09.060" level="INFO">Slept 500 milliseconds</msg>
<status status="PASS" starttime="20260123 11:36:08.559" endtime="20260123 11:36:09.061"/>
</kw>
<kw name="Click Element" library="SeleniumLibrary">
<arg>${link}</arg>
<doc>Click the element identified by ``locator``.</doc>
<msg timestamp="20260123 11:36:09.061" level="INFO">Clicking element '&lt;selenium.webdriver.remote.webelement.WebElement (session="51e8c5cf2292a855941448f1ac8f1aa2", element="f.D85568AC82DBCD608A21889CA87D8618.d.57527C54846948FFFFF0031C8E0FF56B.e.79")&gt;'.</msg>
<status status="PASS" starttime="20260123 11:36:09.061" endtime="20260123 11:36:09.107"/>
</kw>
<kw name="Sleep" library="BuiltIn">
<arg>1s</arg>
<doc>Pauses the test executed for the given time.</doc>
<msg timestamp="20260123 11:36:10.108" level="INFO">Slept 1 second</msg>
<status status="PASS" starttime="20260123 11:36:09.107" endtime="20260123 11:36:10.108"/>
</kw>
<kw name="Capture Page Screenshot" library="SeleniumLibrary">
<doc>Takes a screenshot of the current page and embeds it into a log file.</doc>
<msg timestamp="20260123 11:36:10.297" level="INFO" html="true">&lt;/td&gt;&lt;/tr&gt;&lt;tr&gt;&lt;td colspan="3"&gt;&lt;a href="selenium-screenshot-1545.png"&gt;&lt;img src="selenium-screenshot-1545.png" width="800px"&gt;&lt;/a&gt;</msg>
<status status="PASS" starttime="20260123 11:36:10.108" endtime="20260123 11:36:10.297"/>
</kw>
<status status="PASS" starttime="20260123 11:36:08.267" endtime="20260123 11:36:10.297"/>
</iter>
<iter>
<var name="${link}">&lt;selenium.webdriver.remote.webelement.WebElement (session="51e8c5cf2292a855941448f1ac8f1aa2", element="f.D85568AC82DBCD608A21889CA87D8618.d.57527C54846948FFFFF0031C8E0FF56B.e.80")&gt;</var>
<kw name="Get Text" library="SeleniumLibrary">
<var>${link_text}</var>
<arg>${link}</arg>
<doc>Returns the text value of the element identified by ``locator``.</doc>
<msg timestamp="20260123 11:36:10.306" level="INFO">${link_text} = Itinerary</msg>
<status status="PASS" starttime="20260123 11:36:10.297" endtime="20260123 11:36:10.306"/>
</kw>
<kw name="Log" library="BuiltIn">
<arg>Clicking navbar link: ${link_text}</arg>
<doc>Logs the given message with the given level.</doc>
<msg timestamp="20260123 11:36:10.307" level="INFO">Clicking navbar link: Itinerary</msg>
<status status="PASS" starttime="20260123 11:36:10.307" endtime="20260123 11:36:10.307"/>
</kw>
<kw name="Scroll Element Into View" library="SeleniumLibrary">
<arg>${link}</arg>
<doc>Scrolls the element identified by ``locator`` into view.</doc>
<status status="PASS" starttime="20260123 11:36:10.307" endtime="20260123 11:36:10.569"/>
</kw>
<kw name="Sleep" library="BuiltIn">
<arg>0.5s</arg>
<doc>Pauses the test executed for the given time.</doc>
<msg timestamp="20260123 11:36:11.069" level="INFO">Slept 500 milliseconds</msg>
<status status="PASS" starttime="20260123 11:36:10.569" endtime="20260123 11:36:11.069"/>
</kw>
<kw name="Click Element" library="SeleniumLibrary">
<arg>${link}</arg>
<doc>Click the element identified by ``locator``.</doc>
<msg timestamp="20260123 11:36:11.070" level="INFO">Clicking element '&lt;selenium.webdriver.remote.webelement.WebElement (session="51e8c5cf2292a855941448f1ac8f1aa2", element="f.D85568AC82DBCD608A21889CA87D8618.d.57527C54846948FFFFF0031C8E0FF56B.e.80")&gt;'.</msg>
<status status="PASS" starttime="20260123 11:36:11.069" endtime="20260123 11:36:11.117"/>
</kw>
<kw name="Sleep" library="BuiltIn">
<arg>1s</arg>
<doc>Pauses the test executed for the given time.</doc>
<msg timestamp="20260123 11:36:12.117" level="INFO">Slept 1 second</msg>
<status status="PASS" starttime="20260123 11:36:11.117" endtime="20260123 11:36:12.117"/>
</kw>
<kw name="Capture Page Screenshot" library="SeleniumLibrary">
<doc>Takes a screenshot of the current page and embeds it into a log file.</doc>
<msg timestamp="20260123 11:36:12.432" level="INFO" html="true">&lt;/td&gt;&lt;/tr&gt;&lt;tr&gt;&lt;td colspan="3"&gt;&lt;a href="selenium-screenshot-1546.png"&gt;&lt;img src="selenium-screenshot-1546.png" width="800px"&gt;&lt;/a&gt;</msg>
<status status="PASS" starttime="20260123 11:36:12.117" endtime="20260123 11:36:12.432"/>
</kw>
<status status="PASS" starttime="20260123 11:36:10.297" endtime="20260123 11:36:12.432"/>
</iter>
<iter>
<var name="${link}">&lt;selenium.webdriver.remote.webelement.WebElement (session="51e8c5cf2292a855941448f1ac8f1aa2", element="f.D85568AC82DBCD608A21889CA87D8618.d.57527C54846948FFFFF0031C8E0FF56B.e.81")&gt;</var>
<kw name="Get Text" library="SeleniumLibrary">
<var>${link_text}</var>
<arg>${link}</arg>
<doc>Returns the text value of the element identified by ``locator``.</doc>
<msg timestamp="20260123 11:36:12.441" level="INFO">${link_text} = Includes/Excludes</msg>
<status status="PASS" starttime="20260123 11:36:12.432" endtime="20260123 11:36:12.441"/>
</kw>
<kw name="Log" library="BuiltIn">
<arg>Clicking navbar link: ${link_text}</arg>
<doc>Logs the given message with the given level.</doc>
<msg timestamp="20260123 11:36:12.442" level="INFO">Clicking navbar link: Includes/Excludes</msg>
<status status="PASS" starttime="20260123 11:36:12.442" endtime="20260123 11:36:12.442"/>
</kw>
<kw name="Scroll Element Into View" library="SeleniumLibrary">
<arg>${link}</arg>
<doc>Scrolls the element identified by ``locator`` into view.</doc>
<status status="PASS" starttime="20260123 11:36:12.442" endtime="20260123 11:36:12.723"/>
</kw>
<kw name="Sleep" library="BuiltIn">
<arg>0.5s</arg>
<doc>Pauses the test executed for the given time.</doc>
<msg timestamp="20260123 11:36:13.223" level="INFO">Slept 500 milliseconds</msg>
<status status="PASS" starttime="20260123 11:36:12.723" endtime="20260123 11:36:13.223"/>
</kw>
<kw name="Click Element" library="SeleniumLibrary">
<arg>${link}</arg>
<doc>Click the element identified by ``locator``.</doc>
<msg timestamp="20260123 11:36:13.224" level="INFO">Clicking element '&lt;selenium.webdriver.remote.webelement.WebElement (session="51e8c5cf2292a855941448f1ac8f1aa2", element="f.D85568AC82DBCD608A21889CA87D8618.d.57527C54846948FFFFF0031C8E0FF56B.e.81")&gt;'.</msg>
<status status="PASS" starttime="20260123 11:36:13.224" endtime="20260123 11:36:13.272"/>
</kw>
<kw name="Sleep" library="BuiltIn">
<arg>1s</arg>
<doc>Pauses the test executed for the given time.</doc>
<msg timestamp="20260123 11:36:14.273" level="INFO">Slept 1 second</msg>
<status status="PASS" starttime="20260123 11:36:13.273" endtime="20260123 11:36:14.273"/>
</kw>
<kw name="Capture Page Screenshot" library="SeleniumLibrary">
<doc>Takes a screenshot of the current page and embeds it into a log file.</doc>
<msg timestamp="20260123 11:36:14.450" level="INFO" html="true">&lt;/td&gt;&lt;/tr&gt;&lt;tr&gt;&lt;td colspan="3"&gt;&lt;a href="selenium-screenshot-1547.png"&gt;&lt;img src="selenium-screenshot-1547.png" width="800px"&gt;&lt;/a&gt;</msg>
<status status="PASS" starttime="20260123 11:36:14.273" endtime="20260123 11:36:14.450"/>
</kw>
<status status="PASS" starttime="20260123 11:36:12.432" endtime="20260123 11:36:14.450"/>
</iter>
<iter>
<var name="${link}">&lt;selenium.webdriver.remote.webelement.WebElement (session="51e8c5cf2292a855941448f1ac8f1aa2", element="f.D85568AC82DBCD608A21889CA87D8618.d.57527C54846948FFFFF0031C8E0FF56B.e.82")&gt;</var>
<kw name="Get Text" library="SeleniumLibrary">
<var>${link_text}</var>
<arg>${link}</arg>
<doc>Returns the text value of the element identified by ``locator``.</doc>
<msg timestamp="20260123 11:36:14.460" level="INFO">${link_text} = Imp Info</msg>
<status status="PASS" starttime="20260123 11:36:14.451" endtime="20260123 11:36:14.460"/>
</kw>
<kw name="Log" library="BuiltIn">
<arg>Clicking navbar link: ${link_text}</arg>
<doc>Logs the given message with the given level.</doc>
<msg timestamp="20260123 11:36:14.460" level="INFO">Clicking navbar link: Imp Info</msg>
<status status="PASS" starttime="20260123 11:36:14.460" endtime="20260123 11:36:14.460"/>
</kw>
<kw name="Scroll Element Into View" library="SeleniumLibrary">
<arg>${link}</arg>
<doc>Scrolls the element identified by ``locator`` into view.</doc>
<status status="PASS" starttime="20260123 11:36:14.460" endtime="20260123 11:36:14.738"/>
</kw>
<kw name="Sleep" library="BuiltIn">
<arg>0.5s</arg>
<doc>Pauses the test executed for the given time.</doc>
<msg timestamp="20260123 11:36:15.239" level="INFO">Slept 500 milliseconds</msg>
<status status="PASS" starttime="20260123 11:36:14.738" endtime="20260123 11:36:15.239"/>
</kw>
<kw name="Click Element" library="SeleniumLibrary">
<arg>${link}</arg>
<doc>Click the element identified by ``locator``.</doc>
<msg timestamp="20260123 11:36:15.240" level="INFO">Clicking element '&lt;selenium.webdriver.remote.webelement.WebElement (session="51e8c5cf2292a855941448f1ac8f1aa2", element="f.D85568AC82DBCD608A21889CA87D8618.d.57527C54846948FFFFF0031C8E0FF56B.e.82")&gt;'.</msg>
<status status="PASS" starttime="20260123 11:36:15.239" endtime="20260123 11:36:15.281"/>
</kw>
<kw name="Sleep" library="BuiltIn">
<arg>1s</arg>
<doc>Pauses the test executed for the given time.</doc>
<msg timestamp="20260123 11:36:16.282" level="INFO">Slept 1 second</msg>
<status status="PASS" starttime="20260123 11:36:15.281" endtime="20260123 11:36:16.282"/>
</kw>
<kw name="Capture Page Screenshot" library="SeleniumLibrary">
<doc>Takes a screenshot of the current page and embeds it into a log file.</doc>
<msg timestamp="20260123 11:36:16.460" level="INFO" html="true">&lt;/td&gt;&lt;/tr&gt;&lt;tr&gt;&lt;td colspan="3"&gt;&lt;a href="selenium-screenshot-1548.png"&gt;&lt;img src="selenium-screenshot-1548.png" width="800px"&gt;&lt;/a&gt;</msg>
<status status="PASS" starttime="20260123 11:36:16.282" endtime="20260123 11:36:16.460"/>
</kw>
<status status="PASS" starttime="20260123 11:36:14.450" endtime="20260123 11:36:16.460"/>
</iter>
<iter>
<var name="${link}">&lt;selenium.webdriver.remote.webelement.WebElement (session="51e8c5cf2292a855941448f1ac8f1aa2", element="f.D85568AC82DBCD608A21889CA87D8618.d.57527C54846948FFFFF0031C8E0FF56B.e.83")&gt;</var>
<kw name="Get Text" library="SeleniumLibrary">
<var>${link_text}</var>
<arg>${link}</arg>
<doc>Returns the text value of the element identified by ``locator``.</doc>
<msg timestamp="20260123 11:36:16.469" level="INFO">${link_text} = FAQS</msg>
<status status="PASS" starttime="20260123 11:36:16.460" endtime="20260123 11:36:16.469"/>
</kw>
<kw name="Log" library="BuiltIn">
<arg>Clicking navbar link: ${link_text}</arg>
<doc>Logs the given message with the given level.</doc>
<msg timestamp="20260123 11:36:16.470" level="INFO">Clicking navbar link: FAQS</msg>
<status status="PASS" starttime="20260123 11:36:16.469" endtime="20260123 11:36:16.470"/>
</kw>
<kw name="Scroll Element Into View" library="SeleniumLibrary">
<arg>${link}</arg>
<doc>Scrolls the element identified by ``locator`` into view.</doc>
<status status="PASS" starttime="20260123 11:36:16.470" endtime="20260123 11:36:16.743"/>
</kw>
<kw name="Sleep" library="BuiltIn">
<arg>0.5s</arg>
<doc>Pauses the test executed for the given time.</doc>
<msg timestamp="20260123 11:36:17.244" level="INFO">Slept 500 milliseconds</msg>
<status status="PASS" starttime="20260123 11:36:16.743" endtime="20260123 11:36:17.245"/>
</kw>
<kw name="Click Element" library="SeleniumLibrary">
<arg>${link}</arg>
<doc>Click the element identified by ``locator``.</doc>
<msg timestamp="20260123 11:36:17.245" level="INFO">Clicking element '&lt;selenium.webdriver.remote.webelement.WebElement (session="51e8c5cf2292a855941448f1ac8f1aa2", element="f.D85568AC82DBCD608A21889CA87D8618.d.57527C54846948FFFFF0031C8E0FF56B.e.83")&gt;'.</msg>
<status status="PASS" starttime="20260123 11:36:17.245" endtime="20260123 11:36:17.291"/>
</kw>
<kw name="Sleep" library="BuiltIn">
<arg>1s</arg>
<doc>Pauses the test executed for the given time.</doc>
<msg timestamp="20260123 11:36:18.292" level="INFO">Slept 1 second</msg>
<status status="PASS" starttime="20260123 11:36:17.291" endtime="20260123 11:36:18.292"/>
</kw>
<kw name="Capture Page Screenshot" library="SeleniumLibrary">
<doc>Takes a screenshot of the current page and embeds it into a log file.</doc>
<msg timestamp="20260123 11:36:18.490" level="INFO" html="true">&lt;/td&gt;&lt;/tr&gt;&lt;tr&gt;&lt;td colspan="3"&gt;&lt;a href="selenium-screenshot-1549.png"&gt;&lt;img src="selenium-screenshot-1549.png" width="800px"&gt;&lt;/a&gt;</msg>
<status status="PASS" starttime="20260123 11:36:18.292" endtime="20260123 11:36:18.490"/>
</kw>
<status status="PASS" starttime="20260123 11:36:16.460" endtime="20260123 11:36:18.490"/>
</iter>
<status status="PASS" starttime="20260123 11:36:00.155" endtime="20260123 11:36:18.490"/>
</for>
<status status="PASS" starttime="20260123 11:35:59.823" endtime="20260123 11:36:18.490"/>
</kw>
<kw name="Scroll Element Into View" library="SeleniumLibrary">
<arg>${share}</arg>
<doc>Scrolls the element identified by ``locator`` into view.</doc>
<status status="PASS" starttime="20260123 11:36:18.490" endtime="20260123 11:36:18.781"/>
</kw>
<kw name="Sleep" library="BuiltIn">
<arg>1s</arg>
<doc>Pauses the test executed for the given time.</doc>
<msg timestamp="20260123 11:36:19.782" level="INFO">Slept 1 second</msg>
<status status="PASS" starttime="20260123 11:36:18.781" endtime="20260123 11:36:19.782"/>
</kw>
<kw name="Wait And Click" library="keywords">
<arg>${share}</arg>
<doc>Waits until element is visible &amp; enabled, scrolls into view, clicks, fallback to JS if normal click fails</doc>
<kw name="Wait Until Element Is Visible" library="SeleniumLibrary">
<arg>${locator}</arg>
<arg>${timeout}</arg>
<doc>Waits until the element ``locator`` is visible.</doc>
<status status="PASS" starttime="20260123 11:36:19.783" endtime="20260123 11:36:19.799"/>
</kw>
<kw name="Wait Until Element Is Enabled" library="SeleniumLibrary">
<arg>${locator}</arg>
<arg>${timeout}</arg>
<doc>Waits until the element ``locator`` is enabled.</doc>
<status status="PASS" starttime="20260123 11:36:19.799" endtime="20260123 11:36:19.819"/>
</kw>
<kw name="Scroll Element Into View" library="SeleniumLibrary">
<arg>${locator}</arg>
<doc>Scrolls the element identified by ``locator`` into view.</doc>
<status status="PASS" starttime="20260123 11:36:19.819" endtime="20260123 11:36:20.089"/>
</kw>
<kw name="Run Keyword And Return Status" library="BuiltIn">
<var>${clicked}</var>
<arg>Click Element</arg>
<arg>${locator}</arg>
<doc>Runs the given keyword with given arguments and returns the status as a Boolean value.</doc>
<kw name="Click Element" library="SeleniumLibrary">
<arg>${locator}</arg>
<doc>Click the element identified by ``locator``.</doc>
<msg timestamp="20260123 11:36:20.090" level="INFO">Clicking element 'xpath=//*[@id="dropdownMenuShare"]'.</msg>
<status status="PASS" starttime="20260123 11:36:20.089" endtime="20260123 11:36:20.156"/>
</kw>
<msg timestamp="20260123 11:36:20.157" level="INFO">${clicked} = True</msg>
<status status="PASS" starttime="20260123 11:36:20.089" endtime="20260123 11:36:20.157"/>
</kw>
<if>
<branch type="IF" condition="not ${clicked}">
<kw name="Log" library="BuiltIn">
<arg>Using JS click fallback for ${locator}</arg>
<doc>Logs the given message with the given level.</doc>
<status status="NOT RUN" starttime="20260123 11:36:20.157" endtime="20260123 11:36:20.157"/>
</kw>
<kw name="Execute Javascript" library="SeleniumLibrary">
<arg>arguments[0].click();</arg>
<arg>document.evaluate("${locator.replace('xpath=','')}", document, null, XPathResult.FIRST_ORDERED_NODE_TYPE, null).singleNodeValue</arg>
<doc>Executes the given JavaScript code with possible arguments.</doc>
<status status="NOT RUN" starttime="20260123 11:36:20.157" endtime="20260123 11:36:20.157"/>
</kw>
<status status="NOT RUN" starttime="20260123 11:36:20.157" endtime="20260123 11:36:20.157"/>
</branch>
<status status="PASS" starttime="20260123 11:36:20.157" endtime="20260123 11:36:20.157"/>
</if>
<status status="PASS" starttime="20260123 11:36:19.782" endtime="20260123 11:36:20.157"/>
</kw>
<kw name="Sleep" library="BuiltIn">
<arg>2s</arg>
<doc>Pauses the test executed for the given time.</doc>
<msg timestamp="20260123 11:36:22.158" level="INFO">Slept 2 seconds</msg>
<status status="PASS" starttime="20260123 11:36:20.157" endtime="20260123 11:36:22.158"/>
</kw>
<kw name="Wait Until Element Is Visible" library="SeleniumLibrary">
<arg>${facebook}</arg>
<doc>Waits until the element ``locator`` is visible.</doc>
<status status="PASS" starttime="20260123 11:36:22.158" endtime="20260123 11:36:22.177"/>
</kw>
<kw name="Sleep" library="BuiltIn">
<arg>1s</arg>
<doc>Pauses the test executed for the given time.</doc>
<msg timestamp="20260123 11:36:23.178" level="INFO">Slept 1 second</msg>
<status status="PASS" starttime="20260123 11:36:22.177" endtime="20260123 11:36:23.178"/>
</kw>
<kw name="Handle Share Button Click" library="treks_tours">
<var>${main}</var>
<arg>${facebook}</arg>
<doc>Clicks share button and switches to new window/tab</doc>
<kw name="Get Window Handles" library="SeleniumLibrary">
<var>${main_window}</var>
<doc>Returns all child window handles of the selected browser as a list.</doc>
<msg timestamp="20260123 11:36:23.180" level="INFO">${main_window} = ['D85568AC82DBCD608A21889CA87D8618']</msg>
<status status="PASS" starttime="20260123 11:36:23.179" endtime="20260123 11:36:23.181"/>
</kw>
<kw name="Get From List" library="Collections">
<var>${main_window}</var>
<arg>${main_window}</arg>
<arg>0</arg>
<doc>Returns the value specified with an ``index`` from ``list``.</doc>
<msg timestamp="20260123 11:36:23.181" level="INFO">${main_window} = D85568AC82DBCD608A21889CA87D8618</msg>
<status status="PASS" starttime="20260123 11:36:23.181" endtime="20260123 11:36:23.181"/>
</kw>
<kw name="Scroll Element Into View" library="SeleniumLibrary">
<arg>${share_button_locator}</arg>
<doc>Scrolls the element identified by ``locator`` into view.</doc>
<status status="PASS" starttime="20260123 11:36:23.181" endtime="20260123 11:36:23.461"/>
</kw>
<kw name="Sleep" library="BuiltIn">
<arg>1s</arg>
<doc>Pauses the test executed for the given time.</doc>
<msg timestamp="20260123 11:36:24.461" level="INFO">Slept 1 second</msg>
<status status="PASS" starttime="20260123 11:36:23.461" endtime="20260123 11:36:24.461"/>
</kw>
<kw name="Wait Until Element Is Visible" library="SeleniumLibrary">
<arg>${share_button_locator}</arg>
<arg>timeout=10s</arg>
<doc>Waits until the element ``locator`` is visible.</doc>
<status status="PASS" starttime="20260123 11:36:24.462" endtime="20260123 11:36:24.477"/>
</kw>
<kw name="Run Keyword And Return Status" library="BuiltIn">
<var>${status}</var>
<arg>Click Element</arg>
<arg>${share_button_locator}</arg>
<doc>Runs the given keyword with given arguments and returns the status as a Boolean value.</doc>
<kw name="Click Element" library="SeleniumLibrary">
<arg>${share_button_locator}</arg>
<doc>Click the element identified by ``locator``.</doc>
<msg timestamp="20260123 11:36:24.478" level="INFO">Clicking element 'xpath=/html/body/div[3]/div[1]/section[1]/div/div[1]/div[2]/div/div[1]/div/div/a[1]'.</msg>
<status status="PASS" starttime="20260123 11:36:24.478" endtime="20260123 11:36:24.623"/>
</kw>
<msg timestamp="20260123 11:36:24.623" level="INFO">${status} = True</msg>
<status status="PASS" starttime="20260123 11:36:24.477" endtime="20260123 11:36:24.623"/>
</kw>
<kw name="Run Keyword Unless" library="BuiltIn">
<arg>${status}</arg>
<arg>Click Element Using JavaScript</arg>
<arg>${share_button_locator}</arg>
<doc>*DEPRECATED since RF 5.0. Use Native IF/ELSE or `Run Keyword If` instead.*</doc>
<msg timestamp="20260123 11:36:24.624" level="WARN">Keyword 'BuiltIn.Run Keyword Unless' is deprecated. </msg>
<status status="PASS" starttime="20260123 11:36:24.624" endtime="20260123 11:36:24.625"/>
</kw>
<kw name="Sleep" library="BuiltIn">
<arg>3s</arg>
<doc>Pauses the test executed for the given time.</doc>
<msg timestamp="20260123 11:36:27.625" level="INFO">Slept 3 seconds</msg>
<status status="PASS" starttime="20260123 11:36:24.625" endtime="20260123 11:36:27.625"/>
</kw>
<kw name="Get Window Handles" library="SeleniumLibrary">
<var>${all_windows}</var>
<doc>Returns all child window handles of the selected browser as a list.</doc>
<msg timestamp="20260123 11:36:27.630" level="INFO">${all_windows} = ['D85568AC82DBCD608A21889CA87D8618', '81518BEE099EF15DADBC7DD62E018F2B']</msg>
<status status="PASS" starttime="20260123 11:36:27.626" endtime="20260123 11:36:27.630"/>
</kw>
<kw name="Get Length" library="BuiltIn">
<var>${window_count}</var>
<arg>${all_windows}</arg>
<doc>Returns and logs the length of the given item as an integer.</doc>
<msg timestamp="20260123 11:36:27.631" level="INFO">Length is 2</msg>
<msg timestamp="20260123 11:36:27.631" level="INFO">${window_count} = 2</msg>
<status status="PASS" starttime="20260123 11:36:27.631" endtime="20260123 11:36:27.631"/>
</kw>
<kw name="Run Keyword If" library="BuiltIn">
<arg>${window_count} &gt; 1</arg>
<arg>Switch To New Window</arg>
<arg>${all_windows}</arg>
<doc>Runs the given keyword with the given arguments, if ``condition`` is true.</doc>
<kw name="Switch To New Window" library="treks_tours">
<arg>${all_windows}</arg>
<doc>Switches to the newest window</doc>
<kw name="Get From List" library="Collections">
<var>${new_window}</var>
<arg>${all_windows}</arg>
<arg>-1</arg>
<doc>Returns the value specified with an ``index`` from ``list``.</doc>
<msg timestamp="20260123 11:36:27.632" level="INFO">${new_window} = 81518BEE099EF15DADBC7DD62E018F2B</msg>
<status status="PASS" starttime="20260123 11:36:27.632" endtime="20260123 11:36:27.632"/>
</kw>
<kw name="Switch Window" library="SeleniumLibrary">
<arg>${new_window}</arg>
<doc>Switches to browser window matching ``locator``.</doc>
<status status="PASS" starttime="20260123 11:36:27.632" endtime="20260123 11:36:27.728"/>
</kw>
<kw name="Log" library="BuiltIn">
<arg>Switched to new window</arg>
<doc>Logs the given message with the given level.</doc>
<msg timestamp="20260123 11:36:27.729" level="INFO">Switched to new window</msg>
<status status="PASS" starttime="20260123 11:36:27.728" endtime="20260123 11:36:27.729"/>
</kw>
<status status="PASS" starttime="20260123 11:36:27.631" endtime="20260123 11:36:27.729"/>
</kw>
<status status="PASS" starttime="20260123 11:36:27.631" endtime="20260123 11:36:27.729"/>
</kw>
<msg timestamp="20260123 11:36:27.729" level="INFO">${main} = D85568AC82DBCD608A21889CA87D8618</msg>
<status status="PASS" starttime="20260123 11:36:23.178" endtime="20260123 11:36:27.729"/>
</kw>
<kw name="Sleep" library="BuiltIn">
<arg>3s</arg>
<doc>Pauses the test executed for the given time.</doc>
<msg timestamp="20260123 11:36:30.730" level="INFO">Slept 3 seconds</msg>
<status status="PASS" starttime="20260123 11:36:27.729" endtime="20260123 11:36:30.730"/>
</kw>
<kw name="Capture Page Screenshot" library="SeleniumLibrary">
<arg>facebook_popup.png</arg>
<doc>Takes a screenshot of the current page and embeds it into a log file.</doc>
<msg timestamp="20260123 11:36:30.813" level="INFO" html="true">&lt;/td&gt;&lt;/tr&gt;&lt;tr&gt;&lt;td colspan="3"&gt;&lt;a href="facebook_popup.png"&gt;&lt;img src="facebook_popup.png" width="800px"&gt;&lt;/a&gt;</msg>
<status status="PASS" starttime="20260123 11:36:30.730" endtime="20260123 11:36:30.813"/>
</kw>
<kw name="Close Share Window And Return" library="treks_tours">
<arg>${main}</arg>
<doc>Closes current window and returns to main</doc>
<kw name="Get Window Handles" library="SeleniumLibrary">
<var>${all_windows}</var>
<doc>Returns all child window handles of the selected browser as a list.</doc>
<msg timestamp="20260123 11:36:30.816" level="INFO">${all_windows} = ['D85568AC82DBCD608A21889CA87D8618', '81518BEE099EF15DADBC7DD62E018F2B']</msg>
<status status="PASS" starttime="20260123 11:36:30.814" endtime="20260123 11:36:30.816"/>
</kw>
<kw name="Get Length" library="BuiltIn">
<var>${window_count}</var>
<arg>${all_windows}</arg>
<doc>Returns and logs the length of the given item as an integer.</doc>
<msg timestamp="20260123 11:36:30.816" level="INFO">Length is 2</msg>
<msg timestamp="20260123 11:36:30.816" level="INFO">${window_count} = 2</msg>
<status status="PASS" starttime="20260123 11:36:30.816" endtime="20260123 11:36:30.816"/>
</kw>
<kw name="Run Keyword If" library="BuiltIn">
<arg>${window_count} &gt; 1</arg>
<arg>Close Window</arg>
<doc>Runs the given keyword with the given arguments, if ``condition`` is true.</doc>
<kw name="Close Window" library="SeleniumLibrary">
<doc>Closes currently opened and selected browser window/tab.</doc>
<status status="PASS" starttime="20260123 11:36:30.817" endtime="20260123 11:36:30.880"/>
</kw>
<status status="PASS" starttime="20260123 11:36:30.816" endtime="20260123 11:36:30.880"/>
</kw>
<kw name="Switch Window" library="SeleniumLibrary">
<arg>${main_window}</arg>
<doc>Switches to browser window matching ``locator``.</doc>
<status status="PASS" starttime="20260123 11:36:30.881" endtime="20260123 11:36:30.886"/>
</kw>
<kw name="Log" library="BuiltIn">
<arg>Returned to main window</arg>
<doc>Logs the given message with the given level.</doc>
<msg timestamp="20260123 11:36:30.887" level="INFO">Returned to main window</msg>
<status status="PASS" starttime="20260123 11:36:30.887" endtime="20260123 11:36:30.887"/>
</kw>
<status status="PASS" starttime="20260123 11:36:30.813" endtime="20260123 11:36:30.887"/>
</kw>
<kw name="Log" library="BuiltIn">
<arg>Facebook share tested successfully</arg>
<doc>Logs the given message with the given level.</doc>
<msg timestamp="20260123 11:36:30.887" level="INFO">Facebook share tested successfully</msg>
<status status="PASS" starttime="20260123 11:36:30.887" endtime="20260123 11:36:30.887"/>
</kw>
<kw name="Scroll Element Into View" library="SeleniumLibrary">
<arg>${share}</arg>
<doc>Scrolls the element identified by ``locator`` into view.</doc>
<status status="PASS" starttime="20260123 11:36:30.887" endtime="20260123 11:36:31.181"/>
</kw>
<kw name="Sleep" library="BuiltIn">
<arg>1s</arg>
<doc>Pauses the test executed for the given time.</doc>
<msg timestamp="20260123 11:36:32.181" level="INFO">Slept 1 second</msg>
<status status="PASS" starttime="20260123 11:36:31.181" endtime="20260123 11:36:32.181"/>
</kw>
<kw name="Wait And Click" library="keywords">
<arg>${share}</arg>
<doc>Waits until element is visible &amp; enabled, scrolls into view, clicks, fallback to JS if normal click fails</doc>
<kw name="Wait Until Element Is Visible" library="SeleniumLibrary">
<arg>${locator}</arg>
<arg>${timeout}</arg>
<doc>Waits until the element ``locator`` is visible.</doc>
<status status="PASS" starttime="20260123 11:36:32.182" endtime="20260123 11:36:32.207"/>
</kw>
<kw name="Wait Until Element Is Enabled" library="SeleniumLibrary">
<arg>${locator}</arg>
<arg>${timeout}</arg>
<doc>Waits until the element ``locator`` is enabled.</doc>
<status status="PASS" starttime="20260123 11:36:32.207" endtime="20260123 11:36:32.229"/>
</kw>
<kw name="Scroll Element Into View" library="SeleniumLibrary">
<arg>${locator}</arg>
<doc>Scrolls the element identified by ``locator`` into view.</doc>
<status status="PASS" starttime="20260123 11:36:32.230" endtime="20260123 11:36:32.510"/>
</kw>
<kw name="Run Keyword And Return Status" library="BuiltIn">
<var>${clicked}</var>
<arg>Click Element</arg>
<arg>${locator}</arg>
<doc>Runs the given keyword with given arguments and returns the status as a Boolean value.</doc>
<kw name="Click Element" library="SeleniumLibrary">
<arg>${locator}</arg>
<doc>Click the element identified by ``locator``.</doc>
<msg timestamp="20260123 11:36:32.511" level="INFO">Clicking element 'xpath=//*[@id="dropdownMenuShare"]'.</msg>
<status status="PASS" starttime="20260123 11:36:32.511" endtime="20260123 11:36:32.564"/>
</kw>
<msg timestamp="20260123 11:36:32.564" level="INFO">${clicked} = True</msg>
<status status="PASS" starttime="20260123 11:36:32.510" endtime="20260123 11:36:32.564"/>
</kw>
<if>
<branch type="IF" condition="not ${clicked}">
<kw name="Log" library="BuiltIn">
<arg>Using JS click fallback for ${locator}</arg>
<doc>Logs the given message with the given level.</doc>
<status status="NOT RUN" starttime="20260123 11:36:32.564" endtime="20260123 11:36:32.564"/>
</kw>
<kw name="Execute Javascript" library="SeleniumLibrary">
<arg>arguments[0].click();</arg>
<arg>document.evaluate("${locator.replace('xpath=','')}", document, null, XPathResult.FIRST_ORDERED_NODE_TYPE, null).singleNodeValue</arg>
<doc>Executes the given JavaScript code with possible arguments.</doc>
<status status="NOT RUN" starttime="20260123 11:36:32.564" endtime="20260123 11:36:32.564"/>
</kw>
<status status="NOT RUN" starttime="20260123 11:36:32.564" endtime="20260123 11:36:32.564"/>
</branch>
<status status="PASS" starttime="20260123 11:36:32.564" endtime="20260123 11:36:32.564"/>
</if>
<status status="PASS" starttime="20260123 11:36:32.182" endtime="20260123 11:36:32.564"/>
</kw>
<kw name="Sleep" library="BuiltIn">
<arg>2s</arg>
<doc>Pauses the test executed for the given time.</doc>
<msg timestamp="20260123 11:36:34.565" level="INFO">Slept 2 seconds</msg>
<status status="PASS" starttime="20260123 11:36:32.564" endtime="20260123 11:36:34.565"/>
</kw>
<kw name="Wait Until Element Is Visible" library="SeleniumLibrary">
<arg>${twitter}</arg>
<doc>Waits until the element ``locator`` is visible.</doc>
<status status="PASS" starttime="20260123 11:36:34.565" endtime="20260123 11:36:34.587"/>
</kw>
<kw name="Sleep" library="BuiltIn">
<arg>1s</arg>
<doc>Pauses the test executed for the given time.</doc>
<msg timestamp="20260123 11:36:35.588" level="INFO">Slept 1 second</msg>
<status status="PASS" starttime="20260123 11:36:34.587" endtime="20260123 11:36:35.588"/>
</kw>
<kw name="Handle Share Button Click" library="treks_tours">
<var>${main}</var>
<arg>${twitter}</arg>
<doc>Clicks share button and switches to new window/tab</doc>
<kw name="Get Window Handles" library="SeleniumLibrary">
<var>${main_window}</var>
<doc>Returns all child window handles of the selected browser as a list.</doc>
<msg timestamp="20260123 11:36:35.590" level="INFO">${main_window} = ['D85568AC82DBCD608A21889CA87D8618']</msg>
<status status="PASS" starttime="20260123 11:36:35.589" endtime="20260123 11:36:35.590"/>
</kw>
<kw name="Get From List" library="Collections">
<var>${main_window}</var>
<arg>${main_window}</arg>
<arg>0</arg>
<doc>Returns the value specified with an ``index`` from ``list``.</doc>
<msg timestamp="20260123 11:36:35.591" level="INFO">${main_window} = D85568AC82DBCD608A21889CA87D8618</msg>
<status status="PASS" starttime="20260123 11:36:35.591" endtime="20260123 11:36:35.591"/>
</kw>
<kw name="Scroll Element Into View" library="SeleniumLibrary">
<arg>${share_button_locator}</arg>
<doc>Scrolls the element identified by ``locator`` into view.</doc>
<status status="PASS" starttime="20260123 11:36:35.591" endtime="20260123 11:36:35.878"/>
</kw>
<kw name="Sleep" library="BuiltIn">
<arg>1s</arg>
<doc>Pauses the test executed for the given time.</doc>
<msg timestamp="20260123 11:36:36.878" level="INFO">Slept 1 second</msg>
<status status="PASS" starttime="20260123 11:36:35.878" endtime="20260123 11:36:36.879"/>
</kw>
<kw name="Wait Until Element Is Visible" library="SeleniumLibrary">
<arg>${share_button_locator}</arg>
<arg>timeout=10s</arg>
<doc>Waits until the element ``locator`` is visible.</doc>
<status status="PASS" starttime="20260123 11:36:36.879" endtime="20260123 11:36:36.895"/>
</kw>
<kw name="Run Keyword And Return Status" library="BuiltIn">
<var>${status}</var>
<arg>Click Element</arg>
<arg>${share_button_locator}</arg>
<doc>Runs the given keyword with given arguments and returns the status as a Boolean value.</doc>
<kw name="Click Element" library="SeleniumLibrary">
<arg>${share_button_locator}</arg>
<doc>Click the element identified by ``locator``.</doc>
<msg timestamp="20260123 11:36:36.896" level="INFO">Clicking element 'xpath=/html/body/div[3]/div[1]/section[1]/div/div[1]/div[2]/div/div[1]/div/div/a[2]'.</msg>
<status status="PASS" starttime="20260123 11:36:36.896" endtime="20260123 11:36:36.991"/>
</kw>
<msg timestamp="20260123 11:36:36.991" level="INFO">${status} = True</msg>
<status status="PASS" starttime="20260123 11:36:36.895" endtime="20260123 11:36:36.991"/>
</kw>
<kw name="Run Keyword Unless" library="BuiltIn">
<arg>${status}</arg>
<arg>Click Element Using JavaScript</arg>
<arg>${share_button_locator}</arg>
<doc>*DEPRECATED since RF 5.0. Use Native IF/ELSE or `Run Keyword If` instead.*</doc>
<msg timestamp="20260123 11:36:36.992" level="WARN">Keyword 'BuiltIn.Run Keyword Unless' is deprecated. </msg>
<status status="PASS" starttime="20260123 11:36:36.991" endtime="20260123 11:36:36.993"/>
</kw>
<kw name="Sleep" library="BuiltIn">
<arg>3s</arg>
<doc>Pauses the test executed for the given time.</doc>
<msg timestamp="20260123 11:36:39.993" level="INFO">Slept 3 seconds</msg>
<status status="PASS" starttime="20260123 11:36:36.993" endtime="20260123 11:36:39.993"/>
</kw>
<kw name="Get Window Handles" library="SeleniumLibrary">
<var>${all_windows}</var>
<doc>Returns all child window handles of the selected browser as a list.</doc>
<msg timestamp="20260123 11:36:40.061" level="INFO">${all_windows} = ['D85568AC82DBCD608A21889CA87D8618', 'D92DF8273BFF3EF40B877E89637E88A8']</msg>
<status status="PASS" starttime="20260123 11:36:39.994" endtime="20260123 11:36:40.061"/>
</kw>
<kw name="Get Length" library="BuiltIn">
<var>${window_count}</var>
<arg>${all_windows}</arg>
<doc>Returns and logs the length of the given item as an integer.</doc>
<msg timestamp="20260123 11:36:40.062" level="INFO">Length is 2</msg>
<msg timestamp="20260123 11:36:40.062" level="INFO">${window_count} = 2</msg>
<status status="PASS" starttime="20260123 11:36:40.062" endtime="20260123 11:36:40.062"/>
</kw>
<kw name="Run Keyword If" library="BuiltIn">
<arg>${window_count} &gt; 1</arg>
<arg>Switch To New Window</arg>
<arg>${all_windows}</arg>
<doc>Runs the given keyword with the given arguments, if ``condition`` is true.</doc>
<kw name="Switch To New Window" library="treks_tours">
<arg>${all_windows}</arg>
<doc>Switches to the newest window</doc>
<kw name="Get From List" library="Collections">
<var>${new_window}</var>
<arg>${all_windows}</arg>
<arg>-1</arg>
<doc>Returns the value specified with an ``index`` from ``list``.</doc>
<msg timestamp="20260123 11:36:40.065" level="INFO">${new_window} = D92DF8273BFF3EF40B877E89637E88A8</msg>
<status status="PASS" starttime="20260123 11:36:40.064" endtime="20260123 11:36:40.065"/>
</kw>
<kw name="Switch Window" library="SeleniumLibrary">
<arg>${new_window}</arg>
<doc>Switches to browser window matching ``locator``.</doc>
<status status="PASS" starttime="20260123 11:36:40.065" endtime="20260123 11:36:40.144"/>
</kw>
<kw name="Log" library="BuiltIn">
<arg>Switched to new window</arg>
<doc>Logs the given message with the given level.</doc>
<msg timestamp="20260123 11:36:40.144" level="INFO">Switched to new window</msg>
<status status="PASS" starttime="20260123 11:36:40.144" endtime="20260123 11:36:40.144"/>
</kw>
<status status="PASS" starttime="20260123 11:36:40.063" endtime="20260123 11:36:40.144"/>
</kw>
<status status="PASS" starttime="20260123 11:36:40.063" endtime="20260123 11:36:40.144"/>
</kw>
<msg timestamp="20260123 11:36:40.145" level="INFO">${main} = D85568AC82DBCD608A21889CA87D8618</msg>
<status status="PASS" starttime="20260123 11:36:35.588" endtime="20260123 11:36:40.145"/>
</kw>
<kw name="Sleep" library="BuiltIn">
<arg>3s</arg>
<doc>Pauses the test executed for the given time.</doc>
<msg timestamp="20260123 11:36:43.146" level="INFO">Slept 3 seconds</msg>
<status status="PASS" starttime="20260123 11:36:40.145" endtime="20260123 11:36:43.146"/>
</kw>
<kw name="Capture Page Screenshot" library="SeleniumLibrary">
<arg>twitter_popup.png</arg>
<doc>Takes a screenshot of the current page and embeds it into a log file.</doc>
<msg timestamp="20260123 11:36:43.228" level="INFO" html="true">&lt;/td&gt;&lt;/tr&gt;&lt;tr&gt;&lt;td colspan="3"&gt;&lt;a href="twitter_popup.png"&gt;&lt;img src="twitter_popup.png" width="800px"&gt;&lt;/a&gt;</msg>
<status status="PASS" starttime="20260123 11:36:43.146" endtime="20260123 11:36:43.228"/>
</kw>
<kw name="Close Share Window And Return" library="treks_tours">
<arg>${main}</arg>
<doc>Closes current window and returns to main</doc>
<kw name="Get Window Handles" library="SeleniumLibrary">
<var>${all_windows}</var>
<doc>Returns all child window handles of the selected browser as a list.</doc>
<msg timestamp="20260123 11:36:43.230" level="INFO">${all_windows} = ['D85568AC82DBCD608A21889CA87D8618', 'D92DF8273BFF3EF40B877E89637E88A8']</msg>
<status status="PASS" starttime="20260123 11:36:43.229" endtime="20260123 11:36:43.230"/>
</kw>
<kw name="Get Length" library="BuiltIn">
<var>${window_count}</var>
<arg>${all_windows}</arg>
<doc>Returns and logs the length of the given item as an integer.</doc>
<msg timestamp="20260123 11:36:43.230" level="INFO">Length is 2</msg>
<msg timestamp="20260123 11:36:43.231" level="INFO">${window_count} = 2</msg>
<status status="PASS" starttime="20260123 11:36:43.230" endtime="20260123 11:36:43.231"/>
</kw>
<kw name="Run Keyword If" library="BuiltIn">
<arg>${window_count} &gt; 1</arg>
<arg>Close Window</arg>
<doc>Runs the given keyword with the given arguments, if ``condition`` is true.</doc>
<kw name="Close Window" library="SeleniumLibrary">
<doc>Closes currently opened and selected browser window/tab.</doc>
<status status="PASS" starttime="20260123 11:36:43.231" endtime="20260123 11:36:43.286"/>
</kw>
<status status="PASS" starttime="20260123 11:36:43.231" endtime="20260123 11:36:43.286"/>
</kw>
<kw name="Switch Window" library="SeleniumLibrary">
<arg>${main_window}</arg>
<doc>Switches to browser window matching ``locator``.</doc>
<status status="PASS" starttime="20260123 11:36:43.287" endtime="20260123 11:36:43.294"/>
</kw>
<kw name="Log" library="BuiltIn">
<arg>Returned to main window</arg>
<doc>Logs the given message with the given level.</doc>
<msg timestamp="20260123 11:36:43.294" level="INFO">Returned to main window</msg>
<status status="PASS" starttime="20260123 11:36:43.294" endtime="20260123 11:36:43.294"/>
</kw>
<status status="PASS" starttime="20260123 11:36:43.228" endtime="20260123 11:36:43.295"/>
</kw>
<kw name="Log" library="BuiltIn">
<arg>Twitter share tested successfully</arg>
<doc>Logs the given message with the given level.</doc>
<msg timestamp="20260123 11:36:43.295" level="INFO">Twitter share tested successfully</msg>
<status status="PASS" starttime="20260123 11:36:43.295" endtime="20260123 11:36:43.295"/>
</kw>
<status status="PASS" starttime="20260123 11:35:46.136" endtime="20260123 11:36:43.295"/>
</kw>
<kw name="Test KanchenjungaTrek" library="treks_tours">
<kw name="Wait And Click" library="keywords">
<arg>xpath=/html/body/div[1]/header/div[1]/div/div/div/a/img[1]</arg>
<doc>Waits until element is visible &amp; enabled, scrolls into view, clicks, fallback to JS if normal click fails</doc>
<kw name="Wait Until Element Is Visible" library="SeleniumLibrary">
<arg>${locator}</arg>
<arg>${timeout}</arg>
<doc>Waits until the element ``locator`` is visible.</doc>
<status status="PASS" starttime="20260123 11:36:43.296" endtime="20260123 11:36:43.320"/>
</kw>
<kw name="Wait Until Element Is Enabled" library="SeleniumLibrary">
<arg>${locator}</arg>
<arg>${timeout}</arg>
<doc>Waits until the element ``locator`` is enabled.</doc>
<status status="PASS" starttime="20260123 11:36:43.320" endtime="20260123 11:36:43.342"/>
</kw>
<kw name="Scroll Element Into View" library="SeleniumLibrary">
<arg>${locator}</arg>
<doc>Scrolls the element identified by ``locator`` into view.</doc>
<status status="PASS" starttime="20260123 11:36:43.342" endtime="20260123 11:36:43.626"/>
</kw>
<kw name="Run Keyword And Return Status" library="BuiltIn">
<var>${clicked}</var>
<arg>Click Element</arg>
<arg>${locator}</arg>
<doc>Runs the given keyword with given arguments and returns the status as a Boolean value.</doc>
<kw name="Click Element" library="SeleniumLibrary">
<arg>${locator}</arg>
<doc>Click the element identified by ``locator``.</doc>
<msg timestamp="20260123 11:36:43.627" level="INFO">Clicking element 'xpath=/html/body/div[1]/header/div[1]/div/div/div/a/img[1]'.</msg>
<status status="PASS" starttime="20260123 11:36:43.627" endtime="20260123 11:36:45.612"/>
</kw>
<msg timestamp="20260123 11:36:45.612" level="INFO">${clicked} = True</msg>
<status status="PASS" starttime="20260123 11:36:43.627" endtime="20260123 11:36:45.612"/>
</kw>
<if>
<branch type="IF" condition="not ${clicked}">
<kw name="Log" library="BuiltIn">
<arg>Using JS click fallback for ${locator}</arg>
<doc>Logs the given message with the given level.</doc>
<status status="NOT RUN" starttime="20260123 11:36:45.612" endtime="20260123 11:36:45.612"/>
</kw>
<kw name="Execute Javascript" library="SeleniumLibrary">
<arg>arguments[0].click();</arg>
<arg>document.evaluate("${locator.replace('xpath=','')}", document, null, XPathResult.FIRST_ORDERED_NODE_TYPE, null).singleNodeValue</arg>
<doc>Executes the given JavaScript code with possible arguments.</doc>
<status status="NOT RUN" starttime="20260123 11:36:45.613" endtime="20260123 11:36:45.613"/>
</kw>
<status status="NOT RUN" starttime="20260123 11:36:45.612" endtime="20260123 11:36:45.613"/>
</branch>
<status status="PASS" starttime="20260123 11:36:45.612" endtime="20260123 11:36:45.613"/>
</if>
<status status="PASS" starttime="20260123 11:36:43.296" endtime="20260123 11:36:45.613"/>
</kw>
<kw name="Open Trek And Tours Menu" library="home_page">
<kw name="Wait And Click" library="keywords">
<arg>${trek_and_tours}</arg>
<doc>Waits until element is visible &amp; enabled, scrolls into view, clicks, fallback to JS if normal click fails</doc>
<kw name="Wait Until Element Is Visible" library="SeleniumLibrary">
<arg>${locator}</arg>
<arg>${timeout}</arg>
<doc>Waits until the element ``locator`` is visible.</doc>
<status status="PASS" starttime="20260123 11:36:45.613" endtime="20260123 11:36:45.642"/>
</kw>
<kw name="Wait Until Element Is Enabled" library="SeleniumLibrary">
<arg>${locator}</arg>
<arg>${timeout}</arg>
<doc>Waits until the element ``locator`` is enabled.</doc>
<status status="PASS" starttime="20260123 11:36:45.642" endtime="20260123 11:36:45.665"/>
</kw>
<kw name="Scroll Element Into View" library="SeleniumLibrary">
<arg>${locator}</arg>
<doc>Scrolls the element identified by ``locator`` into view.</doc>
<status status="PASS" starttime="20260123 11:36:45.666" endtime="20260123 11:36:45.969"/>
</kw>
<kw name="Run Keyword And Return Status" library="BuiltIn">
<var>${clicked}</var>
<arg>Click Element</arg>
<arg>${locator}</arg>
<doc>Runs the given keyword with given arguments and returns the status as a Boolean value.</doc>
<kw name="Click Element" library="SeleniumLibrary">
<arg>${locator}</arg>
<doc>Click the element identified by ``locator``.</doc>
<msg timestamp="20260123 11:36:45.970" level="INFO">Clicking element 'xpath=/html/body/div[1]/header/div[1]/div/div/div/div/div[2]/div[2]/ul/li[2]/a/i'.</msg>
<status status="PASS" starttime="20260123 11:36:45.970" endtime="20260123 11:36:46.375"/>
</kw>
<msg timestamp="20260123 11:36:46.375" level="INFO">${clicked} = True</msg>
<status status="PASS" starttime="20260123 11:36:45.969" endtime="20260123 11:36:46.375"/>
</kw>
<if>
<branch type="IF" condition="not ${clicked}">
<kw name="Log" library="BuiltIn">
<arg>Using JS click fallback for ${locator}</arg>
<doc>Logs the given message with the given level.</doc>
<status status="NOT RUN" starttime="20260123 11:36:46.376" endtime="20260123 11:36:46.376"/>
</kw>
<kw name="Execute Javascript" library="SeleniumLibrary">
<arg>arguments[0].click();</arg>
<arg>document.evaluate("${locator.replace('xpath=','')}", document, null, XPathResult.FIRST_ORDERED_NODE_TYPE, null).singleNodeValue</arg>
<doc>Executes the given JavaScript code with possible arguments.</doc>
<status status="NOT RUN" starttime="20260123 11:36:46.376" endtime="20260123 11:36:46.376"/>
</kw>
<status status="NOT RUN" starttime="20260123 11:36:46.376" endtime="20260123 11:36:46.376"/>
</branch>
<status status="PASS" starttime="20260123 11:36:46.376" endtime="20260123 11:36:46.376"/>
</if>
<status status="PASS" starttime="20260123 11:36:45.613" endtime="20260123 11:36:46.376"/>
</kw>
<kw name="Sleep" library="BuiltIn">
<arg>2s</arg>
<doc>Pauses the test executed for the given time.</doc>
<msg timestamp="20260123 11:36:48.377" level="INFO">Slept 2 seconds</msg>
<status status="PASS" starttime="20260123 11:36:46.376" endtime="20260123 11:36:48.377"/>
</kw>
<status status="PASS" starttime="20260123 11:36:45.613" endtime="20260123 11:36:48.377"/>
</kw>
<kw name="Wait And Click" library="keywords">
<arg>${push_your_limit}</arg>
<doc>Waits until element is visible &amp; enabled, scrolls into view, clicks, fallback to JS if normal click fails</doc>
<kw name="Wait Until Element Is Visible" library="SeleniumLibrary">
<arg>${locator}</arg>
<arg>${timeout}</arg>
<doc>Waits until the element ``locator`` is visible.</doc>
<status status="PASS" starttime="20260123 11:36:48.378" endtime="20260123 11:36:48.399"/>
</kw>
<kw name="Wait Until Element Is Enabled" library="SeleniumLibrary">
<arg>${locator}</arg>
<arg>${timeout}</arg>
<doc>Waits until the element ``locator`` is enabled.</doc>
<status status="PASS" starttime="20260123 11:36:48.399" endtime="20260123 11:36:48.419"/>
</kw>
<kw name="Scroll Element Into View" library="SeleniumLibrary">
<arg>${locator}</arg>
<doc>Scrolls the element identified by ``locator`` into view.</doc>
<status status="PASS" starttime="20260123 11:36:48.419" endtime="20260123 11:36:48.712"/>
</kw>
[...]
<branch type="IF" condition="not ${clicked}">
<kw name="Log" library="BuiltIn">
<arg>JS click fallback for: ${text}</arg>
<doc>Logs the given message with the given level.</doc>
<status status="NOT RUN" starttime="20260123 11:42:20.172" endtime="20260123 11:42:20.172"/>
</kw>
<kw name="Execute Javascript" library="SeleniumLibrary">
<arg>arguments[0].click();</arg>
<arg>${link}</arg>
<doc>Executes the given JavaScript code with possible arguments.</doc>
<status status="NOT RUN" starttime="20260123 11:42:20.172" endtime="20260123 11:42:20.172"/>
</kw>
<status status="NOT RUN" starttime="20260123 11:42:20.172" endtime="20260123 11:42:20.172"/>
</branch>
<status status="PASS" starttime="20260123 11:42:20.172" endtime="20260123 11:42:20.172"/>
</if>
<kw name="Sleep" library="BuiltIn">
<arg>0.6s</arg>
<doc>Pauses the test executed for the given time.</doc>
<msg timestamp="20260123 11:42:20.773" level="INFO">Slept 600 milliseconds</msg>
<status status="PASS" starttime="20260123 11:42:20.172" endtime="20260123 11:42:20.773"/>
</kw>
<kw name="Run Keyword And Ignore Error" library="BuiltIn">
<arg>Capture Page Screenshot</arg>
<doc>Runs the given keyword with the given arguments and ignores possible error.</doc>
<kw name="Capture Page Screenshot" library="SeleniumLibrary">
<doc>Takes a screenshot of the current page and embeds it into a log file.</doc>
<msg timestamp="20260123 11:42:20.950" level="INFO" html="true">&lt;/td&gt;&lt;/tr&gt;&lt;tr&gt;&lt;td colspan="3"&gt;&lt;a href="selenium-screenshot-1636.png"&gt;&lt;img src="selenium-screenshot-1636.png" width="800px"&gt;&lt;/a&gt;</msg>
<status status="PASS" starttime="20260123 11:42:20.773" endtime="20260123 11:42:20.950"/>
</kw>
<status status="PASS" starttime="20260123 11:42:20.773" endtime="20260123 11:42:20.950"/>
</kw>
<status status="PASS" starttime="20260123 11:42:19.503" endtime="20260123 11:42:20.951"/>
</iter>
<iter>
<var name="${index}">6</var>
<kw name="Get WebElements" library="SeleniumLibrary">
<var>${links}</var>
<arg>${NAV_LINKS}</arg>
<doc>Returns a list of WebElement objects matching the ``locator``.</doc>
<msg timestamp="20260123 11:42:20.960" level="INFO">${links} = [&lt;selenium.webdriver.remote.webelement.WebElement (session="51e8c5cf2292a855941448f1ac8f1aa2", element="f.D85568AC82DBCD608A21889CA87D8618.d.797BD14DE0635A7EC8A59FF59CAAFE2C.e.912")&gt;, &lt;selenium.webdri...</msg>
<status status="PASS" starttime="20260123 11:42:20.951" endtime="20260123 11:42:20.960"/>
</kw>
<kw name="Set Variable" library="BuiltIn">
<var>${link}</var>
<arg>${links}[${index}]</arg>
<doc>Returns the given values which can then be assigned to a variables.</doc>
<msg timestamp="20260123 11:42:20.960" level="INFO">${link} = &lt;selenium.webdriver.remote.webelement.WebElement (session="51e8c5cf2292a855941448f1ac8f1aa2", element="f.D85568AC82DBCD608A21889CA87D8618.d.797BD14DE0635A7EC8A59FF59CAAFE2C.e.918")&gt;</msg>
<status status="PASS" starttime="20260123 11:42:20.960" endtime="20260123 11:42:20.960"/>
</kw>
<kw name="Get Text" library="SeleniumLibrary">
<var>${text}</var>
<arg>${link}</arg>
<doc>Returns the text value of the element identified by ``locator``.</doc>
<msg timestamp="20260123 11:42:20.969" level="INFO">${text} = Includes/Excludes</msg>
<status status="PASS" starttime="20260123 11:42:20.960" endtime="20260123 11:42:20.969"/>
</kw>
<kw name="Log" library="BuiltIn">
<arg>Clicking: ${text}</arg>
<doc>Logs the given message with the given level.</doc>
<msg timestamp="20260123 11:42:20.969" level="INFO">Clicking: Includes/Excludes</msg>
<status status="PASS" starttime="20260123 11:42:20.969" endtime="20260123 11:42:20.969"/>
</kw>
<kw name="Scroll Element Into View" library="SeleniumLibrary">
<arg>${link}</arg>
<doc>Scrolls the element identified by ``locator`` into view.</doc>
<status status="PASS" starttime="20260123 11:42:20.969" endtime="20260123 11:42:21.237"/>
</kw>
<kw name="Sleep" library="BuiltIn">
<arg>0.3s</arg>
<doc>Pauses the test executed for the given time.</doc>
<msg timestamp="20260123 11:42:21.538" level="INFO">Slept 300 milliseconds</msg>
<status status="PASS" starttime="20260123 11:42:21.238" endtime="20260123 11:42:21.538"/>
</kw>
<kw name="Wait Until Element Is Visible" library="SeleniumLibrary">
<arg>${link}</arg>
<arg>10s</arg>
<doc>Waits until the element ``locator`` is visible.</doc>
<status status="PASS" starttime="20260123 11:42:21.538" endtime="20260123 11:42:21.546"/>
</kw>
<kw name="Wait Until Element Is Enabled" library="SeleniumLibrary">
<arg>${link}</arg>
<arg>10s</arg>
<doc>Waits until the element ``locator`` is enabled.</doc>
<status status="PASS" starttime="20260123 11:42:21.546" endtime="20260123 11:42:21.557"/>
</kw>
<kw name="Run Keyword And Return Status" library="BuiltIn">
<var>${clicked}</var>
<arg>Click Element</arg>
<arg>${link}</arg>
<doc>Runs the given keyword with given arguments and returns the status as a Boolean value.</doc>
<kw name="Click Element" library="SeleniumLibrary">
<arg>${link}</arg>
<doc>Click the element identified by ``locator``.</doc>
<msg timestamp="20260123 11:42:21.558" level="INFO">Clicking element '&lt;selenium.webdriver.remote.webelement.WebElement (session="51e8c5cf2292a855941448f1ac8f1aa2", element="f.D85568AC82DBCD608A21889CA87D8618.d.797BD14DE0635A7EC8A59FF59CAAFE2C.e.918")&gt;'.</msg>
<status status="PASS" starttime="20260123 11:42:21.558" endtime="20260123 11:42:21.596"/>
</kw>
<msg timestamp="20260123 11:42:21.597" level="INFO">${clicked} = True</msg>
<status status="PASS" starttime="20260123 11:42:21.558" endtime="20260123 11:42:21.597"/>
</kw>
<if>
<branch type="IF" condition="not ${clicked}">
<kw name="Log" library="BuiltIn">
<arg>JS click fallback for: ${text}</arg>
<doc>Logs the given message with the given level.</doc>
<status status="NOT RUN" starttime="20260123 11:42:21.597" endtime="20260123 11:42:21.597"/>
</kw>
<kw name="Execute Javascript" library="SeleniumLibrary">
<arg>arguments[0].click();</arg>
<arg>${link}</arg>
<doc>Executes the given JavaScript code with possible arguments.</doc>
<status status="NOT RUN" starttime="20260123 11:42:21.597" endtime="20260123 11:42:21.597"/>
</kw>
<status status="NOT RUN" starttime="20260123 11:42:21.597" endtime="20260123 11:42:21.597"/>
</branch>
<status status="PASS" starttime="20260123 11:42:21.597" endtime="20260123 11:42:21.597"/>
</if>
<kw name="Sleep" library="BuiltIn">
<arg>0.6s</arg>
<doc>Pauses the test executed for the given time.</doc>
<msg timestamp="20260123 11:42:22.199" level="INFO">Slept 600 milliseconds</msg>
<status status="PASS" starttime="20260123 11:42:21.598" endtime="20260123 11:42:22.199"/>
</kw>
<kw name="Run Keyword And Ignore Error" library="BuiltIn">
<arg>Capture Page Screenshot</arg>
<doc>Runs the given keyword with the given arguments and ignores possible error.</doc>
<kw name="Capture Page Screenshot" library="SeleniumLibrary">
<doc>Takes a screenshot of the current page and embeds it into a log file.</doc>
<msg timestamp="20260123 11:42:22.394" level="INFO" html="true">&lt;/td&gt;&lt;/tr&gt;&lt;tr&gt;&lt;td colspan="3"&gt;&lt;a href="selenium-screenshot-1637.png"&gt;&lt;img src="selenium-screenshot-1637.png" width="800px"&gt;&lt;/a&gt;</msg>
<status status="PASS" starttime="20260123 11:42:22.199" endtime="20260123 11:42:22.394"/>
</kw>
<status status="PASS" starttime="20260123 11:42:22.199" endtime="20260123 11:42:22.394"/>
</kw>
<status status="PASS" starttime="20260123 11:42:20.951" endtime="20260123 11:42:22.395"/>
</iter>
<iter>
<var name="${index}">7</var>
<kw name="Get WebElements" library="SeleniumLibrary">
<var>${links}</var>
<arg>${NAV_LINKS}</arg>
<doc>Returns a list of WebElement objects matching the ``locator``.</doc>
<msg timestamp="20260123 11:42:22.404" level="INFO">${links} = [&lt;selenium.webdriver.remote.webelement.WebElement (session="51e8c5cf2292a855941448f1ac8f1aa2", element="f.D85568AC82DBCD608A21889CA87D8618.d.797BD14DE0635A7EC8A59FF59CAAFE2C.e.912")&gt;, &lt;selenium.webdri...</msg>
<status status="PASS" starttime="20260123 11:42:22.395" endtime="20260123 11:42:22.404"/>
</kw>
<kw name="Set Variable" library="BuiltIn">
<var>${link}</var>
<arg>${links}[${index}]</arg>
<doc>Returns the given values which can then be assigned to a variables.</doc>
<msg timestamp="20260123 11:42:22.405" level="INFO">${link} = &lt;selenium.webdriver.remote.webelement.WebElement (session="51e8c5cf2292a855941448f1ac8f1aa2", element="f.D85568AC82DBCD608A21889CA87D8618.d.797BD14DE0635A7EC8A59FF59CAAFE2C.e.919")&gt;</msg>
<status status="PASS" starttime="20260123 11:42:22.405" endtime="20260123 11:42:22.405"/>
</kw>
<kw name="Get Text" library="SeleniumLibrary">
<var>${text}</var>
<arg>${link}</arg>
<doc>Returns the text value of the element identified by ``locator``.</doc>
<msg timestamp="20260123 11:42:22.415" level="INFO">${text} = Imp Info</msg>
<status status="PASS" starttime="20260123 11:42:22.405" endtime="20260123 11:42:22.415"/>
</kw>
<kw name="Log" library="BuiltIn">
<arg>Clicking: ${text}</arg>
<doc>Logs the given message with the given level.</doc>
<msg timestamp="20260123 11:42:22.416" level="INFO">Clicking: Imp Info</msg>
<status status="PASS" starttime="20260123 11:42:22.415" endtime="20260123 11:42:22.416"/>
</kw>
<kw name="Scroll Element Into View" library="SeleniumLibrary">
<arg>${link}</arg>
<doc>Scrolls the element identified by ``locator`` into view.</doc>
<status status="PASS" starttime="20260123 11:42:22.416" endtime="20260123 11:42:22.685"/>
</kw>
<kw name="Sleep" library="BuiltIn">
<arg>0.3s</arg>
<doc>Pauses the test executed for the given time.</doc>
<msg timestamp="20260123 11:42:22.986" level="INFO">Slept 300 milliseconds</msg>
<status status="PASS" starttime="20260123 11:42:22.686" endtime="20260123 11:42:22.986"/>
</kw>
<kw name="Wait Until Element Is Visible" library="SeleniumLibrary">
<arg>${link}</arg>
<arg>10s</arg>
<doc>Waits until the element ``locator`` is visible.</doc>
<status status="PASS" starttime="20260123 11:42:22.987" endtime="20260123 11:42:22.995"/>
</kw>
<kw name="Wait Until Element Is Enabled" library="SeleniumLibrary">
<arg>${link}</arg>
<arg>10s</arg>
<doc>Waits until the element ``locator`` is enabled.</doc>
<status status="PASS" starttime="20260123 11:42:22.995" endtime="20260123 11:42:23.006"/>
</kw>
<kw name="Run Keyword And Return Status" library="BuiltIn">
<var>${clicked}</var>
<arg>Click Element</arg>
<arg>${link}</arg>
<doc>Runs the given keyword with given arguments and returns the status as a Boolean value.</doc>
<kw name="Click Element" library="SeleniumLibrary">
<arg>${link}</arg>
<doc>Click the element identified by ``locator``.</doc>
<msg timestamp="20260123 11:42:23.007" level="INFO">Clicking element '&lt;selenium.webdriver.remote.webelement.WebElement (session="51e8c5cf2292a855941448f1ac8f1aa2", element="f.D85568AC82DBCD608A21889CA87D8618.d.797BD14DE0635A7EC8A59FF59CAAFE2C.e.919")&gt;'.</msg>
<status status="PASS" starttime="20260123 11:42:23.006" endtime="20260123 11:42:23.045"/>
</kw>
<msg timestamp="20260123 11:42:23.045" level="INFO">${clicked} = True</msg>
<status status="PASS" starttime="20260123 11:42:23.006" endtime="20260123 11:42:23.045"/>
</kw>
<if>
<branch type="IF" condition="not ${clicked}">
<kw name="Log" library="BuiltIn">
<arg>JS click fallback for: ${text}</arg>
<doc>Logs the given message with the given level.</doc>
<status status="NOT RUN" starttime="20260123 11:42:23.046" endtime="20260123 11:42:23.046"/>
</kw>
<kw name="Execute Javascript" library="SeleniumLibrary">
<arg>arguments[0].click();</arg>
<arg>${link}</arg>
<doc>Executes the given JavaScript code with possible arguments.</doc>
<status status="NOT RUN" starttime="20260123 11:42:23.046" endtime="20260123 11:42:23.046"/>
</kw>
<status status="NOT RUN" starttime="20260123 11:42:23.045" endtime="20260123 11:42:23.046"/>
</branch>
<status status="PASS" starttime="20260123 11:42:23.045" endtime="20260123 11:42:23.046"/>
</if>
<kw name="Sleep" library="BuiltIn">
<arg>0.6s</arg>
<doc>Pauses the test executed for the given time.</doc>
<msg timestamp="20260123 11:42:23.647" level="INFO">Slept 600 milliseconds</msg>
<status status="PASS" starttime="20260123 11:42:23.046" endtime="20260123 11:42:23.647"/>
</kw>
<kw name="Run Keyword And Ignore Error" library="BuiltIn">
<arg>Capture Page Screenshot</arg>
<doc>Runs the given keyword with the given arguments and ignores possible error.</doc>
<kw name="Capture Page Screenshot" library="SeleniumLibrary">
<doc>Takes a screenshot of the current page and embeds it into a log file.</doc>
<msg timestamp="20260123 11:42:23.814" level="INFO" html="true">&lt;/td&gt;&lt;/tr&gt;&lt;tr&gt;&lt;td colspan="3"&gt;&lt;a href="selenium-screenshot-1638.png"&gt;&lt;img src="selenium-screenshot-1638.png" width="800px"&gt;&lt;/a&gt;</msg>
<status status="PASS" starttime="20260123 11:42:23.647" endtime="20260123 11:42:23.814"/>
</kw>
<status status="PASS" starttime="20260123 11:42:23.647" endtime="20260123 11:42:23.814"/>
</kw>
<status status="PASS" starttime="20260123 11:42:22.395" endtime="20260123 11:42:23.814"/>
</iter>
<iter>
<var name="${index}">8</var>
<kw name="Get WebElements" library="SeleniumLibrary">
<var>${links}</var>
<arg>${NAV_LINKS}</arg>
<doc>Returns a list of WebElement objects matching the ``locator``.</doc>
<msg timestamp="20260123 11:42:23.823" level="INFO">${links} = [&lt;selenium.webdriver.remote.webelement.WebElement (session="51e8c5cf2292a855941448f1ac8f1aa2", element="f.D85568AC82DBCD608A21889CA87D8618.d.797BD14DE0635A7EC8A59FF59CAAFE2C.e.912")&gt;, &lt;selenium.webdri...</msg>
<status status="PASS" starttime="20260123 11:42:23.815" endtime="20260123 11:42:23.823"/>
</kw>
<kw name="Set Variable" library="BuiltIn">
<var>${link}</var>
<arg>${links}[${index}]</arg>
<doc>Returns the given values which can then be assigned to a variables.</doc>
<msg timestamp="20260123 11:42:23.824" level="INFO">${link} = &lt;selenium.webdriver.remote.webelement.WebElement (session="51e8c5cf2292a855941448f1ac8f1aa2", element="f.D85568AC82DBCD608A21889CA87D8618.d.797BD14DE0635A7EC8A59FF59CAAFE2C.e.920")&gt;</msg>
<status status="PASS" starttime="20260123 11:42:23.824" endtime="20260123 11:42:23.824"/>
</kw>
<kw name="Get Text" library="SeleniumLibrary">
<var>${text}</var>
<arg>${link}</arg>
<doc>Returns the text value of the element identified by ``locator``.</doc>
<msg timestamp="20260123 11:42:23.833" level="INFO">${text} = FAQS</msg>
<status status="PASS" starttime="20260123 11:42:23.824" endtime="20260123 11:42:23.833"/>
</kw>
<kw name="Log" library="BuiltIn">
<arg>Clicking: ${text}</arg>
<doc>Logs the given message with the given level.</doc>
<msg timestamp="20260123 11:42:23.833" level="INFO">Clicking: FAQS</msg>
<status status="PASS" starttime="20260123 11:42:23.833" endtime="20260123 11:42:23.833"/>
</kw>
<kw name="Scroll Element Into View" library="SeleniumLibrary">
<arg>${link}</arg>
<doc>Scrolls the element identified by ``locator`` into view.</doc>
<status status="PASS" starttime="20260123 11:42:23.833" endtime="20260123 11:42:24.100"/>
</kw>
<kw name="Sleep" library="BuiltIn">
<arg>0.3s</arg>
<doc>Pauses the test executed for the given time.</doc>
<msg timestamp="20260123 11:42:24.400" level="INFO">Slept 300 milliseconds</msg>
<status status="PASS" starttime="20260123 11:42:24.100" endtime="20260123 11:42:24.401"/>
</kw>
<kw name="Wait Until Element Is Visible" library="SeleniumLibrary">
<arg>${link}</arg>
<arg>10s</arg>
<doc>Waits until the element ``locator`` is visible.</doc>
<status status="PASS" starttime="20260123 11:42:24.401" endtime="20260123 11:42:24.409"/>
</kw>
<kw name="Wait Until Element Is Enabled" library="SeleniumLibrary">
<arg>${link}</arg>
<arg>10s</arg>
<doc>Waits until the element ``locator`` is enabled.</doc>
<status status="PASS" starttime="20260123 11:42:24.409" endtime="20260123 11:42:24.421"/>
</kw>
<kw name="Run Keyword And Return Status" library="BuiltIn">
<var>${clicked}</var>
<arg>Click Element</arg>
<arg>${link}</arg>
<doc>Runs the given keyword with given arguments and returns the status as a Boolean value.</doc>
<kw name="Click Element" library="SeleniumLibrary">
<arg>${link}</arg>
<doc>Click the element identified by ``locator``.</doc>
<msg timestamp="20260123 11:42:24.422" level="INFO">Clicking element '&lt;selenium.webdriver.remote.webelement.WebElement (session="51e8c5cf2292a855941448f1ac8f1aa2", element="f.D85568AC82DBCD608A21889CA87D8618.d.797BD14DE0635A7EC8A59FF59CAAFE2C.e.920")&gt;'.</msg>
<status status="PASS" starttime="20260123 11:42:24.421" endtime="20260123 11:42:24.463"/>
</kw>
<msg timestamp="20260123 11:42:24.463" level="INFO">${clicked} = True</msg>
<status status="PASS" starttime="20260123 11:42:24.421" endtime="20260123 11:42:24.463"/>
</kw>
<if>
<branch type="IF" condition="not ${clicked}">
<kw name="Log" library="BuiltIn">
<arg>JS click fallback for: ${text}</arg>
<doc>Logs the given message with the given level.</doc>
<status status="NOT RUN" starttime="20260123 11:42:24.463" endtime="20260123 11:42:24.463"/>
</kw>
<kw name="Execute Javascript" library="SeleniumLibrary">
<arg>arguments[0].click();</arg>
<arg>${link}</arg>
<doc>Executes the given JavaScript code with possible arguments.</doc>
<status status="NOT RUN" starttime="20260123 11:42:24.463" endtime="20260123 11:42:24.464"/>
</kw>
<status status="NOT RUN" starttime="20260123 11:42:24.463" endtime="20260123 11:42:24.464"/>
</branch>
<status status="PASS" starttime="20260123 11:42:24.463" endtime="20260123 11:42:24.464"/>
</if>
<kw name="Sleep" library="BuiltIn">
<arg>0.6s</arg>
<doc>Pauses the test executed for the given time.</doc>
<msg timestamp="20260123 11:42:25.064" level="INFO">Slept 600 milliseconds</msg>
<status status="PASS" starttime="20260123 11:42:24.464" endtime="20260123 11:42:25.064"/>
</kw>
<kw name="Run Keyword And Ignore Error" library="BuiltIn">
<arg>Capture Page Screenshot</arg>
<doc>Runs the given keyword with the given arguments and ignores possible error.</doc>
<kw name="Capture Page Screenshot" library="SeleniumLibrary">
<doc>Takes a screenshot of the current page and embeds it into a log file.</doc>
<msg timestamp="20260123 11:42:25.253" level="INFO" html="true">&lt;/td&gt;&lt;/tr&gt;&lt;tr&gt;&lt;td colspan="3"&gt;&lt;a href="selenium-screenshot-1639.png"&gt;&lt;img src="selenium-screenshot-1639.png" width="800px"&gt;&lt;/a&gt;</msg>
<status status="PASS" starttime="20260123 11:42:25.065" endtime="20260123 11:42:25.253"/>
</kw>
<status status="PASS" starttime="20260123 11:42:25.064" endtime="20260123 11:42:25.254"/>
</kw>
<status status="PASS" starttime="20260123 11:42:23.814" endtime="20260123 11:42:25.254"/>
</iter>
<status status="PASS" starttime="20260123 11:42:12.274" endtime="20260123 11:42:25.254"/>
</for>
<status status="PASS" starttime="20260123 11:42:11.462" endtime="20260123 11:42:25.254"/>
</kw>
<kw name="Scroll Element Into View" library="SeleniumLibrary">
<arg>${amayangri_content}</arg>
<doc>Scrolls the element identified by ``locator`` into view.</doc>
<status status="PASS" starttime="20260123 11:42:25.254" endtime="20260123 11:42:25.532"/>
</kw>
<status status="PASS" starttime="20260123 11:41:59.041" endtime="20260123 11:42:25.533"/>
</kw>
<kw name="Close Browser" library="SeleniumLibrary" type="TEARDOWN">
<doc>Closes the current browser.</doc>
<status status="PASS" starttime="20260123 11:42:25.533" endtime="20260123 11:42:27.860"/>
</kw>
<status status="PASS" starttime="20260123 11:35:37.255" endtime="20260123 11:42:27.861"/>
</test>
<status status="PASS" starttime="20260123 11:35:36.748" endtime="20260123 11:42:27.862"/>
</suite>
<statistics>
<total>
<stat pass="1" fail="0" skip="0">All Tests</stat>
</total>
<tag>
</tag>
<suite>
<stat pass="1" fail="0" skip="0" id="s1" name="Treks Tours">Treks Tours</stat>
</suite>
</statistics>
<errors>
<msg timestamp="20260123 11:36:24.624" level="WARN">Keyword 'BuiltIn.Run Keyword Unless' is deprecated. </msg>
<msg timestamp="20260123 11:36:36.992" level="WARN">Keyword 'BuiltIn.Run Keyword Unless' is deprecated. </msg>
</errors>
</robot>
