<?xml version="1.0" encoding="UTF-8"?>
<robot generator="Robot 6.1.1 (Python 3.13.9 on win32)" generated="20260126 11:14:37.698" rpa="false" schemaversion="4">
<suite id="s1" name="Explore The Ancient" source="C:\Users\Swarup Dahal\PycharmProjects\trail-quest\tests\explore_the_ancient.robot">
<test id="s1-t1" name="Explore The Ancient Tests" line="8">
<kw name="Open Homepage" library="home_page">
<kw name="Open Browser To Application" library="browser">
<kw name="Evaluate" library="BuiltIn">
<var>${chrome_options}</var>
<arg>selenium.webdriver.ChromeOptions()</arg>
<arg>modules=selenium.webdriver</arg>
<doc>Evaluates the given expression in Python and returns the result.</doc>
<msg timestamp="20260126 11:14:38.219" level="INFO">${chrome_options} = &lt;selenium.webdriver.chrome.options.Options object at 0x000001862BFFB620&gt;</msg>
<status status="PASS" starttime="20260126 11:14:38.219" endtime="20260126 11:14:38.219"/>
</kw>
<kw name="Create List" library="BuiltIn">
<var>${args}</var>
<arg>--window-size=1920,1080</arg>
<arg>--start-maximized</arg>
<arg>--no-sandbox</arg>
<arg>--disable-dev-shm-usage</arg>
<arg>--disable-gpu</arg>
<arg>--disable-software-rasterizer</arg>
<arg>--remote-debugging-port=9222</arg>
<arg>--disable-extensions</arg>
<arg>--disable-setuid-sandbox</arg>
<doc>Returns a list containing given items.</doc>
<msg timestamp="20260126 11:14:38.220" level="INFO">${args} = ['--window-size=1920,1080', '--start-maximized', '--no-sandbox', '--disable-dev-shm-usage', '--disable-gpu', '--disable-software-rasterizer', '--remote-debugging-port=9222', '--disable-extensions', '-...</msg>
<status status="PASS" starttime="20260126 11:14:38.219" endtime="20260126 11:14:38.220"/>
</kw>
<for flavor="IN">
<var>${arg}</var>
<value>@{args}</value>
<iter>
<var name="${arg}">--window-size=1920,1080</var>
<kw name="Call Method" library="BuiltIn">
<arg>${chrome_options}</arg>
<arg>add_argument</arg>
<arg>${arg}</arg>
<doc>Calls the named method of the given object with the provided arguments.</doc>
<status status="PASS" starttime="20260126 11:14:38.220" endtime="20260126 11:14:38.221"/>
</kw>
<status status="PASS" starttime="20260126 11:14:38.220" endtime="20260126 11:14:38.221"/>
</iter>
<iter>
<var name="${arg}">--start-maximized</var>
<kw name="Call Method" library="BuiltIn">
<arg>${chrome_options}</arg>
<arg>add_argument</arg>
<arg>${arg}</arg>
<doc>Calls the named method of the given object with the provided arguments.</doc>
<status status="PASS" starttime="20260126 11:14:38.221" endtime="20260126 11:14:38.221"/>
</kw>
<status status="PASS" starttime="20260126 11:14:38.221" endtime="20260126 11:14:38.221"/>
</iter>
<iter>
<var name="${arg}">--no-sandbox</var>
<kw name="Call Method" library="BuiltIn">
<arg>${chrome_options}</arg>
<arg>add_argument</arg>
<arg>${arg}</arg>
<doc>Calls the named method of the given object with the provided arguments.</doc>
<status status="PASS" starttime="20260126 11:14:38.221" endtime="20260126 11:14:38.221"/>
</kw>
<status status="PASS" starttime="20260126 11:14:38.221" endtime="20260126 11:14:38.222"/>
</iter>
<iter>
<var name="${arg}">--disable-dev-shm-usage</var>
<kw name="Call Method" library="BuiltIn">
<arg>${chrome_options}</arg>
<arg>add_argument</arg>
<arg>${arg}</arg>
<doc>Calls the named method of the given object with the provided arguments.</doc>
<status status="PASS" starttime="20260126 11:14:38.222" endtime="20260126 11:14:38.222"/>
</kw>
<status status="PASS" starttime="20260126 11:14:38.222" endtime="20260126 11:14:38.222"/>
</iter>
<iter>
<var name="${arg}">--disable-gpu</var>
<kw name="Call Method" library="BuiltIn">
<arg>${chrome_options}</arg>
<arg>add_argument</arg>
<arg>${arg}</arg>
<doc>Calls the named method of the given object with the provided arguments.</doc>
<status status="PASS" starttime="20260126 11:14:38.222" endtime="20260126 11:14:38.223"/>
</kw>
<status status="PASS" starttime="20260126 11:14:38.222" endtime="20260126 11:14:38.223"/>
</iter>
<iter>
<var name="${arg}">--disable-software-rasterizer</var>
<kw name="Call Method" library="BuiltIn">
<arg>${chrome_options}</arg>
<arg>add_argument</arg>
<arg>${arg}</arg>
<doc>Calls the named method of the given object with the provided arguments.</doc>
<status status="PASS" starttime="20260126 11:14:38.223" endtime="20260126 11:14:38.223"/>
</kw>
<status status="PASS" starttime="20260126 11:14:38.223" endtime="20260126 11:14:38.223"/>
</iter>
<iter>
<var name="${arg}">--remote-debugging-port=9222</var>
<kw name="Call Method" library="BuiltIn">
<arg>${chrome_options}</arg>
<arg>add_argument</arg>
<arg>${arg}</arg>
<doc>Calls the named method of the given object with the provided arguments.</doc>
<status status="PASS" starttime="20260126 11:14:38.223" endtime="20260126 11:14:38.224"/>
</kw>
<status status="PASS" starttime="20260126 11:14:38.223" endtime="20260126 11:14:38.224"/>
</iter>
<iter>
<var name="${arg}">--disable-extensions</var>
<kw name="Call Method" library="BuiltIn">
<arg>${chrome_options}</arg>
<arg>add_argument</arg>
<arg>${arg}</arg>
<doc>Calls the named method of the given object with the provided arguments.</doc>
<status status="PASS" starttime="20260126 11:14:38.224" endtime="20260126 11:14:38.224"/>
</kw>
<status status="PASS" starttime="20260126 11:14:38.224" endtime="20260126 11:14:38.224"/>
</iter>
<iter>
<var name="${arg}">--disable-setuid-sandbox</var>
<kw name="Call Method" library="BuiltIn">
<arg>${chrome_options}</arg>
<arg>add_argument</arg>
<arg>${arg}</arg>
<doc>Calls the named method of the given object with the provided arguments.</doc>
<status status="PASS" starttime="20260126 11:14:38.224" endtime="20260126 11:14:38.224"/>
</kw>
<status status="PASS" starttime="20260126 11:14:38.224" endtime="20260126 11:14:38.225"/>
</iter>
<status status="PASS" starttime="20260126 11:14:38.220" endtime="20260126 11:14:38.225"/>
</for>
<kw name="Open Browser" library="SeleniumLibrary">
<arg>${BASE_URL}</arg>
<arg>${BROWSER}</arg>
<arg>options=${chrome_options}</arg>
<doc>Opens a new browser instance to the optional ``url``.</doc>
<msg timestamp="20260126 11:14:38.226" level="INFO">Opening browser 'Chrome' to base url 'https://trailquest.global/'.</msg>
<status status="PASS" starttime="20260126 11:14:38.225" endtime="20260126 11:14:43.607"/>
</kw>
<status status="PASS" starttime="20260126 11:14:38.218" endtime="20260126 11:14:43.607"/>
</kw>
<kw name="Sleep" library="BuiltIn">
<arg>2s</arg>
<doc>Pauses the test executed for the given time.</doc>
<msg timestamp="20260126 11:14:45.610" level="INFO">Slept 2 seconds</msg>
<status status="PASS" starttime="20260126 11:14:43.608" endtime="20260126 11:14:45.610"/>
</kw>
<status status="PASS" starttime="20260126 11:14:38.218" endtime="20260126 11:14:45.610"/>
</kw>
<kw name="Verify Logo Is Visible" library="home_page">
<kw name="Wait Until Element Is Visible" library="SeleniumLibrary">
<arg>${logo}</arg>
<doc>Waits until the element ``locator`` is visible.</doc>
<status status="PASS" starttime="20260126 11:14:45.611" endtime="20260126 11:14:45.637"/>
</kw>
<kw name="Sleep" library="BuiltIn">
<arg>2s</arg>
<doc>Pauses the test executed for the given time.</doc>
<msg timestamp="20260126 11:14:47.638" level="INFO">Slept 2 seconds</msg>
<status status="PASS" starttime="20260126 11:14:45.637" endtime="20260126 11:14:47.638"/>
</kw>
<status status="PASS" starttime="20260126 11:14:45.610" endtime="20260126 11:14:47.638"/>
</kw>
<kw name="Open Trek And Tours Menu" library="home_page">
<kw name="Wait And Click" library="keywords">
<arg>${trek_and_tours}</arg>
<doc>Waits until element is visible &amp; enabled, scrolls into view, clicks, fallback to JS if normal click fails</doc>
<kw name="Wait Until Element Is Visible" library="SeleniumLibrary">
<arg>${locator}</arg>
<arg>${timeout}</arg>
<doc>Waits until the element ``locator`` is visible.</doc>
<status status="PASS" starttime="20260126 11:14:47.639" endtime="20260126 11:14:47.669"/>
</kw>
<kw name="Wait Until Element Is Enabled" library="SeleniumLibrary">
<arg>${locator}</arg>
<arg>${timeout}</arg>
<doc>Waits until the element ``locator`` is enabled.</doc>
<status status="PASS" starttime="20260126 11:14:47.669" endtime="20260126 11:14:47.693"/>
</kw>
<kw name="Scroll Element Into View" library="SeleniumLibrary">
<arg>${locator}</arg>
<doc>Scrolls the element identified by ``locator`` into view.</doc>
<status status="PASS" starttime="20260126 11:14:47.693" endtime="20260126 11:14:47.977"/>
</kw>
<kw name="Run Keyword And Return Status" library="BuiltIn">
<var>${clicked}</var>
<arg>Click Element</arg>
<arg>${locator}</arg>
<doc>Runs the given keyword with given arguments and returns the status as a Boolean value.</doc>
<kw name="Click Element" library="SeleniumLibrary">
<arg>${locator}</arg>
<doc>Click the element identified by ``locator``.</doc>
<msg timestamp="20260126 11:14:47.978" level="INFO">Clicking element 'xpath=/html/body/div[1]/header/div[1]/div/div/div/div/div[2]/div[2]/ul/li[2]/a/i'.</msg>
<status status="PASS" starttime="20260126 11:14:47.977" endtime="20260126 11:14:48.048"/>
</kw>
<msg timestamp="20260126 11:14:48.048" level="INFO">${clicked} = True</msg>
<status status="PASS" starttime="20260126 11:14:47.977" endtime="20260126 11:14:48.048"/>
</kw>
<if>
<branch type="IF" condition="not ${clicked}">
<kw name="Log" library="BuiltIn">
<arg>Using JS click fallback for ${locator}</arg>
<doc>Logs the given message with the given level.</doc>
<status status="NOT RUN" starttime="20260126 11:14:48.048" endtime="20260126 11:14:48.048"/>
</kw>
<kw name="Execute Javascript" library="SeleniumLibrary">
<arg>arguments[0].click();</arg>
<arg>document.evaluate("${locator.replace('xpath=','')}", document, null, XPathResult.FIRST_ORDERED_NODE_TYPE, null).singleNodeValue</arg>
<doc>Executes the given JavaScript code with possible arguments.</doc>
<status status="NOT RUN" starttime="20260126 11:14:48.049" endtime="20260126 11:14:48.049"/>
</kw>
<status status="NOT RUN" starttime="20260126 11:14:48.048" endtime="20260126 11:14:48.049"/>
</branch>
<status status="PASS" starttime="20260126 11:14:48.048" endtime="20260126 11:14:48.049"/>
</if>
<status status="PASS" starttime="20260126 11:14:47.639" endtime="20260126 11:14:48.049"/>
</kw>
<kw name="Sleep" library="BuiltIn">
<arg>2s</arg>
<doc>Pauses the test executed for the given time.</doc>
<msg timestamp="20260126 11:14:50.049" level="INFO">Slept 2 seconds</msg>
<status status="PASS" starttime="20260126 11:14:48.049" endtime="20260126 11:14:50.049"/>
</kw>
<status status="PASS" starttime="20260126 11:14:47.639" endtime="20260126 11:14:50.049"/>
</kw>
<kw name="Test Off the beaten" library="Explore_The_Ancient">
<kw name="Click Explore The Ancient" library="Explore_The_Ancient">
<kw name="Wait And Click" library="keywords">
<arg>${explore_the_ancient}</arg>
<doc>Waits until element is visible &amp; enabled, scrolls into view, clicks, fallback to JS if normal click fails</doc>
<kw name="Wait Until Element Is Visible" library="SeleniumLibrary">
<arg>${locator}</arg>
<arg>${timeout}</arg>
<doc>Waits until the element ``locator`` is visible.</doc>
<status status="PASS" starttime="20260126 11:14:50.051" endtime="20260126 11:14:50.072"/>
</kw>
<kw name="Wait Until Element Is Enabled" library="SeleniumLibrary">
<arg>${locator}</arg>
<arg>${timeout}</arg>
<doc>Waits until the element ``locator`` is enabled.</doc>
<status status="PASS" starttime="20260126 11:14:50.072" endtime="20260126 11:14:50.092"/>
</kw>
<kw name="Scroll Element Into View" library="SeleniumLibrary">
<arg>${locator}</arg>
<doc>Scrolls the element identified by ``locator`` into view.</doc>
<status status="PASS" starttime="20260126 11:14:50.092" endtime="20260126 11:14:50.367"/>
</kw>
<kw name="Run Keyword And Return Status" library="BuiltIn">
<var>${clicked}</var>
<arg>Click Element</arg>
<arg>${locator}</arg>
<doc>Runs the given keyword with given arguments and returns the status as a Boolean value.</doc>
<kw name="Click Element" library="SeleniumLibrary">
<arg>${locator}</arg>
<doc>Click the element identified by ``locator``.</doc>
<msg timestamp="20260126 11:14:50.368" level="INFO">Clicking element 'xpath=/html/body/div[1]/header/div[1]/div/div/div/div/div[2]/div[2]/ul/li[2]/ul/li[5]/a'.</msg>
<status status="PASS" starttime="20260126 11:14:50.368" endtime="20260126 11:14:53.456"/>
</kw>
<msg timestamp="20260126 11:14:53.457" level="INFO">${clicked} = True</msg>
<status status="PASS" starttime="20260126 11:14:50.368" endtime="20260126 11:14:53.457"/>
</kw>
<if>
<branch type="IF" condition="not ${clicked}">
<kw name="Log" library="BuiltIn">
<arg>Using JS click fallback for ${locator}</arg>
<doc>Logs the given message with the given level.</doc>
<status status="NOT RUN" starttime="20260126 11:14:53.458" endtime="20260126 11:14:53.458"/>
</kw>
<kw name="Execute Javascript" library="SeleniumLibrary">
<arg>arguments[0].click();</arg>
<arg>document.evaluate("${locator.replace('xpath=','')}", document, null, XPathResult.FIRST_ORDERED_NODE_TYPE, null).singleNodeValue</arg>
<doc>Executes the given JavaScript code with possible arguments.</doc>
<status status="NOT RUN" starttime="20260126 11:14:53.459" endtime="20260126 11:14:53.459"/>
</kw>
<status status="NOT RUN" starttime="20260126 11:14:53.457" endtime="20260126 11:14:53.459"/>
</branch>
<status status="PASS" starttime="20260126 11:14:53.457" endtime="20260126 11:14:53.459"/>
</if>
<status status="PASS" starttime="20260126 11:14:50.051" endtime="20260126 11:14:53.459"/>
</kw>
<kw name="Sleep" library="BuiltIn">
<arg>2s</arg>
<doc>Pauses the test executed for the given time.</doc>
<msg timestamp="20260126 11:14:55.460" level="INFO">Slept 2 seconds</msg>
<status status="PASS" starttime="20260126 11:14:53.459" endtime="20260126 11:14:55.460"/>
</kw>
<status status="PASS" starttime="20260126 11:14:50.050" endtime="20260126 11:14:55.460"/>
</kw>
<kw name="Wait Until Element Is Visible" library="SeleniumLibrary">
<arg>${explore_the_ancient_content}</arg>
<doc>Waits until the element ``locator`` is visible.</doc>
<status status="PASS" starttime="20260126 11:14:55.461" endtime="20260126 11:14:55.481"/>
</kw>
<kw name="Go Down to" library="treks_tours">
<kw name="Scroll Element Into View" library="SeleniumLibrary">
<arg>${header}</arg>
<doc>Scrolls the element identified by ``locator`` into view.</doc>
<status status="PASS" starttime="20260126 11:14:55.481" endtime="20260126 11:14:55.768"/>
</kw>
<kw name="Sleep" library="BuiltIn">
<arg>2s</arg>
<doc>Pauses the test executed for the given time.</doc>
<msg timestamp="20260126 11:14:57.769" level="INFO">Slept 2 seconds</msg>
<status status="PASS" starttime="20260126 11:14:55.768" endtime="20260126 11:14:57.769"/>
</kw>
<status status="PASS" starttime="20260126 11:14:55.481" endtime="20260126 11:14:57.769"/>
</kw>
<kw name="Wait And Click" library="keywords">
<arg>${off_the_beaten}</arg>
<doc>Waits until element is visible &amp; enabled, scrolls into view, clicks, fallback to JS if normal click fails</doc>
<kw name="Wait Until Element Is Visible" library="SeleniumLibrary">
<arg>${locator}</arg>
<arg>${timeout}</arg>
<doc>Waits until the element ``locator`` is visible.</doc>
<status status="PASS" starttime="20260126 11:14:57.770" endtime="20260126 11:14:57.788"/>
</kw>
<kw name="Wait Until Element Is Enabled" library="SeleniumLibrary">
<arg>${locator}</arg>
<arg>${timeout}</arg>
<doc>Waits until the element ``locator`` is enabled.</doc>
<status status="PASS" starttime="20260126 11:14:57.788" endtime="20260126 11:14:57.807"/>
</kw>
<kw name="Scroll Element Into View" library="SeleniumLibrary">
<arg>${locator}</arg>
<doc>Scrolls the element identified by ``locator`` into view.</doc>
<status status="PASS" starttime="20260126 11:14:57.807" endtime="20260126 11:14:58.081"/>
</kw>
<kw name="Run Keyword And Return Status" library="BuiltIn">
<var>${clicked}</var>
<arg>Click Element</arg>
<arg>${locator}</arg>
<doc>Runs the given keyword with given arguments and returns the status as a Boolean value.</doc>
<kw name="Click Element" library="SeleniumLibrary">
<arg>${locator}</arg>
<doc>Click the element identified by ``locator``.</doc>
<msg timestamp="20260126 11:14:58.083" level="INFO">Clicking element 'xpath=/html/body/div[3]/section/div/div/ul/li[1]'.</msg>
<status status="PASS" starttime="20260126 11:14:58.082" endtime="20260126 11:14:58.156"/>
</kw>
<msg timestamp="20260126 11:14:58.157" level="INFO">${clicked} = True</msg>
<status status="PASS" starttime="20260126 11:14:58.082" endtime="20260126 11:14:58.157"/>
</kw>
<if>
<branch type="IF" condition="not ${clicked}">
<kw name="Log" library="BuiltIn">
<arg>Using JS click fallback for ${locator}</arg>
<doc>Logs the given message with the given level.</doc>
<status status="NOT RUN" starttime="20260126 11:14:58.157" endtime="20260126 11:14:58.157"/>
</kw>
<kw name="Execute Javascript" library="SeleniumLibrary">
<arg>arguments[0].click();</arg>
<arg>document.evaluate("${locator.replace('xpath=','')}", document, null, XPathResult.FIRST_ORDERED_NODE_TYPE, null).singleNodeValue</arg>
<doc>Executes the given JavaScript code with possible arguments.</doc>
<status status="NOT RUN" starttime="20260126 11:14:58.158" endtime="20260126 11:14:58.158"/>
</kw>
<status status="NOT RUN" starttime="20260126 11:14:58.157" endtime="20260126 11:14:58.158"/>
</branch>
<status status="PASS" starttime="20260126 11:14:58.157" endtime="20260126 11:14:58.158"/>
</if>
<status status="PASS" starttime="20260126 11:14:57.769" endtime="20260126 11:14:58.158"/>
</kw>
<kw name="Wait Until Element Is Visible" library="SeleniumLibrary">
<arg>xpath=//*[@id="tab-off-the-beaten"]/section/div/div/div/div[2]/div</arg>
<doc>Waits until the element ``locator`` is visible.</doc>
<status status="PASS" starttime="20260126 11:14:58.158" endtime="20260126 11:14:58.181"/>
</kw>
<kw name="Sleep" library="BuiltIn">
<arg>1.5s</arg>
<doc>Pauses the test executed for the given time.</doc>
<msg timestamp="20260126 11:14:59.681" level="INFO">Slept 1 second 500 milliseconds</msg>
<status status="PASS" starttime="20260126 11:14:58.181" endtime="20260126 11:14:59.681"/>
</kw>
<status status="PASS" starttime="20260126 11:14:50.050" endtime="20260126 11:14:59.682"/>
</kw>
<kw name="Test Muktinath Tours" library="Explore_The_Ancient">
<kw name="Test Forgotten Culture" library="Explore_The_Ancient">
<kw name="Wait And Click" library="keywords">
<arg>${forgotten_culture}</arg>
<doc>Waits until element is visible &amp; enabled, scrolls into view, clicks, fallback to JS if normal click fails</doc>
<kw name="Wait Until Element Is Visible" library="SeleniumLibrary">
<arg>${locator}</arg>
<arg>${timeout}</arg>
<doc>Waits until the element ``locator`` is visible.</doc>
<status status="PASS" starttime="20260126 11:14:59.683" endtime="20260126 11:14:59.702"/>
</kw>
<kw name="Wait Until Element Is Enabled" library="SeleniumLibrary">
<arg>${locator}</arg>
<arg>${timeout}</arg>
<doc>Waits until the element ``locator`` is enabled.</doc>
<status status="PASS" starttime="20260126 11:14:59.703" endtime="20260126 11:14:59.720"/>
</kw>
<kw name="Scroll Element Into View" library="SeleniumLibrary">
<arg>${locator}</arg>
<doc>Scrolls the element identified by ``locator`` into view.</doc>
<status status="PASS" starttime="20260126 11:14:59.720" endtime="20260126 11:15:00.004"/>
</kw>
<kw name="Run Keyword And Return Status" library="BuiltIn">
<var>${clicked}</var>
<arg>Click Element</arg>
<arg>${locator}</arg>
<doc>Runs the given keyword with given arguments and returns the status as a Boolean value.</doc>
<kw name="Click Element" library="SeleniumLibrary">
<arg>${locator}</arg>
<doc>Click the element identified by ``locator``.</doc>
<msg timestamp="20260126 11:15:00.005" level="INFO">Clicking element 'xpath=/html/body/div[3]/section/div/div/ul/li[2]/h3'.</msg>
<status status="PASS" starttime="20260126 11:15:00.004" endtime="20260126 11:15:00.061"/>
</kw>
<msg timestamp="20260126 11:15:00.061" level="INFO">${clicked} = True</msg>
<status status="PASS" starttime="20260126 11:15:00.004" endtime="20260126 11:15:00.061"/>
</kw>
<if>
<branch type="IF" condition="not ${clicked}">
<kw name="Log" library="BuiltIn">
<arg>Using JS click fallback for ${locator}</arg>
<doc>Logs the given message with the given level.</doc>
<status status="NOT RUN" starttime="20260126 11:15:00.062" endtime="20260126 11:15:00.062"/>
</kw>
<kw name="Execute Javascript" library="SeleniumLibrary">
<arg>arguments[0].click();</arg>
<arg>document.evaluate("${locator.replace('xpath=','')}", document, null, XPathResult.FIRST_ORDERED_NODE_TYPE, null).singleNodeValue</arg>
<doc>Executes the given JavaScript code with possible arguments.</doc>
<status status="NOT RUN" starttime="20260126 11:15:00.062" endtime="20260126 11:15:00.062"/>
</kw>
<status status="NOT RUN" starttime="20260126 11:15:00.061" endtime="20260126 11:15:00.062"/>
</branch>
<status status="PASS" starttime="20260126 11:15:00.061" endtime="20260126 11:15:00.062"/>
</if>
<status status="PASS" starttime="20260126 11:14:59.683" endtime="20260126 11:15:00.062"/>
</kw>
<kw name="Wait Until Element Is Visible" library="SeleniumLibrary">
<arg>xpath=/html/body/div[3]/section/div/div/div[4]/section/div/div/div/div[2]</arg>
<doc>Waits until the element ``locator`` is visible.</doc>
<status status="PASS" starttime="20260126 11:15:00.062" endtime="20260126 11:15:00.084"/>
</kw>
<status status="PASS" starttime="20260126 11:14:59.682" endtime="20260126 11:15:00.084"/>
</kw>
<kw name="Scroll Element Into View" library="SeleniumLibrary">
<arg>xpath=/html/body/div[3]/section/div/div/div[4]/section/div/div/div/div[2]</arg>
<doc>Scrolls the element identified by ``locator`` into view.</doc>
<status status="PASS" starttime="20260126 11:15:00.084" endtime="20260126 11:15:00.360"/>
</kw>
<kw name="Wait And Click" library="keywords">
<arg>${Muktinath}</arg>
<doc>Waits until element is visible &amp; enabled, scrolls into view, clicks, fallback to JS if normal click fails</doc>
<kw name="Wait Until Element Is Visible" library="SeleniumLibrary">
<arg>${locator}</arg>
<arg>${timeout}</arg>
<doc>Waits until the element ``locator`` is visible.</doc>
<status status="PASS" starttime="20260126 11:15:00.361" endtime="20260126 11:15:00.380"/>
</kw>
<kw name="Wait Until Element Is Enabled" library="SeleniumLibrary">
<arg>${locator}</arg>
<arg>${timeout}</arg>
<doc>Waits until the element ``locator`` is enabled.</doc>
<status status="PASS" starttime="20260126 11:15:00.380" endtime="20260126 11:15:00.397"/>
</kw>
<kw name="Scroll Element Into View" library="SeleniumLibrary">
<arg>${locator}</arg>
<doc>Scrolls the element identified by ``locator`` into view.</doc>
<status status="PASS" starttime="20260126 11:15:00.397" endtime="20260126 11:15:00.685"/>
</kw>
<kw name="Run Keyword And Return Status" library="BuiltIn">
<var>${clicked}</var>
<arg>Click Element</arg>
<arg>${locator}</arg>
<doc>Runs the given keyword with given arguments and returns the status as a Boolean value.</doc>
<kw name="Click Element" library="SeleniumLibrary">
<arg>${locator}</arg>
<doc>Click the element identified by ``locator``.</doc>
<msg timestamp="20260126 11:15:00.686" level="INFO">Clicking element 'xpath=/html/body/div[3]/section/div/div/div[4]/section/div/div/div/div[2]/div[1]'.</msg>
<status status="PASS" starttime="20260126 11:15:00.685" endtime="20260126 11:15:02.079"/>
</kw>
<msg timestamp="20260126 11:15:02.079" level="INFO">${clicked} = True</msg>
<status status="PASS" starttime="20260126 11:15:00.685" endtime="20260126 11:15:02.079"/>
</kw>
<if>
<branch type="IF" condition="not ${clicked}">
<kw name="Log" library="BuiltIn">
<arg>Using JS click fallback for ${locator}</arg>
<doc>Logs the given message with the given level.</doc>
<status status="NOT RUN" starttime="20260126 11:15:02.080" endtime="20260126 11:15:02.080"/>
</kw>
<kw name="Execute Javascript" library="SeleniumLibrary">
<arg>arguments[0].click();</arg>
<arg>document.evaluate("${locator.replace('xpath=','')}", document, null, XPathResult.FIRST_ORDERED_NODE_TYPE, null).singleNodeValue</arg>
<doc>Executes the given JavaScript code with possible arguments.</doc>
<status status="NOT RUN" starttime="20260126 11:15:02.080" endtime="20260126 11:15:02.080"/>
</kw>
<status status="NOT RUN" starttime="20260126 11:15:02.079" endtime="20260126 11:15:02.080"/>
</branch>
<status status="PASS" starttime="20260126 11:15:02.079" endtime="20260126 11:15:02.080"/>
</if>
<status status="PASS" starttime="20260126 11:15:00.360" endtime="20260126 11:15:02.080"/>
</kw>
<kw name="Wait Until Element Is Visible" library="SeleniumLibrary">
<arg>${Muktinath_Content}</arg>
<doc>Waits until the element ``locator`` is visible.</doc>
<status status="PASS" starttime="20260126 11:15:02.080" endtime="20260126 11:15:02.188"/>
</kw>
<kw name="Scroll Element Into View" library="SeleniumLibrary">
<arg>xpath=/html/body/div[3]/nav</arg>
<doc>Scrolls the element identified by ``locator`` into view.</doc>
<status status="PASS" starttime="20260126 11:15:02.188" endtime="20260126 11:15:02.488"/>
</kw>
<kw name="Test Muktinath Tours Navbar" library="Explore_The_Ancient">
<doc>Click all section links inside sticky navbar (Intro → FAQS)</doc>
<kw name="Set Variable" library="BuiltIn">
<var>${NAVBAR}</var>
<arg>xpath=//nav[contains(@class,'sticky-navbar')]</arg>
<doc>Returns the given values which can then be assigned to a variables.</doc>
<msg timestamp="20260126 11:15:02.489" level="INFO">${NAVBAR} = xpath=//nav[contains(@class,'sticky-navbar')]</msg>
<status status="PASS" starttime="20260126 11:15:02.489" endtime="20260126 11:15:02.489"/>
</kw>
<kw name="Set Variable" library="BuiltIn">
<var>${NAV_LINKS}</var>
<arg>xpath=//nav[contains(@class,'sticky-navbar')]//ul//a[contains(@class,'nav-link')]</arg>
<doc>Returns the given values which can then be assigned to a variables.</doc>
<msg timestamp="20260126 11:15:02.489" level="INFO">${NAV_LINKS} = xpath=//nav[contains(@class,'sticky-navbar')]//ul//a[contains(@class,'nav-link')]</msg>
<status status="PASS" starttime="20260126 11:15:02.489" endtime="20260126 11:15:02.489"/>
</kw>
<kw name="Wait Until Element Is Visible" library="SeleniumLibrary">
<arg>${NAVBAR}</arg>
<arg>15s</arg>
<doc>Waits until the element ``locator`` is visible.</doc>
<status status="PASS" starttime="20260126 11:15:02.489" endtime="20260126 11:15:02.509"/>
</kw>
<kw name="Scroll Element Into View" library="SeleniumLibrary">
<arg>${NAVBAR}</arg>
<doc>Scrolls the element identified by ``locator`` into view.</doc>
<status status="PASS" starttime="20260126 11:15:02.509" endtime="20260126 11:15:02.785"/>
</kw>
<kw name="Sleep" library="BuiltIn">
<arg>0.5s</arg>
<doc>Pauses the test executed for the given time.</doc>
<msg timestamp="20260126 11:15:03.286" level="INFO">Slept 500 milliseconds</msg>
<status status="PASS" starttime="20260126 11:15:02.785" endtime="20260126 11:15:03.286"/>
</kw>
<kw name="Get WebElements" library="SeleniumLibrary">
<var>${links}</var>
<arg>${NAV_LINKS}</arg>
<doc>Returns a list of WebElement objects matching the ``locator``.</doc>
<msg timestamp="20260126 11:15:03.302" level="INFO">${links} = [&lt;selenium.webdriver.remote.webelement.WebElement (session="80c037771e7b8e608cfcceaef780774d", element="f.75ECF2AC87269B7DA3ABA95466556B76.d.B539FA668CA0F5DAEBAF798B64E24AED.e.68")&gt;, &lt;selenium.webdriv...</msg>
<status status="PASS" starttime="20260126 11:15:03.286" endtime="20260126 11:15:03.302"/>
</kw>
<kw name="Get Length" library="BuiltIn">
<var>${count}</var>
<arg>${links}</arg>
<doc>Returns and logs the length of the given item as an integer.</doc>
<msg timestamp="20260126 11:15:03.302" level="INFO">Length is 9</msg>
<msg timestamp="20260126 11:15:03.303" level="INFO">${count} = 9</msg>
<status status="PASS" starttime="20260126 11:15:03.302" endtime="20260126 11:15:03.303"/>
</kw>
<kw name="Log" library="BuiltIn">
<arg>Sticky navbar links found: ${count}</arg>
<doc>Logs the given message with the given level.</doc>
<msg timestamp="20260126 11:15:03.303" level="INFO">Sticky navbar links found: 9</msg>
<status status="PASS" starttime="20260126 11:15:03.303" endtime="20260126 11:15:03.303"/>
</kw>
<for flavor="IN RANGE">
<var>${index}</var>
<value>${count}</value>
<iter>
<var name="${index}">0</var>
<kw name="Get WebElements" library="SeleniumLibrary">
<var>${links}</var>
<arg>${NAV_LINKS}</arg>
<doc>Returns a list of WebElement objects matching the ``locator``.</doc>
<msg timestamp="20260126 11:15:03.315" level="INFO">${links} = [&lt;selenium.webdriver.remote.webelement.WebElement (session="80c037771e7b8e608cfcceaef780774d", element="f.75ECF2AC87269B7DA3ABA95466556B76.d.B539FA668CA0F5DAEBAF798B64E24AED.e.68")&gt;, &lt;selenium.webdriv...</msg>
<status status="PASS" starttime="20260126 11:15:03.303" endtime="20260126 11:15:03.315"/>
</kw>
<kw name="Set Variable" library="BuiltIn">
<var>${link}</var>
<arg>${links}[${index}]</arg>
<doc>Returns the given values which can then be assigned to a variables.</doc>
<msg timestamp="20260126 11:15:03.315" level="INFO">${link} = &lt;selenium.webdriver.remote.webelement.WebElement (session="80c037771e7b8e608cfcceaef780774d", element="f.75ECF2AC87269B7DA3ABA95466556B76.d.B539FA668CA0F5DAEBAF798B64E24AED.e.68")&gt;</msg>
<status status="PASS" starttime="20260126 11:15:03.315" endtime="20260126 11:15:03.315"/>
</kw>
<kw name="Get Text" library="SeleniumLibrary">
<var>${text}</var>
<arg>${link}</arg>
<doc>Returns the text value of the element identified by ``locator``.</doc>
<msg timestamp="20260126 11:15:03.332" level="INFO">${text} = Intro</msg>
<status status="PASS" starttime="20260126 11:15:03.316" endtime="20260126 11:15:03.332"/>
</kw>
<kw name="Log" library="BuiltIn">
<arg>Clicking: ${text}</arg>
<doc>Logs the given message with the given level.</doc>
<msg timestamp="20260126 11:15:03.332" level="INFO">Clicking: Intro</msg>
<status status="PASS" starttime="20260126 11:15:03.332" endtime="20260126 11:15:03.332"/>
</kw>
<kw name="Scroll Element Into View" library="SeleniumLibrary">
<arg>${link}</arg>
<doc>Scrolls the element identified by ``locator`` into view.</doc>
<status status="PASS" starttime="20260126 11:15:03.333" endtime="20260126 11:15:03.617"/>
</kw>
<kw name="Wait Until Element Is Visible" library="SeleniumLibrary">
<arg>${link}</arg>
<arg>10s</arg>
<doc>Waits until the element ``locator`` is visible.</doc>
<status status="PASS" starttime="20260126 11:15:03.618" endtime="20260126 11:15:03.626"/>
</kw>
<kw name="Wait Until Element Is Enabled" library="SeleniumLibrary">
<arg>${link}</arg>
<arg>10s</arg>
<doc>Waits until the element ``locator`` is enabled.</doc>
<status status="PASS" starttime="20260126 11:15:03.626" endtime="20260126 11:15:03.637"/>
</kw>
<kw name="Run Keyword And Return Status" library="BuiltIn">
<var>${status}</var>
<arg>Click Element</arg>
<arg>${link}</arg>
<doc>Runs the given keyword with given arguments and returns the status as a Boolean value.</doc>
<kw name="Click Element" library="SeleniumLibrary">
<arg>${link}</arg>
<doc>Click the element identified by ``locator``.</doc>
<msg timestamp="20260126 11:15:03.638" level="INFO">Clicking element '&lt;selenium.webdriver.remote.webelement.WebElement (session="80c037771e7b8e608cfcceaef780774d", element="f.75ECF2AC87269B7DA3ABA95466556B76.d.B539FA668CA0F5DAEBAF798B64E24AED.e.68")&gt;'.</msg>
<status status="PASS" starttime="20260126 11:15:03.637" endtime="20260126 11:15:03.683"/>
</kw>
<msg timestamp="20260126 11:15:03.683" level="INFO">${status} = True</msg>
<status status="PASS" starttime="20260126 11:15:03.637" endtime="20260126 11:15:03.683"/>
</kw>
<if>
<branch type="IF" condition="not ${status}">
<kw name="Execute Javascript" library="SeleniumLibrary">
<arg>arguments[0].click();</arg>
<arg>${link}</arg>
<doc>Executes the given JavaScript code with possible arguments.</doc>
<status status="NOT RUN" starttime="20260126 11:15:03.684" endtime="20260126 11:15:03.684"/>
</kw>
<status status="NOT RUN" starttime="20260126 11:15:03.683" endtime="20260126 11:15:03.684"/>
</branch>
<status status="PASS" starttime="20260126 11:15:03.683" endtime="20260126 11:15:03.684"/>
</if>
<kw name="Sleep" library="BuiltIn">
<arg>0.6s</arg>
<doc>Pauses the test executed for the given time.</doc>
<msg timestamp="20260126 11:15:04.284" level="INFO">Slept 600 milliseconds</msg>
<status status="PASS" starttime="20260126 11:15:03.684" endtime="20260126 11:15:04.285"/>
</kw>
<status status="PASS" starttime="20260126 11:15:03.303" endtime="20260126 11:15:04.285"/>
</iter>
<iter>
<var name="${index}">1</var>
<kw name="Get WebElements" library="SeleniumLibrary">
<var>${links}</var>
<arg>${NAV_LINKS}</arg>
<doc>Returns a list of WebElement objects matching the ``locator``.</doc>
<msg timestamp="20260126 11:15:04.294" level="INFO">${links} = [&lt;selenium.webdriver.remote.webelement.WebElement (session="80c037771e7b8e608cfcceaef780774d", element="f.75ECF2AC87269B7DA3ABA95466556B76.d.B539FA668CA0F5DAEBAF798B64E24AED.e.68")&gt;, &lt;selenium.webdriv...</msg>
<status status="PASS" starttime="20260126 11:15:04.285" endtime="20260126 11:15:04.294"/>
</kw>
<kw name="Set Variable" library="BuiltIn">
<var>${link}</var>
<arg>${links}[${index}]</arg>
<doc>Returns the given values which can then be assigned to a variables.</doc>
<msg timestamp="20260126 11:15:04.294" level="INFO">${link} = &lt;selenium.webdriver.remote.webelement.WebElement (session="80c037771e7b8e608cfcceaef780774d", element="f.75ECF2AC87269B7DA3ABA95466556B76.d.B539FA668CA0F5DAEBAF798B64E24AED.e.69")&gt;</msg>
<status status="PASS" starttime="20260126 11:15:04.294" endtime="20260126 11:15:04.294"/>
</kw>
<kw name="Get Text" library="SeleniumLibrary">
<var>${text}</var>
<arg>${link}</arg>
<doc>Returns the text value of the element identified by ``locator``.</doc>
<msg timestamp="20260126 11:15:04.303" level="INFO">${text} = KBYG</msg>
<status status="PASS" starttime="20260126 11:15:04.294" endtime="20260126 11:15:04.303"/>
</kw>
<kw name="Log" library="BuiltIn">
<arg>Clicking: ${text}</arg>
<doc>Logs the given message with the given level.</doc>
<msg timestamp="20260126 11:15:04.303" level="INFO">Clicking: KBYG</msg>
<status status="PASS" starttime="20260126 11:15:04.303" endtime="20260126 11:15:04.303"/>
</kw>
<kw name="Scroll Element Into View" library="SeleniumLibrary">
<arg>${link}</arg>
<doc>Scrolls the element identified by ``locator`` into view.</doc>
<status status="PASS" starttime="20260126 11:15:04.303" endtime="20260126 11:15:04.585"/>
</kw>
<kw name="Wait Until Element Is Visible" library="SeleniumLibrary">
<arg>${link}</arg>
<arg>10s</arg>
<doc>Waits until the element ``locator`` is visible.</doc>
<status status="PASS" starttime="20260126 11:15:04.585" endtime="20260126 11:15:04.592"/>
</kw>
<kw name="Wait Until Element Is Enabled" library="SeleniumLibrary">
<arg>${link}</arg>
<arg>10s</arg>
<doc>Waits until the element ``locator`` is enabled.</doc>
<status status="PASS" starttime="20260126 11:15:04.593" endtime="20260126 11:15:04.603"/>
</kw>
<kw name="Run Keyword And Return Status" library="BuiltIn">
<var>${status}</var>
<arg>Click Element</arg>
<arg>${link}</arg>
<doc>Runs the given keyword with given arguments and returns the status as a Boolean value.</doc>
<kw name="Click Element" library="SeleniumLibrary">
<arg>${link}</arg>
<doc>Click the element identified by ``locator``.</doc>
<msg timestamp="20260126 11:15:04.604" level="INFO">Clicking element '&lt;selenium.webdriver.remote.webelement.WebElement (session="80c037771e7b8e608cfcceaef780774d", element="f.75ECF2AC87269B7DA3ABA95466556B76.d.B539FA668CA0F5DAEBAF798B64E24AED.e.69")&gt;'.</msg>
<status status="PASS" starttime="20260126 11:15:04.604" endtime="20260126 11:15:04.653"/>
</kw>
<msg timestamp="20260126 11:15:04.653" level="INFO">${status} = True</msg>
<status status="PASS" starttime="20260126 11:15:04.603" endtime="20260126 11:15:04.653"/>
</kw>
<if>
<branch type="IF" condition="not ${status}">
<kw name="Execute Javascript" library="SeleniumLibrary">
<arg>arguments[0].click();</arg>
<arg>${link}</arg>
<doc>Executes the given JavaScript code with possible arguments.</doc>
<status status="NOT RUN" starttime="20260126 11:15:04.654" endtime="20260126 11:15:04.654"/>
</kw>
<status status="NOT RUN" starttime="20260126 11:15:04.654" endtime="20260126 11:15:04.654"/>
</branch>
<status status="PASS" starttime="20260126 11:15:04.654" endtime="20260126 11:15:04.654"/>
</if>
<kw name="Sleep" library="BuiltIn">
<arg>0.6s</arg>
<doc>Pauses the test executed for the given time.</doc>
<msg timestamp="20260126 11:15:05.255" level="INFO">Slept 600 milliseconds</msg>
<status status="PASS" starttime="20260126 11:15:04.654" endtime="20260126 11:15:05.255"/>
</kw>
<status status="PASS" starttime="20260126 11:15:04.285" endtime="20260126 11:15:05.255"/>
</iter>
<iter>
<var name="${index}">2</var>
<kw name="Get WebElements" library="SeleniumLibrary">
<var>${links}</var>
<arg>${NAV_LINKS}</arg>
<doc>Returns a list of WebElement objects matching the ``locator``.</doc>
<msg timestamp="20260126 11:15:05.264" level="INFO">${links} = [&lt;selenium.webdriver.remote.webelement.WebElement (session="80c037771e7b8e608cfcceaef780774d", element="f.75ECF2AC87269B7DA3ABA95466556B76.d.B539FA668CA0F5DAEBAF798B64E24AED.e.68")&gt;, &lt;selenium.webdriv...</msg>
<status status="PASS" starttime="20260126 11:15:05.255" endtime="20260126 11:15:05.264"/>
</kw>
<kw name="Set Variable" library="BuiltIn">
<var>${link}</var>
<arg>${links}[${index}]</arg>
<doc>Returns the given values which can then be assigned to a variables.</doc>
<msg timestamp="20260126 11:15:05.265" level="INFO">${link} = &lt;selenium.webdriver.remote.webelement.WebElement (session="80c037771e7b8e608cfcceaef780774d", element="f.75ECF2AC87269B7DA3ABA95466556B76.d.B539FA668CA0F5DAEBAF798B64E24AED.e.70")&gt;</msg>
<status status="PASS" starttime="20260126 11:15:05.264" endtime="20260126 11:15:05.265"/>
</kw>
<kw name="Get Text" library="SeleniumLibrary">
<var>${text}</var>
<arg>${link}</arg>
<doc>Returns the text value of the element identified by ``locator``.</doc>
<msg timestamp="20260126 11:15:05.273" level="INFO">${text} = Hightlights</msg>
<status status="PASS" starttime="20260126 11:15:05.265" endtime="20260126 11:15:05.273"/>
</kw>
<kw name="Log" library="BuiltIn">
<arg>Clicking: ${text}</arg>
<doc>Logs the given message with the given level.</doc>
<msg timestamp="20260126 11:15:05.274" level="INFO">Clicking: Hightlights</msg>
<status status="PASS" starttime="20260126 11:15:05.273" endtime="20260126 11:15:05.274"/>
</kw>
<kw name="Scroll Element Into View" library="SeleniumLibrary">
<arg>${link}</arg>
<doc>Scrolls the element identified by ``locator`` into view.</doc>
<status status="PASS" starttime="20260126 11:15:05.274" endtime="20260126 11:15:05.545"/>
</kw>
<kw name="Wait Until Element Is Visible" library="SeleniumLibrary">
<arg>${link}</arg>
<arg>10s</arg>
<doc>Waits until the element ``locator`` is visible.</doc>
<status status="PASS" starttime="20260126 11:15:05.545" endtime="20260126 11:15:05.553"/>
</kw>
<kw name="Wait Until Element Is Enabled" library="SeleniumLibrary">
<arg>${link}</arg>
<arg>10s</arg>
<doc>Waits until the element ``locator`` is enabled.</doc>
<status status="PASS" starttime="20260126 11:15:05.554" endtime="20260126 11:15:05.568"/>
</kw>
<kw name="Run Keyword And Return Status" library="BuiltIn">
<var>${status}</var>
<arg>Click Element</arg>
<arg>${link}</arg>
<doc>Runs the given keyword with given arguments and returns the status as a Boolean value.</doc>
<kw name="Click Element" library="SeleniumLibrary">
<arg>${link}</arg>
<doc>Click the element identified by ``locator``.</doc>
<msg timestamp="20260126 11:15:05.569" level="INFO">Clicking element '&lt;selenium.webdriver.remote.webelement.WebElement (session="80c037771e7b8e608cfcceaef780774d", element="f.75ECF2AC87269B7DA3ABA95466556B76.d.B539FA668CA0F5DAEBAF798B64E24AED.e.70")&gt;'.</msg>
<status status="PASS" starttime="20260126 11:15:05.568" endtime="20260126 11:15:05.614"/>
</kw>
<msg timestamp="20260126 11:15:05.614" level="INFO">${status} = True</msg>
<status status="PASS" starttime="20260126 11:15:05.568" endtime="20260126 11:15:05.614"/>
</kw>
<if>
<branch type="IF" condition="not ${status}">
<kw name="Execute Javascript" library="SeleniumLibrary">
<arg>arguments[0].click();</arg>
<arg>${link}</arg>
<doc>Executes the given JavaScript code with possible arguments.</doc>
<status status="NOT RUN" starttime="20260126 11:15:05.614" endtime="20260126 11:15:05.615"/>
</kw>
<status status="NOT RUN" starttime="20260126 11:15:05.614" endtime="20260126 11:15:05.615"/>
</branch>
<status status="PASS" starttime="20260126 11:15:05.614" endtime="20260126 11:15:05.615"/>
</if>
<kw name="Sleep" library="BuiltIn">
<arg>0.6s</arg>
<doc>Pauses the test executed for the given time.</doc>
<msg timestamp="20260126 11:15:06.215" level="INFO">Slept 600 milliseconds</msg>
<status status="PASS" starttime="20260126 11:15:05.615" endtime="20260126 11:15:06.215"/>
</kw>
<status status="PASS" starttime="20260126 11:15:05.255" endtime="20260126 11:15:06.215"/>
</iter>
<iter>
<var name="${index}">3</var>
<kw name="Get WebElements" library="SeleniumLibrary">
<var>${links}</var>
<arg>${NAV_LINKS}</arg>
<doc>Returns a list of WebElement objects matching the ``locator``.</doc>
<msg timestamp="20260126 11:15:06.224" level="INFO">${links} = [&lt;selenium.webdriver.remote.webelement.WebElement (session="80c037771e7b8e608cfcceaef780774d", element="f.75ECF2AC87269B7DA3ABA95466556B76.d.B539FA668CA0F5DAEBAF798B64E24AED.e.68")&gt;, &lt;selenium.webdriv...</msg>
<status status="PASS" starttime="20260126 11:15:06.216" endtime="20260126 11:15:06.224"/>
</kw>
<kw name="Set Variable" library="BuiltIn">
<var>${link}</var>
<arg>${links}[${index}]</arg>
<doc>Returns the given values which can then be assigned to a variables.</doc>
<msg timestamp="20260126 11:15:06.225" level="INFO">${link} = &lt;selenium.webdriver.remote.webelement.WebElement (session="80c037771e7b8e608cfcceaef780774d", element="f.75ECF2AC87269B7DA3ABA95466556B76.d.B539FA668CA0F5DAEBAF798B64E24AED.e.71")&gt;</msg>
<status status="PASS" starttime="20260126 11:15:06.224" endtime="20260126 11:15:06.225"/>
</kw>
<kw name="Get Text" library="SeleniumLibrary">
<var>${text}</var>
<arg>${link}</arg>
<doc>Returns the text value of the element identified by ``locator``.</doc>
<msg timestamp="20260126 11:15:06.233" level="INFO">${text} = Who For</msg>
<status status="PASS" starttime="20260126 11:15:06.225" endtime="20260126 11:15:06.233"/>
</kw>
<kw name="Log" library="BuiltIn">
<arg>Clicking: ${text}</arg>
<doc>Logs the given message with the given level.</doc>
<msg timestamp="20260126 11:15:06.234" level="INFO">Clicking: Who For</msg>
<status status="PASS" starttime="20260126 11:15:06.234" endtime="20260126 11:15:06.234"/>
</kw>
<kw name="Scroll Element Into View" library="SeleniumLibrary">
<arg>${link}</arg>
<doc>Scrolls the element identified by ``locator`` into view.</doc>
<status status="PASS" starttime="20260126 11:15:06.234" endtime="20260126 11:15:06.511"/>
</kw>
<kw name="Wait Until Element Is Visible" library="SeleniumLibrary">
<arg>${link}</arg>
<arg>10s</arg>
<doc>Waits until the element ``locator`` is visible.</doc>
<status status="PASS" starttime="20260126 11:15:06.511" endtime="20260126 11:15:06.519"/>
</kw>
<kw name="Wait Until Element Is Enabled" library="SeleniumLibrary">
<arg>${link}</arg>
<arg>10s</arg>
<doc>Waits until the element ``locator`` is enabled.</doc>
<status status="PASS" starttime="20260126 11:15:06.519" endtime="20260126 11:15:06.529"/>
</kw>
<kw name="Run Keyword And Return Status" library="BuiltIn">
<var>${status}</var>
<arg>Click Element</arg>
<arg>${link}</arg>
<doc>Runs the given keyword with given arguments and returns the status as a Boolean value.</doc>
<kw name="Click Element" library="SeleniumLibrary">
<arg>${link}</arg>
<doc>Click the element identified by ``locator``.</doc>
<msg timestamp="20260126 11:15:06.530" level="INFO">Clicking element '&lt;selenium.webdriver.remote.webelement.WebElement (session="80c037771e7b8e608cfcceaef780774d", element="f.75ECF2AC87269B7DA3ABA95466556B76.d.B539FA668CA0F5DAEBAF798B64E24AED.e.71")&gt;'.</msg>
<status status="PASS" starttime="20260126 11:15:06.530" endtime="20260126 11:15:06.575"/>
</kw>
<msg timestamp="20260126 11:15:06.575" level="INFO">${status} = True</msg>
<status status="PASS" starttime="20260126 11:15:06.529" endtime="20260126 11:15:06.575"/>
</kw>
<if>
<branch type="IF" condition="not ${status}">
<kw name="Execute Javascript" library="SeleniumLibrary">
<arg>arguments[0].click();</arg>
<arg>${link}</arg>
<doc>Executes the given JavaScript code with possible arguments.</doc>
<status status="NOT RUN" starttime="20260126 11:15:06.575" endtime="20260126 11:15:06.575"/>
</kw>
<status status="NOT RUN" starttime="20260126 11:15:06.575" endtime="20260126 11:15:06.576"/>
</branch>
<status status="PASS" starttime="20260126 11:15:06.575" endtime="20260126 11:15:06.576"/>
</if>
<kw name="Sleep" library="BuiltIn">
<arg>0.6s</arg>
<doc>Pauses the test executed for the given time.</doc>
<msg timestamp="20260126 11:15:07.176" level="INFO">Slept 600 milliseconds</msg>
<status status="PASS" starttime="20260126 11:15:06.576" endtime="20260126 11:15:07.176"/>
</kw>
<status status="PASS" starttime="20260126 11:15:06.215" endtime="20260126 11:15:07.176"/>
</iter>
<iter>
<var name="${index}">4</var>
<kw name="Get WebElements" library="SeleniumLibrary">
<var>${links}</var>
<arg>${NAV_LINKS}</arg>
<doc>Returns a list of WebElement objects matching the ``locator``.</doc>
<msg timestamp="20260126 11:15:07.185" level="INFO">${links} = [&lt;selenium.webdriver.remote.webelement.WebElement (session="80c037771e7b8e608cfcceaef780774d", element="f.75ECF2AC87269B7DA3ABA95466556B76.d.B539FA668CA0F5DAEBAF798B64E24AED.e.68")&gt;, &lt;selenium.webdriv...</msg>
<status status="PASS" starttime="20260126 11:15:07.177" endtime="20260126 11:15:07.185"/>
</kw>
<kw name="Set Variable" library="BuiltIn">
<var>${link}</var>
<arg>${links}[${index}]</arg>
<doc>Returns the given values which can then be assigned to a variables.</doc>
<msg timestamp="20260126 11:15:07.186" level="INFO">${link} = &lt;selenium.webdriver.remote.webelement.WebElement (session="80c037771e7b8e608cfcceaef780774d", element="f.75ECF2AC87269B7DA3ABA95466556B76.d.B539FA668CA0F5DAEBAF798B64E24AED.e.72")&gt;</msg>
<status status="PASS" starttime="20260126 11:15:07.186" endtime="20260126 11:15:07.186"/>
</kw>
<kw name="Get Text" library="SeleniumLibrary">
<var>${text}</var>
<arg>${link}</arg>
<doc>Returns the text value of the element identified by ``locator``.</doc>
<msg timestamp="20260126 11:15:07.195" level="INFO">${text} = Who Not For</msg>
<status status="PASS" starttime="20260126 11:15:07.186" endtime="20260126 11:15:07.195"/>
</kw>
<kw name="Log" library="BuiltIn">
<arg>Clicking: ${text}</arg>
<doc>Logs the given message with the given level.</doc>
<msg timestamp="20260126 11:15:07.195" level="INFO">Clicking: Who Not For</msg>
<status status="PASS" starttime="20260126 11:15:07.195" endtime="20260126 11:15:07.195"/>
</kw>
<kw name="Scroll Element Into View" library="SeleniumLibrary">
<arg>${link}</arg>
<doc>Scrolls the element identified by ``locator`` into view.</doc>
<status status="PASS" starttime="20260126 11:15:07.196" endtime="20260126 11:15:07.471"/>
</kw>
<kw name="Wait Until Element Is Visible" library="SeleniumLibrary">
<arg>${link}</arg>
<arg>10s</arg>
<doc>Waits until the element ``locator`` is visible.</doc>
<status status="PASS" starttime="20260126 11:15:07.471" endtime="20260126 11:15:07.479"/>
</kw>
<kw name="Wait Until Element Is Enabled" library="SeleniumLibrary">
<arg>${link}</arg>
<arg>10s</arg>
<doc>Waits until the element ``locator`` is enabled.</doc>
<status status="PASS" starttime="20260126 11:15:07.479" endtime="20260126 11:15:07.490"/>
</kw>
<kw name="Run Keyword And Return Status" library="BuiltIn">
<var>${status}</var>
<arg>Click Element</arg>
<arg>${link}</arg>
<doc>Runs the given keyword with given arguments and returns the status as a Boolean value.</doc>
<kw name="Click Element" library="SeleniumLibrary">
<arg>${link}</arg>
<doc>Click the element identified by ``locator``.</doc>
<msg timestamp="20260126 11:15:07.490" level="INFO">Clicking element '&lt;selenium.webdriver.remote.webelement.WebElement (session="80c037771e7b8e608cfcceaef780774d", element="f.75ECF2AC87269B7DA3ABA95466556B76.d.B539FA668CA0F5DAEBAF798B64E24AED.e.72")&gt;'.</msg>
<status status="PASS" starttime="20260126 11:15:07.490" endtime="20260126 11:15:07.536"/>
</kw>
<msg timestamp="20260126 11:15:07.536" level="INFO">${status} = True</msg>
<status status="PASS" starttime="20260126 11:15:07.490" endtime="20260126 11:15:07.536"/>
</kw>
<if>
<branch type="IF" condition="not ${status}">
<kw name="Execute Javascript" library="SeleniumLibrary">
<arg>arguments[0].click();</arg>
<arg>${link}</arg>
<doc>Executes the given JavaScript code with possible arguments.</doc>
<status status="NOT RUN" starttime="20260126 11:15:07.537" endtime="20260126 11:15:07.537"/>
</kw>
<status status="NOT RUN" starttime="20260126 11:15:07.536" endtime="20260126 11:15:07.537"/>
</branch>
<status status="PASS" starttime="20260126 11:15:07.536" endtime="20260126 11:15:07.537"/>
</if>
<kw name="Sleep" library="BuiltIn">
<arg>0.6s</arg>
<doc>Pauses the test executed for the given time.</doc>
<msg timestamp="20260126 11:15:08.137" level="INFO">Slept 600 milliseconds</msg>
<status status="PASS" starttime="20260126 11:15:07.537" endtime="20260126 11:15:08.137"/>
</kw>
<status status="PASS" starttime="20260126 11:15:07.176" endtime="20260126 11:15:08.138"/>
</iter>
<iter>
<var name="${index}">5</var>
<kw name="Get WebElements" library="SeleniumLibrary">
<var>${links}</var>
<arg>${NAV_LINKS}</arg>
<doc>Returns a list of WebElement objects matching the ``locator``.</doc>
<msg timestamp="20260126 11:15:08.147" level="INFO">${links} = [&lt;selenium.webdriver.remote.webelement.WebElement (session="80c037771e7b8e608cfcceaef780774d", element="f.75ECF2AC87269B7DA3ABA95466556B76.d.B539FA668CA0F5DAEBAF798B64E24AED.e.68")&gt;, &lt;selenium.webdriv...</msg>
<status status="PASS" starttime="20260126 11:15:08.138" endtime="20260126 11:15:08.147"/>
</kw>
<kw name="Set Variable" library="BuiltIn">
<var>${link}</var>
<arg>${links}[${index}]</arg>
<doc>Returns the given values which can then be assigned to a variables.</doc>
<msg timestamp="20260126 11:15:08.147" level="INFO">${link} = &lt;selenium.webdriver.remote.webelement.WebElement (session="80c037771e7b8e608cfcceaef780774d", element="f.75ECF2AC87269B7DA3ABA95466556B76.d.B539FA668CA0F5DAEBAF798B64E24AED.e.73")&gt;</msg>
<status status="PASS" starttime="20260126 11:15:08.147" endtime="20260126 11:15:08.147"/>
</kw>
<kw name="Get Text" library="SeleniumLibrary">
<var>${text}</var>
<arg>${link}</arg>
<doc>Returns the text value of the element identified by ``locator``.</doc>
<msg timestamp="20260126 11:15:08.156" level="INFO">${text} = Itinerary</msg>
<status status="PASS" starttime="20260126 11:15:08.147" endtime="20260126 11:15:08.156"/>
</kw>
<kw name="Log" library="BuiltIn">
<arg>Clicking: ${text}</arg>
<doc>Logs the given message with the given level.</doc>
<msg timestamp="20260126 11:15:08.156" level="INFO">Clicking: Itinerary</msg>
<status status="PASS" starttime="20260126 11:15:08.156" endtime="20260126 11:15:08.157"/>
</kw>
<kw name="Scroll Element Into View" library="SeleniumLibrary">
<arg>${link}</arg>
<doc>Scrolls the element identified by ``locator`` into view.</doc>
<status status="PASS" starttime="20260126 11:15:08.157" endtime="20260126 11:15:08.425"/>
</kw>
<kw name="Wait Until Element Is Visible" library="SeleniumLibrary">
<arg>${link}</arg>
<arg>10s</arg>
<doc>Waits until the element ``locator`` is visible.</doc>
<status status="PASS" starttime="20260126 11:15:08.426" endtime="20260126 11:15:08.433"/>
</kw>
<kw name="Wait Until Element Is Enabled" library="SeleniumLibrary">
<arg>${link}</arg>
<arg>10s</arg>
<doc>Waits until the element ``locator`` is enabled.</doc>
<status status="PASS" starttime="20260126 11:15:08.433" endtime="20260126 11:15:08.444"/>
</kw>
<kw name="Run Keyword And Return Status" library="BuiltIn">
<var>${status}</var>
<arg>Click Element</arg>
<arg>${link}</arg>
<doc>Runs the given keyword with given arguments and returns the status as a Boolean value.</doc>
<kw name="Click Element" library="SeleniumLibrary">
<arg>${link}</arg>
<doc>Click the element identified by ``locator``.</doc>
<msg timestamp="20260126 11:15:08.445" level="INFO">Clicking element '&lt;selenium.webdriver.remote.webelement.WebElement (session="80c037771e7b8e608cfcceaef780774d", element="f.75ECF2AC87269B7DA3ABA95466556B76.d.B539FA668CA0F5DAEBAF798B64E24AED.e.73")&gt;'.</msg>
<status status="PASS" starttime="20260126 11:15:08.444" endtime="20260126 11:15:08.490"/>
</kw>
<msg timestamp="20260126 11:15:08.490" level="INFO">${status} = True</msg>
<status status="PASS" starttime="20260126 11:15:08.444" endtime="20260126 11:15:08.490"/>
</kw>
<if>
<branch type="IF" condition="not ${status}">
<kw name="Execute Javascript" library="SeleniumLibrary">
<arg>arguments[0].click();</arg>
<arg>${link}</arg>
<doc>Executes the given JavaScript code with possible arguments.</doc>
<status status="NOT RUN" starttime="20260126 11:15:08.490" endtime="20260126 11:15:08.490"/>
</kw>
<status status="NOT RUN" starttime="20260126 11:15:08.490" endtime="20260126 11:15:08.490"/>
</branch>
<status status="PASS" starttime="20260126 11:15:08.490" endtime="20260126 11:15:08.490"/>
</if>
<kw name="Sleep" library="BuiltIn">
<arg>0.6s</arg>
<doc>Pauses the test executed for the given time.</doc>
<msg timestamp="20260126 11:15:09.091" level="INFO">Slept 600 milliseconds</msg>
<status status="PASS" starttime="20260126 11:15:08.490" endtime="20260126 11:15:09.091"/>
</kw>
<status status="PASS" starttime="20260126 11:15:08.138" endtime="20260126 11:15:09.091"/>
</iter>
<iter>
<var name="${index}">6</var>
<kw name="Get WebElements" library="SeleniumLibrary">
<var>${links}</var>
<arg>${NAV_LINKS}</arg>
<doc>Returns a list of WebElement objects matching the ``locator``.</doc>
<msg timestamp="20260126 11:15:09.100" level="INFO">${links} = [&lt;selenium.webdriver.remote.webelement.WebElement (session="80c037771e7b8e608cfcceaef780774d", element="f.75ECF2AC87269B7DA3ABA95466556B76.d.B539FA668CA0F5DAEBAF798B64E24AED.e.68")&gt;, &lt;selenium.webdriv...</msg>
<status status="PASS" starttime="20260126 11:15:09.092" endtime="20260126 11:15:09.100"/>
</kw>
<kw name="Set Variable" library="BuiltIn">
<var>${link}</var>
<arg>${links}[${index}]</arg>
<doc>Returns the given values which can then be assigned to a variables.</doc>
<msg timestamp="20260126 11:15:09.101" level="INFO">${link} = &lt;selenium.webdriver.remote.webelement.WebElement (session="80c037771e7b8e608cfcceaef780774d", element="f.75ECF2AC87269B7DA3ABA95466556B76.d.B539FA668CA0F5DAEBAF798B64E24AED.e.50")&gt;</msg>
<status status="PASS" starttime="20260126 11:15:09.100" endtime="20260126 11:15:09.101"/>
</kw>
<kw name="Get Text" library="SeleniumLibrary">
<var>${text}</var>
<arg>${link}</arg>
<doc>Returns the text value of the element identified by ``locator``.</doc>
<msg timestamp="20260126 11:15:09.109" level="INFO">${text} = Includes/Excludes</msg>
<status status="PASS" starttime="20260126 11:15:09.101" endtime="20260126 11:15:09.109"/>
</kw>
<kw name="Log" library="BuiltIn">
<arg>Clicking: ${text}</arg>
<doc>Logs the given message with the given level.</doc>
<msg timestamp="20260126 11:15:09.109" level="INFO">Clicking: Includes/Excludes</msg>
<status status="PASS" starttime="20260126 11:15:09.109" endtime="20260126 11:15:09.109"/>
</kw>
<kw name="Scroll Element Into View" library="SeleniumLibrary">
<arg>${link}</arg>
<doc>Scrolls the element identified by ``locator`` into view.</doc>
<status status="PASS" starttime="20260126 11:15:09.109" endtime="20260126 11:15:09.378"/>
</kw>
<kw name="Wait Until Element Is Visible" library="SeleniumLibrary">
<arg>${link}</arg>
<arg>10s</arg>
<doc>Waits until the element ``locator`` is visible.</doc>
<status status="PASS" starttime="20260126 11:15:09.378" endtime="20260126 11:15:09.386"/>
</kw>
<kw name="Wait Until Element Is Enabled" library="SeleniumLibrary">
<arg>${link}</arg>
<arg>10s</arg>
<doc>Waits until the element ``locator`` is enabled.</doc>
<status status="PASS" starttime="20260126 11:15:09.386" endtime="20260126 11:15:09.397"/>
</kw>
<kw name="Run Keyword And Return Status" library="BuiltIn">
<var>${status}</var>
<arg>Click Element</arg>
<arg>${link}</arg>
<doc>Runs the given keyword with given arguments and returns the status as a Boolean value.</doc>
<kw name="Click Element" library="SeleniumLibrary">
<arg>${link}</arg>
<doc>Click the element identified by ``locator``.</doc>
<msg timestamp="20260126 11:15:09.398" level="INFO">Clicking element '&lt;selenium.webdriver.remote.webelement.WebElement (session="80c037771e7b8e608cfcceaef780774d", element="f.75ECF2AC87269B7DA3ABA95466556B76.d.B539FA668CA0F5DAEBAF798B64E24AED.e.50")&gt;'.</msg>
<status status="PASS" starttime="20260126 11:15:09.398" endtime="20260126 11:15:09.444"/>
</kw>
<msg timestamp="20260126 11:15:09.444" level="INFO">${status} = True</msg>
<status status="PASS" starttime="20260126 11:15:09.398" endtime="20260126 11:15:09.444"/>
</kw>
<if>
<branch type="IF" condition="not ${status}">
<kw name="Execute Javascript" library="SeleniumLibrary">
<arg>arguments[0].click();</arg>
<arg>${link}</arg>
<doc>Executes the given JavaScript code with possible arguments.</doc>
<status status="NOT RUN" starttime="20260126 11:15:09.444" endtime="20260126 11:15:09.444"/>
</kw>
<status status="NOT RUN" starttime="20260126 11:15:09.444" endtime="20260126 11:15:09.444"/>
</branch>
<status status="PASS" starttime="20260126 11:15:09.444" endtime="20260126 11:15:09.444"/>
</if>
<kw name="Sleep" library="BuiltIn">
<arg>0.6s</arg>
<doc>Pauses the test executed for the given time.</doc>
<msg timestamp="20260126 11:15:10.045" level="INFO">Slept 600 milliseconds</msg>
<status status="PASS" starttime="20260126 11:15:09.444" endtime="20260126 11:15:10.045"/>
</kw>
<status status="PASS" starttime="20260126 11:15:09.092" endtime="20260126 11:15:10.045"/>
</iter>
<iter>
<var name="${index}">7</var>
<kw name="Get WebElements" library="SeleniumLibrary">
<var>${links}</var>
<arg>${NAV_LINKS}</arg>
<doc>Returns a list of WebElement objects matching the ``locator``.</doc>
<msg timestamp="20260126 11:15:10.054" level="INFO">${links} = [&lt;selenium.webdriver.remote.webelement.WebElement (session="80c037771e7b8e608cfcceaef780774d", element="f.75ECF2AC87269B7DA3ABA95466556B76.d.B539FA668CA0F5DAEBAF798B64E24AED.e.68")&gt;, &lt;selenium.webdriv...</msg>
<status status="PASS" starttime="20260126 11:15:10.045" endtime="20260126 11:15:10.054"/>
</kw>
<kw name="Set Variable" library="BuiltIn">
<var>${link}</var>
<arg>${links}[${index}]</arg>
<doc>Returns the given values which can then be assigned to a variables.</doc>
<msg timestamp="20260126 11:15:10.055" level="INFO">${link} = &lt;selenium.webdriver.remote.webelement.WebElement (session="80c037771e7b8e608cfcceaef780774d", element="f.75ECF2AC87269B7DA3ABA95466556B76.d.B539FA668CA0F5DAEBAF798B64E24AED.e.74")&gt;</msg>
<status status="PASS" starttime="20260126 11:15:10.054" endtime="20260126 11:15:10.055"/>
</kw>
<kw name="Get Text" library="SeleniumLibrary">
<var>${text}</var>
<arg>${link}</arg>
<doc>Returns the text value of the element identified by ``locator``.</doc>
<msg timestamp="20260126 11:15:10.065" level="INFO">${text} = Imp Info</msg>
<status status="PASS" starttime="20260126 11:15:10.055" endtime="20260126 11:15:10.065"/>
</kw>
<kw name="Log" library="BuiltIn">
<arg>Clicking: ${text}</arg>
<doc>Logs the given message with the given level.</doc>
<msg timestamp="20260126 11:15:10.065" level="INFO">Clicking: Imp Info</msg>
<status status="PASS" starttime="20260126 11:15:10.065" endtime="20260126 11:15:10.065"/>
</kw>
<kw name="Scroll Element Into View" library="SeleniumLibrary">
<arg>${link}</arg>
<doc>Scrolls the element identified by ``locator`` into view.</doc>
<status status="PASS" starttime="20260126 11:15:10.065" endtime="20260126 11:15:10.338"/>
</kw>
<kw name="Wait Until Element Is Visible" library="SeleniumLibrary">
<arg>${link}</arg>
<arg>10s</arg>
<doc>Waits until the element ``locator`` is visible.</doc>
<status status="PASS" starttime="20260126 11:15:10.338" endtime="20260126 11:15:10.345"/>
</kw>
<kw name="Wait Until Element Is Enabled" library="SeleniumLibrary">
<arg>${link}</arg>
<arg>10s</arg>
<doc>Waits until the element ``locator`` is enabled.</doc>
<status status="PASS" starttime="20260126 11:15:10.345" endtime="20260126 11:15:10.356"/>
</kw>
<kw name="Run Keyword And Return Status" library="BuiltIn">
<var>${status}</var>
<arg>Click Element</arg>
<arg>${link}</arg>
<doc>Runs the given keyword with given arguments and returns the status as a Boolean value.</doc>
<kw name="Click Element" library="SeleniumLibrary">
<arg>${link}</arg>
<doc>Click the element identified by ``locator``.</doc>
<msg timestamp="20260126 11:15:10.357" level="INFO">Clicking element '&lt;selenium.webdriver.remote.webelement.WebElement (session="80c037771e7b8e608cfcceaef780774d", element="f.75ECF2AC87269B7DA3ABA95466556B76.d.B539FA668CA0F5DAEBAF798B64E24AED.e.74")&gt;'.</msg>
<status status="PASS" starttime="20260126 11:15:10.356" endtime="20260126 11:15:10.399"/>
</kw>
<msg timestamp="20260126 11:15:10.399" level="INFO">${status} = True</msg>
<status status="PASS" starttime="20260126 11:15:10.356" endtime="20260126 11:15:10.399"/>
</kw>
<if>
<branch type="IF" condition="not ${status}">
<kw name="Execute Javascript" library="SeleniumLibrary">
<arg>arguments[0].click();</arg>
<arg>${link}</arg>
<doc>Executes the given JavaScript code with possible arguments.</doc>
<status status="NOT RUN" starttime="20260126 11:15:10.399" endtime="20260126 11:15:10.399"/>
</kw>
<status status="NOT RUN" starttime="20260126 11:15:10.399" endtime="20260126 11:15:10.399"/>
</branch>
<status status="PASS" starttime="20260126 11:15:10.399" endtime="20260126 11:15:10.399"/>
</if>
<kw name="Sleep" library="BuiltIn">
<arg>0.6s</arg>
<doc>Pauses the test executed for the given time.</doc>
<msg timestamp="20260126 11:15:11.000" level="INFO">Slept 600 milliseconds</msg>
<status status="PASS" starttime="20260126 11:15:10.399" endtime="20260126 11:15:11.000"/>
</kw>
<status status="PASS" starttime="20260126 11:15:10.045" endtime="20260126 11:15:11.000"/>
</iter>
<iter>
<var name="${index}">8</var>
<kw name="Get WebElements" library="SeleniumLibrary">
<var>${links}</var>
<arg>${NAV_LINKS}</arg>
<doc>Returns a list of WebElement objects matching the ``locator``.</doc>
<msg timestamp="20260126 11:15:11.010" level="INFO">${links} = [&lt;selenium.webdriver.remote.webelement.WebElement (session="80c037771e7b8e608cfcceaef780774d", element="f.75ECF2AC87269B7DA3ABA95466556B76.d.B539FA668CA0F5DAEBAF798B64E24AED.e.68")&gt;, &lt;selenium.webdriv...</msg>
<status status="PASS" starttime="20260126 11:15:11.000" endtime="20260126 11:15:11.010"/>
</kw>
<kw name="Set Variable" library="BuiltIn">
<var>${link}</var>
<arg>${links}[${index}]</arg>
<doc>Returns the given values which can then be assigned to a variables.</doc>
<msg timestamp="20260126 11:15:11.010" level="INFO">${link} = &lt;selenium.webdriver.remote.webelement.WebElement (session="80c037771e7b8e608cfcceaef780774d", element="f.75ECF2AC87269B7DA3ABA95466556B76.d.B539FA668CA0F5DAEBAF798B64E24AED.e.75")&gt;</msg>
<status status="PASS" starttime="20260126 11:15:11.010" endtime="20260126 11:15:11.010"/>
</kw>
<kw name="Get Text" library="SeleniumLibrary">
<var>${text}</var>
<arg>${link}</arg>
<doc>Returns the text value of the element identified by ``locator``.</doc>
<msg timestamp="20260126 11:15:11.019" level="INFO">${text} = FAQS</msg>
<status status="PASS" starttime="20260126 11:15:11.010" endtime="20260126 11:15:11.019"/>
</kw>
<kw name="Log" library="BuiltIn">
<arg>Clicking: ${text}</arg>
<doc>Logs the given message with the given level.</doc>
<msg timestamp="20260126 11:15:11.019" level="INFO">Clicking: FAQS</msg>
<status status="PASS" starttime="20260126 11:15:11.019" endtime="20260126 11:15:11.019"/>
</kw>
<kw name="Scroll Element Into View" library="SeleniumLibrary">
<arg>${link}</arg>
<doc>Scrolls the element identified by ``locator`` into view.</doc>
<status status="PASS" starttime="20260126 11:15:11.019" endtime="20260126 11:15:11.293"/>
</kw>
<kw name="Wait Until Element Is Visible" library="SeleniumLibrary">
<arg>${link}</arg>
<arg>10s</arg>
<doc>Waits until the element ``locator`` is visible.</doc>
<status status="PASS" starttime="20260126 11:15:11.293" endtime="20260126 11:15:11.302"/>
</kw>
<kw name="Wait Until Element Is Enabled" library="SeleniumLibrary">
<arg>${link}</arg>
<arg>10s</arg>
<doc>Waits until the element ``locator`` is enabled.</doc>
<status status="PASS" starttime="20260126 11:15:11.302" endtime="20260126 11:15:11.313"/>
</kw>
<kw name="Run Keyword And Return Status" library="BuiltIn">
<var>${status}</var>
<arg>Click Element</arg>
<arg>${link}</arg>
<doc>Runs the given keyword with given arguments and returns the status as a Boolean value.</doc>
<kw name="Click Element" library="SeleniumLibrary">
<arg>${link}</arg>
<doc>Click the element identified by ``locator``.</doc>
<msg timestamp="20260126 11:15:11.314" level="INFO">Clicking element '&lt;selenium.webdriver.remote.webelement.WebElement (session="80c037771e7b8e608cfcceaef780774d", element="f.75ECF2AC87269B7DA3ABA95466556B76.d.B539FA668CA0F5DAEBAF798B64E24AED.e.75")&gt;'.</msg>
<status status="PASS" starttime="20260126 11:15:11.314" endtime="20260126 11:15:11.360"/>
</kw>
<msg timestamp="20260126 11:15:11.360" level="INFO">${status} = True</msg>
<status status="PASS" starttime="20260126 11:15:11.314" endtime="20260126 11:15:11.360"/>
</kw>
<if>
<branch type="IF" condition="not ${status}">
<kw name="Execute Javascript" library="SeleniumLibrary">
<arg>arguments[0].click();</arg>
<arg>${link}</arg>
<doc>Executes the given JavaScript code with possible arguments.</doc>
<status status="NOT RUN" starttime="20260126 11:15:11.360" endtime="20260126 11:15:11.360"/>
</kw>
<status status="NOT RUN" starttime="20260126 11:15:11.360" endtime="20260126 11:15:11.360"/>
</branch>
<status status="PASS" starttime="20260126 11:15:11.360" endtime="20260126 11:15:11.360"/>
</if>
<kw name="Sleep" library="BuiltIn">
<arg>0.6s</arg>
<doc>Pauses the test executed for the given time.</doc>
<msg timestamp="20260126 11:15:11.962" level="INFO">Slept 600 milliseconds</msg>
<status status="PASS" starttime="20260126 11:15:11.361" endtime="20260126 11:15:11.962"/>
</kw>
<status status="PASS" starttime="20260126 11:15:11.000" endtime="20260126 11:15:11.962"/>
</iter>
<status status="PASS" starttime="20260126 11:15:03.303" endtime="20260126 11:15:11.962"/>
</for>
<status status="PASS" starttime="20260126 11:15:02.488" endtime="20260126 11:15:11.962"/>
</kw>
<kw name="Scroll Element Into View" library="SeleniumLibrary">
<arg>${Muktinath_Content}</arg>
<doc>Scrolls the element identified by ``locator`` into view.</doc>
<status status="PASS" starttime="20260126 11:15:11.962" endtime="20260126 11:15:12.257"/>
</kw>
<status status="PASS" starttime="20260126 11:14:59.682" endtime="20260126 11:15:12.257"/>
</kw>
<kw name="Test Kathmandu Pokhara Lumbini" library="Explore_The_Ancient">
<kw name="Open Trek And Tours Menu" library="home_page">
<kw name="Wait And Click" library="keywords">
<arg>${trek_and_tours}</arg>
<doc>Waits until element is visible &amp; enabled, scrolls into view, clicks, fallback to JS if normal click fails</doc>
<kw name="Wait Until Element Is Visible" library="SeleniumLibrary">
<arg>${locator}</arg>
<arg>${timeout}</arg>
<doc>Waits until the element ``locator`` is visible.</doc>
<status status="PASS" starttime="20260126 11:15:12.258" endtime="20260126 11:15:12.274"/>
</kw>
<kw name="Wait Until Element Is Enabled" library="SeleniumLibrary">
<arg>${locator}</arg>
<arg>${timeout}</arg>
<doc>Waits until the element ``locator`` is enabled.</doc>
<status status="PASS" starttime="20260126 11:15:12.274" endtime="20260126 11:15:12.293"/>
</kw>
<kw name="Scroll Element Into View" library="SeleniumLibrary">
<arg>${locator}</arg>
<doc>Scrolls the element identified by ``locator`` into view.</doc>
<status status="PASS" starttime="20260126 11:15:12.293" endtime="20260126 11:15:12.586"/>
</kw>
<kw name="Run Keyword And Return Status" library="BuiltIn">
<var>${clicked}</var>
<arg>Click Element</arg>
<arg>${locator}</arg>
<doc>Runs the given keyword with given arguments and returns the status as a Boolean value.</doc>
<kw name="Click Element" library="SeleniumLibrary">
<arg>${locator}</arg>
<doc>Click the element identified by ``locator``.</doc>
<msg timestamp="20260126 11:15:12.587" level="INFO">Clicking element 'xpath=/html/body/div[1]/header/div[1]/div/div/div/div/div[2]/div[2]/ul/li[2]/a/i'.</msg>
<status status="PASS" starttime="20260126 11:15:12.586" endtime="20260126 11:15:12.635"/>
</kw>
<msg timestamp="20260126 11:15:12.635" level="INFO">${clicked} = True</msg>
<status status="PASS" starttime="20260126 11:15:12.586" endtime="20260126 11:15:12.635"/>
</kw>
<if>
<branch type="IF" condition="not ${clicked}">
<kw name="Log" library="BuiltIn">
<arg>Using JS click fallback for ${locator}</arg>
<doc>Logs the given message with the given level.</doc>
<status status="NOT RUN" starttime="20260126 11:15:12.635" endtime="20260126 11:15:12.635"/>
</kw>
<kw name="Execute Javascript" library="SeleniumLibrary">
<arg>arguments[0].click();</arg>
<arg>document.evaluate("${locator.replace('xpath=','')}", document, null, XPathResult.FIRST_ORDERED_NODE_TYPE, null).singleNodeValue</arg>
<doc>Executes the given JavaScript code with possible arguments.</doc>
<status status="NOT RUN" starttime="20260126 11:15:12.635" endtime="20260126 11:15:12.635"/>
</kw>
<status status="NOT RUN" starttime="20260126 11:15:12.635" endtime="20260126 11:15:12.635"/>
</branch>
<status status="PASS" starttime="20260126 11:15:12.635" endtime="20260126 11:15:12.635"/>
</if>
<status status="PASS" starttime="20260126 11:15:12.258" endtime="20260126 11:15:12.635"/>
</kw>
<kw name="Sleep" library="BuiltIn">
<arg>2s</arg>
<doc>Pauses the test executed for the given time.</doc>
<msg timestamp="20260126 11:15:14.636" level="INFO">Slept 2 seconds</msg>
<status status="PASS" starttime="20260126 11:15:12.636" endtime="20260126 11:15:14.636"/>
</kw>
<status status="PASS" starttime="20260126 11:15:12.257" endtime="20260126 11:15:14.636"/>
</kw>
<kw name="Click Explore The Ancient" library="Explore_The_Ancient">
<kw name="Wait And Click" library="keywords">
<arg>${explore_the_ancient}</arg>
<doc>Waits until element is visible &amp; enabled, scrolls into view, clicks, fallback to JS if normal click fails</doc>
<kw name="Wait Until Element Is Visible" library="SeleniumLibrary">
<arg>${locator}</arg>
<arg>${timeout}</arg>
<doc>Waits until the element ``locator`` is visible.</doc>
<status status="PASS" starttime="20260126 11:15:14.637" endtime="20260126 11:15:14.652"/>
</kw>
<kw name="Wait Until Element Is Enabled" library="SeleniumLibrary">
<arg>${locator}</arg>
<arg>${timeout}</arg>
<doc>Waits until the element ``locator`` is enabled.</doc>
<status status="PASS" starttime="20260126 11:15:14.653" endtime="20260126 11:15:14.671"/>
</kw>
<kw name="Scroll Element Into View" library="SeleniumLibrary">
<arg>${locator}</arg>
<doc>Scrolls the element identified by ``locator`` into view.</doc>
<status status="PASS" starttime="20260126 11:15:14.671" endtime="20260126 11:15:14.950"/>
</kw>
<kw name="Run Keyword And Return Status" library="BuiltIn">
<var>${clicked}</var>
<arg>Click Element</arg>
<arg>${locator}</arg>
<doc>Runs the given keyword with given arguments and returns the status as a Boolean value.</doc>
<kw name="Click Element" library="SeleniumLibrary">
<arg>${locator}</arg>
<doc>Click the element identified by ``locator``.</doc>
<msg timestamp="20260126 11:15:14.951" level="INFO">Clicking element 'xpath=/html/body/div[1]/header/div[1]/div/div/div/div/div[2]/div[2]/ul/li[2]/ul/li[5]/a'.</msg>
<status status="PASS" starttime="20260126 11:15:14.951" endtime="20260126 11:15:16.892"/>
</kw>
<msg timestamp="20260126 11:15:16.892" level="INFO">${clicked} = True</msg>
<status status="PASS" starttime="20260126 11:15:14.950" endtime="20260126 11:15:16.892"/>
</kw>
<if>
<branch type="IF" condition="not ${clicked}">
<kw name="Log" library="BuiltIn">
<arg>Using JS click fallback for ${locator}</arg>
<doc>Logs the given message with the given level.</doc>
<status status="NOT RUN" starttime="20260126 11:15:16.893" endtime="20260126 11:15:16.893"/>
</kw>
<kw name="Execute Javascript" library="SeleniumLibrary">
<arg>arguments[0].click();</arg>
<arg>document.evaluate("${locator.replace('xpath=','')}", document, null, XPathResult.FIRST_ORDERED_NODE_TYPE, null).singleNodeValue</arg>
<doc>Executes the given JavaScript code with possible arguments.</doc>
<status status="NOT RUN" starttime="20260126 11:15:16.893" endtime="20260126 11:15:16.893"/>
</kw>
<status status="NOT RUN" starttime="20260126 11:15:16.893" endtime="20260126 11:15:16.893"/>
</branch>
<status status="PASS" starttime="20260126 11:15:16.892" endtime="20260126 11:15:16.894"/>
</if>
<status status="PASS" starttime="20260126 11:15:14.637" endtime="20260126 11:15:16.894"/>
</kw>
<kw name="Sleep" library="BuiltIn">
<arg>2s</arg>
<doc>Pauses the test executed for the given time.</doc>
<msg timestamp="20260126 11:15:18.894" level="INFO">Slept 2 seconds</msg>
<status status="PASS" starttime="20260126 11:15:16.894" endtime="20260126 11:15:18.894"/>
</kw>
<status status="PASS" starttime="20260126 11:15:14.636" endtime="20260126 11:15:18.894"/>
</kw>
<kw name="Test Forgotten Culture" library="Explore_The_Ancient">
<kw name="Wait And Click" library="keywords">
<arg>${forgotten_culture}</arg>
<doc>Waits until element is visible &amp; enabled, scrolls into view, clicks, fallback to JS if normal click fails</doc>
<kw name="Wait Until Element Is Visible" library="SeleniumLibrary">
<arg>${locator}</arg>
<arg>${timeout}</arg>
<doc>Waits until the element ``locator`` is visible.</doc>
<status status="PASS" starttime="20260126 11:15:18.895" endtime="20260126 11:15:18.910"/>
</kw>
<kw name="Wait Until Element Is Enabled" library="SeleniumLibrary">
<arg>${locator}</arg>
<arg>${timeout}</arg>
<doc>Waits until the element ``locator`` is enabled.</doc>
<status status="PASS" starttime="20260126 11:15:18.910" endtime="20260126 11:15:18.927"/>
</kw>
<kw name="Scroll Element Into View" library="SeleniumLibrary">
<arg>${locator}</arg>
<doc>Scrolls the element identified by ``locator`` into view.</doc>
<status status="PASS" starttime="20260126 11:15:18.927" endtime="20260126 11:15:19.203"/>
</kw>
<kw name="Run Keyword And Return Status" library="BuiltIn">
<var>${clicked}</var>
<arg>Click Element</arg>
<arg>${locator}</arg>
<doc>Runs the given keyword with given arguments and returns the status as a Boolean value.</doc>
<kw name="Click Element" library="SeleniumLibrary">
<arg>${locator}</arg>
<doc>Click the element identified by ``locator``.</doc>
<msg timestamp="20260126 11:15:19.204" level="INFO">Clicking element 'xpath=/html/body/div[3]/section/div/div/ul/li[2]/h3'.</msg>
<status status="PASS" starttime="20260126 11:15:19.203" endtime="20260126 11:15:19.258"/>
</kw>
<msg timestamp="20260126 11:15:19.258" level="INFO">${clicked} = True</msg>
<status status="PASS" starttime="20260126 11:15:19.203" endtime="20260126 11:15:19.258"/>
</kw>
<if>
<branch type="IF" condition="not ${clicked}">
<kw name="Log" library="BuiltIn">
<arg>Using JS click fallback for ${locator}</arg>
<doc>Logs the given message with the given level.</doc>
<status status="NOT RUN" starttime="20260126 11:15:19.258" endtime="20260126 11:15:19.258"/>
</kw>
<kw name="Execute Javascript" library="SeleniumLibrary">
<arg>arguments[0].click();</arg>
<arg>document.evaluate("${locator.replace('xpath=','')}", document, null, XPathResult.FIRST_ORDERED_NODE_TYPE, null).singleNodeValue</arg>
<doc>Executes the given JavaScript code with possible arguments.</doc>
<status status="NOT RUN" starttime="20260126 11:15:19.258" endtime="20260126 11:15:19.259"/>
</kw>
<status status="NOT RUN" starttime="20260126 11:15:19.258" endtime="20260126 11:15:19.259"/>
</branch>
<status status="PASS" starttime="20260126 11:15:19.258" endtime="20260126 11:15:19.259"/>
</if>
<status status="PASS" starttime="20260126 11:15:18.895" endtime="20260126 11:15:19.259"/>
</kw>
<kw name="Wait Until Element Is Visible" library="SeleniumLibrary">
<arg>xpath=/html/body/div[3]/section/div/div/div[4]/section/div/div/div/div[2]</arg>
<doc>Waits until the element ``locator`` is visible.</doc>
<status status="PASS" starttime="20260126 11:15:19.259" endtime="20260126 11:15:19.276"/>
</kw>
<status status="PASS" starttime="20260126 11:15:18.895" endtime="20260126 11:15:19.276"/>
</kw>
<kw name="Scroll Element Into View" library="SeleniumLibrary">
<arg>xpath=/html/body/div[3]/section/div/div/div[4]/section/div/div/div/div[2]</arg>
<doc>Scrolls the element identified by ``locator`` into view.</doc>
<status status="PASS" starttime="20260126 11:15:19.277" endtime="20260126 11:15:19.561"/>
</kw>
<kw name="Wait And Click" library="keywords">
<arg>${KPL}</arg>
<doc>Waits until element is visible &amp; enabled, scrolls into view, clicks, fallback to JS if normal click fails</doc>
<kw name="Wait Until Element Is Visible" library="SeleniumLibrary">
<arg>${locator}</arg>
<arg>${timeout}</arg>
<doc>Waits until the element ``locator`` is visible.</doc>
<status status="PASS" starttime="20260126 11:15:19.562" endtime="20260126 11:15:19.580"/>
</kw>
<kw name="Wait Until Element Is Enabled" library="SeleniumLibrary">
<arg>${locator}</arg>
<arg>${timeout}</arg>
<doc>Waits until the element ``locator`` is enabled.</doc>
<status status="PASS" starttime="20260126 11:15:19.580" endtime="20260126 11:15:19.598"/>
</kw>
<kw name="Scroll Element Into View" library="SeleniumLibrary">
<arg>${locator}</arg>
<doc>Scrolls the element identified by ``locator`` into view.</doc>
<status status="PASS" starttime="20260126 11:15:19.598" endtime="20260126 11:15:19.875"/>
</kw>
<kw name="Run Keyword And Return Status" library="BuiltIn">
<var>${clicked}</var>
<arg>Click Element</arg>
<arg>${locator}</arg>
<doc>Runs the given keyword with given arguments and returns the status as a Boolean value.</doc>
<kw name="Click Element" library="SeleniumLibrary">
<arg>${locator}</arg>
<doc>Click the element identified by ``locator``.</doc>
<msg timestamp="20260126 11:15:19.876" level="INFO">Clicking element 'xpath=//*[@id="tab-forgotten-cultures"]/section/div/div/div/div[2]/div[2]'.</msg>
<status status="PASS" starttime="20260126 11:15:19.876" endtime="20260126 11:15:21.210"/>
</kw>
<msg timestamp="20260126 11:15:21.210" level="INFO">${clicked} = True</msg>
<status status="PASS" starttime="20260126 11:15:19.875" endtime="20260126 11:15:21.210"/>
</kw>
<if>
<branch type="IF" condition="not ${clicked}">
<kw name="Log" library="BuiltIn">
<arg>Using JS click fallback for ${locator}</arg>
<doc>Logs the given message with the given level.</doc>
<status status="NOT RUN" starttime="20260126 11:15:21.211" endtime="20260126 11:15:21.211"/>
</kw>
<kw name="Execute Javascript" library="SeleniumLibrary">
<arg>arguments[0].click();</arg>
<arg>document.evaluate("${locator.replace('xpath=','')}", document, null, XPathResult.FIRST_ORDERED_NODE_TYPE, null).singleNodeValue</arg>
<doc>Executes the given JavaScript code with possible arguments.</doc>
<status status="NOT RUN" starttime="20260126 11:15:21.211" endtime="20260126 11:15:21.211"/>
</kw>
<status status="NOT RUN" starttime="20260126 11:15:21.210" endtime="20260126 11:15:21.211"/>
</branch>
<status status="PASS" starttime="20260126 11:15:21.210" endtime="20260126 11:15:21.211"/>
</if>
<status status="PASS" starttime="20260126 11:15:19.561" endtime="20260126 11:15:21.212"/>
[...]
<arg>${link}</arg>
<doc>Click the element identified by ``locator``.</doc>
<msg timestamp="20260126 11:16:38.081" level="INFO">Clicking element '&lt;selenium.webdriver.remote.webelement.WebElement (session="80c037771e7b8e608cfcceaef780774d", element="f.75ECF2AC87269B7DA3ABA95466556B76.d.94319699B8ECE06A0D931CD87DB23E06.e.375")&gt;'.</msg>
<status status="PASS" starttime="20260126 11:16:38.080" endtime="20260126 11:16:38.117"/>
</kw>
<msg timestamp="20260126 11:16:38.118" level="INFO">${clicked} = True</msg>
<status status="PASS" starttime="20260126 11:16:38.080" endtime="20260126 11:16:38.118"/>
</kw>
<if>
<branch type="IF" condition="not ${clicked}">
<kw name="Execute Javascript" library="SeleniumLibrary">
<arg>arguments[0].click();</arg>
<arg>${link}</arg>
<doc>Executes the given JavaScript code with possible arguments.</doc>
<status status="NOT RUN" starttime="20260126 11:16:38.118" endtime="20260126 11:16:38.118"/>
</kw>
<status status="NOT RUN" starttime="20260126 11:16:38.118" endtime="20260126 11:16:38.118"/>
</branch>
<status status="PASS" starttime="20260126 11:16:38.118" endtime="20260126 11:16:38.118"/>
</if>
<kw name="Sleep" library="BuiltIn">
<arg>0.6s</arg>
<doc>Pauses the test executed for the given time.</doc>
<msg timestamp="20260126 11:16:38.719" level="INFO">Slept 600 milliseconds</msg>
<status status="PASS" starttime="20260126 11:16:38.118" endtime="20260126 11:16:38.719"/>
</kw>
<status status="PASS" starttime="20260126 11:16:37.768" endtime="20260126 11:16:38.719"/>
</iter>
<iter>
<var name="${index}">5</var>
<kw name="Get WebElements" library="SeleniumLibrary">
<var>${links}</var>
<arg>${NAV_LINKS}</arg>
<doc>Returns a list of WebElement objects matching the ``locator``.</doc>
<msg timestamp="20260126 11:16:38.730" level="INFO">${links} = [&lt;selenium.webdriver.remote.webelement.WebElement (session="80c037771e7b8e608cfcceaef780774d", element="f.75ECF2AC87269B7DA3ABA95466556B76.d.94319699B8ECE06A0D931CD87DB23E06.e.371")&gt;, &lt;selenium.webdri...</msg>
<status status="PASS" starttime="20260126 11:16:38.719" endtime="20260126 11:16:38.730"/>
</kw>
<kw name="Set Variable" library="BuiltIn">
<var>${link}</var>
<arg>${links}[${index}]</arg>
<doc>Returns the given values which can then be assigned to a variables.</doc>
<msg timestamp="20260126 11:16:38.730" level="INFO">${link} = &lt;selenium.webdriver.remote.webelement.WebElement (session="80c037771e7b8e608cfcceaef780774d", element="f.75ECF2AC87269B7DA3ABA95466556B76.d.94319699B8ECE06A0D931CD87DB23E06.e.376")&gt;</msg>
<status status="PASS" starttime="20260126 11:16:38.730" endtime="20260126 11:16:38.730"/>
</kw>
<kw name="Get Text" library="SeleniumLibrary">
<var>${text}</var>
<arg>${link}</arg>
<doc>Returns the text value of the element identified by ``locator``.</doc>
<msg timestamp="20260126 11:16:38.739" level="INFO">${text} = Itinerary</msg>
<status status="PASS" starttime="20260126 11:16:38.730" endtime="20260126 11:16:38.739"/>
</kw>
<kw name="Log" library="BuiltIn">
<arg>Clicking section: ${text}</arg>
<doc>Logs the given message with the given level.</doc>
<msg timestamp="20260126 11:16:38.740" level="INFO">Clicking section: Itinerary</msg>
<status status="PASS" starttime="20260126 11:16:38.739" endtime="20260126 11:16:38.740"/>
</kw>
<kw name="Scroll Element Into View" library="SeleniumLibrary">
<arg>${link}</arg>
<doc>Scrolls the element identified by ``locator`` into view.</doc>
<status status="PASS" starttime="20260126 11:16:38.740" endtime="20260126 11:16:39.016"/>
</kw>
<kw name="Wait Until Element Is Visible" library="SeleniumLibrary">
<arg>${link}</arg>
<arg>10s</arg>
<doc>Waits until the element ``locator`` is visible.</doc>
<status status="PASS" starttime="20260126 11:16:39.016" endtime="20260126 11:16:39.026"/>
</kw>
<kw name="Wait Until Element Is Enabled" library="SeleniumLibrary">
<arg>${link}</arg>
<arg>10s</arg>
<doc>Waits until the element ``locator`` is enabled.</doc>
<status status="PASS" starttime="20260126 11:16:39.026" endtime="20260126 11:16:39.037"/>
</kw>
<kw name="Run Keyword And Return Status" library="BuiltIn">
<var>${clicked}</var>
<arg>Click Element</arg>
<arg>${link}</arg>
<doc>Runs the given keyword with given arguments and returns the status as a Boolean value.</doc>
<kw name="Click Element" library="SeleniumLibrary">
<arg>${link}</arg>
<doc>Click the element identified by ``locator``.</doc>
<msg timestamp="20260126 11:16:39.038" level="INFO">Clicking element '&lt;selenium.webdriver.remote.webelement.WebElement (session="80c037771e7b8e608cfcceaef780774d", element="f.75ECF2AC87269B7DA3ABA95466556B76.d.94319699B8ECE06A0D931CD87DB23E06.e.376")&gt;'.</msg>
<status status="PASS" starttime="20260126 11:16:39.037" endtime="20260126 11:16:39.077"/>
</kw>
<msg timestamp="20260126 11:16:39.077" level="INFO">${clicked} = True</msg>
<status status="PASS" starttime="20260126 11:16:39.037" endtime="20260126 11:16:39.077"/>
</kw>
<if>
<branch type="IF" condition="not ${clicked}">
<kw name="Execute Javascript" library="SeleniumLibrary">
<arg>arguments[0].click();</arg>
<arg>${link}</arg>
<doc>Executes the given JavaScript code with possible arguments.</doc>
<status status="NOT RUN" starttime="20260126 11:16:39.077" endtime="20260126 11:16:39.077"/>
</kw>
<status status="NOT RUN" starttime="20260126 11:16:39.077" endtime="20260126 11:16:39.077"/>
</branch>
<status status="PASS" starttime="20260126 11:16:39.077" endtime="20260126 11:16:39.077"/>
</if>
<kw name="Sleep" library="BuiltIn">
<arg>0.6s</arg>
<doc>Pauses the test executed for the given time.</doc>
<msg timestamp="20260126 11:16:39.678" level="INFO">Slept 600 milliseconds</msg>
<status status="PASS" starttime="20260126 11:16:39.077" endtime="20260126 11:16:39.678"/>
</kw>
<status status="PASS" starttime="20260126 11:16:38.719" endtime="20260126 11:16:39.678"/>
</iter>
<iter>
<var name="${index}">6</var>
<kw name="Get WebElements" library="SeleniumLibrary">
<var>${links}</var>
<arg>${NAV_LINKS}</arg>
<doc>Returns a list of WebElement objects matching the ``locator``.</doc>
<msg timestamp="20260126 11:16:39.687" level="INFO">${links} = [&lt;selenium.webdriver.remote.webelement.WebElement (session="80c037771e7b8e608cfcceaef780774d", element="f.75ECF2AC87269B7DA3ABA95466556B76.d.94319699B8ECE06A0D931CD87DB23E06.e.371")&gt;, &lt;selenium.webdri...</msg>
<status status="PASS" starttime="20260126 11:16:39.678" endtime="20260126 11:16:39.687"/>
</kw>
<kw name="Set Variable" library="BuiltIn">
<var>${link}</var>
<arg>${links}[${index}]</arg>
<doc>Returns the given values which can then be assigned to a variables.</doc>
<msg timestamp="20260126 11:16:39.688" level="INFO">${link} = &lt;selenium.webdriver.remote.webelement.WebElement (session="80c037771e7b8e608cfcceaef780774d", element="f.75ECF2AC87269B7DA3ABA95466556B76.d.94319699B8ECE06A0D931CD87DB23E06.e.377")&gt;</msg>
<status status="PASS" starttime="20260126 11:16:39.687" endtime="20260126 11:16:39.688"/>
</kw>
<kw name="Get Text" library="SeleniumLibrary">
<var>${text}</var>
<arg>${link}</arg>
<doc>Returns the text value of the element identified by ``locator``.</doc>
<msg timestamp="20260126 11:16:39.696" level="INFO">${text} = Includes/Excludes</msg>
<status status="PASS" starttime="20260126 11:16:39.688" endtime="20260126 11:16:39.696"/>
</kw>
<kw name="Log" library="BuiltIn">
<arg>Clicking section: ${text}</arg>
<doc>Logs the given message with the given level.</doc>
<msg timestamp="20260126 11:16:39.697" level="INFO">Clicking section: Includes/Excludes</msg>
<status status="PASS" starttime="20260126 11:16:39.696" endtime="20260126 11:16:39.697"/>
</kw>
<kw name="Scroll Element Into View" library="SeleniumLibrary">
<arg>${link}</arg>
<doc>Scrolls the element identified by ``locator`` into view.</doc>
<status status="PASS" starttime="20260126 11:16:39.697" endtime="20260126 11:16:39.962"/>
</kw>
<kw name="Wait Until Element Is Visible" library="SeleniumLibrary">
<arg>${link}</arg>
<arg>10s</arg>
<doc>Waits until the element ``locator`` is visible.</doc>
<status status="PASS" starttime="20260126 11:16:39.962" endtime="20260126 11:16:39.970"/>
</kw>
<kw name="Wait Until Element Is Enabled" library="SeleniumLibrary">
<arg>${link}</arg>
<arg>10s</arg>
<doc>Waits until the element ``locator`` is enabled.</doc>
<status status="PASS" starttime="20260126 11:16:39.970" endtime="20260126 11:16:39.981"/>
</kw>
<kw name="Run Keyword And Return Status" library="BuiltIn">
<var>${clicked}</var>
<arg>Click Element</arg>
<arg>${link}</arg>
<doc>Runs the given keyword with given arguments and returns the status as a Boolean value.</doc>
<kw name="Click Element" library="SeleniumLibrary">
<arg>${link}</arg>
<doc>Click the element identified by ``locator``.</doc>
<msg timestamp="20260126 11:16:39.982" level="INFO">Clicking element '&lt;selenium.webdriver.remote.webelement.WebElement (session="80c037771e7b8e608cfcceaef780774d", element="f.75ECF2AC87269B7DA3ABA95466556B76.d.94319699B8ECE06A0D931CD87DB23E06.e.377")&gt;'.</msg>
<status status="PASS" starttime="20260126 11:16:39.981" endtime="20260126 11:16:40.049"/>
</kw>
<msg timestamp="20260126 11:16:40.049" level="INFO">${clicked} = True</msg>
<status status="PASS" starttime="20260126 11:16:39.981" endtime="20260126 11:16:40.049"/>
</kw>
<if>
<branch type="IF" condition="not ${clicked}">
<kw name="Execute Javascript" library="SeleniumLibrary">
<arg>arguments[0].click();</arg>
<arg>${link}</arg>
<doc>Executes the given JavaScript code with possible arguments.</doc>
<status status="NOT RUN" starttime="20260126 11:16:40.050" endtime="20260126 11:16:40.050"/>
</kw>
<status status="NOT RUN" starttime="20260126 11:16:40.049" endtime="20260126 11:16:40.050"/>
</branch>
<status status="PASS" starttime="20260126 11:16:40.049" endtime="20260126 11:16:40.050"/>
</if>
<kw name="Sleep" library="BuiltIn">
<arg>0.6s</arg>
<doc>Pauses the test executed for the given time.</doc>
<msg timestamp="20260126 11:16:40.650" level="INFO">Slept 600 milliseconds</msg>
<status status="PASS" starttime="20260126 11:16:40.050" endtime="20260126 11:16:40.651"/>
</kw>
<status status="PASS" starttime="20260126 11:16:39.678" endtime="20260126 11:16:40.651"/>
</iter>
<iter>
<var name="${index}">7</var>
<kw name="Get WebElements" library="SeleniumLibrary">
<var>${links}</var>
<arg>${NAV_LINKS}</arg>
<doc>Returns a list of WebElement objects matching the ``locator``.</doc>
<msg timestamp="20260126 11:16:40.661" level="INFO">${links} = [&lt;selenium.webdriver.remote.webelement.WebElement (session="80c037771e7b8e608cfcceaef780774d", element="f.75ECF2AC87269B7DA3ABA95466556B76.d.94319699B8ECE06A0D931CD87DB23E06.e.371")&gt;, &lt;selenium.webdri...</msg>
<status status="PASS" starttime="20260126 11:16:40.651" endtime="20260126 11:16:40.661"/>
</kw>
<kw name="Set Variable" library="BuiltIn">
<var>${link}</var>
<arg>${links}[${index}]</arg>
<doc>Returns the given values which can then be assigned to a variables.</doc>
<msg timestamp="20260126 11:16:40.662" level="INFO">${link} = &lt;selenium.webdriver.remote.webelement.WebElement (session="80c037771e7b8e608cfcceaef780774d", element="f.75ECF2AC87269B7DA3ABA95466556B76.d.94319699B8ECE06A0D931CD87DB23E06.e.378")&gt;</msg>
<status status="PASS" starttime="20260126 11:16:40.661" endtime="20260126 11:16:40.662"/>
</kw>
<kw name="Get Text" library="SeleniumLibrary">
<var>${text}</var>
<arg>${link}</arg>
<doc>Returns the text value of the element identified by ``locator``.</doc>
<msg timestamp="20260126 11:16:40.670" level="INFO">${text} = Imp Info</msg>
<status status="PASS" starttime="20260126 11:16:40.662" endtime="20260126 11:16:40.670"/>
</kw>
<kw name="Log" library="BuiltIn">
<arg>Clicking section: ${text}</arg>
<doc>Logs the given message with the given level.</doc>
<msg timestamp="20260126 11:16:40.671" level="INFO">Clicking section: Imp Info</msg>
<status status="PASS" starttime="20260126 11:16:40.670" endtime="20260126 11:16:40.671"/>
</kw>
<kw name="Scroll Element Into View" library="SeleniumLibrary">
<arg>${link}</arg>
<doc>Scrolls the element identified by ``locator`` into view.</doc>
<status status="PASS" starttime="20260126 11:16:40.671" endtime="20260126 11:16:40.945"/>
</kw>
<kw name="Wait Until Element Is Visible" library="SeleniumLibrary">
<arg>${link}</arg>
<arg>10s</arg>
<doc>Waits until the element ``locator`` is visible.</doc>
<status status="PASS" starttime="20260126 11:16:40.945" endtime="20260126 11:16:40.953"/>
</kw>
<kw name="Wait Until Element Is Enabled" library="SeleniumLibrary">
<arg>${link}</arg>
<arg>10s</arg>
<doc>Waits until the element ``locator`` is enabled.</doc>
<status status="PASS" starttime="20260126 11:16:40.953" endtime="20260126 11:16:40.964"/>
</kw>
<kw name="Run Keyword And Return Status" library="BuiltIn">
<var>${clicked}</var>
<arg>Click Element</arg>
<arg>${link}</arg>
<doc>Runs the given keyword with given arguments and returns the status as a Boolean value.</doc>
<kw name="Click Element" library="SeleniumLibrary">
<arg>${link}</arg>
<doc>Click the element identified by ``locator``.</doc>
<msg timestamp="20260126 11:16:40.965" level="INFO">Clicking element '&lt;selenium.webdriver.remote.webelement.WebElement (session="80c037771e7b8e608cfcceaef780774d", element="f.75ECF2AC87269B7DA3ABA95466556B76.d.94319699B8ECE06A0D931CD87DB23E06.e.378")&gt;'.</msg>
<status status="PASS" starttime="20260126 11:16:40.965" endtime="20260126 11:16:41.003"/>
</kw>
<msg timestamp="20260126 11:16:41.003" level="INFO">${clicked} = True</msg>
<status status="PASS" starttime="20260126 11:16:40.964" endtime="20260126 11:16:41.003"/>
</kw>
<if>
<branch type="IF" condition="not ${clicked}">
<kw name="Execute Javascript" library="SeleniumLibrary">
<arg>arguments[0].click();</arg>
<arg>${link}</arg>
<doc>Executes the given JavaScript code with possible arguments.</doc>
<status status="NOT RUN" starttime="20260126 11:16:41.003" endtime="20260126 11:16:41.003"/>
</kw>
<status status="NOT RUN" starttime="20260126 11:16:41.003" endtime="20260126 11:16:41.003"/>
</branch>
<status status="PASS" starttime="20260126 11:16:41.003" endtime="20260126 11:16:41.004"/>
</if>
<kw name="Sleep" library="BuiltIn">
<arg>0.6s</arg>
<doc>Pauses the test executed for the given time.</doc>
<msg timestamp="20260126 11:16:41.604" level="INFO">Slept 600 milliseconds</msg>
<status status="PASS" starttime="20260126 11:16:41.004" endtime="20260126 11:16:41.604"/>
</kw>
<status status="PASS" starttime="20260126 11:16:40.651" endtime="20260126 11:16:41.604"/>
</iter>
<iter>
<var name="${index}">8</var>
<kw name="Get WebElements" library="SeleniumLibrary">
<var>${links}</var>
<arg>${NAV_LINKS}</arg>
<doc>Returns a list of WebElement objects matching the ``locator``.</doc>
<msg timestamp="20260126 11:16:41.614" level="INFO">${links} = [&lt;selenium.webdriver.remote.webelement.WebElement (session="80c037771e7b8e608cfcceaef780774d", element="f.75ECF2AC87269B7DA3ABA95466556B76.d.94319699B8ECE06A0D931CD87DB23E06.e.371")&gt;, &lt;selenium.webdri...</msg>
<status status="PASS" starttime="20260126 11:16:41.605" endtime="20260126 11:16:41.614"/>
</kw>
<kw name="Set Variable" library="BuiltIn">
<var>${link}</var>
<arg>${links}[${index}]</arg>
<doc>Returns the given values which can then be assigned to a variables.</doc>
<msg timestamp="20260126 11:16:41.614" level="INFO">${link} = &lt;selenium.webdriver.remote.webelement.WebElement (session="80c037771e7b8e608cfcceaef780774d", element="f.75ECF2AC87269B7DA3ABA95466556B76.d.94319699B8ECE06A0D931CD87DB23E06.e.379")&gt;</msg>
<status status="PASS" starttime="20260126 11:16:41.614" endtime="20260126 11:16:41.614"/>
</kw>
<kw name="Get Text" library="SeleniumLibrary">
<var>${text}</var>
<arg>${link}</arg>
<doc>Returns the text value of the element identified by ``locator``.</doc>
<msg timestamp="20260126 11:16:41.623" level="INFO">${text} = FAQS</msg>
<status status="PASS" starttime="20260126 11:16:41.614" endtime="20260126 11:16:41.623"/>
</kw>
<kw name="Log" library="BuiltIn">
<arg>Clicking section: ${text}</arg>
<doc>Logs the given message with the given level.</doc>
<msg timestamp="20260126 11:16:41.623" level="INFO">Clicking section: FAQS</msg>
<status status="PASS" starttime="20260126 11:16:41.623" endtime="20260126 11:16:41.624"/>
</kw>
<kw name="Scroll Element Into View" library="SeleniumLibrary">
<arg>${link}</arg>
<doc>Scrolls the element identified by ``locator`` into view.</doc>
<status status="PASS" starttime="20260126 11:16:41.624" endtime="20260126 11:16:41.898"/>
</kw>
<kw name="Wait Until Element Is Visible" library="SeleniumLibrary">
<arg>${link}</arg>
<arg>10s</arg>
<doc>Waits until the element ``locator`` is visible.</doc>
<status status="PASS" starttime="20260126 11:16:41.898" endtime="20260126 11:16:41.906"/>
</kw>
<kw name="Wait Until Element Is Enabled" library="SeleniumLibrary">
<arg>${link}</arg>
<arg>10s</arg>
<doc>Waits until the element ``locator`` is enabled.</doc>
<status status="PASS" starttime="20260126 11:16:41.906" endtime="20260126 11:16:41.916"/>
</kw>
<kw name="Run Keyword And Return Status" library="BuiltIn">
<var>${clicked}</var>
<arg>Click Element</arg>
<arg>${link}</arg>
<doc>Runs the given keyword with given arguments and returns the status as a Boolean value.</doc>
<kw name="Click Element" library="SeleniumLibrary">
<arg>${link}</arg>
<doc>Click the element identified by ``locator``.</doc>
<msg timestamp="20260126 11:16:41.917" level="INFO">Clicking element '&lt;selenium.webdriver.remote.webelement.WebElement (session="80c037771e7b8e608cfcceaef780774d", element="f.75ECF2AC87269B7DA3ABA95466556B76.d.94319699B8ECE06A0D931CD87DB23E06.e.379")&gt;'.</msg>
<status status="PASS" starttime="20260126 11:16:41.917" endtime="20260126 11:16:41.956"/>
</kw>
<msg timestamp="20260126 11:16:41.956" level="INFO">${clicked} = True</msg>
<status status="PASS" starttime="20260126 11:16:41.916" endtime="20260126 11:16:41.956"/>
</kw>
<if>
<branch type="IF" condition="not ${clicked}">
<kw name="Execute Javascript" library="SeleniumLibrary">
<arg>arguments[0].click();</arg>
<arg>${link}</arg>
<doc>Executes the given JavaScript code with possible arguments.</doc>
<status status="NOT RUN" starttime="20260126 11:16:41.956" endtime="20260126 11:16:41.956"/>
</kw>
<status status="NOT RUN" starttime="20260126 11:16:41.956" endtime="20260126 11:16:41.956"/>
</branch>
<status status="PASS" starttime="20260126 11:16:41.956" endtime="20260126 11:16:41.956"/>
</if>
<kw name="Sleep" library="BuiltIn">
<arg>0.6s</arg>
<doc>Pauses the test executed for the given time.</doc>
<msg timestamp="20260126 11:16:42.557" level="INFO">Slept 600 milliseconds</msg>
<status status="PASS" starttime="20260126 11:16:41.957" endtime="20260126 11:16:42.557"/>
</kw>
<status status="PASS" starttime="20260126 11:16:41.604" endtime="20260126 11:16:42.557"/>
</iter>
<status status="PASS" starttime="20260126 11:16:33.951" endtime="20260126 11:16:42.557"/>
</for>
<status status="PASS" starttime="20260126 11:16:33.134" endtime="20260126 11:16:42.557"/>
</kw>
<kw name="Scroll Element Into View" library="SeleniumLibrary">
<arg>${KTM_Durbar Content}</arg>
<doc>Scrolls the element identified by ``locator`` into view.</doc>
<status status="PASS" starttime="20260126 11:16:42.558" endtime="20260126 11:16:42.828"/>
</kw>
<status status="PASS" starttime="20260126 11:16:22.853" endtime="20260126 11:16:42.828"/>
</kw>
<kw name="Close Browser" library="SeleniumLibrary" type="TEARDOWN">
<doc>Closes the current browser.</doc>
<status status="PASS" starttime="20260126 11:16:42.829" endtime="20260126 11:16:45.057"/>
</kw>
<status status="PASS" starttime="20260126 11:14:38.217" endtime="20260126 11:16:45.057"/>
</test>
<status status="PASS" starttime="20260126 11:14:37.700" endtime="20260126 11:16:45.058"/>
</suite>
<statistics>
<total>
<stat pass="1" fail="0" skip="0">All Tests</stat>
</total>
<tag>
</tag>
<suite>
<stat pass="1" fail="0" skip="0" id="s1" name="Explore The Ancient">Explore The Ancient</stat>
</suite>
</statistics>
<errors>
</errors>
</robot>
