<?xml version="1.0" encoding="UTF-8"?>
<robot generator="Robot 6.1.1 (Python 3.13.9 on win32)" generated="20260126 13:44:36.690" rpa="false" schemaversion="4">
<suite id="s1" name="Home Page Button" source="C:\Users\Swarup Dahal\PycharmProjects\trail-quest\tests\home_page_button.robot">
<test id="s1-t1" name="Verify Homepage Header Buttons Are Clickable" line="9">
<kw name="Open Homepage" library="home_page">
<kw name="Open Browser To Application" library="browser">
<kw name="Evaluate" library="BuiltIn">
<var>${chrome_options}</var>
<arg>selenium.webdriver.ChromeOptions()</arg>
<arg>modules=selenium.webdriver</arg>
<doc>Evaluates the given expression in Python and returns the result.</doc>
<msg timestamp="20260126 13:44:37.342" level="INFO">${chrome_options} = &lt;selenium.webdriver.chrome.options.Options object at 0x000001F3E9CAAE40&gt;</msg>
<status status="PASS" starttime="20260126 13:44:37.341" endtime="20260126 13:44:37.342"/>
</kw>
<kw name="Create List" library="BuiltIn">
<var>${args}</var>
<arg>--window-size=1920,1080</arg>
<arg>--start-maximized</arg>
<arg>--no-sandbox</arg>
<arg>--disable-dev-shm-usage</arg>
<arg>--disable-gpu</arg>
<arg>--disable-software-rasterizer</arg>
<arg>--remote-debugging-port=9222</arg>
<arg>--disable-extensions</arg>
<arg>--disable-setuid-sandbox</arg>
<doc>Returns a list containing given items.</doc>
<msg timestamp="20260126 13:44:37.342" level="INFO">${args} = ['--window-size=1920,1080', '--start-maximized', '--no-sandbox', '--disable-dev-shm-usage', '--disable-gpu', '--disable-software-rasterizer', '--remote-debugging-port=9222', '--disable-extensions', '-...</msg>
<status status="PASS" starttime="20260126 13:44:37.342" endtime="20260126 13:44:37.342"/>
</kw>
<for flavor="IN">
<var>${arg}</var>
<value>@{args}</value>
<iter>
<var name="${arg}">--window-size=1920,1080</var>
<kw name="Call Method" library="BuiltIn">
<arg>${chrome_options}</arg>
<arg>add_argument</arg>
<arg>${arg}</arg>
<doc>Calls the named method of the given object with the provided arguments.</doc>
<status status="PASS" starttime="20260126 13:44:37.342" endtime="20260126 13:44:37.343"/>
</kw>
<status status="PASS" starttime="20260126 13:44:37.342" endtime="20260126 13:44:37.343"/>
</iter>
<iter>
<var name="${arg}">--start-maximized</var>
<kw name="Call Method" library="BuiltIn">
<arg>${chrome_options}</arg>
<arg>add_argument</arg>
<arg>${arg}</arg>
<doc>Calls the named method of the given object with the provided arguments.</doc>
<status status="PASS" starttime="20260126 13:44:37.343" endtime="20260126 13:44:37.343"/>
</kw>
<status status="PASS" starttime="20260126 13:44:37.343" endtime="20260126 13:44:37.343"/>
</iter>
<iter>
<var name="${arg}">--no-sandbox</var>
<kw name="Call Method" library="BuiltIn">
<arg>${chrome_options}</arg>
<arg>add_argument</arg>
<arg>${arg}</arg>
<doc>Calls the named method of the given object with the provided arguments.</doc>
<status status="PASS" starttime="20260126 13:44:37.343" endtime="20260126 13:44:37.344"/>
</kw>
<status status="PASS" starttime="20260126 13:44:37.343" endtime="20260126 13:44:37.344"/>
</iter>
<iter>
<var name="${arg}">--disable-dev-shm-usage</var>
<kw name="Call Method" library="BuiltIn">
<arg>${chrome_options}</arg>
<arg>add_argument</arg>
<arg>${arg}</arg>
<doc>Calls the named method of the given object with the provided arguments.</doc>
<status status="PASS" starttime="20260126 13:44:37.344" endtime="20260126 13:44:37.344"/>
</kw>
<status status="PASS" starttime="20260126 13:44:37.344" endtime="20260126 13:44:37.344"/>
</iter>
<iter>
<var name="${arg}">--disable-gpu</var>
<kw name="Call Method" library="BuiltIn">
<arg>${chrome_options}</arg>
<arg>add_argument</arg>
<arg>${arg}</arg>
<doc>Calls the named method of the given object with the provided arguments.</doc>
<status status="PASS" starttime="20260126 13:44:37.344" endtime="20260126 13:44:37.345"/>
</kw>
<status status="PASS" starttime="20260126 13:44:37.344" endtime="20260126 13:44:37.345"/>
</iter>
<iter>
<var name="${arg}">--disable-software-rasterizer</var>
<kw name="Call Method" library="BuiltIn">
<arg>${chrome_options}</arg>
<arg>add_argument</arg>
<arg>${arg}</arg>
<doc>Calls the named method of the given object with the provided arguments.</doc>
<status status="PASS" starttime="20260126 13:44:37.345" endtime="20260126 13:44:37.345"/>
</kw>
<status status="PASS" starttime="20260126 13:44:37.345" endtime="20260126 13:44:37.345"/>
</iter>
<iter>
<var name="${arg}">--remote-debugging-port=9222</var>
<kw name="Call Method" library="BuiltIn">
<arg>${chrome_options}</arg>
<arg>add_argument</arg>
<arg>${arg}</arg>
<doc>Calls the named method of the given object with the provided arguments.</doc>
<status status="PASS" starttime="20260126 13:44:37.345" endtime="20260126 13:44:37.346"/>
</kw>
<status status="PASS" starttime="20260126 13:44:37.345" endtime="20260126 13:44:37.346"/>
</iter>
<iter>
<var name="${arg}">--disable-extensions</var>
<kw name="Call Method" library="BuiltIn">
<arg>${chrome_options}</arg>
<arg>add_argument</arg>
<arg>${arg}</arg>
<doc>Calls the named method of the given object with the provided arguments.</doc>
<status status="PASS" starttime="20260126 13:44:37.346" endtime="20260126 13:44:37.346"/>
</kw>
<status status="PASS" starttime="20260126 13:44:37.346" endtime="20260126 13:44:37.346"/>
</iter>
<iter>
<var name="${arg}">--disable-setuid-sandbox</var>
<kw name="Call Method" library="BuiltIn">
<arg>${chrome_options}</arg>
<arg>add_argument</arg>
<arg>${arg}</arg>
<doc>Calls the named method of the given object with the provided arguments.</doc>
<status status="PASS" starttime="20260126 13:44:37.346" endtime="20260126 13:44:37.347"/>
</kw>
<status status="PASS" starttime="20260126 13:44:37.346" endtime="20260126 13:44:37.347"/>
</iter>
<status status="PASS" starttime="20260126 13:44:37.342" endtime="20260126 13:44:37.347"/>
</for>
<kw name="Open Browser" library="SeleniumLibrary">
<arg>${BASE_URL}</arg>
<arg>${BROWSER}</arg>
<arg>options=${chrome_options}</arg>
<doc>Opens a new browser instance to the optional ``url``.</doc>
<msg timestamp="20260126 13:44:37.348" level="INFO">Opening browser 'Chrome' to base url 'https://trailquest.global/'.</msg>
<status status="PASS" starttime="20260126 13:44:37.347" endtime="20260126 13:44:44.589"/>
</kw>
<status status="PASS" starttime="20260126 13:44:37.341" endtime="20260126 13:44:44.590"/>
</kw>
<kw name="Sleep" library="BuiltIn">
<arg>2s</arg>
<doc>Pauses the test executed for the given time.</doc>
<msg timestamp="20260126 13:44:46.593" level="INFO">Slept 2 seconds</msg>
<status status="PASS" starttime="20260126 13:44:44.590" endtime="20260126 13:44:46.593"/>
</kw>
<status status="PASS" starttime="20260126 13:44:37.341" endtime="20260126 13:44:46.593"/>
</kw>
<kw name="click all elements of homepage" library="home_page">
<kw name="Verify Logo Is Visible" library="home_page">
<kw name="Wait Until Element Is Visible" library="SeleniumLibrary">
<arg>${logo}</arg>
<doc>Waits until the element ``locator`` is visible.</doc>
<status status="PASS" starttime="20260126 13:44:46.594" endtime="20260126 13:44:46.633"/>
</kw>
<kw name="Sleep" library="BuiltIn">
<arg>2s</arg>
<doc>Pauses the test executed for the given time.</doc>
<msg timestamp="20260126 13:44:48.633" level="INFO">Slept 2 seconds</msg>
<status status="PASS" starttime="20260126 13:44:46.633" endtime="20260126 13:44:48.633"/>
</kw>
<status status="PASS" starttime="20260126 13:44:46.594" endtime="20260126 13:44:48.633"/>
</kw>
<kw name="Verify Homepage Header Buttons Are Clickable" library="home_page">
<kw name="Run Keyword And Return Status" library="BuiltIn">
<var>${mobile_menu_visible}</var>
<arg>Wait Until Element Is Visible</arg>
<arg>xpath=//button[contains(@class,'icon-menu')]</arg>
<arg>5s</arg>
<doc>Runs the given keyword with given arguments and returns the status as a Boolean value.</doc>
<kw name="Wait Until Element Is Visible" library="SeleniumLibrary">
<arg>xpath=//button[contains(@class,'icon-menu')]</arg>
<arg>5s</arg>
<doc>Waits until the element ``locator`` is visible.</doc>
<msg timestamp="20260126 13:44:54.474" level="INFO" html="true">&lt;/td&gt;&lt;/tr&gt;&lt;tr&gt;&lt;td colspan="3"&gt;&lt;a href="selenium-screenshot-1663.png"&gt;&lt;img src="selenium-screenshot-1663.png" width="800px"&gt;&lt;/a&gt;</msg>
<msg timestamp="20260126 13:44:54.474" level="FAIL">Element 'xpath=//button[contains(@class,'icon-menu')]' not visible after 5 seconds.</msg>
<status status="FAIL" starttime="20260126 13:44:48.634" endtime="20260126 13:44:54.483"/>
</kw>
<msg timestamp="20260126 13:44:54.483" level="INFO">${mobile_menu_visible} = False</msg>
<status status="PASS" starttime="20260126 13:44:48.634" endtime="20260126 13:44:54.483"/>
</kw>
<if>
<branch type="IF" condition="${mobile_menu_visible}">
<kw name="Wait And Click" library="keywords">
<arg>xpath=//button[contains(@class,'icon-menu')]</arg>
<doc>Waits until element is visible &amp; enabled, scrolls into view, clicks, fallback to JS if normal click fails</doc>
<status status="NOT RUN" starttime="20260126 13:44:54.483" endtime="20260126 13:44:54.483"/>
</kw>
<kw name="Wait Until Element Is Visible" library="SeleniumLibrary">
<arg>xpath=//div[contains(@class,'js-navList')]</arg>
<arg>10s</arg>
<doc>Waits until the element ``locator`` is visible.</doc>
<status status="NOT RUN" starttime="20260126 13:44:54.483" endtime="20260126 13:44:54.483"/>
</kw>
<status status="NOT RUN" starttime="20260126 13:44:54.483" endtime="20260126 13:44:54.483"/>
</branch>
<status status="PASS" starttime="20260126 13:44:54.483" endtime="20260126 13:44:54.483"/>
</if>
<kw name="Wait And Click" library="keywords">
<arg>xpath=//a[normalize-space()='Home']</arg>
<doc>Waits until element is visible &amp; enabled, scrolls into view, clicks, fallback to JS if normal click fails</doc>
<kw name="Wait Until Element Is Visible" library="SeleniumLibrary">
<arg>${locator}</arg>
<arg>${timeout}</arg>
<doc>Waits until the element ``locator`` is visible.</doc>
<status status="PASS" starttime="20260126 13:44:54.484" endtime="20260126 13:44:54.504"/>
</kw>
<kw name="Wait Until Element Is Enabled" library="SeleniumLibrary">
<arg>${locator}</arg>
<arg>${timeout}</arg>
<doc>Waits until the element ``locator`` is enabled.</doc>
<status status="PASS" starttime="20260126 13:44:54.505" endtime="20260126 13:44:54.533"/>
</kw>
<kw name="Scroll Element Into View" library="SeleniumLibrary">
<arg>${locator}</arg>
<doc>Scrolls the element identified by ``locator`` into view.</doc>
<status status="PASS" starttime="20260126 13:44:54.533" endtime="20260126 13:44:54.813"/>
</kw>
<kw name="Run Keyword And Return Status" library="BuiltIn">
<var>${clicked}</var>
<arg>Click Element</arg>
<arg>${locator}</arg>
<doc>Runs the given keyword with given arguments and returns the status as a Boolean value.</doc>
<kw name="Click Element" library="SeleniumLibrary">
<arg>${locator}</arg>
<doc>Click the element identified by ``locator``.</doc>
<msg timestamp="20260126 13:44:54.814" level="INFO">Clicking element 'xpath=//a[normalize-space()='Home']'.</msg>
<status status="PASS" starttime="20260126 13:44:54.813" endtime="20260126 13:44:56.998"/>
</kw>
<msg timestamp="20260126 13:44:56.998" level="INFO">${clicked} = True</msg>
<status status="PASS" starttime="20260126 13:44:54.813" endtime="20260126 13:44:56.999"/>
</kw>
<if>
<branch type="IF" condition="not ${clicked}">
<kw name="Log" library="BuiltIn">
<arg>Using JS click fallback for ${locator}</arg>
<doc>Logs the given message with the given level.</doc>
<status status="NOT RUN" starttime="20260126 13:44:57.001" endtime="20260126 13:44:57.001"/>
</kw>
<kw name="Execute Javascript" library="SeleniumLibrary">
<arg>arguments[0].click();</arg>
<arg>document.evaluate("${locator.replace('xpath=','')}", document, null, XPathResult.FIRST_ORDERED_NODE_TYPE, null).singleNodeValue</arg>
<doc>Executes the given JavaScript code with possible arguments.</doc>
<status status="NOT RUN" starttime="20260126 13:44:57.001" endtime="20260126 13:44:57.001"/>
</kw>
<status status="NOT RUN" starttime="20260126 13:44:56.999" endtime="20260126 13:44:57.001"/>
</branch>
<status status="PASS" starttime="20260126 13:44:56.999" endtime="20260126 13:44:57.001"/>
</if>
<status status="PASS" starttime="20260126 13:44:54.483" endtime="20260126 13:44:57.001"/>
</kw>
<kw name="Click Navbar Menu And Subitems" library="home_page">
<arg>Treks &amp; Tours</arg>
<arg>Push Your Limits</arg>
<arg>Reconnect With Nature</arg>
<arg>Declutter Your Mind</arg>
<arg>Explore The Ancients</arg>
<kw name="Wait And Click" library="keywords">
<arg>xpath=//span[normalize-space()='${menu_name}']</arg>
<doc>Waits until element is visible &amp; enabled, scrolls into view, clicks, fallback to JS if normal click fails</doc>
<kw name="Wait Until Element Is Visible" library="SeleniumLibrary">
<arg>${locator}</arg>
<arg>${timeout}</arg>
<doc>Waits until the element ``locator`` is visible.</doc>
<status status="PASS" starttime="20260126 13:44:57.002" endtime="20260126 13:44:57.036"/>
</kw>
<kw name="Wait Until Element Is Enabled" library="SeleniumLibrary">
<arg>${locator}</arg>
<arg>${timeout}</arg>
<doc>Waits until the element ``locator`` is enabled.</doc>
<status status="PASS" starttime="20260126 13:44:57.036" endtime="20260126 13:44:57.066"/>
</kw>
<kw name="Scroll Element Into View" library="SeleniumLibrary">
<arg>${locator}</arg>
<doc>Scrolls the element identified by ``locator`` into view.</doc>
<status status="PASS" starttime="20260126 13:44:57.066" endtime="20260126 13:44:57.347"/>
</kw>
<kw name="Run Keyword And Return Status" library="BuiltIn">
<var>${clicked}</var>
<arg>Click Element</arg>
<arg>${locator}</arg>
<doc>Runs the given keyword with given arguments and returns the status as a Boolean value.</doc>
<kw name="Click Element" library="SeleniumLibrary">
<arg>${locator}</arg>
<doc>Click the element identified by ``locator``.</doc>
<msg timestamp="20260126 13:44:57.349" level="INFO">Clicking element 'xpath=//span[normalize-space()='Treks &amp; Tours']'.</msg>
<status status="PASS" starttime="20260126 13:44:57.348" endtime="20260126 13:44:57.762"/>
</kw>
<msg timestamp="20260126 13:44:57.763" level="INFO">${clicked} = True</msg>
<status status="PASS" starttime="20260126 13:44:57.347" endtime="20260126 13:44:57.763"/>
</kw>
<if>
<branch type="IF" condition="not ${clicked}">
<kw name="Log" library="BuiltIn">
<arg>Using JS click fallback for ${locator}</arg>
<doc>Logs the given message with the given level.</doc>
<status status="NOT RUN" starttime="20260126 13:44:57.763" endtime="20260126 13:44:57.763"/>
</kw>
<kw name="Execute Javascript" library="SeleniumLibrary">
<arg>arguments[0].click();</arg>
<arg>document.evaluate("${locator.replace('xpath=','')}", document, null, XPathResult.FIRST_ORDERED_NODE_TYPE, null).singleNodeValue</arg>
<doc>Executes the given JavaScript code with possible arguments.</doc>
<status status="NOT RUN" starttime="20260126 13:44:57.763" endtime="20260126 13:44:57.763"/>
</kw>
<status status="NOT RUN" starttime="20260126 13:44:57.763" endtime="20260126 13:44:57.763"/>
</branch>
<status status="PASS" starttime="20260126 13:44:57.763" endtime="20260126 13:44:57.763"/>
</if>
<status status="PASS" starttime="20260126 13:44:57.002" endtime="20260126 13:44:57.763"/>
</kw>
<for flavor="IN">
<var>${item}</var>
<value>@{submenu_items}</value>
<iter>
<var name="${item}">Push Your Limits</var>
<kw name="Wait And Click" library="keywords">
<arg>xpath=//ul[contains(@class,'subnav')]//a[normalize-space()='${item}']</arg>
<doc>Waits until element is visible &amp; enabled, scrolls into view, clicks, fallback to JS if normal click fails</doc>
<kw name="Wait Until Element Is Visible" library="SeleniumLibrary">
<arg>${locator}</arg>
<arg>${timeout}</arg>
<doc>Waits until the element ``locator`` is visible.</doc>
<status status="PASS" starttime="20260126 13:44:57.764" endtime="20260126 13:44:57.794"/>
</kw>
<kw name="Wait Until Element Is Enabled" library="SeleniumLibrary">
<arg>${locator}</arg>
<arg>${timeout}</arg>
<doc>Waits until the element ``locator`` is enabled.</doc>
<status status="PASS" starttime="20260126 13:44:57.794" endtime="20260126 13:44:57.822"/>
</kw>
<kw name="Scroll Element Into View" library="SeleniumLibrary">
<arg>${locator}</arg>
<doc>Scrolls the element identified by ``locator`` into view.</doc>
<status status="PASS" starttime="20260126 13:44:57.822" endtime="20260126 13:44:58.111"/>
</kw>
<kw name="Run Keyword And Return Status" library="BuiltIn">
<var>${clicked}</var>
<arg>Click Element</arg>
<arg>${locator}</arg>
<doc>Runs the given keyword with given arguments and returns the status as a Boolean value.</doc>
<kw name="Click Element" library="SeleniumLibrary">
<arg>${locator}</arg>
<doc>Click the element identified by ``locator``.</doc>
<msg timestamp="20260126 13:44:58.112" level="INFO">Clicking element 'xpath=//ul[contains(@class,'subnav')]//a[normalize-space()='Push Your Limits']'.</msg>
<status status="PASS" starttime="20260126 13:44:58.112" endtime="20260126 13:45:00.664"/>
</kw>
<msg timestamp="20260126 13:45:00.664" level="INFO">${clicked} = True</msg>
<status status="PASS" starttime="20260126 13:44:58.111" endtime="20260126 13:45:00.664"/>
</kw>
<if>
<branch type="IF" condition="not ${clicked}">
<kw name="Log" library="BuiltIn">
<arg>Using JS click fallback for ${locator}</arg>
<doc>Logs the given message with the given level.</doc>
<status status="NOT RUN" starttime="20260126 13:45:00.664" endtime="20260126 13:45:00.664"/>
</kw>
<kw name="Execute Javascript" library="SeleniumLibrary">
<arg>arguments[0].click();</arg>
<arg>document.evaluate("${locator.replace('xpath=','')}", document, null, XPathResult.FIRST_ORDERED_NODE_TYPE, null).singleNodeValue</arg>
<doc>Executes the given JavaScript code with possible arguments.</doc>
<status status="NOT RUN" starttime="20260126 13:45:00.665" endtime="20260126 13:45:00.665"/>
</kw>
<status status="NOT RUN" starttime="20260126 13:45:00.664" endtime="20260126 13:45:00.665"/>
</branch>
<status status="PASS" starttime="20260126 13:45:00.664" endtime="20260126 13:45:00.665"/>
</if>
<status status="PASS" starttime="20260126 13:44:57.764" endtime="20260126 13:45:00.665"/>
</kw>
<kw name="Wait Until Page Contains Element" library="SeleniumLibrary">
<arg>xpath=//body</arg>
<arg>5s</arg>
<doc>Waits until the element ``locator`` appears on the current page.</doc>
<status status="PASS" starttime="20260126 13:45:00.665" endtime="20260126 13:45:00.696"/>
</kw>
<kw name="Run Keyword And Return Status" library="BuiltIn">
<var>${mobile_menu_visible}</var>
<arg>Element Should Be Visible</arg>
<arg>xpath=//button[contains(@class,'icon-menu')]</arg>
<doc>Runs the given keyword with given arguments and returns the status as a Boolean value.</doc>
<kw name="Element Should Be Visible" library="SeleniumLibrary">
<arg>xpath=//button[contains(@class,'icon-menu')]</arg>
<doc>Verifies that the element identified by ``locator`` is visible.</doc>
<msg timestamp="20260126 13:45:00.954" level="INFO" html="true">&lt;/td&gt;&lt;/tr&gt;&lt;tr&gt;&lt;td colspan="3"&gt;&lt;a href="selenium-screenshot-1664.png"&gt;&lt;img src="selenium-screenshot-1664.png" width="800px"&gt;&lt;/a&gt;</msg>
<msg timestamp="20260126 13:45:00.954" level="FAIL">The element 'xpath=//button[contains(@class,'icon-menu')]' should be visible, but it is not.</msg>
<status status="FAIL" starttime="20260126 13:45:00.697" endtime="20260126 13:45:00.958"/>
</kw>
<msg timestamp="20260126 13:45:00.959" level="INFO">${mobile_menu_visible} = False</msg>
<status status="PASS" starttime="20260126 13:45:00.696" endtime="20260126 13:45:00.959"/>
</kw>
<if>
<branch type="IF" condition="${mobile_menu_visible}">
<kw name="Wait And Click" library="keywords">
<arg>xpath=//button[contains(@class,'icon-menu')]</arg>
<doc>Waits until element is visible &amp; enabled, scrolls into view, clicks, fallback to JS if normal click fails</doc>
<status status="NOT RUN" starttime="20260126 13:45:00.959" endtime="20260126 13:45:00.960"/>
</kw>
<status status="NOT RUN" starttime="20260126 13:45:00.959" endtime="20260126 13:45:00.960"/>
</branch>
<status status="PASS" starttime="20260126 13:45:00.959" endtime="20260126 13:45:00.960"/>
</if>
<kw name="Wait And Click" library="keywords">
<arg>xpath=//span[normalize-space()='${menu_name}']</arg>
<doc>Waits until element is visible &amp; enabled, scrolls into view, clicks, fallback to JS if normal click fails</doc>
<kw name="Wait Until Element Is Visible" library="SeleniumLibrary">
<arg>${locator}</arg>
<arg>${timeout}</arg>
<doc>Waits until the element ``locator`` is visible.</doc>
<status status="PASS" starttime="20260126 13:45:00.961" endtime="20260126 13:45:00.980"/>
</kw>
<kw name="Wait Until Element Is Enabled" library="SeleniumLibrary">
<arg>${locator}</arg>
<arg>${timeout}</arg>
<doc>Waits until the element ``locator`` is enabled.</doc>
<status status="PASS" starttime="20260126 13:45:00.980" endtime="20260126 13:45:01.004"/>
</kw>
<kw name="Scroll Element Into View" library="SeleniumLibrary">
<arg>${locator}</arg>
<doc>Scrolls the element identified by ``locator`` into view.</doc>
<status status="PASS" starttime="20260126 13:45:01.004" endtime="20260126 13:45:01.277"/>
</kw>
<kw name="Run Keyword And Return Status" library="BuiltIn">
<var>${clicked}</var>
<arg>Click Element</arg>
<arg>${locator}</arg>
<doc>Runs the given keyword with given arguments and returns the status as a Boolean value.</doc>
<kw name="Click Element" library="SeleniumLibrary">
<arg>${locator}</arg>
<doc>Click the element identified by ``locator``.</doc>
<msg timestamp="20260126 13:45:01.278" level="INFO">Clicking element 'xpath=//span[normalize-space()='Treks &amp; Tours']'.</msg>
<status status="PASS" starttime="20260126 13:45:01.278" endtime="20260126 13:45:01.420"/>
</kw>
<msg timestamp="20260126 13:45:01.420" level="INFO">${clicked} = True</msg>
<status status="PASS" starttime="20260126 13:45:01.278" endtime="20260126 13:45:01.421"/>
</kw>
<if>
<branch type="IF" condition="not ${clicked}">
<kw name="Log" library="BuiltIn">
<arg>Using JS click fallback for ${locator}</arg>
<doc>Logs the given message with the given level.</doc>
<status status="NOT RUN" starttime="20260126 13:45:01.421" endtime="20260126 13:45:01.421"/>
</kw>
<kw name="Execute Javascript" library="SeleniumLibrary">
<arg>arguments[0].click();</arg>
<arg>document.evaluate("${locator.replace('xpath=','')}", document, null, XPathResult.FIRST_ORDERED_NODE_TYPE, null).singleNodeValue</arg>
<doc>Executes the given JavaScript code with possible arguments.</doc>
<status status="NOT RUN" starttime="20260126 13:45:01.421" endtime="20260126 13:45:01.421"/>
</kw>
<status status="NOT RUN" starttime="20260126 13:45:01.421" endtime="20260126 13:45:01.421"/>
</branch>
<status status="PASS" starttime="20260126 13:45:01.421" endtime="20260126 13:45:01.421"/>
</if>
<status status="PASS" starttime="20260126 13:45:00.960" endtime="20260126 13:45:01.421"/>
</kw>
<status status="PASS" starttime="20260126 13:44:57.764" endtime="20260126 13:45:01.421"/>
</iter>
<iter>
<var name="${item}">Reconnect With Nature</var>
<kw name="Wait And Click" library="keywords">
<arg>xpath=//ul[contains(@class,'subnav')]//a[normalize-space()='${item}']</arg>
<doc>Waits until element is visible &amp; enabled, scrolls into view, clicks, fallback to JS if normal click fails</doc>
<kw name="Wait Until Element Is Visible" library="SeleniumLibrary">
<arg>${locator}</arg>
<arg>${timeout}</arg>
<doc>Waits until the element ``locator`` is visible.</doc>
<status status="PASS" starttime="20260126 13:45:01.422" endtime="20260126 13:45:01.668"/>
</kw>
<kw name="Wait Until Element Is Enabled" library="SeleniumLibrary">
<arg>${locator}</arg>
<arg>${timeout}</arg>
<doc>Waits until the element ``locator`` is enabled.</doc>
<status status="PASS" starttime="20260126 13:45:01.669" endtime="20260126 13:45:01.702"/>
</kw>
<kw name="Scroll Element Into View" library="SeleniumLibrary">
<arg>${locator}</arg>
<doc>Scrolls the element identified by ``locator`` into view.</doc>
<status status="PASS" starttime="20260126 13:45:01.702" endtime="20260126 13:45:02.009"/>
</kw>
<kw name="Run Keyword And Return Status" library="BuiltIn">
<var>${clicked}</var>
<arg>Click Element</arg>
<arg>${locator}</arg>
<doc>Runs the given keyword with given arguments and returns the status as a Boolean value.</doc>
<kw name="Click Element" library="SeleniumLibrary">
<arg>${locator}</arg>
<doc>Click the element identified by ``locator``.</doc>
<msg timestamp="20260126 13:45:02.010" level="INFO">Clicking element 'xpath=//ul[contains(@class,'subnav')]//a[normalize-space()='Reconnect With Nature']'.</msg>
<status status="PASS" starttime="20260126 13:45:02.010" endtime="20260126 13:45:04.009"/>
</kw>
<msg timestamp="20260126 13:45:04.009" level="INFO">${clicked} = True</msg>
<status status="PASS" starttime="20260126 13:45:02.009" endtime="20260126 13:45:04.009"/>
</kw>
<if>
<branch type="IF" condition="not ${clicked}">
<kw name="Log" library="BuiltIn">
<arg>Using JS click fallback for ${locator}</arg>
<doc>Logs the given message with the given level.</doc>
<status status="NOT RUN" starttime="20260126 13:45:04.009" endtime="20260126 13:45:04.009"/>
</kw>
<kw name="Execute Javascript" library="SeleniumLibrary">
<arg>arguments[0].click();</arg>
<arg>document.evaluate("${locator.replace('xpath=','')}", document, null, XPathResult.FIRST_ORDERED_NODE_TYPE, null).singleNodeValue</arg>
<doc>Executes the given JavaScript code with possible arguments.</doc>
<status status="NOT RUN" starttime="20260126 13:45:04.010" endtime="20260126 13:45:04.010"/>
</kw>
<status status="NOT RUN" starttime="20260126 13:45:04.009" endtime="20260126 13:45:04.010"/>
</branch>
<status status="PASS" starttime="20260126 13:45:04.009" endtime="20260126 13:45:04.010"/>
</if>
<status status="PASS" starttime="20260126 13:45:01.422" endtime="20260126 13:45:04.010"/>
</kw>
<kw name="Wait Until Page Contains Element" library="SeleniumLibrary">
<arg>xpath=//body</arg>
<arg>5s</arg>
<doc>Waits until the element ``locator`` appears on the current page.</doc>
<status status="PASS" starttime="20260126 13:45:04.010" endtime="20260126 13:45:04.021"/>
</kw>
<kw name="Run Keyword And Return Status" library="BuiltIn">
<var>${mobile_menu_visible}</var>
<arg>Element Should Be Visible</arg>
<arg>xpath=//button[contains(@class,'icon-menu')]</arg>
<doc>Runs the given keyword with given arguments and returns the status as a Boolean value.</doc>
<kw name="Element Should Be Visible" library="SeleniumLibrary">
<arg>xpath=//button[contains(@class,'icon-menu')]</arg>
<doc>Verifies that the element identified by ``locator`` is visible.</doc>
<msg timestamp="20260126 13:45:04.378" level="INFO" html="true">&lt;/td&gt;&lt;/tr&gt;&lt;tr&gt;&lt;td colspan="3"&gt;&lt;a href="selenium-screenshot-1665.png"&gt;&lt;img src="selenium-screenshot-1665.png" width="800px"&gt;&lt;/a&gt;</msg>
<msg timestamp="20260126 13:45:04.378" level="FAIL">The element 'xpath=//button[contains(@class,'icon-menu')]' should be visible, but it is not.</msg>
<status status="FAIL" starttime="20260126 13:45:04.021" endtime="20260126 13:45:04.379"/>
</kw>
<msg timestamp="20260126 13:45:04.380" level="INFO">${mobile_menu_visible} = False</msg>
<status status="PASS" starttime="20260126 13:45:04.021" endtime="20260126 13:45:04.380"/>
</kw>
<if>
<branch type="IF" condition="${mobile_menu_visible}">
<kw name="Wait And Click" library="keywords">
<arg>xpath=//button[contains(@class,'icon-menu')]</arg>
<doc>Waits until element is visible &amp; enabled, scrolls into view, clicks, fallback to JS if normal click fails</doc>
<status status="NOT RUN" starttime="20260126 13:45:04.380" endtime="20260126 13:45:04.380"/>
</kw>
<status status="NOT RUN" starttime="20260126 13:45:04.380" endtime="20260126 13:45:04.380"/>
</branch>
<status status="PASS" starttime="20260126 13:45:04.380" endtime="20260126 13:45:04.380"/>
</if>
<kw name="Wait And Click" library="keywords">
<arg>xpath=//span[normalize-space()='${menu_name}']</arg>
<doc>Waits until element is visible &amp; enabled, scrolls into view, clicks, fallback to JS if normal click fails</doc>
<kw name="Wait Until Element Is Visible" library="SeleniumLibrary">
<arg>${locator}</arg>
<arg>${timeout}</arg>
<doc>Waits until the element ``locator`` is visible.</doc>
<status status="PASS" starttime="20260126 13:45:04.381" endtime="20260126 13:45:04.396"/>
</kw>
<kw name="Wait Until Element Is Enabled" library="SeleniumLibrary">
<arg>${locator}</arg>
<arg>${timeout}</arg>
<doc>Waits until the element ``locator`` is enabled.</doc>
<status status="PASS" starttime="20260126 13:45:04.396" endtime="20260126 13:45:04.415"/>
</kw>
<kw name="Scroll Element Into View" library="SeleniumLibrary">
<arg>${locator}</arg>
<doc>Scrolls the element identified by ``locator`` into view.</doc>
<status status="PASS" starttime="20260126 13:45:04.415" endtime="20260126 13:45:04.705"/>
</kw>
<kw name="Run Keyword And Return Status" library="BuiltIn">
<var>${clicked}</var>
<arg>Click Element</arg>
<arg>${locator}</arg>
<doc>Runs the given keyword with given arguments and returns the status as a Boolean value.</doc>
<kw name="Click Element" library="SeleniumLibrary">
<arg>${locator}</arg>
<doc>Click the element identified by ``locator``.</doc>
<msg timestamp="20260126 13:45:04.706" level="INFO">Clicking element 'xpath=//span[normalize-space()='Treks &amp; Tours']'.</msg>
<status status="PASS" starttime="20260126 13:45:04.705" endtime="20260126 13:45:04.765"/>
</kw>
<msg timestamp="20260126 13:45:04.765" level="INFO">${clicked} = True</msg>
<status status="PASS" starttime="20260126 13:45:04.705" endtime="20260126 13:45:04.765"/>
</kw>
<if>
<branch type="IF" condition="not ${clicked}">
<kw name="Log" library="BuiltIn">
<arg>Using JS click fallback for ${locator}</arg>
<doc>Logs the given message with the given level.</doc>
<status status="NOT RUN" starttime="20260126 13:45:04.766" endtime="20260126 13:45:04.766"/>
</kw>
<kw name="Execute Javascript" library="SeleniumLibrary">
<arg>arguments[0].click();</arg>
<arg>document.evaluate("${locator.replace('xpath=','')}", document, null, XPathResult.FIRST_ORDERED_NODE_TYPE, null).singleNodeValue</arg>
<doc>Executes the given JavaScript code with possible arguments.</doc>
<status status="NOT RUN" starttime="20260126 13:45:04.766" endtime="20260126 13:45:04.766"/>
</kw>
<status status="NOT RUN" starttime="20260126 13:45:04.765" endtime="20260126 13:45:04.766"/>
</branch>
<status status="PASS" starttime="20260126 13:45:04.765" endtime="20260126 13:45:04.766"/>
</if>
<status status="PASS" starttime="20260126 13:45:04.380" endtime="20260126 13:45:04.766"/>
</kw>
<status status="PASS" starttime="20260126 13:45:01.422" endtime="20260126 13:45:04.766"/>
</iter>
<iter>
<var name="${item}">Declutter Your Mind</var>
<kw name="Wait And Click" library="keywords">
<arg>xpath=//ul[contains(@class,'subnav')]//a[normalize-space()='${item}']</arg>
<doc>Waits until element is visible &amp; enabled, scrolls into view, clicks, fallback to JS if normal click fails</doc>
<kw name="Wait Until Element Is Visible" library="SeleniumLibrary">
<arg>${locator}</arg>
<arg>${timeout}</arg>
<doc>Waits until the element ``locator`` is visible.</doc>
<status status="PASS" starttime="20260126 13:45:04.767" endtime="20260126 13:45:05.008"/>
</kw>
<kw name="Wait Until Element Is Enabled" library="SeleniumLibrary">
<arg>${locator}</arg>
<arg>${timeout}</arg>
<doc>Waits until the element ``locator`` is enabled.</doc>
<status status="PASS" starttime="20260126 13:45:05.009" endtime="20260126 13:45:05.033"/>
</kw>
<kw name="Scroll Element Into View" library="SeleniumLibrary">
<arg>${locator}</arg>
<doc>Scrolls the element identified by ``locator`` into view.</doc>
<status status="PASS" starttime="20260126 13:45:05.033" endtime="20260126 13:45:05.318"/>
</kw>
<kw name="Run Keyword And Return Status" library="BuiltIn">
<var>${clicked}</var>
<arg>Click Element</arg>
<arg>${locator}</arg>
<doc>Runs the given keyword with given arguments and returns the status as a Boolean value.</doc>
<kw name="Click Element" library="SeleniumLibrary">
<arg>${locator}</arg>
<doc>Click the element identified by ``locator``.</doc>
<msg timestamp="20260126 13:45:05.320" level="INFO">Clicking element 'xpath=//ul[contains(@class,'subnav')]//a[normalize-space()='Declutter Your Mind']'.</msg>
<status status="PASS" starttime="20260126 13:45:05.319" endtime="20260126 13:45:06.688"/>
</kw>
<msg timestamp="20260126 13:45:06.688" level="INFO">${clicked} = True</msg>
<status status="PASS" starttime="20260126 13:45:05.319" endtime="20260126 13:45:06.688"/>
</kw>
<if>
<branch type="IF" condition="not ${clicked}">
<kw name="Log" library="BuiltIn">
<arg>Using JS click fallback for ${locator}</arg>
<doc>Logs the given message with the given level.</doc>
<status status="NOT RUN" starttime="20260126 13:45:06.689" endtime="20260126 13:45:06.689"/>
</kw>
<kw name="Execute Javascript" library="SeleniumLibrary">
<arg>arguments[0].click();</arg>
<arg>document.evaluate("${locator.replace('xpath=','')}", document, null, XPathResult.FIRST_ORDERED_NODE_TYPE, null).singleNodeValue</arg>
<doc>Executes the given JavaScript code with possible arguments.</doc>
<status status="NOT RUN" starttime="20260126 13:45:06.689" endtime="20260126 13:45:06.689"/>
</kw>
<status status="NOT RUN" starttime="20260126 13:45:06.688" endtime="20260126 13:45:06.689"/>
</branch>
<status status="PASS" starttime="20260126 13:45:06.688" endtime="20260126 13:45:06.689"/>
</if>
<status status="PASS" starttime="20260126 13:45:04.766" endtime="20260126 13:45:06.689"/>
</kw>
<kw name="Wait Until Page Contains Element" library="SeleniumLibrary">
<arg>xpath=//body</arg>
<arg>5s</arg>
<doc>Waits until the element ``locator`` appears on the current page.</doc>
<status status="PASS" starttime="20260126 13:45:06.690" endtime="20260126 13:45:06.702"/>
</kw>
<kw name="Run Keyword And Return Status" library="BuiltIn">
<var>${mobile_menu_visible}</var>
<arg>Element Should Be Visible</arg>
<arg>xpath=//button[contains(@class,'icon-menu')]</arg>
<doc>Runs the given keyword with given arguments and returns the status as a Boolean value.</doc>
<kw name="Element Should Be Visible" library="SeleniumLibrary">
<arg>xpath=//button[contains(@class,'icon-menu')]</arg>
<doc>Verifies that the element identified by ``locator`` is visible.</doc>
<msg timestamp="20260126 13:45:06.977" level="INFO" html="true">&lt;/td&gt;&lt;/tr&gt;&lt;tr&gt;&lt;td colspan="3"&gt;&lt;a href="selenium-screenshot-1666.png"&gt;&lt;img src="selenium-screenshot-1666.png" width="800px"&gt;&lt;/a&gt;</msg>
<msg timestamp="20260126 13:45:06.977" level="FAIL">The element 'xpath=//button[contains(@class,'icon-menu')]' should be visible, but it is not.</msg>
<status status="FAIL" starttime="20260126 13:45:06.703" endtime="20260126 13:45:06.979"/>
</kw>
<msg timestamp="20260126 13:45:06.979" level="INFO">${mobile_menu_visible} = False</msg>
<status status="PASS" starttime="20260126 13:45:06.702" endtime="20260126 13:45:06.979"/>
</kw>
<if>
<branch type="IF" condition="${mobile_menu_visible}">
<kw name="Wait And Click" library="keywords">
<arg>xpath=//button[contains(@class,'icon-menu')]</arg>
<doc>Waits until element is visible &amp; enabled, scrolls into view, clicks, fallback to JS if normal click fails</doc>
<status status="NOT RUN" starttime="20260126 13:45:06.980" endtime="20260126 13:45:06.980"/>
</kw>
<status status="NOT RUN" starttime="20260126 13:45:06.980" endtime="20260126 13:45:06.980"/>
</branch>
<status status="PASS" starttime="20260126 13:45:06.980" endtime="20260126 13:45:06.980"/>
</if>
<kw name="Wait And Click" library="keywords">
<arg>xpath=//span[normalize-space()='${menu_name}']</arg>
<doc>Waits until element is visible &amp; enabled, scrolls into view, clicks, fallback to JS if normal click fails</doc>
<kw name="Wait Until Element Is Visible" library="SeleniumLibrary">
<arg>${locator}</arg>
<arg>${timeout}</arg>
<doc>Waits until the element ``locator`` is visible.</doc>
<status status="PASS" starttime="20260126 13:45:06.980" endtime="20260126 13:45:06.999"/>
</kw>
<kw name="Wait Until Element Is Enabled" library="SeleniumLibrary">
<arg>${locator}</arg>
<arg>${timeout}</arg>
<doc>Waits until the element ``locator`` is enabled.</doc>
<status status="PASS" starttime="20260126 13:45:06.999" endtime="20260126 13:45:07.020"/>
</kw>
<kw name="Scroll Element Into View" library="SeleniumLibrary">
<arg>${locator}</arg>
<doc>Scrolls the element identified by ``locator`` into view.</doc>
<status status="PASS" starttime="20260126 13:45:07.020" endtime="20260126 13:45:07.296"/>
</kw>
<kw name="Run Keyword And Return Status" library="BuiltIn">
<var>${clicked}</var>
<arg>Click Element</arg>
<arg>${locator}</arg>
<doc>Runs the given keyword with given arguments and returns the status as a Boolean value.</doc>
<kw name="Click Element" library="SeleniumLibrary">
<arg>${locator}</arg>
<doc>Click the element identified by ``locator``.</doc>
<msg timestamp="20260126 13:45:07.297" level="INFO">Clicking element 'xpath=//span[normalize-space()='Treks &amp; Tours']'.</msg>
<status status="PASS" starttime="20260126 13:45:07.296" endtime="20260126 13:45:07.423"/>
</kw>
<msg timestamp="20260126 13:45:07.423" level="INFO">${clicked} = True</msg>
<status status="PASS" starttime="20260126 13:45:07.296" endtime="20260126 13:45:07.423"/>
</kw>
<if>
<branch type="IF" condition="not ${clicked}">
<kw name="Log" library="BuiltIn">
<arg>Using JS click fallback for ${locator}</arg>
<doc>Logs the given message with the given level.</doc>
<status status="NOT RUN" starttime="20260126 13:45:07.423" endtime="20260126 13:45:07.423"/>
</kw>
<kw name="Execute Javascript" library="SeleniumLibrary">
<arg>arguments[0].click();</arg>
<arg>document.evaluate("${locator.replace('xpath=','')}", document, null, XPathResult.FIRST_ORDERED_NODE_TYPE, null).singleNodeValue</arg>
<doc>Executes the given JavaScript code with possible arguments.</doc>
<status status="NOT RUN" starttime="20260126 13:45:07.423" endtime="20260126 13:45:07.424"/>
</kw>
<status status="NOT RUN" starttime="20260126 13:45:07.423" endtime="20260126 13:45:07.424"/>
</branch>
<status status="PASS" starttime="20260126 13:45:07.423" endtime="20260126 13:45:07.424"/>
</if>
<status status="PASS" starttime="20260126 13:45:06.980" endtime="20260126 13:45:07.424"/>
</kw>
<status status="PASS" starttime="20260126 13:45:04.766" endtime="20260126 13:45:07.424"/>
</iter>
<iter>
<var name="${item}">Explore The Ancients</var>
<kw name="Wait And Click" library="keywords">
<arg>xpath=//ul[contains(@class,'subnav')]//a[normalize-space()='${item}']</arg>
<doc>Waits until element is visible &amp; enabled, scrolls into view, clicks, fallback to JS if normal click fails</doc>
<kw name="Wait Until Element Is Visible" library="SeleniumLibrary">
<arg>${locator}</arg>
<arg>${timeout}</arg>
<doc>Waits until the element ``locator`` is visible.</doc>
<status status="PASS" starttime="20260126 13:45:07.425" endtime="20260126 13:45:07.675"/>
</kw>
<kw name="Wait Until Element Is Enabled" library="SeleniumLibrary">
<arg>${locator}</arg>
<arg>${timeout}</arg>
<doc>Waits until the element ``locator`` is enabled.</doc>
<status status="PASS" starttime="20260126 13:45:07.675" endtime="20260126 13:45:07.698"/>
</kw>
<kw name="Scroll Element Into View" library="SeleniumLibrary">
<arg>${locator}</arg>
<doc>Scrolls the element identified by ``locator`` into view.</doc>
<status status="PASS" starttime="20260126 13:45:07.698" endtime="20260126 13:45:07.988"/>
</kw>
<kw name="Run Keyword And Return Status" library="BuiltIn">
<var>${clicked}</var>
<arg>Click Element</arg>
<arg>${locator}</arg>
<doc>Runs the given keyword with given arguments and returns the status as a Boolean value.</doc>
<kw name="Click Element" library="SeleniumLibrary">
<arg>${locator}</arg>
<doc>Click the element identified by ``locator``.</doc>
<msg timestamp="20260126 13:45:07.989" level="INFO">Clicking element 'xpath=//ul[contains(@class,'subnav')]//a[normalize-space()='Explore The Ancients']'.</msg>
<status status="PASS" starttime="20260126 13:45:07.989" endtime="20260126 13:45:10.446"/>
</kw>
<msg timestamp="20260126 13:45:10.447" level="INFO">${clicked} = True</msg>
<status status="PASS" starttime="20260126 13:45:07.989" endtime="20260126 13:45:10.447"/>
</kw>
<if>
<branch type="IF" condition="not ${clicked}">
<kw name="Log" library="BuiltIn">
<arg>Using JS click fallback for ${locator}</arg>
<doc>Logs the given message with the given level.</doc>
<status status="NOT RUN" starttime="20260126 13:45:10.448" endtime="20260126 13:45:10.448"/>
</kw>
<kw name="Execute Javascript" library="SeleniumLibrary">
<arg>arguments[0].click();</arg>
<arg>document.evaluate("${locator.replace('xpath=','')}", document, null, XPathResult.FIRST_ORDERED_NODE_TYPE, null).singleNodeValue</arg>
<doc>Executes the given JavaScript code with possible arguments.</doc>
<status status="NOT RUN" starttime="20260126 13:45:10.448" endtime="20260126 13:45:10.448"/>
</kw>
<status status="NOT RUN" starttime="20260126 13:45:10.447" endtime="20260126 13:45:10.448"/>
</branch>
<status status="PASS" starttime="20260126 13:45:10.447" endtime="20260126 13:45:10.448"/>
</if>
<status status="PASS" starttime="20260126 13:45:07.424" endtime="20260126 13:45:10.449"/>
</kw>
<kw name="Wait Until Page Contains Element" library="SeleniumLibrary">
<arg>xpath=//body</arg>
<arg>5s</arg>
<doc>Waits until the element ``locator`` appears on the current page.</doc>
<status status="PASS" starttime="20260126 13:45:10.449" endtime="20260126 13:45:10.463"/>
</kw>
<kw name="Run Keyword And Return Status" library="BuiltIn">
<var>${mobile_menu_visible}</var>
<arg>Element Should Be Visible</arg>
<arg>xpath=//button[contains(@class,'icon-menu')]</arg>
<doc>Runs the given keyword with given arguments and returns the status as a Boolean value.</doc>
<kw name="Element Should Be Visible" library="SeleniumLibrary">
<arg>xpath=//button[contains(@class,'icon-menu')]</arg>
<doc>Verifies that the element identified by ``locator`` is visible.</doc>
<msg timestamp="20260126 13:45:10.719" level="INFO" html="true">&lt;/td&gt;&lt;/tr&gt;&lt;tr&gt;&lt;td colspan="3"&gt;&lt;a href="selenium-screenshot-1667.png"&gt;&lt;img src="selenium-screenshot-1667.png" width="800px"&gt;&lt;/a&gt;</msg>
<msg timestamp="20260126 13:45:10.719" level="FAIL">The element 'xpath=//button[contains(@class,'icon-menu')]' should be visible, but it is not.</msg>
<status status="FAIL" starttime="20260126 13:45:10.463" endtime="20260126 13:45:10.721"/>
</kw>
<msg timestamp="20260126 13:45:10.721" level="INFO">${mobile_menu_visible} = False</msg>
<status status="PASS" starttime="20260126 13:45:10.463" endtime="20260126 13:45:10.721"/>
</kw>
<if>
<branch type="IF" condition="${mobile_menu_visible}">
<kw name="Wait And Click" library="keywords">
<arg>xpath=//button[contains(@class,'icon-menu')]</arg>
<doc>Waits until element is visible &amp; enabled, scrolls into view, clicks, fallback to JS if normal click fails</doc>
<status status="NOT RUN" starttime="20260126 13:45:10.721" endtime="20260126 13:45:10.721"/>
</kw>
<status status="NOT RUN" starttime="20260126 13:45:10.721" endtime="20260126 13:45:10.721"/>
</branch>
<status status="PASS" starttime="20260126 13:45:10.721" endtime="20260126 13:45:10.721"/>
</if>
<kw name="Wait And Click" library="keywords">
<arg>xpath=//span[normalize-space()='${menu_name}']</arg>
<doc>Waits until element is visible &amp; enabled, scrolls into view, clicks, fallback to JS if normal click fails</doc>
<kw name="Wait Until Element Is Visible" library="SeleniumLibrary">
<arg>${locator}</arg>
<arg>${timeout}</arg>
<doc>Waits until the element ``locator`` is visible.</doc>
<status status="PASS" starttime="20260126 13:45:10.722" endtime="20260126 13:45:10.740"/>
</kw>
<kw name="Wait Until Element Is Enabled" library="SeleniumLibrary">
<arg>${locator}</arg>
<arg>${timeout}</arg>
<doc>Waits until the element ``locator`` is enabled.</doc>
<status status="PASS" starttime="20260126 13:45:10.741" endtime="20260126 13:45:10.765"/>
</kw>
<kw name="Scroll Element Into View" library="SeleniumLibrary">
<arg>${locator}</arg>
<doc>Scrolls the element identified by ``locator`` into view.</doc>
<status status="PASS" starttime="20260126 13:45:10.765" endtime="20260126 13:45:11.054"/>
</kw>
<kw name="Run Keyword And Return Status" library="BuiltIn">
<var>${clicked}</var>
<arg>Click Element</arg>
<arg>${locator}</arg>
<doc>Runs the given keyword with given arguments and returns the status as a Boolean value.</doc>
<kw name="Click Element" library="SeleniumLibrary">
<arg>${locator}</arg>
<doc>Click the element identified by ``locator``.</doc>
<msg timestamp="20260126 13:45:11.056" level="INFO">Clicking element 'xpath=//span[normalize-space()='Treks &amp; Tours']'.</msg>
<status status="PASS" starttime="20260126 13:45:11.055" endtime="20260126 13:45:11.127"/>
</kw>
<msg timestamp="20260126 13:45:11.127" level="INFO">${clicked} = True</msg>
<status status="PASS" starttime="20260126 13:45:11.055" endtime="20260126 13:45:11.127"/>
</kw>
<if>
<branch type="IF" condition="not ${clicked}">
<kw name="Log" library="BuiltIn">
<arg>Using JS click fallback for ${locator}</arg>
<doc>Logs the given message with the given level.</doc>
<status status="NOT RUN" starttime="20260126 13:45:11.128" endtime="20260126 13:45:11.128"/>
</kw>
<kw name="Execute Javascript" library="SeleniumLibrary">
<arg>arguments[0].click();</arg>
<arg>document.evaluate("${locator.replace('xpath=','')}", document, null, XPathResult.FIRST_ORDERED_NODE_TYPE, null).singleNodeValue</arg>
<doc>Executes the given JavaScript code with possible arguments.</doc>
<status status="NOT RUN" starttime="20260126 13:45:11.128" endtime="20260126 13:45:11.128"/>
</kw>
<status status="NOT RUN" starttime="20260126 13:45:11.127" endtime="20260126 13:45:11.128"/>
</branch>
<status status="PASS" starttime="20260126 13:45:11.127" endtime="20260126 13:45:11.128"/>
</if>
<status status="PASS" starttime="20260126 13:45:10.721" endtime="20260126 13:45:11.129"/>
</kw>
<status status="PASS" starttime="20260126 13:45:07.424" endtime="20260126 13:45:11.129"/>
</iter>
<status status="PASS" starttime="20260126 13:44:57.764" endtime="20260126 13:45:11.129"/>
</for>
<status status="PASS" starttime="20260126 13:44:57.001" endtime="20260126 13:45:11.129"/>
</kw>
<kw name="Click Navbar Menu And Subitems" library="home_page">
<arg>About</arg>
<arg>Who We Are</arg>
<arg>Our Core Values</arg>
<arg>Why Choose trailQuest?</arg>
<arg>Our Squad</arg>
<arg>What We Rally For</arg>
<arg>Terms &amp; Conditions</arg>
<arg>Privacy Policy</arg>
<kw name="Wait And Click" library="keywords">
<arg>xpath=//span[normalize-space()='${menu_name}']</arg>
<doc>Waits until element is visible &amp; enabled, scrolls into view, clicks, fallback to JS if normal click fails</doc>
<kw name="Wait Until Element Is Visible" library="SeleniumLibrary">
<arg>${locator}</arg>
<arg>${timeout}</arg>
<doc>Waits until the element ``locator`` is visible.</doc>
<status status="PASS" starttime="20260126 13:45:11.131" endtime="20260126 13:45:11.164"/>
</kw>
<kw name="Wait Until Element Is Enabled" library="SeleniumLibrary">
<arg>${locator}</arg>
<arg>${timeout}</arg>
<doc>Waits until the element ``locator`` is enabled.</doc>
<status status="PASS" starttime="20260126 13:45:11.164" endtime="20260126 13:45:11.188"/>
</kw>
<kw name="Scroll Element Into View" library="SeleniumLibrary">
<arg>${locator}</arg>
<doc>Scrolls the element identified by ``locator`` into view.</doc>
<status status="PASS" starttime="20260126 13:45:11.189" endtime="20260126 13:45:11.475"/>
</kw>
<kw name="Run Keyword And Return Status" library="BuiltIn">
<var>${clicked}</var>
<arg>Click Element</arg>
<arg>${locator}</arg>
<doc>Runs the given keyword with given arguments and returns the status as a Boolean value.</doc>
<kw name="Click Element" library="SeleniumLibrary">
<arg>${locator}</arg>
<doc>Click the element identified by ``locator``.</doc>
<msg timestamp="20260126 13:45:11.476" level="INFO">Clicking element 'xpath=//span[normalize-space()='About']'.</msg>
<status status="PASS" starttime="20260126 13:45:11.475" endtime="20260126 13:45:11.534"/>
</kw>
<msg timestamp="20260126 13:45:11.534" level="INFO">${clicked} = True</msg>
<status status="PASS" starttime="20260126 13:45:11.475" endtime="20260126 13:45:11.534"/>
</kw>
<if>
<branch type="IF" condition="not ${clicked}">
<kw name="Log" library="BuiltIn">
<arg>Using JS click fallback for ${locator}</arg>
<doc>Logs the given message with the given level.</doc>
<status status="NOT RUN" starttime="20260126 13:45:11.535" endtime="20260126 13:45:11.535"/>
</kw>
<kw name="Execute Javascript" library="SeleniumLibrary">
<arg>arguments[0].click();</arg>
<arg>document.evaluate("${locator.replace('xpath=','')}", document, null, XPathResult.FIRST_ORDERED_NODE_TYPE, null).singleNodeValue</arg>
<doc>Executes the given JavaScript code with possible arguments.</doc>
<status status="NOT RUN" starttime="20260126 13:45:11.535" endtime="20260126 13:45:11.535"/>
</kw>
<status status="NOT RUN" starttime="20260126 13:45:11.534" endtime="20260126 13:45:11.535"/>
</branch>
<status status="PASS" starttime="20260126 13:45:11.534" endtime="20260126 13:45:11.535"/>
</if>
<status status="PASS" starttime="20260126 13:45:11.130" endtime="20260126 13:45:11.535"/>
</kw>
<for flavor="IN">
<var>${item}</var>
<value>@{submenu_items}</value>
<iter>
<var name="${item}">Who We Are</var>
<kw name="Wait And Click" library="keywords">
<arg>xpath=//ul[contains(@class,'subnav')]//a[normalize-space()='${item}']</arg>
<doc>Waits until element is visible &amp; enabled, scrolls into view, clicks, fallback to JS if normal click fails</doc>
<kw name="Wait Until Element Is Visible" library="SeleniumLibrary">
<arg>${locator}</arg>
<arg>${timeout}</arg>
<doc>Waits until the element ``locator`` is visible.</doc>
<status status="PASS" starttime="20260126 13:45:11.536" endtime="20260126 13:45:11.555"/>
</kw>
<kw name="Wait Until Element Is Enabled" library="SeleniumLibrary">
<arg>${locator}</arg>
<arg>${timeout}</arg>
<doc>Waits until the element ``locator`` is enabled.</doc>
<status status="PASS" starttime="20260126 13:45:11.556" endtime="20260126 13:45:11.576"/>
</kw>
<kw name="Scroll Element Into View" library="SeleniumLibrary">
<arg>${locator}</arg>
<doc>Scrolls the element identified by ``locator`` into view.</doc>
<status status="PASS" starttime="20260126 13:45:11.576" endtime="20260126 13:45:11.853"/>
</kw>
<kw name="Run Keyword And Return Status" library="BuiltIn">
<var>${clicked}</var>
<arg>Click Element</arg>
<arg>${locator}</arg>
<doc>Runs the given keyword with given arguments and returns the status as a Boolean value.</doc>
<kw name="Click Element" library="SeleniumLibrary">
<arg>${locator}</arg>
<doc>Click the element identified by ``locator``.</doc>
<msg timestamp="20260126 13:45:11.854" level="INFO">Clicking element 'xpath=//ul[contains(@class,'subnav')]//a[normalize-space()='Who We Are']'.</msg>
<status status="PASS" starttime="20260126 13:45:11.853" endtime="20260126 13:45:12.994"/>
</kw>
<msg timestamp="20260126 13:45:12.994" level="INFO">${clicked} = True</msg>
<status status="PASS" starttime="20260126 13:45:11.853" endtime="20260126 13:45:12.994"/>
</kw>
<if>
<branch type="IF" condition="not ${clicked}">
<kw name="Log" library="BuiltIn">
<arg>Using JS click fallback for ${locator}</arg>
<doc>Logs the given message with the given level.</doc>
<status status="NOT RUN" starttime="20260126 13:45:12.995" endtime="20260126 13:45:12.995"/>
</kw>
<kw name="Execute Javascript" library="SeleniumLibrary">
<arg>arguments[0].click();</arg>
<arg>document.evaluate("${locator.replace('xpath=','')}", document, null, XPathResult.FIRST_ORDERED_NODE_TYPE, null).singleNodeValue</arg>
<doc>Executes the given JavaScript code with possible arguments.</doc>
<status status="NOT RUN" starttime="20260126 13:45:12.995" endtime="20260126 13:45:12.995"/>
</kw>
<status status="NOT RUN" starttime="20260126 13:45:12.994" endtime="20260126 13:45:12.995"/>
</branch>
<status status="PASS" starttime="20260126 13:45:12.994" endtime="20260126 13:45:12.995"/>
</if>
<status status="PASS" starttime="20260126 13:45:11.535" endtime="20260126 13:45:12.995"/>
</kw>
<kw name="Wait Until Page Contains Element" library="SeleniumLibrary">
<arg>xpath=//body</arg>
<arg>5s</arg>
<doc>Waits until the element ``locator`` appears on the current page.</doc>
<status status="PASS" starttime="20260126 13:45:12.996" endtime="20260126 13:45:13.006"/>
</kw>
<kw name="Run Keyword And Return Status" library="BuiltIn">
<var>${mobile_menu_visible}</var>
<arg>Element Should Be Visible</arg>
<arg>xpath=//button[contains(@class,'icon-menu')]</arg>
<doc>Runs the given keyword with given arguments and returns the status as a Boolean value.</doc>
<kw name="Element Should Be Visible" library="SeleniumLibrary">
<arg>xpath=//button[contains(@class,'icon-menu')]</arg>
<doc>Verifies that the element identified by ``locator`` is visible.</doc>
<msg timestamp="20260126 13:45:13.268" level="INFO" html="true">&lt;/td&gt;&lt;/tr&gt;&lt;tr&gt;&lt;td colspan="3"&gt;&lt;a href="selenium-screenshot-1668.png"&gt;&lt;img src="selenium-screenshot-1668.png" width="800px"&gt;&lt;/a&gt;</msg>
<msg timestamp="20260126 13:45:13.268" level="FAIL">The element 'xpath=//button[contains(@class,'icon-menu')]' should be visible, but it is not.</msg>
<status status="FAIL" starttime="20260126 13:45:13.008" endtime="20260126 13:45:13.269"/>
</kw>
<msg timestamp="20260126 13:45:13.269" level="INFO">${mobile_menu_visible} = False</msg>
<status status="PASS" starttime="20260126 13:45:13.007" endtime="20260126 13:45:13.269"/>
</kw>
<if>
<branch type="IF" condition="${mobile_menu_visible}">
<kw name="Wait And Click" library="keywords">
<arg>xpath=//button[contains(@class,'icon-menu')]</arg>
<doc>Waits until element is visible &amp; enabled, scrolls into view, clicks, fallback to JS if normal click fails</doc>
<status status="NOT RUN" starttime="20260126 13:45:13.270" endtime="20260126 13:45:13.270"/>
</kw>
<status status="NOT RUN" starttime="20260126 13:45:13.270" endtime="20260126 13:45:13.270"/>
</branch>
<status status="PASS" starttime="20260126 13:45:13.270" endtime="20260126 13:45:13.270"/>
</if>
<kw name="Wait And Click" library="keywords">
<arg>xpath=//span[normalize-space()='${menu_name}']</arg>
<doc>Waits until element is visible &amp; enabled, scrolls into view, clicks, fallback to JS if normal click fails</doc>
<kw name="Wait Until Element Is Visible" library="SeleniumLibrary">
<arg>${locator}</arg>
<arg>${timeout}</arg>
<doc>Waits until the element ``locator`` is visible.</doc>
<status status="PASS" starttime="20260126 13:45:13.270" endtime="20260126 13:45:13.289"/>
</kw>
<kw name="Wait Until Element Is Enabled" library="SeleniumLibrary">
<arg>${locator}</arg>
<arg>${timeout}</arg>
<doc>Waits until the element ``locator`` is enabled.</doc>
<status status="PASS" starttime="20260126 13:45:13.289" endtime="20260126 13:45:13.361"/>
</kw>
<kw name="Scroll Element Into View" library="SeleniumLibrary">
<arg>${locator}</arg>
<doc>Scrolls the element identified by ``locator`` into view.</doc>
<status status="PASS" starttime="20260126 13:45:13.361" endtime="20260126 13:45:13.649"/>
</kw>
<kw name="Run Keyword And Return Status" library="BuiltIn">
<var>${clicked}</var>
<arg>Click Element</arg>
<arg>${locator}</arg>
<doc>Runs the given keyword with given arguments and returns the status as a Boolean value.</doc>
<kw name="Click Element" library="SeleniumLibrary">
<arg>${locator}</arg>
<doc>Click the element identified by ``locator``.</doc>
<msg timestamp="20260126 13:45:13.650" level="INFO">Clicking element 'xpath=//span[normalize-space()='About']'.</msg>
<status status="PASS" starttime="20260126 13:45:13.650" endtime="20260126 13:45:13.712"/>
</kw>
<msg timestamp="20260126 13:45:13.712" level="INFO">${clicked} = True</msg>
<status status="PASS" starttime="20260126 13:45:13.649" endtime="20260126 13:45:13.712"/>
</kw>
<if>
<branch type="IF" condition="not ${clicked}">
<kw name="Log" library="BuiltIn">
<arg>Using JS click fallback for ${locator}</arg>
<doc>Logs the given message with the given level.</doc>
<status status="NOT RUN" starttime="20260126 13:45:13.713" endtime="20260126 13:45:13.713"/>
</kw>
<kw name="Execute Javascript" library="SeleniumLibrary">
<arg>arguments[0].click();</arg>
<arg>document.evaluate("${locator.replace('xpath=','')}", document, null, XPathResult.FIRST_ORDERED_NODE_TYPE, null).singleNodeValue</arg>
<doc>Executes the given JavaScript code with possible arguments.</doc>
<status status="NOT RUN" starttime="20260126 13:45:13.713" endtime="20260126 13:45:13.713"/>
</kw>
<status status="NOT RUN" starttime="20260126 13:45:13.712" endtime="20260126 13:45:13.713"/>
</branch>
<status status="PASS" starttime="20260126 13:45:13.712" endtime="20260126 13:45:13.713"/>
</if>
<status status="PASS" starttime="20260126 13:45:13.270" endtime="20260126 13:45:13.713"/>
</kw>
<status status="PASS" starttime="20260126 13:45:11.535" endtime="20260126 13:45:13.713"/>
</iter>
<iter>
<var name="${item}">Our Core Values</var>
<kw name="Wait And Click" library="keywords">
<arg>xpath=//ul[contains(@class,'subnav')]//a[normalize-space()='${item}']</arg>
<doc>Waits until element is visible &amp; enabled, scrolls into view, clicks, fallback to JS if normal click fails</doc>
<kw name="Wait Until Element Is Visible" library="SeleniumLibrary">
<arg>${locator}</arg>
<arg>${timeout}</arg>
<doc>Waits until the element ``locator`` is visible.</doc>
<status status="PASS" starttime="20260126 13:45:13.714" endtime="20260126 13:45:13.956"/>
</kw>
<kw name="Wait Until Element Is Enabled" library="SeleniumLibrary">
<arg>${locator}</arg>
<arg>${timeout}</arg>
<doc>Waits until the element ``locator`` is enabled.</doc>
<status status="PASS" starttime="20260126 13:45:13.957" endtime="20260126 13:45:13.983"/>
</kw>
<kw name="Scroll Element Into View" library="SeleniumLibrary">
<arg>${locator}</arg>
<doc>Scrolls the element identified by ``locator`` into view.</doc>
<status status="PASS" starttime="20260126 13:45:13.984" endtime="20260126 13:45:14.266"/>
</kw>
<kw name="Run Keyword And Return Status" library="BuiltIn">
<var>${clicked}</var>
<arg>Click Element</arg>
<arg>${locator}</arg>
<doc>Runs the given keyword with given arguments and returns the status as a Boolean value.</doc>
<kw name="Click Element" library="SeleniumLibrary">
<arg>${locator}</arg>
<doc>Click the element identified by ``locator``.</doc>
<msg timestamp="20260126 13:45:14.267" level="INFO">Clicking element 'xpath=//ul[contains(@class,'subnav')]//a[normalize-space()='Our Core Values']'.</msg>
<status status="PASS" starttime="20260126 13:45:14.266" endtime="20260126 13:45:15.252"/>
</kw>
<msg timestamp="20260126 13:45:15.253" level="INFO">${clicked} = True</msg>
<status status="PASS" starttime="20260126 13:45:14.266" endtime="20260126 13:45:15.253"/>
</kw>
<if>
<branch type="IF" condition="not ${clicked}">
<kw name="Log" library="BuiltIn">
<arg>Using JS click fallback for ${locator}</arg>
<doc>Logs the given message with the given level.</doc>
<status status="NOT RUN" starttime="20260126 13:45:15.253" endtime="20260126 13:45:15.253"/>
</kw>
<kw name="Execute Javascript" library="SeleniumLibrary">
<arg>arguments[0].click();</arg>
<arg>document.evaluate("${locator.replace('xpath=','')}", document, null, XPathResult.FIRST_ORDERED_NODE_TYPE, null).singleNodeValue</arg>
<doc>Executes the given JavaScript code with possible arguments.</doc>
<status status="NOT RUN" starttime="20260126 13:45:15.253" endtime="20260126 13:45:15.253"/>
</kw>
<status status="NOT RUN" starttime="20260126 13:45:15.253" endtime="20260126 13:45:15.253"/>
</branch>
<status status="PASS" starttime="20260126 13:45:15.253" endtime="20260126 13:45:15.253"/>
</if>
<status status="PASS" starttime="20260126 13:45:13.713" endtime="20260126 13:45:15.253"/>
</kw>
<kw name="Wait Until Page Contains Element" library="SeleniumLibrary">
<arg>xpath=//body</arg>
<arg>5s</arg>
<doc>Waits until the element ``locator`` appears on the current page.</doc>
<status status="PASS" starttime="20260126 13:45:15.254" endtime="20260126 13:45:15.264"/>
</kw>
<kw name="Run Keyword And Return Status" library="BuiltIn">
<var>${mobile_menu_visible}</var>
<arg>Element Should Be Visible</arg>
<arg>xpath=//button[contains(@class,'icon-menu')]</arg>
<doc>Runs the given keyword with given arguments and returns the status as a Boolean value.</doc>
<kw name="Element Should Be Visible" library="SeleniumLibrary">
<arg>xpath=//button[contains(@class,'icon-menu')]</arg>
<doc>Verifies that the element identified by ``locator`` is visible.</doc>
<msg timestamp="20260126 13:45:15.525" level="INFO" html="true">&lt;/td&gt;&lt;/tr&gt;&lt;tr&gt;&lt;td colspan="3"&gt;&lt;a href="selenium-screenshot-1669.png"&gt;&lt;img src="selenium-screenshot-1669.png" width="800px"&gt;&lt;/a&gt;</msg>
<msg timestamp="20260126 13:45:15.525" level="FAIL">The element 'xpath=//button[contains(@class,'icon-menu')]' should be visible, but it is not.</msg>
<status status="FAIL" starttime="20260126 13:45:15.264" endtime="20260126 13:45:15.527"/>
</kw>
<msg timestamp="20260126 13:45:15.527" level="INFO">${mobile_menu_visible} = False</msg>
<status status="PASS" starttime="20260126 13:45:15.264" endtime="20260126 13:45:15.527"/>
</kw>
<if>
<branch type="IF" condition="${mobile_menu_visible}">
<kw name="Wait And Click" library="keywords">
<arg>xpath=//button[contains(@class,'icon-menu')]</arg>
<doc>Waits until element is visible &amp; enabled, scrolls into view, clicks, fallback to JS if normal click fails</doc>
<status status="NOT RUN" starttime="20260126 13:45:15.527" endtime="20260126 13:45:15.527"/>
</kw>
<status status="NOT RUN" starttime="20260126 13:45:15.527" endtime="20260126 13:45:15.527"/>
</branch>
<status status="PASS" starttime="20260126 13:45:15.527" endtime="20260126 13:45:15.527"/>
</if>
<kw name="Wait And Click" library="keywords">
<arg>xpath=//span[normalize-space()='${menu_name}']</arg>
<doc>Waits until element is visible &amp; enabled, scrolls into view, clicks, fallback to JS if normal click fails</doc>
<kw name="Wait Until Element Is Visible" library="SeleniumLibrary">
<arg>${locator}</arg>
<arg>${timeout}</arg>
<doc>Waits until the element ``locator`` is visible.</doc>
<status status="PASS" starttime="20260126 13:45:15.528" endtime="20260126 13:45:15.562"/>
</kw>
<kw name="Wait Until Element Is Enabled" library="SeleniumLibrary">
<arg>${locator}</arg>
<arg>${timeout}</arg>
<doc>Waits until the element ``locator`` is enabled.</doc>
<status status="PASS" starttime="20260126 13:45:15.562" endtime="20260126 13:45:15.582"/>
</kw>
<kw name="Scroll Element Into View" library="SeleniumLibrary">
<arg>${locator}</arg>
<doc>Scrolls the element identified by ``locator`` into view.</doc>
<status status="PASS" starttime="20260126 13:45:15.582" endtime="20260126 13:45:15.862"/>
</kw>
<kw name="Run Keyword And Return Status" library="BuiltIn">
<var>${clicked}</var>
<arg>Click Element</arg>
<arg>${locator}</arg>
<doc>Runs the given keyword with given arguments and returns the status as a Boolean value.</doc>
<kw name="Click Element" library="SeleniumLibrary">
<arg>${locator}</arg>
<doc>Click the element identified by ``locator``.</doc>
<msg timestamp="20260126 13:45:15.863" level="INFO">Clicking element 'xpath=//span[normalize-space()='About']'.</msg>
<status status="PASS" starttime="20260126 13:45:15.863" endtime="20260126 13:45:15.987"/>
</kw>
<msg timestamp="20260126 13:45:15.987" level="INFO">${clicked} = True</msg>
<status status="PASS" starttime="20260126 13:45:15.863" endtime="20260126 13:45:15.987"/>
</kw>
<if>
<branch type="IF" condition="not ${clicked}">
<kw name="Log" library="BuiltIn">
<arg>Using JS click fallback for ${locator}</arg>
<doc>Logs the given message with the given level.</doc>
<status status="NOT RUN" starttime="20260126 13:45:15.988" endtime="20260126 13:45:15.988"/>
</kw>
<kw name="Execute Javascript" library="SeleniumLibrary">
<arg>arguments[0].click();</arg>
<arg>document.evaluate("${locator.replace('xpath=','')}", document, null, XPathResult.FIRST_ORDERED_NODE_TYPE, null).singleNodeValue</arg>
<doc>Executes the given JavaScript code with possible arguments.</doc>
<status status="NOT RUN" starttime="20260126 13:45:15.988" endtime="20260126 13:45:15.988"/>
</kw>
<status status="NOT RUN" starttime="20260126 13:45:15.987" endtime="20260126 13:45:15.988"/>
</branch>
<status status="PASS" starttime="20260126 13:45:15.987" endtime="20260126 13:45:15.988"/>
</if>
<status status="PASS" starttime="20260126 13:45:15.527" endtime="20260126 13:45:15.988"/>
</kw>
<status status="PASS" starttime="20260126 13:45:13.713" endtime="20260126 13:45:15.988"/>
</iter>
<iter>
<var name="${item}">Why Choose trailQuest?</var>
<kw name="Wait And Click" library="keywords">
<arg>xpath=//ul[contains(@class,'subnav')]//a[normalize-space()='${item}']</arg>
<doc>Waits until element is visible &amp; enabled, scrolls into view, clicks, fallback to JS if normal click fails</doc>
<kw name="Wait Until Element Is Visible" library="SeleniumLibrary">
<arg>${locator}</arg>
<arg>${timeout}</arg>
<doc>Waits until the element ``locator`` is visible.</doc>
<status status="PASS" starttime="20260126 13:45:15.989" endtime="20260126 13:45:16.230"/>
</kw>
<kw name="Wait Until Element Is Enabled" library="SeleniumLibrary">
<arg>${locator}</arg>
<arg>${timeout}</arg>
<doc>Waits until the element ``locator`` is enabled.</doc>
<status status="PASS" starttime="20260126 13:45:16.230" endtime="20260126 13:45:16.253"/>
</kw>
<kw name="Scroll Element Into View" library="SeleniumLibrary">
<arg>${locator}</arg>
<doc>Scrolls the element identified by ``locator`` into view.</doc>
<status status="PASS" starttime="20260126 13:45:16.254" endtime="20260126 13:45:16.553"/>
</kw>
<kw name="Run Keyword And Return Status" library="BuiltIn">
<var>${clicked}</var>
<arg>Click Element</arg>
<arg>${locator}</arg>
<doc>Runs the given keyword with given arguments and returns the status as a Boolean value.</doc>
<kw name="Click Element" library="SeleniumLibrary">
<arg>${locator}</arg>
<doc>Click the element identified by ``locator``.</doc>
<msg timestamp="20260126 13:45:16.554" level="INFO">Clicking element 'xpath=//ul[contains(@class,'subnav')]//a[normalize-space()='Why Choose trailQuest?']'.</msg>
<status status="PASS" starttime="20260126 13:45:16.553" endtime="20260126 13:45:17.615"/>
</kw>
<msg timestamp="20260126 13:45:17.615" level="INFO">${clicked} = True</msg>
<status status="PASS" starttime="20260126 13:45:16.553" endtime="20260126 13:45:17.615"/>
</kw>
<if>
<branch type="IF" condition="not ${clicked}">
<kw name="Log" library="BuiltIn">
<arg>Using JS click fallback for ${locator}</arg>
<doc>Logs the given message with the given level.</doc>
<status status="NOT RUN" starttime="20260126 13:45:17.616" endtime="20260126 13:45:17.616"/>
</kw>
<kw name="Execute Javascript" library="SeleniumLibrary">
<arg>arguments[0].click();</arg>
<arg>document.evaluate("${locator.replace('xpath=','')}", document, null, XPathResult.FIRST_ORDERED_NODE_TYPE, null).singleNodeValue</arg>
<doc>Executes the given JavaScript code with possible arguments.</doc>
<status status="NOT RUN" starttime="20260126 13:45:17.617" endtime="20260126 13:45:17.617"/>
</kw>
<status status="NOT RUN" starttime="20260126 13:45:17.616" endtime="20260126 13:45:17.617"/>
</branch>
<status status="PASS" starttime="20260126 13:45:17.616" endtime="20260126 13:45:17.617"/>
</if>
<status status="PASS" starttime="20260126 13:45:15.988" endtime="20260126 13:45:17.617"/>
</kw>
<kw name="Wait Until Page Contains Element" library="SeleniumLibrary">
<arg>xpath=//body</arg>
<arg>5s</arg>
<doc>Waits until the element ``locator`` appears on the current page.</doc>
<status status="PASS" starttime="20260126 13:45:17.617" endtime="20260126 13:45:17.630"/>
</kw>
<kw name="Run Keyword And Return Status" library="BuiltIn">
<var>${mobile_menu_visible}</var>
<arg>Element Should Be Visible</arg>
<arg>xpath=//button[contains(@class,'icon-menu')]</arg>
<doc>Runs the given keyword with given arguments and returns the status as a Boolean value.</doc>
<kw name="Element Should Be Visible" library="SeleniumLibrary">
<arg>xpath=//button[contains(@class,'icon-menu')]</arg>
<doc>Verifies that the element identified by ``locator`` is visible.</doc>
<msg timestamp="20260126 13:45:17.896" level="INFO" html="true">&lt;/td&gt;&lt;/tr&gt;&lt;tr&gt;&lt;td colspan="3"&gt;&lt;a href="selenium-screenshot-1670.png"&gt;&lt;img src="selenium-screenshot-1670.png" width="800px"&gt;&lt;/a&gt;</msg>
<msg timestamp="20260126 13:45:17.896" level="FAIL">The element 'xpath=//button[contains(@class,'icon-menu')]' should be visible, but it is not.</msg>
<status status="FAIL" starttime="20260126 13:45:17.630" endtime="20260126 13:45:17.897"/>
</kw>
<msg timestamp="20260126 13:45:17.897" level="INFO">${mobile_menu_visible} = False</msg>
<status status="PASS" starttime="20260126 13:45:17.630" endtime="20260126 13:45:17.897"/>
</kw>
<if>
<branch type="IF" condition="${mobile_menu_visible}">
<kw name="Wait And Click" library="keywords">
<arg>xpath=//button[contains(@class,'icon-menu')]</arg>
<doc>Waits until element is visible &amp; enabled, scrolls into view, clicks, fallback to JS if normal click fails</doc>
<status status="NOT RUN" starttime="20260126 13:45:17.897" endtime="20260126 13:45:17.897"/>
</kw>
<status status="NOT RUN" starttime="20260126 13:45:17.897" endtime="20260126 13:45:17.897"/>
</branch>
<status status="PASS" starttime="20260126 13:45:17.897" endtime="20260126 13:45:17.897"/>
</if>
<kw name="Wait And Click" library="keywords">
<arg>xpath=//span[normalize-space()='${menu_name}']</arg>
<doc>Waits until element is visible &amp; enabled, scrolls into view, clicks, fallback to JS if normal click fails</doc>
<kw name="Wait Until Element Is Visible" library="SeleniumLibrary">
<arg>${locator}</arg>
<arg>${timeout}</arg>
<doc>Waits until the element ``locator`` is visible.</doc>
<status status="PASS" starttime="20260126 13:45:17.898" endtime="20260126 13:45:17.915"/>
</kw>
<kw name="Wait Until Element Is Enabled" library="SeleniumLibrary">
<arg>${locator}</arg>
<arg>${timeout}</arg>
<doc>Waits until the element ``locator`` is enabled.</doc>
<status status="PASS" starttime="20260126 13:45:17.915" endtime="20260126 13:45:17.944"/>
</kw>
<kw name="Scroll Element Into View" library="SeleniumLibrary">
<arg>${locator}</arg>
<doc>Scrolls the element identified by ``locator`` into view.</doc>
<status status="PASS" starttime="20260126 13:45:17.945" endtime="20260126 13:45:18.236"/>
</kw>
<kw name="Run Keyword And Return Status" library="BuiltIn">
<var>${clicked}</var>
<arg>Click Element</arg>
<arg>${locator}</arg>
<doc>Runs the given keyword with given arguments and returns the status as a Boolean value.</doc>
<kw name="Click Element" library="SeleniumLibrary">
<arg>${locator}</arg>
<doc>Click the element identified by ``locator``.</doc>
<msg timestamp="20260126 13:45:18.237" level="INFO">Clicking element 'xpath=//span[normalize-space()='About']'.</msg>
<status status="PASS" starttime="20260126 13:45:18.236" endtime="20260126 13:45:18.363"/>
</kw>
<msg timestamp="20260126 13:45:18.363" level="INFO">${clicked} = True</msg>
<status status="PASS" starttime="20260126 13:45:18.236" endtime="20260126 13:45:18.363"/>
</kw>
<if>
<branch type="IF" condition="not ${clicked}">
<kw name="Log" library="BuiltIn">
<arg>Using JS click fallback for ${locator}</arg>
<doc>Logs the given message with the given level.</doc>
<status status="NOT RUN" starttime="20260126 13:45:18.363" endtime="20260126 13:45:18.363"/>
</kw>
<kw name="Execute Javascript" library="SeleniumLibrary">
<arg>arguments[0].click();</arg>
<arg>document.evaluate("${locator.replace('xpath=','')}", document, null, XPathResult.FIRST_ORDERED_NODE_TYPE, null).singleNodeValue</arg>
<doc>Executes the given JavaScript code with possible arguments.</doc>
<status status="NOT RUN" starttime="20260126 13:45:18.363" endtime="20260126 13:45:18.363"/>
</kw>
<status status="NOT RUN" starttime="20260126 13:45:18.363" endtime="20260126 13:45:18.363"/>
</branch>
<status status="PASS" starttime="20260126 13:45:18.363" endtime="20260126 13:45:18.363"/>
</if>
<status status="PASS" starttime="20260126 13:45:17.898" endtime="20260126 13:45:18.364"/>
</kw>
<status status="PASS" starttime="20260126 13:45:15.988" endtime="20260126 13:45:18.364"/>
</iter>
<iter>
<var name="${item}">Our Squad</var>
<kw name="Wait And Click" library="keywords">
<arg>xpath=//ul[contains(@class,'subnav')]//a[normalize-space()='${item}']</arg>
<doc>Waits until element is visible &amp; enabled, scrolls into view, clicks, fallback to JS if normal click fails</doc>
<kw name="Wait Until Element Is Visible" library="SeleniumLibrary">
<arg>${locator}</arg>
<arg>${timeout}</arg>
<doc>Waits until the element ``locator`` is visible.</doc>
<status status="PASS" starttime="20260126 13:45:18.364" endtime="20260126 13:45:18.603"/>
</kw>
<kw name="Wait Until Element Is Enabled" library="SeleniumLibrary">
<arg>${locator}</arg>
<arg>${timeout}</arg>
<doc>Waits until the element ``locator`` is enabled.</doc>
<status status="PASS" starttime="20260126 13:45:18.603" endtime="20260126 13:45:18.628"/>
</kw>
<kw name="Scroll Element Into View" library="SeleniumLibrary">
<arg>${locator}</arg>
<doc>Scrolls the element identified by ``locator`` into view.</doc>
<status status="PASS" starttime="20260126 13:45:18.628" endtime="20260126 13:45:18.926"/>
</kw>
<kw name="Run Keyword And Return Status" library="BuiltIn">
<var>${clicked}</var>
<arg>Click Element</arg>
<arg>${locator}</arg>
<doc>Runs the given keyword with given arguments and returns the status as a Boolean value.</doc>
<kw name="Click Element" library="SeleniumLibrary">
<arg>${locator}</arg>
<doc>Click the element identified by ``locator``.</doc>
<msg timestamp="20260126 13:45:18.927" level="INFO">Clicking element 'xpath=//ul[contains(@class,'subnav')]//a[normalize-space()='Our Squad']'.</msg>
<status status="PASS" starttime="20260126 13:45:18.927" endtime="20260126 13:45:19.752"/>
</kw>
<msg timestamp="20260126 13:45:19.752" level="INFO">${clicked} = True</msg>
<status status="PASS" starttime="20260126 13:45:18.927" endtime="20260126 13:45:19.752"/>
</kw>
<if>
<branch type="IF" condition="not ${clicked}">
<kw name="Log" library="BuiltIn">
<arg>Using JS click fallback for ${locator}</arg>
<doc>Logs the given message with the given level.</doc>
<status status="NOT RUN" starttime="20260126 13:45:19.753" endtime="20260126 13:45:19.753"/>
</kw>
<kw name="Execute Javascript" library="SeleniumLibrary">
<arg>arguments[0].click();</arg>
<arg>document.evaluate("${locator.replace('xpath=','')}", document, null, XPathResult.FIRST_ORDERED_NODE_TYPE, null).singleNodeValue</arg>
<doc>Executes the given JavaScript code with possible arguments.</doc>
<status status="NOT RUN" starttime="20260126 13:45:19.753" endtime="20260126 13:45:19.754"/>
</kw>
<status status="NOT RUN" starttime="20260126 13:45:19.752" endtime="20260126 13:45:19.754"/>
</branch>
<status status="PASS" starttime="20260126 13:45:19.752" endtime="20260126 13:45:19.754"/>
</if>
<status status="PASS" starttime="20260126 13:45:18.364" endtime="20260126 13:45:19.754"/>
</kw>
<kw name="Wait Until Page Contains Element" library="SeleniumLibrary">
<arg>xpath=//body</arg>
<arg>5s</arg>
<doc>Waits until the element ``locator`` appears on the current page.</doc>
<msg timestamp="20260126 13:45:19.878" level="WARN">Keyword 'Capture Page Screenshot' could not be run on failure: Message: no such window: target window already closed
from unknown error: web view not found
  (Session info: chrome=144.0.7559.61)
Stacktrace:
Symbols not available. Dumping unresolved backtrace:
	0x7ff7fc275715
	0x7ff7fc275770
	0x7ff7fc02108d
	0x7ff7fbff7be2
	0x7ff7fc0ad386
	0x7ff7fc0c9772
	0x7ff7fc06cc28
	0x7ff7fc06db33
	0x7ff7fc55e9f0
	0x7ff7fc558ded
	0x7ff7fc57969a
	0x7ff7fc2911e5
	0x7ff7fc2999cc
	0x7ff7fc27ebf4
	0x7ff7fc27eda6
	0x7ff7fc264e87
	0x7ffb66967374
	0x7ffb6753cc91
</msg>
<msg timestamp="20260126 13:45:19.881" level="FAIL">NoSuchWindowException: Message: no such window: target window already closed
from unknown error: web view not found
  (Session info: chrome=144.0.7559.61)
Stacktrace:
Symbols not available. Dumping unresolved backtrace:
	0x7ff7fc275715
	0x7ff7fc275770
	0x7ff7fc02108d
	0x7ff7fbff7be2
	0x7ff7fc0ad386
	0x7ff7fc0c9772
	0x7ff7fc06cc28
	0x7ff7fc06db33
	0x7ff7fc55e9f0
	0x7ff7fc558ded
	0x7ff7fc57969a
	0x7ff7fc2911e5
	0x7ff7fc2999cc
	0x7ff7fc27ebf4
	0x7ff7fc27eda6
	0x7ff7fc264e87
	0x7ffb66967374
	0x7ffb6753cc91
</msg>
<status status="FAIL" starttime="20260126 13:45:19.754" endtime="20260126 13:45:19.895"/>
</kw>
<kw name="Run Keyword And Return Status" library="BuiltIn">
<var>${mobile_menu_visible}</var>
<arg>Element Should Be Visible</arg>
<arg>xpath=//button[contains(@class,'icon-menu')]</arg>
<doc>Runs the given keyword with given arguments and returns the status as a Boolean value.</doc>
<status status="NOT RUN" starttime="20260126 13:45:19.895" endtime="20260126 13:45:19.895"/>
</kw>
<if>
<branch type="IF" condition="${mobile_menu_visible}">
<kw name="Wait And Click" library="keywords">
<arg>xpath=//button[contains(@class,'icon-menu')]</arg>
<doc>Waits until element is visible &amp; enabled, scrolls into view, clicks, fallback to JS if normal click fails</doc>
<status status="NOT RUN" starttime="20260126 13:45:19.895" endtime="20260126 13:45:19.895"/>
</kw>
<status status="NOT RUN" starttime="20260126 13:45:19.895" endtime="20260126 13:45:19.896"/>
</branch>
<status status="NOT RUN" starttime="20260126 13:45:19.895" endtime="20260126 13:45:19.896"/>
</if>
<kw name="Wait And Click" library="keywords">
<arg>xpath=//span[normalize-space()='${menu_name}']</arg>
<doc>Waits until element is visible &amp; enabled, scrolls into view, clicks, fallback to JS if normal click fails</doc>
<status status="NOT RUN" starttime="20260126 13:45:19.896" endtime="20260126 13:45:19.896"/>
</kw>
<status status="FAIL" starttime="20260126 13:45:18.364" endtime="20260126 13:45:19.896"/>
</iter>
<status status="FAIL" starttime="20260126 13:45:11.535" endtime="20260126 13:45:19.896"/>
</for>
<status status="FAIL" starttime="20260126 13:45:11.129" endtime="20260126 13:45:19.896"/>
</kw>
<kw name="Wait And Click" library="keywords">
<arg>xpath=//a[normalize-space()='FAQs']</arg>
<doc>Waits until element is visible &amp; enabled, scrolls into view, clicks, fallback to JS if normal click fails</doc>
<status status="NOT RUN" starttime="20260126 13:45:19.897" endtime="20260126 13:45:19.897"/>
</kw>
<kw name="Wait And Click" library="keywords">
<arg>xpath=//a[normalize-space()='Contact']</arg>
<doc>Waits until element is visible &amp; enabled, scrolls into view, clicks, fallback to JS if normal click fails</doc>
<status status="NOT RUN" starttime="20260126 13:45:19.897" endtime="20260126 13:45:19.897"/>
</kw>
<status status="FAIL" starttime="20260126 13:44:48.634" endtime="20260126 13:45:19.897"/>
</kw>
<kw name="Scroll Element Into View" library="SeleniumLibrary">
<arg>xpath=/html/body/div[4]/div/section/div</arg>
<doc>Scrolls the element identified by ``locator`` into view.</doc>
<status status="NOT RUN" starttime="20260126 13:45:19.898" endtime="20260126 13:45:19.898"/>
</kw>
<status status="FAIL" starttime="20260126 13:44:46.594" endtime="20260126 13:45:19.898"/>
</kw>
<kw name="Close Browser" library="SeleniumLibrary" type="TEARDOWN">
<doc>Closes the current browser.</doc>
<status status="PASS" starttime="20260126 13:45:19.899" endtime="20260126 13:45:22.104"/>
</kw>
<status status="FAIL" starttime="20260126 13:44:37.340" endtime="20260126 13:45:22.104">NoSuchWindowException: Message: no such window: target window already closed
from unknown error: web view not found
  (Session info: chrome=144.0.7559.61)
Stacktrace:
Symbols not available. Dumping unresolved backtrace:
	0x7ff7fc275715
	0x7ff7fc275770
	0x7ff7fc02108d
	0x7ff7fbff7be2
	0x7ff7fc0ad386
	0x7ff7fc0c9772
	0x7ff7fc06cc28
	0x7ff7fc06db33
	0x7ff7fc55e9f0
	0x7ff7fc558ded
	0x7ff7fc57969a
	0x7ff7fc2911e5
	0x7ff7fc2999cc
	0x7ff7fc27ebf4
	0x7ff7fc27eda6
	0x7ff7fc264e87
	0x7ffb66967374
	0x7ffb6753cc91
</status>
</test>
<status status="FAIL" starttime="20260126 13:44:36.692" endtime="20260126 13:45:22.106"/>
</suite>
<statistics>
<total>
<stat pass="0" fail="1" skip="0">All Tests</stat>
</total>
<tag>
</tag>
<suite>
<stat pass="0" fail="1" skip="0" id="s1" name="Home Page Button">Home Page Button</stat>
</suite>
</statistics>
<errors>
<msg timestamp="20260126 13:45:19.878" level="WARN">Keyword 'Capture Page Screenshot' could not be run on failure: Message: no such window: target window already closed
from unknown error: web view not found
  (Session info: chrome=144.0.7559.61)
Stacktrace:
Symbols not available. Dumping unresolved backtrace:
	0x7ff7fc275715
	0x7ff7fc275770
	0x7ff7fc02108d
	0x7ff7fbff7be2
	0x7ff7fc0ad386
	0x7ff7fc0c9772
	0x7ff7fc06cc28
	0x7ff7fc06db33
	0x7ff7fc55e9f0
	0x7ff7fc558ded
	0x7ff7fc57969a
	0x7ff7fc2911e5
	0x7ff7fc2999cc
	0x7ff7fc27ebf4
	0x7ff7fc27eda6
	0x7ff7fc264e87
	0x7ffb66967374
	0x7ffb6753cc91
</msg>
</errors>
</robot>
