<?xml version="1.0" encoding="UTF-8"?>
<robot generator="Robot 6.1.1 (Python 3.13.9 on win32)" generated="20260123 15:55:13.069" rpa="false" schemaversion="4">
<suite id="s1" name="Declutter Your Mind" source="C:\Users\Swarup Dahal\PycharmProjects\trail-quest\tests\declutter_your_mind.robot">
<test id="s1-t1" name="Declutter Your Mind Test" line="9">
<kw name="Open Homepage" library="home_page">
<kw name="Open Browser To Application" library="browser">
<kw name="Evaluate" library="BuiltIn">
<var>${chrome_options}</var>
<arg>selenium.webdriver.ChromeOptions()</arg>
<arg>modules=selenium.webdriver</arg>
<doc>Evaluates the given expression in Python and returns the result.</doc>
<msg timestamp="20260123 15:55:13.581" level="INFO">${chrome_options} = &lt;selenium.webdriver.chrome.options.Options object at 0x000001E59CEDB620&gt;</msg>
<status status="PASS" starttime="20260123 15:55:13.581" endtime="20260123 15:55:13.581"/>
</kw>
<kw name="Create List" library="BuiltIn">
<var>${args}</var>
<arg>--window-size=1920,1080</arg>
<arg>--start-maximized</arg>
<arg>--no-sandbox</arg>
<arg>--disable-dev-shm-usage</arg>
<arg>--disable-gpu</arg>
<arg>--disable-software-rasterizer</arg>
<arg>--remote-debugging-port=9222</arg>
<arg>--disable-extensions</arg>
<arg>--disable-setuid-sandbox</arg>
<doc>Returns a list containing given items.</doc>
<msg timestamp="20260123 15:55:13.581" level="INFO">${args} = ['--window-size=1920,1080', '--start-maximized', '--no-sandbox', '--disable-dev-shm-usage', '--disable-gpu', '--disable-software-rasterizer', '--remote-debugging-port=9222', '--disable-extensions', '-...</msg>
<status status="PASS" starttime="20260123 15:55:13.581" endtime="20260123 15:55:13.581"/>
</kw>
<for flavor="IN">
<var>${arg}</var>
<value>@{args}</value>
<iter>
<var name="${arg}">--window-size=1920,1080</var>
<kw name="Call Method" library="BuiltIn">
<arg>${chrome_options}</arg>
<arg>add_argument</arg>
<arg>${arg}</arg>
<doc>Calls the named method of the given object with the provided arguments.</doc>
<status status="PASS" starttime="20260123 15:55:13.582" endtime="20260123 15:55:13.582"/>
</kw>
<status status="PASS" starttime="20260123 15:55:13.582" endtime="20260123 15:55:13.582"/>
</iter>
<iter>
<var name="${arg}">--start-maximized</var>
<kw name="Call Method" library="BuiltIn">
<arg>${chrome_options}</arg>
<arg>add_argument</arg>
<arg>${arg}</arg>
<doc>Calls the named method of the given object with the provided arguments.</doc>
<status status="PASS" starttime="20260123 15:55:13.582" endtime="20260123 15:55:13.582"/>
</kw>
<status status="PASS" starttime="20260123 15:55:13.582" endtime="20260123 15:55:13.583"/>
</iter>
<iter>
<var name="${arg}">--no-sandbox</var>
<kw name="Call Method" library="BuiltIn">
<arg>${chrome_options}</arg>
<arg>add_argument</arg>
<arg>${arg}</arg>
<doc>Calls the named method of the given object with the provided arguments.</doc>
<status status="PASS" starttime="20260123 15:55:13.583" endtime="20260123 15:55:13.583"/>
</kw>
<status status="PASS" starttime="20260123 15:55:13.583" endtime="20260123 15:55:13.583"/>
</iter>
<iter>
<var name="${arg}">--disable-dev-shm-usage</var>
<kw name="Call Method" library="BuiltIn">
<arg>${chrome_options}</arg>
<arg>add_argument</arg>
<arg>${arg}</arg>
<doc>Calls the named method of the given object with the provided arguments.</doc>
<status status="PASS" starttime="20260123 15:55:13.583" endtime="20260123 15:55:13.583"/>
</kw>
<status status="PASS" starttime="20260123 15:55:13.583" endtime="20260123 15:55:13.583"/>
</iter>
<iter>
<var name="${arg}">--disable-gpu</var>
<kw name="Call Method" library="BuiltIn">
<arg>${chrome_options}</arg>
<arg>add_argument</arg>
<arg>${arg}</arg>
<doc>Calls the named method of the given object with the provided arguments.</doc>
<status status="PASS" starttime="20260123 15:55:13.584" endtime="20260123 15:55:13.584"/>
</kw>
<status status="PASS" starttime="20260123 15:55:13.583" endtime="20260123 15:55:13.584"/>
</iter>
<iter>
<var name="${arg}">--disable-software-rasterizer</var>
<kw name="Call Method" library="BuiltIn">
<arg>${chrome_options}</arg>
<arg>add_argument</arg>
<arg>${arg}</arg>
<doc>Calls the named method of the given object with the provided arguments.</doc>
<status status="PASS" starttime="20260123 15:55:13.584" endtime="20260123 15:55:13.584"/>
</kw>
<status status="PASS" starttime="20260123 15:55:13.584" endtime="20260123 15:55:13.584"/>
</iter>
<iter>
<var name="${arg}">--remote-debugging-port=9222</var>
<kw name="Call Method" library="BuiltIn">
<arg>${chrome_options}</arg>
<arg>add_argument</arg>
<arg>${arg}</arg>
<doc>Calls the named method of the given object with the provided arguments.</doc>
<status status="PASS" starttime="20260123 15:55:13.584" endtime="20260123 15:55:13.585"/>
</kw>
<status status="PASS" starttime="20260123 15:55:13.584" endtime="20260123 15:55:13.585"/>
</iter>
<iter>
<var name="${arg}">--disable-extensions</var>
<kw name="Call Method" library="BuiltIn">
<arg>${chrome_options}</arg>
<arg>add_argument</arg>
<arg>${arg}</arg>
<doc>Calls the named method of the given object with the provided arguments.</doc>
<status status="PASS" starttime="20260123 15:55:13.585" endtime="20260123 15:55:13.585"/>
</kw>
<status status="PASS" starttime="20260123 15:55:13.585" endtime="20260123 15:55:13.585"/>
</iter>
<iter>
<var name="${arg}">--disable-setuid-sandbox</var>
<kw name="Call Method" library="BuiltIn">
<arg>${chrome_options}</arg>
<arg>add_argument</arg>
<arg>${arg}</arg>
<doc>Calls the named method of the given object with the provided arguments.</doc>
<status status="PASS" starttime="20260123 15:55:13.585" endtime="20260123 15:55:13.586"/>
</kw>
<status status="PASS" starttime="20260123 15:55:13.585" endtime="20260123 15:55:13.586"/>
</iter>
<status status="PASS" starttime="20260123 15:55:13.581" endtime="20260123 15:55:13.586"/>
</for>
<kw name="Open Browser" library="SeleniumLibrary">
<arg>${BASE_URL}</arg>
<arg>${BROWSER}</arg>
<arg>options=${chrome_options}</arg>
<doc>Opens a new browser instance to the optional ``url``.</doc>
<msg timestamp="20260123 15:55:13.587" level="INFO">Opening browser 'Chrome' to base url 'https://trailquest.global/'.</msg>
<status status="PASS" starttime="20260123 15:55:13.586" endtime="20260123 15:55:19.361"/>
</kw>
<status status="PASS" starttime="20260123 15:55:13.580" endtime="20260123 15:55:19.362"/>
</kw>
<kw name="Sleep" library="BuiltIn">
<arg>2s</arg>
<doc>Pauses the test executed for the given time.</doc>
<msg timestamp="20260123 15:55:21.362" level="INFO">Slept 2 seconds</msg>
<status status="PASS" starttime="20260123 15:55:19.362" endtime="20260123 15:55:21.362"/>
</kw>
<status status="PASS" starttime="20260123 15:55:13.580" endtime="20260123 15:55:21.362"/>
</kw>
<kw name="Verify Logo Is Visible" library="home_page">
<kw name="Wait Until Element Is Visible" library="SeleniumLibrary">
<arg>${logo}</arg>
<doc>Waits until the element ``locator`` is visible.</doc>
<status status="PASS" starttime="20260123 15:55:21.363" endtime="20260123 15:55:21.397"/>
</kw>
<kw name="Sleep" library="BuiltIn">
<arg>2s</arg>
<doc>Pauses the test executed for the given time.</doc>
<msg timestamp="20260123 15:55:23.398" level="INFO">Slept 2 seconds</msg>
<status status="PASS" starttime="20260123 15:55:21.398" endtime="20260123 15:55:23.398"/>
</kw>
<status status="PASS" starttime="20260123 15:55:21.363" endtime="20260123 15:55:23.398"/>
</kw>
<kw name="Open Trek And Tours Menu" library="home_page">
<kw name="Wait And Click" library="keywords">
<arg>${trek_and_tours}</arg>
<doc>Waits until element is visible &amp; enabled, scrolls into view, clicks, fallback to JS if normal click fails</doc>
<kw name="Wait Until Element Is Visible" library="SeleniumLibrary">
<arg>${locator}</arg>
<arg>${timeout}</arg>
<doc>Waits until the element ``locator`` is visible.</doc>
<status status="PASS" starttime="20260123 15:55:23.400" endtime="20260123 15:55:23.421"/>
</kw>
<kw name="Wait Until Element Is Enabled" library="SeleniumLibrary">
<arg>${locator}</arg>
<arg>${timeout}</arg>
<doc>Waits until the element ``locator`` is enabled.</doc>
<status status="PASS" starttime="20260123 15:55:23.421" endtime="20260123 15:55:23.446"/>
</kw>
<kw name="Scroll Element Into View" library="SeleniumLibrary">
<arg>${locator}</arg>
<doc>Scrolls the element identified by ``locator`` into view.</doc>
<status status="PASS" starttime="20260123 15:55:23.446" endtime="20260123 15:55:23.739"/>
</kw>
<kw name="Run Keyword And Return Status" library="BuiltIn">
<var>${clicked}</var>
<arg>Click Element</arg>
<arg>${locator}</arg>
<doc>Runs the given keyword with given arguments and returns the status as a Boolean value.</doc>
<kw name="Click Element" library="SeleniumLibrary">
<arg>${locator}</arg>
<doc>Click the element identified by ``locator``.</doc>
<msg timestamp="20260123 15:55:23.740" level="INFO">Clicking element 'xpath=/html/body/div[1]/header/div[1]/div/div/div/div/div[2]/div[2]/ul/li[2]/a/i'.</msg>
<status status="PASS" starttime="20260123 15:55:23.739" endtime="20260123 15:55:23.818"/>
</kw>
<msg timestamp="20260123 15:55:23.819" level="INFO">${clicked} = True</msg>
<status status="PASS" starttime="20260123 15:55:23.739" endtime="20260123 15:55:23.819"/>
</kw>
<if>
<branch type="IF" condition="not ${clicked}">
<kw name="Log" library="BuiltIn">
<arg>Using JS click fallback for ${locator}</arg>
<doc>Logs the given message with the given level.</doc>
<status status="NOT RUN" starttime="20260123 15:55:23.819" endtime="20260123 15:55:23.819"/>
</kw>
<kw name="Execute Javascript" library="SeleniumLibrary">
<arg>arguments[0].click();</arg>
<arg>document.evaluate("${locator.replace('xpath=','')}", document, null, XPathResult.FIRST_ORDERED_NODE_TYPE, null).singleNodeValue</arg>
<doc>Executes the given JavaScript code with possible arguments.</doc>
<status status="NOT RUN" starttime="20260123 15:55:23.820" endtime="20260123 15:55:23.820"/>
</kw>
<status status="NOT RUN" starttime="20260123 15:55:23.819" endtime="20260123 15:55:23.820"/>
</branch>
<status status="PASS" starttime="20260123 15:55:23.819" endtime="20260123 15:55:23.820"/>
</if>
<status status="PASS" starttime="20260123 15:55:23.399" endtime="20260123 15:55:23.820"/>
</kw>
<kw name="Sleep" library="BuiltIn">
<arg>2s</arg>
<doc>Pauses the test executed for the given time.</doc>
<msg timestamp="20260123 15:55:25.821" level="INFO">Slept 2 seconds</msg>
<status status="PASS" starttime="20260123 15:55:23.820" endtime="20260123 15:55:25.821"/>
</kw>
<status status="PASS" starttime="20260123 15:55:23.399" endtime="20260123 15:55:25.821"/>
</kw>
<kw name="Test The Annapurna Reset" library="Declutter_your_mind">
<kw name="Test Declutter Your Mind" library="Declutter_your_mind">
<kw name="Click Declutter Your Mind" library="Declutter_your_mind">
<kw name="Wait And Click" library="keywords">
<arg>${Declutter_your_mind}</arg>
<doc>Waits until element is visible &amp; enabled, scrolls into view, clicks, fallback to JS if normal click fails</doc>
<kw name="Wait Until Element Is Visible" library="SeleniumLibrary">
<arg>${locator}</arg>
<arg>${timeout}</arg>
<doc>Waits until the element ``locator`` is visible.</doc>
<status status="PASS" starttime="20260123 15:55:25.823" endtime="20260123 15:55:25.845"/>
</kw>
<kw name="Wait Until Element Is Enabled" library="SeleniumLibrary">
<arg>${locator}</arg>
<arg>${timeout}</arg>
<doc>Waits until the element ``locator`` is enabled.</doc>
<status status="PASS" starttime="20260123 15:55:25.845" endtime="20260123 15:55:25.865"/>
</kw>
<kw name="Scroll Element Into View" library="SeleniumLibrary">
<arg>${locator}</arg>
<doc>Scrolls the element identified by ``locator`` into view.</doc>
<status status="PASS" starttime="20260123 15:55:25.865" endtime="20260123 15:55:26.145"/>
</kw>
<kw name="Run Keyword And Return Status" library="BuiltIn">
<var>${clicked}</var>
<arg>Click Element</arg>
<arg>${locator}</arg>
<doc>Runs the given keyword with given arguments and returns the status as a Boolean value.</doc>
<kw name="Click Element" library="SeleniumLibrary">
<arg>${locator}</arg>
<doc>Click the element identified by ``locator``.</doc>
<msg timestamp="20260123 15:55:26.146" level="INFO">Clicking element 'xpath=/html/body/div[1]/header/div[1]/div/div/div/div/div[2]/div[2]/ul/li[2]/ul/li[4]/a'.</msg>
<status status="PASS" starttime="20260123 15:55:26.145" endtime="20260123 15:55:27.942"/>
</kw>
<msg timestamp="20260123 15:55:27.942" level="INFO">${clicked} = True</msg>
<status status="PASS" starttime="20260123 15:55:26.145" endtime="20260123 15:55:27.942"/>
</kw>
<if>
<branch type="IF" condition="not ${clicked}">
<kw name="Log" library="BuiltIn">
<arg>Using JS click fallback for ${locator}</arg>
<doc>Logs the given message with the given level.</doc>
<status status="NOT RUN" starttime="20260123 15:55:27.942" endtime="20260123 15:55:27.942"/>
</kw>
<kw name="Execute Javascript" library="SeleniumLibrary">
<arg>arguments[0].click();</arg>
<arg>document.evaluate("${locator.replace('xpath=','')}", document, null, XPathResult.FIRST_ORDERED_NODE_TYPE, null).singleNodeValue</arg>
<doc>Executes the given JavaScript code with possible arguments.</doc>
<status status="NOT RUN" starttime="20260123 15:55:27.942" endtime="20260123 15:55:27.942"/>
</kw>
<status status="NOT RUN" starttime="20260123 15:55:27.942" endtime="20260123 15:55:27.942"/>
</branch>
<status status="PASS" starttime="20260123 15:55:27.942" endtime="20260123 15:55:27.943"/>
</if>
<status status="PASS" starttime="20260123 15:55:25.823" endtime="20260123 15:55:27.943"/>
</kw>
<kw name="Sleep" library="BuiltIn">
<arg>2s</arg>
<doc>Pauses the test executed for the given time.</doc>
<msg timestamp="20260123 15:55:29.943" level="INFO">Slept 2 seconds</msg>
<status status="PASS" starttime="20260123 15:55:27.943" endtime="20260123 15:55:29.943"/>
</kw>
<status status="PASS" starttime="20260123 15:55:25.822" endtime="20260123 15:55:29.943"/>
</kw>
<kw name="Wait Until Element Is Visible" library="SeleniumLibrary">
<arg>${Declutter_content}</arg>
<doc>Waits until the element ``locator`` is visible.</doc>
<status status="PASS" starttime="20260123 15:55:29.943" endtime="20260123 15:55:29.963"/>
</kw>
<kw name="Go Down to" library="treks_tours">
<kw name="Scroll Element Into View" library="SeleniumLibrary">
<arg>${header}</arg>
<doc>Scrolls the element identified by ``locator`` into view.</doc>
<status status="PASS" starttime="20260123 15:55:29.964" endtime="20260123 15:55:30.257"/>
</kw>
<kw name="Sleep" library="BuiltIn">
<arg>2s</arg>
<doc>Pauses the test executed for the given time.</doc>
<msg timestamp="20260123 15:55:32.258" level="INFO">Slept 2 seconds</msg>
<status status="PASS" starttime="20260123 15:55:30.257" endtime="20260123 15:55:32.259"/>
</kw>
<status status="PASS" starttime="20260123 15:55:29.963" endtime="20260123 15:55:32.259"/>
</kw>
<kw name="Wait And Click" library="keywords">
<arg>${Indoor_Retreats}</arg>
<doc>Waits until element is visible &amp; enabled, scrolls into view, clicks, fallback to JS if normal click fails</doc>
<kw name="Wait Until Element Is Visible" library="SeleniumLibrary">
<arg>${locator}</arg>
<arg>${timeout}</arg>
<doc>Waits until the element ``locator`` is visible.</doc>
<status status="PASS" starttime="20260123 15:55:32.259" endtime="20260123 15:55:32.279"/>
</kw>
<kw name="Wait Until Element Is Enabled" library="SeleniumLibrary">
<arg>${locator}</arg>
<arg>${timeout}</arg>
<doc>Waits until the element ``locator`` is enabled.</doc>
<status status="PASS" starttime="20260123 15:55:32.279" endtime="20260123 15:55:32.300"/>
</kw>
<kw name="Scroll Element Into View" library="SeleniumLibrary">
<arg>${locator}</arg>
<doc>Scrolls the element identified by ``locator`` into view.</doc>
<status status="PASS" starttime="20260123 15:55:32.300" endtime="20260123 15:55:32.584"/>
</kw>
<kw name="Run Keyword And Return Status" library="BuiltIn">
<var>${clicked}</var>
<arg>Click Element</arg>
<arg>${locator}</arg>
<doc>Runs the given keyword with given arguments and returns the status as a Boolean value.</doc>
<kw name="Click Element" library="SeleniumLibrary">
<arg>${locator}</arg>
<doc>Click the element identified by ``locator``.</doc>
<msg timestamp="20260123 15:55:32.585" level="INFO">Clicking element 'xpath=/html/body/div[3]/section/div/div/ul/li[1]/h3'.</msg>
<status status="PASS" starttime="20260123 15:55:32.584" endtime="20260123 15:55:32.647"/>
</kw>
<msg timestamp="20260123 15:55:32.647" level="INFO">${clicked} = True</msg>
<status status="PASS" starttime="20260123 15:55:32.584" endtime="20260123 15:55:32.647"/>
</kw>
<if>
<branch type="IF" condition="not ${clicked}">
<kw name="Log" library="BuiltIn">
<arg>Using JS click fallback for ${locator}</arg>
<doc>Logs the given message with the given level.</doc>
<status status="NOT RUN" starttime="20260123 15:55:32.647" endtime="20260123 15:55:32.647"/>
</kw>
<kw name="Execute Javascript" library="SeleniumLibrary">
<arg>arguments[0].click();</arg>
<arg>document.evaluate("${locator.replace('xpath=','')}", document, null, XPathResult.FIRST_ORDERED_NODE_TYPE, null).singleNodeValue</arg>
<doc>Executes the given JavaScript code with possible arguments.</doc>
<status status="NOT RUN" starttime="20260123 15:55:32.648" endtime="20260123 15:55:32.648"/>
</kw>
<status status="NOT RUN" starttime="20260123 15:55:32.647" endtime="20260123 15:55:32.648"/>
</branch>
<status status="PASS" starttime="20260123 15:55:32.647" endtime="20260123 15:55:32.648"/>
</if>
<status status="PASS" starttime="20260123 15:55:32.259" endtime="20260123 15:55:32.648"/>
</kw>
<kw name="Sleep" library="BuiltIn">
<arg>2s</arg>
<doc>Pauses the test executed for the given time.</doc>
<msg timestamp="20260123 15:55:34.648" level="INFO">Slept 2 seconds</msg>
<status status="PASS" starttime="20260123 15:55:32.648" endtime="20260123 15:55:34.648"/>
</kw>
<kw name="Scroll Element Into View" library="SeleniumLibrary">
<arg>xpath=//*[@id="tab-indoor-retreats"]/section/div/div/div/div[2]</arg>
<doc>Scrolls the element identified by ``locator`` into view.</doc>
<status status="PASS" starttime="20260123 15:55:34.649" endtime="20260123 15:55:34.938"/>
</kw>
<kw name="Wait Until Element Is Visible" library="SeleniumLibrary">
<arg>xpath=//*[@id="tab-indoor-retreats"]/section/div/div/div/div[2]</arg>
<doc>Waits until the element ``locator`` is visible.</doc>
<status status="PASS" starttime="20260123 15:55:34.938" endtime="20260123 15:55:34.952"/>
</kw>
<kw name="Sleep" library="BuiltIn">
<arg>1s</arg>
<doc>Pauses the test executed for the given time.</doc>
<msg timestamp="20260123 15:55:35.952" level="INFO">Slept 1 second</msg>
<status status="PASS" starttime="20260123 15:55:34.952" endtime="20260123 15:55:35.953"/>
</kw>
<status status="PASS" starttime="20260123 15:55:25.822" endtime="20260123 15:55:35.953"/>
</kw>
<kw name="Wait And Click" library="keywords">
<arg>${The_Annapurna_Reset}</arg>
<doc>Waits until element is visible &amp; enabled, scrolls into view, clicks, fallback to JS if normal click fails</doc>
<kw name="Wait Until Element Is Visible" library="SeleniumLibrary">
<arg>${locator}</arg>
<arg>${timeout}</arg>
<doc>Waits until the element ``locator`` is visible.</doc>
<status status="PASS" starttime="20260123 15:55:35.953" endtime="20260123 15:55:35.972"/>
</kw>
<kw name="Wait Until Element Is Enabled" library="SeleniumLibrary">
<arg>${locator}</arg>
<arg>${timeout}</arg>
<doc>Waits until the element ``locator`` is enabled.</doc>
<status status="PASS" starttime="20260123 15:55:35.973" endtime="20260123 15:55:35.991"/>
</kw>
<kw name="Scroll Element Into View" library="SeleniumLibrary">
<arg>${locator}</arg>
<doc>Scrolls the element identified by ``locator`` into view.</doc>
<status status="PASS" starttime="20260123 15:55:35.991" endtime="20260123 15:55:36.271"/>
</kw>
<kw name="Run Keyword And Return Status" library="BuiltIn">
<var>${clicked}</var>
<arg>Click Element</arg>
<arg>${locator}</arg>
<doc>Runs the given keyword with given arguments and returns the status as a Boolean value.</doc>
<kw name="Click Element" library="SeleniumLibrary">
<arg>${locator}</arg>
<doc>Click the element identified by ``locator``.</doc>
<msg timestamp="20260123 15:55:36.273" level="INFO">Clicking element 'xpath=//*[@id="tab-indoor-retreats"]/section/div/div/div/div[2]/div[1]'.</msg>
<status status="PASS" starttime="20260123 15:55:36.272" endtime="20260123 15:55:37.800"/>
</kw>
<msg timestamp="20260123 15:55:37.801" level="INFO">${clicked} = True</msg>
<status status="PASS" starttime="20260123 15:55:36.272" endtime="20260123 15:55:37.801"/>
</kw>
<if>
<branch type="IF" condition="not ${clicked}">
<kw name="Log" library="BuiltIn">
<arg>Using JS click fallback for ${locator}</arg>
<doc>Logs the given message with the given level.</doc>
<status status="NOT RUN" starttime="20260123 15:55:37.801" endtime="20260123 15:55:37.801"/>
</kw>
<kw name="Execute Javascript" library="SeleniumLibrary">
<arg>arguments[0].click();</arg>
<arg>document.evaluate("${locator.replace('xpath=','')}", document, null, XPathResult.FIRST_ORDERED_NODE_TYPE, null).singleNodeValue</arg>
<doc>Executes the given JavaScript code with possible arguments.</doc>
<status status="NOT RUN" starttime="20260123 15:55:37.801" endtime="20260123 15:55:37.801"/>
</kw>
<status status="NOT RUN" starttime="20260123 15:55:37.801" endtime="20260123 15:55:37.801"/>
</branch>
<status status="PASS" starttime="20260123 15:55:37.801" endtime="20260123 15:55:37.801"/>
</if>
<status status="PASS" starttime="20260123 15:55:35.953" endtime="20260123 15:55:37.802"/>
</kw>
<kw name="Wait Until Element Is Visible" library="SeleniumLibrary">
<arg>${The_Annapurna_Content}</arg>
<doc>Waits until the element ``locator`` is visible.</doc>
<status status="PASS" starttime="20260123 15:55:37.802" endtime="20260123 15:55:37.832"/>
</kw>
<kw name="Scroll Element Into View" library="SeleniumLibrary">
<arg>xpath=/html/body/div[3]/div/nav</arg>
<doc>Scrolls the element identified by ``locator`` into view.</doc>
<status status="PASS" starttime="20260123 15:55:37.832" endtime="20260123 15:55:38.132"/>
</kw>
<kw name="Test The Annapurna Reset Navbar" library="Declutter_your_mind">
<doc>Click all section links inside sticky navbar (Intro → FAQS)</doc>
<kw name="Set Variable" library="BuiltIn">
<var>${NAVBAR}</var>
<arg>//nav[contains(@class,'sticky-navbar')]</arg>
<doc>Returns the given values which can then be assigned to a variables.</doc>
<msg timestamp="20260123 15:55:38.133" level="INFO">${NAVBAR} = //nav[contains(@class,'sticky-navbar')]</msg>
<status status="PASS" starttime="20260123 15:55:38.133" endtime="20260123 15:55:38.133"/>
</kw>
<kw name="Set Variable" library="BuiltIn">
<var>${NAV_LINKS}</var>
<arg>//nav[contains(@class,'sticky-navbar')]//ul/li/a[contains(@class,'nav-link')]</arg>
<doc>Returns the given values which can then be assigned to a variables.</doc>
<msg timestamp="20260123 15:55:38.133" level="INFO">${NAV_LINKS} = //nav[contains(@class,'sticky-navbar')]//ul/li/a[contains(@class,'nav-link')]</msg>
<status status="PASS" starttime="20260123 15:55:38.133" endtime="20260123 15:55:38.134"/>
</kw>
<kw name="Wait Until Element Is Visible" library="SeleniumLibrary">
<arg>${NAVBAR}</arg>
<arg>15s</arg>
<doc>Waits until the element ``locator`` is visible.</doc>
<status status="PASS" starttime="20260123 15:55:38.134" endtime="20260123 15:55:38.153"/>
</kw>
<kw name="Scroll Element Into View" library="SeleniumLibrary">
<arg>${NAVBAR}</arg>
<doc>Scrolls the element identified by ``locator`` into view.</doc>
<status status="PASS" starttime="20260123 15:55:38.153" endtime="20260123 15:55:38.426"/>
</kw>
<kw name="Get WebElements" library="SeleniumLibrary">
<var>${links}</var>
<arg>${NAV_LINKS}</arg>
<doc>Returns a list of WebElement objects matching the ``locator``.</doc>
<msg timestamp="20260123 15:55:38.439" level="INFO">${links} = [&lt;selenium.webdriver.remote.webelement.WebElement (session="971ea73013fa759a42aaa931941e45ad", element="f.8218573EA711221BB1E6124F698BCA67.d.58032F337E8579B4AACE81259941CCAE.e.67")&gt;, &lt;selenium.webdriv...</msg>
<status status="PASS" starttime="20260123 15:55:38.426" endtime="20260123 15:55:38.439"/>
</kw>
<kw name="Get Length" library="BuiltIn">
<var>${count}</var>
<arg>${links}</arg>
<doc>Returns and logs the length of the given item as an integer.</doc>
<msg timestamp="20260123 15:55:38.440" level="INFO">Length is 9</msg>
<msg timestamp="20260123 15:55:38.440" level="INFO">${count} = 9</msg>
<status status="PASS" starttime="20260123 15:55:38.440" endtime="20260123 15:55:38.440"/>
</kw>
<for flavor="IN RANGE">
<var>${i}</var>
<value>${count}</value>
<iter>
<var name="${i}">0</var>
<kw name="Get WebElements" library="SeleniumLibrary">
<var>${links}</var>
<arg>${NAV_LINKS}</arg>
<doc>Returns a list of WebElement objects matching the ``locator``.</doc>
<msg timestamp="20260123 15:55:38.449" level="INFO">${links} = [&lt;selenium.webdriver.remote.webelement.WebElement (session="971ea73013fa759a42aaa931941e45ad", element="f.8218573EA711221BB1E6124F698BCA67.d.58032F337E8579B4AACE81259941CCAE.e.67")&gt;, &lt;selenium.webdriv...</msg>
<status status="PASS" starttime="20260123 15:55:38.440" endtime="20260123 15:55:38.449"/>
</kw>
<kw name="Set Variable" library="BuiltIn">
<var>${link}</var>
<arg>${links}[${i}]</arg>
<doc>Returns the given values which can then be assigned to a variables.</doc>
<msg timestamp="20260123 15:55:38.450" level="INFO">${link} = &lt;selenium.webdriver.remote.webelement.WebElement (session="971ea73013fa759a42aaa931941e45ad", element="f.8218573EA711221BB1E6124F698BCA67.d.58032F337E8579B4AACE81259941CCAE.e.67")&gt;</msg>
<status status="PASS" starttime="20260123 15:55:38.449" endtime="20260123 15:55:38.450"/>
</kw>
<kw name="Scroll Element Into View" library="SeleniumLibrary">
<arg>${link}</arg>
<doc>Scrolls the element identified by ``locator`` into view.</doc>
<status status="PASS" starttime="20260123 15:55:38.450" endtime="20260123 15:55:38.727"/>
</kw>
<kw name="Wait Until Element Is Visible" library="SeleniumLibrary">
<arg>${link}</arg>
<arg>10s</arg>
<doc>Waits until the element ``locator`` is visible.</doc>
<status status="PASS" starttime="20260123 15:55:38.727" endtime="20260123 15:55:38.735"/>
</kw>
<kw name="Run Keyword And Return Status" library="BuiltIn">
<var>${clicked}</var>
<arg>Click Element</arg>
<arg>${link}</arg>
<doc>Runs the given keyword with given arguments and returns the status as a Boolean value.</doc>
<kw name="Click Element" library="SeleniumLibrary">
<arg>${link}</arg>
<doc>Click the element identified by ``locator``.</doc>
<msg timestamp="20260123 15:55:38.737" level="INFO">Clicking element '&lt;selenium.webdriver.remote.webelement.WebElement (session="971ea73013fa759a42aaa931941e45ad", element="f.8218573EA711221BB1E6124F698BCA67.d.58032F337E8579B4AACE81259941CCAE.e.67")&gt;'.</msg>
<status status="PASS" starttime="20260123 15:55:38.736" endtime="20260123 15:55:38.805"/>
</kw>
<msg timestamp="20260123 15:55:38.805" level="INFO">${clicked} = True</msg>
<status status="PASS" starttime="20260123 15:55:38.735" endtime="20260123 15:55:38.805"/>
</kw>
<if>
<branch type="IF" condition="not ${clicked}">
<kw name="Execute Javascript" library="SeleniumLibrary">
<arg>arguments[0].click();</arg>
<arg>${link}</arg>
<doc>Executes the given JavaScript code with possible arguments.</doc>
<status status="NOT RUN" starttime="20260123 15:55:38.806" endtime="20260123 15:55:38.806"/>
</kw>
<status status="NOT RUN" starttime="20260123 15:55:38.806" endtime="20260123 15:55:38.806"/>
</branch>
<status status="PASS" starttime="20260123 15:55:38.806" endtime="20260123 15:55:38.806"/>
</if>
<status status="PASS" starttime="20260123 15:55:38.440" endtime="20260123 15:55:38.806"/>
</iter>
<iter>
<var name="${i}">1</var>
<kw name="Get WebElements" library="SeleniumLibrary">
<var>${links}</var>
<arg>${NAV_LINKS}</arg>
<doc>Returns a list of WebElement objects matching the ``locator``.</doc>
<msg timestamp="20260123 15:55:38.818" level="INFO">${links} = [&lt;selenium.webdriver.remote.webelement.WebElement (session="971ea73013fa759a42aaa931941e45ad", element="f.8218573EA711221BB1E6124F698BCA67.d.58032F337E8579B4AACE81259941CCAE.e.67")&gt;, &lt;selenium.webdriv...</msg>
<status status="PASS" starttime="20260123 15:55:38.806" endtime="20260123 15:55:38.818"/>
</kw>
<kw name="Set Variable" library="BuiltIn">
<var>${link}</var>
<arg>${links}[${i}]</arg>
<doc>Returns the given values which can then be assigned to a variables.</doc>
<msg timestamp="20260123 15:55:38.820" level="INFO">${link} = &lt;selenium.webdriver.remote.webelement.WebElement (session="971ea73013fa759a42aaa931941e45ad", element="f.8218573EA711221BB1E6124F698BCA67.d.58032F337E8579B4AACE81259941CCAE.e.68")&gt;</msg>
<status status="PASS" starttime="20260123 15:55:38.819" endtime="20260123 15:55:38.820"/>
</kw>
<kw name="Scroll Element Into View" library="SeleniumLibrary">
<arg>${link}</arg>
<doc>Scrolls the element identified by ``locator`` into view.</doc>
<status status="PASS" starttime="20260123 15:55:38.821" endtime="20260123 15:55:39.107"/>
</kw>
<kw name="Wait Until Element Is Visible" library="SeleniumLibrary">
<arg>${link}</arg>
<arg>10s</arg>
<doc>Waits until the element ``locator`` is visible.</doc>
<status status="PASS" starttime="20260123 15:55:39.107" endtime="20260123 15:55:39.115"/>
</kw>
<kw name="Run Keyword And Return Status" library="BuiltIn">
<var>${clicked}</var>
<arg>Click Element</arg>
<arg>${link}</arg>
<doc>Runs the given keyword with given arguments and returns the status as a Boolean value.</doc>
<kw name="Click Element" library="SeleniumLibrary">
<arg>${link}</arg>
<doc>Click the element identified by ``locator``.</doc>
<msg timestamp="20260123 15:55:39.116" level="INFO">Clicking element '&lt;selenium.webdriver.remote.webelement.WebElement (session="971ea73013fa759a42aaa931941e45ad", element="f.8218573EA711221BB1E6124F698BCA67.d.58032F337E8579B4AACE81259941CCAE.e.68")&gt;'.</msg>
<status status="PASS" starttime="20260123 15:55:39.115" endtime="20260123 15:55:39.167"/>
</kw>
<msg timestamp="20260123 15:55:39.167" level="INFO">${clicked} = True</msg>
<status status="PASS" starttime="20260123 15:55:39.115" endtime="20260123 15:55:39.167"/>
</kw>
<if>
<branch type="IF" condition="not ${clicked}">
<kw name="Execute Javascript" library="SeleniumLibrary">
<arg>arguments[0].click();</arg>
<arg>${link}</arg>
<doc>Executes the given JavaScript code with possible arguments.</doc>
<status status="NOT RUN" starttime="20260123 15:55:39.168" endtime="20260123 15:55:39.168"/>
</kw>
<status status="NOT RUN" starttime="20260123 15:55:39.168" endtime="20260123 15:55:39.168"/>
</branch>
<status status="PASS" starttime="20260123 15:55:39.167" endtime="20260123 15:55:39.168"/>
</if>
<status status="PASS" starttime="20260123 15:55:38.806" endtime="20260123 15:55:39.168"/>
</iter>
<iter>
<var name="${i}">2</var>
<kw name="Get WebElements" library="SeleniumLibrary">
<var>${links}</var>
<arg>${NAV_LINKS}</arg>
<doc>Returns a list of WebElement objects matching the ``locator``.</doc>
<msg timestamp="20260123 15:55:39.176" level="INFO">${links} = [&lt;selenium.webdriver.remote.webelement.WebElement (session="971ea73013fa759a42aaa931941e45ad", element="f.8218573EA711221BB1E6124F698BCA67.d.58032F337E8579B4AACE81259941CCAE.e.67")&gt;, &lt;selenium.webdriv...</msg>
<status status="PASS" starttime="20260123 15:55:39.168" endtime="20260123 15:55:39.176"/>
</kw>
<kw name="Set Variable" library="BuiltIn">
<var>${link}</var>
<arg>${links}[${i}]</arg>
<doc>Returns the given values which can then be assigned to a variables.</doc>
<msg timestamp="20260123 15:55:39.177" level="INFO">${link} = &lt;selenium.webdriver.remote.webelement.WebElement (session="971ea73013fa759a42aaa931941e45ad", element="f.8218573EA711221BB1E6124F698BCA67.d.58032F337E8579B4AACE81259941CCAE.e.69")&gt;</msg>
<status status="PASS" starttime="20260123 15:55:39.176" endtime="20260123 15:55:39.177"/>
</kw>
<kw name="Scroll Element Into View" library="SeleniumLibrary">
<arg>${link}</arg>
<doc>Scrolls the element identified by ``locator`` into view.</doc>
<status status="PASS" starttime="20260123 15:55:39.177" endtime="20260123 15:55:39.448"/>
</kw>
<kw name="Wait Until Element Is Visible" library="SeleniumLibrary">
<arg>${link}</arg>
<arg>10s</arg>
<doc>Waits until the element ``locator`` is visible.</doc>
<status status="PASS" starttime="20260123 15:55:39.448" endtime="20260123 15:55:39.458"/>
</kw>
<kw name="Run Keyword And Return Status" library="BuiltIn">
<var>${clicked}</var>
<arg>Click Element</arg>
<arg>${link}</arg>
<doc>Runs the given keyword with given arguments and returns the status as a Boolean value.</doc>
<kw name="Click Element" library="SeleniumLibrary">
<arg>${link}</arg>
<doc>Click the element identified by ``locator``.</doc>
<msg timestamp="20260123 15:55:39.459" level="INFO">Clicking element '&lt;selenium.webdriver.remote.webelement.WebElement (session="971ea73013fa759a42aaa931941e45ad", element="f.8218573EA711221BB1E6124F698BCA67.d.58032F337E8579B4AACE81259941CCAE.e.69")&gt;'.</msg>
<status status="PASS" starttime="20260123 15:55:39.459" endtime="20260123 15:55:39.523"/>
</kw>
<msg timestamp="20260123 15:55:39.524" level="INFO">${clicked} = True</msg>
<status status="PASS" starttime="20260123 15:55:39.459" endtime="20260123 15:55:39.524"/>
</kw>
<if>
<branch type="IF" condition="not ${clicked}">
<kw name="Execute Javascript" library="SeleniumLibrary">
<arg>arguments[0].click();</arg>
<arg>${link}</arg>
<doc>Executes the given JavaScript code with possible arguments.</doc>
<status status="NOT RUN" starttime="20260123 15:55:39.524" endtime="20260123 15:55:39.524"/>
</kw>
<status status="NOT RUN" starttime="20260123 15:55:39.524" endtime="20260123 15:55:39.524"/>
</branch>
<status status="PASS" starttime="20260123 15:55:39.524" endtime="20260123 15:55:39.524"/>
</if>
<status status="PASS" starttime="20260123 15:55:39.168" endtime="20260123 15:55:39.524"/>
</iter>
<iter>
<var name="${i}">3</var>
<kw name="Get WebElements" library="SeleniumLibrary">
<var>${links}</var>
<arg>${NAV_LINKS}</arg>
<doc>Returns a list of WebElement objects matching the ``locator``.</doc>
<msg timestamp="20260123 15:55:39.534" level="INFO">${links} = [&lt;selenium.webdriver.remote.webelement.WebElement (session="971ea73013fa759a42aaa931941e45ad", element="f.8218573EA711221BB1E6124F698BCA67.d.58032F337E8579B4AACE81259941CCAE.e.67")&gt;, &lt;selenium.webdriv...</msg>
<status status="PASS" starttime="20260123 15:55:39.524" endtime="20260123 15:55:39.534"/>
</kw>
<kw name="Set Variable" library="BuiltIn">
<var>${link}</var>
<arg>${links}[${i}]</arg>
<doc>Returns the given values which can then be assigned to a variables.</doc>
<msg timestamp="20260123 15:55:39.534" level="INFO">${link} = &lt;selenium.webdriver.remote.webelement.WebElement (session="971ea73013fa759a42aaa931941e45ad", element="f.8218573EA711221BB1E6124F698BCA67.d.58032F337E8579B4AACE81259941CCAE.e.70")&gt;</msg>
<status status="PASS" starttime="20260123 15:55:39.534" endtime="20260123 15:55:39.534"/>
</kw>
<kw name="Scroll Element Into View" library="SeleniumLibrary">
<arg>${link}</arg>
<doc>Scrolls the element identified by ``locator`` into view.</doc>
<status status="PASS" starttime="20260123 15:55:39.534" endtime="20260123 15:55:39.810"/>
</kw>
<kw name="Wait Until Element Is Visible" library="SeleniumLibrary">
<arg>${link}</arg>
<arg>10s</arg>
<doc>Waits until the element ``locator`` is visible.</doc>
<status status="PASS" starttime="20260123 15:55:39.810" endtime="20260123 15:55:39.818"/>
</kw>
<kw name="Run Keyword And Return Status" library="BuiltIn">
<var>${clicked}</var>
<arg>Click Element</arg>
<arg>${link}</arg>
<doc>Runs the given keyword with given arguments and returns the status as a Boolean value.</doc>
<kw name="Click Element" library="SeleniumLibrary">
<arg>${link}</arg>
<doc>Click the element identified by ``locator``.</doc>
<msg timestamp="20260123 15:55:39.820" level="INFO">Clicking element '&lt;selenium.webdriver.remote.webelement.WebElement (session="971ea73013fa759a42aaa931941e45ad", element="f.8218573EA711221BB1E6124F698BCA67.d.58032F337E8579B4AACE81259941CCAE.e.70")&gt;'.</msg>
<status status="PASS" starttime="20260123 15:55:39.819" endtime="20260123 15:55:39.878"/>
</kw>
<msg timestamp="20260123 15:55:39.878" level="INFO">${clicked} = True</msg>
<status status="PASS" starttime="20260123 15:55:39.818" endtime="20260123 15:55:39.878"/>
</kw>
<if>
<branch type="IF" condition="not ${clicked}">
<kw name="Execute Javascript" library="SeleniumLibrary">
<arg>arguments[0].click();</arg>
<arg>${link}</arg>
<doc>Executes the given JavaScript code with possible arguments.</doc>
<status status="NOT RUN" starttime="20260123 15:55:39.879" endtime="20260123 15:55:39.879"/>
</kw>
<status status="NOT RUN" starttime="20260123 15:55:39.878" endtime="20260123 15:55:39.879"/>
</branch>
<status status="PASS" starttime="20260123 15:55:39.878" endtime="20260123 15:55:39.879"/>
</if>
<status status="PASS" starttime="20260123 15:55:39.524" endtime="20260123 15:55:39.879"/>
</iter>
<iter>
<var name="${i}">4</var>
<kw name="Get WebElements" library="SeleniumLibrary">
<var>${links}</var>
<arg>${NAV_LINKS}</arg>
<doc>Returns a list of WebElement objects matching the ``locator``.</doc>
<msg timestamp="20260123 15:55:39.889" level="INFO">${links} = [&lt;selenium.webdriver.remote.webelement.WebElement (session="971ea73013fa759a42aaa931941e45ad", element="f.8218573EA711221BB1E6124F698BCA67.d.58032F337E8579B4AACE81259941CCAE.e.67")&gt;, &lt;selenium.webdriv...</msg>
<status status="PASS" starttime="20260123 15:55:39.879" endtime="20260123 15:55:39.889"/>
</kw>
<kw name="Set Variable" library="BuiltIn">
<var>${link}</var>
<arg>${links}[${i}]</arg>
<doc>Returns the given values which can then be assigned to a variables.</doc>
<msg timestamp="20260123 15:55:39.890" level="INFO">${link} = &lt;selenium.webdriver.remote.webelement.WebElement (session="971ea73013fa759a42aaa931941e45ad", element="f.8218573EA711221BB1E6124F698BCA67.d.58032F337E8579B4AACE81259941CCAE.e.71")&gt;</msg>
<status status="PASS" starttime="20260123 15:55:39.889" endtime="20260123 15:55:39.890"/>
</kw>
<kw name="Scroll Element Into View" library="SeleniumLibrary">
<arg>${link}</arg>
<doc>Scrolls the element identified by ``locator`` into view.</doc>
<status status="PASS" starttime="20260123 15:55:39.890" endtime="20260123 15:55:40.168"/>
</kw>
<kw name="Wait Until Element Is Visible" library="SeleniumLibrary">
<arg>${link}</arg>
<arg>10s</arg>
<doc>Waits until the element ``locator`` is visible.</doc>
<status status="PASS" starttime="20260123 15:55:40.169" endtime="20260123 15:55:40.179"/>
</kw>
<kw name="Run Keyword And Return Status" library="BuiltIn">
<var>${clicked}</var>
<arg>Click Element</arg>
<arg>${link}</arg>
<doc>Runs the given keyword with given arguments and returns the status as a Boolean value.</doc>
<kw name="Click Element" library="SeleniumLibrary">
<arg>${link}</arg>
<doc>Click the element identified by ``locator``.</doc>
<msg timestamp="20260123 15:55:40.180" level="INFO">Clicking element '&lt;selenium.webdriver.remote.webelement.WebElement (session="971ea73013fa759a42aaa931941e45ad", element="f.8218573EA711221BB1E6124F698BCA67.d.58032F337E8579B4AACE81259941CCAE.e.71")&gt;'.</msg>
<status status="PASS" starttime="20260123 15:55:40.180" endtime="20260123 15:55:40.239"/>
</kw>
<msg timestamp="20260123 15:55:40.239" level="INFO">${clicked} = True</msg>
<status status="PASS" starttime="20260123 15:55:40.180" endtime="20260123 15:55:40.239"/>
</kw>
<if>
<branch type="IF" condition="not ${clicked}">
<kw name="Execute Javascript" library="SeleniumLibrary">
<arg>arguments[0].click();</arg>
<arg>${link}</arg>
<doc>Executes the given JavaScript code with possible arguments.</doc>
<status status="NOT RUN" starttime="20260123 15:55:40.240" endtime="20260123 15:55:40.240"/>
</kw>
<status status="NOT RUN" starttime="20260123 15:55:40.239" endtime="20260123 15:55:40.240"/>
</branch>
<status status="PASS" starttime="20260123 15:55:40.239" endtime="20260123 15:55:40.240"/>
</if>
<status status="PASS" starttime="20260123 15:55:39.879" endtime="20260123 15:55:40.240"/>
</iter>
<iter>
<var name="${i}">5</var>
<kw name="Get WebElements" library="SeleniumLibrary">
<var>${links}</var>
<arg>${NAV_LINKS}</arg>
<doc>Returns a list of WebElement objects matching the ``locator``.</doc>
<msg timestamp="20260123 15:55:40.249" level="INFO">${links} = [&lt;selenium.webdriver.remote.webelement.WebElement (session="971ea73013fa759a42aaa931941e45ad", element="f.8218573EA711221BB1E6124F698BCA67.d.58032F337E8579B4AACE81259941CCAE.e.67")&gt;, &lt;selenium.webdriv...</msg>
<status status="PASS" starttime="20260123 15:55:40.240" endtime="20260123 15:55:40.249"/>
</kw>
<kw name="Set Variable" library="BuiltIn">
<var>${link}</var>
<arg>${links}[${i}]</arg>
<doc>Returns the given values which can then be assigned to a variables.</doc>
<msg timestamp="20260123 15:55:40.249" level="INFO">${link} = &lt;selenium.webdriver.remote.webelement.WebElement (session="971ea73013fa759a42aaa931941e45ad", element="f.8218573EA711221BB1E6124F698BCA67.d.58032F337E8579B4AACE81259941CCAE.e.72")&gt;</msg>
<status status="PASS" starttime="20260123 15:55:40.249" endtime="20260123 15:55:40.249"/>
</kw>
<kw name="Scroll Element Into View" library="SeleniumLibrary">
<arg>${link}</arg>
<doc>Scrolls the element identified by ``locator`` into view.</doc>
<status status="PASS" starttime="20260123 15:55:40.249" endtime="20260123 15:55:40.531"/>
</kw>
<kw name="Wait Until Element Is Visible" library="SeleniumLibrary">
<arg>${link}</arg>
<arg>10s</arg>
<doc>Waits until the element ``locator`` is visible.</doc>
<status status="PASS" starttime="20260123 15:55:40.531" endtime="20260123 15:55:40.542"/>
</kw>
<kw name="Run Keyword And Return Status" library="BuiltIn">
<var>${clicked}</var>
<arg>Click Element</arg>
<arg>${link}</arg>
<doc>Runs the given keyword with given arguments and returns the status as a Boolean value.</doc>
<kw name="Click Element" library="SeleniumLibrary">
<arg>${link}</arg>
<doc>Click the element identified by ``locator``.</doc>
<msg timestamp="20260123 15:55:40.543" level="INFO">Clicking element '&lt;selenium.webdriver.remote.webelement.WebElement (session="971ea73013fa759a42aaa931941e45ad", element="f.8218573EA711221BB1E6124F698BCA67.d.58032F337E8579B4AACE81259941CCAE.e.72")&gt;'.</msg>
<status status="PASS" starttime="20260123 15:55:40.542" endtime="20260123 15:55:40.605"/>
</kw>
<msg timestamp="20260123 15:55:40.606" level="INFO">${clicked} = True</msg>
<status status="PASS" starttime="20260123 15:55:40.542" endtime="20260123 15:55:40.606"/>
</kw>
<if>
<branch type="IF" condition="not ${clicked}">
<kw name="Execute Javascript" library="SeleniumLibrary">
<arg>arguments[0].click();</arg>
<arg>${link}</arg>
<doc>Executes the given JavaScript code with possible arguments.</doc>
<status status="NOT RUN" starttime="20260123 15:55:40.606" endtime="20260123 15:55:40.606"/>
</kw>
<status status="NOT RUN" starttime="20260123 15:55:40.606" endtime="20260123 15:55:40.606"/>
</branch>
<status status="PASS" starttime="20260123 15:55:40.606" endtime="20260123 15:55:40.606"/>
</if>
<status status="PASS" starttime="20260123 15:55:40.240" endtime="20260123 15:55:40.606"/>
</iter>
<iter>
<var name="${i}">6</var>
<kw name="Get WebElements" library="SeleniumLibrary">
<var>${links}</var>
<arg>${NAV_LINKS}</arg>
<doc>Returns a list of WebElement objects matching the ``locator``.</doc>
<msg timestamp="20260123 15:55:40.615" level="INFO">${links} = [&lt;selenium.webdriver.remote.webelement.WebElement (session="971ea73013fa759a42aaa931941e45ad", element="f.8218573EA711221BB1E6124F698BCA67.d.58032F337E8579B4AACE81259941CCAE.e.67")&gt;, &lt;selenium.webdriv...</msg>
<status status="PASS" starttime="20260123 15:55:40.606" endtime="20260123 15:55:40.615"/>
</kw>
<kw name="Set Variable" library="BuiltIn">
<var>${link}</var>
<arg>${links}[${i}]</arg>
<doc>Returns the given values which can then be assigned to a variables.</doc>
<msg timestamp="20260123 15:55:40.615" level="INFO">${link} = &lt;selenium.webdriver.remote.webelement.WebElement (session="971ea73013fa759a42aaa931941e45ad", element="f.8218573EA711221BB1E6124F698BCA67.d.58032F337E8579B4AACE81259941CCAE.e.73")&gt;</msg>
<status status="PASS" starttime="20260123 15:55:40.615" endtime="20260123 15:55:40.615"/>
</kw>
<kw name="Scroll Element Into View" library="SeleniumLibrary">
<arg>${link}</arg>
<doc>Scrolls the element identified by ``locator`` into view.</doc>
<status status="PASS" starttime="20260123 15:55:40.615" endtime="20260123 15:55:40.891"/>
</kw>
<kw name="Wait Until Element Is Visible" library="SeleniumLibrary">
<arg>${link}</arg>
<arg>10s</arg>
<doc>Waits until the element ``locator`` is visible.</doc>
<status status="PASS" starttime="20260123 15:55:40.892" endtime="20260123 15:55:40.900"/>
</kw>
<kw name="Run Keyword And Return Status" library="BuiltIn">
<var>${clicked}</var>
<arg>Click Element</arg>
<arg>${link}</arg>
<doc>Runs the given keyword with given arguments and returns the status as a Boolean value.</doc>
<kw name="Click Element" library="SeleniumLibrary">
<arg>${link}</arg>
<doc>Click the element identified by ``locator``.</doc>
<msg timestamp="20260123 15:55:40.901" level="INFO">Clicking element '&lt;selenium.webdriver.remote.webelement.WebElement (session="971ea73013fa759a42aaa931941e45ad", element="f.8218573EA711221BB1E6124F698BCA67.d.58032F337E8579B4AACE81259941CCAE.e.73")&gt;'.</msg>
<status status="PASS" starttime="20260123 15:55:40.900" endtime="20260123 15:55:40.962"/>
</kw>
<msg timestamp="20260123 15:55:40.962" level="INFO">${clicked} = True</msg>
<status status="PASS" starttime="20260123 15:55:40.900" endtime="20260123 15:55:40.962"/>
</kw>
<if>
<branch type="IF" condition="not ${clicked}">
<kw name="Execute Javascript" library="SeleniumLibrary">
<arg>arguments[0].click();</arg>
<arg>${link}</arg>
<doc>Executes the given JavaScript code with possible arguments.</doc>
<status status="NOT RUN" starttime="20260123 15:55:40.962" endtime="20260123 15:55:40.962"/>
</kw>
<status status="NOT RUN" starttime="20260123 15:55:40.962" endtime="20260123 15:55:40.962"/>
</branch>
<status status="PASS" starttime="20260123 15:55:40.962" endtime="20260123 15:55:40.962"/>
</if>
<status status="PASS" starttime="20260123 15:55:40.606" endtime="20260123 15:55:40.963"/>
</iter>
<iter>
<var name="${i}">7</var>
<kw name="Get WebElements" library="SeleniumLibrary">
<var>${links}</var>
<arg>${NAV_LINKS}</arg>
<doc>Returns a list of WebElement objects matching the ``locator``.</doc>
<msg timestamp="20260123 15:55:40.972" level="INFO">${links} = [&lt;selenium.webdriver.remote.webelement.WebElement (session="971ea73013fa759a42aaa931941e45ad", element="f.8218573EA711221BB1E6124F698BCA67.d.58032F337E8579B4AACE81259941CCAE.e.67")&gt;, &lt;selenium.webdriv...</msg>
<status status="PASS" starttime="20260123 15:55:40.963" endtime="20260123 15:55:40.972"/>
</kw>
<kw name="Set Variable" library="BuiltIn">
<var>${link}</var>
<arg>${links}[${i}]</arg>
<doc>Returns the given values which can then be assigned to a variables.</doc>
<msg timestamp="20260123 15:55:40.973" level="INFO">${link} = &lt;selenium.webdriver.remote.webelement.WebElement (session="971ea73013fa759a42aaa931941e45ad", element="f.8218573EA711221BB1E6124F698BCA67.d.58032F337E8579B4AACE81259941CCAE.e.74")&gt;</msg>
<status status="PASS" starttime="20260123 15:55:40.972" endtime="20260123 15:55:40.973"/>
</kw>
<kw name="Scroll Element Into View" library="SeleniumLibrary">
<arg>${link}</arg>
<doc>Scrolls the element identified by ``locator`` into view.</doc>
<status status="PASS" starttime="20260123 15:55:40.973" endtime="20260123 15:55:41.252"/>
</kw>
<kw name="Wait Until Element Is Visible" library="SeleniumLibrary">
<arg>${link}</arg>
<arg>10s</arg>
<doc>Waits until the element ``locator`` is visible.</doc>
<status status="PASS" starttime="20260123 15:55:41.252" endtime="20260123 15:55:41.261"/>
</kw>
<kw name="Run Keyword And Return Status" library="BuiltIn">
<var>${clicked}</var>
<arg>Click Element</arg>
<arg>${link}</arg>
<doc>Runs the given keyword with given arguments and returns the status as a Boolean value.</doc>
<kw name="Click Element" library="SeleniumLibrary">
<arg>${link}</arg>
<doc>Click the element identified by ``locator``.</doc>
<msg timestamp="20260123 15:55:41.263" level="INFO">Clicking element '&lt;selenium.webdriver.remote.webelement.WebElement (session="971ea73013fa759a42aaa931941e45ad", element="f.8218573EA711221BB1E6124F698BCA67.d.58032F337E8579B4AACE81259941CCAE.e.74")&gt;'.</msg>
<status status="PASS" starttime="20260123 15:55:41.262" endtime="20260123 15:55:41.315"/>
</kw>
<msg timestamp="20260123 15:55:41.315" level="INFO">${clicked} = True</msg>
<status status="PASS" starttime="20260123 15:55:41.262" endtime="20260123 15:55:41.315"/>
</kw>
<if>
<branch type="IF" condition="not ${clicked}">
<kw name="Execute Javascript" library="SeleniumLibrary">
<arg>arguments[0].click();</arg>
<arg>${link}</arg>
<doc>Executes the given JavaScript code with possible arguments.</doc>
<status status="NOT RUN" starttime="20260123 15:55:41.316" endtime="20260123 15:55:41.316"/>
</kw>
<status status="NOT RUN" starttime="20260123 15:55:41.315" endtime="20260123 15:55:41.316"/>
</branch>
<status status="PASS" starttime="20260123 15:55:41.315" endtime="20260123 15:55:41.316"/>
</if>
<status status="PASS" starttime="20260123 15:55:40.963" endtime="20260123 15:55:41.316"/>
</iter>
<iter>
<var name="${i}">8</var>
<kw name="Get WebElements" library="SeleniumLibrary">
<var>${links}</var>
<arg>${NAV_LINKS}</arg>
<doc>Returns a list of WebElement objects matching the ``locator``.</doc>
<msg timestamp="20260123 15:55:41.325" level="INFO">${links} = [&lt;selenium.webdriver.remote.webelement.WebElement (session="971ea73013fa759a42aaa931941e45ad", element="f.8218573EA711221BB1E6124F698BCA67.d.58032F337E8579B4AACE81259941CCAE.e.67")&gt;, &lt;selenium.webdriv...</msg>
<status status="PASS" starttime="20260123 15:55:41.316" endtime="20260123 15:55:41.325"/>
</kw>
<kw name="Set Variable" library="BuiltIn">
<var>${link}</var>
<arg>${links}[${i}]</arg>
<doc>Returns the given values which can then be assigned to a variables.</doc>
<msg timestamp="20260123 15:55:41.325" level="INFO">${link} = &lt;selenium.webdriver.remote.webelement.WebElement (session="971ea73013fa759a42aaa931941e45ad", element="f.8218573EA711221BB1E6124F698BCA67.d.58032F337E8579B4AACE81259941CCAE.e.75")&gt;</msg>
<status status="PASS" starttime="20260123 15:55:41.325" endtime="20260123 15:55:41.325"/>
</kw>
<kw name="Scroll Element Into View" library="SeleniumLibrary">
<arg>${link}</arg>
<doc>Scrolls the element identified by ``locator`` into view.</doc>
<status status="PASS" starttime="20260123 15:55:41.325" endtime="20260123 15:55:41.627"/>
</kw>
<kw name="Wait Until Element Is Visible" library="SeleniumLibrary">
<arg>${link}</arg>
<arg>10s</arg>
<doc>Waits until the element ``locator`` is visible.</doc>
<status status="PASS" starttime="20260123 15:55:41.627" endtime="20260123 15:55:41.639"/>
</kw>
<kw name="Run Keyword And Return Status" library="BuiltIn">
<var>${clicked}</var>
<arg>Click Element</arg>
<arg>${link}</arg>
<doc>Runs the given keyword with given arguments and returns the status as a Boolean value.</doc>
<kw name="Click Element" library="SeleniumLibrary">
<arg>${link}</arg>
<doc>Click the element identified by ``locator``.</doc>
<msg timestamp="20260123 15:55:41.640" level="INFO">Clicking element '&lt;selenium.webdriver.remote.webelement.WebElement (session="971ea73013fa759a42aaa931941e45ad", element="f.8218573EA711221BB1E6124F698BCA67.d.58032F337E8579B4AACE81259941CCAE.e.75")&gt;'.</msg>
<status status="PASS" starttime="20260123 15:55:41.640" endtime="20260123 15:55:41.712"/>
</kw>
<msg timestamp="20260123 15:55:41.712" level="INFO">${clicked} = True</msg>
<status status="PASS" starttime="20260123 15:55:41.640" endtime="20260123 15:55:41.712"/>
</kw>
<if>
<branch type="IF" condition="not ${clicked}">
<kw name="Execute Javascript" library="SeleniumLibrary">
<arg>arguments[0].click();</arg>
<arg>${link}</arg>
<doc>Executes the given JavaScript code with possible arguments.</doc>
<status status="NOT RUN" starttime="20260123 15:55:41.713" endtime="20260123 15:55:41.713"/>
</kw>
<status status="NOT RUN" starttime="20260123 15:55:41.712" endtime="20260123 15:55:41.713"/>
</branch>
<status status="PASS" starttime="20260123 15:55:41.712" endtime="20260123 15:55:41.713"/>
</if>
<status status="PASS" starttime="20260123 15:55:41.316" endtime="20260123 15:55:41.713"/>
</iter>
<status status="PASS" starttime="20260123 15:55:38.440" endtime="20260123 15:55:41.713"/>
</for>
<status status="PASS" starttime="20260123 15:55:38.133" endtime="20260123 15:55:41.713"/>
</kw>
<kw name="Scroll Element Into View" library="SeleniumLibrary">
<arg>${The_Annapurna_Content}</arg>
<doc>Scrolls the element identified by ``locator`` into view.</doc>
<status status="PASS" starttime="20260123 15:55:41.713" endtime="20260123 15:55:42.019"/>
</kw>
<status status="PASS" starttime="20260123 15:55:25.822" endtime="20260123 15:55:42.019"/>
</kw>
<kw name="Close Browser" library="SeleniumLibrary" type="TEARDOWN">
<doc>Closes the current browser.</doc>
<status status="PASS" starttime="20260123 15:55:42.020" endtime="20260123 15:55:44.312"/>
</kw>
<status status="PASS" starttime="20260123 15:55:13.579" endtime="20260123 15:55:44.312"/>
</test>
<status status="PASS" starttime="20260123 15:55:13.070" endtime="20260123 15:55:44.313"/>
</suite>
<statistics>
<total>
<stat pass="1" fail="0" skip="0">All Tests</stat>
</total>
<tag>
</tag>
<suite>
<stat pass="1" fail="0" skip="0" id="s1" name="Declutter Your Mind">Declutter Your Mind</stat>
</suite>
</statistics>
<errors>
</errors>
</robot>
