<?xml version="1.0" encoding="UTF-8"?>
<robot generator="Robot 6.1.1 (Python 3.13.9 on win32)" generated="20260113 14:38:27.781" rpa="false" schemaversion="4">
<suite id="s1" name="Treks Tours" source="C:\Users\Swarup Dahal\PycharmProjects\trail-quest\tests\treks_tours.robot">
<test id="s1-t1" name="Treks and Tours Test" line="9">
<kw name="Open Homepage" library="home_page">
<kw name="Open Browser To Application" library="browser">
<kw name="Open Browser" library="SeleniumLibrary">
<arg>${BASE_URL}</arg>
<arg>${BROWSER}</arg>
<doc>Opens a new browser instance to the optional ``url``.</doc>
<msg timestamp="20260113 14:38:28.247" level="INFO">Opening browser 'Chrome' to base url 'https://trailquest.global/'.</msg>
<status status="PASS" starttime="20260113 14:38:28.246" endtime="20260113 14:38:32.681"/>
</kw>
<kw name="Maximize Browser Window" library="SeleniumLibrary">
<doc>Maximizes current browser window.</doc>
<status status="PASS" starttime="20260113 14:38:32.681" endtime="20260113 14:38:32.755"/>
</kw>
<kw name="Set Selenium Timeout" library="SeleniumLibrary">
<arg>${TIMEOUT}</arg>
<doc>Sets the timeout that is used by various keywords.</doc>
<status status="PASS" starttime="20260113 14:38:32.755" endtime="20260113 14:38:32.759"/>
</kw>
<status status="PASS" starttime="20260113 14:38:28.246" endtime="20260113 14:38:32.759"/>
</kw>
<kw name="Sleep" library="BuiltIn">
<arg>2s</arg>
<doc>Pauses the test executed for the given time.</doc>
<msg timestamp="20260113 14:38:34.760" level="INFO">Slept 2 seconds</msg>
<status status="PASS" starttime="20260113 14:38:32.759" endtime="20260113 14:38:34.760"/>
</kw>
<status status="PASS" starttime="20260113 14:38:28.245" endtime="20260113 14:38:34.760"/>
</kw>
<kw name="Test The Push Your Limit" library="treks_tours">
<kw name="Verify Logo Is Visible" library="treks_tours">
<kw name="Wait Until Element Is Visible" library="SeleniumLibrary">
<arg>${logo}</arg>
<doc>Waits until the element ``locator`` is visible.</doc>
<status status="PASS" starttime="20260113 14:38:34.761" endtime="20260113 14:38:34.792"/>
</kw>
<kw name="Sleep" library="BuiltIn">
<arg>2s</arg>
<doc>Pauses the test executed for the given time.</doc>
<msg timestamp="20260113 14:38:36.792" level="INFO">Slept 2 seconds</msg>
<status status="PASS" starttime="20260113 14:38:34.792" endtime="20260113 14:38:36.792"/>
</kw>
<status status="PASS" starttime="20260113 14:38:34.761" endtime="20260113 14:38:36.793"/>
</kw>
<kw name="Open Trek And Tours Menu" library="treks_tours">
<kw name="Wait And Click" library="keywords">
<arg>${trek_and_tours}</arg>
<kw name="Wait Until Element Is Visible" library="SeleniumLibrary">
<arg>${locator}</arg>
<doc>Waits until the element ``locator`` is visible.</doc>
<status status="PASS" starttime="20260113 14:38:36.793" endtime="20260113 14:38:36.813"/>
</kw>
<kw name="Click Element" library="SeleniumLibrary">
<arg>${locator}</arg>
<doc>Click the element identified by ``locator``.</doc>
<msg timestamp="20260113 14:38:36.813" level="INFO">Clicking element 'xpath=/html/body/div[1]/header/div[1]/div/div/div/div/div[2]/div[2]/ul/li[2]/a/i'.</msg>
<status status="PASS" starttime="20260113 14:38:36.813" endtime="20260113 14:38:36.882"/>
</kw>
<status status="PASS" starttime="20260113 14:38:36.793" endtime="20260113 14:38:36.882"/>
</kw>
<kw name="Sleep" library="BuiltIn">
<arg>2s</arg>
<doc>Pauses the test executed for the given time.</doc>
<msg timestamp="20260113 14:38:38.882" level="INFO">Slept 2 seconds</msg>
<status status="PASS" starttime="20260113 14:38:36.882" endtime="20260113 14:38:38.882"/>
</kw>
<status status="PASS" starttime="20260113 14:38:36.793" endtime="20260113 14:38:38.883"/>
</kw>
<kw name="Click Push Your Limit" library="treks_tours">
<kw name="Wait And Click" library="keywords">
<arg>${push_your_limit}</arg>
<kw name="Wait Until Element Is Visible" library="SeleniumLibrary">
<arg>${locator}</arg>
<doc>Waits until the element ``locator`` is visible.</doc>
<status status="PASS" starttime="20260113 14:38:38.883" endtime="20260113 14:38:38.903"/>
</kw>
<kw name="Click Element" library="SeleniumLibrary">
<arg>${locator}</arg>
<doc>Click the element identified by ``locator``.</doc>
<msg timestamp="20260113 14:38:38.904" level="INFO">Clicking element 'xpath=/html/body/div[1]/header/div[1]/div/div/div/div/div[2]/div[2]/ul/li[2]/ul/li[2]/a'.</msg>
<status status="PASS" starttime="20260113 14:38:38.904" endtime="20260113 14:38:40.637"/>
</kw>
<status status="PASS" starttime="20260113 14:38:38.883" endtime="20260113 14:38:40.637"/>
</kw>
<kw name="Sleep" library="BuiltIn">
<arg>2s</arg>
<doc>Pauses the test executed for the given time.</doc>
<msg timestamp="20260113 14:38:42.638" level="INFO">Slept 2 seconds</msg>
<status status="PASS" starttime="20260113 14:38:40.638" endtime="20260113 14:38:42.638"/>
</kw>
<status status="PASS" starttime="20260113 14:38:38.883" endtime="20260113 14:38:42.639"/>
</kw>
<kw name="Go Down to" library="treks_tours">
<kw name="Scroll Element Into View" library="SeleniumLibrary">
<arg>${header}</arg>
<doc>Scrolls the element identified by ``locator`` into view.</doc>
<status status="PASS" starttime="20260113 14:38:42.639" endtime="20260113 14:38:42.938"/>
</kw>
<kw name="Sleep" library="BuiltIn">
<arg>2s</arg>
<doc>Pauses the test executed for the given time.</doc>
<msg timestamp="20260113 14:38:44.939" level="INFO">Slept 2 seconds</msg>
<status status="PASS" starttime="20260113 14:38:42.938" endtime="20260113 14:38:44.939"/>
</kw>
<status status="PASS" starttime="20260113 14:38:42.639" endtime="20260113 14:38:44.939"/>
</kw>
<kw name="Click Easy" library="treks_tours">
<kw name="Wait And Click" library="keywords">
<arg>${easy}</arg>
<kw name="Wait Until Element Is Visible" library="SeleniumLibrary">
<arg>${locator}</arg>
<doc>Waits until the element ``locator`` is visible.</doc>
<status status="PASS" starttime="20260113 14:38:44.940" endtime="20260113 14:38:44.959"/>
</kw>
<kw name="Click Element" library="SeleniumLibrary">
<arg>${locator}</arg>
<doc>Click the element identified by ``locator``.</doc>
<msg timestamp="20260113 14:38:44.960" level="INFO">Clicking element 'xpath=/html/body/div[3]/section/div/div/ul/li[1]/h3'.</msg>
<status status="PASS" starttime="20260113 14:38:44.960" endtime="20260113 14:38:45.017"/>
</kw>
<status status="PASS" starttime="20260113 14:38:44.939" endtime="20260113 14:38:45.018"/>
</kw>
<status status="PASS" starttime="20260113 14:38:44.939" endtime="20260113 14:38:45.018"/>
</kw>
<kw name="Click Everest Picture" library="treks_tours">
<kw name="Wait And Click" library="keywords">
<arg>${everest_picture}</arg>
<kw name="Wait Until Element Is Visible" library="SeleniumLibrary">
<arg>${locator}</arg>
<doc>Waits until the element ``locator`` is visible.</doc>
<status status="PASS" starttime="20260113 14:38:45.018" endtime="20260113 14:38:45.038"/>
</kw>
<kw name="Click Element" library="SeleniumLibrary">
<arg>${locator}</arg>
<doc>Click the element identified by ``locator``.</doc>
<msg timestamp="20260113 14:38:45.039" level="INFO">Clicking element 'xpath=//img[contains(@alt,'Everest 3 Passes Trek')]'.</msg>
<status status="PASS" starttime="20260113 14:38:45.038" endtime="20260113 14:38:46.675"/>
</kw>
<status status="PASS" starttime="20260113 14:38:45.018" endtime="20260113 14:38:46.675"/>
</kw>
<kw name="Wait Until Element Is Visible" library="SeleniumLibrary">
<arg>${everest_header}</arg>
<doc>Waits until the element ``locator`` is visible.</doc>
<status status="PASS" starttime="20260113 14:38:46.675" endtime="20260113 14:38:46.712"/>
</kw>
<status status="PASS" starttime="20260113 14:38:45.018" endtime="20260113 14:38:46.712"/>
</kw>
<kw name="Click All Sticky Navbar Links" library="treks_tours">
<kw name="Scroll Element Into View" library="SeleniumLibrary">
<arg>${nav_bar}</arg>
<doc>Scrolls the element identified by ``locator`` into view.</doc>
<status status="PASS" starttime="20260113 14:38:46.713" endtime="20260113 14:38:47.016"/>
</kw>
<kw name="Get WebElement" library="SeleniumLibrary">
<var>${section}</var>
<arg>xpath=//*[@data-section='nav-intro']</arg>
<doc>Returns the first WebElement matching the given ``locator``.</doc>
<msg timestamp="20260113 14:38:47.030" level="INFO">${section} = &lt;selenium.webdriver.remote.webelement.WebElement (session="e3add5b004eaa13e776b6c5d8d6b3ac9", element="f.38E53E846D7A49F6E80509A383999AEF.d.1574AF34BBBFA33DF82534BC079FE558.e.120")&gt;</msg>
<status status="PASS" starttime="20260113 14:38:47.017" endtime="20260113 14:38:47.030"/>
</kw>
<kw name="Get WebElements" library="SeleniumLibrary">
<var>${nav_links}</var>
<arg>xpath=//nav[contains(@class,'sticky-navbar')][1]//ul/li/a[contains(@class,'nav-link')]</arg>
<doc>Returns a list of WebElement objects matching the ``locator``.</doc>
<msg timestamp="20260113 14:38:47.045" level="INFO">${nav_links} = [&lt;selenium.webdriver.remote.webelement.WebElement (session="e3add5b004eaa13e776b6c5d8d6b3ac9", element="f.38E53E846D7A49F6E80509A383999AEF.d.1574AF34BBBFA33DF82534BC079FE558.e.120")&gt;, &lt;selenium.webdri...</msg>
<status status="PASS" starttime="20260113 14:38:47.030" endtime="20260113 14:38:47.045"/>
</kw>
<for flavor="IN">
<var>${link}</var>
<value>@{nav_links}</value>
<iter>
<var name="${link}">&lt;selenium.webdriver.remote.webelement.WebElement (session="e3add5b004eaa13e776b6c5d8d6b3ac9", element="f.38E53E846D7A49F6E80509A383999AEF.d.1574AF34BBBFA33DF82534BC079FE558.e.120")&gt;</var>
<kw name="Get Text" library="SeleniumLibrary">
<var>${link_text}</var>
<arg>${link}</arg>
<doc>Returns the text value of the element identified by ``locator``.</doc>
<msg timestamp="20260113 14:38:47.063" level="INFO">${link_text} = Intro</msg>
<status status="PASS" starttime="20260113 14:38:47.045" endtime="20260113 14:38:47.063"/>
</kw>
<kw name="Log" library="BuiltIn">
<arg>Clicking navbar link: ${link_text}</arg>
<doc>Logs the given message with the given level.</doc>
<msg timestamp="20260113 14:38:47.063" level="INFO">Clicking navbar link: Intro</msg>
<status status="PASS" starttime="20260113 14:38:47.063" endtime="20260113 14:38:47.063"/>
</kw>
<kw name="Scroll Element Into View" library="SeleniumLibrary">
<arg>${link}</arg>
<doc>Scrolls the element identified by ``locator`` into view.</doc>
<status status="PASS" starttime="20260113 14:38:47.063" endtime="20260113 14:38:47.348"/>
</kw>
<kw name="Sleep" library="BuiltIn">
<arg>0.5s</arg>
<doc>Pauses the test executed for the given time.</doc>
<msg timestamp="20260113 14:38:47.850" level="INFO">Slept 500 milliseconds</msg>
<status status="PASS" starttime="20260113 14:38:47.349" endtime="20260113 14:38:47.850"/>
</kw>
<kw name="Click Element" library="SeleniumLibrary">
<arg>${link}</arg>
<doc>Click the element identified by ``locator``.</doc>
<msg timestamp="20260113 14:38:47.851" level="INFO">Clicking element '&lt;selenium.webdriver.remote.webelement.WebElement (session="e3add5b004eaa13e776b6c5d8d6b3ac9", element="f.38E53E846D7A49F6E80509A383999AEF.d.1574AF34BBBFA33DF82534BC079FE558.e.120")&gt;'.</msg>
<status status="PASS" starttime="20260113 14:38:47.851" endtime="20260113 14:38:47.925"/>
</kw>
<kw name="Sleep" library="BuiltIn">
<arg>1s</arg>
<doc>Pauses the test executed for the given time.</doc>
<msg timestamp="20260113 14:38:48.926" level="INFO">Slept 1 second</msg>
<status status="PASS" starttime="20260113 14:38:47.926" endtime="20260113 14:38:48.927"/>
</kw>
<kw name="Capture Page Screenshot" library="SeleniumLibrary">
<doc>Takes a screenshot of the current page and embeds it into a log file.</doc>
<msg timestamp="20260113 14:38:49.074" level="INFO" html="true">&lt;/td&gt;&lt;/tr&gt;&lt;tr&gt;&lt;td colspan="3"&gt;&lt;a href="selenium-screenshot-34.png"&gt;&lt;img src="selenium-screenshot-34.png" width="800px"&gt;&lt;/a&gt;</msg>
<status status="PASS" starttime="20260113 14:38:48.927" endtime="20260113 14:38:49.074"/>
</kw>
<status status="PASS" starttime="20260113 14:38:47.045" endtime="20260113 14:38:49.074"/>
</iter>
<iter>
<var name="${link}">&lt;selenium.webdriver.remote.webelement.WebElement (session="e3add5b004eaa13e776b6c5d8d6b3ac9", element="f.38E53E846D7A49F6E80509A383999AEF.d.1574AF34BBBFA33DF82534BC079FE558.e.121")&gt;</var>
<kw name="Get Text" library="SeleniumLibrary">
<var>${link_text}</var>
<arg>${link}</arg>
<doc>Returns the text value of the element identified by ``locator``.</doc>
<msg timestamp="20260113 14:38:49.084" level="INFO">${link_text} = KBYG</msg>
<status status="PASS" starttime="20260113 14:38:49.075" endtime="20260113 14:38:49.084"/>
</kw>
<kw name="Log" library="BuiltIn">
<arg>Clicking navbar link: ${link_text}</arg>
<doc>Logs the given message with the given level.</doc>
<msg timestamp="20260113 14:38:49.084" level="INFO">Clicking navbar link: KBYG</msg>
<status status="PASS" starttime="20260113 14:38:49.084" endtime="20260113 14:38:49.084"/>
</kw>
<kw name="Scroll Element Into View" library="SeleniumLibrary">
<arg>${link}</arg>
<doc>Scrolls the element identified by ``locator`` into view.</doc>
<status status="PASS" starttime="20260113 14:38:49.084" endtime="20260113 14:38:49.364"/>
</kw>
<kw name="Sleep" library="BuiltIn">
<arg>0.5s</arg>
<doc>Pauses the test executed for the given time.</doc>
<msg timestamp="20260113 14:38:49.865" level="INFO">Slept 500 milliseconds</msg>
<status status="PASS" starttime="20260113 14:38:49.365" endtime="20260113 14:38:49.865"/>
</kw>
<kw name="Click Element" library="SeleniumLibrary">
<arg>${link}</arg>
<doc>Click the element identified by ``locator``.</doc>
<msg timestamp="20260113 14:38:49.866" level="INFO">Clicking element '&lt;selenium.webdriver.remote.webelement.WebElement (session="e3add5b004eaa13e776b6c5d8d6b3ac9", element="f.38E53E846D7A49F6E80509A383999AEF.d.1574AF34BBBFA33DF82534BC079FE558.e.121")&gt;'.</msg>
<status status="PASS" starttime="20260113 14:38:49.866" endtime="20260113 14:38:49.913"/>
</kw>
<kw name="Sleep" library="BuiltIn">
<arg>1s</arg>
<doc>Pauses the test executed for the given time.</doc>
<msg timestamp="20260113 14:38:50.914" level="INFO">Slept 1 second</msg>
<status status="PASS" starttime="20260113 14:38:49.913" endtime="20260113 14:38:50.914"/>
</kw>
<kw name="Capture Page Screenshot" library="SeleniumLibrary">
<doc>Takes a screenshot of the current page and embeds it into a log file.</doc>
<msg timestamp="20260113 14:38:51.050" level="INFO" html="true">&lt;/td&gt;&lt;/tr&gt;&lt;tr&gt;&lt;td colspan="3"&gt;&lt;a href="selenium-screenshot-35.png"&gt;&lt;img src="selenium-screenshot-35.png" width="800px"&gt;&lt;/a&gt;</msg>
<status status="PASS" starttime="20260113 14:38:50.914" endtime="20260113 14:38:51.051"/>
</kw>
<status status="PASS" starttime="20260113 14:38:49.075" endtime="20260113 14:38:51.051"/>
</iter>
<iter>
<var name="${link}">&lt;selenium.webdriver.remote.webelement.WebElement (session="e3add5b004eaa13e776b6c5d8d6b3ac9", element="f.38E53E846D7A49F6E80509A383999AEF.d.1574AF34BBBFA33DF82534BC079FE558.e.122")&gt;</var>
<kw name="Get Text" library="SeleniumLibrary">
<var>${link_text}</var>
<arg>${link}</arg>
<doc>Returns the text value of the element identified by ``locator``.</doc>
<msg timestamp="20260113 14:38:51.060" level="INFO">${link_text} = Hightlights</msg>
<status status="PASS" starttime="20260113 14:38:51.051" endtime="20260113 14:38:51.060"/>
</kw>
<kw name="Log" library="BuiltIn">
<arg>Clicking navbar link: ${link_text}</arg>
<doc>Logs the given message with the given level.</doc>
<msg timestamp="20260113 14:38:51.060" level="INFO">Clicking navbar link: Hightlights</msg>
<status status="PASS" starttime="20260113 14:38:51.060" endtime="20260113 14:38:51.060"/>
</kw>
<kw name="Scroll Element Into View" library="SeleniumLibrary">
<arg>${link}</arg>
<doc>Scrolls the element identified by ``locator`` into view.</doc>
<status status="PASS" starttime="20260113 14:38:51.060" endtime="20260113 14:38:51.348"/>
</kw>
<kw name="Sleep" library="BuiltIn">
<arg>0.5s</arg>
<doc>Pauses the test executed for the given time.</doc>
<msg timestamp="20260113 14:38:51.850" level="INFO">Slept 500 milliseconds</msg>
<status status="PASS" starttime="20260113 14:38:51.349" endtime="20260113 14:38:51.850"/>
</kw>
<kw name="Click Element" library="SeleniumLibrary">
<arg>${link}</arg>
<doc>Click the element identified by ``locator``.</doc>
<msg timestamp="20260113 14:38:51.851" level="INFO">Clicking element '&lt;selenium.webdriver.remote.webelement.WebElement (session="e3add5b004eaa13e776b6c5d8d6b3ac9", element="f.38E53E846D7A49F6E80509A383999AEF.d.1574AF34BBBFA33DF82534BC079FE558.e.122")&gt;'.</msg>
<status status="PASS" starttime="20260113 14:38:51.850" endtime="20260113 14:38:51.899"/>
</kw>
<kw name="Sleep" library="BuiltIn">
<arg>1s</arg>
<doc>Pauses the test executed for the given time.</doc>
<msg timestamp="20260113 14:38:52.900" level="INFO">Slept 1 second</msg>
<status status="PASS" starttime="20260113 14:38:51.899" endtime="20260113 14:38:52.900"/>
</kw>
<kw name="Capture Page Screenshot" library="SeleniumLibrary">
<doc>Takes a screenshot of the current page and embeds it into a log file.</doc>
<msg timestamp="20260113 14:38:53.035" level="INFO" html="true">&lt;/td&gt;&lt;/tr&gt;&lt;tr&gt;&lt;td colspan="3"&gt;&lt;a href="selenium-screenshot-36.png"&gt;&lt;img src="selenium-screenshot-36.png" width="800px"&gt;&lt;/a&gt;</msg>
<status status="PASS" starttime="20260113 14:38:52.900" endtime="20260113 14:38:53.036"/>
</kw>
<status status="PASS" starttime="20260113 14:38:51.051" endtime="20260113 14:38:53.036"/>
</iter>
<iter>
<var name="${link}">&lt;selenium.webdriver.remote.webelement.WebElement (session="e3add5b004eaa13e776b6c5d8d6b3ac9", element="f.38E53E846D7A49F6E80509A383999AEF.d.1574AF34BBBFA33DF82534BC079FE558.e.123")&gt;</var>
<kw name="Get Text" library="SeleniumLibrary">
<var>${link_text}</var>
<arg>${link}</arg>
<doc>Returns the text value of the element identified by ``locator``.</doc>
<msg timestamp="20260113 14:38:53.044" level="INFO">${link_text} = Who For</msg>
<status status="PASS" starttime="20260113 14:38:53.036" endtime="20260113 14:38:53.044"/>
</kw>
<kw name="Log" library="BuiltIn">
<arg>Clicking navbar link: ${link_text}</arg>
<doc>Logs the given message with the given level.</doc>
<msg timestamp="20260113 14:38:53.045" level="INFO">Clicking navbar link: Who For</msg>
<status status="PASS" starttime="20260113 14:38:53.045" endtime="20260113 14:38:53.045"/>
</kw>
<kw name="Scroll Element Into View" library="SeleniumLibrary">
<arg>${link}</arg>
<doc>Scrolls the element identified by ``locator`` into view.</doc>
<status status="PASS" starttime="20260113 14:38:53.045" endtime="20260113 14:38:53.332"/>
</kw>
<kw name="Sleep" library="BuiltIn">
<arg>0.5s</arg>
<doc>Pauses the test executed for the given time.</doc>
<msg timestamp="20260113 14:38:53.832" level="INFO">Slept 500 milliseconds</msg>
<status status="PASS" starttime="20260113 14:38:53.332" endtime="20260113 14:38:53.833"/>
</kw>
<kw name="Click Element" library="SeleniumLibrary">
<arg>${link}</arg>
<doc>Click the element identified by ``locator``.</doc>
<msg timestamp="20260113 14:38:53.833" level="INFO">Clicking element '&lt;selenium.webdriver.remote.webelement.WebElement (session="e3add5b004eaa13e776b6c5d8d6b3ac9", element="f.38E53E846D7A49F6E80509A383999AEF.d.1574AF34BBBFA33DF82534BC079FE558.e.123")&gt;'.</msg>
<status status="PASS" starttime="20260113 14:38:53.833" endtime="20260113 14:38:53.880"/>
</kw>
<kw name="Sleep" library="BuiltIn">
<arg>1s</arg>
<doc>Pauses the test executed for the given time.</doc>
<msg timestamp="20260113 14:38:54.881" level="INFO">Slept 1 second</msg>
<status status="PASS" starttime="20260113 14:38:53.880" endtime="20260113 14:38:54.881"/>
</kw>
<kw name="Capture Page Screenshot" library="SeleniumLibrary">
<doc>Takes a screenshot of the current page and embeds it into a log file.</doc>
<msg timestamp="20260113 14:38:55.021" level="INFO" html="true">&lt;/td&gt;&lt;/tr&gt;&lt;tr&gt;&lt;td colspan="3"&gt;&lt;a href="selenium-screenshot-37.png"&gt;&lt;img src="selenium-screenshot-37.png" width="800px"&gt;&lt;/a&gt;</msg>
<status status="PASS" starttime="20260113 14:38:54.881" endtime="20260113 14:38:55.021"/>
</kw>
<status status="PASS" starttime="20260113 14:38:53.036" endtime="20260113 14:38:55.021"/>
</iter>
<iter>
<var name="${link}">&lt;selenium.webdriver.remote.webelement.WebElement (session="e3add5b004eaa13e776b6c5d8d6b3ac9", element="f.38E53E846D7A49F6E80509A383999AEF.d.1574AF34BBBFA33DF82534BC079FE558.e.124")&gt;</var>
<kw name="Get Text" library="SeleniumLibrary">
<var>${link_text}</var>
<arg>${link}</arg>
<doc>Returns the text value of the element identified by ``locator``.</doc>
<msg timestamp="20260113 14:38:55.030" level="INFO">${link_text} = Who Not For</msg>
<status status="PASS" starttime="20260113 14:38:55.021" endtime="20260113 14:38:55.030"/>
</kw>
<kw name="Log" library="BuiltIn">
<arg>Clicking navbar link: ${link_text}</arg>
<doc>Logs the given message with the given level.</doc>
<msg timestamp="20260113 14:38:55.030" level="INFO">Clicking navbar link: Who Not For</msg>
<status status="PASS" starttime="20260113 14:38:55.030" endtime="20260113 14:38:55.031"/>
</kw>
<kw name="Scroll Element Into View" library="SeleniumLibrary">
<arg>${link}</arg>
<doc>Scrolls the element identified by ``locator`` into view.</doc>
<status status="PASS" starttime="20260113 14:38:55.031" endtime="20260113 14:38:55.315"/>
</kw>
<kw name="Sleep" library="BuiltIn">
<arg>0.5s</arg>
<doc>Pauses the test executed for the given time.</doc>
<msg timestamp="20260113 14:38:55.816" level="INFO">Slept 500 milliseconds</msg>
<status status="PASS" starttime="20260113 14:38:55.315" endtime="20260113 14:38:55.817"/>
</kw>
<kw name="Click Element" library="SeleniumLibrary">
<arg>${link}</arg>
<doc>Click the element identified by ``locator``.</doc>
<msg timestamp="20260113 14:38:55.817" level="INFO">Clicking element '&lt;selenium.webdriver.remote.webelement.WebElement (session="e3add5b004eaa13e776b6c5d8d6b3ac9", element="f.38E53E846D7A49F6E80509A383999AEF.d.1574AF34BBBFA33DF82534BC079FE558.e.124")&gt;'.</msg>
<status status="PASS" starttime="20260113 14:38:55.817" endtime="20260113 14:38:55.866"/>
</kw>
<kw name="Sleep" library="BuiltIn">
<arg>1s</arg>
<doc>Pauses the test executed for the given time.</doc>
<msg timestamp="20260113 14:38:56.867" level="INFO">Slept 1 second</msg>
<status status="PASS" starttime="20260113 14:38:55.866" endtime="20260113 14:38:56.867"/>
</kw>
<kw name="Capture Page Screenshot" library="SeleniumLibrary">
<doc>Takes a screenshot of the current page and embeds it into a log file.</doc>
<msg timestamp="20260113 14:38:56.999" level="INFO" html="true">&lt;/td&gt;&lt;/tr&gt;&lt;tr&gt;&lt;td colspan="3"&gt;&lt;a href="selenium-screenshot-38.png"&gt;&lt;img src="selenium-screenshot-38.png" width="800px"&gt;&lt;/a&gt;</msg>
<status status="PASS" starttime="20260113 14:38:56.868" endtime="20260113 14:38:57.000"/>
</kw>
<status status="PASS" starttime="20260113 14:38:55.021" endtime="20260113 14:38:57.000"/>
</iter>
<iter>
<var name="${link}">&lt;selenium.webdriver.remote.webelement.WebElement (session="e3add5b004eaa13e776b6c5d8d6b3ac9", element="f.38E53E846D7A49F6E80509A383999AEF.d.1574AF34BBBFA33DF82534BC079FE558.e.125")&gt;</var>
<kw name="Get Text" library="SeleniumLibrary">
<var>${link_text}</var>
<arg>${link}</arg>
<doc>Returns the text value of the element identified by ``locator``.</doc>
<msg timestamp="20260113 14:38:57.009" level="INFO">${link_text} = Itinerary</msg>
<status status="PASS" starttime="20260113 14:38:57.000" endtime="20260113 14:38:57.009"/>
</kw>
<kw name="Log" library="BuiltIn">
<arg>Clicking navbar link: ${link_text}</arg>
<doc>Logs the given message with the given level.</doc>
<msg timestamp="20260113 14:38:57.009" level="INFO">Clicking navbar link: Itinerary</msg>
<status status="PASS" starttime="20260113 14:38:57.009" endtime="20260113 14:38:57.009"/>
</kw>
<kw name="Scroll Element Into View" library="SeleniumLibrary">
<arg>${link}</arg>
<doc>Scrolls the element identified by ``locator`` into view.</doc>
<status status="PASS" starttime="20260113 14:38:57.009" endtime="20260113 14:38:57.298"/>
</kw>
<kw name="Sleep" library="BuiltIn">
<arg>0.5s</arg>
<doc>Pauses the test executed for the given time.</doc>
<msg timestamp="20260113 14:38:57.799" level="INFO">Slept 500 milliseconds</msg>
<status status="PASS" starttime="20260113 14:38:57.299" endtime="20260113 14:38:57.799"/>
</kw>
<kw name="Click Element" library="SeleniumLibrary">
<arg>${link}</arg>
<doc>Click the element identified by ``locator``.</doc>
<msg timestamp="20260113 14:38:57.800" level="INFO">Clicking element '&lt;selenium.webdriver.remote.webelement.WebElement (session="e3add5b004eaa13e776b6c5d8d6b3ac9", element="f.38E53E846D7A49F6E80509A383999AEF.d.1574AF34BBBFA33DF82534BC079FE558.e.125")&gt;'.</msg>
<status status="PASS" starttime="20260113 14:38:57.799" endtime="20260113 14:38:57.855"/>
</kw>
<kw name="Sleep" library="BuiltIn">
<arg>1s</arg>
<doc>Pauses the test executed for the given time.</doc>
<msg timestamp="20260113 14:38:58.856" level="INFO">Slept 1 second</msg>
<status status="PASS" starttime="20260113 14:38:57.855" endtime="20260113 14:38:58.856"/>
</kw>
<kw name="Capture Page Screenshot" library="SeleniumLibrary">
<doc>Takes a screenshot of the current page and embeds it into a log file.</doc>
<msg timestamp="20260113 14:38:59.090" level="INFO" html="true">&lt;/td&gt;&lt;/tr&gt;&lt;tr&gt;&lt;td colspan="3"&gt;&lt;a href="selenium-screenshot-39.png"&gt;&lt;img src="selenium-screenshot-39.png" width="800px"&gt;&lt;/a&gt;</msg>
<status status="PASS" starttime="20260113 14:38:58.856" endtime="20260113 14:38:59.090"/>
</kw>
<status status="PASS" starttime="20260113 14:38:57.000" endtime="20260113 14:38:59.090"/>
</iter>
<iter>
<var name="${link}">&lt;selenium.webdriver.remote.webelement.WebElement (session="e3add5b004eaa13e776b6c5d8d6b3ac9", element="f.38E53E846D7A49F6E80509A383999AEF.d.1574AF34BBBFA33DF82534BC079FE558.e.126")&gt;</var>
<kw name="Get Text" library="SeleniumLibrary">
<var>${link_text}</var>
<arg>${link}</arg>
<doc>Returns the text value of the element identified by ``locator``.</doc>
<msg timestamp="20260113 14:38:59.106" level="INFO">${link_text} = Includes/Excludes</msg>
<status status="PASS" starttime="20260113 14:38:59.090" endtime="20260113 14:38:59.106"/>
</kw>
<kw name="Log" library="BuiltIn">
<arg>Clicking navbar link: ${link_text}</arg>
<doc>Logs the given message with the given level.</doc>
<msg timestamp="20260113 14:38:59.106" level="INFO">Clicking navbar link: Includes/Excludes</msg>
<status status="PASS" starttime="20260113 14:38:59.106" endtime="20260113 14:38:59.107"/>
</kw>
<kw name="Scroll Element Into View" library="SeleniumLibrary">
<arg>${link}</arg>
<doc>Scrolls the element identified by ``locator`` into view.</doc>
<status status="PASS" starttime="20260113 14:38:59.107" endtime="20260113 14:38:59.398"/>
</kw>
<kw name="Sleep" library="BuiltIn">
<arg>0.5s</arg>
<doc>Pauses the test executed for the given time.</doc>
<msg timestamp="20260113 14:38:59.899" level="INFO">Slept 500 milliseconds</msg>
<status status="PASS" starttime="20260113 14:38:59.398" endtime="20260113 14:38:59.899"/>
</kw>
<kw name="Click Element" library="SeleniumLibrary">
<arg>${link}</arg>
<doc>Click the element identified by ``locator``.</doc>
<msg timestamp="20260113 14:38:59.900" level="INFO">Clicking element '&lt;selenium.webdriver.remote.webelement.WebElement (session="e3add5b004eaa13e776b6c5d8d6b3ac9", element="f.38E53E846D7A49F6E80509A383999AEF.d.1574AF34BBBFA33DF82534BC079FE558.e.126")&gt;'.</msg>
<status status="PASS" starttime="20260113 14:38:59.899" endtime="20260113 14:38:59.947"/>
</kw>
<kw name="Sleep" library="BuiltIn">
<arg>1s</arg>
<doc>Pauses the test executed for the given time.</doc>
<msg timestamp="20260113 14:39:00.948" level="INFO">Slept 1 second</msg>
<status status="PASS" starttime="20260113 14:38:59.947" endtime="20260113 14:39:00.948"/>
</kw>
<kw name="Capture Page Screenshot" library="SeleniumLibrary">
<doc>Takes a screenshot of the current page and embeds it into a log file.</doc>
<msg timestamp="20260113 14:39:01.082" level="INFO" html="true">&lt;/td&gt;&lt;/tr&gt;&lt;tr&gt;&lt;td colspan="3"&gt;&lt;a href="selenium-screenshot-40.png"&gt;&lt;img src="selenium-screenshot-40.png" width="800px"&gt;&lt;/a&gt;</msg>
<status status="PASS" starttime="20260113 14:39:00.948" endtime="20260113 14:39:01.082"/>
</kw>
<status status="PASS" starttime="20260113 14:38:59.090" endtime="20260113 14:39:01.082"/>
</iter>
<iter>
<var name="${link}">&lt;selenium.webdriver.remote.webelement.WebElement (session="e3add5b004eaa13e776b6c5d8d6b3ac9", element="f.38E53E846D7A49F6E80509A383999AEF.d.1574AF34BBBFA33DF82534BC079FE558.e.127")&gt;</var>
<kw name="Get Text" library="SeleniumLibrary">
<var>${link_text}</var>
<arg>${link}</arg>
<doc>Returns the text value of the element identified by ``locator``.</doc>
<msg timestamp="20260113 14:39:01.091" level="INFO">${link_text} = Imp Info</msg>
<status status="PASS" starttime="20260113 14:39:01.082" endtime="20260113 14:39:01.091"/>
</kw>
<kw name="Log" library="BuiltIn">
<arg>Clicking navbar link: ${link_text}</arg>
<doc>Logs the given message with the given level.</doc>
<msg timestamp="20260113 14:39:01.091" level="INFO">Clicking navbar link: Imp Info</msg>
<status status="PASS" starttime="20260113 14:39:01.091" endtime="20260113 14:39:01.091"/>
</kw>
<kw name="Scroll Element Into View" library="SeleniumLibrary">
<arg>${link}</arg>
<doc>Scrolls the element identified by ``locator`` into view.</doc>
<status status="PASS" starttime="20260113 14:39:01.092" endtime="20260113 14:39:01.382"/>
</kw>
<kw name="Sleep" library="BuiltIn">
<arg>0.5s</arg>
<doc>Pauses the test executed for the given time.</doc>
<msg timestamp="20260113 14:39:01.883" level="INFO">Slept 500 milliseconds</msg>
<status status="PASS" starttime="20260113 14:39:01.382" endtime="20260113 14:39:01.883"/>
</kw>
<kw name="Click Element" library="SeleniumLibrary">
<arg>${link}</arg>
<doc>Click the element identified by ``locator``.</doc>
<msg timestamp="20260113 14:39:01.884" level="INFO">Clicking element '&lt;selenium.webdriver.remote.webelement.WebElement (session="e3add5b004eaa13e776b6c5d8d6b3ac9", element="f.38E53E846D7A49F6E80509A383999AEF.d.1574AF34BBBFA33DF82534BC079FE558.e.127")&gt;'.</msg>
<status status="PASS" starttime="20260113 14:39:01.883" endtime="20260113 14:39:01.928"/>
</kw>
<kw name="Sleep" library="BuiltIn">
<arg>1s</arg>
<doc>Pauses the test executed for the given time.</doc>
<msg timestamp="20260113 14:39:02.929" level="INFO">Slept 1 second</msg>
<status status="PASS" starttime="20260113 14:39:01.928" endtime="20260113 14:39:02.929"/>
</kw>
<kw name="Capture Page Screenshot" library="SeleniumLibrary">
<doc>Takes a screenshot of the current page and embeds it into a log file.</doc>
<msg timestamp="20260113 14:39:03.056" level="INFO" html="true">&lt;/td&gt;&lt;/tr&gt;&lt;tr&gt;&lt;td colspan="3"&gt;&lt;a href="selenium-screenshot-41.png"&gt;&lt;img src="selenium-screenshot-41.png" width="800px"&gt;&lt;/a&gt;</msg>
<status status="PASS" starttime="20260113 14:39:02.929" endtime="20260113 14:39:03.056"/>
</kw>
<status status="PASS" starttime="20260113 14:39:01.082" endtime="20260113 14:39:03.056"/>
</iter>
<iter>
<var name="${link}">&lt;selenium.webdriver.remote.webelement.WebElement (session="e3add5b004eaa13e776b6c5d8d6b3ac9", element="f.38E53E846D7A49F6E80509A383999AEF.d.1574AF34BBBFA33DF82534BC079FE558.e.128")&gt;</var>
<kw name="Get Text" library="SeleniumLibrary">
<var>${link_text}</var>
<arg>${link}</arg>
<doc>Returns the text value of the element identified by ``locator``.</doc>
<msg timestamp="20260113 14:39:03.066" level="INFO">${link_text} = FAQS</msg>
<status status="PASS" starttime="20260113 14:39:03.056" endtime="20260113 14:39:03.066"/>
</kw>
<kw name="Log" library="BuiltIn">
<arg>Clicking navbar link: ${link_text}</arg>
<doc>Logs the given message with the given level.</doc>
<msg timestamp="20260113 14:39:03.066" level="INFO">Clicking navbar link: FAQS</msg>
<status status="PASS" starttime="20260113 14:39:03.066" endtime="20260113 14:39:03.066"/>
</kw>
<kw name="Scroll Element Into View" library="SeleniumLibrary">
<arg>${link}</arg>
<doc>Scrolls the element identified by ``locator`` into view.</doc>
<status status="PASS" starttime="20260113 14:39:03.066" endtime="20260113 14:39:03.348"/>
</kw>
<kw name="Sleep" library="BuiltIn">
<arg>0.5s</arg>
<doc>Pauses the test executed for the given time.</doc>
<msg timestamp="20260113 14:39:03.849" level="INFO">Slept 500 milliseconds</msg>
<status status="PASS" starttime="20260113 14:39:03.348" endtime="20260113 14:39:03.849"/>
</kw>
<kw name="Click Element" library="SeleniumLibrary">
<arg>${link}</arg>
<doc>Click the element identified by ``locator``.</doc>
<msg timestamp="20260113 14:39:03.850" level="INFO">Clicking element '&lt;selenium.webdriver.remote.webelement.WebElement (session="e3add5b004eaa13e776b6c5d8d6b3ac9", element="f.38E53E846D7A49F6E80509A383999AEF.d.1574AF34BBBFA33DF82534BC079FE558.e.128")&gt;'.</msg>
<status status="PASS" starttime="20260113 14:39:03.849" endtime="20260113 14:39:03.898"/>
</kw>
<kw name="Sleep" library="BuiltIn">
<arg>1s</arg>
<doc>Pauses the test executed for the given time.</doc>
<msg timestamp="20260113 14:39:04.898" level="INFO">Slept 1 second</msg>
<status status="PASS" starttime="20260113 14:39:03.898" endtime="20260113 14:39:04.899"/>
</kw>
<kw name="Capture Page Screenshot" library="SeleniumLibrary">
<doc>Takes a screenshot of the current page and embeds it into a log file.</doc>
<msg timestamp="20260113 14:39:05.054" level="INFO" html="true">&lt;/td&gt;&lt;/tr&gt;&lt;tr&gt;&lt;td colspan="3"&gt;&lt;a href="selenium-screenshot-42.png"&gt;&lt;img src="selenium-screenshot-42.png" width="800px"&gt;&lt;/a&gt;</msg>
<status status="PASS" starttime="20260113 14:39:04.899" endtime="20260113 14:39:05.054"/>
</kw>
<status status="PASS" starttime="20260113 14:39:03.056" endtime="20260113 14:39:05.054"/>
</iter>
<status status="PASS" starttime="20260113 14:38:47.045" endtime="20260113 14:39:05.054"/>
</for>
<status status="PASS" starttime="20260113 14:38:46.713" endtime="20260113 14:39:05.054"/>
</kw>
<status status="PASS" starttime="20260113 14:38:34.761" endtime="20260113 14:39:05.054"/>
</kw>
<kw name="Close Browser" library="SeleniumLibrary" type="TEARDOWN">
<doc>Closes the current browser.</doc>
<status status="PASS" starttime="20260113 14:39:05.055" endtime="20260113 14:39:07.296"/>
</kw>
<status status="PASS" starttime="20260113 14:38:28.245" endtime="20260113 14:39:07.297"/>
</test>
<status status="PASS" starttime="20260113 14:38:27.784" endtime="20260113 14:39:07.298"/>
</suite>
<statistics>
<total>
<stat pass="1" fail="0" skip="0">All Tests</stat>
</total>
<tag>
</tag>
<suite>
<stat pass="1" fail="0" skip="0" id="s1" name="Treks Tours">Treks Tours</stat>
</suite>
</statistics>
<errors>
</errors>
</robot>
